Copyright 1986-2022 Xilinx, Inc. All Rights Reserved. Copyright 2022-2023 Advanced Micro Devices, Inc. All Rights Reserved.
---------------------------------------------------------------------------------------------------------------------------------------------
| Tool Version : Vivado v.2023.2 (lin64) Build 4029153 Fri Oct 13 20:13:54 MDT 2023
| Date         : Fri Dec 20 09:44:26 2024
| Host         : c01 running 64-bit Ubuntu 22.04.4 LTS
| Command      : report_utilization -slr -file slr_util_routed.rpt -pb slr_util_routed.pb
| Design       : level0_wrapper
| Device       : xcu55c-fsvh2892-2L-e
| Speed File   : -2L
| Design State : Routed
---------------------------------------------------------------------------------------------------------------------------------------------

Utilization Design Information

Table of Contents
-----------------
1. SLR Connectivity
2. SLR Connectivity Matrix
3. SLR CLB Logic and Dedicated Block Utilization
4. SLR IO Utilization

1. SLR Connectivity
-------------------

+----------------------------------+-------+-------+-----------+-------+
|                                  |  Used | Fixed | Available | Util% |
+----------------------------------+-------+-------+-----------+-------+
| SLR2 <-> SLR1                    |  5094 |       |     23040 | 22.11 |
|   SLR1 -> SLR2                   |  2589 |       |           | 11.24 |
|     Using TX_REG only            |     0 |     0 |           |       |
|     Using RX_REG only            |     0 |     0 |           |       |
|     Using Both TX_REG and RX_REG |     0 |     0 |           |       |
|   SLR2 -> SLR1                   |  2505 |       |           | 10.87 |
|     Using TX_REG only            |     0 |     0 |           |       |
|     Using RX_REG only            |     0 |     0 |           |       |
|     Using Both TX_REG and RX_REG |     0 |     0 |           |       |
| SLR1 <-> SLR0                    |  5350 |       |     23040 | 23.22 |
|   SLR0 -> SLR1                   |  2801 |       |           | 12.16 |
|     Using TX_REG only            |     0 |     0 |           |       |
|     Using RX_REG only            |     0 |     0 |           |       |
|     Using Both TX_REG and RX_REG |     0 |     0 |           |       |
|   SLR1 -> SLR0                   |  2549 |       |           | 11.06 |
|     Using TX_REG only            |     0 |     0 |           |       |
|     Using RX_REG only            |     0 |     0 |           |       |
|     Using Both TX_REG and RX_REG |     0 |     0 |           |       |
+----------------------------------+-------+-------+-----------+-------+
| Total SLLs Used                  | 10444 |       |           |       |
+----------------------------------+-------+-------+-----------+-------+


2. SLR Connectivity Matrix
--------------------------

+-----------+------+------+------+
| FROM \ TO | SLR2 | SLR1 | SLR0 |
+-----------+------+------+------+
| SLR2      |    0 | 2405 |  100 |
| SLR1      | 2526 |    0 | 2449 |
| SLR0      |   63 | 2738 |    0 |
+-----------+------+------+------+


3. SLR CLB Logic and Dedicated Block Utilization
------------------------------------------------

+----------------------------+--------+-------+-------+--------+--------+--------+
|          Site Type         |  SLR0  |  SLR1 |  SLR2 | SLR0 % | SLR1 % | SLR2 % |
+----------------------------+--------+-------+-------+--------+--------+--------+
| CLB                        |  31609 | 11801 |  7093 |  57.51 |  21.85 |  13.14 |
|   CLBL                     |  16321 |  6481 |  3698 |  55.74 |  22.13 |  12.63 |
|   CLBM                     |  15288 |  5320 |  3395 |  59.53 |  21.52 |  13.73 |
| CLB LUTs                   | 146551 | 62268 | 25946 |  33.33 |  14.41 |   6.01 |
|   LUT as Logic             | 123590 | 58580 | 24425 |  28.11 |  13.56 |   5.65 |
|     using O5 output only   |   1473 |   920 |   442 |   0.34 |   0.21 |   0.10 |
|     using O6 output only   |  87336 | 43806 | 17323 |  19.86 |  10.14 |   4.01 |
|     using O5 and O6        |  34781 | 13854 |  6660 |   7.91 |   3.21 |   1.54 |
|   LUT as Memory            |  22961 |  3688 |  1521 |  11.18 |   1.86 |   0.77 |
|     LUT as Distributed RAM |  17332 |  3532 |   820 |   8.44 |   1.79 |   0.41 |
|       using O5 output only |      0 |     0 |     0 |   0.00 |   0.00 |   0.00 |
|       using O6 output only |    252 |   386 |     0 |   0.12 |   0.20 |   0.00 |
|       using O5 and O6      |  17080 |  3146 |   820 |   8.31 |   1.59 |   0.41 |
|     LUT as Shift Register  |   5629 |   156 |   701 |   2.74 |   0.08 |   0.35 |
|       using O5 output only |      0 |     0 |     0 |   0.00 |   0.00 |   0.00 |
|       using O6 output only |   2100 |   100 |   667 |   1.02 |   0.05 |   0.34 |
|       using O5 and O6      |   3529 |    56 |    34 |   1.72 |   0.03 |   0.02 |
| CLB Registers              | 178836 | 73145 | 35919 |  20.34 |   8.47 |   4.16 |
| CARRY8                     |   2992 |   659 |   108 |   5.44 |   1.22 |   0.20 |
| F7 Muxes                   |   2675 |  1493 |   437 |   1.22 |   0.69 |   0.20 |
| F8 Muxes                   |    216 |   272 |     0 |   0.20 |   0.25 |   0.00 |
| F9 Muxes                   |      0 |     0 |     0 |   0.00 |   0.00 |   0.00 |
| Block RAM Tile             |  393.5 |    90 |    50 |  58.56 |  13.39 |   7.44 |
|   RAMB36/FIFO              |    386 |    90 |    50 |  57.44 |  13.39 |   7.44 |
|   RAMB18                   |     15 |     0 |     0 |   1.12 |   0.00 |   0.00 |
| URAM                       |      0 |     0 |     0 |   0.00 |   0.00 |   0.00 |
| DSPs                       |   1077 |     0 |     4 |  37.40 |   0.00 |   0.13 |
| Unique Control Sets        |   3603 |  3409 |  1136 |   3.28 |   3.16 |   1.05 |
+----------------------------+--------+-------+-------+--------+--------+--------+
* Note: Available Control Sets based on CLB Registers / 8


4. SLR IO Utilization
---------------------

+-----------+-----------+---------+------------+----------+------------+----------+-----+
| SLR Index | Used IOBs | (%)IOBs | Used IPADs | (%)IPADs | Used OPADs | (%)OPADs | GTs |
+-----------+-----------+---------+------------+----------+------------+----------+-----+
| SLR2      |         0 |    0.00 |          0 |     0.00 |          0 |     0.00 |   0 |
| SLR1      |         0 |    0.00 |          0 |     0.00 |          0 |     0.00 |   0 |
| SLR0      |        12 |    5.77 |          0 |     0.00 |          0 |     0.00 |  16 |
+-----------+-----------+---------+------------+----------+------------+----------+-----+
| Total     |        12 |         |          0 |          |          0 |          |  16 |
+-----------+-----------+---------+------------+----------+------------+----------+-----+


