

================================================================
== Vitis HLS Report for 'read_tmp_FT1_1_Pipeline_VITIS_LOOP_876_1_VITIS_LOOP_878_2_VITIS_LOOP_880_3'
================================================================
* Date:           Wed Dec 18 11:38:09 2024

* Version:        2023.2 (Build 4023990 on Oct 11 2023)
* Project:        kernel_nlp_slr0
* Solution:       solution (Vitis Kernel Flow Target)
* Product family: virtexuplusHBM
* Target device:  xcu55c-fsvh2892-2L-e


================================================================
== Performance Estimates
================================================================
+ Timing: 
    * Summary: 
    +--------+---------+----------+------------+
    |  Clock |  Target | Estimated| Uncertainty|
    +--------+---------+----------+------------+
    |ap_clk  |  4.55 ns|  3.201 ns|     1.23 ns|
    +--------+---------+----------+------------+

+ Latency: 
    * Summary: 
    +---------+---------+----------+----------+-----+-----+---------+
    |  Latency (cycles) |  Latency (absolute) |  Interval | Pipeline|
    |   min   |   max   |    min   |    max   | min | max |   Type  |
    +---------+---------+----------+----------+-----+-----+---------+
    |       98|       98|  0.445 us|  0.445 us|   98|   98|       no|
    +---------+---------+----------+----------+-----+-----+---------+

    + Detail: 
        * Instance: 
        N/A

        * Loop: 
        +------------------------------------------------------+---------+---------+----------+-----------+-----------+------+----------+
        |                                                      |  Latency (cycles) | Iteration|  Initiation Interval  | Trip |          |
        |                       Loop Name                      |   min   |   max   |  Latency |  achieved |   target  | Count| Pipelined|
        +------------------------------------------------------+---------+---------+----------+-----------+-----------+------+----------+
        |- VITIS_LOOP_876_1_VITIS_LOOP_878_2_VITIS_LOOP_880_3  |       96|       96|         3|          2|          1|    48|       yes|
        +------------------------------------------------------+---------+---------+----------+-----------+-----------+------+----------+



================================================================
== Utilization Estimates
================================================================
* Summary: 
+---------------------+---------+------+---------+---------+-----+
|         Name        | BRAM_18K|  DSP |    FF   |   LUT   | URAM|
+---------------------+---------+------+---------+---------+-----+
|DSP                  |        -|     -|        -|        -|    -|
|Expression           |        -|     -|        0|      165|    -|
|FIFO                 |        -|     -|        -|        -|    -|
|Instance             |        -|     -|        -|        -|    -|
|Memory               |        -|     -|        -|        -|    -|
|Multiplexer          |        -|     -|        -|     1027|    -|
|Register             |        -|     -|      304|        -|    -|
+---------------------+---------+------+---------+---------+-----+
|Total                |        0|     0|      304|     1192|    0|
+---------------------+---------+------+---------+---------+-----+
|Available SLR        |     1344|  3008|   869120|   434560|  320|
+---------------------+---------+------+---------+---------+-----+
|Utilization SLR (%)  |        0|     0|       ~0|       ~0|    0|
+---------------------+---------+------+---------+---------+-----+
|Available            |     4032|  9024|  2607360|  1303680|  960|
+---------------------+---------+------+---------+---------+-----+
|Utilization (%)      |        0|     0|       ~0|       ~0|    0|
+---------------------+---------+------+---------+---------+-----+

+ Detail: 
    * Instance: 
    N/A

    * DSP: 
    N/A

    * Memory: 
    N/A

    * FIFO: 
    N/A

    * Expression: 
    +----------------------------------+----------+----+---+----+------------+------------+
    |           Variable Name          | Operation| DSP| FF| LUT| Bitwidth P0| Bitwidth P1|
    +----------------------------------+----------+----+---+----+------------+------------+
    |add_ln876_1_fu_883_p2             |         +|   0|  0|  13|           6|           1|
    |add_ln876_fu_936_p2               |         +|   0|  0|  10|           3|           1|
    |add_ln878_1_fu_906_p2             |         +|   0|  0|  12|           5|           1|
    |add_ln878_fu_975_p2               |         +|   0|  0|  10|           3|           1|
    |add_ln880_fu_1428_p2              |         +|   0|  0|  13|           6|           5|
    |add_ln883_fu_1015_p2              |         +|   0|  0|  15|           8|           8|
    |add_ln884_fu_1035_p2              |         +|   0|  0|  13|           6|           6|
    |ap_block_pp0_stage1_11001         |       and|   0|  0|   2|           1|           1|
    |ap_block_state2_pp0_stage1_iter0  |       and|   0|  0|   2|           1|           1|
    |icmp_ln876_fu_877_p2              |      icmp|   0|  0|  13|           6|           6|
    |icmp_ln878_fu_892_p2              |      icmp|   0|  0|  12|           5|           4|
    |or_ln876_fu_963_p2                |        or|   0|  0|   2|           1|           1|
    |or_ln894_fu_1293_p2               |        or|   0|  0|   6|           6|           1|
    |or_ln902_fu_1378_p2               |        or|   0|  0|   6|           6|           2|
    |or_ln910_fu_1403_p2               |        or|   0|  0|   6|           6|           2|
    |select_ln876_1_fu_942_p3          |    select|   0|  0|   6|           1|           1|
    |select_ln876_2_fu_968_p3          |    select|   0|  0|   3|           1|           3|
    |select_ln876_fu_898_p3            |    select|   0|  0|   3|           1|           1|
    |select_ln878_1_fu_988_p3          |    select|   0|  0|   3|           1|           3|
    |select_ln878_2_fu_912_p3          |    select|   0|  0|   5|           1|           1|
    |select_ln878_fu_980_p3            |    select|   0|  0|   6|           1|           6|
    |ap_enable_pp0                     |       xor|   0|  0|   2|           1|           2|
    |xor_ln880_fu_957_p2               |       xor|   0|  0|   2|           1|           2|
    +----------------------------------+----------+----+---+----+------------+------------+
    |Total                             |          |   0|  0| 165|          77|          60|
    +----------------------------------+----------+----+---+----+------------+------------+

    * Multiplexer: 
    +----------------------------------------+----+-----------+-----+-----------+
    |                  Name                  | LUT| Input Size| Bits| Total Bits|
    +----------------------------------------+----+-----------+-----+-----------+
    |ap_NS_fsm                               |  14|          3|    1|          3|
    |ap_done_int                             |   9|          2|    1|          2|
    |ap_enable_reg_pp0_iter0                 |   9|          2|    1|          2|
    |ap_enable_reg_pp0_iter0_reg             |   9|          2|    1|          2|
    |ap_enable_reg_pp0_iter1                 |   9|          2|    1|          2|
    |ap_sig_allocacmp_d0_1_load              |   9|          2|    3|          6|
    |ap_sig_allocacmp_indvar_flatten12_load  |   9|          2|    6|         12|
    |ap_sig_allocacmp_indvar_flatten_load    |   9|          2|    5|         10|
    |d0_1_fu_168                             |   9|          2|    3|          6|
    |d1_0_fu_176                             |   9|          2|    3|          6|
    |d1_1_fu_164                             |   9|          2|    6|         12|
    |fifo_tmp_from_task1_to_task3_blk_n      |   9|          2|    1|          2|
    |indvar_flatten12_fu_180                 |   9|          2|    6|         12|
    |indvar_flatten_fu_172                   |   9|          2|    5|         10|
    |tmp_0_0_address0                        |  14|          3|   12|         36|
    |tmp_0_0_address1                        |  14|          3|   12|         36|
    |tmp_0_0_d0                              |  14|          3|   32|         96|
    |tmp_0_0_d1                              |  14|          3|   32|         96|
    |tmp_0_1_address0                        |  14|          3|   12|         36|
    |tmp_0_1_address1                        |  14|          3|   12|         36|
    |tmp_0_1_d0                              |  14|          3|   32|         96|
    |tmp_0_1_d1                              |  14|          3|   32|         96|
    |tmp_0_2_address0                        |  14|          3|   12|         36|
    |tmp_0_2_address1                        |  14|          3|   12|         36|
    |tmp_0_2_d0                              |  14|          3|   32|         96|
    |tmp_0_2_d1                              |  14|          3|   32|         96|
    |tmp_0_3_address0                        |  14|          3|   12|         36|
    |tmp_0_3_address1                        |  14|          3|   12|         36|
    |tmp_0_3_d0                              |  14|          3|   32|         96|
    |tmp_0_3_d1                              |  14|          3|   32|         96|
    |tmp_1_0_address0                        |  14|          3|   12|         36|
    |tmp_1_0_address1                        |  14|          3|   12|         36|
    |tmp_1_0_d0                              |  14|          3|   32|         96|
    |tmp_1_0_d1                              |  14|          3|   32|         96|
    |tmp_1_1_address0                        |  14|          3|   12|         36|
    |tmp_1_1_address1                        |  14|          3|   12|         36|
    |tmp_1_1_d0                              |  14|          3|   32|         96|
    |tmp_1_1_d1                              |  14|          3|   32|         96|
    |tmp_1_2_address0                        |  14|          3|   12|         36|
    |tmp_1_2_address1                        |  14|          3|   12|         36|
    |tmp_1_2_d0                              |  14|          3|   32|         96|
    |tmp_1_2_d1                              |  14|          3|   32|         96|
    |tmp_1_3_address0                        |  14|          3|   12|         36|
    |tmp_1_3_address1                        |  14|          3|   12|         36|
    |tmp_1_3_d0                              |  14|          3|   32|         96|
    |tmp_1_3_d1                              |  14|          3|   32|         96|
    |tmp_2_0_address0                        |  14|          3|   12|         36|
    |tmp_2_0_address1                        |  14|          3|   12|         36|
    |tmp_2_0_d0                              |  14|          3|   32|         96|
    |tmp_2_0_d1                              |  14|          3|   32|         96|
    |tmp_2_1_address0                        |  14|          3|   12|         36|
    |tmp_2_1_address1                        |  14|          3|   12|         36|
    |tmp_2_1_d0                              |  14|          3|   32|         96|
    |tmp_2_1_d1                              |  14|          3|   32|         96|
    |tmp_2_2_address0                        |  14|          3|   12|         36|
    |tmp_2_2_address1                        |  14|          3|   12|         36|
    |tmp_2_2_d0                              |  14|          3|   32|         96|
    |tmp_2_2_d1                              |  14|          3|   32|         96|
    |tmp_2_3_address0                        |  14|          3|   12|         36|
    |tmp_2_3_address1                        |  14|          3|   12|         36|
    |tmp_2_3_d0                              |  14|          3|   32|         96|
    |tmp_2_3_d1                              |  14|          3|   32|         96|
    |tmp_3_0_address0                        |  14|          3|   12|         36|
    |tmp_3_0_address1                        |  14|          3|   12|         36|
    |tmp_3_0_d0                              |  14|          3|   32|         96|
    |tmp_3_0_d1                              |  14|          3|   32|         96|
    |tmp_3_1_address0                        |  14|          3|   12|         36|
    |tmp_3_1_address1                        |  14|          3|   12|         36|
    |tmp_3_1_d0                              |  14|          3|   32|         96|
    |tmp_3_1_d1                              |  14|          3|   32|         96|
    |tmp_3_2_address0                        |  14|          3|   12|         36|
    |tmp_3_2_address1                        |  14|          3|   12|         36|
    |tmp_3_2_d0                              |  14|          3|   32|         96|
    |tmp_3_2_d1                              |  14|          3|   32|         96|
    |tmp_3_3_address0                        |  14|          3|   12|         36|
    |tmp_3_3_address1                        |  14|          3|   12|         36|
    |tmp_3_3_d0                              |  14|          3|   32|         96|
    |tmp_3_3_d1                              |  14|          3|   32|         96|
    +----------------------------------------+----+-----------+-----+-----------+
    |Total                                   |1027|        221| 1451|       4311|
    +----------------------------------------+----+-----------+-----+-----------+

    * Register: 
    +-----------------------------+----+----+-----+-----------+
    |             Name            | FF | LUT| Bits| Const Bits|
    +-----------------------------+----+----+-----+-----------+
    |ap_CS_fsm                    |   2|   0|    2|          0|
    |ap_done_reg                  |   1|   0|    1|          0|
    |ap_enable_reg_pp0_iter0_reg  |   1|   0|    1|          0|
    |ap_enable_reg_pp0_iter1      |   1|   0|    1|          0|
    |bitcast_ln884_8_reg_1534     |  32|   0|   32|          0|
    |d0_1_fu_168                  |   3|   0|    3|          0|
    |d1_0_fu_176                  |   3|   0|    3|          0|
    |d1_1_fu_164                  |   6|   0|    6|          0|
    |icmp_ln876_reg_1473          |   1|   0|    1|          0|
    |icmp_ln878_reg_1477          |   1|   0|    1|          0|
    |indvar_flatten12_fu_180      |   6|   0|    6|          0|
    |indvar_flatten_fu_172        |   5|   0|    5|          0|
    |select_ln876_reg_1484        |   3|   0|    3|          0|
    |select_ln878_1_reg_1495      |   3|   0|    3|          0|
    |select_ln878_reg_1490        |   6|   0|    6|          0|
    |trunc_ln6_reg_1542           |   6|   0|    6|          0|
    |trunc_ln884_10_reg_1509      |  32|   0|   32|          0|
    |trunc_ln884_11_reg_1514      |  32|   0|   32|          0|
    |trunc_ln884_12_reg_1519      |  32|   0|   32|          0|
    |trunc_ln884_13_reg_1524      |  32|   0|   32|          0|
    |trunc_ln884_14_reg_1529      |  32|   0|   32|          0|
    |trunc_ln884_9_reg_1499       |  32|   0|   32|          0|
    |trunc_ln884_s_reg_1504       |  32|   0|   32|          0|
    +-----------------------------+----+----+-----+-----------+
    |Total                        | 304|   0|  304|          0|
    +-----------------------------+----+----+-----+-----------+



================================================================
== Interface
================================================================
* Summary: 
+---------------------------------------------+-----+-----+------------+----------------------------------------------------------------------------+--------------+
|                  RTL Ports                  | Dir | Bits|  Protocol  |                                Source Object                               |    C Type    |
+---------------------------------------------+-----+-----+------------+----------------------------------------------------------------------------+--------------+
|ap_clk                                       |   in|    1|  ap_ctrl_hs|  read_tmp_FT1.1_Pipeline_VITIS_LOOP_876_1_VITIS_LOOP_878_2_VITIS_LOOP_880_3|  return value|
|ap_rst                                       |   in|    1|  ap_ctrl_hs|  read_tmp_FT1.1_Pipeline_VITIS_LOOP_876_1_VITIS_LOOP_878_2_VITIS_LOOP_880_3|  return value|
|ap_start                                     |   in|    1|  ap_ctrl_hs|  read_tmp_FT1.1_Pipeline_VITIS_LOOP_876_1_VITIS_LOOP_878_2_VITIS_LOOP_880_3|  return value|
|ap_done                                      |  out|    1|  ap_ctrl_hs|  read_tmp_FT1.1_Pipeline_VITIS_LOOP_876_1_VITIS_LOOP_878_2_VITIS_LOOP_880_3|  return value|
|ap_idle                                      |  out|    1|  ap_ctrl_hs|  read_tmp_FT1.1_Pipeline_VITIS_LOOP_876_1_VITIS_LOOP_878_2_VITIS_LOOP_880_3|  return value|
|ap_ready                                     |  out|    1|  ap_ctrl_hs|  read_tmp_FT1.1_Pipeline_VITIS_LOOP_876_1_VITIS_LOOP_878_2_VITIS_LOOP_880_3|  return value|
|fifo_tmp_from_task1_to_task3_dout            |   in|  512|     ap_fifo|                                                fifo_tmp_from_task1_to_task3|       pointer|
|fifo_tmp_from_task1_to_task3_num_data_valid  |   in|   11|     ap_fifo|                                                fifo_tmp_from_task1_to_task3|       pointer|
|fifo_tmp_from_task1_to_task3_fifo_cap        |   in|   11|     ap_fifo|                                                fifo_tmp_from_task1_to_task3|       pointer|
|fifo_tmp_from_task1_to_task3_empty_n         |   in|    1|     ap_fifo|                                                fifo_tmp_from_task1_to_task3|       pointer|
|fifo_tmp_from_task1_to_task3_read            |  out|    1|     ap_fifo|                                                fifo_tmp_from_task1_to_task3|       pointer|
|tmp_3_3_address0                             |  out|   12|   ap_memory|                                                                     tmp_3_3|         array|
|tmp_3_3_ce0                                  |  out|    1|   ap_memory|                                                                     tmp_3_3|         array|
|tmp_3_3_we0                                  |  out|    1|   ap_memory|                                                                     tmp_3_3|         array|
|tmp_3_3_d0                                   |  out|   32|   ap_memory|                                                                     tmp_3_3|         array|
|tmp_3_3_address1                             |  out|   12|   ap_memory|                                                                     tmp_3_3|         array|
|tmp_3_3_ce1                                  |  out|    1|   ap_memory|                                                                     tmp_3_3|         array|
|tmp_3_3_we1                                  |  out|    1|   ap_memory|                                                                     tmp_3_3|         array|
|tmp_3_3_d1                                   |  out|   32|   ap_memory|                                                                     tmp_3_3|         array|
|tmp_3_2_address0                             |  out|   12|   ap_memory|                                                                     tmp_3_2|         array|
|tmp_3_2_ce0                                  |  out|    1|   ap_memory|                                                                     tmp_3_2|         array|
|tmp_3_2_we0                                  |  out|    1|   ap_memory|                                                                     tmp_3_2|         array|
|tmp_3_2_d0                                   |  out|   32|   ap_memory|                                                                     tmp_3_2|         array|
|tmp_3_2_address1                             |  out|   12|   ap_memory|                                                                     tmp_3_2|         array|
|tmp_3_2_ce1                                  |  out|    1|   ap_memory|                                                                     tmp_3_2|         array|
|tmp_3_2_we1                                  |  out|    1|   ap_memory|                                                                     tmp_3_2|         array|
|tmp_3_2_d1                                   |  out|   32|   ap_memory|                                                                     tmp_3_2|         array|
|tmp_3_1_address0                             |  out|   12|   ap_memory|                                                                     tmp_3_1|         array|
|tmp_3_1_ce0                                  |  out|    1|   ap_memory|                                                                     tmp_3_1|         array|
|tmp_3_1_we0                                  |  out|    1|   ap_memory|                                                                     tmp_3_1|         array|
|tmp_3_1_d0                                   |  out|   32|   ap_memory|                                                                     tmp_3_1|         array|
|tmp_3_1_address1                             |  out|   12|   ap_memory|                                                                     tmp_3_1|         array|
|tmp_3_1_ce1                                  |  out|    1|   ap_memory|                                                                     tmp_3_1|         array|
|tmp_3_1_we1                                  |  out|    1|   ap_memory|                                                                     tmp_3_1|         array|
|tmp_3_1_d1                                   |  out|   32|   ap_memory|                                                                     tmp_3_1|         array|
|tmp_3_0_address0                             |  out|   12|   ap_memory|                                                                     tmp_3_0|         array|
|tmp_3_0_ce0                                  |  out|    1|   ap_memory|                                                                     tmp_3_0|         array|
|tmp_3_0_we0                                  |  out|    1|   ap_memory|                                                                     tmp_3_0|         array|
|tmp_3_0_d0                                   |  out|   32|   ap_memory|                                                                     tmp_3_0|         array|
|tmp_3_0_address1                             |  out|   12|   ap_memory|                                                                     tmp_3_0|         array|
|tmp_3_0_ce1                                  |  out|    1|   ap_memory|                                                                     tmp_3_0|         array|
|tmp_3_0_we1                                  |  out|    1|   ap_memory|                                                                     tmp_3_0|         array|
|tmp_3_0_d1                                   |  out|   32|   ap_memory|                                                                     tmp_3_0|         array|
|tmp_2_3_address0                             |  out|   12|   ap_memory|                                                                     tmp_2_3|         array|
|tmp_2_3_ce0                                  |  out|    1|   ap_memory|                                                                     tmp_2_3|         array|
|tmp_2_3_we0                                  |  out|    1|   ap_memory|                                                                     tmp_2_3|         array|
|tmp_2_3_d0                                   |  out|   32|   ap_memory|                                                                     tmp_2_3|         array|
|tmp_2_3_address1                             |  out|   12|   ap_memory|                                                                     tmp_2_3|         array|
|tmp_2_3_ce1                                  |  out|    1|   ap_memory|                                                                     tmp_2_3|         array|
|tmp_2_3_we1                                  |  out|    1|   ap_memory|                                                                     tmp_2_3|         array|
|tmp_2_3_d1                                   |  out|   32|   ap_memory|                                                                     tmp_2_3|         array|
|tmp_2_2_address0                             |  out|   12|   ap_memory|                                                                     tmp_2_2|         array|
|tmp_2_2_ce0                                  |  out|    1|   ap_memory|                                                                     tmp_2_2|         array|
|tmp_2_2_we0                                  |  out|    1|   ap_memory|                                                                     tmp_2_2|         array|
|tmp_2_2_d0                                   |  out|   32|   ap_memory|                                                                     tmp_2_2|         array|
|tmp_2_2_address1                             |  out|   12|   ap_memory|                                                                     tmp_2_2|         array|
|tmp_2_2_ce1                                  |  out|    1|   ap_memory|                                                                     tmp_2_2|         array|
|tmp_2_2_we1                                  |  out|    1|   ap_memory|                                                                     tmp_2_2|         array|
|tmp_2_2_d1                                   |  out|   32|   ap_memory|                                                                     tmp_2_2|         array|
|tmp_2_1_address0                             |  out|   12|   ap_memory|                                                                     tmp_2_1|         array|
|tmp_2_1_ce0                                  |  out|    1|   ap_memory|                                                                     tmp_2_1|         array|
|tmp_2_1_we0                                  |  out|    1|   ap_memory|                                                                     tmp_2_1|         array|
|tmp_2_1_d0                                   |  out|   32|   ap_memory|                                                                     tmp_2_1|         array|
|tmp_2_1_address1                             |  out|   12|   ap_memory|                                                                     tmp_2_1|         array|
|tmp_2_1_ce1                                  |  out|    1|   ap_memory|                                                                     tmp_2_1|         array|
|tmp_2_1_we1                                  |  out|    1|   ap_memory|                                                                     tmp_2_1|         array|
|tmp_2_1_d1                                   |  out|   32|   ap_memory|                                                                     tmp_2_1|         array|
|tmp_2_0_address0                             |  out|   12|   ap_memory|                                                                     tmp_2_0|         array|
|tmp_2_0_ce0                                  |  out|    1|   ap_memory|                                                                     tmp_2_0|         array|
|tmp_2_0_we0                                  |  out|    1|   ap_memory|                                                                     tmp_2_0|         array|
|tmp_2_0_d0                                   |  out|   32|   ap_memory|                                                                     tmp_2_0|         array|
|tmp_2_0_address1                             |  out|   12|   ap_memory|                                                                     tmp_2_0|         array|
|tmp_2_0_ce1                                  |  out|    1|   ap_memory|                                                                     tmp_2_0|         array|
|tmp_2_0_we1                                  |  out|    1|   ap_memory|                                                                     tmp_2_0|         array|
|tmp_2_0_d1                                   |  out|   32|   ap_memory|                                                                     tmp_2_0|         array|
|tmp_1_3_address0                             |  out|   12|   ap_memory|                                                                     tmp_1_3|         array|
|tmp_1_3_ce0                                  |  out|    1|   ap_memory|                                                                     tmp_1_3|         array|
|tmp_1_3_we0                                  |  out|    1|   ap_memory|                                                                     tmp_1_3|         array|
|tmp_1_3_d0                                   |  out|   32|   ap_memory|                                                                     tmp_1_3|         array|
|tmp_1_3_address1                             |  out|   12|   ap_memory|                                                                     tmp_1_3|         array|
|tmp_1_3_ce1                                  |  out|    1|   ap_memory|                                                                     tmp_1_3|         array|
|tmp_1_3_we1                                  |  out|    1|   ap_memory|                                                                     tmp_1_3|         array|
|tmp_1_3_d1                                   |  out|   32|   ap_memory|                                                                     tmp_1_3|         array|
|tmp_1_2_address0                             |  out|   12|   ap_memory|                                                                     tmp_1_2|         array|
|tmp_1_2_ce0                                  |  out|    1|   ap_memory|                                                                     tmp_1_2|         array|
|tmp_1_2_we0                                  |  out|    1|   ap_memory|                                                                     tmp_1_2|         array|
|tmp_1_2_d0                                   |  out|   32|   ap_memory|                                                                     tmp_1_2|         array|
|tmp_1_2_address1                             |  out|   12|   ap_memory|                                                                     tmp_1_2|         array|
|tmp_1_2_ce1                                  |  out|    1|   ap_memory|                                                                     tmp_1_2|         array|
|tmp_1_2_we1                                  |  out|    1|   ap_memory|                                                                     tmp_1_2|         array|
|tmp_1_2_d1                                   |  out|   32|   ap_memory|                                                                     tmp_1_2|         array|
|tmp_1_1_address0                             |  out|   12|   ap_memory|                                                                     tmp_1_1|         array|
|tmp_1_1_ce0                                  |  out|    1|   ap_memory|                                                                     tmp_1_1|         array|
|tmp_1_1_we0                                  |  out|    1|   ap_memory|                                                                     tmp_1_1|         array|
|tmp_1_1_d0                                   |  out|   32|   ap_memory|                                                                     tmp_1_1|         array|
|tmp_1_1_address1                             |  out|   12|   ap_memory|                                                                     tmp_1_1|         array|
|tmp_1_1_ce1                                  |  out|    1|   ap_memory|                                                                     tmp_1_1|         array|
|tmp_1_1_we1                                  |  out|    1|   ap_memory|                                                                     tmp_1_1|         array|
|tmp_1_1_d1                                   |  out|   32|   ap_memory|                                                                     tmp_1_1|         array|
|tmp_1_0_address0                             |  out|   12|   ap_memory|                                                                     tmp_1_0|         array|
|tmp_1_0_ce0                                  |  out|    1|   ap_memory|                                                                     tmp_1_0|         array|
|tmp_1_0_we0                                  |  out|    1|   ap_memory|                                                                     tmp_1_0|         array|
|tmp_1_0_d0                                   |  out|   32|   ap_memory|                                                                     tmp_1_0|         array|
|tmp_1_0_address1                             |  out|   12|   ap_memory|                                                                     tmp_1_0|         array|
|tmp_1_0_ce1                                  |  out|    1|   ap_memory|                                                                     tmp_1_0|         array|
|tmp_1_0_we1                                  |  out|    1|   ap_memory|                                                                     tmp_1_0|         array|
|tmp_1_0_d1                                   |  out|   32|   ap_memory|                                                                     tmp_1_0|         array|
|tmp_0_3_address0                             |  out|   12|   ap_memory|                                                                     tmp_0_3|         array|
|tmp_0_3_ce0                                  |  out|    1|   ap_memory|                                                                     tmp_0_3|         array|
|tmp_0_3_we0                                  |  out|    1|   ap_memory|                                                                     tmp_0_3|         array|
|tmp_0_3_d0                                   |  out|   32|   ap_memory|                                                                     tmp_0_3|         array|
|tmp_0_3_address1                             |  out|   12|   ap_memory|                                                                     tmp_0_3|         array|
|tmp_0_3_ce1                                  |  out|    1|   ap_memory|                                                                     tmp_0_3|         array|
|tmp_0_3_we1                                  |  out|    1|   ap_memory|                                                                     tmp_0_3|         array|
|tmp_0_3_d1                                   |  out|   32|   ap_memory|                                                                     tmp_0_3|         array|
|tmp_0_2_address0                             |  out|   12|   ap_memory|                                                                     tmp_0_2|         array|
|tmp_0_2_ce0                                  |  out|    1|   ap_memory|                                                                     tmp_0_2|         array|
|tmp_0_2_we0                                  |  out|    1|   ap_memory|                                                                     tmp_0_2|         array|
|tmp_0_2_d0                                   |  out|   32|   ap_memory|                                                                     tmp_0_2|         array|
|tmp_0_2_address1                             |  out|   12|   ap_memory|                                                                     tmp_0_2|         array|
|tmp_0_2_ce1                                  |  out|    1|   ap_memory|                                                                     tmp_0_2|         array|
|tmp_0_2_we1                                  |  out|    1|   ap_memory|                                                                     tmp_0_2|         array|
|tmp_0_2_d1                                   |  out|   32|   ap_memory|                                                                     tmp_0_2|         array|
|tmp_0_1_address0                             |  out|   12|   ap_memory|                                                                     tmp_0_1|         array|
|tmp_0_1_ce0                                  |  out|    1|   ap_memory|                                                                     tmp_0_1|         array|
|tmp_0_1_we0                                  |  out|    1|   ap_memory|                                                                     tmp_0_1|         array|
|tmp_0_1_d0                                   |  out|   32|   ap_memory|                                                                     tmp_0_1|         array|
|tmp_0_1_address1                             |  out|   12|   ap_memory|                                                                     tmp_0_1|         array|
|tmp_0_1_ce1                                  |  out|    1|   ap_memory|                                                                     tmp_0_1|         array|
|tmp_0_1_we1                                  |  out|    1|   ap_memory|                                                                     tmp_0_1|         array|
|tmp_0_1_d1                                   |  out|   32|   ap_memory|                                                                     tmp_0_1|         array|
|tmp_0_0_address0                             |  out|   12|   ap_memory|                                                                     tmp_0_0|         array|
|tmp_0_0_ce0                                  |  out|    1|   ap_memory|                                                                     tmp_0_0|         array|
|tmp_0_0_we0                                  |  out|    1|   ap_memory|                                                                     tmp_0_0|         array|
|tmp_0_0_d0                                   |  out|   32|   ap_memory|                                                                     tmp_0_0|         array|
|tmp_0_0_address1                             |  out|   12|   ap_memory|                                                                     tmp_0_0|         array|
|tmp_0_0_ce1                                  |  out|    1|   ap_memory|                                                                     tmp_0_0|         array|
|tmp_0_0_we1                                  |  out|    1|   ap_memory|                                                                     tmp_0_0|         array|
|tmp_0_0_d1                                   |  out|   32|   ap_memory|                                                                     tmp_0_0|         array|
+---------------------------------------------+-----+-----+------------+----------------------------------------------------------------------------+--------------+

