

================================================================
== Vitis HLS Report for 'task3_intra'
================================================================
* Date:           Wed Dec 18 11:38:12 2024

* Version:        2023.2 (Build 4023990 on Oct 11 2023)
* Project:        kernel_nlp_slr0
* Solution:       solution (Vitis Kernel Flow Target)
* Product family: virtexuplusHBM
* Target device:  xcu55c-fsvh2892-2L-e


================================================================
== Performance Estimates
================================================================
+ Timing: 
    * Summary: 
    +--------+---------+----------+------------+
    |  Clock |  Target | Estimated| Uncertainty|
    +--------+---------+----------+------------+
    |ap_clk  |  4.55 ns|  3.165 ns|     1.23 ns|
    +--------+---------+----------+------------+

+ Latency: 
    * Summary: 
    +---------+---------+----------+----------+-----+-----+---------+
    |  Latency (cycles) |  Latency (absolute) |  Interval | Pipeline|
    |   min   |   max   |    min   |    max   | min | max |   Type  |
    +---------+---------+----------+----------+-----+-----+---------+
    |      168|      168|  0.764 us|  0.764 us|  168|  168|       no|
    +---------+---------+----------+----------+-----+-----+---------+

    + Detail: 
        * Instance: 
        +---------------------------------------------------+---------------------------------------+---------+---------+----------+----------+-----+-----+---------+
        |                                                   |                                       |  Latency (cycles) |  Latency (absolute) |  Interval | Pipeline|
        |                      Instance                     |                 Module                |   min   |   max   |    min   |    max   | min | max |   Type  |
        +---------------------------------------------------+---------------------------------------+---------+---------+----------+----------+-----+-----+---------+
        |grp_task3_intra_Pipeline_VITIS_LOOP_509_1_fu_3002  |task3_intra_Pipeline_VITIS_LOOP_509_1  |      165|      165|  0.750 us|  0.750 us|  165|  165|       no|
        +---------------------------------------------------+---------------------------------------+---------+---------+----------+----------+-----+-----+---------+

        * Loop: 
        N/A



================================================================
== Utilization Estimates
================================================================
* Summary: 
+---------------------+---------+------+---------+---------+-----+
|         Name        | BRAM_18K|  DSP |    FF   |   LUT   | URAM|
+---------------------+---------+------+---------+---------+-----+
|DSP                  |        -|     -|        -|        -|    -|
|Expression           |        -|     -|        0|       21|    -|
|FIFO                 |        -|     -|        -|        -|    -|
|Instance             |        -|   769|    94108|    72199|    -|
|Memory               |        -|     -|        -|        -|    -|
|Multiplexer          |        -|     -|        -|     1187|    -|
|Register             |        -|     -|     4110|        -|    -|
+---------------------+---------+------+---------+---------+-----+
|Total                |        0|   769|    98218|    73407|    0|
+---------------------+---------+------+---------+---------+-----+
|Available SLR        |     1344|  3008|   869120|   434560|  320|
+---------------------+---------+------+---------+---------+-----+
|Utilization SLR (%)  |        0|    25|       11|       16|    0|
+---------------------+---------+------+---------+---------+-----+
|Available            |     4032|  9024|  2607360|  1303680|  960|
+---------------------+---------+------+---------+---------+-----+
|Utilization (%)      |        0|     8|        3|        5|    0|
+---------------------+---------+------+---------+---------+-----+

+ Detail: 
    * Instance: 
    +---------------------------------------------------+---------------------------------------+---------+-----+-------+-------+-----+
    |                      Instance                     |                 Module                | BRAM_18K| DSP |   FF  |  LUT  | URAM|
    +---------------------------------------------------+---------------------------------------+---------+-----+-------+-------+-----+
    |grp_task3_intra_Pipeline_VITIS_LOOP_509_1_fu_3002  |task3_intra_Pipeline_VITIS_LOOP_509_1  |        0|  769|  94108|  72199|    0|
    +---------------------------------------------------+---------------------------------------+---------+-----+-------+-------+-----+
    |Total                                              |                                       |        0|  769|  94108|  72199|    0|
    +---------------------------------------------------+---------------------------------------+---------+-----+-------+-------+-----+

    * DSP: 
    N/A

    * Memory: 
    N/A

    * FIFO: 
    N/A

    * Expression: 
    +----------------------+----------+----+---+----+------------+------------+
    |     Variable Name    | Operation| DSP| FF| LUT| Bitwidth P0| Bitwidth P1|
    +----------------------+----------+----+---+----+------------+------------+
    |sub_ln520_fu_3571_p2  |         -|   0|  0|  19|          12|          12|
    |ap_block_state1       |        or|   0|  0|   2|           1|           1|
    +----------------------+----------+----+---+----+------------+------------+
    |Total                 |          |   0|  0|  21|          13|          13|
    +----------------------+----------+----+---+----+------------+------------+

    * Multiplexer: 
    +------------+----+-----------+-----+-----------+
    |    Name    | LUT| Input Size| Bits| Total Bits|
    +------------+----+-----------+-----+-----------+
    |D_0_0_out   |   9|          2|   32|         64|
    |D_0_10_out  |   9|          2|   32|         64|
    |D_0_11_out  |   9|          2|   32|         64|
    |D_0_12_out  |   9|          2|   32|         64|
    |D_0_13_out  |   9|          2|   32|         64|
    |D_0_14_out  |   9|          2|   32|         64|
    |D_0_15_out  |   9|          2|   32|         64|
    |D_0_16_out  |   9|          2|   32|         64|
    |D_0_17_out  |   9|          2|   32|         64|
    |D_0_18_out  |   9|          2|   32|         64|
    |D_0_19_out  |   9|          2|   32|         64|
    |D_0_1_out   |   9|          2|   32|         64|
    |D_0_20_out  |   9|          2|   32|         64|
    |D_0_21_out  |   9|          2|   32|         64|
    |D_0_22_out  |   9|          2|   32|         64|
    |D_0_23_out  |   9|          2|   32|         64|
    |D_0_24_out  |   9|          2|   32|         64|
    |D_0_25_out  |   9|          2|   32|         64|
    |D_0_26_out  |   9|          2|   32|         64|
    |D_0_27_out  |   9|          2|   32|         64|
    |D_0_28_out  |   9|          2|   32|         64|
    |D_0_29_out  |   9|          2|   32|         64|
    |D_0_2_out   |   9|          2|   32|         64|
    |D_0_30_out  |   9|          2|   32|         64|
    |D_0_31_out  |   9|          2|   32|         64|
    |D_0_3_out   |   9|          2|   32|         64|
    |D_0_4_out   |   9|          2|   32|         64|
    |D_0_5_out   |   9|          2|   32|         64|
    |D_0_6_out   |   9|          2|   32|         64|
    |D_0_7_out   |   9|          2|   32|         64|
    |D_0_8_out   |   9|          2|   32|         64|
    |D_0_9_out   |   9|          2|   32|         64|
    |D_1_0_out   |   9|          2|   32|         64|
    |D_1_10_out  |   9|          2|   32|         64|
    |D_1_11_out  |   9|          2|   32|         64|
    |D_1_12_out  |   9|          2|   32|         64|
    |D_1_13_out  |   9|          2|   32|         64|
    |D_1_14_out  |   9|          2|   32|         64|
    |D_1_15_out  |   9|          2|   32|         64|
    |D_1_16_out  |   9|          2|   32|         64|
    |D_1_17_out  |   9|          2|   32|         64|
    |D_1_18_out  |   9|          2|   32|         64|
    |D_1_19_out  |   9|          2|   32|         64|
    |D_1_1_out   |   9|          2|   32|         64|
    |D_1_20_out  |   9|          2|   32|         64|
    |D_1_21_out  |   9|          2|   32|         64|
    |D_1_22_out  |   9|          2|   32|         64|
    |D_1_23_out  |   9|          2|   32|         64|
    |D_1_24_out  |   9|          2|   32|         64|
    |D_1_25_out  |   9|          2|   32|         64|
    |D_1_26_out  |   9|          2|   32|         64|
    |D_1_27_out  |   9|          2|   32|         64|
    |D_1_28_out  |   9|          2|   32|         64|
    |D_1_29_out  |   9|          2|   32|         64|
    |D_1_2_out   |   9|          2|   32|         64|
    |D_1_30_out  |   9|          2|   32|         64|
    |D_1_31_out  |   9|          2|   32|         64|
    |D_1_3_out   |   9|          2|   32|         64|
    |D_1_4_out   |   9|          2|   32|         64|
    |D_1_5_out   |   9|          2|   32|         64|
    |D_1_6_out   |   9|          2|   32|         64|
    |D_1_7_out   |   9|          2|   32|         64|
    |D_1_8_out   |   9|          2|   32|         64|
    |D_1_9_out   |   9|          2|   32|         64|
    |D_2_0_out   |   9|          2|   32|         64|
    |D_2_10_out  |   9|          2|   32|         64|
    |D_2_11_out  |   9|          2|   32|         64|
    |D_2_12_out  |   9|          2|   32|         64|
    |D_2_13_out  |   9|          2|   32|         64|
    |D_2_14_out  |   9|          2|   32|         64|
    |D_2_15_out  |   9|          2|   32|         64|
    |D_2_16_out  |   9|          2|   32|         64|
    |D_2_17_out  |   9|          2|   32|         64|
    |D_2_18_out  |   9|          2|   32|         64|
    |D_2_19_out  |   9|          2|   32|         64|
    |D_2_1_out   |   9|          2|   32|         64|
    |D_2_20_out  |   9|          2|   32|         64|
    |D_2_21_out  |   9|          2|   32|         64|
    |D_2_22_out  |   9|          2|   32|         64|
    |D_2_23_out  |   9|          2|   32|         64|
    |D_2_24_out  |   9|          2|   32|         64|
    |D_2_25_out  |   9|          2|   32|         64|
    |D_2_26_out  |   9|          2|   32|         64|
    |D_2_27_out  |   9|          2|   32|         64|
    |D_2_28_out  |   9|          2|   32|         64|
    |D_2_29_out  |   9|          2|   32|         64|
    |D_2_2_out   |   9|          2|   32|         64|
    |D_2_30_out  |   9|          2|   32|         64|
    |D_2_31_out  |   9|          2|   32|         64|
    |D_2_3_out   |   9|          2|   32|         64|
    |D_2_4_out   |   9|          2|   32|         64|
    |D_2_5_out   |   9|          2|   32|         64|
    |D_2_6_out   |   9|          2|   32|         64|
    |D_2_7_out   |   9|          2|   32|         64|
    |D_2_8_out   |   9|          2|   32|         64|
    |D_2_9_out   |   9|          2|   32|         64|
    |D_3_0_out   |   9|          2|   32|         64|
    |D_3_10_out  |   9|          2|   32|         64|
    |D_3_11_out  |   9|          2|   32|         64|
    |D_3_12_out  |   9|          2|   32|         64|
    |D_3_13_out  |   9|          2|   32|         64|
    |D_3_14_out  |   9|          2|   32|         64|
    |D_3_15_out  |   9|          2|   32|         64|
    |D_3_16_out  |   9|          2|   32|         64|
    |D_3_17_out  |   9|          2|   32|         64|
    |D_3_18_out  |   9|          2|   32|         64|
    |D_3_19_out  |   9|          2|   32|         64|
    |D_3_1_out   |   9|          2|   32|         64|
    |D_3_20_out  |   9|          2|   32|         64|
    |D_3_21_out  |   9|          2|   32|         64|
    |D_3_22_out  |   9|          2|   32|         64|
    |D_3_23_out  |   9|          2|   32|         64|
    |D_3_24_out  |   9|          2|   32|         64|
    |D_3_25_out  |   9|          2|   32|         64|
    |D_3_26_out  |   9|          2|   32|         64|
    |D_3_27_out  |   9|          2|   32|         64|
    |D_3_28_out  |   9|          2|   32|         64|
    |D_3_29_out  |   9|          2|   32|         64|
    |D_3_2_out   |   9|          2|   32|         64|
    |D_3_30_out  |   9|          2|   32|         64|
    |D_3_31_out  |   9|          2|   32|         64|
    |D_3_3_out   |   9|          2|   32|         64|
    |D_3_4_out   |   9|          2|   32|         64|
    |D_3_5_out   |   9|          2|   32|         64|
    |D_3_6_out   |   9|          2|   32|         64|
    |D_3_7_out   |   9|          2|   32|         64|
    |D_3_8_out   |   9|          2|   32|         64|
    |D_3_9_out   |   9|          2|   32|         64|
    |ap_NS_fsm   |  26|          5|    1|          5|
    |ap_done     |   9|          2|    1|          2|
    +------------+----+-----------+-----+-----------+
    |Total       |1187|        263| 4098|       8199|
    +------------+----+-----------+-----+-----------+

    * Register: 
    +----------------------------------------------------------------+----+----+-----+-----------+
    |                              Name                              | FF | LUT| Bits| Const Bits|
    +----------------------------------------------------------------+----+----+-----+-----------+
    |D_0_0_out_preg                                                  |  32|   0|   32|          0|
    |D_0_10_out_preg                                                 |  32|   0|   32|          0|
    |D_0_11_out_preg                                                 |  32|   0|   32|          0|
    |D_0_12_out_preg                                                 |  32|   0|   32|          0|
    |D_0_13_out_preg                                                 |  32|   0|   32|          0|
    |D_0_14_out_preg                                                 |  32|   0|   32|          0|
    |D_0_15_out_preg                                                 |  32|   0|   32|          0|
    |D_0_16_out_preg                                                 |  32|   0|   32|          0|
    |D_0_17_out_preg                                                 |  32|   0|   32|          0|
    |D_0_18_out_preg                                                 |  32|   0|   32|          0|
    |D_0_19_out_preg                                                 |  32|   0|   32|          0|
    |D_0_1_out_preg                                                  |  32|   0|   32|          0|
    |D_0_20_out_preg                                                 |  32|   0|   32|          0|
    |D_0_21_out_preg                                                 |  32|   0|   32|          0|
    |D_0_22_out_preg                                                 |  32|   0|   32|          0|
    |D_0_23_out_preg                                                 |  32|   0|   32|          0|
    |D_0_24_out_preg                                                 |  32|   0|   32|          0|
    |D_0_25_out_preg                                                 |  32|   0|   32|          0|
    |D_0_26_out_preg                                                 |  32|   0|   32|          0|
    |D_0_27_out_preg                                                 |  32|   0|   32|          0|
    |D_0_28_out_preg                                                 |  32|   0|   32|          0|
    |D_0_29_out_preg                                                 |  32|   0|   32|          0|
    |D_0_2_out_preg                                                  |  32|   0|   32|          0|
    |D_0_30_out_preg                                                 |  32|   0|   32|          0|
    |D_0_31_out_preg                                                 |  32|   0|   32|          0|
    |D_0_3_out_preg                                                  |  32|   0|   32|          0|
    |D_0_4_out_preg                                                  |  32|   0|   32|          0|
    |D_0_5_out_preg                                                  |  32|   0|   32|          0|
    |D_0_6_out_preg                                                  |  32|   0|   32|          0|
    |D_0_7_out_preg                                                  |  32|   0|   32|          0|
    |D_0_8_out_preg                                                  |  32|   0|   32|          0|
    |D_0_9_out_preg                                                  |  32|   0|   32|          0|
    |D_1_0_out_preg                                                  |  32|   0|   32|          0|
    |D_1_10_out_preg                                                 |  32|   0|   32|          0|
    |D_1_11_out_preg                                                 |  32|   0|   32|          0|
    |D_1_12_out_preg                                                 |  32|   0|   32|          0|
    |D_1_13_out_preg                                                 |  32|   0|   32|          0|
    |D_1_14_out_preg                                                 |  32|   0|   32|          0|
    |D_1_15_out_preg                                                 |  32|   0|   32|          0|
    |D_1_16_out_preg                                                 |  32|   0|   32|          0|
    |D_1_17_out_preg                                                 |  32|   0|   32|          0|
    |D_1_18_out_preg                                                 |  32|   0|   32|          0|
    |D_1_19_out_preg                                                 |  32|   0|   32|          0|
    |D_1_1_out_preg                                                  |  32|   0|   32|          0|
    |D_1_20_out_preg                                                 |  32|   0|   32|          0|
    |D_1_21_out_preg                                                 |  32|   0|   32|          0|
    |D_1_22_out_preg                                                 |  32|   0|   32|          0|
    |D_1_23_out_preg                                                 |  32|   0|   32|          0|
    |D_1_24_out_preg                                                 |  32|   0|   32|          0|
    |D_1_25_out_preg                                                 |  32|   0|   32|          0|
    |D_1_26_out_preg                                                 |  32|   0|   32|          0|
    |D_1_27_out_preg                                                 |  32|   0|   32|          0|
    |D_1_28_out_preg                                                 |  32|   0|   32|          0|
    |D_1_29_out_preg                                                 |  32|   0|   32|          0|
    |D_1_2_out_preg                                                  |  32|   0|   32|          0|
    |D_1_30_out_preg                                                 |  32|   0|   32|          0|
    |D_1_31_out_preg                                                 |  32|   0|   32|          0|
    |D_1_3_out_preg                                                  |  32|   0|   32|          0|
    |D_1_4_out_preg                                                  |  32|   0|   32|          0|
    |D_1_5_out_preg                                                  |  32|   0|   32|          0|
    |D_1_6_out_preg                                                  |  32|   0|   32|          0|
    |D_1_7_out_preg                                                  |  32|   0|   32|          0|
    |D_1_8_out_preg                                                  |  32|   0|   32|          0|
    |D_1_9_out_preg                                                  |  32|   0|   32|          0|
    |D_2_0_out_preg                                                  |  32|   0|   32|          0|
    |D_2_10_out_preg                                                 |  32|   0|   32|          0|
    |D_2_11_out_preg                                                 |  32|   0|   32|          0|
    |D_2_12_out_preg                                                 |  32|   0|   32|          0|
    |D_2_13_out_preg                                                 |  32|   0|   32|          0|
    |D_2_14_out_preg                                                 |  32|   0|   32|          0|
    |D_2_15_out_preg                                                 |  32|   0|   32|          0|
    |D_2_16_out_preg                                                 |  32|   0|   32|          0|
    |D_2_17_out_preg                                                 |  32|   0|   32|          0|
    |D_2_18_out_preg                                                 |  32|   0|   32|          0|
    |D_2_19_out_preg                                                 |  32|   0|   32|          0|
    |D_2_1_out_preg                                                  |  32|   0|   32|          0|
    |D_2_20_out_preg                                                 |  32|   0|   32|          0|
    |D_2_21_out_preg                                                 |  32|   0|   32|          0|
    |D_2_22_out_preg                                                 |  32|   0|   32|          0|
    |D_2_23_out_preg                                                 |  32|   0|   32|          0|
    |D_2_24_out_preg                                                 |  32|   0|   32|          0|
    |D_2_25_out_preg                                                 |  32|   0|   32|          0|
    |D_2_26_out_preg                                                 |  32|   0|   32|          0|
    |D_2_27_out_preg                                                 |  32|   0|   32|          0|
    |D_2_28_out_preg                                                 |  32|   0|   32|          0|
    |D_2_29_out_preg                                                 |  32|   0|   32|          0|
    |D_2_2_out_preg                                                  |  32|   0|   32|          0|
    |D_2_30_out_preg                                                 |  32|   0|   32|          0|
    |D_2_31_out_preg                                                 |  32|   0|   32|          0|
    |D_2_3_out_preg                                                  |  32|   0|   32|          0|
    |D_2_4_out_preg                                                  |  32|   0|   32|          0|
    |D_2_5_out_preg                                                  |  32|   0|   32|          0|
    |D_2_6_out_preg                                                  |  32|   0|   32|          0|
    |D_2_7_out_preg                                                  |  32|   0|   32|          0|
    |D_2_8_out_preg                                                  |  32|   0|   32|          0|
    |D_2_9_out_preg                                                  |  32|   0|   32|          0|
    |D_3_0_out_preg                                                  |  32|   0|   32|          0|
    |D_3_10_out_preg                                                 |  32|   0|   32|          0|
    |D_3_11_out_preg                                                 |  32|   0|   32|          0|
    |D_3_12_out_preg                                                 |  32|   0|   32|          0|
    |D_3_13_out_preg                                                 |  32|   0|   32|          0|
    |D_3_14_out_preg                                                 |  32|   0|   32|          0|
    |D_3_15_out_preg                                                 |  32|   0|   32|          0|
    |D_3_16_out_preg                                                 |  32|   0|   32|          0|
    |D_3_17_out_preg                                                 |  32|   0|   32|          0|
    |D_3_18_out_preg                                                 |  32|   0|   32|          0|
    |D_3_19_out_preg                                                 |  32|   0|   32|          0|
    |D_3_1_out_preg                                                  |  32|   0|   32|          0|
    |D_3_20_out_preg                                                 |  32|   0|   32|          0|
    |D_3_21_out_preg                                                 |  32|   0|   32|          0|
    |D_3_22_out_preg                                                 |  32|   0|   32|          0|
    |D_3_23_out_preg                                                 |  32|   0|   32|          0|
    |D_3_24_out_preg                                                 |  32|   0|   32|          0|
    |D_3_25_out_preg                                                 |  32|   0|   32|          0|
    |D_3_26_out_preg                                                 |  32|   0|   32|          0|
    |D_3_27_out_preg                                                 |  32|   0|   32|          0|
    |D_3_28_out_preg                                                 |  32|   0|   32|          0|
    |D_3_29_out_preg                                                 |  32|   0|   32|          0|
    |D_3_2_out_preg                                                  |  32|   0|   32|          0|
    |D_3_30_out_preg                                                 |  32|   0|   32|          0|
    |D_3_31_out_preg                                                 |  32|   0|   32|          0|
    |D_3_3_out_preg                                                  |  32|   0|   32|          0|
    |D_3_4_out_preg                                                  |  32|   0|   32|          0|
    |D_3_5_out_preg                                                  |  32|   0|   32|          0|
    |D_3_6_out_preg                                                  |  32|   0|   32|          0|
    |D_3_7_out_preg                                                  |  32|   0|   32|          0|
    |D_3_8_out_preg                                                  |  32|   0|   32|          0|
    |D_3_9_out_preg                                                  |  32|   0|   32|          0|
    |ap_CS_fsm                                                       |   4|   0|    4|          0|
    |ap_done_reg                                                     |   1|   0|    1|          0|
    |grp_task3_intra_Pipeline_VITIS_LOOP_509_1_fu_3002_ap_start_reg  |   1|   0|    1|          0|
    |sub_ln520_reg_5498                                              |   8|   0|   12|          4|
    +----------------------------------------------------------------+----+----+-----+-----------+
    |Total                                                           |4110|   0| 4114|          4|
    +----------------------------------------------------------------+----+----+-----+-----------+



================================================================
== Interface
================================================================
* Summary: 
+-------------------+-----+-----+------------+--------------+--------------+
|     RTL Ports     | Dir | Bits|  Protocol  | Source Object|    C Type    |
+-------------------+-----+-----+------------+--------------+--------------+
|ap_clk             |   in|    1|  ap_ctrl_hs|   task3_intra|  return value|
|ap_rst             |   in|    1|  ap_ctrl_hs|   task3_intra|  return value|
|ap_start           |   in|    1|  ap_ctrl_hs|   task3_intra|  return value|
|ap_done            |  out|    1|  ap_ctrl_hs|   task3_intra|  return value|
|ap_continue        |   in|    1|  ap_ctrl_hs|   task3_intra|  return value|
|ap_idle            |  out|    1|  ap_ctrl_hs|   task3_intra|  return value|
|ap_ready           |  out|    1|  ap_ctrl_hs|   task3_intra|  return value|
|C_0_0_address0     |  out|    6|   ap_memory|         C_0_0|         array|
|C_0_0_ce0          |  out|    1|   ap_memory|         C_0_0|         array|
|C_0_0_q0           |   in|   32|   ap_memory|         C_0_0|         array|
|C_0_1_address0     |  out|    6|   ap_memory|         C_0_1|         array|
|C_0_1_ce0          |  out|    1|   ap_memory|         C_0_1|         array|
|C_0_1_q0           |   in|   32|   ap_memory|         C_0_1|         array|
|C_0_2_address0     |  out|    6|   ap_memory|         C_0_2|         array|
|C_0_2_ce0          |  out|    1|   ap_memory|         C_0_2|         array|
|C_0_2_q0           |   in|   32|   ap_memory|         C_0_2|         array|
|C_0_3_address0     |  out|    6|   ap_memory|         C_0_3|         array|
|C_0_3_ce0          |  out|    1|   ap_memory|         C_0_3|         array|
|C_0_3_q0           |   in|   32|   ap_memory|         C_0_3|         array|
|C_0_4_address0     |  out|    6|   ap_memory|         C_0_4|         array|
|C_0_4_ce0          |  out|    1|   ap_memory|         C_0_4|         array|
|C_0_4_q0           |   in|   32|   ap_memory|         C_0_4|         array|
|C_0_5_address0     |  out|    6|   ap_memory|         C_0_5|         array|
|C_0_5_ce0          |  out|    1|   ap_memory|         C_0_5|         array|
|C_0_5_q0           |   in|   32|   ap_memory|         C_0_5|         array|
|C_0_6_address0     |  out|    6|   ap_memory|         C_0_6|         array|
|C_0_6_ce0          |  out|    1|   ap_memory|         C_0_6|         array|
|C_0_6_q0           |   in|   32|   ap_memory|         C_0_6|         array|
|C_0_7_address0     |  out|    6|   ap_memory|         C_0_7|         array|
|C_0_7_ce0          |  out|    1|   ap_memory|         C_0_7|         array|
|C_0_7_q0           |   in|   32|   ap_memory|         C_0_7|         array|
|C_0_8_address0     |  out|    6|   ap_memory|         C_0_8|         array|
|C_0_8_ce0          |  out|    1|   ap_memory|         C_0_8|         array|
|C_0_8_q0           |   in|   32|   ap_memory|         C_0_8|         array|
|C_0_9_address0     |  out|    6|   ap_memory|         C_0_9|         array|
|C_0_9_ce0          |  out|    1|   ap_memory|         C_0_9|         array|
|C_0_9_q0           |   in|   32|   ap_memory|         C_0_9|         array|
|C_0_10_address0    |  out|    6|   ap_memory|        C_0_10|         array|
|C_0_10_ce0         |  out|    1|   ap_memory|        C_0_10|         array|
|C_0_10_q0          |   in|   32|   ap_memory|        C_0_10|         array|
|C_0_11_address0    |  out|    6|   ap_memory|        C_0_11|         array|
|C_0_11_ce0         |  out|    1|   ap_memory|        C_0_11|         array|
|C_0_11_q0          |   in|   32|   ap_memory|        C_0_11|         array|
|C_0_12_address0    |  out|    6|   ap_memory|        C_0_12|         array|
|C_0_12_ce0         |  out|    1|   ap_memory|        C_0_12|         array|
|C_0_12_q0          |   in|   32|   ap_memory|        C_0_12|         array|
|C_0_13_address0    |  out|    6|   ap_memory|        C_0_13|         array|
|C_0_13_ce0         |  out|    1|   ap_memory|        C_0_13|         array|
|C_0_13_q0          |   in|   32|   ap_memory|        C_0_13|         array|
|C_0_14_address0    |  out|    6|   ap_memory|        C_0_14|         array|
|C_0_14_ce0         |  out|    1|   ap_memory|        C_0_14|         array|
|C_0_14_q0          |   in|   32|   ap_memory|        C_0_14|         array|
|C_0_15_address0    |  out|    6|   ap_memory|        C_0_15|         array|
|C_0_15_ce0         |  out|    1|   ap_memory|        C_0_15|         array|
|C_0_15_q0          |   in|   32|   ap_memory|        C_0_15|         array|
|C_0_16_address0    |  out|    6|   ap_memory|        C_0_16|         array|
|C_0_16_ce0         |  out|    1|   ap_memory|        C_0_16|         array|
|C_0_16_q0          |   in|   32|   ap_memory|        C_0_16|         array|
|C_0_17_address0    |  out|    6|   ap_memory|        C_0_17|         array|
|C_0_17_ce0         |  out|    1|   ap_memory|        C_0_17|         array|
|C_0_17_q0          |   in|   32|   ap_memory|        C_0_17|         array|
|C_0_18_address0    |  out|    6|   ap_memory|        C_0_18|         array|
|C_0_18_ce0         |  out|    1|   ap_memory|        C_0_18|         array|
|C_0_18_q0          |   in|   32|   ap_memory|        C_0_18|         array|
|C_0_19_address0    |  out|    6|   ap_memory|        C_0_19|         array|
|C_0_19_ce0         |  out|    1|   ap_memory|        C_0_19|         array|
|C_0_19_q0          |   in|   32|   ap_memory|        C_0_19|         array|
|C_0_20_address0    |  out|    6|   ap_memory|        C_0_20|         array|
|C_0_20_ce0         |  out|    1|   ap_memory|        C_0_20|         array|
|C_0_20_q0          |   in|   32|   ap_memory|        C_0_20|         array|
|C_0_21_address0    |  out|    6|   ap_memory|        C_0_21|         array|
|C_0_21_ce0         |  out|    1|   ap_memory|        C_0_21|         array|
|C_0_21_q0          |   in|   32|   ap_memory|        C_0_21|         array|
|C_0_22_address0    |  out|    6|   ap_memory|        C_0_22|         array|
|C_0_22_ce0         |  out|    1|   ap_memory|        C_0_22|         array|
|C_0_22_q0          |   in|   32|   ap_memory|        C_0_22|         array|
|C_0_23_address0    |  out|    6|   ap_memory|        C_0_23|         array|
|C_0_23_ce0         |  out|    1|   ap_memory|        C_0_23|         array|
|C_0_23_q0          |   in|   32|   ap_memory|        C_0_23|         array|
|C_0_24_address0    |  out|    6|   ap_memory|        C_0_24|         array|
|C_0_24_ce0         |  out|    1|   ap_memory|        C_0_24|         array|
|C_0_24_q0          |   in|   32|   ap_memory|        C_0_24|         array|
|C_0_25_address0    |  out|    6|   ap_memory|        C_0_25|         array|
|C_0_25_ce0         |  out|    1|   ap_memory|        C_0_25|         array|
|C_0_25_q0          |   in|   32|   ap_memory|        C_0_25|         array|
|C_0_26_address0    |  out|    6|   ap_memory|        C_0_26|         array|
|C_0_26_ce0         |  out|    1|   ap_memory|        C_0_26|         array|
|C_0_26_q0          |   in|   32|   ap_memory|        C_0_26|         array|
|C_0_27_address0    |  out|    6|   ap_memory|        C_0_27|         array|
|C_0_27_ce0         |  out|    1|   ap_memory|        C_0_27|         array|
|C_0_27_q0          |   in|   32|   ap_memory|        C_0_27|         array|
|C_0_28_address0    |  out|    6|   ap_memory|        C_0_28|         array|
|C_0_28_ce0         |  out|    1|   ap_memory|        C_0_28|         array|
|C_0_28_q0          |   in|   32|   ap_memory|        C_0_28|         array|
|C_0_29_address0    |  out|    6|   ap_memory|        C_0_29|         array|
|C_0_29_ce0         |  out|    1|   ap_memory|        C_0_29|         array|
|C_0_29_q0          |   in|   32|   ap_memory|        C_0_29|         array|
|C_0_30_address0    |  out|    6|   ap_memory|        C_0_30|         array|
|C_0_30_ce0         |  out|    1|   ap_memory|        C_0_30|         array|
|C_0_30_q0          |   in|   32|   ap_memory|        C_0_30|         array|
|C_0_31_address0    |  out|    6|   ap_memory|        C_0_31|         array|
|C_0_31_ce0         |  out|    1|   ap_memory|        C_0_31|         array|
|C_0_31_q0          |   in|   32|   ap_memory|        C_0_31|         array|
|C_1_0_address0     |  out|    6|   ap_memory|         C_1_0|         array|
|C_1_0_ce0          |  out|    1|   ap_memory|         C_1_0|         array|
|C_1_0_q0           |   in|   32|   ap_memory|         C_1_0|         array|
|C_1_1_address0     |  out|    6|   ap_memory|         C_1_1|         array|
|C_1_1_ce0          |  out|    1|   ap_memory|         C_1_1|         array|
|C_1_1_q0           |   in|   32|   ap_memory|         C_1_1|         array|
|C_1_2_address0     |  out|    6|   ap_memory|         C_1_2|         array|
|C_1_2_ce0          |  out|    1|   ap_memory|         C_1_2|         array|
|C_1_2_q0           |   in|   32|   ap_memory|         C_1_2|         array|
|C_1_3_address0     |  out|    6|   ap_memory|         C_1_3|         array|
|C_1_3_ce0          |  out|    1|   ap_memory|         C_1_3|         array|
|C_1_3_q0           |   in|   32|   ap_memory|         C_1_3|         array|
|C_1_4_address0     |  out|    6|   ap_memory|         C_1_4|         array|
|C_1_4_ce0          |  out|    1|   ap_memory|         C_1_4|         array|
|C_1_4_q0           |   in|   32|   ap_memory|         C_1_4|         array|
|C_1_5_address0     |  out|    6|   ap_memory|         C_1_5|         array|
|C_1_5_ce0          |  out|    1|   ap_memory|         C_1_5|         array|
|C_1_5_q0           |   in|   32|   ap_memory|         C_1_5|         array|
|C_1_6_address0     |  out|    6|   ap_memory|         C_1_6|         array|
|C_1_6_ce0          |  out|    1|   ap_memory|         C_1_6|         array|
|C_1_6_q0           |   in|   32|   ap_memory|         C_1_6|         array|
|C_1_7_address0     |  out|    6|   ap_memory|         C_1_7|         array|
|C_1_7_ce0          |  out|    1|   ap_memory|         C_1_7|         array|
|C_1_7_q0           |   in|   32|   ap_memory|         C_1_7|         array|
|C_1_8_address0     |  out|    6|   ap_memory|         C_1_8|         array|
|C_1_8_ce0          |  out|    1|   ap_memory|         C_1_8|         array|
|C_1_8_q0           |   in|   32|   ap_memory|         C_1_8|         array|
|C_1_9_address0     |  out|    6|   ap_memory|         C_1_9|         array|
|C_1_9_ce0          |  out|    1|   ap_memory|         C_1_9|         array|
|C_1_9_q0           |   in|   32|   ap_memory|         C_1_9|         array|
|C_1_10_address0    |  out|    6|   ap_memory|        C_1_10|         array|
|C_1_10_ce0         |  out|    1|   ap_memory|        C_1_10|         array|
|C_1_10_q0          |   in|   32|   ap_memory|        C_1_10|         array|
|C_1_11_address0    |  out|    6|   ap_memory|        C_1_11|         array|
|C_1_11_ce0         |  out|    1|   ap_memory|        C_1_11|         array|
|C_1_11_q0          |   in|   32|   ap_memory|        C_1_11|         array|
|C_1_12_address0    |  out|    6|   ap_memory|        C_1_12|         array|
|C_1_12_ce0         |  out|    1|   ap_memory|        C_1_12|         array|
|C_1_12_q0          |   in|   32|   ap_memory|        C_1_12|         array|
|C_1_13_address0    |  out|    6|   ap_memory|        C_1_13|         array|
|C_1_13_ce0         |  out|    1|   ap_memory|        C_1_13|         array|
|C_1_13_q0          |   in|   32|   ap_memory|        C_1_13|         array|
|C_1_14_address0    |  out|    6|   ap_memory|        C_1_14|         array|
|C_1_14_ce0         |  out|    1|   ap_memory|        C_1_14|         array|
|C_1_14_q0          |   in|   32|   ap_memory|        C_1_14|         array|
|C_1_15_address0    |  out|    6|   ap_memory|        C_1_15|         array|
|C_1_15_ce0         |  out|    1|   ap_memory|        C_1_15|         array|
|C_1_15_q0          |   in|   32|   ap_memory|        C_1_15|         array|
|C_1_16_address0    |  out|    6|   ap_memory|        C_1_16|         array|
|C_1_16_ce0         |  out|    1|   ap_memory|        C_1_16|         array|
|C_1_16_q0          |   in|   32|   ap_memory|        C_1_16|         array|
|C_1_17_address0    |  out|    6|   ap_memory|        C_1_17|         array|
|C_1_17_ce0         |  out|    1|   ap_memory|        C_1_17|         array|
|C_1_17_q0          |   in|   32|   ap_memory|        C_1_17|         array|
|C_1_18_address0    |  out|    6|   ap_memory|        C_1_18|         array|
|C_1_18_ce0         |  out|    1|   ap_memory|        C_1_18|         array|
|C_1_18_q0          |   in|   32|   ap_memory|        C_1_18|         array|
|C_1_19_address0    |  out|    6|   ap_memory|        C_1_19|         array|
|C_1_19_ce0         |  out|    1|   ap_memory|        C_1_19|         array|
|C_1_19_q0          |   in|   32|   ap_memory|        C_1_19|         array|
|C_1_20_address0    |  out|    6|   ap_memory|        C_1_20|         array|
|C_1_20_ce0         |  out|    1|   ap_memory|        C_1_20|         array|
|C_1_20_q0          |   in|   32|   ap_memory|        C_1_20|         array|
|C_1_21_address0    |  out|    6|   ap_memory|        C_1_21|         array|
|C_1_21_ce0         |  out|    1|   ap_memory|        C_1_21|         array|
|C_1_21_q0          |   in|   32|   ap_memory|        C_1_21|         array|
|C_1_22_address0    |  out|    6|   ap_memory|        C_1_22|         array|
|C_1_22_ce0         |  out|    1|   ap_memory|        C_1_22|         array|
|C_1_22_q0          |   in|   32|   ap_memory|        C_1_22|         array|
|C_1_23_address0    |  out|    6|   ap_memory|        C_1_23|         array|
|C_1_23_ce0         |  out|    1|   ap_memory|        C_1_23|         array|
|C_1_23_q0          |   in|   32|   ap_memory|        C_1_23|         array|
|C_1_24_address0    |  out|    6|   ap_memory|        C_1_24|         array|
|C_1_24_ce0         |  out|    1|   ap_memory|        C_1_24|         array|
|C_1_24_q0          |   in|   32|   ap_memory|        C_1_24|         array|
|C_1_25_address0    |  out|    6|   ap_memory|        C_1_25|         array|
|C_1_25_ce0         |  out|    1|   ap_memory|        C_1_25|         array|
|C_1_25_q0          |   in|   32|   ap_memory|        C_1_25|         array|
|C_1_26_address0    |  out|    6|   ap_memory|        C_1_26|         array|
|C_1_26_ce0         |  out|    1|   ap_memory|        C_1_26|         array|
|C_1_26_q0          |   in|   32|   ap_memory|        C_1_26|         array|
|C_1_27_address0    |  out|    6|   ap_memory|        C_1_27|         array|
|C_1_27_ce0         |  out|    1|   ap_memory|        C_1_27|         array|
|C_1_27_q0          |   in|   32|   ap_memory|        C_1_27|         array|
|C_1_28_address0    |  out|    6|   ap_memory|        C_1_28|         array|
|C_1_28_ce0         |  out|    1|   ap_memory|        C_1_28|         array|
|C_1_28_q0          |   in|   32|   ap_memory|        C_1_28|         array|
|C_1_29_address0    |  out|    6|   ap_memory|        C_1_29|         array|
|C_1_29_ce0         |  out|    1|   ap_memory|        C_1_29|         array|
|C_1_29_q0          |   in|   32|   ap_memory|        C_1_29|         array|
|C_1_30_address0    |  out|    6|   ap_memory|        C_1_30|         array|
|C_1_30_ce0         |  out|    1|   ap_memory|        C_1_30|         array|
|C_1_30_q0          |   in|   32|   ap_memory|        C_1_30|         array|
|C_1_31_address0    |  out|    6|   ap_memory|        C_1_31|         array|
|C_1_31_ce0         |  out|    1|   ap_memory|        C_1_31|         array|
|C_1_31_q0          |   in|   32|   ap_memory|        C_1_31|         array|
|C_2_0_address0     |  out|    6|   ap_memory|         C_2_0|         array|
|C_2_0_ce0          |  out|    1|   ap_memory|         C_2_0|         array|
|C_2_0_q0           |   in|   32|   ap_memory|         C_2_0|         array|
|C_2_1_address0     |  out|    6|   ap_memory|         C_2_1|         array|
|C_2_1_ce0          |  out|    1|   ap_memory|         C_2_1|         array|
|C_2_1_q0           |   in|   32|   ap_memory|         C_2_1|         array|
|C_2_2_address0     |  out|    6|   ap_memory|         C_2_2|         array|
|C_2_2_ce0          |  out|    1|   ap_memory|         C_2_2|         array|
|C_2_2_q0           |   in|   32|   ap_memory|         C_2_2|         array|
|C_2_3_address0     |  out|    6|   ap_memory|         C_2_3|         array|
|C_2_3_ce0          |  out|    1|   ap_memory|         C_2_3|         array|
|C_2_3_q0           |   in|   32|   ap_memory|         C_2_3|         array|
|C_2_4_address0     |  out|    6|   ap_memory|         C_2_4|         array|
|C_2_4_ce0          |  out|    1|   ap_memory|         C_2_4|         array|
|C_2_4_q0           |   in|   32|   ap_memory|         C_2_4|         array|
|C_2_5_address0     |  out|    6|   ap_memory|         C_2_5|         array|
|C_2_5_ce0          |  out|    1|   ap_memory|         C_2_5|         array|
|C_2_5_q0           |   in|   32|   ap_memory|         C_2_5|         array|
|C_2_6_address0     |  out|    6|   ap_memory|         C_2_6|         array|
|C_2_6_ce0          |  out|    1|   ap_memory|         C_2_6|         array|
|C_2_6_q0           |   in|   32|   ap_memory|         C_2_6|         array|
|C_2_7_address0     |  out|    6|   ap_memory|         C_2_7|         array|
|C_2_7_ce0          |  out|    1|   ap_memory|         C_2_7|         array|
|C_2_7_q0           |   in|   32|   ap_memory|         C_2_7|         array|
|C_2_8_address0     |  out|    6|   ap_memory|         C_2_8|         array|
|C_2_8_ce0          |  out|    1|   ap_memory|         C_2_8|         array|
|C_2_8_q0           |   in|   32|   ap_memory|         C_2_8|         array|
|C_2_9_address0     |  out|    6|   ap_memory|         C_2_9|         array|
|C_2_9_ce0          |  out|    1|   ap_memory|         C_2_9|         array|
|C_2_9_q0           |   in|   32|   ap_memory|         C_2_9|         array|
|C_2_10_address0    |  out|    6|   ap_memory|        C_2_10|         array|
|C_2_10_ce0         |  out|    1|   ap_memory|        C_2_10|         array|
|C_2_10_q0          |   in|   32|   ap_memory|        C_2_10|         array|
|C_2_11_address0    |  out|    6|   ap_memory|        C_2_11|         array|
|C_2_11_ce0         |  out|    1|   ap_memory|        C_2_11|         array|
|C_2_11_q0          |   in|   32|   ap_memory|        C_2_11|         array|
|C_2_12_address0    |  out|    6|   ap_memory|        C_2_12|         array|
|C_2_12_ce0         |  out|    1|   ap_memory|        C_2_12|         array|
|C_2_12_q0          |   in|   32|   ap_memory|        C_2_12|         array|
|C_2_13_address0    |  out|    6|   ap_memory|        C_2_13|         array|
|C_2_13_ce0         |  out|    1|   ap_memory|        C_2_13|         array|
|C_2_13_q0          |   in|   32|   ap_memory|        C_2_13|         array|
|C_2_14_address0    |  out|    6|   ap_memory|        C_2_14|         array|
|C_2_14_ce0         |  out|    1|   ap_memory|        C_2_14|         array|
|C_2_14_q0          |   in|   32|   ap_memory|        C_2_14|         array|
|C_2_15_address0    |  out|    6|   ap_memory|        C_2_15|         array|
|C_2_15_ce0         |  out|    1|   ap_memory|        C_2_15|         array|
|C_2_15_q0          |   in|   32|   ap_memory|        C_2_15|         array|
|C_2_16_address0    |  out|    6|   ap_memory|        C_2_16|         array|
|C_2_16_ce0         |  out|    1|   ap_memory|        C_2_16|         array|
|C_2_16_q0          |   in|   32|   ap_memory|        C_2_16|         array|
|C_2_17_address0    |  out|    6|   ap_memory|        C_2_17|         array|
|C_2_17_ce0         |  out|    1|   ap_memory|        C_2_17|         array|
|C_2_17_q0          |   in|   32|   ap_memory|        C_2_17|         array|
|C_2_18_address0    |  out|    6|   ap_memory|        C_2_18|         array|
|C_2_18_ce0         |  out|    1|   ap_memory|        C_2_18|         array|
|C_2_18_q0          |   in|   32|   ap_memory|        C_2_18|         array|
|C_2_19_address0    |  out|    6|   ap_memory|        C_2_19|         array|
|C_2_19_ce0         |  out|    1|   ap_memory|        C_2_19|         array|
|C_2_19_q0          |   in|   32|   ap_memory|        C_2_19|         array|
|C_2_20_address0    |  out|    6|   ap_memory|        C_2_20|         array|
|C_2_20_ce0         |  out|    1|   ap_memory|        C_2_20|         array|
|C_2_20_q0          |   in|   32|   ap_memory|        C_2_20|         array|
|C_2_21_address0    |  out|    6|   ap_memory|        C_2_21|         array|
|C_2_21_ce0         |  out|    1|   ap_memory|        C_2_21|         array|
|C_2_21_q0          |   in|   32|   ap_memory|        C_2_21|         array|
|C_2_22_address0    |  out|    6|   ap_memory|        C_2_22|         array|
|C_2_22_ce0         |  out|    1|   ap_memory|        C_2_22|         array|
|C_2_22_q0          |   in|   32|   ap_memory|        C_2_22|         array|
|C_2_23_address0    |  out|    6|   ap_memory|        C_2_23|         array|
|C_2_23_ce0         |  out|    1|   ap_memory|        C_2_23|         array|
|C_2_23_q0          |   in|   32|   ap_memory|        C_2_23|         array|
|C_2_24_address0    |  out|    6|   ap_memory|        C_2_24|         array|
|C_2_24_ce0         |  out|    1|   ap_memory|        C_2_24|         array|
|C_2_24_q0          |   in|   32|   ap_memory|        C_2_24|         array|
|C_2_25_address0    |  out|    6|   ap_memory|        C_2_25|         array|
|C_2_25_ce0         |  out|    1|   ap_memory|        C_2_25|         array|
|C_2_25_q0          |   in|   32|   ap_memory|        C_2_25|         array|
|C_2_26_address0    |  out|    6|   ap_memory|        C_2_26|         array|
|C_2_26_ce0         |  out|    1|   ap_memory|        C_2_26|         array|
|C_2_26_q0          |   in|   32|   ap_memory|        C_2_26|         array|
|C_2_27_address0    |  out|    6|   ap_memory|        C_2_27|         array|
|C_2_27_ce0         |  out|    1|   ap_memory|        C_2_27|         array|
|C_2_27_q0          |   in|   32|   ap_memory|        C_2_27|         array|
|C_2_28_address0    |  out|    6|   ap_memory|        C_2_28|         array|
|C_2_28_ce0         |  out|    1|   ap_memory|        C_2_28|         array|
|C_2_28_q0          |   in|   32|   ap_memory|        C_2_28|         array|
|C_2_29_address0    |  out|    6|   ap_memory|        C_2_29|         array|
|C_2_29_ce0         |  out|    1|   ap_memory|        C_2_29|         array|
|C_2_29_q0          |   in|   32|   ap_memory|        C_2_29|         array|
|C_2_30_address0    |  out|    6|   ap_memory|        C_2_30|         array|
|C_2_30_ce0         |  out|    1|   ap_memory|        C_2_30|         array|
|C_2_30_q0          |   in|   32|   ap_memory|        C_2_30|         array|
|C_2_31_address0    |  out|    6|   ap_memory|        C_2_31|         array|
|C_2_31_ce0         |  out|    1|   ap_memory|        C_2_31|         array|
|C_2_31_q0          |   in|   32|   ap_memory|        C_2_31|         array|
|C_3_0_address0     |  out|    6|   ap_memory|         C_3_0|         array|
|C_3_0_ce0          |  out|    1|   ap_memory|         C_3_0|         array|
|C_3_0_q0           |   in|   32|   ap_memory|         C_3_0|         array|
|C_3_1_address0     |  out|    6|   ap_memory|         C_3_1|         array|
|C_3_1_ce0          |  out|    1|   ap_memory|         C_3_1|         array|
|C_3_1_q0           |   in|   32|   ap_memory|         C_3_1|         array|
|C_3_2_address0     |  out|    6|   ap_memory|         C_3_2|         array|
|C_3_2_ce0          |  out|    1|   ap_memory|         C_3_2|         array|
|C_3_2_q0           |   in|   32|   ap_memory|         C_3_2|         array|
|C_3_3_address0     |  out|    6|   ap_memory|         C_3_3|         array|
|C_3_3_ce0          |  out|    1|   ap_memory|         C_3_3|         array|
|C_3_3_q0           |   in|   32|   ap_memory|         C_3_3|         array|
|C_3_4_address0     |  out|    6|   ap_memory|         C_3_4|         array|
|C_3_4_ce0          |  out|    1|   ap_memory|         C_3_4|         array|
|C_3_4_q0           |   in|   32|   ap_memory|         C_3_4|         array|
|C_3_5_address0     |  out|    6|   ap_memory|         C_3_5|         array|
|C_3_5_ce0          |  out|    1|   ap_memory|         C_3_5|         array|
|C_3_5_q0           |   in|   32|   ap_memory|         C_3_5|         array|
|C_3_6_address0     |  out|    6|   ap_memory|         C_3_6|         array|
|C_3_6_ce0          |  out|    1|   ap_memory|         C_3_6|         array|
|C_3_6_q0           |   in|   32|   ap_memory|         C_3_6|         array|
|C_3_7_address0     |  out|    6|   ap_memory|         C_3_7|         array|
|C_3_7_ce0          |  out|    1|   ap_memory|         C_3_7|         array|
|C_3_7_q0           |   in|   32|   ap_memory|         C_3_7|         array|
|C_3_8_address0     |  out|    6|   ap_memory|         C_3_8|         array|
|C_3_8_ce0          |  out|    1|   ap_memory|         C_3_8|         array|
|C_3_8_q0           |   in|   32|   ap_memory|         C_3_8|         array|
|C_3_9_address0     |  out|    6|   ap_memory|         C_3_9|         array|
|C_3_9_ce0          |  out|    1|   ap_memory|         C_3_9|         array|
|C_3_9_q0           |   in|   32|   ap_memory|         C_3_9|         array|
|C_3_10_address0    |  out|    6|   ap_memory|        C_3_10|         array|
|C_3_10_ce0         |  out|    1|   ap_memory|        C_3_10|         array|
|C_3_10_q0          |   in|   32|   ap_memory|        C_3_10|         array|
|C_3_11_address0    |  out|    6|   ap_memory|        C_3_11|         array|
|C_3_11_ce0         |  out|    1|   ap_memory|        C_3_11|         array|
|C_3_11_q0          |   in|   32|   ap_memory|        C_3_11|         array|
|C_3_12_address0    |  out|    6|   ap_memory|        C_3_12|         array|
|C_3_12_ce0         |  out|    1|   ap_memory|        C_3_12|         array|
|C_3_12_q0          |   in|   32|   ap_memory|        C_3_12|         array|
|C_3_13_address0    |  out|    6|   ap_memory|        C_3_13|         array|
|C_3_13_ce0         |  out|    1|   ap_memory|        C_3_13|         array|
|C_3_13_q0          |   in|   32|   ap_memory|        C_3_13|         array|
|C_3_14_address0    |  out|    6|   ap_memory|        C_3_14|         array|
|C_3_14_ce0         |  out|    1|   ap_memory|        C_3_14|         array|
|C_3_14_q0          |   in|   32|   ap_memory|        C_3_14|         array|
|C_3_15_address0    |  out|    6|   ap_memory|        C_3_15|         array|
|C_3_15_ce0         |  out|    1|   ap_memory|        C_3_15|         array|
|C_3_15_q0          |   in|   32|   ap_memory|        C_3_15|         array|
|C_3_16_address0    |  out|    6|   ap_memory|        C_3_16|         array|
|C_3_16_ce0         |  out|    1|   ap_memory|        C_3_16|         array|
|C_3_16_q0          |   in|   32|   ap_memory|        C_3_16|         array|
|C_3_17_address0    |  out|    6|   ap_memory|        C_3_17|         array|
|C_3_17_ce0         |  out|    1|   ap_memory|        C_3_17|         array|
|C_3_17_q0          |   in|   32|   ap_memory|        C_3_17|         array|
|C_3_18_address0    |  out|    6|   ap_memory|        C_3_18|         array|
|C_3_18_ce0         |  out|    1|   ap_memory|        C_3_18|         array|
|C_3_18_q0          |   in|   32|   ap_memory|        C_3_18|         array|
|C_3_19_address0    |  out|    6|   ap_memory|        C_3_19|         array|
|C_3_19_ce0         |  out|    1|   ap_memory|        C_3_19|         array|
|C_3_19_q0          |   in|   32|   ap_memory|        C_3_19|         array|
|C_3_20_address0    |  out|    6|   ap_memory|        C_3_20|         array|
|C_3_20_ce0         |  out|    1|   ap_memory|        C_3_20|         array|
|C_3_20_q0          |   in|   32|   ap_memory|        C_3_20|         array|
|C_3_21_address0    |  out|    6|   ap_memory|        C_3_21|         array|
|C_3_21_ce0         |  out|    1|   ap_memory|        C_3_21|         array|
|C_3_21_q0          |   in|   32|   ap_memory|        C_3_21|         array|
|C_3_22_address0    |  out|    6|   ap_memory|        C_3_22|         array|
|C_3_22_ce0         |  out|    1|   ap_memory|        C_3_22|         array|
|C_3_22_q0          |   in|   32|   ap_memory|        C_3_22|         array|
|C_3_23_address0    |  out|    6|   ap_memory|        C_3_23|         array|
|C_3_23_ce0         |  out|    1|   ap_memory|        C_3_23|         array|
|C_3_23_q0          |   in|   32|   ap_memory|        C_3_23|         array|
|C_3_24_address0    |  out|    6|   ap_memory|        C_3_24|         array|
|C_3_24_ce0         |  out|    1|   ap_memory|        C_3_24|         array|
|C_3_24_q0          |   in|   32|   ap_memory|        C_3_24|         array|
|C_3_25_address0    |  out|    6|   ap_memory|        C_3_25|         array|
|C_3_25_ce0         |  out|    1|   ap_memory|        C_3_25|         array|
|C_3_25_q0          |   in|   32|   ap_memory|        C_3_25|         array|
|C_3_26_address0    |  out|    6|   ap_memory|        C_3_26|         array|
|C_3_26_ce0         |  out|    1|   ap_memory|        C_3_26|         array|
|C_3_26_q0          |   in|   32|   ap_memory|        C_3_26|         array|
|C_3_27_address0    |  out|    6|   ap_memory|        C_3_27|         array|
|C_3_27_ce0         |  out|    1|   ap_memory|        C_3_27|         array|
|C_3_27_q0          |   in|   32|   ap_memory|        C_3_27|         array|
|C_3_28_address0    |  out|    6|   ap_memory|        C_3_28|         array|
|C_3_28_ce0         |  out|    1|   ap_memory|        C_3_28|         array|
|C_3_28_q0          |   in|   32|   ap_memory|        C_3_28|         array|
|C_3_29_address0    |  out|    6|   ap_memory|        C_3_29|         array|
|C_3_29_ce0         |  out|    1|   ap_memory|        C_3_29|         array|
|C_3_29_q0          |   in|   32|   ap_memory|        C_3_29|         array|
|C_3_30_address0    |  out|    6|   ap_memory|        C_3_30|         array|
|C_3_30_ce0         |  out|    1|   ap_memory|        C_3_30|         array|
|C_3_30_q0          |   in|   32|   ap_memory|        C_3_30|         array|
|C_3_31_address0    |  out|    6|   ap_memory|        C_3_31|         array|
|C_3_31_ce0         |  out|    1|   ap_memory|        C_3_31|         array|
|C_3_31_q0          |   in|   32|   ap_memory|        C_3_31|         array|
|tmp_0_0_address0   |  out|   12|   ap_memory|       tmp_0_0|         array|
|tmp_0_0_ce0        |  out|    1|   ap_memory|       tmp_0_0|         array|
|tmp_0_0_q0         |   in|   32|   ap_memory|       tmp_0_0|         array|
|tmp_0_1_address0   |  out|   12|   ap_memory|       tmp_0_1|         array|
|tmp_0_1_ce0        |  out|    1|   ap_memory|       tmp_0_1|         array|
|tmp_0_1_q0         |   in|   32|   ap_memory|       tmp_0_1|         array|
|tmp_0_2_address0   |  out|   12|   ap_memory|       tmp_0_2|         array|
|tmp_0_2_ce0        |  out|    1|   ap_memory|       tmp_0_2|         array|
|tmp_0_2_q0         |   in|   32|   ap_memory|       tmp_0_2|         array|
|tmp_0_3_address0   |  out|   12|   ap_memory|       tmp_0_3|         array|
|tmp_0_3_ce0        |  out|    1|   ap_memory|       tmp_0_3|         array|
|tmp_0_3_q0         |   in|   32|   ap_memory|       tmp_0_3|         array|
|tmp_1_0_address0   |  out|   12|   ap_memory|       tmp_1_0|         array|
|tmp_1_0_ce0        |  out|    1|   ap_memory|       tmp_1_0|         array|
|tmp_1_0_q0         |   in|   32|   ap_memory|       tmp_1_0|         array|
|tmp_1_1_address0   |  out|   12|   ap_memory|       tmp_1_1|         array|
|tmp_1_1_ce0        |  out|    1|   ap_memory|       tmp_1_1|         array|
|tmp_1_1_q0         |   in|   32|   ap_memory|       tmp_1_1|         array|
|tmp_1_2_address0   |  out|   12|   ap_memory|       tmp_1_2|         array|
|tmp_1_2_ce0        |  out|    1|   ap_memory|       tmp_1_2|         array|
|tmp_1_2_q0         |   in|   32|   ap_memory|       tmp_1_2|         array|
|tmp_1_3_address0   |  out|   12|   ap_memory|       tmp_1_3|         array|
|tmp_1_3_ce0        |  out|    1|   ap_memory|       tmp_1_3|         array|
|tmp_1_3_q0         |   in|   32|   ap_memory|       tmp_1_3|         array|
|tmp_2_0_address0   |  out|   12|   ap_memory|       tmp_2_0|         array|
|tmp_2_0_ce0        |  out|    1|   ap_memory|       tmp_2_0|         array|
|tmp_2_0_q0         |   in|   32|   ap_memory|       tmp_2_0|         array|
|tmp_2_1_address0   |  out|   12|   ap_memory|       tmp_2_1|         array|
|tmp_2_1_ce0        |  out|    1|   ap_memory|       tmp_2_1|         array|
|tmp_2_1_q0         |   in|   32|   ap_memory|       tmp_2_1|         array|
|tmp_2_2_address0   |  out|   12|   ap_memory|       tmp_2_2|         array|
|tmp_2_2_ce0        |  out|    1|   ap_memory|       tmp_2_2|         array|
|tmp_2_2_q0         |   in|   32|   ap_memory|       tmp_2_2|         array|
|tmp_2_3_address0   |  out|   12|   ap_memory|       tmp_2_3|         array|
|tmp_2_3_ce0        |  out|    1|   ap_memory|       tmp_2_3|         array|
|tmp_2_3_q0         |   in|   32|   ap_memory|       tmp_2_3|         array|
|tmp_3_0_address0   |  out|   12|   ap_memory|       tmp_3_0|         array|
|tmp_3_0_ce0        |  out|    1|   ap_memory|       tmp_3_0|         array|
|tmp_3_0_q0         |   in|   32|   ap_memory|       tmp_3_0|         array|
|tmp_3_1_address0   |  out|   12|   ap_memory|       tmp_3_1|         array|
|tmp_3_1_ce0        |  out|    1|   ap_memory|       tmp_3_1|         array|
|tmp_3_1_q0         |   in|   32|   ap_memory|       tmp_3_1|         array|
|tmp_3_2_address0   |  out|   12|   ap_memory|       tmp_3_2|         array|
|tmp_3_2_ce0        |  out|    1|   ap_memory|       tmp_3_2|         array|
|tmp_3_2_q0         |   in|   32|   ap_memory|       tmp_3_2|         array|
|tmp_3_3_address0   |  out|   12|   ap_memory|       tmp_3_3|         array|
|tmp_3_3_ce0        |  out|    1|   ap_memory|       tmp_3_3|         array|
|tmp_3_3_q0         |   in|   32|   ap_memory|       tmp_3_3|         array|
|p_read             |   in|   32|     ap_none|        p_read|        scalar|
|D_0_0_out          |  out|   32|      ap_vld|     D_0_0_out|       pointer|
|D_0_0_out_ap_vld   |  out|    1|      ap_vld|     D_0_0_out|       pointer|
|p_read1            |   in|   32|     ap_none|       p_read1|        scalar|
|D_0_1_out          |  out|   32|      ap_vld|     D_0_1_out|       pointer|
|D_0_1_out_ap_vld   |  out|    1|      ap_vld|     D_0_1_out|       pointer|
|p_read2            |   in|   32|     ap_none|       p_read2|        scalar|
|D_0_2_out          |  out|   32|      ap_vld|     D_0_2_out|       pointer|
|D_0_2_out_ap_vld   |  out|    1|      ap_vld|     D_0_2_out|       pointer|
|p_read3            |   in|   32|     ap_none|       p_read3|        scalar|
|D_0_3_out          |  out|   32|      ap_vld|     D_0_3_out|       pointer|
|D_0_3_out_ap_vld   |  out|    1|      ap_vld|     D_0_3_out|       pointer|
|p_read4            |   in|   32|     ap_none|       p_read4|        scalar|
|D_0_4_out          |  out|   32|      ap_vld|     D_0_4_out|       pointer|
|D_0_4_out_ap_vld   |  out|    1|      ap_vld|     D_0_4_out|       pointer|
|p_read5            |   in|   32|     ap_none|       p_read5|        scalar|
|D_0_5_out          |  out|   32|      ap_vld|     D_0_5_out|       pointer|
|D_0_5_out_ap_vld   |  out|    1|      ap_vld|     D_0_5_out|       pointer|
|p_read6            |   in|   32|     ap_none|       p_read6|        scalar|
|D_0_6_out          |  out|   32|      ap_vld|     D_0_6_out|       pointer|
|D_0_6_out_ap_vld   |  out|    1|      ap_vld|     D_0_6_out|       pointer|
|p_read7            |   in|   32|     ap_none|       p_read7|        scalar|
|D_0_7_out          |  out|   32|      ap_vld|     D_0_7_out|       pointer|
|D_0_7_out_ap_vld   |  out|    1|      ap_vld|     D_0_7_out|       pointer|
|p_read8            |   in|   32|     ap_none|       p_read8|        scalar|
|D_0_8_out          |  out|   32|      ap_vld|     D_0_8_out|       pointer|
|D_0_8_out_ap_vld   |  out|    1|      ap_vld|     D_0_8_out|       pointer|
|p_read9            |   in|   32|     ap_none|       p_read9|        scalar|
|D_0_9_out          |  out|   32|      ap_vld|     D_0_9_out|       pointer|
|D_0_9_out_ap_vld   |  out|    1|      ap_vld|     D_0_9_out|       pointer|
|p_read10           |   in|   32|     ap_none|      p_read10|        scalar|
|D_0_10_out         |  out|   32|      ap_vld|    D_0_10_out|       pointer|
|D_0_10_out_ap_vld  |  out|    1|      ap_vld|    D_0_10_out|       pointer|
|p_read11           |   in|   32|     ap_none|      p_read11|        scalar|
|D_0_11_out         |  out|   32|      ap_vld|    D_0_11_out|       pointer|
|D_0_11_out_ap_vld  |  out|    1|      ap_vld|    D_0_11_out|       pointer|
|p_read12           |   in|   32|     ap_none|      p_read12|        scalar|
|D_0_12_out         |  out|   32|      ap_vld|    D_0_12_out|       pointer|
|D_0_12_out_ap_vld  |  out|    1|      ap_vld|    D_0_12_out|       pointer|
|p_read13           |   in|   32|     ap_none|      p_read13|        scalar|
|D_0_13_out         |  out|   32|      ap_vld|    D_0_13_out|       pointer|
|D_0_13_out_ap_vld  |  out|    1|      ap_vld|    D_0_13_out|       pointer|
|p_read14           |   in|   32|     ap_none|      p_read14|        scalar|
|D_0_14_out         |  out|   32|      ap_vld|    D_0_14_out|       pointer|
|D_0_14_out_ap_vld  |  out|    1|      ap_vld|    D_0_14_out|       pointer|
|p_read15           |   in|   32|     ap_none|      p_read15|        scalar|
|D_0_15_out         |  out|   32|      ap_vld|    D_0_15_out|       pointer|
|D_0_15_out_ap_vld  |  out|    1|      ap_vld|    D_0_15_out|       pointer|
|p_read16           |   in|   32|     ap_none|      p_read16|        scalar|
|D_0_16_out         |  out|   32|      ap_vld|    D_0_16_out|       pointer|
|D_0_16_out_ap_vld  |  out|    1|      ap_vld|    D_0_16_out|       pointer|
|p_read17           |   in|   32|     ap_none|      p_read17|        scalar|
|D_0_17_out         |  out|   32|      ap_vld|    D_0_17_out|       pointer|
|D_0_17_out_ap_vld  |  out|    1|      ap_vld|    D_0_17_out|       pointer|
|p_read18           |   in|   32|     ap_none|      p_read18|        scalar|
|D_0_18_out         |  out|   32|      ap_vld|    D_0_18_out|       pointer|
|D_0_18_out_ap_vld  |  out|    1|      ap_vld|    D_0_18_out|       pointer|
|p_read19           |   in|   32|     ap_none|      p_read19|        scalar|
|D_0_19_out         |  out|   32|      ap_vld|    D_0_19_out|       pointer|
|D_0_19_out_ap_vld  |  out|    1|      ap_vld|    D_0_19_out|       pointer|
|p_read20           |   in|   32|     ap_none|      p_read20|        scalar|
|D_0_20_out         |  out|   32|      ap_vld|    D_0_20_out|       pointer|
|D_0_20_out_ap_vld  |  out|    1|      ap_vld|    D_0_20_out|       pointer|
|p_read21           |   in|   32|     ap_none|      p_read21|        scalar|
|D_0_21_out         |  out|   32|      ap_vld|    D_0_21_out|       pointer|
|D_0_21_out_ap_vld  |  out|    1|      ap_vld|    D_0_21_out|       pointer|
|p_read22           |   in|   32|     ap_none|      p_read22|        scalar|
|D_0_22_out         |  out|   32|      ap_vld|    D_0_22_out|       pointer|
|D_0_22_out_ap_vld  |  out|    1|      ap_vld|    D_0_22_out|       pointer|
|p_read23           |   in|   32|     ap_none|      p_read23|        scalar|
|D_0_23_out         |  out|   32|      ap_vld|    D_0_23_out|       pointer|
|D_0_23_out_ap_vld  |  out|    1|      ap_vld|    D_0_23_out|       pointer|
|p_read24           |   in|   32|     ap_none|      p_read24|        scalar|
|D_0_24_out         |  out|   32|      ap_vld|    D_0_24_out|       pointer|
|D_0_24_out_ap_vld  |  out|    1|      ap_vld|    D_0_24_out|       pointer|
|p_read25           |   in|   32|     ap_none|      p_read25|        scalar|
|D_0_25_out         |  out|   32|      ap_vld|    D_0_25_out|       pointer|
|D_0_25_out_ap_vld  |  out|    1|      ap_vld|    D_0_25_out|       pointer|
|p_read26           |   in|   32|     ap_none|      p_read26|        scalar|
|D_0_26_out         |  out|   32|      ap_vld|    D_0_26_out|       pointer|
|D_0_26_out_ap_vld  |  out|    1|      ap_vld|    D_0_26_out|       pointer|
|p_read27           |   in|   32|     ap_none|      p_read27|        scalar|
|D_0_27_out         |  out|   32|      ap_vld|    D_0_27_out|       pointer|
|D_0_27_out_ap_vld  |  out|    1|      ap_vld|    D_0_27_out|       pointer|
|p_read28           |   in|   32|     ap_none|      p_read28|        scalar|
|D_0_28_out         |  out|   32|      ap_vld|    D_0_28_out|       pointer|
|D_0_28_out_ap_vld  |  out|    1|      ap_vld|    D_0_28_out|       pointer|
|p_read29           |   in|   32|     ap_none|      p_read29|        scalar|
|D_0_29_out         |  out|   32|      ap_vld|    D_0_29_out|       pointer|
|D_0_29_out_ap_vld  |  out|    1|      ap_vld|    D_0_29_out|       pointer|
|p_read30           |   in|   32|     ap_none|      p_read30|        scalar|
|D_0_30_out         |  out|   32|      ap_vld|    D_0_30_out|       pointer|
|D_0_30_out_ap_vld  |  out|    1|      ap_vld|    D_0_30_out|       pointer|
|p_read31           |   in|   32|     ap_none|      p_read31|        scalar|
|D_0_31_out         |  out|   32|      ap_vld|    D_0_31_out|       pointer|
|D_0_31_out_ap_vld  |  out|    1|      ap_vld|    D_0_31_out|       pointer|
|p_read32           |   in|   32|     ap_none|      p_read32|        scalar|
|D_1_0_out          |  out|   32|      ap_vld|     D_1_0_out|       pointer|
|D_1_0_out_ap_vld   |  out|    1|      ap_vld|     D_1_0_out|       pointer|
|p_read33           |   in|   32|     ap_none|      p_read33|        scalar|
|D_1_1_out          |  out|   32|      ap_vld|     D_1_1_out|       pointer|
|D_1_1_out_ap_vld   |  out|    1|      ap_vld|     D_1_1_out|       pointer|
|p_read34           |   in|   32|     ap_none|      p_read34|        scalar|
|D_1_2_out          |  out|   32|      ap_vld|     D_1_2_out|       pointer|
|D_1_2_out_ap_vld   |  out|    1|      ap_vld|     D_1_2_out|       pointer|
|p_read35           |   in|   32|     ap_none|      p_read35|        scalar|
|D_1_3_out          |  out|   32|      ap_vld|     D_1_3_out|       pointer|
|D_1_3_out_ap_vld   |  out|    1|      ap_vld|     D_1_3_out|       pointer|
|p_read36           |   in|   32|     ap_none|      p_read36|        scalar|
|D_1_4_out          |  out|   32|      ap_vld|     D_1_4_out|       pointer|
|D_1_4_out_ap_vld   |  out|    1|      ap_vld|     D_1_4_out|       pointer|
|p_read37           |   in|   32|     ap_none|      p_read37|        scalar|
|D_1_5_out          |  out|   32|      ap_vld|     D_1_5_out|       pointer|
|D_1_5_out_ap_vld   |  out|    1|      ap_vld|     D_1_5_out|       pointer|
|p_read38           |   in|   32|     ap_none|      p_read38|        scalar|
|D_1_6_out          |  out|   32|      ap_vld|     D_1_6_out|       pointer|
|D_1_6_out_ap_vld   |  out|    1|      ap_vld|     D_1_6_out|       pointer|
|p_read39           |   in|   32|     ap_none|      p_read39|        scalar|
|D_1_7_out          |  out|   32|      ap_vld|     D_1_7_out|       pointer|
|D_1_7_out_ap_vld   |  out|    1|      ap_vld|     D_1_7_out|       pointer|
|p_read40           |   in|   32|     ap_none|      p_read40|        scalar|
|D_1_8_out          |  out|   32|      ap_vld|     D_1_8_out|       pointer|
|D_1_8_out_ap_vld   |  out|    1|      ap_vld|     D_1_8_out|       pointer|
|p_read41           |   in|   32|     ap_none|      p_read41|        scalar|
|D_1_9_out          |  out|   32|      ap_vld|     D_1_9_out|       pointer|
|D_1_9_out_ap_vld   |  out|    1|      ap_vld|     D_1_9_out|       pointer|
|p_read42           |   in|   32|     ap_none|      p_read42|        scalar|
|D_1_10_out         |  out|   32|      ap_vld|    D_1_10_out|       pointer|
|D_1_10_out_ap_vld  |  out|    1|      ap_vld|    D_1_10_out|       pointer|
|p_read43           |   in|   32|     ap_none|      p_read43|        scalar|
|D_1_11_out         |  out|   32|      ap_vld|    D_1_11_out|       pointer|
|D_1_11_out_ap_vld  |  out|    1|      ap_vld|    D_1_11_out|       pointer|
|p_read44           |   in|   32|     ap_none|      p_read44|        scalar|
|D_1_12_out         |  out|   32|      ap_vld|    D_1_12_out|       pointer|
|D_1_12_out_ap_vld  |  out|    1|      ap_vld|    D_1_12_out|       pointer|
|p_read45           |   in|   32|     ap_none|      p_read45|        scalar|
|D_1_13_out         |  out|   32|      ap_vld|    D_1_13_out|       pointer|
|D_1_13_out_ap_vld  |  out|    1|      ap_vld|    D_1_13_out|       pointer|
|p_read46           |   in|   32|     ap_none|      p_read46|        scalar|
|D_1_14_out         |  out|   32|      ap_vld|    D_1_14_out|       pointer|
|D_1_14_out_ap_vld  |  out|    1|      ap_vld|    D_1_14_out|       pointer|
|p_read47           |   in|   32|     ap_none|      p_read47|        scalar|
|D_1_15_out         |  out|   32|      ap_vld|    D_1_15_out|       pointer|
|D_1_15_out_ap_vld  |  out|    1|      ap_vld|    D_1_15_out|       pointer|
|p_read48           |   in|   32|     ap_none|      p_read48|        scalar|
|D_1_16_out         |  out|   32|      ap_vld|    D_1_16_out|       pointer|
|D_1_16_out_ap_vld  |  out|    1|      ap_vld|    D_1_16_out|       pointer|
|p_read49           |   in|   32|     ap_none|      p_read49|        scalar|
|D_1_17_out         |  out|   32|      ap_vld|    D_1_17_out|       pointer|
|D_1_17_out_ap_vld  |  out|    1|      ap_vld|    D_1_17_out|       pointer|
|p_read50           |   in|   32|     ap_none|      p_read50|        scalar|
|D_1_18_out         |  out|   32|      ap_vld|    D_1_18_out|       pointer|
|D_1_18_out_ap_vld  |  out|    1|      ap_vld|    D_1_18_out|       pointer|
|p_read51           |   in|   32|     ap_none|      p_read51|        scalar|
|D_1_19_out         |  out|   32|      ap_vld|    D_1_19_out|       pointer|
|D_1_19_out_ap_vld  |  out|    1|      ap_vld|    D_1_19_out|       pointer|
|p_read52           |   in|   32|     ap_none|      p_read52|        scalar|
|D_1_20_out         |  out|   32|      ap_vld|    D_1_20_out|       pointer|
|D_1_20_out_ap_vld  |  out|    1|      ap_vld|    D_1_20_out|       pointer|
|p_read53           |   in|   32|     ap_none|      p_read53|        scalar|
|D_1_21_out         |  out|   32|      ap_vld|    D_1_21_out|       pointer|
|D_1_21_out_ap_vld  |  out|    1|      ap_vld|    D_1_21_out|       pointer|
|p_read54           |   in|   32|     ap_none|      p_read54|        scalar|
|D_1_22_out         |  out|   32|      ap_vld|    D_1_22_out|       pointer|
|D_1_22_out_ap_vld  |  out|    1|      ap_vld|    D_1_22_out|       pointer|
|p_read55           |   in|   32|     ap_none|      p_read55|        scalar|
|D_1_23_out         |  out|   32|      ap_vld|    D_1_23_out|       pointer|
|D_1_23_out_ap_vld  |  out|    1|      ap_vld|    D_1_23_out|       pointer|
|p_read56           |   in|   32|     ap_none|      p_read56|        scalar|
|D_1_24_out         |  out|   32|      ap_vld|    D_1_24_out|       pointer|
|D_1_24_out_ap_vld  |  out|    1|      ap_vld|    D_1_24_out|       pointer|
|p_read57           |   in|   32|     ap_none|      p_read57|        scalar|
|D_1_25_out         |  out|   32|      ap_vld|    D_1_25_out|       pointer|
|D_1_25_out_ap_vld  |  out|    1|      ap_vld|    D_1_25_out|       pointer|
|p_read58           |   in|   32|     ap_none|      p_read58|        scalar|
|D_1_26_out         |  out|   32|      ap_vld|    D_1_26_out|       pointer|
|D_1_26_out_ap_vld  |  out|    1|      ap_vld|    D_1_26_out|       pointer|
|p_read59           |   in|   32|     ap_none|      p_read59|        scalar|
|D_1_27_out         |  out|   32|      ap_vld|    D_1_27_out|       pointer|
|D_1_27_out_ap_vld  |  out|    1|      ap_vld|    D_1_27_out|       pointer|
|p_read60           |   in|   32|     ap_none|      p_read60|        scalar|
|D_1_28_out         |  out|   32|      ap_vld|    D_1_28_out|       pointer|
|D_1_28_out_ap_vld  |  out|    1|      ap_vld|    D_1_28_out|       pointer|
|p_read61           |   in|   32|     ap_none|      p_read61|        scalar|
|D_1_29_out         |  out|   32|      ap_vld|    D_1_29_out|       pointer|
|D_1_29_out_ap_vld  |  out|    1|      ap_vld|    D_1_29_out|       pointer|
|p_read62           |   in|   32|     ap_none|      p_read62|        scalar|
|D_1_30_out         |  out|   32|      ap_vld|    D_1_30_out|       pointer|
|D_1_30_out_ap_vld  |  out|    1|      ap_vld|    D_1_30_out|       pointer|
|p_read63           |   in|   32|     ap_none|      p_read63|        scalar|
|D_1_31_out         |  out|   32|      ap_vld|    D_1_31_out|       pointer|
|D_1_31_out_ap_vld  |  out|    1|      ap_vld|    D_1_31_out|       pointer|
|p_read64           |   in|   32|     ap_none|      p_read64|        scalar|
|D_2_0_out          |  out|   32|      ap_vld|     D_2_0_out|       pointer|
|D_2_0_out_ap_vld   |  out|    1|      ap_vld|     D_2_0_out|       pointer|
|p_read65           |   in|   32|     ap_none|      p_read65|        scalar|
|D_2_1_out          |  out|   32|      ap_vld|     D_2_1_out|       pointer|
|D_2_1_out_ap_vld   |  out|    1|      ap_vld|     D_2_1_out|       pointer|
|p_read66           |   in|   32|     ap_none|      p_read66|        scalar|
|D_2_2_out          |  out|   32|      ap_vld|     D_2_2_out|       pointer|
|D_2_2_out_ap_vld   |  out|    1|      ap_vld|     D_2_2_out|       pointer|
|p_read67           |   in|   32|     ap_none|      p_read67|        scalar|
|D_2_3_out          |  out|   32|      ap_vld|     D_2_3_out|       pointer|
|D_2_3_out_ap_vld   |  out|    1|      ap_vld|     D_2_3_out|       pointer|
|p_read68           |   in|   32|     ap_none|      p_read68|        scalar|
|D_2_4_out          |  out|   32|      ap_vld|     D_2_4_out|       pointer|
|D_2_4_out_ap_vld   |  out|    1|      ap_vld|     D_2_4_out|       pointer|
|p_read69           |   in|   32|     ap_none|      p_read69|        scalar|
|D_2_5_out          |  out|   32|      ap_vld|     D_2_5_out|       pointer|
|D_2_5_out_ap_vld   |  out|    1|      ap_vld|     D_2_5_out|       pointer|
|p_read70           |   in|   32|     ap_none|      p_read70|        scalar|
|D_2_6_out          |  out|   32|      ap_vld|     D_2_6_out|       pointer|
|D_2_6_out_ap_vld   |  out|    1|      ap_vld|     D_2_6_out|       pointer|
|p_read71           |   in|   32|     ap_none|      p_read71|        scalar|
|D_2_7_out          |  out|   32|      ap_vld|     D_2_7_out|       pointer|
|D_2_7_out_ap_vld   |  out|    1|      ap_vld|     D_2_7_out|       pointer|
|p_read72           |   in|   32|     ap_none|      p_read72|        scalar|
|D_2_8_out          |  out|   32|      ap_vld|     D_2_8_out|       pointer|
|D_2_8_out_ap_vld   |  out|    1|      ap_vld|     D_2_8_out|       pointer|
|p_read73           |   in|   32|     ap_none|      p_read73|        scalar|
|D_2_9_out          |  out|   32|      ap_vld|     D_2_9_out|       pointer|
|D_2_9_out_ap_vld   |  out|    1|      ap_vld|     D_2_9_out|       pointer|
|p_read74           |   in|   32|     ap_none|      p_read74|        scalar|
|D_2_10_out         |  out|   32|      ap_vld|    D_2_10_out|       pointer|
|D_2_10_out_ap_vld  |  out|    1|      ap_vld|    D_2_10_out|       pointer|
|p_read75           |   in|   32|     ap_none|      p_read75|        scalar|
|D_2_11_out         |  out|   32|      ap_vld|    D_2_11_out|       pointer|
|D_2_11_out_ap_vld  |  out|    1|      ap_vld|    D_2_11_out|       pointer|
|p_read76           |   in|   32|     ap_none|      p_read76|        scalar|
|D_2_12_out         |  out|   32|      ap_vld|    D_2_12_out|       pointer|
|D_2_12_out_ap_vld  |  out|    1|      ap_vld|    D_2_12_out|       pointer|
|p_read77           |   in|   32|     ap_none|      p_read77|        scalar|
|D_2_13_out         |  out|   32|      ap_vld|    D_2_13_out|       pointer|
|D_2_13_out_ap_vld  |  out|    1|      ap_vld|    D_2_13_out|       pointer|
|p_read78           |   in|   32|     ap_none|      p_read78|        scalar|
|D_2_14_out         |  out|   32|      ap_vld|    D_2_14_out|       pointer|
|D_2_14_out_ap_vld  |  out|    1|      ap_vld|    D_2_14_out|       pointer|
|p_read79           |   in|   32|     ap_none|      p_read79|        scalar|
|D_2_15_out         |  out|   32|      ap_vld|    D_2_15_out|       pointer|
|D_2_15_out_ap_vld  |  out|    1|      ap_vld|    D_2_15_out|       pointer|
|p_read80           |   in|   32|     ap_none|      p_read80|        scalar|
|D_2_16_out         |  out|   32|      ap_vld|    D_2_16_out|       pointer|
|D_2_16_out_ap_vld  |  out|    1|      ap_vld|    D_2_16_out|       pointer|
|p_read81           |   in|   32|     ap_none|      p_read81|        scalar|
|D_2_17_out         |  out|   32|      ap_vld|    D_2_17_out|       pointer|
|D_2_17_out_ap_vld  |  out|    1|      ap_vld|    D_2_17_out|       pointer|
|p_read82           |   in|   32|     ap_none|      p_read82|        scalar|
|D_2_18_out         |  out|   32|      ap_vld|    D_2_18_out|       pointer|
|D_2_18_out_ap_vld  |  out|    1|      ap_vld|    D_2_18_out|       pointer|
|p_read83           |   in|   32|     ap_none|      p_read83|        scalar|
|D_2_19_out         |  out|   32|      ap_vld|    D_2_19_out|       pointer|
|D_2_19_out_ap_vld  |  out|    1|      ap_vld|    D_2_19_out|       pointer|
|p_read84           |   in|   32|     ap_none|      p_read84|        scalar|
|D_2_20_out         |  out|   32|      ap_vld|    D_2_20_out|       pointer|
|D_2_20_out_ap_vld  |  out|    1|      ap_vld|    D_2_20_out|       pointer|
|p_read85           |   in|   32|     ap_none|      p_read85|        scalar|
|D_2_21_out         |  out|   32|      ap_vld|    D_2_21_out|       pointer|
|D_2_21_out_ap_vld  |  out|    1|      ap_vld|    D_2_21_out|       pointer|
|p_read86           |   in|   32|     ap_none|      p_read86|        scalar|
|D_2_22_out         |  out|   32|      ap_vld|    D_2_22_out|       pointer|
|D_2_22_out_ap_vld  |  out|    1|      ap_vld|    D_2_22_out|       pointer|
|p_read87           |   in|   32|     ap_none|      p_read87|        scalar|
|D_2_23_out         |  out|   32|      ap_vld|    D_2_23_out|       pointer|
|D_2_23_out_ap_vld  |  out|    1|      ap_vld|    D_2_23_out|       pointer|
|p_read88           |   in|   32|     ap_none|      p_read88|        scalar|
|D_2_24_out         |  out|   32|      ap_vld|    D_2_24_out|       pointer|
|D_2_24_out_ap_vld  |  out|    1|      ap_vld|    D_2_24_out|       pointer|
|p_read89           |   in|   32|     ap_none|      p_read89|        scalar|
|D_2_25_out         |  out|   32|      ap_vld|    D_2_25_out|       pointer|
|D_2_25_out_ap_vld  |  out|    1|      ap_vld|    D_2_25_out|       pointer|
|p_read90           |   in|   32|     ap_none|      p_read90|        scalar|
|D_2_26_out         |  out|   32|      ap_vld|    D_2_26_out|       pointer|
|D_2_26_out_ap_vld  |  out|    1|      ap_vld|    D_2_26_out|       pointer|
|p_read91           |   in|   32|     ap_none|      p_read91|        scalar|
|D_2_27_out         |  out|   32|      ap_vld|    D_2_27_out|       pointer|
|D_2_27_out_ap_vld  |  out|    1|      ap_vld|    D_2_27_out|       pointer|
|p_read92           |   in|   32|     ap_none|      p_read92|        scalar|
|D_2_28_out         |  out|   32|      ap_vld|    D_2_28_out|       pointer|
|D_2_28_out_ap_vld  |  out|    1|      ap_vld|    D_2_28_out|       pointer|
|p_read93           |   in|   32|     ap_none|      p_read93|        scalar|
|D_2_29_out         |  out|   32|      ap_vld|    D_2_29_out|       pointer|
|D_2_29_out_ap_vld  |  out|    1|      ap_vld|    D_2_29_out|       pointer|
|p_read94           |   in|   32|     ap_none|      p_read94|        scalar|
|D_2_30_out         |  out|   32|      ap_vld|    D_2_30_out|       pointer|
|D_2_30_out_ap_vld  |  out|    1|      ap_vld|    D_2_30_out|       pointer|
|p_read95           |   in|   32|     ap_none|      p_read95|        scalar|
|D_2_31_out         |  out|   32|      ap_vld|    D_2_31_out|       pointer|
|D_2_31_out_ap_vld  |  out|    1|      ap_vld|    D_2_31_out|       pointer|
|p_read96           |   in|   32|     ap_none|      p_read96|        scalar|
|D_3_0_out          |  out|   32|      ap_vld|     D_3_0_out|       pointer|
|D_3_0_out_ap_vld   |  out|    1|      ap_vld|     D_3_0_out|       pointer|
|p_read97           |   in|   32|     ap_none|      p_read97|        scalar|
|D_3_1_out          |  out|   32|      ap_vld|     D_3_1_out|       pointer|
|D_3_1_out_ap_vld   |  out|    1|      ap_vld|     D_3_1_out|       pointer|
|p_read98           |   in|   32|     ap_none|      p_read98|        scalar|
|D_3_2_out          |  out|   32|      ap_vld|     D_3_2_out|       pointer|
|D_3_2_out_ap_vld   |  out|    1|      ap_vld|     D_3_2_out|       pointer|
|p_read99           |   in|   32|     ap_none|      p_read99|        scalar|
|D_3_3_out          |  out|   32|      ap_vld|     D_3_3_out|       pointer|
|D_3_3_out_ap_vld   |  out|    1|      ap_vld|     D_3_3_out|       pointer|
|p_read100          |   in|   32|     ap_none|     p_read100|        scalar|
|D_3_4_out          |  out|   32|      ap_vld|     D_3_4_out|       pointer|
|D_3_4_out_ap_vld   |  out|    1|      ap_vld|     D_3_4_out|       pointer|
|p_read101          |   in|   32|     ap_none|     p_read101|        scalar|
|D_3_5_out          |  out|   32|      ap_vld|     D_3_5_out|       pointer|
|D_3_5_out_ap_vld   |  out|    1|      ap_vld|     D_3_5_out|       pointer|
|p_read102          |   in|   32|     ap_none|     p_read102|        scalar|
|D_3_6_out          |  out|   32|      ap_vld|     D_3_6_out|       pointer|
|D_3_6_out_ap_vld   |  out|    1|      ap_vld|     D_3_6_out|       pointer|
|p_read103          |   in|   32|     ap_none|     p_read103|        scalar|
|D_3_7_out          |  out|   32|      ap_vld|     D_3_7_out|       pointer|
|D_3_7_out_ap_vld   |  out|    1|      ap_vld|     D_3_7_out|       pointer|
|p_read104          |   in|   32|     ap_none|     p_read104|        scalar|
|D_3_8_out          |  out|   32|      ap_vld|     D_3_8_out|       pointer|
|D_3_8_out_ap_vld   |  out|    1|      ap_vld|     D_3_8_out|       pointer|
|p_read105          |   in|   32|     ap_none|     p_read105|        scalar|
|D_3_9_out          |  out|   32|      ap_vld|     D_3_9_out|       pointer|
|D_3_9_out_ap_vld   |  out|    1|      ap_vld|     D_3_9_out|       pointer|
|p_read106          |   in|   32|     ap_none|     p_read106|        scalar|
|D_3_10_out         |  out|   32|      ap_vld|    D_3_10_out|       pointer|
|D_3_10_out_ap_vld  |  out|    1|      ap_vld|    D_3_10_out|       pointer|
|p_read107          |   in|   32|     ap_none|     p_read107|        scalar|
|D_3_11_out         |  out|   32|      ap_vld|    D_3_11_out|       pointer|
|D_3_11_out_ap_vld  |  out|    1|      ap_vld|    D_3_11_out|       pointer|
|p_read108          |   in|   32|     ap_none|     p_read108|        scalar|
|D_3_12_out         |  out|   32|      ap_vld|    D_3_12_out|       pointer|
|D_3_12_out_ap_vld  |  out|    1|      ap_vld|    D_3_12_out|       pointer|
|p_read109          |   in|   32|     ap_none|     p_read109|        scalar|
|D_3_13_out         |  out|   32|      ap_vld|    D_3_13_out|       pointer|
|D_3_13_out_ap_vld  |  out|    1|      ap_vld|    D_3_13_out|       pointer|
|p_read110          |   in|   32|     ap_none|     p_read110|        scalar|
|D_3_14_out         |  out|   32|      ap_vld|    D_3_14_out|       pointer|
|D_3_14_out_ap_vld  |  out|    1|      ap_vld|    D_3_14_out|       pointer|
|p_read111          |   in|   32|     ap_none|     p_read111|        scalar|
|D_3_15_out         |  out|   32|      ap_vld|    D_3_15_out|       pointer|
|D_3_15_out_ap_vld  |  out|    1|      ap_vld|    D_3_15_out|       pointer|
|p_read112          |   in|   32|     ap_none|     p_read112|        scalar|
|D_3_16_out         |  out|   32|      ap_vld|    D_3_16_out|       pointer|
|D_3_16_out_ap_vld  |  out|    1|      ap_vld|    D_3_16_out|       pointer|
|p_read113          |   in|   32|     ap_none|     p_read113|        scalar|
|D_3_17_out         |  out|   32|      ap_vld|    D_3_17_out|       pointer|
|D_3_17_out_ap_vld  |  out|    1|      ap_vld|    D_3_17_out|       pointer|
|p_read114          |   in|   32|     ap_none|     p_read114|        scalar|
|D_3_18_out         |  out|   32|      ap_vld|    D_3_18_out|       pointer|
|D_3_18_out_ap_vld  |  out|    1|      ap_vld|    D_3_18_out|       pointer|
|p_read115          |   in|   32|     ap_none|     p_read115|        scalar|
|D_3_19_out         |  out|   32|      ap_vld|    D_3_19_out|       pointer|
|D_3_19_out_ap_vld  |  out|    1|      ap_vld|    D_3_19_out|       pointer|
|p_read116          |   in|   32|     ap_none|     p_read116|        scalar|
|D_3_20_out         |  out|   32|      ap_vld|    D_3_20_out|       pointer|
|D_3_20_out_ap_vld  |  out|    1|      ap_vld|    D_3_20_out|       pointer|
|p_read117          |   in|   32|     ap_none|     p_read117|        scalar|
|D_3_21_out         |  out|   32|      ap_vld|    D_3_21_out|       pointer|
|D_3_21_out_ap_vld  |  out|    1|      ap_vld|    D_3_21_out|       pointer|
|p_read118          |   in|   32|     ap_none|     p_read118|        scalar|
|D_3_22_out         |  out|   32|      ap_vld|    D_3_22_out|       pointer|
|D_3_22_out_ap_vld  |  out|    1|      ap_vld|    D_3_22_out|       pointer|
|p_read119          |   in|   32|     ap_none|     p_read119|        scalar|
|D_3_23_out         |  out|   32|      ap_vld|    D_3_23_out|       pointer|
|D_3_23_out_ap_vld  |  out|    1|      ap_vld|    D_3_23_out|       pointer|
|p_read120          |   in|   32|     ap_none|     p_read120|        scalar|
|D_3_24_out         |  out|   32|      ap_vld|    D_3_24_out|       pointer|
|D_3_24_out_ap_vld  |  out|    1|      ap_vld|    D_3_24_out|       pointer|
|p_read121          |   in|   32|     ap_none|     p_read121|        scalar|
|D_3_25_out         |  out|   32|      ap_vld|    D_3_25_out|       pointer|
|D_3_25_out_ap_vld  |  out|    1|      ap_vld|    D_3_25_out|       pointer|
|p_read122          |   in|   32|     ap_none|     p_read122|        scalar|
|D_3_26_out         |  out|   32|      ap_vld|    D_3_26_out|       pointer|
|D_3_26_out_ap_vld  |  out|    1|      ap_vld|    D_3_26_out|       pointer|
|p_read123          |   in|   32|     ap_none|     p_read123|        scalar|
|D_3_27_out         |  out|   32|      ap_vld|    D_3_27_out|       pointer|
|D_3_27_out_ap_vld  |  out|    1|      ap_vld|    D_3_27_out|       pointer|
|p_read124          |   in|   32|     ap_none|     p_read124|        scalar|
|D_3_28_out         |  out|   32|      ap_vld|    D_3_28_out|       pointer|
|D_3_28_out_ap_vld  |  out|    1|      ap_vld|    D_3_28_out|       pointer|
|p_read125          |   in|   32|     ap_none|     p_read125|        scalar|
|D_3_29_out         |  out|   32|      ap_vld|    D_3_29_out|       pointer|
|D_3_29_out_ap_vld  |  out|    1|      ap_vld|    D_3_29_out|       pointer|
|p_read126          |   in|   32|     ap_none|     p_read126|        scalar|
|D_3_30_out         |  out|   32|      ap_vld|    D_3_30_out|       pointer|
|D_3_30_out_ap_vld  |  out|    1|      ap_vld|    D_3_30_out|       pointer|
|p_read127          |   in|   32|     ap_none|     p_read127|        scalar|
|D_3_31_out         |  out|   32|      ap_vld|    D_3_31_out|       pointer|
|D_3_31_out_ap_vld  |  out|    1|      ap_vld|    D_3_31_out|       pointer|
|i0                 |   in|    6|     ap_none|            i0|        scalar|
+-------------------+-----+-----+------------+--------------+--------------+

