

================================================================
== Vitis HLS Report for 'write_tmp_FT0_4_Pipeline_VITIS_LOOP_1013_1_VITIS_LOOP_1014_2'
================================================================
* Date:           Wed Dec 18 11:38:04 2024

* Version:        2023.2 (Build 4023990 on Oct 11 2023)
* Project:        kernel_nlp_slr0
* Solution:       solution (Vitis Kernel Flow Target)
* Product family: virtexuplusHBM
* Target device:  xcu55c-fsvh2892-2L-e


================================================================
== Performance Estimates
================================================================
+ Timing: 
    * Summary: 
    +--------+---------+----------+------------+
    |  Clock |  Target | Estimated| Uncertainty|
    +--------+---------+----------+------------+
    |ap_clk  |  4.55 ns|  2.067 ns|     1.23 ns|
    +--------+---------+----------+------------+

+ Latency: 
    * Summary: 
    +---------+---------+-----------+-----------+-----+-----+---------+
    |  Latency (cycles) |   Latency (absolute)  |  Interval | Pipeline|
    |   min   |   max   |    min    |    max    | min | max |   Type  |
    +---------+---------+-----------+-----------+-----+-----+---------+
    |       10|       10|  45.450 ns|  45.450 ns|   10|   10|       no|
    +---------+---------+-----------+-----------+-----+-----+---------+

    + Detail: 
        * Instance: 
        N/A

        * Loop: 
        +---------------------------------------+---------+---------+----------+-----------+-----------+------+----------+
        |                                       |  Latency (cycles) | Iteration|  Initiation Interval  | Trip |          |
        |               Loop Name               |   min   |   max   |  Latency |  achieved |   target  | Count| Pipelined|
        +---------------------------------------+---------+---------+----------+-----------+-----------+------+----------+
        |- VITIS_LOOP_1013_1_VITIS_LOOP_1014_2  |        8|        8|         2|          1|          1|     8|       yes|
        +---------------------------------------+---------+---------+----------+-----------+-----------+------+----------+



================================================================
== Utilization Estimates
================================================================
* Summary: 
+---------------------+---------+------+---------+---------+-----+
|         Name        | BRAM_18K|  DSP |    FF   |   LUT   | URAM|
+---------------------+---------+------+---------+---------+-----+
|DSP                  |        -|     -|        -|        -|    -|
|Expression           |        -|     -|        0|     2121|    -|
|FIFO                 |        -|     -|        -|        -|    -|
|Instance             |        -|     -|        0|      320|    -|
|Memory               |        -|     -|        -|        -|    -|
|Multiplexer          |        -|     -|        -|       81|    -|
|Register             |        -|     -|      528|        -|    -|
+---------------------+---------+------+---------+---------+-----+
|Total                |        0|     0|      528|     2522|    0|
+---------------------+---------+------+---------+---------+-----+
|Available SLR        |     1344|  3008|   869120|   434560|  320|
+---------------------+---------+------+---------+---------+-----+
|Utilization SLR (%)  |        0|     0|       ~0|       ~0|    0|
+---------------------+---------+------+---------+---------+-----+
|Available            |     4032|  9024|  2607360|  1303680|  960|
+---------------------+---------+------+---------+---------+-----+
|Utilization (%)      |        0|     0|       ~0|       ~0|    0|
+---------------------+---------+------+---------+---------+-----+

+ Detail: 
    * Instance: 
    +----------------------------+----------------------+---------+----+---+----+-----+
    |          Instance          |        Module        | BRAM_18K| DSP| FF| LUT| URAM|
    +----------------------------+----------------------+---------+----+---+----+-----+
    |sparsemux_9_2_32_1_1_U1601  |sparsemux_9_2_32_1_1  |        0|   0|  0|  20|    0|
    |sparsemux_9_2_32_1_1_U1602  |sparsemux_9_2_32_1_1  |        0|   0|  0|  20|    0|
    |sparsemux_9_2_32_1_1_U1603  |sparsemux_9_2_32_1_1  |        0|   0|  0|  20|    0|
    |sparsemux_9_2_32_1_1_U1604  |sparsemux_9_2_32_1_1  |        0|   0|  0|  20|    0|
    |sparsemux_9_2_32_1_1_U1605  |sparsemux_9_2_32_1_1  |        0|   0|  0|  20|    0|
    |sparsemux_9_2_32_1_1_U1606  |sparsemux_9_2_32_1_1  |        0|   0|  0|  20|    0|
    |sparsemux_9_2_32_1_1_U1607  |sparsemux_9_2_32_1_1  |        0|   0|  0|  20|    0|
    |sparsemux_9_2_32_1_1_U1608  |sparsemux_9_2_32_1_1  |        0|   0|  0|  20|    0|
    |sparsemux_9_2_32_1_1_U1609  |sparsemux_9_2_32_1_1  |        0|   0|  0|  20|    0|
    |sparsemux_9_2_32_1_1_U1610  |sparsemux_9_2_32_1_1  |        0|   0|  0|  20|    0|
    |sparsemux_9_2_32_1_1_U1611  |sparsemux_9_2_32_1_1  |        0|   0|  0|  20|    0|
    |sparsemux_9_2_32_1_1_U1612  |sparsemux_9_2_32_1_1  |        0|   0|  0|  20|    0|
    |sparsemux_9_2_32_1_1_U1613  |sparsemux_9_2_32_1_1  |        0|   0|  0|  20|    0|
    |sparsemux_9_2_32_1_1_U1614  |sparsemux_9_2_32_1_1  |        0|   0|  0|  20|    0|
    |sparsemux_9_2_32_1_1_U1615  |sparsemux_9_2_32_1_1  |        0|   0|  0|  20|    0|
    |sparsemux_9_2_32_1_1_U1616  |sparsemux_9_2_32_1_1  |        0|   0|  0|  20|    0|
    +----------------------------+----------------------+---------+----+---+----+-----+
    |Total                       |                      |        0|   0|  0| 320|    0|
    +----------------------------+----------------------+---------+----+---+----+-----+

    * DSP: 
    N/A

    * Memory: 
    N/A

    * FIFO: 
    N/A

    * Expression: 
    +----------------------------+----------+----+---+----+------------+------------+
    |        Variable Name       | Operation| DSP| FF| LUT| Bitwidth P0| Bitwidth P1|
    +----------------------------+----------+----+---+----+------------+------------+
    |add_ln1013_1_fu_1129_p2     |         +|   0|  0|  12|           4|           1|
    |add_ln1013_fu_1141_p2       |         +|   0|  0|  10|           3|           1|
    |add_ln1014_fu_2081_p2       |         +|   0|  0|  13|           6|           5|
    |ap_block_pp0_stage0_01001   |       and|   0|  0|   2|           1|           1|
    |icmp_ln1013_fu_1123_p2      |      icmp|   0|  0|  12|           4|           5|
    |icmp_ln1017_fu_1179_p2      |      icmp|   0|  0|  13|           5|           6|
    |select_ln1013_1_fu_1163_p3  |    select|   0|  0|   3|           1|           3|
    |select_ln1013_fu_1155_p3    |    select|   0|  0|   6|           1|           1|
    |tmp_10_i_fu_1777_p2         |    select|   0|  0|  32|           1|          32|
    |tmp_10_i_fu_1777_p4         |    select|   0|  0|  32|           1|          32|
    |tmp_10_i_fu_1777_p6         |    select|   0|  0|  32|           1|          32|
    |tmp_10_i_fu_1777_p8         |    select|   0|  0|  32|           1|          32|
    |tmp_11_i_fu_1833_p2         |    select|   0|  0|  32|           1|          32|
    |tmp_11_i_fu_1833_p4         |    select|   0|  0|  32|           1|          32|
    |tmp_11_i_fu_1833_p6         |    select|   0|  0|  32|           1|          32|
    |tmp_11_i_fu_1833_p8         |    select|   0|  0|  32|           1|          32|
    |tmp_12_i_fu_1889_p2         |    select|   0|  0|  32|           1|          32|
    |tmp_12_i_fu_1889_p4         |    select|   0|  0|  32|           1|          32|
    |tmp_12_i_fu_1889_p6         |    select|   0|  0|  32|           1|          32|
    |tmp_12_i_fu_1889_p8         |    select|   0|  0|  32|           1|          32|
    |tmp_13_i_fu_1945_p2         |    select|   0|  0|  32|           1|          32|
    |tmp_13_i_fu_1945_p4         |    select|   0|  0|  32|           1|          32|
    |tmp_13_i_fu_1945_p6         |    select|   0|  0|  32|           1|          32|
    |tmp_13_i_fu_1945_p8         |    select|   0|  0|  32|           1|          32|
    |tmp_14_i_fu_2001_p2         |    select|   0|  0|  32|           1|          32|
    |tmp_14_i_fu_2001_p4         |    select|   0|  0|  32|           1|          32|
    |tmp_14_i_fu_2001_p6         |    select|   0|  0|  32|           1|          32|
    |tmp_14_i_fu_2001_p8         |    select|   0|  0|  32|           1|          32|
    |tmp_15_i_fu_2057_p2         |    select|   0|  0|  32|           1|          32|
    |tmp_15_i_fu_2057_p4         |    select|   0|  0|  32|           1|          32|
    |tmp_15_i_fu_2057_p6         |    select|   0|  0|  32|           1|          32|
    |tmp_15_i_fu_2057_p8         |    select|   0|  0|  32|           1|          32|
    |tmp_1_i_fu_1385_p2          |    select|   0|  0|  32|           1|          32|
    |tmp_1_i_fu_1385_p4          |    select|   0|  0|  32|           1|          32|
    |tmp_1_i_fu_1385_p6          |    select|   0|  0|  32|           1|          32|
    |tmp_1_i_fu_1385_p8          |    select|   0|  0|  32|           1|          32|
    |tmp_2_i_fu_1441_p2          |    select|   0|  0|  32|           1|          32|
    |tmp_2_i_fu_1441_p4          |    select|   0|  0|  32|           1|          32|
    |tmp_2_i_fu_1441_p6          |    select|   0|  0|  32|           1|          32|
    |tmp_2_i_fu_1441_p8          |    select|   0|  0|  32|           1|          32|
    |tmp_3_i_fu_1497_p2          |    select|   0|  0|  32|           1|          32|
    |tmp_3_i_fu_1497_p4          |    select|   0|  0|  32|           1|          32|
    |tmp_3_i_fu_1497_p6          |    select|   0|  0|  32|           1|          32|
    |tmp_3_i_fu_1497_p8          |    select|   0|  0|  32|           1|          32|
    |tmp_4_i_fu_1217_p2          |    select|   0|  0|  32|           1|          32|
    |tmp_4_i_fu_1217_p4          |    select|   0|  0|  32|           1|          32|
    |tmp_4_i_fu_1217_p6          |    select|   0|  0|  32|           1|          32|
    |tmp_4_i_fu_1217_p8          |    select|   0|  0|  32|           1|          32|
    |tmp_5_i_fu_1553_p2          |    select|   0|  0|  32|           1|          32|
    |tmp_5_i_fu_1553_p4          |    select|   0|  0|  32|           1|          32|
    |tmp_5_i_fu_1553_p6          |    select|   0|  0|  32|           1|          32|
    |tmp_5_i_fu_1553_p8          |    select|   0|  0|  32|           1|          32|
    |tmp_6_i_fu_1609_p2          |    select|   0|  0|  32|           1|          32|
    |tmp_6_i_fu_1609_p4          |    select|   0|  0|  32|           1|          32|
    |tmp_6_i_fu_1609_p6          |    select|   0|  0|  32|           1|          32|
    |tmp_6_i_fu_1609_p8          |    select|   0|  0|  32|           1|          32|
    |tmp_7_i_fu_1665_p2          |    select|   0|  0|  32|           1|          32|
    |tmp_7_i_fu_1665_p4          |    select|   0|  0|  32|           1|          32|
    |tmp_7_i_fu_1665_p6          |    select|   0|  0|  32|           1|          32|
    |tmp_7_i_fu_1665_p8          |    select|   0|  0|  32|           1|          32|
    |tmp_8_i_fu_1721_p2          |    select|   0|  0|  32|           1|          32|
    |tmp_8_i_fu_1721_p4          |    select|   0|  0|  32|           1|          32|
    |tmp_8_i_fu_1721_p6          |    select|   0|  0|  32|           1|          32|
    |tmp_8_i_fu_1721_p8          |    select|   0|  0|  32|           1|          32|
    |tmp_9_i_fu_1273_p2          |    select|   0|  0|  32|           1|          32|
    |tmp_9_i_fu_1273_p4          |    select|   0|  0|  32|           1|          32|
    |tmp_9_i_fu_1273_p6          |    select|   0|  0|  32|           1|          32|
    |tmp_9_i_fu_1273_p8          |    select|   0|  0|  32|           1|          32|
    |tmp_i_fu_1329_p2            |    select|   0|  0|  32|           1|          32|
    |tmp_i_fu_1329_p4            |    select|   0|  0|  32|           1|          32|
    |tmp_i_fu_1329_p6            |    select|   0|  0|  32|           1|          32|
    |tmp_i_fu_1329_p8            |    select|   0|  0|  32|           1|          32|
    |ap_enable_pp0               |       xor|   0|  0|   2|           1|           2|
    +----------------------------+----------+----+---+----+------------+------------+
    |Total                       |          |   0|  0|2121|          90|        2073|
    +----------------------------+----------+----+---+----+------------+------------+

    * Multiplexer: 
    +--------------------------------------+----+-----------+-----+-----------+
    |                 Name                 | LUT| Input Size| Bits| Total Bits|
    +--------------------------------------+----+-----------+-----+-----------+
    |ap_done_int                           |   9|          2|    1|          2|
    |ap_enable_reg_pp0_iter1               |   9|          2|    1|          2|
    |ap_sig_allocacmp_d0_load              |   9|          2|    3|          6|
    |ap_sig_allocacmp_d1_load              |   9|          2|    6|         12|
    |ap_sig_allocacmp_indvar_flatten_load  |   9|          2|    4|          8|
    |d0_fu_322                             |   9|          2|    3|          6|
    |d1_fu_318                             |   9|          2|    6|         12|
    |fifo_tmp_to_off_chip_blk_n            |   9|          2|    1|          2|
    |indvar_flatten_fu_326                 |   9|          2|    4|          8|
    +--------------------------------------+----+-----------+-----+-----------+
    |Total                                 |  81|         18|   29|         58|
    +--------------------------------------+----+-----------+-----+-----------+

    * Register: 
    +-------------------------+----+----+-----+-----------+
    |           Name          | FF | LUT| Bits| Const Bits|
    +-------------------------+----+----+-----+-----------+
    |ap_CS_fsm                |   1|   0|    1|          0|
    |ap_done_reg              |   1|   0|    1|          0|
    |ap_enable_reg_pp0_iter1  |   1|   0|    1|          0|
    |d0_fu_322                |   3|   0|    3|          0|
    |d1_fu_318                |   6|   0|    6|          0|
    |indvar_flatten_fu_326    |   4|   0|    4|          0|
    |tmp_10_i_reg_2261        |  32|   0|   32|          0|
    |tmp_11_i_reg_2266        |  32|   0|   32|          0|
    |tmp_12_i_reg_2271        |  32|   0|   32|          0|
    |tmp_13_i_reg_2276        |  32|   0|   32|          0|
    |tmp_14_i_reg_2281        |  32|   0|   32|          0|
    |tmp_15_i_reg_2286        |  32|   0|   32|          0|
    |tmp_1_i_reg_2226         |  32|   0|   32|          0|
    |tmp_2_i_reg_2231         |  32|   0|   32|          0|
    |tmp_3_i_reg_2236         |  32|   0|   32|          0|
    |tmp_4_i_reg_2211         |  32|   0|   32|          0|
    |tmp_5_i_reg_2241         |  32|   0|   32|          0|
    |tmp_6_i_reg_2246         |  32|   0|   32|          0|
    |tmp_7_i_reg_2251         |  32|   0|   32|          0|
    |tmp_8_i_reg_2256         |  32|   0|   32|          0|
    |tmp_9_i_reg_2216         |  32|   0|   32|          0|
    |tmp_i_reg_2221           |  32|   0|   32|          0|
    +-------------------------+----+----+-----+-----------+
    |Total                    | 528|   0|  528|          0|
    +-------------------------+----+----+-----+-----------+



================================================================
== Interface
================================================================
* Summary: 
+-------------------------------------+-----+-----+------------+--------------------------------------------------------------+--------------+
|              RTL Ports              | Dir | Bits|  Protocol  |                         Source Object                        |    C Type    |
+-------------------------------------+-----+-----+------------+--------------------------------------------------------------+--------------+
|ap_clk                               |   in|    1|  ap_ctrl_hs|  write_tmp_FT0.4_Pipeline_VITIS_LOOP_1013_1_VITIS_LOOP_1014_2|  return value|
|ap_rst                               |   in|    1|  ap_ctrl_hs|  write_tmp_FT0.4_Pipeline_VITIS_LOOP_1013_1_VITIS_LOOP_1014_2|  return value|
|ap_start                             |   in|    1|  ap_ctrl_hs|  write_tmp_FT0.4_Pipeline_VITIS_LOOP_1013_1_VITIS_LOOP_1014_2|  return value|
|ap_done                              |  out|    1|  ap_ctrl_hs|  write_tmp_FT0.4_Pipeline_VITIS_LOOP_1013_1_VITIS_LOOP_1014_2|  return value|
|ap_idle                              |  out|    1|  ap_ctrl_hs|  write_tmp_FT0.4_Pipeline_VITIS_LOOP_1013_1_VITIS_LOOP_1014_2|  return value|
|ap_ready                             |  out|    1|  ap_ctrl_hs|  write_tmp_FT0.4_Pipeline_VITIS_LOOP_1013_1_VITIS_LOOP_1014_2|  return value|
|fifo_tmp_to_off_chip_din             |  out|  512|     ap_fifo|                                          fifo_tmp_to_off_chip|       pointer|
|fifo_tmp_to_off_chip_num_data_valid  |   in|   11|     ap_fifo|                                          fifo_tmp_to_off_chip|       pointer|
|fifo_tmp_to_off_chip_fifo_cap        |   in|   11|     ap_fifo|                                          fifo_tmp_to_off_chip|       pointer|
|fifo_tmp_to_off_chip_full_n          |   in|    1|     ap_fifo|                                          fifo_tmp_to_off_chip|       pointer|
|fifo_tmp_to_off_chip_write           |  out|    1|     ap_fifo|                                          fifo_tmp_to_off_chip|       pointer|
|tmp_1_0_16_val35_load                |   in|   32|     ap_none|                                         tmp_1_0_16_val35_load|        scalar|
|tmp_1_0_0_val3_load                  |   in|   32|     ap_none|                                           tmp_1_0_0_val3_load|        scalar|
|tmp_1_1_16_val99_load                |   in|   32|     ap_none|                                         tmp_1_1_16_val99_load|        scalar|
|tmp_1_1_0_val67_load                 |   in|   32|     ap_none|                                          tmp_1_1_0_val67_load|        scalar|
|tmp_1_2_16_val163_load               |   in|   32|     ap_none|                                        tmp_1_2_16_val163_load|        scalar|
|tmp_1_2_0_val131_load                |   in|   32|     ap_none|                                         tmp_1_2_0_val131_load|        scalar|
|tmp_1_3_16_val227_load               |   in|   32|     ap_none|                                        tmp_1_3_16_val227_load|        scalar|
|tmp_1_3_0_val195_load                |   in|   32|     ap_none|                                         tmp_1_3_0_val195_load|        scalar|
|tmp_1_0_17_val37_load                |   in|   32|     ap_none|                                         tmp_1_0_17_val37_load|        scalar|
|tmp_1_0_1_val5_load                  |   in|   32|     ap_none|                                           tmp_1_0_1_val5_load|        scalar|
|tmp_1_1_17_val101_load               |   in|   32|     ap_none|                                        tmp_1_1_17_val101_load|        scalar|
|tmp_1_1_1_val69_load                 |   in|   32|     ap_none|                                          tmp_1_1_1_val69_load|        scalar|
|tmp_1_2_17_val165_load               |   in|   32|     ap_none|                                        tmp_1_2_17_val165_load|        scalar|
|tmp_1_2_1_val133_load                |   in|   32|     ap_none|                                         tmp_1_2_1_val133_load|        scalar|
|tmp_1_3_17_val229_load               |   in|   32|     ap_none|                                        tmp_1_3_17_val229_load|        scalar|
|tmp_1_3_1_val197_load                |   in|   32|     ap_none|                                         tmp_1_3_1_val197_load|        scalar|
|tmp_1_0_18_val39_load                |   in|   32|     ap_none|                                         tmp_1_0_18_val39_load|        scalar|
|tmp_1_0_2_val7_load                  |   in|   32|     ap_none|                                           tmp_1_0_2_val7_load|        scalar|
|tmp_1_1_18_val103_load               |   in|   32|     ap_none|                                        tmp_1_1_18_val103_load|        scalar|
|tmp_1_1_2_val71_load                 |   in|   32|     ap_none|                                          tmp_1_1_2_val71_load|        scalar|
|tmp_1_2_18_val167_load               |   in|   32|     ap_none|                                        tmp_1_2_18_val167_load|        scalar|
|tmp_1_2_2_val135_load                |   in|   32|     ap_none|                                         tmp_1_2_2_val135_load|        scalar|
|tmp_1_3_18_val231_load               |   in|   32|     ap_none|                                        tmp_1_3_18_val231_load|        scalar|
|tmp_1_3_2_val199_load                |   in|   32|     ap_none|                                         tmp_1_3_2_val199_load|        scalar|
|tmp_1_0_19_val41_load                |   in|   32|     ap_none|                                         tmp_1_0_19_val41_load|        scalar|
|tmp_1_0_3_val9_load                  |   in|   32|     ap_none|                                           tmp_1_0_3_val9_load|        scalar|
|tmp_1_1_19_val105_load               |   in|   32|     ap_none|                                        tmp_1_1_19_val105_load|        scalar|
|tmp_1_1_3_val73_load                 |   in|   32|     ap_none|                                          tmp_1_1_3_val73_load|        scalar|
|tmp_1_2_19_val169_load               |   in|   32|     ap_none|                                        tmp_1_2_19_val169_load|        scalar|
|tmp_1_2_3_val137_load                |   in|   32|     ap_none|                                         tmp_1_2_3_val137_load|        scalar|
|tmp_1_3_19_val233_load               |   in|   32|     ap_none|                                        tmp_1_3_19_val233_load|        scalar|
|tmp_1_3_3_val201_load                |   in|   32|     ap_none|                                         tmp_1_3_3_val201_load|        scalar|
|tmp_1_0_20_val43_load                |   in|   32|     ap_none|                                         tmp_1_0_20_val43_load|        scalar|
|tmp_1_0_4_val11_load                 |   in|   32|     ap_none|                                          tmp_1_0_4_val11_load|        scalar|
|tmp_1_1_20_val107_load               |   in|   32|     ap_none|                                        tmp_1_1_20_val107_load|        scalar|
|tmp_1_1_4_val75_load                 |   in|   32|     ap_none|                                          tmp_1_1_4_val75_load|        scalar|
|tmp_1_2_20_val171_load               |   in|   32|     ap_none|                                        tmp_1_2_20_val171_load|        scalar|
|tmp_1_2_4_val139_load                |   in|   32|     ap_none|                                         tmp_1_2_4_val139_load|        scalar|
|tmp_1_3_20_val235_load               |   in|   32|     ap_none|                                        tmp_1_3_20_val235_load|        scalar|
|tmp_1_3_4_val203_load                |   in|   32|     ap_none|                                         tmp_1_3_4_val203_load|        scalar|
|tmp_1_0_21_val45_load                |   in|   32|     ap_none|                                         tmp_1_0_21_val45_load|        scalar|
|tmp_1_0_5_val13_load                 |   in|   32|     ap_none|                                          tmp_1_0_5_val13_load|        scalar|
|tmp_1_1_21_val109_load               |   in|   32|     ap_none|                                        tmp_1_1_21_val109_load|        scalar|
|tmp_1_1_5_val77_load                 |   in|   32|     ap_none|                                          tmp_1_1_5_val77_load|        scalar|
|tmp_1_2_21_val173_load               |   in|   32|     ap_none|                                        tmp_1_2_21_val173_load|        scalar|
|tmp_1_2_5_val141_load                |   in|   32|     ap_none|                                         tmp_1_2_5_val141_load|        scalar|
|tmp_1_3_21_val237_load               |   in|   32|     ap_none|                                        tmp_1_3_21_val237_load|        scalar|
|tmp_1_3_5_val205_load                |   in|   32|     ap_none|                                         tmp_1_3_5_val205_load|        scalar|
|tmp_1_0_22_val47_load                |   in|   32|     ap_none|                                         tmp_1_0_22_val47_load|        scalar|
|tmp_1_0_6_val15_load                 |   in|   32|     ap_none|                                          tmp_1_0_6_val15_load|        scalar|
|tmp_1_1_22_val111_load               |   in|   32|     ap_none|                                        tmp_1_1_22_val111_load|        scalar|
|tmp_1_1_6_val79_load                 |   in|   32|     ap_none|                                          tmp_1_1_6_val79_load|        scalar|
|tmp_1_2_22_val175_load               |   in|   32|     ap_none|                                        tmp_1_2_22_val175_load|        scalar|
|tmp_1_2_6_val143_load                |   in|   32|     ap_none|                                         tmp_1_2_6_val143_load|        scalar|
|tmp_1_3_22_val239_load               |   in|   32|     ap_none|                                        tmp_1_3_22_val239_load|        scalar|
|tmp_1_3_6_val207_load                |   in|   32|     ap_none|                                         tmp_1_3_6_val207_load|        scalar|
|tmp_1_0_23_val49_load                |   in|   32|     ap_none|                                         tmp_1_0_23_val49_load|        scalar|
|tmp_1_0_7_val17_load                 |   in|   32|     ap_none|                                          tmp_1_0_7_val17_load|        scalar|
|tmp_1_1_23_val113_load               |   in|   32|     ap_none|                                        tmp_1_1_23_val113_load|        scalar|
|tmp_1_1_7_val81_load                 |   in|   32|     ap_none|                                          tmp_1_1_7_val81_load|        scalar|
|tmp_1_2_23_val177_load               |   in|   32|     ap_none|                                        tmp_1_2_23_val177_load|        scalar|
|tmp_1_2_7_val145_load                |   in|   32|     ap_none|                                         tmp_1_2_7_val145_load|        scalar|
|tmp_1_3_23_val241_load               |   in|   32|     ap_none|                                        tmp_1_3_23_val241_load|        scalar|
|tmp_1_3_7_val209_load                |   in|   32|     ap_none|                                         tmp_1_3_7_val209_load|        scalar|
|tmp_1_0_24_val51_load                |   in|   32|     ap_none|                                         tmp_1_0_24_val51_load|        scalar|
|tmp_1_0_8_val19_load                 |   in|   32|     ap_none|                                          tmp_1_0_8_val19_load|        scalar|
|tmp_1_1_24_val115_load               |   in|   32|     ap_none|                                        tmp_1_1_24_val115_load|        scalar|
|tmp_1_1_8_val83_load                 |   in|   32|     ap_none|                                          tmp_1_1_8_val83_load|        scalar|
|tmp_1_2_24_val179_load               |   in|   32|     ap_none|                                        tmp_1_2_24_val179_load|        scalar|
|tmp_1_2_8_val147_load                |   in|   32|     ap_none|                                         tmp_1_2_8_val147_load|        scalar|
|tmp_1_3_24_val243_load               |   in|   32|     ap_none|                                        tmp_1_3_24_val243_load|        scalar|
|tmp_1_3_8_val211_load                |   in|   32|     ap_none|                                         tmp_1_3_8_val211_load|        scalar|
|tmp_1_0_25_val53_load                |   in|   32|     ap_none|                                         tmp_1_0_25_val53_load|        scalar|
|tmp_1_0_9_val21_load                 |   in|   32|     ap_none|                                          tmp_1_0_9_val21_load|        scalar|
|tmp_1_1_25_val117_load               |   in|   32|     ap_none|                                        tmp_1_1_25_val117_load|        scalar|
|tmp_1_1_9_val85_load                 |   in|   32|     ap_none|                                          tmp_1_1_9_val85_load|        scalar|
|tmp_1_2_25_val181_load               |   in|   32|     ap_none|                                        tmp_1_2_25_val181_load|        scalar|
|tmp_1_2_9_val149_load                |   in|   32|     ap_none|                                         tmp_1_2_9_val149_load|        scalar|
|tmp_1_3_25_val245_load               |   in|   32|     ap_none|                                        tmp_1_3_25_val245_load|        scalar|
|tmp_1_3_9_val213_load                |   in|   32|     ap_none|                                         tmp_1_3_9_val213_load|        scalar|
|tmp_1_0_26_val55_load                |   in|   32|     ap_none|                                         tmp_1_0_26_val55_load|        scalar|
|tmp_1_0_10_val23_load                |   in|   32|     ap_none|                                         tmp_1_0_10_val23_load|        scalar|
|tmp_1_1_26_val119_load               |   in|   32|     ap_none|                                        tmp_1_1_26_val119_load|        scalar|
|tmp_1_1_10_val87_load                |   in|   32|     ap_none|                                         tmp_1_1_10_val87_load|        scalar|
|tmp_1_2_26_val183_load               |   in|   32|     ap_none|                                        tmp_1_2_26_val183_load|        scalar|
|tmp_1_2_10_val151_load               |   in|   32|     ap_none|                                        tmp_1_2_10_val151_load|        scalar|
|tmp_1_3_26_val247_load               |   in|   32|     ap_none|                                        tmp_1_3_26_val247_load|        scalar|
|tmp_1_3_10_val215_load               |   in|   32|     ap_none|                                        tmp_1_3_10_val215_load|        scalar|
|tmp_1_0_27_val57_load                |   in|   32|     ap_none|                                         tmp_1_0_27_val57_load|        scalar|
|tmp_1_0_11_val25_load                |   in|   32|     ap_none|                                         tmp_1_0_11_val25_load|        scalar|
|tmp_1_1_27_val121_load               |   in|   32|     ap_none|                                        tmp_1_1_27_val121_load|        scalar|
|tmp_1_1_11_val89_load                |   in|   32|     ap_none|                                         tmp_1_1_11_val89_load|        scalar|
|tmp_1_2_27_val185_load               |   in|   32|     ap_none|                                        tmp_1_2_27_val185_load|        scalar|
|tmp_1_2_11_val153_load               |   in|   32|     ap_none|                                        tmp_1_2_11_val153_load|        scalar|
|tmp_1_3_27_val249_load               |   in|   32|     ap_none|                                        tmp_1_3_27_val249_load|        scalar|
|tmp_1_3_11_val217_load               |   in|   32|     ap_none|                                        tmp_1_3_11_val217_load|        scalar|
|tmp_1_0_28_val59_load                |   in|   32|     ap_none|                                         tmp_1_0_28_val59_load|        scalar|
|tmp_1_0_12_val27_load                |   in|   32|     ap_none|                                         tmp_1_0_12_val27_load|        scalar|
|tmp_1_1_28_val123_load               |   in|   32|     ap_none|                                        tmp_1_1_28_val123_load|        scalar|
|tmp_1_1_12_val91_load                |   in|   32|     ap_none|                                         tmp_1_1_12_val91_load|        scalar|
|tmp_1_2_28_val187_load               |   in|   32|     ap_none|                                        tmp_1_2_28_val187_load|        scalar|
|tmp_1_2_12_val155_load               |   in|   32|     ap_none|                                        tmp_1_2_12_val155_load|        scalar|
|tmp_1_3_28_val251_load               |   in|   32|     ap_none|                                        tmp_1_3_28_val251_load|        scalar|
|tmp_1_3_12_val219_load               |   in|   32|     ap_none|                                        tmp_1_3_12_val219_load|        scalar|
|tmp_1_0_29_val61_load                |   in|   32|     ap_none|                                         tmp_1_0_29_val61_load|        scalar|
|tmp_1_0_13_val29_load                |   in|   32|     ap_none|                                         tmp_1_0_13_val29_load|        scalar|
|tmp_1_1_29_val125_load               |   in|   32|     ap_none|                                        tmp_1_1_29_val125_load|        scalar|
|tmp_1_1_13_val93_load                |   in|   32|     ap_none|                                         tmp_1_1_13_val93_load|        scalar|
|tmp_1_2_29_val189_load               |   in|   32|     ap_none|                                        tmp_1_2_29_val189_load|        scalar|
|tmp_1_2_13_val157_load               |   in|   32|     ap_none|                                        tmp_1_2_13_val157_load|        scalar|
|tmp_1_3_29_val253_load               |   in|   32|     ap_none|                                        tmp_1_3_29_val253_load|        scalar|
|tmp_1_3_13_val221_load               |   in|   32|     ap_none|                                        tmp_1_3_13_val221_load|        scalar|
|tmp_1_0_30_val63_load                |   in|   32|     ap_none|                                         tmp_1_0_30_val63_load|        scalar|
|tmp_1_0_14_val31_load                |   in|   32|     ap_none|                                         tmp_1_0_14_val31_load|        scalar|
|tmp_1_1_30_val127_load               |   in|   32|     ap_none|                                        tmp_1_1_30_val127_load|        scalar|
|tmp_1_1_14_val95_load                |   in|   32|     ap_none|                                         tmp_1_1_14_val95_load|        scalar|
|tmp_1_2_30_val191_load               |   in|   32|     ap_none|                                        tmp_1_2_30_val191_load|        scalar|
|tmp_1_2_14_val159_load               |   in|   32|     ap_none|                                        tmp_1_2_14_val159_load|        scalar|
|tmp_1_3_30_val255_load               |   in|   32|     ap_none|                                        tmp_1_3_30_val255_load|        scalar|
|tmp_1_3_14_val223_load               |   in|   32|     ap_none|                                        tmp_1_3_14_val223_load|        scalar|
|tmp_1_0_31_val65_load                |   in|   32|     ap_none|                                         tmp_1_0_31_val65_load|        scalar|
|tmp_1_0_15_val33_load                |   in|   32|     ap_none|                                         tmp_1_0_15_val33_load|        scalar|
|tmp_1_1_31_val129_load               |   in|   32|     ap_none|                                        tmp_1_1_31_val129_load|        scalar|
|tmp_1_1_15_val97_load                |   in|   32|     ap_none|                                         tmp_1_1_15_val97_load|        scalar|
|tmp_1_2_31_val193_load               |   in|   32|     ap_none|                                        tmp_1_2_31_val193_load|        scalar|
|tmp_1_2_15_val161_load               |   in|   32|     ap_none|                                        tmp_1_2_15_val161_load|        scalar|
|tmp_1_3_31_val257_load               |   in|   32|     ap_none|                                        tmp_1_3_31_val257_load|        scalar|
|tmp_1_3_15_val225_load               |   in|   32|     ap_none|                                        tmp_1_3_15_val225_load|        scalar|
+-------------------------------------+-----+-----+------------+--------------------------------------------------------------+--------------+

