Copyright 1986-2022 Xilinx, Inc. All Rights Reserved. Copyright 2022-2023 Advanced Micro Devices, Inc. All Rights Reserved.
--------------------------------------------------------------------------------------------------------------------------------------------------------------------------------------------------------------------------------------------------------------------
| Tool Version : Vivado v.2023.2 (lin64) Build 4029153 Fri Oct 13 20:13:54 MDT 2023
| Date         : Thu Jan  2 08:14:45 2025
| Host         : c01 running 64-bit Ubuntu 22.04.4 LTS
| Command      : report_accelerator_utilization -kernels { kernel_nlp_slr0:level0_i/ulp/kernel_nlp_slr0_1/inst:kernel_nlp_slr0_1 kernel_nlp_slr1:level0_i/ulp/kernel_nlp_slr1_1/inst:kernel_nlp_slr1_1} -file kernel_util_placed.rpt -name kernel_util_placed -json
| Design       : level0_wrapper
| Device       : xcu55c
| Design State : Fully Placed
--------------------------------------------------------------------------------------------------------------------------------------------------------------------------------------------------------------------------------------------------------------------

Accelerator Utilization Design Information

Table of Contents
-----------------
1. System Utilization

1. System Utilization
---------------------

+----------------------+-------------------+------------------+-------------------+----------------+---------------+----------------+
| Name                 | LUT               | LUTAsMem         | REG               | BRAM           | URAM          | DSP            |
+----------------------+-------------------+------------------+-------------------+----------------+---------------+----------------+
| Platform             |  125901 [  9.66%] |   9707 [  1.62%] |  174580 [  6.70%] |  201 [  9.97%] |  16 [  1.67%] |    4 [  0.04%] |
| User Budget          | 1177779 [100.00%] | 591253 [100.00%] | 2432780 [100.00%] | 1815 [100.00%] | 944 [100.00%] | 9020 [100.00%] |
|    Used Resources    |  302442 [ 25.68%] |  11424 [  1.93%] |  375287 [ 15.43%] |  345 [ 19.01%] |   0 [  0.00%] | 2748 [ 30.47%] |
|    Unused Resources  |  875337 [ 74.32%] | 579829 [ 98.07%] | 2057493 [ 84.57%] | 1470 [ 80.99%] | 944 [100.00%] | 6272 [ 69.53%] |
| kernel_nlp_slr0      |  137736 [ 11.69%] |   8261 [  1.40%] |  166448 [  6.84%] |  193 [ 10.63%] |   0 [  0.00%] | 1092 [ 12.11%] |
|    kernel_nlp_slr0_1 |  137736 [ 11.69%] |   8261 [  1.40%] |  166448 [  6.84%] |  193 [ 10.63%] |   0 [  0.00%] | 1092 [ 12.11%] |
| kernel_nlp_slr1      |  164706 [ 13.98%] |   3163 [  0.53%] |  208839 [  8.58%] |  152 [  8.37%] |   0 [  0.00%] | 1656 [ 18.36%] |
|    kernel_nlp_slr1_1 |  164706 [ 13.98%] |   3163 [  0.53%] |  208839 [  8.58%] |  152 [  8.37%] |   0 [  0.00%] | 1656 [ 18.36%] |
+----------------------+-------------------+------------------+-------------------+----------------+---------------+----------------+


