Copyright 1986-2022 Xilinx, Inc. All Rights Reserved. Copyright 2022-2023 Advanced Micro Devices, Inc. All Rights Reserved.
---------------------------------------------------------------------------------------------------------------------------------------------
| Tool Version : Vivado v.2023.2 (lin64) Build 4029153 Fri Oct 13 20:13:54 MDT 2023
| Date         : Thu Jan  2 11:01:27 2025
| Host         : c01 running 64-bit Ubuntu 22.04.4 LTS
| Command      : report_utilization -slr -file slr_util_routed.rpt -pb slr_util_routed.pb
| Design       : level0_wrapper
| Device       : xcu55c-fsvh2892-2L-e
| Speed File   : -2L
| Design State : Routed
---------------------------------------------------------------------------------------------------------------------------------------------

Utilization Design Information

Table of Contents
-----------------
1. SLR Connectivity
2. SLR Connectivity Matrix
3. SLR CLB Logic and Dedicated Block Utilization
4. SLR IO Utilization

1. SLR Connectivity
-------------------

+----------------------------------+-------+-------+-----------+-------+
|                                  |  Used | Fixed | Available | Util% |
+----------------------------------+-------+-------+-----------+-------+
| SLR2 <-> SLR1                    |  5094 |       |     23040 | 22.11 |
|   SLR1 -> SLR2                   |  2589 |       |           | 11.24 |
|     Using TX_REG only            |     0 |     0 |           |       |
|     Using RX_REG only            |     0 |     0 |           |       |
|     Using Both TX_REG and RX_REG |     0 |     0 |           |       |
|   SLR2 -> SLR1                   |  2505 |       |           | 10.87 |
|     Using TX_REG only            |     0 |     0 |           |       |
|     Using RX_REG only            |     0 |     0 |           |       |
|     Using Both TX_REG and RX_REG |     0 |     0 |           |       |
| SLR1 <-> SLR0                    |  6442 |       |     23040 | 27.96 |
|   SLR0 -> SLR1                   |  3736 |       |           | 16.22 |
|     Using TX_REG only            |     0 |     0 |           |       |
|     Using RX_REG only            |     0 |     0 |           |       |
|     Using Both TX_REG and RX_REG |     0 |     0 |           |       |
|   SLR1 -> SLR0                   |  2706 |       |           | 11.74 |
|     Using TX_REG only            |     0 |     0 |           |       |
|     Using RX_REG only            |     0 |     0 |           |       |
|     Using Both TX_REG and RX_REG |     0 |     0 |           |       |
+----------------------------------+-------+-------+-----------+-------+
| Total SLLs Used                  | 11536 |       |           |       |
+----------------------------------+-------+-------+-----------+-------+


2. SLR Connectivity Matrix
--------------------------

+-----------+------+------+------+
| FROM \ TO | SLR2 | SLR1 | SLR0 |
+-----------+------+------+------+
| SLR2      |    0 | 2405 |  100 |
| SLR1      | 2526 |    0 | 2606 |
| SLR0      |   63 | 3673 |    0 |
+-----------+------+------+------+


3. SLR CLB Logic and Dedicated Block Utilization
------------------------------------------------

+----------------------------+--------+--------+-------+--------+--------+--------+
|          Site Type         |  SLR0  |  SLR1  |  SLR2 | SLR0 % | SLR1 % | SLR2 % |
+----------------------------+--------+--------+-------+--------+--------+--------+
| CLB                        |  41120 |  46275 |  6550 |  74.82 |  85.69 |  12.13 |
|   CLBL                     |  21496 |  24531 |  3450 |  73.42 |  83.78 |  11.78 |
|   CLBM                     |  19624 |  21744 |  3100 |  76.42 |  87.96 |  12.54 |
| CLB LUTs                   | 175080 | 227335 | 25943 |  39.82 |  52.62 |   6.01 |
|   LUT as Logic             | 162322 | 220483 | 24422 |  36.92 |  51.04 |   5.65 |
|     using O5 output only   |   1583 |   1785 |   454 |   0.36 |   0.41 |   0.11 |
|     using O6 output only   | 120063 | 170424 | 17305 |  27.31 |  39.45 |   4.01 |
|     using O5 and O6        |  40676 |  48274 |  6663 |   9.25 |  11.17 |   1.54 |
|   LUT as Memory            |  12758 |   6852 |  1521 |   6.21 |   3.46 |   0.77 |
|     LUT as Distributed RAM |   2588 |   3532 |   820 |   1.26 |   1.79 |   0.41 |
|       using O5 output only |      0 |      0 |     0 |   0.00 |   0.00 |   0.00 |
|       using O6 output only |    252 |    386 |     0 |   0.12 |   0.20 |   0.00 |
|       using O5 and O6      |   2336 |   3146 |   820 |   1.14 |   1.59 |   0.41 |
|     LUT as Shift Register  |  10170 |   3320 |   701 |   4.95 |   1.68 |   0.35 |
|       using O5 output only |      0 |      0 |     0 |   0.00 |   0.00 |   0.00 |
|       using O6 output only |   2255 |    128 |   667 |   1.10 |   0.06 |   0.34 |
|       using O5 and O6      |   7915 |   3192 |    34 |   3.85 |   1.61 |   0.02 |
| CLB Registers              | 230672 | 283352 | 35926 |  26.23 |  32.80 |   4.16 |
| CARRY8                     |   3946 |   4742 |   108 |   7.18 |   8.78 |   0.20 |
| F7 Muxes                   |   7308 |   4522 |   437 |   3.32 |   2.09 |   0.20 |
| F8 Muxes                   |   1799 |    844 |     0 |   1.64 |   0.78 |   0.00 |
| F9 Muxes                   |      0 |      0 |     0 |   0.00 |   0.00 |   0.00 |
| Block RAM Tile             |    253 |    243 |    50 |  37.65 |  36.16 |   7.44 |
|   RAMB36/FIFO              |    247 |    243 |    50 |  36.76 |  36.16 |   7.44 |
|   RAMB18                   |     12 |      0 |     0 |   0.89 |   0.00 |   0.00 |
| URAM                       |      0 |     16 |     0 |   0.00 |   5.00 |   0.00 |
| DSPs                       |   1092 |   1656 |     4 |  37.92 |  53.91 |   0.13 |
| Unique Control Sets        |   4236 |   5509 |  1139 |   3.85 |   5.10 |   1.05 |
+----------------------------+--------+--------+-------+--------+--------+--------+
* Note: Available Control Sets based on CLB Registers / 8


4. SLR IO Utilization
---------------------

+-----------+-----------+---------+------------+----------+------------+----------+-----+
| SLR Index | Used IOBs | (%)IOBs | Used IPADs | (%)IPADs | Used OPADs | (%)OPADs | GTs |
+-----------+-----------+---------+------------+----------+------------+----------+-----+
| SLR2      |         0 |    0.00 |          0 |     0.00 |          0 |     0.00 |   0 |
| SLR1      |         0 |    0.00 |          0 |     0.00 |          0 |     0.00 |   0 |
| SLR0      |        12 |    5.77 |          0 |     0.00 |          0 |     0.00 |  16 |
+-----------+-----------+---------+------------+----------+------------+----------+-----+
| Total     |        12 |         |          0 |          |          0 |          |  16 |
+-----------+-----------+---------+------------+----------+------------+----------+-----+


