

================================================================
== Vitis HLS Report for 'store_tmp_Pipeline_VITIS_LOOP_62_1'
================================================================
* Date:           Tue Dec 17 09:06:56 2024

* Version:        2023.2 (Build 4023990 on Oct 11 2023)
* Project:        kernel_nlp
* Solution:       solution (Vitis Kernel Flow Target)
* Product family: virtexuplusHBM
* Target device:  xcu55c-fsvh2892-2L-e


================================================================
== Performance Estimates
================================================================
+ Timing: 
    * Summary: 
    +--------+---------+----------+------------+
    |  Clock |  Target | Estimated| Uncertainty|
    +--------+---------+----------+------------+
    |ap_clk  |  4.00 ns|  2.920 ns|     1.08 ns|
    +--------+---------+----------+------------+

+ Latency: 
    * Summary: 
    +---------+---------+----------+----------+-----+-----+---------+
    |  Latency (cycles) |  Latency (absolute) |  Interval | Pipeline|
    |   min   |   max   |    min   |    max   | min | max |   Type  |
    +---------+---------+----------+----------+-----+-----+---------+
    |      197|      197|  0.788 us|  0.788 us|  197|  197|       no|
    +---------+---------+----------+----------+-----+-----+---------+

    + Detail: 
        * Instance: 
        N/A

        * Loop: 
        +-------------------+---------+---------+----------+-----------+-----------+------+----------+
        |                   |  Latency (cycles) | Iteration|  Initiation Interval  | Trip |          |
        |     Loop Name     |   min   |   max   |  Latency |  achieved |   target  | Count| Pipelined|
        +-------------------+---------+---------+----------+-----------+-----------+------+----------+
        |- VITIS_LOOP_62_1  |      195|      195|         2|          1|          1|   195|       yes|
        +-------------------+---------+---------+----------+-----------+-----------+------+----------+



================================================================
== Utilization Estimates
================================================================
* Summary: 
+---------------------+---------+------+---------+---------+-----+
|         Name        | BRAM_18K|  DSP |    FF   |   LUT   | URAM|
+---------------------+---------+------+---------+---------+-----+
|DSP                  |        -|     -|        -|        -|    -|
|Expression           |        -|     -|        0|       50|    -|
|FIFO                 |        -|     -|        -|        -|    -|
|Instance             |        -|     -|        0|     2066|    -|
|Memory               |        -|     -|        -|        -|    -|
|Multiplexer          |        -|     -|        -|       63|    -|
|Register             |        -|     -|       84|        -|    -|
+---------------------+---------+------+---------+---------+-----+
|Total                |        0|     0|       84|     2179|    0|
+---------------------+---------+------+---------+---------+-----+
|Available SLR        |     1344|  3008|   869120|   434560|  320|
+---------------------+---------+------+---------+---------+-----+
|Utilization SLR (%)  |        0|     0|       ~0|       ~0|    0|
+---------------------+---------+------+---------+---------+-----+
|Available            |     4032|  9024|  2607360|  1303680|  960|
+---------------------+---------+------+---------+---------+-----+
|Utilization (%)      |        0|     0|       ~0|       ~0|    0|
+---------------------+---------+------+---------+---------+-----+

+ Detail: 
    * Instance: 
    +-------------------------------+------------------------+---------+----+---+------+-----+
    |            Instance           |         Module         | BRAM_18K| DSP| FF|  LUT | URAM|
    +-------------------------------+------------------------+---------+----+---+------+-----+
    |sparsemux_391_9_32_1_1_U10034  |sparsemux_391_9_32_1_1  |        0|   0|  0|  1033|    0|
    |sparsemux_391_9_32_1_1_U10035  |sparsemux_391_9_32_1_1  |        0|   0|  0|  1033|    0|
    +-------------------------------+------------------------+---------+----+---+------+-----+
    |Total                          |                        |        0|   0|  0|  2066|    0|
    +-------------------------------+------------------------+---------+----+---+------+-----+

    * DSP: 
    N/A

    * Memory: 
    N/A

    * FIFO: 
    N/A

    * Expression: 
    +---------------------------+----------+----+---+----+------------+------------+
    |       Variable Name       | Operation| DSP| FF| LUT| Bitwidth P0| Bitwidth P1|
    +---------------------------+----------+----+---+----+------------+------------+
    |add_ln62_1_fu_3609_p2      |         +|   0|  0|  15|           8|           1|
    |add_ln62_fu_5194_p2        |         +|   0|  0|  16|           9|           2|
    |ap_block_pp0_stage0_11001  |       and|   0|  0|   2|           1|           1|
    |icmp_ln62_fu_3603_p2       |      icmp|   0|  0|  15|           8|           7|
    |ap_enable_pp0              |       xor|   0|  0|   2|           1|           2|
    +---------------------------+----------+----+---+----+------------+------------+
    |Total                      |          |   0|  0|  50|          27|          13|
    +---------------------------+----------+----+---+----+------------+------------+

    * Multiplexer: 
    +------------------------------+----+-----------+-----+-----------+
    |             Name             | LUT| Input Size| Bits| Total Bits|
    +------------------------------+----+-----------+-----+-----------+
    |ap_done_int                   |   9|          2|    1|          2|
    |ap_enable_reg_pp0_iter1       |   9|          2|    1|          2|
    |ap_sig_allocacmp_i0_load      |   9|          2|    9|         18|
    |ap_sig_allocacmp_indvar_load  |   9|          2|    8|         16|
    |i0_fu_1224                    |   9|          2|    9|         18|
    |indvar_fu_1228                |   9|          2|    8|         16|
    |kernel_tmp_blk_n_W            |   9|          2|    1|          2|
    +------------------------------+----+-----------+-----+-----------+
    |Total                         |  63|         14|   37|         74|
    +------------------------------+----+-----------+-----+-----------+

    * Register: 
    +-------------------------+----+----+-----+-----------+
    |           Name          | FF | LUT| Bits| Const Bits|
    +-------------------------+----+----+-----+-----------+
    |ap_CS_fsm                |   1|   0|    1|          0|
    |ap_done_reg              |   1|   0|    1|          0|
    |ap_enable_reg_pp0_iter1  |   1|   0|    1|          0|
    |i0_fu_1224               |   9|   0|    9|          0|
    |indvar_fu_1228           |   8|   0|    8|          0|
    |tmp_6_reg_5258           |  32|   0|   32|          0|
    |tmp_reg_5253             |  32|   0|   32|          0|
    +-------------------------+----+----+-----+-----------+
    |Total                    |  84|   0|   84|          0|
    +-------------------------+----+----+-----+-----------+



================================================================
== Interface
================================================================
* Summary: 
+---------------------------+-----+-----+------------+------------------------------------+--------------+
|         RTL Ports         | Dir | Bits|  Protocol  |            Source Object           |    C Type    |
+---------------------------+-----+-----+------------+------------------------------------+--------------+
|ap_clk                     |   in|    1|  ap_ctrl_hs|  store_tmp_Pipeline_VITIS_LOOP_62_1|  return value|
|ap_rst                     |   in|    1|  ap_ctrl_hs|  store_tmp_Pipeline_VITIS_LOOP_62_1|  return value|
|ap_start                   |   in|    1|  ap_ctrl_hs|  store_tmp_Pipeline_VITIS_LOOP_62_1|  return value|
|ap_done                    |  out|    1|  ap_ctrl_hs|  store_tmp_Pipeline_VITIS_LOOP_62_1|  return value|
|ap_idle                    |  out|    1|  ap_ctrl_hs|  store_tmp_Pipeline_VITIS_LOOP_62_1|  return value|
|ap_ready                   |  out|    1|  ap_ctrl_hs|  store_tmp_Pipeline_VITIS_LOOP_62_1|  return value|
|m_axi_kernel_tmp_AWVALID   |  out|    1|       m_axi|                          kernel_tmp|       pointer|
|m_axi_kernel_tmp_AWREADY   |   in|    1|       m_axi|                          kernel_tmp|       pointer|
|m_axi_kernel_tmp_AWADDR    |  out|   64|       m_axi|                          kernel_tmp|       pointer|
|m_axi_kernel_tmp_AWID      |  out|    1|       m_axi|                          kernel_tmp|       pointer|
|m_axi_kernel_tmp_AWLEN     |  out|   32|       m_axi|                          kernel_tmp|       pointer|
|m_axi_kernel_tmp_AWSIZE    |  out|    3|       m_axi|                          kernel_tmp|       pointer|
|m_axi_kernel_tmp_AWBURST   |  out|    2|       m_axi|                          kernel_tmp|       pointer|
|m_axi_kernel_tmp_AWLOCK    |  out|    2|       m_axi|                          kernel_tmp|       pointer|
|m_axi_kernel_tmp_AWCACHE   |  out|    4|       m_axi|                          kernel_tmp|       pointer|
|m_axi_kernel_tmp_AWPROT    |  out|    3|       m_axi|                          kernel_tmp|       pointer|
|m_axi_kernel_tmp_AWQOS     |  out|    4|       m_axi|                          kernel_tmp|       pointer|
|m_axi_kernel_tmp_AWREGION  |  out|    4|       m_axi|                          kernel_tmp|       pointer|
|m_axi_kernel_tmp_AWUSER    |  out|    1|       m_axi|                          kernel_tmp|       pointer|
|m_axi_kernel_tmp_WVALID    |  out|    1|       m_axi|                          kernel_tmp|       pointer|
|m_axi_kernel_tmp_WREADY    |   in|    1|       m_axi|                          kernel_tmp|       pointer|
|m_axi_kernel_tmp_WDATA     |  out|   64|       m_axi|                          kernel_tmp|       pointer|
|m_axi_kernel_tmp_WSTRB     |  out|    8|       m_axi|                          kernel_tmp|       pointer|
|m_axi_kernel_tmp_WLAST     |  out|    1|       m_axi|                          kernel_tmp|       pointer|
|m_axi_kernel_tmp_WID       |  out|    1|       m_axi|                          kernel_tmp|       pointer|
|m_axi_kernel_tmp_WUSER     |  out|    1|       m_axi|                          kernel_tmp|       pointer|
|m_axi_kernel_tmp_ARVALID   |  out|    1|       m_axi|                          kernel_tmp|       pointer|
|m_axi_kernel_tmp_ARREADY   |   in|    1|       m_axi|                          kernel_tmp|       pointer|
|m_axi_kernel_tmp_ARADDR    |  out|   64|       m_axi|                          kernel_tmp|       pointer|
|m_axi_kernel_tmp_ARID      |  out|    1|       m_axi|                          kernel_tmp|       pointer|
|m_axi_kernel_tmp_ARLEN     |  out|   32|       m_axi|                          kernel_tmp|       pointer|
|m_axi_kernel_tmp_ARSIZE    |  out|    3|       m_axi|                          kernel_tmp|       pointer|
|m_axi_kernel_tmp_ARBURST   |  out|    2|       m_axi|                          kernel_tmp|       pointer|
|m_axi_kernel_tmp_ARLOCK    |  out|    2|       m_axi|                          kernel_tmp|       pointer|
|m_axi_kernel_tmp_ARCACHE   |  out|    4|       m_axi|                          kernel_tmp|       pointer|
|m_axi_kernel_tmp_ARPROT    |  out|    3|       m_axi|                          kernel_tmp|       pointer|
|m_axi_kernel_tmp_ARQOS     |  out|    4|       m_axi|                          kernel_tmp|       pointer|
|m_axi_kernel_tmp_ARREGION  |  out|    4|       m_axi|                          kernel_tmp|       pointer|
|m_axi_kernel_tmp_ARUSER    |  out|    1|       m_axi|                          kernel_tmp|       pointer|
|m_axi_kernel_tmp_RVALID    |   in|    1|       m_axi|                          kernel_tmp|       pointer|
|m_axi_kernel_tmp_RREADY    |  out|    1|       m_axi|                          kernel_tmp|       pointer|
|m_axi_kernel_tmp_RDATA     |   in|   64|       m_axi|                          kernel_tmp|       pointer|
|m_axi_kernel_tmp_RLAST     |   in|    1|       m_axi|                          kernel_tmp|       pointer|
|m_axi_kernel_tmp_RID       |   in|    1|       m_axi|                          kernel_tmp|       pointer|
|m_axi_kernel_tmp_RFIFONUM  |   in|    9|       m_axi|                          kernel_tmp|       pointer|
|m_axi_kernel_tmp_RUSER     |   in|    1|       m_axi|                          kernel_tmp|       pointer|
|m_axi_kernel_tmp_RRESP     |   in|    2|       m_axi|                          kernel_tmp|       pointer|
|m_axi_kernel_tmp_BVALID    |   in|    1|       m_axi|                          kernel_tmp|       pointer|
|m_axi_kernel_tmp_BREADY    |  out|    1|       m_axi|                          kernel_tmp|       pointer|
|m_axi_kernel_tmp_BRESP     |   in|    2|       m_axi|                          kernel_tmp|       pointer|
|m_axi_kernel_tmp_BID       |   in|    1|       m_axi|                          kernel_tmp|       pointer|
|m_axi_kernel_tmp_BUSER     |   in|    1|       m_axi|                          kernel_tmp|       pointer|
|sext_ln62                  |   in|   61|     ap_none|                           sext_ln62|        scalar|
|tmp_0_val                  |   in|   32|     ap_none|                           tmp_0_val|        scalar|
|tmp_2_val                  |   in|   32|     ap_none|                           tmp_2_val|        scalar|
|tmp_4_val                  |   in|   32|     ap_none|                           tmp_4_val|        scalar|
|tmp_6_val                  |   in|   32|     ap_none|                           tmp_6_val|        scalar|
|tmp_8_val                  |   in|   32|     ap_none|                           tmp_8_val|        scalar|
|tmp_10_val                 |   in|   32|     ap_none|                          tmp_10_val|        scalar|
|tmp_12_val                 |   in|   32|     ap_none|                          tmp_12_val|        scalar|
|tmp_14_val                 |   in|   32|     ap_none|                          tmp_14_val|        scalar|
|tmp_16_val                 |   in|   32|     ap_none|                          tmp_16_val|        scalar|
|tmp_18_val                 |   in|   32|     ap_none|                          tmp_18_val|        scalar|
|tmp_20_val                 |   in|   32|     ap_none|                          tmp_20_val|        scalar|
|tmp_22_val                 |   in|   32|     ap_none|                          tmp_22_val|        scalar|
|tmp_24_val                 |   in|   32|     ap_none|                          tmp_24_val|        scalar|
|tmp_26_val                 |   in|   32|     ap_none|                          tmp_26_val|        scalar|
|tmp_28_val                 |   in|   32|     ap_none|                          tmp_28_val|        scalar|
|tmp_30_val                 |   in|   32|     ap_none|                          tmp_30_val|        scalar|
|tmp_32_val                 |   in|   32|     ap_none|                          tmp_32_val|        scalar|
|tmp_34_val                 |   in|   32|     ap_none|                          tmp_34_val|        scalar|
|tmp_36_val                 |   in|   32|     ap_none|                          tmp_36_val|        scalar|
|tmp_38_val                 |   in|   32|     ap_none|                          tmp_38_val|        scalar|
|tmp_40_val                 |   in|   32|     ap_none|                          tmp_40_val|        scalar|
|tmp_42_val                 |   in|   32|     ap_none|                          tmp_42_val|        scalar|
|tmp_44_val                 |   in|   32|     ap_none|                          tmp_44_val|        scalar|
|tmp_46_val                 |   in|   32|     ap_none|                          tmp_46_val|        scalar|
|tmp_48_val                 |   in|   32|     ap_none|                          tmp_48_val|        scalar|
|tmp_50_val                 |   in|   32|     ap_none|                          tmp_50_val|        scalar|
|tmp_52_val                 |   in|   32|     ap_none|                          tmp_52_val|        scalar|
|tmp_54_val                 |   in|   32|     ap_none|                          tmp_54_val|        scalar|
|tmp_56_val                 |   in|   32|     ap_none|                          tmp_56_val|        scalar|
|tmp_58_val                 |   in|   32|     ap_none|                          tmp_58_val|        scalar|
|tmp_60_val                 |   in|   32|     ap_none|                          tmp_60_val|        scalar|
|tmp_62_val                 |   in|   32|     ap_none|                          tmp_62_val|        scalar|
|tmp_64_val                 |   in|   32|     ap_none|                          tmp_64_val|        scalar|
|tmp_66_val                 |   in|   32|     ap_none|                          tmp_66_val|        scalar|
|tmp_68_val                 |   in|   32|     ap_none|                          tmp_68_val|        scalar|
|tmp_70_val                 |   in|   32|     ap_none|                          tmp_70_val|        scalar|
|tmp_72_val                 |   in|   32|     ap_none|                          tmp_72_val|        scalar|
|tmp_74_val                 |   in|   32|     ap_none|                          tmp_74_val|        scalar|
|tmp_76_val                 |   in|   32|     ap_none|                          tmp_76_val|        scalar|
|tmp_78_val                 |   in|   32|     ap_none|                          tmp_78_val|        scalar|
|tmp_80_val                 |   in|   32|     ap_none|                          tmp_80_val|        scalar|
|tmp_82_val                 |   in|   32|     ap_none|                          tmp_82_val|        scalar|
|tmp_84_val                 |   in|   32|     ap_none|                          tmp_84_val|        scalar|
|tmp_86_val                 |   in|   32|     ap_none|                          tmp_86_val|        scalar|
|tmp_88_val                 |   in|   32|     ap_none|                          tmp_88_val|        scalar|
|tmp_90_val                 |   in|   32|     ap_none|                          tmp_90_val|        scalar|
|tmp_92_val                 |   in|   32|     ap_none|                          tmp_92_val|        scalar|
|tmp_94_val                 |   in|   32|     ap_none|                          tmp_94_val|        scalar|
|tmp_96_val                 |   in|   32|     ap_none|                          tmp_96_val|        scalar|
|tmp_98_val                 |   in|   32|     ap_none|                          tmp_98_val|        scalar|
|tmp_100_val                |   in|   32|     ap_none|                         tmp_100_val|        scalar|
|tmp_102_val                |   in|   32|     ap_none|                         tmp_102_val|        scalar|
|tmp_104_val                |   in|   32|     ap_none|                         tmp_104_val|        scalar|
|tmp_106_val                |   in|   32|     ap_none|                         tmp_106_val|        scalar|
|tmp_108_val                |   in|   32|     ap_none|                         tmp_108_val|        scalar|
|tmp_110_val                |   in|   32|     ap_none|                         tmp_110_val|        scalar|
|tmp_112_val                |   in|   32|     ap_none|                         tmp_112_val|        scalar|
|tmp_114_val                |   in|   32|     ap_none|                         tmp_114_val|        scalar|
|tmp_116_val                |   in|   32|     ap_none|                         tmp_116_val|        scalar|
|tmp_118_val                |   in|   32|     ap_none|                         tmp_118_val|        scalar|
|tmp_120_val                |   in|   32|     ap_none|                         tmp_120_val|        scalar|
|tmp_122_val                |   in|   32|     ap_none|                         tmp_122_val|        scalar|
|tmp_124_val                |   in|   32|     ap_none|                         tmp_124_val|        scalar|
|tmp_126_val                |   in|   32|     ap_none|                         tmp_126_val|        scalar|
|tmp_128_val                |   in|   32|     ap_none|                         tmp_128_val|        scalar|
|tmp_130_val                |   in|   32|     ap_none|                         tmp_130_val|        scalar|
|tmp_132_val                |   in|   32|     ap_none|                         tmp_132_val|        scalar|
|tmp_134_val                |   in|   32|     ap_none|                         tmp_134_val|        scalar|
|tmp_136_val                |   in|   32|     ap_none|                         tmp_136_val|        scalar|
|tmp_138_val                |   in|   32|     ap_none|                         tmp_138_val|        scalar|
|tmp_140_val                |   in|   32|     ap_none|                         tmp_140_val|        scalar|
|tmp_142_val                |   in|   32|     ap_none|                         tmp_142_val|        scalar|
|tmp_144_val                |   in|   32|     ap_none|                         tmp_144_val|        scalar|
|tmp_146_val                |   in|   32|     ap_none|                         tmp_146_val|        scalar|
|tmp_148_val                |   in|   32|     ap_none|                         tmp_148_val|        scalar|
|tmp_150_val                |   in|   32|     ap_none|                         tmp_150_val|        scalar|
|tmp_152_val                |   in|   32|     ap_none|                         tmp_152_val|        scalar|
|tmp_154_val                |   in|   32|     ap_none|                         tmp_154_val|        scalar|
|tmp_156_val                |   in|   32|     ap_none|                         tmp_156_val|        scalar|
|tmp_158_val                |   in|   32|     ap_none|                         tmp_158_val|        scalar|
|tmp_160_val                |   in|   32|     ap_none|                         tmp_160_val|        scalar|
|tmp_162_val                |   in|   32|     ap_none|                         tmp_162_val|        scalar|
|tmp_164_val                |   in|   32|     ap_none|                         tmp_164_val|        scalar|
|tmp_166_val                |   in|   32|     ap_none|                         tmp_166_val|        scalar|
|tmp_168_val                |   in|   32|     ap_none|                         tmp_168_val|        scalar|
|tmp_170_val                |   in|   32|     ap_none|                         tmp_170_val|        scalar|
|tmp_172_val                |   in|   32|     ap_none|                         tmp_172_val|        scalar|
|tmp_174_val                |   in|   32|     ap_none|                         tmp_174_val|        scalar|
|tmp_176_val                |   in|   32|     ap_none|                         tmp_176_val|        scalar|
|tmp_178_val                |   in|   32|     ap_none|                         tmp_178_val|        scalar|
|tmp_180_val                |   in|   32|     ap_none|                         tmp_180_val|        scalar|
|tmp_182_val                |   in|   32|     ap_none|                         tmp_182_val|        scalar|
|tmp_184_val                |   in|   32|     ap_none|                         tmp_184_val|        scalar|
|tmp_186_val                |   in|   32|     ap_none|                         tmp_186_val|        scalar|
|tmp_188_val                |   in|   32|     ap_none|                         tmp_188_val|        scalar|
|tmp_190_val                |   in|   32|     ap_none|                         tmp_190_val|        scalar|
|tmp_192_val                |   in|   32|     ap_none|                         tmp_192_val|        scalar|
|tmp_194_val                |   in|   32|     ap_none|                         tmp_194_val|        scalar|
|tmp_196_val                |   in|   32|     ap_none|                         tmp_196_val|        scalar|
|tmp_198_val                |   in|   32|     ap_none|                         tmp_198_val|        scalar|
|tmp_200_val                |   in|   32|     ap_none|                         tmp_200_val|        scalar|
|tmp_202_val                |   in|   32|     ap_none|                         tmp_202_val|        scalar|
|tmp_204_val                |   in|   32|     ap_none|                         tmp_204_val|        scalar|
|tmp_206_val                |   in|   32|     ap_none|                         tmp_206_val|        scalar|
|tmp_208_val                |   in|   32|     ap_none|                         tmp_208_val|        scalar|
|tmp_210_val                |   in|   32|     ap_none|                         tmp_210_val|        scalar|
|tmp_212_val                |   in|   32|     ap_none|                         tmp_212_val|        scalar|
|tmp_214_val                |   in|   32|     ap_none|                         tmp_214_val|        scalar|
|tmp_216_val                |   in|   32|     ap_none|                         tmp_216_val|        scalar|
|tmp_218_val                |   in|   32|     ap_none|                         tmp_218_val|        scalar|
|tmp_220_val                |   in|   32|     ap_none|                         tmp_220_val|        scalar|
|tmp_222_val                |   in|   32|     ap_none|                         tmp_222_val|        scalar|
|tmp_224_val                |   in|   32|     ap_none|                         tmp_224_val|        scalar|
|tmp_226_val                |   in|   32|     ap_none|                         tmp_226_val|        scalar|
|tmp_228_val                |   in|   32|     ap_none|                         tmp_228_val|        scalar|
|tmp_230_val                |   in|   32|     ap_none|                         tmp_230_val|        scalar|
|tmp_232_val                |   in|   32|     ap_none|                         tmp_232_val|        scalar|
|tmp_234_val                |   in|   32|     ap_none|                         tmp_234_val|        scalar|
|tmp_236_val                |   in|   32|     ap_none|                         tmp_236_val|        scalar|
|tmp_238_val                |   in|   32|     ap_none|                         tmp_238_val|        scalar|
|tmp_240_val                |   in|   32|     ap_none|                         tmp_240_val|        scalar|
|tmp_242_val                |   in|   32|     ap_none|                         tmp_242_val|        scalar|
|tmp_244_val                |   in|   32|     ap_none|                         tmp_244_val|        scalar|
|tmp_246_val                |   in|   32|     ap_none|                         tmp_246_val|        scalar|
|tmp_248_val                |   in|   32|     ap_none|                         tmp_248_val|        scalar|
|tmp_250_val                |   in|   32|     ap_none|                         tmp_250_val|        scalar|
|tmp_252_val                |   in|   32|     ap_none|                         tmp_252_val|        scalar|
|tmp_254_val                |   in|   32|     ap_none|                         tmp_254_val|        scalar|
|tmp_256_val                |   in|   32|     ap_none|                         tmp_256_val|        scalar|
|tmp_258_val                |   in|   32|     ap_none|                         tmp_258_val|        scalar|
|tmp_260_val                |   in|   32|     ap_none|                         tmp_260_val|        scalar|
|tmp_262_val                |   in|   32|     ap_none|                         tmp_262_val|        scalar|
|tmp_264_val                |   in|   32|     ap_none|                         tmp_264_val|        scalar|
|tmp_266_val                |   in|   32|     ap_none|                         tmp_266_val|        scalar|
|tmp_268_val                |   in|   32|     ap_none|                         tmp_268_val|        scalar|
|tmp_270_val                |   in|   32|     ap_none|                         tmp_270_val|        scalar|
|tmp_272_val                |   in|   32|     ap_none|                         tmp_272_val|        scalar|
|tmp_274_val                |   in|   32|     ap_none|                         tmp_274_val|        scalar|
|tmp_276_val                |   in|   32|     ap_none|                         tmp_276_val|        scalar|
|tmp_278_val                |   in|   32|     ap_none|                         tmp_278_val|        scalar|
|tmp_280_val                |   in|   32|     ap_none|                         tmp_280_val|        scalar|
|tmp_282_val                |   in|   32|     ap_none|                         tmp_282_val|        scalar|
|tmp_284_val                |   in|   32|     ap_none|                         tmp_284_val|        scalar|
|tmp_286_val                |   in|   32|     ap_none|                         tmp_286_val|        scalar|
|tmp_288_val                |   in|   32|     ap_none|                         tmp_288_val|        scalar|
|tmp_290_val                |   in|   32|     ap_none|                         tmp_290_val|        scalar|
|tmp_292_val                |   in|   32|     ap_none|                         tmp_292_val|        scalar|
|tmp_294_val                |   in|   32|     ap_none|                         tmp_294_val|        scalar|
|tmp_296_val                |   in|   32|     ap_none|                         tmp_296_val|        scalar|
|tmp_298_val                |   in|   32|     ap_none|                         tmp_298_val|        scalar|
|tmp_300_val                |   in|   32|     ap_none|                         tmp_300_val|        scalar|
|tmp_302_val                |   in|   32|     ap_none|                         tmp_302_val|        scalar|
|tmp_304_val                |   in|   32|     ap_none|                         tmp_304_val|        scalar|
|tmp_306_val                |   in|   32|     ap_none|                         tmp_306_val|        scalar|
|tmp_308_val                |   in|   32|     ap_none|                         tmp_308_val|        scalar|
|tmp_310_val                |   in|   32|     ap_none|                         tmp_310_val|        scalar|
|tmp_312_val                |   in|   32|     ap_none|                         tmp_312_val|        scalar|
|tmp_314_val                |   in|   32|     ap_none|                         tmp_314_val|        scalar|
|tmp_316_val                |   in|   32|     ap_none|                         tmp_316_val|        scalar|
|tmp_318_val                |   in|   32|     ap_none|                         tmp_318_val|        scalar|
|tmp_320_val                |   in|   32|     ap_none|                         tmp_320_val|        scalar|
|tmp_322_val                |   in|   32|     ap_none|                         tmp_322_val|        scalar|
|tmp_324_val                |   in|   32|     ap_none|                         tmp_324_val|        scalar|
|tmp_326_val                |   in|   32|     ap_none|                         tmp_326_val|        scalar|
|tmp_328_val                |   in|   32|     ap_none|                         tmp_328_val|        scalar|
|tmp_330_val                |   in|   32|     ap_none|                         tmp_330_val|        scalar|
|tmp_332_val                |   in|   32|     ap_none|                         tmp_332_val|        scalar|
|tmp_334_val                |   in|   32|     ap_none|                         tmp_334_val|        scalar|
|tmp_336_val                |   in|   32|     ap_none|                         tmp_336_val|        scalar|
|tmp_338_val                |   in|   32|     ap_none|                         tmp_338_val|        scalar|
|tmp_340_val                |   in|   32|     ap_none|                         tmp_340_val|        scalar|
|tmp_342_val                |   in|   32|     ap_none|                         tmp_342_val|        scalar|
|tmp_344_val                |   in|   32|     ap_none|                         tmp_344_val|        scalar|
|tmp_346_val                |   in|   32|     ap_none|                         tmp_346_val|        scalar|
|tmp_348_val                |   in|   32|     ap_none|                         tmp_348_val|        scalar|
|tmp_350_val                |   in|   32|     ap_none|                         tmp_350_val|        scalar|
|tmp_352_val                |   in|   32|     ap_none|                         tmp_352_val|        scalar|
|tmp_354_val                |   in|   32|     ap_none|                         tmp_354_val|        scalar|
|tmp_356_val                |   in|   32|     ap_none|                         tmp_356_val|        scalar|
|tmp_358_val                |   in|   32|     ap_none|                         tmp_358_val|        scalar|
|tmp_360_val                |   in|   32|     ap_none|                         tmp_360_val|        scalar|
|tmp_362_val                |   in|   32|     ap_none|                         tmp_362_val|        scalar|
|tmp_364_val                |   in|   32|     ap_none|                         tmp_364_val|        scalar|
|tmp_366_val                |   in|   32|     ap_none|                         tmp_366_val|        scalar|
|tmp_368_val                |   in|   32|     ap_none|                         tmp_368_val|        scalar|
|tmp_370_val                |   in|   32|     ap_none|                         tmp_370_val|        scalar|
|tmp_372_val                |   in|   32|     ap_none|                         tmp_372_val|        scalar|
|tmp_374_val                |   in|   32|     ap_none|                         tmp_374_val|        scalar|
|tmp_376_val                |   in|   32|     ap_none|                         tmp_376_val|        scalar|
|tmp_378_val                |   in|   32|     ap_none|                         tmp_378_val|        scalar|
|tmp_380_val                |   in|   32|     ap_none|                         tmp_380_val|        scalar|
|tmp_382_val                |   in|   32|     ap_none|                         tmp_382_val|        scalar|
|tmp_384_val                |   in|   32|     ap_none|                         tmp_384_val|        scalar|
|tmp_386_val                |   in|   32|     ap_none|                         tmp_386_val|        scalar|
|tmp_388_val                |   in|   32|     ap_none|                         tmp_388_val|        scalar|
|tmp_1_val                  |   in|   32|     ap_none|                           tmp_1_val|        scalar|
|tmp_3_val                  |   in|   32|     ap_none|                           tmp_3_val|        scalar|
|tmp_5_val                  |   in|   32|     ap_none|                           tmp_5_val|        scalar|
|tmp_7_val                  |   in|   32|     ap_none|                           tmp_7_val|        scalar|
|tmp_9_val                  |   in|   32|     ap_none|                           tmp_9_val|        scalar|
|tmp_11_val                 |   in|   32|     ap_none|                          tmp_11_val|        scalar|
|tmp_13_val                 |   in|   32|     ap_none|                          tmp_13_val|        scalar|
|tmp_15_val                 |   in|   32|     ap_none|                          tmp_15_val|        scalar|
|tmp_17_val                 |   in|   32|     ap_none|                          tmp_17_val|        scalar|
|tmp_19_val                 |   in|   32|     ap_none|                          tmp_19_val|        scalar|
|tmp_21_val                 |   in|   32|     ap_none|                          tmp_21_val|        scalar|
|tmp_23_val                 |   in|   32|     ap_none|                          tmp_23_val|        scalar|
|tmp_25_val                 |   in|   32|     ap_none|                          tmp_25_val|        scalar|
|tmp_27_val                 |   in|   32|     ap_none|                          tmp_27_val|        scalar|
|tmp_29_val                 |   in|   32|     ap_none|                          tmp_29_val|        scalar|
|tmp_31_val                 |   in|   32|     ap_none|                          tmp_31_val|        scalar|
|tmp_33_val                 |   in|   32|     ap_none|                          tmp_33_val|        scalar|
|tmp_35_val                 |   in|   32|     ap_none|                          tmp_35_val|        scalar|
|tmp_37_val                 |   in|   32|     ap_none|                          tmp_37_val|        scalar|
|tmp_39_val                 |   in|   32|     ap_none|                          tmp_39_val|        scalar|
|tmp_41_val                 |   in|   32|     ap_none|                          tmp_41_val|        scalar|
|tmp_43_val                 |   in|   32|     ap_none|                          tmp_43_val|        scalar|
|tmp_45_val                 |   in|   32|     ap_none|                          tmp_45_val|        scalar|
|tmp_47_val                 |   in|   32|     ap_none|                          tmp_47_val|        scalar|
|tmp_49_val                 |   in|   32|     ap_none|                          tmp_49_val|        scalar|
|tmp_51_val                 |   in|   32|     ap_none|                          tmp_51_val|        scalar|
|tmp_53_val                 |   in|   32|     ap_none|                          tmp_53_val|        scalar|
|tmp_55_val                 |   in|   32|     ap_none|                          tmp_55_val|        scalar|
|tmp_57_val                 |   in|   32|     ap_none|                          tmp_57_val|        scalar|
|tmp_59_val                 |   in|   32|     ap_none|                          tmp_59_val|        scalar|
|tmp_61_val                 |   in|   32|     ap_none|                          tmp_61_val|        scalar|
|tmp_63_val                 |   in|   32|     ap_none|                          tmp_63_val|        scalar|
|tmp_65_val                 |   in|   32|     ap_none|                          tmp_65_val|        scalar|
|tmp_67_val                 |   in|   32|     ap_none|                          tmp_67_val|        scalar|
|tmp_69_val                 |   in|   32|     ap_none|                          tmp_69_val|        scalar|
|tmp_71_val                 |   in|   32|     ap_none|                          tmp_71_val|        scalar|
|tmp_73_val                 |   in|   32|     ap_none|                          tmp_73_val|        scalar|
|tmp_75_val                 |   in|   32|     ap_none|                          tmp_75_val|        scalar|
|tmp_77_val                 |   in|   32|     ap_none|                          tmp_77_val|        scalar|
|tmp_79_val                 |   in|   32|     ap_none|                          tmp_79_val|        scalar|
|tmp_81_val                 |   in|   32|     ap_none|                          tmp_81_val|        scalar|
|tmp_83_val                 |   in|   32|     ap_none|                          tmp_83_val|        scalar|
|tmp_85_val                 |   in|   32|     ap_none|                          tmp_85_val|        scalar|
|tmp_87_val                 |   in|   32|     ap_none|                          tmp_87_val|        scalar|
|tmp_89_val                 |   in|   32|     ap_none|                          tmp_89_val|        scalar|
|tmp_91_val                 |   in|   32|     ap_none|                          tmp_91_val|        scalar|
|tmp_93_val                 |   in|   32|     ap_none|                          tmp_93_val|        scalar|
|tmp_95_val                 |   in|   32|     ap_none|                          tmp_95_val|        scalar|
|tmp_97_val                 |   in|   32|     ap_none|                          tmp_97_val|        scalar|
|tmp_99_val                 |   in|   32|     ap_none|                          tmp_99_val|        scalar|
|tmp_101_val                |   in|   32|     ap_none|                         tmp_101_val|        scalar|
|tmp_103_val                |   in|   32|     ap_none|                         tmp_103_val|        scalar|
|tmp_105_val                |   in|   32|     ap_none|                         tmp_105_val|        scalar|
|tmp_107_val                |   in|   32|     ap_none|                         tmp_107_val|        scalar|
|tmp_109_val                |   in|   32|     ap_none|                         tmp_109_val|        scalar|
|tmp_111_val                |   in|   32|     ap_none|                         tmp_111_val|        scalar|
|tmp_113_val                |   in|   32|     ap_none|                         tmp_113_val|        scalar|
|tmp_115_val                |   in|   32|     ap_none|                         tmp_115_val|        scalar|
|tmp_117_val                |   in|   32|     ap_none|                         tmp_117_val|        scalar|
|tmp_119_val                |   in|   32|     ap_none|                         tmp_119_val|        scalar|
|tmp_121_val                |   in|   32|     ap_none|                         tmp_121_val|        scalar|
|tmp_123_val                |   in|   32|     ap_none|                         tmp_123_val|        scalar|
|tmp_125_val                |   in|   32|     ap_none|                         tmp_125_val|        scalar|
|tmp_127_val                |   in|   32|     ap_none|                         tmp_127_val|        scalar|
|tmp_129_val                |   in|   32|     ap_none|                         tmp_129_val|        scalar|
|tmp_131_val                |   in|   32|     ap_none|                         tmp_131_val|        scalar|
|tmp_133_val                |   in|   32|     ap_none|                         tmp_133_val|        scalar|
|tmp_135_val                |   in|   32|     ap_none|                         tmp_135_val|        scalar|
|tmp_137_val                |   in|   32|     ap_none|                         tmp_137_val|        scalar|
|tmp_139_val                |   in|   32|     ap_none|                         tmp_139_val|        scalar|
|tmp_141_val                |   in|   32|     ap_none|                         tmp_141_val|        scalar|
|tmp_143_val                |   in|   32|     ap_none|                         tmp_143_val|        scalar|
|tmp_145_val                |   in|   32|     ap_none|                         tmp_145_val|        scalar|
|tmp_147_val                |   in|   32|     ap_none|                         tmp_147_val|        scalar|
|tmp_149_val                |   in|   32|     ap_none|                         tmp_149_val|        scalar|
|tmp_151_val                |   in|   32|     ap_none|                         tmp_151_val|        scalar|
|tmp_153_val                |   in|   32|     ap_none|                         tmp_153_val|        scalar|
|tmp_155_val                |   in|   32|     ap_none|                         tmp_155_val|        scalar|
|tmp_157_val                |   in|   32|     ap_none|                         tmp_157_val|        scalar|
|tmp_159_val                |   in|   32|     ap_none|                         tmp_159_val|        scalar|
|tmp_161_val                |   in|   32|     ap_none|                         tmp_161_val|        scalar|
|tmp_163_val                |   in|   32|     ap_none|                         tmp_163_val|        scalar|
|tmp_165_val                |   in|   32|     ap_none|                         tmp_165_val|        scalar|
|tmp_167_val                |   in|   32|     ap_none|                         tmp_167_val|        scalar|
|tmp_169_val                |   in|   32|     ap_none|                         tmp_169_val|        scalar|
|tmp_171_val                |   in|   32|     ap_none|                         tmp_171_val|        scalar|
|tmp_173_val                |   in|   32|     ap_none|                         tmp_173_val|        scalar|
|tmp_175_val                |   in|   32|     ap_none|                         tmp_175_val|        scalar|
|tmp_177_val                |   in|   32|     ap_none|                         tmp_177_val|        scalar|
|tmp_179_val                |   in|   32|     ap_none|                         tmp_179_val|        scalar|
|tmp_181_val                |   in|   32|     ap_none|                         tmp_181_val|        scalar|
|tmp_183_val                |   in|   32|     ap_none|                         tmp_183_val|        scalar|
|tmp_185_val                |   in|   32|     ap_none|                         tmp_185_val|        scalar|
|tmp_187_val                |   in|   32|     ap_none|                         tmp_187_val|        scalar|
|tmp_189_val                |   in|   32|     ap_none|                         tmp_189_val|        scalar|
|tmp_191_val                |   in|   32|     ap_none|                         tmp_191_val|        scalar|
|tmp_193_val                |   in|   32|     ap_none|                         tmp_193_val|        scalar|
|tmp_195_val                |   in|   32|     ap_none|                         tmp_195_val|        scalar|
|tmp_197_val                |   in|   32|     ap_none|                         tmp_197_val|        scalar|
|tmp_199_val                |   in|   32|     ap_none|                         tmp_199_val|        scalar|
|tmp_201_val                |   in|   32|     ap_none|                         tmp_201_val|        scalar|
|tmp_203_val                |   in|   32|     ap_none|                         tmp_203_val|        scalar|
|tmp_205_val                |   in|   32|     ap_none|                         tmp_205_val|        scalar|
|tmp_207_val                |   in|   32|     ap_none|                         tmp_207_val|        scalar|
|tmp_209_val                |   in|   32|     ap_none|                         tmp_209_val|        scalar|
|tmp_211_val                |   in|   32|     ap_none|                         tmp_211_val|        scalar|
|tmp_213_val                |   in|   32|     ap_none|                         tmp_213_val|        scalar|
|tmp_215_val                |   in|   32|     ap_none|                         tmp_215_val|        scalar|
|tmp_217_val                |   in|   32|     ap_none|                         tmp_217_val|        scalar|
|tmp_219_val                |   in|   32|     ap_none|                         tmp_219_val|        scalar|
|tmp_221_val                |   in|   32|     ap_none|                         tmp_221_val|        scalar|
|tmp_223_val                |   in|   32|     ap_none|                         tmp_223_val|        scalar|
|tmp_225_val                |   in|   32|     ap_none|                         tmp_225_val|        scalar|
|tmp_227_val                |   in|   32|     ap_none|                         tmp_227_val|        scalar|
|tmp_229_val                |   in|   32|     ap_none|                         tmp_229_val|        scalar|
|tmp_231_val                |   in|   32|     ap_none|                         tmp_231_val|        scalar|
|tmp_233_val                |   in|   32|     ap_none|                         tmp_233_val|        scalar|
|tmp_235_val                |   in|   32|     ap_none|                         tmp_235_val|        scalar|
|tmp_237_val                |   in|   32|     ap_none|                         tmp_237_val|        scalar|
|tmp_239_val                |   in|   32|     ap_none|                         tmp_239_val|        scalar|
|tmp_241_val                |   in|   32|     ap_none|                         tmp_241_val|        scalar|
|tmp_243_val                |   in|   32|     ap_none|                         tmp_243_val|        scalar|
|tmp_245_val                |   in|   32|     ap_none|                         tmp_245_val|        scalar|
|tmp_247_val                |   in|   32|     ap_none|                         tmp_247_val|        scalar|
|tmp_249_val                |   in|   32|     ap_none|                         tmp_249_val|        scalar|
|tmp_251_val                |   in|   32|     ap_none|                         tmp_251_val|        scalar|
|tmp_253_val                |   in|   32|     ap_none|                         tmp_253_val|        scalar|
|tmp_255_val                |   in|   32|     ap_none|                         tmp_255_val|        scalar|
|tmp_257_val                |   in|   32|     ap_none|                         tmp_257_val|        scalar|
|tmp_259_val                |   in|   32|     ap_none|                         tmp_259_val|        scalar|
|tmp_261_val                |   in|   32|     ap_none|                         tmp_261_val|        scalar|
|tmp_263_val                |   in|   32|     ap_none|                         tmp_263_val|        scalar|
|tmp_265_val                |   in|   32|     ap_none|                         tmp_265_val|        scalar|
|tmp_267_val                |   in|   32|     ap_none|                         tmp_267_val|        scalar|
|tmp_269_val                |   in|   32|     ap_none|                         tmp_269_val|        scalar|
|tmp_271_val                |   in|   32|     ap_none|                         tmp_271_val|        scalar|
|tmp_273_val                |   in|   32|     ap_none|                         tmp_273_val|        scalar|
|tmp_275_val                |   in|   32|     ap_none|                         tmp_275_val|        scalar|
|tmp_277_val                |   in|   32|     ap_none|                         tmp_277_val|        scalar|
|tmp_279_val                |   in|   32|     ap_none|                         tmp_279_val|        scalar|
|tmp_281_val                |   in|   32|     ap_none|                         tmp_281_val|        scalar|
|tmp_283_val                |   in|   32|     ap_none|                         tmp_283_val|        scalar|
|tmp_285_val                |   in|   32|     ap_none|                         tmp_285_val|        scalar|
|tmp_287_val                |   in|   32|     ap_none|                         tmp_287_val|        scalar|
|tmp_289_val                |   in|   32|     ap_none|                         tmp_289_val|        scalar|
|tmp_291_val                |   in|   32|     ap_none|                         tmp_291_val|        scalar|
|tmp_293_val                |   in|   32|     ap_none|                         tmp_293_val|        scalar|
|tmp_295_val                |   in|   32|     ap_none|                         tmp_295_val|        scalar|
|tmp_297_val                |   in|   32|     ap_none|                         tmp_297_val|        scalar|
|tmp_299_val                |   in|   32|     ap_none|                         tmp_299_val|        scalar|
|tmp_301_val                |   in|   32|     ap_none|                         tmp_301_val|        scalar|
|tmp_303_val                |   in|   32|     ap_none|                         tmp_303_val|        scalar|
|tmp_305_val                |   in|   32|     ap_none|                         tmp_305_val|        scalar|
|tmp_307_val                |   in|   32|     ap_none|                         tmp_307_val|        scalar|
|tmp_309_val                |   in|   32|     ap_none|                         tmp_309_val|        scalar|
|tmp_311_val                |   in|   32|     ap_none|                         tmp_311_val|        scalar|
|tmp_313_val                |   in|   32|     ap_none|                         tmp_313_val|        scalar|
|tmp_315_val                |   in|   32|     ap_none|                         tmp_315_val|        scalar|
|tmp_317_val                |   in|   32|     ap_none|                         tmp_317_val|        scalar|
|tmp_319_val                |   in|   32|     ap_none|                         tmp_319_val|        scalar|
|tmp_321_val                |   in|   32|     ap_none|                         tmp_321_val|        scalar|
|tmp_323_val                |   in|   32|     ap_none|                         tmp_323_val|        scalar|
|tmp_325_val                |   in|   32|     ap_none|                         tmp_325_val|        scalar|
|tmp_327_val                |   in|   32|     ap_none|                         tmp_327_val|        scalar|
|tmp_329_val                |   in|   32|     ap_none|                         tmp_329_val|        scalar|
|tmp_331_val                |   in|   32|     ap_none|                         tmp_331_val|        scalar|
|tmp_333_val                |   in|   32|     ap_none|                         tmp_333_val|        scalar|
|tmp_335_val                |   in|   32|     ap_none|                         tmp_335_val|        scalar|
|tmp_337_val                |   in|   32|     ap_none|                         tmp_337_val|        scalar|
|tmp_339_val                |   in|   32|     ap_none|                         tmp_339_val|        scalar|
|tmp_341_val                |   in|   32|     ap_none|                         tmp_341_val|        scalar|
|tmp_343_val                |   in|   32|     ap_none|                         tmp_343_val|        scalar|
|tmp_345_val                |   in|   32|     ap_none|                         tmp_345_val|        scalar|
|tmp_347_val                |   in|   32|     ap_none|                         tmp_347_val|        scalar|
|tmp_349_val                |   in|   32|     ap_none|                         tmp_349_val|        scalar|
|tmp_351_val                |   in|   32|     ap_none|                         tmp_351_val|        scalar|
|tmp_353_val                |   in|   32|     ap_none|                         tmp_353_val|        scalar|
|tmp_355_val                |   in|   32|     ap_none|                         tmp_355_val|        scalar|
|tmp_357_val                |   in|   32|     ap_none|                         tmp_357_val|        scalar|
|tmp_359_val                |   in|   32|     ap_none|                         tmp_359_val|        scalar|
|tmp_361_val                |   in|   32|     ap_none|                         tmp_361_val|        scalar|
|tmp_363_val                |   in|   32|     ap_none|                         tmp_363_val|        scalar|
|tmp_365_val                |   in|   32|     ap_none|                         tmp_365_val|        scalar|
|tmp_367_val                |   in|   32|     ap_none|                         tmp_367_val|        scalar|
|tmp_369_val                |   in|   32|     ap_none|                         tmp_369_val|        scalar|
|tmp_371_val                |   in|   32|     ap_none|                         tmp_371_val|        scalar|
|tmp_373_val                |   in|   32|     ap_none|                         tmp_373_val|        scalar|
|tmp_375_val                |   in|   32|     ap_none|                         tmp_375_val|        scalar|
|tmp_377_val                |   in|   32|     ap_none|                         tmp_377_val|        scalar|
|tmp_379_val                |   in|   32|     ap_none|                         tmp_379_val|        scalar|
|tmp_381_val                |   in|   32|     ap_none|                         tmp_381_val|        scalar|
|tmp_383_val                |   in|   32|     ap_none|                         tmp_383_val|        scalar|
|tmp_385_val                |   in|   32|     ap_none|                         tmp_385_val|        scalar|
|tmp_387_val                |   in|   32|     ap_none|                         tmp_387_val|        scalar|
|tmp_389_val                |   in|   32|     ap_none|                         tmp_389_val|        scalar|
+---------------------------+-----+-----+------------+------------------------------------+--------------+

