================================================================
== Design Size Report
================================================================

* Total Instructions per Compilation Phase
+---------------+-----------------------------+--------------+----------------------------------------------------------------------------------------+
| Phase         | Step                        | Instructions | Description                                                                            |
+---------------+-----------------------------+--------------+----------------------------------------------------------------------------------------+
| Compile/Link  |                             |     2,293    | After all functions are compiled and linked into a single design                       |
|               |                             |              |                                                                                        |
| Unroll/Inline |                             |              | After user unroll and inline pragmas are applied                                       |
|               | (1) unroll                  |    16,705    | user unroll pragmas are applied                                                        |
|               | (2) simplification          |     8,837    | simplification of applied user unroll pragmas                                          |
|               | (3) inline                  |     8,138    | user inline pragmas are applied                                                        |
|               | (4) simplification          |     7,578    | simplification of applied user inline pragmas                                          |
|               |                             |              |                                                                                        |
| Array/Struct  |                             |              | After user array partition and struct aggregate/disaggregate pragmas are applied       |
|               | (1) array partition         | 1,347,149 *  | user array partition pragmas are applied                                               |
|               | (2) simplification          |    21,018    | simplification of applied user array partition & struct aggregate/disaggregate pragmas |
|               | (3) aggregate/disaggregate  |    21,020    | user struct aggregate/disaggregate pragmas are applied                                 |
|               | (4) array reshape           |    21,512    | apply array reshape pragmas                                                            |
|               | (5) access patterns         |    21,210    | array access pattern optmizations                                                      |
|               |                             |              |                                                                                        |
| Performance   |                             |              | After transformations are applied to meet performance pragma targets                   |
|               | (1) loop simplification     |    21,220    | loop and instruction simplification                                                    |
|               | (2) parallelization         |    21,205    | loops are unrolled or pipelined to meet performance targets                            |
|               | (3) array partition         |    21,205    | arrays are partitioned to meet performance targets                                     |
|               | (4) simplification          |    21,205    | simplification of design after performance transformations                             |
|               |                             |              |                                                                                        |
| HW Transforms |                             |              | After hardware transfomations                                                          |
|               | (1) lowering                |    21,268    | initial conversion to HW specific instructions                                         |
|               | (2) optimizations           |    21,451    | high level synthesis optimizations                                                     |
+---------------+-----------------------------+--------------+----------------------------------------------------------------------------------------+
    * - Exceeded design size warning message threshold

* Instructions per Function for each Compilation Phase
+--------------+----------------+--------------+---------------+--------------+-------------+---------------+
| Function     | Location       | Compile/Link | Unroll/Inline | Array/Struct | Performance | HW Transforms |
+--------------+----------------+--------------+---------------+--------------+-------------+---------------+
| + kernel_nlp | output.cpp:216 | 2,293        | 7,578         | 21,210       | 21,205      | 21,451        |
|    load_y_1  | output.cpp:12  |  292         |   92          |   143        |   142       |   175         |
|    load_A    | output.cpp:35  |  335         |   99          | 3,357        | 3,356       | 3,390         |
|    load_x1   | output.cpp:60  |  292         |   92          |   923        |   922       |   955         |
|    load_y_2  | output.cpp:83  |  292         |   92          |   923        |   922       |   955         |
|    load_x2   | output.cpp:106 |  292         |   92          |   923        |   922       |   955         |
|    task0     | output.cpp:178 |   68         | 3,459         | 4,505        | 4,505       | 4,512         |
|    task1     | output.cpp:197 |   68         | 3,425         | 4,907        | 4,507       | 4,514         |
|    store_x1  | output.cpp:129 |  292         |   92          |   527        |   127       |   157         |
|    store_x2  | output.cpp:153 |  292         |   92          |   527        |   127       |   157         |
+--------------+----------------+--------------+---------------+--------------+-------------+---------------+

* Design Size Message Settings
+---------------------------------------------+--------+------------------------------------------------------------------+
| Message Setting                             | Value  | Description                                                      |
+---------------------------------------------+--------+------------------------------------------------------------------+
| config_compile -design_size_maximum_warning | 100000 | Show a warning when total design instructions exceeds this value |
+---------------------------------------------+--------+------------------------------------------------------------------+


