

================================================================
== Vitis HLS Report for 'load_x1_Pipeline_VITIS_LOOP_62_1'
================================================================
* Date:           Tue Dec 17 10:24:02 2024

* Version:        2023.2 (Build 4023990 on Oct 11 2023)
* Project:        kernel_nlp
* Solution:       solution (Vitis Kernel Flow Target)
* Product family: virtexuplusHBM
* Target device:  xcu55c-fsvh2892-2L-e


================================================================
== Performance Estimates
================================================================
+ Timing: 
    * Summary: 
    +--------+---------+----------+------------+
    |  Clock |  Target | Estimated| Uncertainty|
    +--------+---------+----------+------------+
    |ap_clk  |  4.00 ns|  2.920 ns|     1.08 ns|
    +--------+---------+----------+------------+

+ Latency: 
    * Summary: 
    +---------+---------+----------+----------+-----+-----+---------+
    |  Latency (cycles) |  Latency (absolute) |  Interval | Pipeline|
    |   min   |   max   |    min   |    max   | min | max |   Type  |
    +---------+---------+----------+----------+-----+-----+---------+
    |       27|       27|  0.108 us|  0.108 us|   27|   27|       no|
    +---------+---------+----------+----------+-----+-----+---------+

    + Detail: 
        * Instance: 
        N/A

        * Loop: 
        +-------------------+---------+---------+----------+-----------+-----------+------+----------+
        |                   |  Latency (cycles) | Iteration|  Initiation Interval  | Trip |          |
        |     Loop Name     |   min   |   max   |  Latency |  achieved |   target  | Count| Pipelined|
        +-------------------+---------+---------+----------+-----------+-----------+------+----------+
        |- VITIS_LOOP_62_1  |       25|       25|         2|          1|          1|    25|       yes|
        +-------------------+---------+---------+----------+-----------+-----------+------+----------+



================================================================
== Utilization Estimates
================================================================
* Summary: 
+---------------------+---------+------+---------+---------+-----+
|         Name        | BRAM_18K|  DSP |    FF   |   LUT   | URAM|
+---------------------+---------+------+---------+---------+-----+
|DSP                  |        -|     -|        -|        -|    -|
|Expression           |        -|     -|        0|       44|    -|
|FIFO                 |        -|     -|        -|        -|    -|
|Instance             |        -|     -|        -|        -|    -|
|Memory               |        -|     -|        -|        -|    -|
|Multiplexer          |        -|     -|        -|       63|    -|
|Register             |        -|     -|       26|        -|    -|
+---------------------+---------+------+---------+---------+-----+
|Total                |        0|     0|       26|      107|    0|
+---------------------+---------+------+---------+---------+-----+
|Available SLR        |     1344|  3008|   869120|   434560|  320|
+---------------------+---------+------+---------+---------+-----+
|Utilization SLR (%)  |        0|     0|       ~0|       ~0|    0|
+---------------------+---------+------+---------+---------+-----+
|Available            |     4032|  9024|  2607360|  1303680|  960|
+---------------------+---------+------+---------+---------+-----+
|Utilization (%)      |        0|     0|       ~0|       ~0|    0|
+---------------------+---------+------+---------+---------+-----+

+ Detail: 
    * Instance: 
    N/A

    * DSP: 
    N/A

    * Memory: 
    N/A

    * FIFO: 
    N/A

    * Expression: 
    +---------------------------+----------+----+---+----+------------+------------+
    |       Variable Name       | Operation| DSP| FF| LUT| Bitwidth P0| Bitwidth P1|
    +---------------------------+----------+----+---+----+------------+------------+
    |add_ln62_1_fu_3799_p2      |         +|   0|  0|  12|           5|           1|
    |add_ln62_fu_3805_p2        |         +|   0|  0|  16|           9|           5|
    |ap_block_pp0_stage0_01001  |       and|   0|  0|   2|           1|           1|
    |icmp_ln62_fu_3793_p2       |      icmp|   0|  0|  12|           5|           4|
    |ap_enable_pp0              |       xor|   0|  0|   2|           1|           2|
    +---------------------------+----------+----+---+----+------------+------------+
    |Total                      |          |   0|  0|  44|          21|          13|
    +---------------------------+----------+----+---+----+------------+------------+

    * Multiplexer: 
    +------------------------------+----+-----------+-----+-----------+
    |             Name             | LUT| Input Size| Bits| Total Bits|
    +------------------------------+----+-----------+-----+-----------+
    |ap_done_int                   |   9|          2|    1|          2|
    |ap_enable_reg_pp0_iter1       |   9|          2|    1|          2|
    |ap_sig_allocacmp_i0_3         |   9|          2|    9|         18|
    |ap_sig_allocacmp_indvar_load  |   9|          2|    5|         10|
    |i0_fu_954                     |   9|          2|    9|         18|
    |indvar_fu_958                 |   9|          2|    5|         10|
    |kernel_x1_blk_n_R             |   9|          2|    1|          2|
    +------------------------------+----+-----------+-----+-----------+
    |Total                         |  63|         14|   31|         62|
    +------------------------------+----+-----------+-----+-----------+

    * Register: 
    +-------------------------+---+----+-----+-----------+
    |           Name          | FF| LUT| Bits| Const Bits|
    +-------------------------+---+----+-----+-----------+
    |ap_CS_fsm                |  1|   0|    1|          0|
    |ap_done_reg              |  1|   0|    1|          0|
    |ap_enable_reg_pp0_iter1  |  1|   0|    1|          0|
    |i0_3_reg_4464            |  9|   0|    9|          0|
    |i0_fu_954                |  9|   0|    9|          0|
    |indvar_fu_958            |  5|   0|    5|          0|
    +-------------------------+---+----+-----+-----------+
    |Total                    | 26|   0|   26|          0|
    +-------------------------+---+----+-----+-----------+



================================================================
== Interface
================================================================
* Summary: 
+--------------------------+-----+-----+------------+----------------------------------+--------------+
|         RTL Ports        | Dir | Bits|  Protocol  |           Source Object          |    C Type    |
+--------------------------+-----+-----+------------+----------------------------------+--------------+
|ap_clk                    |   in|    1|  ap_ctrl_hs|  load_x1_Pipeline_VITIS_LOOP_62_1|  return value|
|ap_rst                    |   in|    1|  ap_ctrl_hs|  load_x1_Pipeline_VITIS_LOOP_62_1|  return value|
|ap_start                  |   in|    1|  ap_ctrl_hs|  load_x1_Pipeline_VITIS_LOOP_62_1|  return value|
|ap_done                   |  out|    1|  ap_ctrl_hs|  load_x1_Pipeline_VITIS_LOOP_62_1|  return value|
|ap_idle                   |  out|    1|  ap_ctrl_hs|  load_x1_Pipeline_VITIS_LOOP_62_1|  return value|
|ap_ready                  |  out|    1|  ap_ctrl_hs|  load_x1_Pipeline_VITIS_LOOP_62_1|  return value|
|m_axi_kernel_x1_AWVALID   |  out|    1|       m_axi|                         kernel_x1|       pointer|
|m_axi_kernel_x1_AWREADY   |   in|    1|       m_axi|                         kernel_x1|       pointer|
|m_axi_kernel_x1_AWADDR    |  out|   64|       m_axi|                         kernel_x1|       pointer|
|m_axi_kernel_x1_AWID      |  out|    1|       m_axi|                         kernel_x1|       pointer|
|m_axi_kernel_x1_AWLEN     |  out|   32|       m_axi|                         kernel_x1|       pointer|
|m_axi_kernel_x1_AWSIZE    |  out|    3|       m_axi|                         kernel_x1|       pointer|
|m_axi_kernel_x1_AWBURST   |  out|    2|       m_axi|                         kernel_x1|       pointer|
|m_axi_kernel_x1_AWLOCK    |  out|    2|       m_axi|                         kernel_x1|       pointer|
|m_axi_kernel_x1_AWCACHE   |  out|    4|       m_axi|                         kernel_x1|       pointer|
|m_axi_kernel_x1_AWPROT    |  out|    3|       m_axi|                         kernel_x1|       pointer|
|m_axi_kernel_x1_AWQOS     |  out|    4|       m_axi|                         kernel_x1|       pointer|
|m_axi_kernel_x1_AWREGION  |  out|    4|       m_axi|                         kernel_x1|       pointer|
|m_axi_kernel_x1_AWUSER    |  out|    1|       m_axi|                         kernel_x1|       pointer|
|m_axi_kernel_x1_WVALID    |  out|    1|       m_axi|                         kernel_x1|       pointer|
|m_axi_kernel_x1_WREADY    |   in|    1|       m_axi|                         kernel_x1|       pointer|
|m_axi_kernel_x1_WDATA     |  out|  512|       m_axi|                         kernel_x1|       pointer|
|m_axi_kernel_x1_WSTRB     |  out|   64|       m_axi|                         kernel_x1|       pointer|
|m_axi_kernel_x1_WLAST     |  out|    1|       m_axi|                         kernel_x1|       pointer|
|m_axi_kernel_x1_WID       |  out|    1|       m_axi|                         kernel_x1|       pointer|
|m_axi_kernel_x1_WUSER     |  out|    1|       m_axi|                         kernel_x1|       pointer|
|m_axi_kernel_x1_ARVALID   |  out|    1|       m_axi|                         kernel_x1|       pointer|
|m_axi_kernel_x1_ARREADY   |   in|    1|       m_axi|                         kernel_x1|       pointer|
|m_axi_kernel_x1_ARADDR    |  out|   64|       m_axi|                         kernel_x1|       pointer|
|m_axi_kernel_x1_ARID      |  out|    1|       m_axi|                         kernel_x1|       pointer|
|m_axi_kernel_x1_ARLEN     |  out|   32|       m_axi|                         kernel_x1|       pointer|
|m_axi_kernel_x1_ARSIZE    |  out|    3|       m_axi|                         kernel_x1|       pointer|
|m_axi_kernel_x1_ARBURST   |  out|    2|       m_axi|                         kernel_x1|       pointer|
|m_axi_kernel_x1_ARLOCK    |  out|    2|       m_axi|                         kernel_x1|       pointer|
|m_axi_kernel_x1_ARCACHE   |  out|    4|       m_axi|                         kernel_x1|       pointer|
|m_axi_kernel_x1_ARPROT    |  out|    3|       m_axi|                         kernel_x1|       pointer|
|m_axi_kernel_x1_ARQOS     |  out|    4|       m_axi|                         kernel_x1|       pointer|
|m_axi_kernel_x1_ARREGION  |  out|    4|       m_axi|                         kernel_x1|       pointer|
|m_axi_kernel_x1_ARUSER    |  out|    1|       m_axi|                         kernel_x1|       pointer|
|m_axi_kernel_x1_RVALID    |   in|    1|       m_axi|                         kernel_x1|       pointer|
|m_axi_kernel_x1_RREADY    |  out|    1|       m_axi|                         kernel_x1|       pointer|
|m_axi_kernel_x1_RDATA     |   in|  512|       m_axi|                         kernel_x1|       pointer|
|m_axi_kernel_x1_RLAST     |   in|    1|       m_axi|                         kernel_x1|       pointer|
|m_axi_kernel_x1_RID       |   in|    1|       m_axi|                         kernel_x1|       pointer|
|m_axi_kernel_x1_RFIFONUM  |   in|    9|       m_axi|                         kernel_x1|       pointer|
|m_axi_kernel_x1_RUSER     |   in|    1|       m_axi|                         kernel_x1|       pointer|
|m_axi_kernel_x1_RRESP     |   in|    2|       m_axi|                         kernel_x1|       pointer|
|m_axi_kernel_x1_BVALID    |   in|    1|       m_axi|                         kernel_x1|       pointer|
|m_axi_kernel_x1_BREADY    |  out|    1|       m_axi|                         kernel_x1|       pointer|
|m_axi_kernel_x1_BRESP     |   in|    2|       m_axi|                         kernel_x1|       pointer|
|m_axi_kernel_x1_BID       |   in|    1|       m_axi|                         kernel_x1|       pointer|
|m_axi_kernel_x1_BUSER     |   in|    1|       m_axi|                         kernel_x1|       pointer|
|x1_0                      |  out|   32|      ap_vld|                              x1_0|       pointer|
|x1_0_ap_vld               |  out|    1|      ap_vld|                              x1_0|       pointer|
|x1_1                      |  out|   32|      ap_vld|                              x1_1|       pointer|
|x1_1_ap_vld               |  out|    1|      ap_vld|                              x1_1|       pointer|
|x1_2                      |  out|   32|      ap_vld|                              x1_2|       pointer|
|x1_2_ap_vld               |  out|    1|      ap_vld|                              x1_2|       pointer|
|x1_3                      |  out|   32|      ap_vld|                              x1_3|       pointer|
|x1_3_ap_vld               |  out|    1|      ap_vld|                              x1_3|       pointer|
|x1_4                      |  out|   32|      ap_vld|                              x1_4|       pointer|
|x1_4_ap_vld               |  out|    1|      ap_vld|                              x1_4|       pointer|
|x1_5                      |  out|   32|      ap_vld|                              x1_5|       pointer|
|x1_5_ap_vld               |  out|    1|      ap_vld|                              x1_5|       pointer|
|x1_6                      |  out|   32|      ap_vld|                              x1_6|       pointer|
|x1_6_ap_vld               |  out|    1|      ap_vld|                              x1_6|       pointer|
|x1_7                      |  out|   32|      ap_vld|                              x1_7|       pointer|
|x1_7_ap_vld               |  out|    1|      ap_vld|                              x1_7|       pointer|
|x1_8                      |  out|   32|      ap_vld|                              x1_8|       pointer|
|x1_8_ap_vld               |  out|    1|      ap_vld|                              x1_8|       pointer|
|x1_9                      |  out|   32|      ap_vld|                              x1_9|       pointer|
|x1_9_ap_vld               |  out|    1|      ap_vld|                              x1_9|       pointer|
|x1_10                     |  out|   32|      ap_vld|                             x1_10|       pointer|
|x1_10_ap_vld              |  out|    1|      ap_vld|                             x1_10|       pointer|
|x1_11                     |  out|   32|      ap_vld|                             x1_11|       pointer|
|x1_11_ap_vld              |  out|    1|      ap_vld|                             x1_11|       pointer|
|x1_12                     |  out|   32|      ap_vld|                             x1_12|       pointer|
|x1_12_ap_vld              |  out|    1|      ap_vld|                             x1_12|       pointer|
|x1_13                     |  out|   32|      ap_vld|                             x1_13|       pointer|
|x1_13_ap_vld              |  out|    1|      ap_vld|                             x1_13|       pointer|
|x1_14                     |  out|   32|      ap_vld|                             x1_14|       pointer|
|x1_14_ap_vld              |  out|    1|      ap_vld|                             x1_14|       pointer|
|x1_15                     |  out|   32|      ap_vld|                             x1_15|       pointer|
|x1_15_ap_vld              |  out|    1|      ap_vld|                             x1_15|       pointer|
|sext_ln62                 |   in|   58|     ap_none|                         sext_ln62|        scalar|
|x1_399                    |  out|   32|      ap_vld|                            x1_399|       pointer|
|x1_399_ap_vld             |  out|    1|      ap_vld|                            x1_399|       pointer|
|x1_398                    |  out|   32|      ap_vld|                            x1_398|       pointer|
|x1_398_ap_vld             |  out|    1|      ap_vld|                            x1_398|       pointer|
|x1_397                    |  out|   32|      ap_vld|                            x1_397|       pointer|
|x1_397_ap_vld             |  out|    1|      ap_vld|                            x1_397|       pointer|
|x1_396                    |  out|   32|      ap_vld|                            x1_396|       pointer|
|x1_396_ap_vld             |  out|    1|      ap_vld|                            x1_396|       pointer|
|x1_395                    |  out|   32|      ap_vld|                            x1_395|       pointer|
|x1_395_ap_vld             |  out|    1|      ap_vld|                            x1_395|       pointer|
|x1_394                    |  out|   32|      ap_vld|                            x1_394|       pointer|
|x1_394_ap_vld             |  out|    1|      ap_vld|                            x1_394|       pointer|
|x1_393                    |  out|   32|      ap_vld|                            x1_393|       pointer|
|x1_393_ap_vld             |  out|    1|      ap_vld|                            x1_393|       pointer|
|x1_392                    |  out|   32|      ap_vld|                            x1_392|       pointer|
|x1_392_ap_vld             |  out|    1|      ap_vld|                            x1_392|       pointer|
|x1_391                    |  out|   32|      ap_vld|                            x1_391|       pointer|
|x1_391_ap_vld             |  out|    1|      ap_vld|                            x1_391|       pointer|
|x1_390                    |  out|   32|      ap_vld|                            x1_390|       pointer|
|x1_390_ap_vld             |  out|    1|      ap_vld|                            x1_390|       pointer|
|x1_389                    |  out|   32|      ap_vld|                            x1_389|       pointer|
|x1_389_ap_vld             |  out|    1|      ap_vld|                            x1_389|       pointer|
|x1_388                    |  out|   32|      ap_vld|                            x1_388|       pointer|
|x1_388_ap_vld             |  out|    1|      ap_vld|                            x1_388|       pointer|
|x1_387                    |  out|   32|      ap_vld|                            x1_387|       pointer|
|x1_387_ap_vld             |  out|    1|      ap_vld|                            x1_387|       pointer|
|x1_386                    |  out|   32|      ap_vld|                            x1_386|       pointer|
|x1_386_ap_vld             |  out|    1|      ap_vld|                            x1_386|       pointer|
|x1_385                    |  out|   32|      ap_vld|                            x1_385|       pointer|
|x1_385_ap_vld             |  out|    1|      ap_vld|                            x1_385|       pointer|
|x1_384                    |  out|   32|      ap_vld|                            x1_384|       pointer|
|x1_384_ap_vld             |  out|    1|      ap_vld|                            x1_384|       pointer|
|x1_383                    |  out|   32|      ap_vld|                            x1_383|       pointer|
|x1_383_ap_vld             |  out|    1|      ap_vld|                            x1_383|       pointer|
|x1_382                    |  out|   32|      ap_vld|                            x1_382|       pointer|
|x1_382_ap_vld             |  out|    1|      ap_vld|                            x1_382|       pointer|
|x1_381                    |  out|   32|      ap_vld|                            x1_381|       pointer|
|x1_381_ap_vld             |  out|    1|      ap_vld|                            x1_381|       pointer|
|x1_380                    |  out|   32|      ap_vld|                            x1_380|       pointer|
|x1_380_ap_vld             |  out|    1|      ap_vld|                            x1_380|       pointer|
|x1_379                    |  out|   32|      ap_vld|                            x1_379|       pointer|
|x1_379_ap_vld             |  out|    1|      ap_vld|                            x1_379|       pointer|
|x1_378                    |  out|   32|      ap_vld|                            x1_378|       pointer|
|x1_378_ap_vld             |  out|    1|      ap_vld|                            x1_378|       pointer|
|x1_377                    |  out|   32|      ap_vld|                            x1_377|       pointer|
|x1_377_ap_vld             |  out|    1|      ap_vld|                            x1_377|       pointer|
|x1_376                    |  out|   32|      ap_vld|                            x1_376|       pointer|
|x1_376_ap_vld             |  out|    1|      ap_vld|                            x1_376|       pointer|
|x1_375                    |  out|   32|      ap_vld|                            x1_375|       pointer|
|x1_375_ap_vld             |  out|    1|      ap_vld|                            x1_375|       pointer|
|x1_374                    |  out|   32|      ap_vld|                            x1_374|       pointer|
|x1_374_ap_vld             |  out|    1|      ap_vld|                            x1_374|       pointer|
|x1_373                    |  out|   32|      ap_vld|                            x1_373|       pointer|
|x1_373_ap_vld             |  out|    1|      ap_vld|                            x1_373|       pointer|
|x1_372                    |  out|   32|      ap_vld|                            x1_372|       pointer|
|x1_372_ap_vld             |  out|    1|      ap_vld|                            x1_372|       pointer|
|x1_371                    |  out|   32|      ap_vld|                            x1_371|       pointer|
|x1_371_ap_vld             |  out|    1|      ap_vld|                            x1_371|       pointer|
|x1_370                    |  out|   32|      ap_vld|                            x1_370|       pointer|
|x1_370_ap_vld             |  out|    1|      ap_vld|                            x1_370|       pointer|
|x1_369                    |  out|   32|      ap_vld|                            x1_369|       pointer|
|x1_369_ap_vld             |  out|    1|      ap_vld|                            x1_369|       pointer|
|x1_368                    |  out|   32|      ap_vld|                            x1_368|       pointer|
|x1_368_ap_vld             |  out|    1|      ap_vld|                            x1_368|       pointer|
|x1_367                    |  out|   32|      ap_vld|                            x1_367|       pointer|
|x1_367_ap_vld             |  out|    1|      ap_vld|                            x1_367|       pointer|
|x1_366                    |  out|   32|      ap_vld|                            x1_366|       pointer|
|x1_366_ap_vld             |  out|    1|      ap_vld|                            x1_366|       pointer|
|x1_365                    |  out|   32|      ap_vld|                            x1_365|       pointer|
|x1_365_ap_vld             |  out|    1|      ap_vld|                            x1_365|       pointer|
|x1_364                    |  out|   32|      ap_vld|                            x1_364|       pointer|
|x1_364_ap_vld             |  out|    1|      ap_vld|                            x1_364|       pointer|
|x1_363                    |  out|   32|      ap_vld|                            x1_363|       pointer|
|x1_363_ap_vld             |  out|    1|      ap_vld|                            x1_363|       pointer|
|x1_362                    |  out|   32|      ap_vld|                            x1_362|       pointer|
|x1_362_ap_vld             |  out|    1|      ap_vld|                            x1_362|       pointer|
|x1_361                    |  out|   32|      ap_vld|                            x1_361|       pointer|
|x1_361_ap_vld             |  out|    1|      ap_vld|                            x1_361|       pointer|
|x1_360                    |  out|   32|      ap_vld|                            x1_360|       pointer|
|x1_360_ap_vld             |  out|    1|      ap_vld|                            x1_360|       pointer|
|x1_359                    |  out|   32|      ap_vld|                            x1_359|       pointer|
|x1_359_ap_vld             |  out|    1|      ap_vld|                            x1_359|       pointer|
|x1_358                    |  out|   32|      ap_vld|                            x1_358|       pointer|
|x1_358_ap_vld             |  out|    1|      ap_vld|                            x1_358|       pointer|
|x1_357                    |  out|   32|      ap_vld|                            x1_357|       pointer|
|x1_357_ap_vld             |  out|    1|      ap_vld|                            x1_357|       pointer|
|x1_356                    |  out|   32|      ap_vld|                            x1_356|       pointer|
|x1_356_ap_vld             |  out|    1|      ap_vld|                            x1_356|       pointer|
|x1_355                    |  out|   32|      ap_vld|                            x1_355|       pointer|
|x1_355_ap_vld             |  out|    1|      ap_vld|                            x1_355|       pointer|
|x1_354                    |  out|   32|      ap_vld|                            x1_354|       pointer|
|x1_354_ap_vld             |  out|    1|      ap_vld|                            x1_354|       pointer|
|x1_353                    |  out|   32|      ap_vld|                            x1_353|       pointer|
|x1_353_ap_vld             |  out|    1|      ap_vld|                            x1_353|       pointer|
|x1_352                    |  out|   32|      ap_vld|                            x1_352|       pointer|
|x1_352_ap_vld             |  out|    1|      ap_vld|                            x1_352|       pointer|
|x1_351                    |  out|   32|      ap_vld|                            x1_351|       pointer|
|x1_351_ap_vld             |  out|    1|      ap_vld|                            x1_351|       pointer|
|x1_350                    |  out|   32|      ap_vld|                            x1_350|       pointer|
|x1_350_ap_vld             |  out|    1|      ap_vld|                            x1_350|       pointer|
|x1_349                    |  out|   32|      ap_vld|                            x1_349|       pointer|
|x1_349_ap_vld             |  out|    1|      ap_vld|                            x1_349|       pointer|
|x1_348                    |  out|   32|      ap_vld|                            x1_348|       pointer|
|x1_348_ap_vld             |  out|    1|      ap_vld|                            x1_348|       pointer|
|x1_347                    |  out|   32|      ap_vld|                            x1_347|       pointer|
|x1_347_ap_vld             |  out|    1|      ap_vld|                            x1_347|       pointer|
|x1_346                    |  out|   32|      ap_vld|                            x1_346|       pointer|
|x1_346_ap_vld             |  out|    1|      ap_vld|                            x1_346|       pointer|
|x1_345                    |  out|   32|      ap_vld|                            x1_345|       pointer|
|x1_345_ap_vld             |  out|    1|      ap_vld|                            x1_345|       pointer|
|x1_344                    |  out|   32|      ap_vld|                            x1_344|       pointer|
|x1_344_ap_vld             |  out|    1|      ap_vld|                            x1_344|       pointer|
|x1_343                    |  out|   32|      ap_vld|                            x1_343|       pointer|
|x1_343_ap_vld             |  out|    1|      ap_vld|                            x1_343|       pointer|
|x1_342                    |  out|   32|      ap_vld|                            x1_342|       pointer|
|x1_342_ap_vld             |  out|    1|      ap_vld|                            x1_342|       pointer|
|x1_341                    |  out|   32|      ap_vld|                            x1_341|       pointer|
|x1_341_ap_vld             |  out|    1|      ap_vld|                            x1_341|       pointer|
|x1_340                    |  out|   32|      ap_vld|                            x1_340|       pointer|
|x1_340_ap_vld             |  out|    1|      ap_vld|                            x1_340|       pointer|
|x1_339                    |  out|   32|      ap_vld|                            x1_339|       pointer|
|x1_339_ap_vld             |  out|    1|      ap_vld|                            x1_339|       pointer|
|x1_338                    |  out|   32|      ap_vld|                            x1_338|       pointer|
|x1_338_ap_vld             |  out|    1|      ap_vld|                            x1_338|       pointer|
|x1_337                    |  out|   32|      ap_vld|                            x1_337|       pointer|
|x1_337_ap_vld             |  out|    1|      ap_vld|                            x1_337|       pointer|
|x1_336                    |  out|   32|      ap_vld|                            x1_336|       pointer|
|x1_336_ap_vld             |  out|    1|      ap_vld|                            x1_336|       pointer|
|x1_335                    |  out|   32|      ap_vld|                            x1_335|       pointer|
|x1_335_ap_vld             |  out|    1|      ap_vld|                            x1_335|       pointer|
|x1_334                    |  out|   32|      ap_vld|                            x1_334|       pointer|
|x1_334_ap_vld             |  out|    1|      ap_vld|                            x1_334|       pointer|
|x1_333                    |  out|   32|      ap_vld|                            x1_333|       pointer|
|x1_333_ap_vld             |  out|    1|      ap_vld|                            x1_333|       pointer|
|x1_332                    |  out|   32|      ap_vld|                            x1_332|       pointer|
|x1_332_ap_vld             |  out|    1|      ap_vld|                            x1_332|       pointer|
|x1_331                    |  out|   32|      ap_vld|                            x1_331|       pointer|
|x1_331_ap_vld             |  out|    1|      ap_vld|                            x1_331|       pointer|
|x1_330                    |  out|   32|      ap_vld|                            x1_330|       pointer|
|x1_330_ap_vld             |  out|    1|      ap_vld|                            x1_330|       pointer|
|x1_329                    |  out|   32|      ap_vld|                            x1_329|       pointer|
|x1_329_ap_vld             |  out|    1|      ap_vld|                            x1_329|       pointer|
|x1_328                    |  out|   32|      ap_vld|                            x1_328|       pointer|
|x1_328_ap_vld             |  out|    1|      ap_vld|                            x1_328|       pointer|
|x1_327                    |  out|   32|      ap_vld|                            x1_327|       pointer|
|x1_327_ap_vld             |  out|    1|      ap_vld|                            x1_327|       pointer|
|x1_326                    |  out|   32|      ap_vld|                            x1_326|       pointer|
|x1_326_ap_vld             |  out|    1|      ap_vld|                            x1_326|       pointer|
|x1_325                    |  out|   32|      ap_vld|                            x1_325|       pointer|
|x1_325_ap_vld             |  out|    1|      ap_vld|                            x1_325|       pointer|
|x1_324                    |  out|   32|      ap_vld|                            x1_324|       pointer|
|x1_324_ap_vld             |  out|    1|      ap_vld|                            x1_324|       pointer|
|x1_323                    |  out|   32|      ap_vld|                            x1_323|       pointer|
|x1_323_ap_vld             |  out|    1|      ap_vld|                            x1_323|       pointer|
|x1_322                    |  out|   32|      ap_vld|                            x1_322|       pointer|
|x1_322_ap_vld             |  out|    1|      ap_vld|                            x1_322|       pointer|
|x1_321                    |  out|   32|      ap_vld|                            x1_321|       pointer|
|x1_321_ap_vld             |  out|    1|      ap_vld|                            x1_321|       pointer|
|x1_320                    |  out|   32|      ap_vld|                            x1_320|       pointer|
|x1_320_ap_vld             |  out|    1|      ap_vld|                            x1_320|       pointer|
|x1_319                    |  out|   32|      ap_vld|                            x1_319|       pointer|
|x1_319_ap_vld             |  out|    1|      ap_vld|                            x1_319|       pointer|
|x1_318                    |  out|   32|      ap_vld|                            x1_318|       pointer|
|x1_318_ap_vld             |  out|    1|      ap_vld|                            x1_318|       pointer|
|x1_317                    |  out|   32|      ap_vld|                            x1_317|       pointer|
|x1_317_ap_vld             |  out|    1|      ap_vld|                            x1_317|       pointer|
|x1_316                    |  out|   32|      ap_vld|                            x1_316|       pointer|
|x1_316_ap_vld             |  out|    1|      ap_vld|                            x1_316|       pointer|
|x1_315                    |  out|   32|      ap_vld|                            x1_315|       pointer|
|x1_315_ap_vld             |  out|    1|      ap_vld|                            x1_315|       pointer|
|x1_314                    |  out|   32|      ap_vld|                            x1_314|       pointer|
|x1_314_ap_vld             |  out|    1|      ap_vld|                            x1_314|       pointer|
|x1_313                    |  out|   32|      ap_vld|                            x1_313|       pointer|
|x1_313_ap_vld             |  out|    1|      ap_vld|                            x1_313|       pointer|
|x1_312                    |  out|   32|      ap_vld|                            x1_312|       pointer|
|x1_312_ap_vld             |  out|    1|      ap_vld|                            x1_312|       pointer|
|x1_311                    |  out|   32|      ap_vld|                            x1_311|       pointer|
|x1_311_ap_vld             |  out|    1|      ap_vld|                            x1_311|       pointer|
|x1_310                    |  out|   32|      ap_vld|                            x1_310|       pointer|
|x1_310_ap_vld             |  out|    1|      ap_vld|                            x1_310|       pointer|
|x1_309                    |  out|   32|      ap_vld|                            x1_309|       pointer|
|x1_309_ap_vld             |  out|    1|      ap_vld|                            x1_309|       pointer|
|x1_308                    |  out|   32|      ap_vld|                            x1_308|       pointer|
|x1_308_ap_vld             |  out|    1|      ap_vld|                            x1_308|       pointer|
|x1_307                    |  out|   32|      ap_vld|                            x1_307|       pointer|
|x1_307_ap_vld             |  out|    1|      ap_vld|                            x1_307|       pointer|
|x1_306                    |  out|   32|      ap_vld|                            x1_306|       pointer|
|x1_306_ap_vld             |  out|    1|      ap_vld|                            x1_306|       pointer|
|x1_305                    |  out|   32|      ap_vld|                            x1_305|       pointer|
|x1_305_ap_vld             |  out|    1|      ap_vld|                            x1_305|       pointer|
|x1_304                    |  out|   32|      ap_vld|                            x1_304|       pointer|
|x1_304_ap_vld             |  out|    1|      ap_vld|                            x1_304|       pointer|
|x1_303                    |  out|   32|      ap_vld|                            x1_303|       pointer|
|x1_303_ap_vld             |  out|    1|      ap_vld|                            x1_303|       pointer|
|x1_302                    |  out|   32|      ap_vld|                            x1_302|       pointer|
|x1_302_ap_vld             |  out|    1|      ap_vld|                            x1_302|       pointer|
|x1_301                    |  out|   32|      ap_vld|                            x1_301|       pointer|
|x1_301_ap_vld             |  out|    1|      ap_vld|                            x1_301|       pointer|
|x1_300                    |  out|   32|      ap_vld|                            x1_300|       pointer|
|x1_300_ap_vld             |  out|    1|      ap_vld|                            x1_300|       pointer|
|x1_299                    |  out|   32|      ap_vld|                            x1_299|       pointer|
|x1_299_ap_vld             |  out|    1|      ap_vld|                            x1_299|       pointer|
|x1_298                    |  out|   32|      ap_vld|                            x1_298|       pointer|
|x1_298_ap_vld             |  out|    1|      ap_vld|                            x1_298|       pointer|
|x1_297                    |  out|   32|      ap_vld|                            x1_297|       pointer|
|x1_297_ap_vld             |  out|    1|      ap_vld|                            x1_297|       pointer|
|x1_296                    |  out|   32|      ap_vld|                            x1_296|       pointer|
|x1_296_ap_vld             |  out|    1|      ap_vld|                            x1_296|       pointer|
|x1_295                    |  out|   32|      ap_vld|                            x1_295|       pointer|
|x1_295_ap_vld             |  out|    1|      ap_vld|                            x1_295|       pointer|
|x1_294                    |  out|   32|      ap_vld|                            x1_294|       pointer|
|x1_294_ap_vld             |  out|    1|      ap_vld|                            x1_294|       pointer|
|x1_293                    |  out|   32|      ap_vld|                            x1_293|       pointer|
|x1_293_ap_vld             |  out|    1|      ap_vld|                            x1_293|       pointer|
|x1_292                    |  out|   32|      ap_vld|                            x1_292|       pointer|
|x1_292_ap_vld             |  out|    1|      ap_vld|                            x1_292|       pointer|
|x1_291                    |  out|   32|      ap_vld|                            x1_291|       pointer|
|x1_291_ap_vld             |  out|    1|      ap_vld|                            x1_291|       pointer|
|x1_290                    |  out|   32|      ap_vld|                            x1_290|       pointer|
|x1_290_ap_vld             |  out|    1|      ap_vld|                            x1_290|       pointer|
|x1_289                    |  out|   32|      ap_vld|                            x1_289|       pointer|
|x1_289_ap_vld             |  out|    1|      ap_vld|                            x1_289|       pointer|
|x1_288                    |  out|   32|      ap_vld|                            x1_288|       pointer|
|x1_288_ap_vld             |  out|    1|      ap_vld|                            x1_288|       pointer|
|x1_287                    |  out|   32|      ap_vld|                            x1_287|       pointer|
|x1_287_ap_vld             |  out|    1|      ap_vld|                            x1_287|       pointer|
|x1_286                    |  out|   32|      ap_vld|                            x1_286|       pointer|
|x1_286_ap_vld             |  out|    1|      ap_vld|                            x1_286|       pointer|
|x1_285                    |  out|   32|      ap_vld|                            x1_285|       pointer|
|x1_285_ap_vld             |  out|    1|      ap_vld|                            x1_285|       pointer|
|x1_284                    |  out|   32|      ap_vld|                            x1_284|       pointer|
|x1_284_ap_vld             |  out|    1|      ap_vld|                            x1_284|       pointer|
|x1_283                    |  out|   32|      ap_vld|                            x1_283|       pointer|
|x1_283_ap_vld             |  out|    1|      ap_vld|                            x1_283|       pointer|
|x1_282                    |  out|   32|      ap_vld|                            x1_282|       pointer|
|x1_282_ap_vld             |  out|    1|      ap_vld|                            x1_282|       pointer|
|x1_281                    |  out|   32|      ap_vld|                            x1_281|       pointer|
|x1_281_ap_vld             |  out|    1|      ap_vld|                            x1_281|       pointer|
|x1_280                    |  out|   32|      ap_vld|                            x1_280|       pointer|
|x1_280_ap_vld             |  out|    1|      ap_vld|                            x1_280|       pointer|
|x1_279                    |  out|   32|      ap_vld|                            x1_279|       pointer|
|x1_279_ap_vld             |  out|    1|      ap_vld|                            x1_279|       pointer|
|x1_278                    |  out|   32|      ap_vld|                            x1_278|       pointer|
|x1_278_ap_vld             |  out|    1|      ap_vld|                            x1_278|       pointer|
|x1_277                    |  out|   32|      ap_vld|                            x1_277|       pointer|
|x1_277_ap_vld             |  out|    1|      ap_vld|                            x1_277|       pointer|
|x1_276                    |  out|   32|      ap_vld|                            x1_276|       pointer|
|x1_276_ap_vld             |  out|    1|      ap_vld|                            x1_276|       pointer|
|x1_275                    |  out|   32|      ap_vld|                            x1_275|       pointer|
|x1_275_ap_vld             |  out|    1|      ap_vld|                            x1_275|       pointer|
|x1_274                    |  out|   32|      ap_vld|                            x1_274|       pointer|
|x1_274_ap_vld             |  out|    1|      ap_vld|                            x1_274|       pointer|
|x1_273                    |  out|   32|      ap_vld|                            x1_273|       pointer|
|x1_273_ap_vld             |  out|    1|      ap_vld|                            x1_273|       pointer|
|x1_272                    |  out|   32|      ap_vld|                            x1_272|       pointer|
|x1_272_ap_vld             |  out|    1|      ap_vld|                            x1_272|       pointer|
|x1_271                    |  out|   32|      ap_vld|                            x1_271|       pointer|
|x1_271_ap_vld             |  out|    1|      ap_vld|                            x1_271|       pointer|
|x1_270                    |  out|   32|      ap_vld|                            x1_270|       pointer|
|x1_270_ap_vld             |  out|    1|      ap_vld|                            x1_270|       pointer|
|x1_269                    |  out|   32|      ap_vld|                            x1_269|       pointer|
|x1_269_ap_vld             |  out|    1|      ap_vld|                            x1_269|       pointer|
|x1_268                    |  out|   32|      ap_vld|                            x1_268|       pointer|
|x1_268_ap_vld             |  out|    1|      ap_vld|                            x1_268|       pointer|
|x1_267                    |  out|   32|      ap_vld|                            x1_267|       pointer|
|x1_267_ap_vld             |  out|    1|      ap_vld|                            x1_267|       pointer|
|x1_266                    |  out|   32|      ap_vld|                            x1_266|       pointer|
|x1_266_ap_vld             |  out|    1|      ap_vld|                            x1_266|       pointer|
|x1_265                    |  out|   32|      ap_vld|                            x1_265|       pointer|
|x1_265_ap_vld             |  out|    1|      ap_vld|                            x1_265|       pointer|
|x1_264                    |  out|   32|      ap_vld|                            x1_264|       pointer|
|x1_264_ap_vld             |  out|    1|      ap_vld|                            x1_264|       pointer|
|x1_263                    |  out|   32|      ap_vld|                            x1_263|       pointer|
|x1_263_ap_vld             |  out|    1|      ap_vld|                            x1_263|       pointer|
|x1_262                    |  out|   32|      ap_vld|                            x1_262|       pointer|
|x1_262_ap_vld             |  out|    1|      ap_vld|                            x1_262|       pointer|
|x1_261                    |  out|   32|      ap_vld|                            x1_261|       pointer|
|x1_261_ap_vld             |  out|    1|      ap_vld|                            x1_261|       pointer|
|x1_260                    |  out|   32|      ap_vld|                            x1_260|       pointer|
|x1_260_ap_vld             |  out|    1|      ap_vld|                            x1_260|       pointer|
|x1_259                    |  out|   32|      ap_vld|                            x1_259|       pointer|
|x1_259_ap_vld             |  out|    1|      ap_vld|                            x1_259|       pointer|
|x1_258                    |  out|   32|      ap_vld|                            x1_258|       pointer|
|x1_258_ap_vld             |  out|    1|      ap_vld|                            x1_258|       pointer|
|x1_257                    |  out|   32|      ap_vld|                            x1_257|       pointer|
|x1_257_ap_vld             |  out|    1|      ap_vld|                            x1_257|       pointer|
|x1_256                    |  out|   32|      ap_vld|                            x1_256|       pointer|
|x1_256_ap_vld             |  out|    1|      ap_vld|                            x1_256|       pointer|
|x1_255                    |  out|   32|      ap_vld|                            x1_255|       pointer|
|x1_255_ap_vld             |  out|    1|      ap_vld|                            x1_255|       pointer|
|x1_254                    |  out|   32|      ap_vld|                            x1_254|       pointer|
|x1_254_ap_vld             |  out|    1|      ap_vld|                            x1_254|       pointer|
|x1_253                    |  out|   32|      ap_vld|                            x1_253|       pointer|
|x1_253_ap_vld             |  out|    1|      ap_vld|                            x1_253|       pointer|
|x1_252                    |  out|   32|      ap_vld|                            x1_252|       pointer|
|x1_252_ap_vld             |  out|    1|      ap_vld|                            x1_252|       pointer|
|x1_251                    |  out|   32|      ap_vld|                            x1_251|       pointer|
|x1_251_ap_vld             |  out|    1|      ap_vld|                            x1_251|       pointer|
|x1_250                    |  out|   32|      ap_vld|                            x1_250|       pointer|
|x1_250_ap_vld             |  out|    1|      ap_vld|                            x1_250|       pointer|
|x1_249                    |  out|   32|      ap_vld|                            x1_249|       pointer|
|x1_249_ap_vld             |  out|    1|      ap_vld|                            x1_249|       pointer|
|x1_248                    |  out|   32|      ap_vld|                            x1_248|       pointer|
|x1_248_ap_vld             |  out|    1|      ap_vld|                            x1_248|       pointer|
|x1_247                    |  out|   32|      ap_vld|                            x1_247|       pointer|
|x1_247_ap_vld             |  out|    1|      ap_vld|                            x1_247|       pointer|
|x1_246                    |  out|   32|      ap_vld|                            x1_246|       pointer|
|x1_246_ap_vld             |  out|    1|      ap_vld|                            x1_246|       pointer|
|x1_245                    |  out|   32|      ap_vld|                            x1_245|       pointer|
|x1_245_ap_vld             |  out|    1|      ap_vld|                            x1_245|       pointer|
|x1_244                    |  out|   32|      ap_vld|                            x1_244|       pointer|
|x1_244_ap_vld             |  out|    1|      ap_vld|                            x1_244|       pointer|
|x1_243                    |  out|   32|      ap_vld|                            x1_243|       pointer|
|x1_243_ap_vld             |  out|    1|      ap_vld|                            x1_243|       pointer|
|x1_242                    |  out|   32|      ap_vld|                            x1_242|       pointer|
|x1_242_ap_vld             |  out|    1|      ap_vld|                            x1_242|       pointer|
|x1_241                    |  out|   32|      ap_vld|                            x1_241|       pointer|
|x1_241_ap_vld             |  out|    1|      ap_vld|                            x1_241|       pointer|
|x1_240                    |  out|   32|      ap_vld|                            x1_240|       pointer|
|x1_240_ap_vld             |  out|    1|      ap_vld|                            x1_240|       pointer|
|x1_239                    |  out|   32|      ap_vld|                            x1_239|       pointer|
|x1_239_ap_vld             |  out|    1|      ap_vld|                            x1_239|       pointer|
|x1_238                    |  out|   32|      ap_vld|                            x1_238|       pointer|
|x1_238_ap_vld             |  out|    1|      ap_vld|                            x1_238|       pointer|
|x1_237                    |  out|   32|      ap_vld|                            x1_237|       pointer|
|x1_237_ap_vld             |  out|    1|      ap_vld|                            x1_237|       pointer|
|x1_236                    |  out|   32|      ap_vld|                            x1_236|       pointer|
|x1_236_ap_vld             |  out|    1|      ap_vld|                            x1_236|       pointer|
|x1_235                    |  out|   32|      ap_vld|                            x1_235|       pointer|
|x1_235_ap_vld             |  out|    1|      ap_vld|                            x1_235|       pointer|
|x1_234                    |  out|   32|      ap_vld|                            x1_234|       pointer|
|x1_234_ap_vld             |  out|    1|      ap_vld|                            x1_234|       pointer|
|x1_233                    |  out|   32|      ap_vld|                            x1_233|       pointer|
|x1_233_ap_vld             |  out|    1|      ap_vld|                            x1_233|       pointer|
|x1_232                    |  out|   32|      ap_vld|                            x1_232|       pointer|
|x1_232_ap_vld             |  out|    1|      ap_vld|                            x1_232|       pointer|
|x1_231                    |  out|   32|      ap_vld|                            x1_231|       pointer|
|x1_231_ap_vld             |  out|    1|      ap_vld|                            x1_231|       pointer|
|x1_230                    |  out|   32|      ap_vld|                            x1_230|       pointer|
|x1_230_ap_vld             |  out|    1|      ap_vld|                            x1_230|       pointer|
|x1_229                    |  out|   32|      ap_vld|                            x1_229|       pointer|
|x1_229_ap_vld             |  out|    1|      ap_vld|                            x1_229|       pointer|
|x1_228                    |  out|   32|      ap_vld|                            x1_228|       pointer|
|x1_228_ap_vld             |  out|    1|      ap_vld|                            x1_228|       pointer|
|x1_227                    |  out|   32|      ap_vld|                            x1_227|       pointer|
|x1_227_ap_vld             |  out|    1|      ap_vld|                            x1_227|       pointer|
|x1_226                    |  out|   32|      ap_vld|                            x1_226|       pointer|
|x1_226_ap_vld             |  out|    1|      ap_vld|                            x1_226|       pointer|
|x1_225                    |  out|   32|      ap_vld|                            x1_225|       pointer|
|x1_225_ap_vld             |  out|    1|      ap_vld|                            x1_225|       pointer|
|x1_224                    |  out|   32|      ap_vld|                            x1_224|       pointer|
|x1_224_ap_vld             |  out|    1|      ap_vld|                            x1_224|       pointer|
|x1_223                    |  out|   32|      ap_vld|                            x1_223|       pointer|
|x1_223_ap_vld             |  out|    1|      ap_vld|                            x1_223|       pointer|
|x1_222                    |  out|   32|      ap_vld|                            x1_222|       pointer|
|x1_222_ap_vld             |  out|    1|      ap_vld|                            x1_222|       pointer|
|x1_221                    |  out|   32|      ap_vld|                            x1_221|       pointer|
|x1_221_ap_vld             |  out|    1|      ap_vld|                            x1_221|       pointer|
|x1_220                    |  out|   32|      ap_vld|                            x1_220|       pointer|
|x1_220_ap_vld             |  out|    1|      ap_vld|                            x1_220|       pointer|
|x1_219                    |  out|   32|      ap_vld|                            x1_219|       pointer|
|x1_219_ap_vld             |  out|    1|      ap_vld|                            x1_219|       pointer|
|x1_218                    |  out|   32|      ap_vld|                            x1_218|       pointer|
|x1_218_ap_vld             |  out|    1|      ap_vld|                            x1_218|       pointer|
|x1_217                    |  out|   32|      ap_vld|                            x1_217|       pointer|
|x1_217_ap_vld             |  out|    1|      ap_vld|                            x1_217|       pointer|
|x1_216                    |  out|   32|      ap_vld|                            x1_216|       pointer|
|x1_216_ap_vld             |  out|    1|      ap_vld|                            x1_216|       pointer|
|x1_215                    |  out|   32|      ap_vld|                            x1_215|       pointer|
|x1_215_ap_vld             |  out|    1|      ap_vld|                            x1_215|       pointer|
|x1_214                    |  out|   32|      ap_vld|                            x1_214|       pointer|
|x1_214_ap_vld             |  out|    1|      ap_vld|                            x1_214|       pointer|
|x1_213                    |  out|   32|      ap_vld|                            x1_213|       pointer|
|x1_213_ap_vld             |  out|    1|      ap_vld|                            x1_213|       pointer|
|x1_212                    |  out|   32|      ap_vld|                            x1_212|       pointer|
|x1_212_ap_vld             |  out|    1|      ap_vld|                            x1_212|       pointer|
|x1_211                    |  out|   32|      ap_vld|                            x1_211|       pointer|
|x1_211_ap_vld             |  out|    1|      ap_vld|                            x1_211|       pointer|
|x1_210                    |  out|   32|      ap_vld|                            x1_210|       pointer|
|x1_210_ap_vld             |  out|    1|      ap_vld|                            x1_210|       pointer|
|x1_209                    |  out|   32|      ap_vld|                            x1_209|       pointer|
|x1_209_ap_vld             |  out|    1|      ap_vld|                            x1_209|       pointer|
|x1_208                    |  out|   32|      ap_vld|                            x1_208|       pointer|
|x1_208_ap_vld             |  out|    1|      ap_vld|                            x1_208|       pointer|
|x1_207                    |  out|   32|      ap_vld|                            x1_207|       pointer|
|x1_207_ap_vld             |  out|    1|      ap_vld|                            x1_207|       pointer|
|x1_206                    |  out|   32|      ap_vld|                            x1_206|       pointer|
|x1_206_ap_vld             |  out|    1|      ap_vld|                            x1_206|       pointer|
|x1_205                    |  out|   32|      ap_vld|                            x1_205|       pointer|
|x1_205_ap_vld             |  out|    1|      ap_vld|                            x1_205|       pointer|
|x1_204                    |  out|   32|      ap_vld|                            x1_204|       pointer|
|x1_204_ap_vld             |  out|    1|      ap_vld|                            x1_204|       pointer|
|x1_203                    |  out|   32|      ap_vld|                            x1_203|       pointer|
|x1_203_ap_vld             |  out|    1|      ap_vld|                            x1_203|       pointer|
|x1_202                    |  out|   32|      ap_vld|                            x1_202|       pointer|
|x1_202_ap_vld             |  out|    1|      ap_vld|                            x1_202|       pointer|
|x1_201                    |  out|   32|      ap_vld|                            x1_201|       pointer|
|x1_201_ap_vld             |  out|    1|      ap_vld|                            x1_201|       pointer|
|x1_200                    |  out|   32|      ap_vld|                            x1_200|       pointer|
|x1_200_ap_vld             |  out|    1|      ap_vld|                            x1_200|       pointer|
|x1_199                    |  out|   32|      ap_vld|                            x1_199|       pointer|
|x1_199_ap_vld             |  out|    1|      ap_vld|                            x1_199|       pointer|
|x1_198                    |  out|   32|      ap_vld|                            x1_198|       pointer|
|x1_198_ap_vld             |  out|    1|      ap_vld|                            x1_198|       pointer|
|x1_197                    |  out|   32|      ap_vld|                            x1_197|       pointer|
|x1_197_ap_vld             |  out|    1|      ap_vld|                            x1_197|       pointer|
|x1_196                    |  out|   32|      ap_vld|                            x1_196|       pointer|
|x1_196_ap_vld             |  out|    1|      ap_vld|                            x1_196|       pointer|
|x1_195                    |  out|   32|      ap_vld|                            x1_195|       pointer|
|x1_195_ap_vld             |  out|    1|      ap_vld|                            x1_195|       pointer|
|x1_194                    |  out|   32|      ap_vld|                            x1_194|       pointer|
|x1_194_ap_vld             |  out|    1|      ap_vld|                            x1_194|       pointer|
|x1_193                    |  out|   32|      ap_vld|                            x1_193|       pointer|
|x1_193_ap_vld             |  out|    1|      ap_vld|                            x1_193|       pointer|
|x1_192                    |  out|   32|      ap_vld|                            x1_192|       pointer|
|x1_192_ap_vld             |  out|    1|      ap_vld|                            x1_192|       pointer|
|x1_191                    |  out|   32|      ap_vld|                            x1_191|       pointer|
|x1_191_ap_vld             |  out|    1|      ap_vld|                            x1_191|       pointer|
|x1_190                    |  out|   32|      ap_vld|                            x1_190|       pointer|
|x1_190_ap_vld             |  out|    1|      ap_vld|                            x1_190|       pointer|
|x1_189                    |  out|   32|      ap_vld|                            x1_189|       pointer|
|x1_189_ap_vld             |  out|    1|      ap_vld|                            x1_189|       pointer|
|x1_188                    |  out|   32|      ap_vld|                            x1_188|       pointer|
|x1_188_ap_vld             |  out|    1|      ap_vld|                            x1_188|       pointer|
|x1_187                    |  out|   32|      ap_vld|                            x1_187|       pointer|
|x1_187_ap_vld             |  out|    1|      ap_vld|                            x1_187|       pointer|
|x1_186                    |  out|   32|      ap_vld|                            x1_186|       pointer|
|x1_186_ap_vld             |  out|    1|      ap_vld|                            x1_186|       pointer|
|x1_185                    |  out|   32|      ap_vld|                            x1_185|       pointer|
|x1_185_ap_vld             |  out|    1|      ap_vld|                            x1_185|       pointer|
|x1_184                    |  out|   32|      ap_vld|                            x1_184|       pointer|
|x1_184_ap_vld             |  out|    1|      ap_vld|                            x1_184|       pointer|
|x1_183                    |  out|   32|      ap_vld|                            x1_183|       pointer|
|x1_183_ap_vld             |  out|    1|      ap_vld|                            x1_183|       pointer|
|x1_182                    |  out|   32|      ap_vld|                            x1_182|       pointer|
|x1_182_ap_vld             |  out|    1|      ap_vld|                            x1_182|       pointer|
|x1_181                    |  out|   32|      ap_vld|                            x1_181|       pointer|
|x1_181_ap_vld             |  out|    1|      ap_vld|                            x1_181|       pointer|
|x1_180                    |  out|   32|      ap_vld|                            x1_180|       pointer|
|x1_180_ap_vld             |  out|    1|      ap_vld|                            x1_180|       pointer|
|x1_179                    |  out|   32|      ap_vld|                            x1_179|       pointer|
|x1_179_ap_vld             |  out|    1|      ap_vld|                            x1_179|       pointer|
|x1_178                    |  out|   32|      ap_vld|                            x1_178|       pointer|
|x1_178_ap_vld             |  out|    1|      ap_vld|                            x1_178|       pointer|
|x1_177                    |  out|   32|      ap_vld|                            x1_177|       pointer|
|x1_177_ap_vld             |  out|    1|      ap_vld|                            x1_177|       pointer|
|x1_176                    |  out|   32|      ap_vld|                            x1_176|       pointer|
|x1_176_ap_vld             |  out|    1|      ap_vld|                            x1_176|       pointer|
|x1_175                    |  out|   32|      ap_vld|                            x1_175|       pointer|
|x1_175_ap_vld             |  out|    1|      ap_vld|                            x1_175|       pointer|
|x1_174                    |  out|   32|      ap_vld|                            x1_174|       pointer|
|x1_174_ap_vld             |  out|    1|      ap_vld|                            x1_174|       pointer|
|x1_173                    |  out|   32|      ap_vld|                            x1_173|       pointer|
|x1_173_ap_vld             |  out|    1|      ap_vld|                            x1_173|       pointer|
|x1_172                    |  out|   32|      ap_vld|                            x1_172|       pointer|
|x1_172_ap_vld             |  out|    1|      ap_vld|                            x1_172|       pointer|
|x1_171                    |  out|   32|      ap_vld|                            x1_171|       pointer|
|x1_171_ap_vld             |  out|    1|      ap_vld|                            x1_171|       pointer|
|x1_170                    |  out|   32|      ap_vld|                            x1_170|       pointer|
|x1_170_ap_vld             |  out|    1|      ap_vld|                            x1_170|       pointer|
|x1_169                    |  out|   32|      ap_vld|                            x1_169|       pointer|
|x1_169_ap_vld             |  out|    1|      ap_vld|                            x1_169|       pointer|
|x1_168                    |  out|   32|      ap_vld|                            x1_168|       pointer|
|x1_168_ap_vld             |  out|    1|      ap_vld|                            x1_168|       pointer|
|x1_167                    |  out|   32|      ap_vld|                            x1_167|       pointer|
|x1_167_ap_vld             |  out|    1|      ap_vld|                            x1_167|       pointer|
|x1_166                    |  out|   32|      ap_vld|                            x1_166|       pointer|
|x1_166_ap_vld             |  out|    1|      ap_vld|                            x1_166|       pointer|
|x1_165                    |  out|   32|      ap_vld|                            x1_165|       pointer|
|x1_165_ap_vld             |  out|    1|      ap_vld|                            x1_165|       pointer|
|x1_164                    |  out|   32|      ap_vld|                            x1_164|       pointer|
|x1_164_ap_vld             |  out|    1|      ap_vld|                            x1_164|       pointer|
|x1_163                    |  out|   32|      ap_vld|                            x1_163|       pointer|
|x1_163_ap_vld             |  out|    1|      ap_vld|                            x1_163|       pointer|
|x1_162                    |  out|   32|      ap_vld|                            x1_162|       pointer|
|x1_162_ap_vld             |  out|    1|      ap_vld|                            x1_162|       pointer|
|x1_161                    |  out|   32|      ap_vld|                            x1_161|       pointer|
|x1_161_ap_vld             |  out|    1|      ap_vld|                            x1_161|       pointer|
|x1_160                    |  out|   32|      ap_vld|                            x1_160|       pointer|
|x1_160_ap_vld             |  out|    1|      ap_vld|                            x1_160|       pointer|
|x1_159                    |  out|   32|      ap_vld|                            x1_159|       pointer|
|x1_159_ap_vld             |  out|    1|      ap_vld|                            x1_159|       pointer|
|x1_158                    |  out|   32|      ap_vld|                            x1_158|       pointer|
|x1_158_ap_vld             |  out|    1|      ap_vld|                            x1_158|       pointer|
|x1_157                    |  out|   32|      ap_vld|                            x1_157|       pointer|
|x1_157_ap_vld             |  out|    1|      ap_vld|                            x1_157|       pointer|
|x1_156                    |  out|   32|      ap_vld|                            x1_156|       pointer|
|x1_156_ap_vld             |  out|    1|      ap_vld|                            x1_156|       pointer|
|x1_155                    |  out|   32|      ap_vld|                            x1_155|       pointer|
|x1_155_ap_vld             |  out|    1|      ap_vld|                            x1_155|       pointer|
|x1_154                    |  out|   32|      ap_vld|                            x1_154|       pointer|
|x1_154_ap_vld             |  out|    1|      ap_vld|                            x1_154|       pointer|
|x1_153                    |  out|   32|      ap_vld|                            x1_153|       pointer|
|x1_153_ap_vld             |  out|    1|      ap_vld|                            x1_153|       pointer|
|x1_152                    |  out|   32|      ap_vld|                            x1_152|       pointer|
|x1_152_ap_vld             |  out|    1|      ap_vld|                            x1_152|       pointer|
|x1_151                    |  out|   32|      ap_vld|                            x1_151|       pointer|
|x1_151_ap_vld             |  out|    1|      ap_vld|                            x1_151|       pointer|
|x1_150                    |  out|   32|      ap_vld|                            x1_150|       pointer|
|x1_150_ap_vld             |  out|    1|      ap_vld|                            x1_150|       pointer|
|x1_149                    |  out|   32|      ap_vld|                            x1_149|       pointer|
|x1_149_ap_vld             |  out|    1|      ap_vld|                            x1_149|       pointer|
|x1_148                    |  out|   32|      ap_vld|                            x1_148|       pointer|
|x1_148_ap_vld             |  out|    1|      ap_vld|                            x1_148|       pointer|
|x1_147                    |  out|   32|      ap_vld|                            x1_147|       pointer|
|x1_147_ap_vld             |  out|    1|      ap_vld|                            x1_147|       pointer|
|x1_146                    |  out|   32|      ap_vld|                            x1_146|       pointer|
|x1_146_ap_vld             |  out|    1|      ap_vld|                            x1_146|       pointer|
|x1_145                    |  out|   32|      ap_vld|                            x1_145|       pointer|
|x1_145_ap_vld             |  out|    1|      ap_vld|                            x1_145|       pointer|
|x1_144                    |  out|   32|      ap_vld|                            x1_144|       pointer|
|x1_144_ap_vld             |  out|    1|      ap_vld|                            x1_144|       pointer|
|x1_143                    |  out|   32|      ap_vld|                            x1_143|       pointer|
|x1_143_ap_vld             |  out|    1|      ap_vld|                            x1_143|       pointer|
|x1_142                    |  out|   32|      ap_vld|                            x1_142|       pointer|
|x1_142_ap_vld             |  out|    1|      ap_vld|                            x1_142|       pointer|
|x1_141                    |  out|   32|      ap_vld|                            x1_141|       pointer|
|x1_141_ap_vld             |  out|    1|      ap_vld|                            x1_141|       pointer|
|x1_140                    |  out|   32|      ap_vld|                            x1_140|       pointer|
|x1_140_ap_vld             |  out|    1|      ap_vld|                            x1_140|       pointer|
|x1_139                    |  out|   32|      ap_vld|                            x1_139|       pointer|
|x1_139_ap_vld             |  out|    1|      ap_vld|                            x1_139|       pointer|
|x1_138                    |  out|   32|      ap_vld|                            x1_138|       pointer|
|x1_138_ap_vld             |  out|    1|      ap_vld|                            x1_138|       pointer|
|x1_137                    |  out|   32|      ap_vld|                            x1_137|       pointer|
|x1_137_ap_vld             |  out|    1|      ap_vld|                            x1_137|       pointer|
|x1_136                    |  out|   32|      ap_vld|                            x1_136|       pointer|
|x1_136_ap_vld             |  out|    1|      ap_vld|                            x1_136|       pointer|
|x1_135                    |  out|   32|      ap_vld|                            x1_135|       pointer|
|x1_135_ap_vld             |  out|    1|      ap_vld|                            x1_135|       pointer|
|x1_134                    |  out|   32|      ap_vld|                            x1_134|       pointer|
|x1_134_ap_vld             |  out|    1|      ap_vld|                            x1_134|       pointer|
|x1_133                    |  out|   32|      ap_vld|                            x1_133|       pointer|
|x1_133_ap_vld             |  out|    1|      ap_vld|                            x1_133|       pointer|
|x1_132                    |  out|   32|      ap_vld|                            x1_132|       pointer|
|x1_132_ap_vld             |  out|    1|      ap_vld|                            x1_132|       pointer|
|x1_131                    |  out|   32|      ap_vld|                            x1_131|       pointer|
|x1_131_ap_vld             |  out|    1|      ap_vld|                            x1_131|       pointer|
|x1_130                    |  out|   32|      ap_vld|                            x1_130|       pointer|
|x1_130_ap_vld             |  out|    1|      ap_vld|                            x1_130|       pointer|
|x1_129                    |  out|   32|      ap_vld|                            x1_129|       pointer|
|x1_129_ap_vld             |  out|    1|      ap_vld|                            x1_129|       pointer|
|x1_128                    |  out|   32|      ap_vld|                            x1_128|       pointer|
|x1_128_ap_vld             |  out|    1|      ap_vld|                            x1_128|       pointer|
|x1_127                    |  out|   32|      ap_vld|                            x1_127|       pointer|
|x1_127_ap_vld             |  out|    1|      ap_vld|                            x1_127|       pointer|
|x1_126                    |  out|   32|      ap_vld|                            x1_126|       pointer|
|x1_126_ap_vld             |  out|    1|      ap_vld|                            x1_126|       pointer|
|x1_125                    |  out|   32|      ap_vld|                            x1_125|       pointer|
|x1_125_ap_vld             |  out|    1|      ap_vld|                            x1_125|       pointer|
|x1_124                    |  out|   32|      ap_vld|                            x1_124|       pointer|
|x1_124_ap_vld             |  out|    1|      ap_vld|                            x1_124|       pointer|
|x1_123                    |  out|   32|      ap_vld|                            x1_123|       pointer|
|x1_123_ap_vld             |  out|    1|      ap_vld|                            x1_123|       pointer|
|x1_122                    |  out|   32|      ap_vld|                            x1_122|       pointer|
|x1_122_ap_vld             |  out|    1|      ap_vld|                            x1_122|       pointer|
|x1_121                    |  out|   32|      ap_vld|                            x1_121|       pointer|
|x1_121_ap_vld             |  out|    1|      ap_vld|                            x1_121|       pointer|
|x1_120                    |  out|   32|      ap_vld|                            x1_120|       pointer|
|x1_120_ap_vld             |  out|    1|      ap_vld|                            x1_120|       pointer|
|x1_119                    |  out|   32|      ap_vld|                            x1_119|       pointer|
|x1_119_ap_vld             |  out|    1|      ap_vld|                            x1_119|       pointer|
|x1_118                    |  out|   32|      ap_vld|                            x1_118|       pointer|
|x1_118_ap_vld             |  out|    1|      ap_vld|                            x1_118|       pointer|
|x1_117                    |  out|   32|      ap_vld|                            x1_117|       pointer|
|x1_117_ap_vld             |  out|    1|      ap_vld|                            x1_117|       pointer|
|x1_116                    |  out|   32|      ap_vld|                            x1_116|       pointer|
|x1_116_ap_vld             |  out|    1|      ap_vld|                            x1_116|       pointer|
|x1_115                    |  out|   32|      ap_vld|                            x1_115|       pointer|
|x1_115_ap_vld             |  out|    1|      ap_vld|                            x1_115|       pointer|
|x1_114                    |  out|   32|      ap_vld|                            x1_114|       pointer|
|x1_114_ap_vld             |  out|    1|      ap_vld|                            x1_114|       pointer|
|x1_113                    |  out|   32|      ap_vld|                            x1_113|       pointer|
|x1_113_ap_vld             |  out|    1|      ap_vld|                            x1_113|       pointer|
|x1_112                    |  out|   32|      ap_vld|                            x1_112|       pointer|
|x1_112_ap_vld             |  out|    1|      ap_vld|                            x1_112|       pointer|
|x1_111                    |  out|   32|      ap_vld|                            x1_111|       pointer|
|x1_111_ap_vld             |  out|    1|      ap_vld|                            x1_111|       pointer|
|x1_110                    |  out|   32|      ap_vld|                            x1_110|       pointer|
|x1_110_ap_vld             |  out|    1|      ap_vld|                            x1_110|       pointer|
|x1_109                    |  out|   32|      ap_vld|                            x1_109|       pointer|
|x1_109_ap_vld             |  out|    1|      ap_vld|                            x1_109|       pointer|
|x1_108                    |  out|   32|      ap_vld|                            x1_108|       pointer|
|x1_108_ap_vld             |  out|    1|      ap_vld|                            x1_108|       pointer|
|x1_107                    |  out|   32|      ap_vld|                            x1_107|       pointer|
|x1_107_ap_vld             |  out|    1|      ap_vld|                            x1_107|       pointer|
|x1_106                    |  out|   32|      ap_vld|                            x1_106|       pointer|
|x1_106_ap_vld             |  out|    1|      ap_vld|                            x1_106|       pointer|
|x1_105                    |  out|   32|      ap_vld|                            x1_105|       pointer|
|x1_105_ap_vld             |  out|    1|      ap_vld|                            x1_105|       pointer|
|x1_104                    |  out|   32|      ap_vld|                            x1_104|       pointer|
|x1_104_ap_vld             |  out|    1|      ap_vld|                            x1_104|       pointer|
|x1_103                    |  out|   32|      ap_vld|                            x1_103|       pointer|
|x1_103_ap_vld             |  out|    1|      ap_vld|                            x1_103|       pointer|
|x1_102                    |  out|   32|      ap_vld|                            x1_102|       pointer|
|x1_102_ap_vld             |  out|    1|      ap_vld|                            x1_102|       pointer|
|x1_101                    |  out|   32|      ap_vld|                            x1_101|       pointer|
|x1_101_ap_vld             |  out|    1|      ap_vld|                            x1_101|       pointer|
|x1_100                    |  out|   32|      ap_vld|                            x1_100|       pointer|
|x1_100_ap_vld             |  out|    1|      ap_vld|                            x1_100|       pointer|
|x1_99                     |  out|   32|      ap_vld|                             x1_99|       pointer|
|x1_99_ap_vld              |  out|    1|      ap_vld|                             x1_99|       pointer|
|x1_98                     |  out|   32|      ap_vld|                             x1_98|       pointer|
|x1_98_ap_vld              |  out|    1|      ap_vld|                             x1_98|       pointer|
|x1_97                     |  out|   32|      ap_vld|                             x1_97|       pointer|
|x1_97_ap_vld              |  out|    1|      ap_vld|                             x1_97|       pointer|
|x1_96                     |  out|   32|      ap_vld|                             x1_96|       pointer|
|x1_96_ap_vld              |  out|    1|      ap_vld|                             x1_96|       pointer|
|x1_95                     |  out|   32|      ap_vld|                             x1_95|       pointer|
|x1_95_ap_vld              |  out|    1|      ap_vld|                             x1_95|       pointer|
|x1_94                     |  out|   32|      ap_vld|                             x1_94|       pointer|
|x1_94_ap_vld              |  out|    1|      ap_vld|                             x1_94|       pointer|
|x1_93                     |  out|   32|      ap_vld|                             x1_93|       pointer|
|x1_93_ap_vld              |  out|    1|      ap_vld|                             x1_93|       pointer|
|x1_92                     |  out|   32|      ap_vld|                             x1_92|       pointer|
|x1_92_ap_vld              |  out|    1|      ap_vld|                             x1_92|       pointer|
|x1_91                     |  out|   32|      ap_vld|                             x1_91|       pointer|
|x1_91_ap_vld              |  out|    1|      ap_vld|                             x1_91|       pointer|
|x1_90                     |  out|   32|      ap_vld|                             x1_90|       pointer|
|x1_90_ap_vld              |  out|    1|      ap_vld|                             x1_90|       pointer|
|x1_89                     |  out|   32|      ap_vld|                             x1_89|       pointer|
|x1_89_ap_vld              |  out|    1|      ap_vld|                             x1_89|       pointer|
|x1_88                     |  out|   32|      ap_vld|                             x1_88|       pointer|
|x1_88_ap_vld              |  out|    1|      ap_vld|                             x1_88|       pointer|
|x1_87                     |  out|   32|      ap_vld|                             x1_87|       pointer|
|x1_87_ap_vld              |  out|    1|      ap_vld|                             x1_87|       pointer|
|x1_86                     |  out|   32|      ap_vld|                             x1_86|       pointer|
|x1_86_ap_vld              |  out|    1|      ap_vld|                             x1_86|       pointer|
|x1_85                     |  out|   32|      ap_vld|                             x1_85|       pointer|
|x1_85_ap_vld              |  out|    1|      ap_vld|                             x1_85|       pointer|
|x1_84                     |  out|   32|      ap_vld|                             x1_84|       pointer|
|x1_84_ap_vld              |  out|    1|      ap_vld|                             x1_84|       pointer|
|x1_83                     |  out|   32|      ap_vld|                             x1_83|       pointer|
|x1_83_ap_vld              |  out|    1|      ap_vld|                             x1_83|       pointer|
|x1_82                     |  out|   32|      ap_vld|                             x1_82|       pointer|
|x1_82_ap_vld              |  out|    1|      ap_vld|                             x1_82|       pointer|
|x1_81                     |  out|   32|      ap_vld|                             x1_81|       pointer|
|x1_81_ap_vld              |  out|    1|      ap_vld|                             x1_81|       pointer|
|x1_80                     |  out|   32|      ap_vld|                             x1_80|       pointer|
|x1_80_ap_vld              |  out|    1|      ap_vld|                             x1_80|       pointer|
|x1_79                     |  out|   32|      ap_vld|                             x1_79|       pointer|
|x1_79_ap_vld              |  out|    1|      ap_vld|                             x1_79|       pointer|
|x1_78                     |  out|   32|      ap_vld|                             x1_78|       pointer|
|x1_78_ap_vld              |  out|    1|      ap_vld|                             x1_78|       pointer|
|x1_77                     |  out|   32|      ap_vld|                             x1_77|       pointer|
|x1_77_ap_vld              |  out|    1|      ap_vld|                             x1_77|       pointer|
|x1_76                     |  out|   32|      ap_vld|                             x1_76|       pointer|
|x1_76_ap_vld              |  out|    1|      ap_vld|                             x1_76|       pointer|
|x1_75                     |  out|   32|      ap_vld|                             x1_75|       pointer|
|x1_75_ap_vld              |  out|    1|      ap_vld|                             x1_75|       pointer|
|x1_74                     |  out|   32|      ap_vld|                             x1_74|       pointer|
|x1_74_ap_vld              |  out|    1|      ap_vld|                             x1_74|       pointer|
|x1_73                     |  out|   32|      ap_vld|                             x1_73|       pointer|
|x1_73_ap_vld              |  out|    1|      ap_vld|                             x1_73|       pointer|
|x1_72                     |  out|   32|      ap_vld|                             x1_72|       pointer|
|x1_72_ap_vld              |  out|    1|      ap_vld|                             x1_72|       pointer|
|x1_71                     |  out|   32|      ap_vld|                             x1_71|       pointer|
|x1_71_ap_vld              |  out|    1|      ap_vld|                             x1_71|       pointer|
|x1_70                     |  out|   32|      ap_vld|                             x1_70|       pointer|
|x1_70_ap_vld              |  out|    1|      ap_vld|                             x1_70|       pointer|
|x1_69                     |  out|   32|      ap_vld|                             x1_69|       pointer|
|x1_69_ap_vld              |  out|    1|      ap_vld|                             x1_69|       pointer|
|x1_68                     |  out|   32|      ap_vld|                             x1_68|       pointer|
|x1_68_ap_vld              |  out|    1|      ap_vld|                             x1_68|       pointer|
|x1_67                     |  out|   32|      ap_vld|                             x1_67|       pointer|
|x1_67_ap_vld              |  out|    1|      ap_vld|                             x1_67|       pointer|
|x1_66                     |  out|   32|      ap_vld|                             x1_66|       pointer|
|x1_66_ap_vld              |  out|    1|      ap_vld|                             x1_66|       pointer|
|x1_65                     |  out|   32|      ap_vld|                             x1_65|       pointer|
|x1_65_ap_vld              |  out|    1|      ap_vld|                             x1_65|       pointer|
|x1_64                     |  out|   32|      ap_vld|                             x1_64|       pointer|
|x1_64_ap_vld              |  out|    1|      ap_vld|                             x1_64|       pointer|
|x1_63                     |  out|   32|      ap_vld|                             x1_63|       pointer|
|x1_63_ap_vld              |  out|    1|      ap_vld|                             x1_63|       pointer|
|x1_62                     |  out|   32|      ap_vld|                             x1_62|       pointer|
|x1_62_ap_vld              |  out|    1|      ap_vld|                             x1_62|       pointer|
|x1_61                     |  out|   32|      ap_vld|                             x1_61|       pointer|
|x1_61_ap_vld              |  out|    1|      ap_vld|                             x1_61|       pointer|
|x1_60                     |  out|   32|      ap_vld|                             x1_60|       pointer|
|x1_60_ap_vld              |  out|    1|      ap_vld|                             x1_60|       pointer|
|x1_59                     |  out|   32|      ap_vld|                             x1_59|       pointer|
|x1_59_ap_vld              |  out|    1|      ap_vld|                             x1_59|       pointer|
|x1_58                     |  out|   32|      ap_vld|                             x1_58|       pointer|
|x1_58_ap_vld              |  out|    1|      ap_vld|                             x1_58|       pointer|
|x1_57                     |  out|   32|      ap_vld|                             x1_57|       pointer|
|x1_57_ap_vld              |  out|    1|      ap_vld|                             x1_57|       pointer|
|x1_56                     |  out|   32|      ap_vld|                             x1_56|       pointer|
|x1_56_ap_vld              |  out|    1|      ap_vld|                             x1_56|       pointer|
|x1_55                     |  out|   32|      ap_vld|                             x1_55|       pointer|
|x1_55_ap_vld              |  out|    1|      ap_vld|                             x1_55|       pointer|
|x1_54                     |  out|   32|      ap_vld|                             x1_54|       pointer|
|x1_54_ap_vld              |  out|    1|      ap_vld|                             x1_54|       pointer|
|x1_53                     |  out|   32|      ap_vld|                             x1_53|       pointer|
|x1_53_ap_vld              |  out|    1|      ap_vld|                             x1_53|       pointer|
|x1_52                     |  out|   32|      ap_vld|                             x1_52|       pointer|
|x1_52_ap_vld              |  out|    1|      ap_vld|                             x1_52|       pointer|
|x1_51                     |  out|   32|      ap_vld|                             x1_51|       pointer|
|x1_51_ap_vld              |  out|    1|      ap_vld|                             x1_51|       pointer|
|x1_50                     |  out|   32|      ap_vld|                             x1_50|       pointer|
|x1_50_ap_vld              |  out|    1|      ap_vld|                             x1_50|       pointer|
|x1_49                     |  out|   32|      ap_vld|                             x1_49|       pointer|
|x1_49_ap_vld              |  out|    1|      ap_vld|                             x1_49|       pointer|
|x1_48                     |  out|   32|      ap_vld|                             x1_48|       pointer|
|x1_48_ap_vld              |  out|    1|      ap_vld|                             x1_48|       pointer|
|x1_47                     |  out|   32|      ap_vld|                             x1_47|       pointer|
|x1_47_ap_vld              |  out|    1|      ap_vld|                             x1_47|       pointer|
|x1_46                     |  out|   32|      ap_vld|                             x1_46|       pointer|
|x1_46_ap_vld              |  out|    1|      ap_vld|                             x1_46|       pointer|
|x1_45                     |  out|   32|      ap_vld|                             x1_45|       pointer|
|x1_45_ap_vld              |  out|    1|      ap_vld|                             x1_45|       pointer|
|x1_44                     |  out|   32|      ap_vld|                             x1_44|       pointer|
|x1_44_ap_vld              |  out|    1|      ap_vld|                             x1_44|       pointer|
|x1_43                     |  out|   32|      ap_vld|                             x1_43|       pointer|
|x1_43_ap_vld              |  out|    1|      ap_vld|                             x1_43|       pointer|
|x1_42                     |  out|   32|      ap_vld|                             x1_42|       pointer|
|x1_42_ap_vld              |  out|    1|      ap_vld|                             x1_42|       pointer|
|x1_41                     |  out|   32|      ap_vld|                             x1_41|       pointer|
|x1_41_ap_vld              |  out|    1|      ap_vld|                             x1_41|       pointer|
|x1_40                     |  out|   32|      ap_vld|                             x1_40|       pointer|
|x1_40_ap_vld              |  out|    1|      ap_vld|                             x1_40|       pointer|
|x1_39                     |  out|   32|      ap_vld|                             x1_39|       pointer|
|x1_39_ap_vld              |  out|    1|      ap_vld|                             x1_39|       pointer|
|x1_38                     |  out|   32|      ap_vld|                             x1_38|       pointer|
|x1_38_ap_vld              |  out|    1|      ap_vld|                             x1_38|       pointer|
|x1_37                     |  out|   32|      ap_vld|                             x1_37|       pointer|
|x1_37_ap_vld              |  out|    1|      ap_vld|                             x1_37|       pointer|
|x1_36                     |  out|   32|      ap_vld|                             x1_36|       pointer|
|x1_36_ap_vld              |  out|    1|      ap_vld|                             x1_36|       pointer|
|x1_35                     |  out|   32|      ap_vld|                             x1_35|       pointer|
|x1_35_ap_vld              |  out|    1|      ap_vld|                             x1_35|       pointer|
|x1_34                     |  out|   32|      ap_vld|                             x1_34|       pointer|
|x1_34_ap_vld              |  out|    1|      ap_vld|                             x1_34|       pointer|
|x1_33                     |  out|   32|      ap_vld|                             x1_33|       pointer|
|x1_33_ap_vld              |  out|    1|      ap_vld|                             x1_33|       pointer|
|x1_32                     |  out|   32|      ap_vld|                             x1_32|       pointer|
|x1_32_ap_vld              |  out|    1|      ap_vld|                             x1_32|       pointer|
|x1_31                     |  out|   32|      ap_vld|                             x1_31|       pointer|
|x1_31_ap_vld              |  out|    1|      ap_vld|                             x1_31|       pointer|
|x1_30                     |  out|   32|      ap_vld|                             x1_30|       pointer|
|x1_30_ap_vld              |  out|    1|      ap_vld|                             x1_30|       pointer|
|x1_29                     |  out|   32|      ap_vld|                             x1_29|       pointer|
|x1_29_ap_vld              |  out|    1|      ap_vld|                             x1_29|       pointer|
|x1_28                     |  out|   32|      ap_vld|                             x1_28|       pointer|
|x1_28_ap_vld              |  out|    1|      ap_vld|                             x1_28|       pointer|
|x1_27                     |  out|   32|      ap_vld|                             x1_27|       pointer|
|x1_27_ap_vld              |  out|    1|      ap_vld|                             x1_27|       pointer|
|x1_26                     |  out|   32|      ap_vld|                             x1_26|       pointer|
|x1_26_ap_vld              |  out|    1|      ap_vld|                             x1_26|       pointer|
|x1_25                     |  out|   32|      ap_vld|                             x1_25|       pointer|
|x1_25_ap_vld              |  out|    1|      ap_vld|                             x1_25|       pointer|
|x1_24                     |  out|   32|      ap_vld|                             x1_24|       pointer|
|x1_24_ap_vld              |  out|    1|      ap_vld|                             x1_24|       pointer|
|x1_23                     |  out|   32|      ap_vld|                             x1_23|       pointer|
|x1_23_ap_vld              |  out|    1|      ap_vld|                             x1_23|       pointer|
|x1_22                     |  out|   32|      ap_vld|                             x1_22|       pointer|
|x1_22_ap_vld              |  out|    1|      ap_vld|                             x1_22|       pointer|
|x1_21                     |  out|   32|      ap_vld|                             x1_21|       pointer|
|x1_21_ap_vld              |  out|    1|      ap_vld|                             x1_21|       pointer|
|x1_20                     |  out|   32|      ap_vld|                             x1_20|       pointer|
|x1_20_ap_vld              |  out|    1|      ap_vld|                             x1_20|       pointer|
|x1_19                     |  out|   32|      ap_vld|                             x1_19|       pointer|
|x1_19_ap_vld              |  out|    1|      ap_vld|                             x1_19|       pointer|
|x1_18                     |  out|   32|      ap_vld|                             x1_18|       pointer|
|x1_18_ap_vld              |  out|    1|      ap_vld|                             x1_18|       pointer|
|x1_17                     |  out|   32|      ap_vld|                             x1_17|       pointer|
|x1_17_ap_vld              |  out|    1|      ap_vld|                             x1_17|       pointer|
|x1_16                     |  out|   32|      ap_vld|                             x1_16|       pointer|
|x1_16_ap_vld              |  out|    1|      ap_vld|                             x1_16|       pointer|
+--------------------------+-----+-----+------------+----------------------------------+--------------+

