

================================================================
== Vitis HLS Report for 'store_x2'
================================================================
* Date:           Tue Dec 17 10:24:16 2024

* Version:        2023.2 (Build 4023990 on Oct 11 2023)
* Project:        kernel_nlp
* Solution:       solution (Vitis Kernel Flow Target)
* Product family: virtexuplusHBM
* Target device:  xcu55c-fsvh2892-2L-e


================================================================
== Performance Estimates
================================================================
+ Timing: 
    * Summary: 
    +--------+---------+----------+------------+
    |  Clock |  Target | Estimated| Uncertainty|
    +--------+---------+----------+------------+
    |ap_clk  |  4.00 ns|  2.920 ns|     1.08 ns|
    +--------+---------+----------+------------+

+ Latency: 
    * Summary: 
    +---------+---------+----------+----------+-----+-----+---------+
    |  Latency (cycles) |  Latency (absolute) |  Interval | Pipeline|
    |   min   |   max   |    min   |    max   | min | max |   Type  |
    +---------+---------+----------+----------+-----+-----+---------+
    |       97|       97|  0.388 us|  0.388 us|   97|   97|       no|
    +---------+---------+----------+----------+-----+-----+---------+

    + Detail: 
        * Instance: 
        +------------------------------------------------+------------------------------------+---------+---------+----------+----------+-----+-----+---------+
        |                                                |                                    |  Latency (cycles) |  Latency (absolute) |  Interval | Pipeline|
        |                    Instance                    |               Module               |   min   |   max   |    min   |    max   | min | max |   Type  |
        +------------------------------------------------+------------------------------------+---------+---------+----------+----------+-----+-----+---------+
        |grp_store_x2_Pipeline_VITIS_LOOP_155_1_fu_3254  |store_x2_Pipeline_VITIS_LOOP_155_1  |       27|       27|  0.108 us|  0.108 us|   27|   27|       no|
        +------------------------------------------------+------------------------------------+---------+---------+----------+----------+-----+-----+---------+

        * Loop: 
        N/A



================================================================
== Utilization Estimates
================================================================
* Summary: 
+---------------------+---------+------+---------+---------+-----+
|         Name        | BRAM_18K|  DSP |    FF   |   LUT   | URAM|
+---------------------+---------+------+---------+---------+-----+
|DSP                  |        -|     -|        -|        -|    -|
|Expression           |        -|     -|        -|        -|    -|
|FIFO                 |        -|     -|        -|        -|    -|
|Instance             |        -|     -|      529|     2075|    -|
|Memory               |        -|     -|        -|        -|    -|
|Multiplexer          |        -|     -|        -|      489|    -|
|Register             |        -|     -|      130|        -|    -|
+---------------------+---------+------+---------+---------+-----+
|Total                |        0|     0|      659|     2564|    0|
+---------------------+---------+------+---------+---------+-----+
|Available SLR        |     1344|  3008|   869120|   434560|  320|
+---------------------+---------+------+---------+---------+-----+
|Utilization SLR (%)  |        0|     0|       ~0|       ~0|    0|
+---------------------+---------+------+---------+---------+-----+
|Available            |     4032|  9024|  2607360|  1303680|  960|
+---------------------+---------+------+---------+---------+-----+
|Utilization (%)      |        0|     0|       ~0|       ~0|    0|
+---------------------+---------+------+---------+---------+-----+

+ Detail: 
    * Instance: 
    +------------------------------------------------+------------------------------------+---------+----+-----+------+-----+
    |                    Instance                    |               Module               | BRAM_18K| DSP|  FF |  LUT | URAM|
    +------------------------------------------------+------------------------------------+---------+----+-----+------+-----+
    |grp_store_x2_Pipeline_VITIS_LOOP_155_1_fu_3254  |store_x2_Pipeline_VITIS_LOOP_155_1  |        0|   0|  529|  2075|    0|
    +------------------------------------------------+------------------------------------+---------+----+-----+------+-----+
    |Total                                           |                                    |        0|   0|  529|  2075|    0|
    +------------------------------------------------+------------------------------------+---------+----+-----+------+-----+

    * DSP: 
    N/A

    * Memory: 
    N/A

    * FIFO: 
    N/A

    * Expression: 
    N/A

    * Multiplexer: 
    +--------------------------+-----+-----------+-----+-----------+
    |           Name           | LUT | Input Size| Bits| Total Bits|
    +--------------------------+-----+-----------+-----+-----------+
    |ap_NS_fsm                 |  325|         72|    1|         72|
    |kernel_x2_blk_n_AW        |    9|          2|    1|          2|
    |kernel_x2_blk_n_B         |    9|          2|    1|          2|
    |m_axi_kernel_x2_AWADDR    |   14|          3|   64|        192|
    |m_axi_kernel_x2_AWBURST   |    9|          2|    2|          4|
    |m_axi_kernel_x2_AWCACHE   |    9|          2|    4|          8|
    |m_axi_kernel_x2_AWID      |    9|          2|    1|          2|
    |m_axi_kernel_x2_AWLEN     |   14|          3|   32|         96|
    |m_axi_kernel_x2_AWLOCK    |    9|          2|    2|          4|
    |m_axi_kernel_x2_AWPROT    |    9|          2|    3|          6|
    |m_axi_kernel_x2_AWQOS     |    9|          2|    4|          8|
    |m_axi_kernel_x2_AWREGION  |    9|          2|    4|          8|
    |m_axi_kernel_x2_AWSIZE    |    9|          2|    3|          6|
    |m_axi_kernel_x2_AWUSER    |    9|          2|    1|          2|
    |m_axi_kernel_x2_AWVALID   |   14|          3|    1|          3|
    |m_axi_kernel_x2_BREADY    |   14|          3|    1|          3|
    |m_axi_kernel_x2_WVALID    |    9|          2|    1|          2|
    +--------------------------+-----+-----------+-----+-----------+
    |Total                     |  489|        108|  126|        420|
    +--------------------------+-----+-----------+-----+-----------+

    * Register: 
    +-------------------------------------------------------------+----+----+-----+-----------+
    |                             Name                            | FF | LUT| Bits| Const Bits|
    +-------------------------------------------------------------+----+----+-----+-----------+
    |ap_CS_fsm                                                    |  71|   0|   71|          0|
    |grp_store_x2_Pipeline_VITIS_LOOP_155_1_fu_3254_ap_start_reg  |   1|   0|    1|          0|
    |trunc_ln155_1_reg_4082                                       |  58|   0|   58|          0|
    +-------------------------------------------------------------+----+----+-----+-----------+
    |Total                                                        | 130|   0|  130|          0|
    +-------------------------------------------------------------+----+----+-----+-----------+



================================================================
== Interface
================================================================
* Summary: 
+--------------------------+-----+-----+------------+--------------+--------------+
|         RTL Ports        | Dir | Bits|  Protocol  | Source Object|    C Type    |
+--------------------------+-----+-----+------------+--------------+--------------+
|ap_clk                    |   in|    1|  ap_ctrl_hs|      store_x2|  return value|
|ap_rst                    |   in|    1|  ap_ctrl_hs|      store_x2|  return value|
|ap_start                  |   in|    1|  ap_ctrl_hs|      store_x2|  return value|
|ap_done                   |  out|    1|  ap_ctrl_hs|      store_x2|  return value|
|ap_idle                   |  out|    1|  ap_ctrl_hs|      store_x2|  return value|
|ap_ready                  |  out|    1|  ap_ctrl_hs|      store_x2|  return value|
|x2_0_val                  |   in|   32|     ap_none|      x2_0_val|        scalar|
|x2_1_val                  |   in|   32|     ap_none|      x2_1_val|        scalar|
|x2_2_val                  |   in|   32|     ap_none|      x2_2_val|        scalar|
|x2_3_val                  |   in|   32|     ap_none|      x2_3_val|        scalar|
|x2_4_val                  |   in|   32|     ap_none|      x2_4_val|        scalar|
|x2_5_val                  |   in|   32|     ap_none|      x2_5_val|        scalar|
|x2_6_val                  |   in|   32|     ap_none|      x2_6_val|        scalar|
|x2_7_val                  |   in|   32|     ap_none|      x2_7_val|        scalar|
|x2_8_val                  |   in|   32|     ap_none|      x2_8_val|        scalar|
|x2_9_val                  |   in|   32|     ap_none|      x2_9_val|        scalar|
|x2_10_val                 |   in|   32|     ap_none|     x2_10_val|        scalar|
|x2_11_val                 |   in|   32|     ap_none|     x2_11_val|        scalar|
|x2_12_val                 |   in|   32|     ap_none|     x2_12_val|        scalar|
|x2_13_val                 |   in|   32|     ap_none|     x2_13_val|        scalar|
|x2_14_val                 |   in|   32|     ap_none|     x2_14_val|        scalar|
|x2_15_val                 |   in|   32|     ap_none|     x2_15_val|        scalar|
|x2_16_val                 |   in|   32|     ap_none|     x2_16_val|        scalar|
|x2_17_val                 |   in|   32|     ap_none|     x2_17_val|        scalar|
|x2_18_val                 |   in|   32|     ap_none|     x2_18_val|        scalar|
|x2_19_val                 |   in|   32|     ap_none|     x2_19_val|        scalar|
|x2_20_val                 |   in|   32|     ap_none|     x2_20_val|        scalar|
|x2_21_val                 |   in|   32|     ap_none|     x2_21_val|        scalar|
|x2_22_val                 |   in|   32|     ap_none|     x2_22_val|        scalar|
|x2_23_val                 |   in|   32|     ap_none|     x2_23_val|        scalar|
|x2_24_val                 |   in|   32|     ap_none|     x2_24_val|        scalar|
|x2_25_val                 |   in|   32|     ap_none|     x2_25_val|        scalar|
|x2_26_val                 |   in|   32|     ap_none|     x2_26_val|        scalar|
|x2_27_val                 |   in|   32|     ap_none|     x2_27_val|        scalar|
|x2_28_val                 |   in|   32|     ap_none|     x2_28_val|        scalar|
|x2_29_val                 |   in|   32|     ap_none|     x2_29_val|        scalar|
|x2_30_val                 |   in|   32|     ap_none|     x2_30_val|        scalar|
|x2_31_val                 |   in|   32|     ap_none|     x2_31_val|        scalar|
|x2_32_val                 |   in|   32|     ap_none|     x2_32_val|        scalar|
|x2_33_val                 |   in|   32|     ap_none|     x2_33_val|        scalar|
|x2_34_val                 |   in|   32|     ap_none|     x2_34_val|        scalar|
|x2_35_val                 |   in|   32|     ap_none|     x2_35_val|        scalar|
|x2_36_val                 |   in|   32|     ap_none|     x2_36_val|        scalar|
|x2_37_val                 |   in|   32|     ap_none|     x2_37_val|        scalar|
|x2_38_val                 |   in|   32|     ap_none|     x2_38_val|        scalar|
|x2_39_val                 |   in|   32|     ap_none|     x2_39_val|        scalar|
|x2_40_val                 |   in|   32|     ap_none|     x2_40_val|        scalar|
|x2_41_val                 |   in|   32|     ap_none|     x2_41_val|        scalar|
|x2_42_val                 |   in|   32|     ap_none|     x2_42_val|        scalar|
|x2_43_val                 |   in|   32|     ap_none|     x2_43_val|        scalar|
|x2_44_val                 |   in|   32|     ap_none|     x2_44_val|        scalar|
|x2_45_val                 |   in|   32|     ap_none|     x2_45_val|        scalar|
|x2_46_val                 |   in|   32|     ap_none|     x2_46_val|        scalar|
|x2_47_val                 |   in|   32|     ap_none|     x2_47_val|        scalar|
|x2_48_val                 |   in|   32|     ap_none|     x2_48_val|        scalar|
|x2_49_val                 |   in|   32|     ap_none|     x2_49_val|        scalar|
|x2_50_val                 |   in|   32|     ap_none|     x2_50_val|        scalar|
|x2_51_val                 |   in|   32|     ap_none|     x2_51_val|        scalar|
|x2_52_val                 |   in|   32|     ap_none|     x2_52_val|        scalar|
|x2_53_val                 |   in|   32|     ap_none|     x2_53_val|        scalar|
|x2_54_val                 |   in|   32|     ap_none|     x2_54_val|        scalar|
|x2_55_val                 |   in|   32|     ap_none|     x2_55_val|        scalar|
|x2_56_val                 |   in|   32|     ap_none|     x2_56_val|        scalar|
|x2_57_val                 |   in|   32|     ap_none|     x2_57_val|        scalar|
|x2_58_val                 |   in|   32|     ap_none|     x2_58_val|        scalar|
|x2_59_val                 |   in|   32|     ap_none|     x2_59_val|        scalar|
|x2_60_val                 |   in|   32|     ap_none|     x2_60_val|        scalar|
|x2_61_val                 |   in|   32|     ap_none|     x2_61_val|        scalar|
|x2_62_val                 |   in|   32|     ap_none|     x2_62_val|        scalar|
|x2_63_val                 |   in|   32|     ap_none|     x2_63_val|        scalar|
|x2_64_val                 |   in|   32|     ap_none|     x2_64_val|        scalar|
|x2_65_val                 |   in|   32|     ap_none|     x2_65_val|        scalar|
|x2_66_val                 |   in|   32|     ap_none|     x2_66_val|        scalar|
|x2_67_val                 |   in|   32|     ap_none|     x2_67_val|        scalar|
|x2_68_val                 |   in|   32|     ap_none|     x2_68_val|        scalar|
|x2_69_val                 |   in|   32|     ap_none|     x2_69_val|        scalar|
|x2_70_val                 |   in|   32|     ap_none|     x2_70_val|        scalar|
|x2_71_val                 |   in|   32|     ap_none|     x2_71_val|        scalar|
|x2_72_val                 |   in|   32|     ap_none|     x2_72_val|        scalar|
|x2_73_val                 |   in|   32|     ap_none|     x2_73_val|        scalar|
|x2_74_val                 |   in|   32|     ap_none|     x2_74_val|        scalar|
|x2_75_val                 |   in|   32|     ap_none|     x2_75_val|        scalar|
|x2_76_val                 |   in|   32|     ap_none|     x2_76_val|        scalar|
|x2_77_val                 |   in|   32|     ap_none|     x2_77_val|        scalar|
|x2_78_val                 |   in|   32|     ap_none|     x2_78_val|        scalar|
|x2_79_val                 |   in|   32|     ap_none|     x2_79_val|        scalar|
|x2_80_val                 |   in|   32|     ap_none|     x2_80_val|        scalar|
|x2_81_val                 |   in|   32|     ap_none|     x2_81_val|        scalar|
|x2_82_val                 |   in|   32|     ap_none|     x2_82_val|        scalar|
|x2_83_val                 |   in|   32|     ap_none|     x2_83_val|        scalar|
|x2_84_val                 |   in|   32|     ap_none|     x2_84_val|        scalar|
|x2_85_val                 |   in|   32|     ap_none|     x2_85_val|        scalar|
|x2_86_val                 |   in|   32|     ap_none|     x2_86_val|        scalar|
|x2_87_val                 |   in|   32|     ap_none|     x2_87_val|        scalar|
|x2_88_val                 |   in|   32|     ap_none|     x2_88_val|        scalar|
|x2_89_val                 |   in|   32|     ap_none|     x2_89_val|        scalar|
|x2_90_val                 |   in|   32|     ap_none|     x2_90_val|        scalar|
|x2_91_val                 |   in|   32|     ap_none|     x2_91_val|        scalar|
|x2_92_val                 |   in|   32|     ap_none|     x2_92_val|        scalar|
|x2_93_val                 |   in|   32|     ap_none|     x2_93_val|        scalar|
|x2_94_val                 |   in|   32|     ap_none|     x2_94_val|        scalar|
|x2_95_val                 |   in|   32|     ap_none|     x2_95_val|        scalar|
|x2_96_val                 |   in|   32|     ap_none|     x2_96_val|        scalar|
|x2_97_val                 |   in|   32|     ap_none|     x2_97_val|        scalar|
|x2_98_val                 |   in|   32|     ap_none|     x2_98_val|        scalar|
|x2_99_val                 |   in|   32|     ap_none|     x2_99_val|        scalar|
|x2_100_val                |   in|   32|     ap_none|    x2_100_val|        scalar|
|x2_101_val                |   in|   32|     ap_none|    x2_101_val|        scalar|
|x2_102_val                |   in|   32|     ap_none|    x2_102_val|        scalar|
|x2_103_val                |   in|   32|     ap_none|    x2_103_val|        scalar|
|x2_104_val                |   in|   32|     ap_none|    x2_104_val|        scalar|
|x2_105_val                |   in|   32|     ap_none|    x2_105_val|        scalar|
|x2_106_val                |   in|   32|     ap_none|    x2_106_val|        scalar|
|x2_107_val                |   in|   32|     ap_none|    x2_107_val|        scalar|
|x2_108_val                |   in|   32|     ap_none|    x2_108_val|        scalar|
|x2_109_val                |   in|   32|     ap_none|    x2_109_val|        scalar|
|x2_110_val                |   in|   32|     ap_none|    x2_110_val|        scalar|
|x2_111_val                |   in|   32|     ap_none|    x2_111_val|        scalar|
|x2_112_val                |   in|   32|     ap_none|    x2_112_val|        scalar|
|x2_113_val                |   in|   32|     ap_none|    x2_113_val|        scalar|
|x2_114_val                |   in|   32|     ap_none|    x2_114_val|        scalar|
|x2_115_val                |   in|   32|     ap_none|    x2_115_val|        scalar|
|x2_116_val                |   in|   32|     ap_none|    x2_116_val|        scalar|
|x2_117_val                |   in|   32|     ap_none|    x2_117_val|        scalar|
|x2_118_val                |   in|   32|     ap_none|    x2_118_val|        scalar|
|x2_119_val                |   in|   32|     ap_none|    x2_119_val|        scalar|
|x2_120_val                |   in|   32|     ap_none|    x2_120_val|        scalar|
|x2_121_val                |   in|   32|     ap_none|    x2_121_val|        scalar|
|x2_122_val                |   in|   32|     ap_none|    x2_122_val|        scalar|
|x2_123_val                |   in|   32|     ap_none|    x2_123_val|        scalar|
|x2_124_val                |   in|   32|     ap_none|    x2_124_val|        scalar|
|x2_125_val                |   in|   32|     ap_none|    x2_125_val|        scalar|
|x2_126_val                |   in|   32|     ap_none|    x2_126_val|        scalar|
|x2_127_val                |   in|   32|     ap_none|    x2_127_val|        scalar|
|x2_128_val                |   in|   32|     ap_none|    x2_128_val|        scalar|
|x2_129_val                |   in|   32|     ap_none|    x2_129_val|        scalar|
|x2_130_val                |   in|   32|     ap_none|    x2_130_val|        scalar|
|x2_131_val                |   in|   32|     ap_none|    x2_131_val|        scalar|
|x2_132_val                |   in|   32|     ap_none|    x2_132_val|        scalar|
|x2_133_val                |   in|   32|     ap_none|    x2_133_val|        scalar|
|x2_134_val                |   in|   32|     ap_none|    x2_134_val|        scalar|
|x2_135_val                |   in|   32|     ap_none|    x2_135_val|        scalar|
|x2_136_val                |   in|   32|     ap_none|    x2_136_val|        scalar|
|x2_137_val                |   in|   32|     ap_none|    x2_137_val|        scalar|
|x2_138_val                |   in|   32|     ap_none|    x2_138_val|        scalar|
|x2_139_val                |   in|   32|     ap_none|    x2_139_val|        scalar|
|x2_140_val                |   in|   32|     ap_none|    x2_140_val|        scalar|
|x2_141_val                |   in|   32|     ap_none|    x2_141_val|        scalar|
|x2_142_val                |   in|   32|     ap_none|    x2_142_val|        scalar|
|x2_143_val                |   in|   32|     ap_none|    x2_143_val|        scalar|
|x2_144_val                |   in|   32|     ap_none|    x2_144_val|        scalar|
|x2_145_val                |   in|   32|     ap_none|    x2_145_val|        scalar|
|x2_146_val                |   in|   32|     ap_none|    x2_146_val|        scalar|
|x2_147_val                |   in|   32|     ap_none|    x2_147_val|        scalar|
|x2_148_val                |   in|   32|     ap_none|    x2_148_val|        scalar|
|x2_149_val                |   in|   32|     ap_none|    x2_149_val|        scalar|
|x2_150_val                |   in|   32|     ap_none|    x2_150_val|        scalar|
|x2_151_val                |   in|   32|     ap_none|    x2_151_val|        scalar|
|x2_152_val                |   in|   32|     ap_none|    x2_152_val|        scalar|
|x2_153_val                |   in|   32|     ap_none|    x2_153_val|        scalar|
|x2_154_val                |   in|   32|     ap_none|    x2_154_val|        scalar|
|x2_155_val                |   in|   32|     ap_none|    x2_155_val|        scalar|
|x2_156_val                |   in|   32|     ap_none|    x2_156_val|        scalar|
|x2_157_val                |   in|   32|     ap_none|    x2_157_val|        scalar|
|x2_158_val                |   in|   32|     ap_none|    x2_158_val|        scalar|
|x2_159_val                |   in|   32|     ap_none|    x2_159_val|        scalar|
|x2_160_val                |   in|   32|     ap_none|    x2_160_val|        scalar|
|x2_161_val                |   in|   32|     ap_none|    x2_161_val|        scalar|
|x2_162_val                |   in|   32|     ap_none|    x2_162_val|        scalar|
|x2_163_val                |   in|   32|     ap_none|    x2_163_val|        scalar|
|x2_164_val                |   in|   32|     ap_none|    x2_164_val|        scalar|
|x2_165_val                |   in|   32|     ap_none|    x2_165_val|        scalar|
|x2_166_val                |   in|   32|     ap_none|    x2_166_val|        scalar|
|x2_167_val                |   in|   32|     ap_none|    x2_167_val|        scalar|
|x2_168_val                |   in|   32|     ap_none|    x2_168_val|        scalar|
|x2_169_val                |   in|   32|     ap_none|    x2_169_val|        scalar|
|x2_170_val                |   in|   32|     ap_none|    x2_170_val|        scalar|
|x2_171_val                |   in|   32|     ap_none|    x2_171_val|        scalar|
|x2_172_val                |   in|   32|     ap_none|    x2_172_val|        scalar|
|x2_173_val                |   in|   32|     ap_none|    x2_173_val|        scalar|
|x2_174_val                |   in|   32|     ap_none|    x2_174_val|        scalar|
|x2_175_val                |   in|   32|     ap_none|    x2_175_val|        scalar|
|x2_176_val                |   in|   32|     ap_none|    x2_176_val|        scalar|
|x2_177_val                |   in|   32|     ap_none|    x2_177_val|        scalar|
|x2_178_val                |   in|   32|     ap_none|    x2_178_val|        scalar|
|x2_179_val                |   in|   32|     ap_none|    x2_179_val|        scalar|
|x2_180_val                |   in|   32|     ap_none|    x2_180_val|        scalar|
|x2_181_val                |   in|   32|     ap_none|    x2_181_val|        scalar|
|x2_182_val                |   in|   32|     ap_none|    x2_182_val|        scalar|
|x2_183_val                |   in|   32|     ap_none|    x2_183_val|        scalar|
|x2_184_val                |   in|   32|     ap_none|    x2_184_val|        scalar|
|x2_185_val                |   in|   32|     ap_none|    x2_185_val|        scalar|
|x2_186_val                |   in|   32|     ap_none|    x2_186_val|        scalar|
|x2_187_val                |   in|   32|     ap_none|    x2_187_val|        scalar|
|x2_188_val                |   in|   32|     ap_none|    x2_188_val|        scalar|
|x2_189_val                |   in|   32|     ap_none|    x2_189_val|        scalar|
|x2_190_val                |   in|   32|     ap_none|    x2_190_val|        scalar|
|x2_191_val                |   in|   32|     ap_none|    x2_191_val|        scalar|
|x2_192_val                |   in|   32|     ap_none|    x2_192_val|        scalar|
|x2_193_val                |   in|   32|     ap_none|    x2_193_val|        scalar|
|x2_194_val                |   in|   32|     ap_none|    x2_194_val|        scalar|
|x2_195_val                |   in|   32|     ap_none|    x2_195_val|        scalar|
|x2_196_val                |   in|   32|     ap_none|    x2_196_val|        scalar|
|x2_197_val                |   in|   32|     ap_none|    x2_197_val|        scalar|
|x2_198_val                |   in|   32|     ap_none|    x2_198_val|        scalar|
|x2_199_val                |   in|   32|     ap_none|    x2_199_val|        scalar|
|x2_200_val                |   in|   32|     ap_none|    x2_200_val|        scalar|
|x2_201_val                |   in|   32|     ap_none|    x2_201_val|        scalar|
|x2_202_val                |   in|   32|     ap_none|    x2_202_val|        scalar|
|x2_203_val                |   in|   32|     ap_none|    x2_203_val|        scalar|
|x2_204_val                |   in|   32|     ap_none|    x2_204_val|        scalar|
|x2_205_val                |   in|   32|     ap_none|    x2_205_val|        scalar|
|x2_206_val                |   in|   32|     ap_none|    x2_206_val|        scalar|
|x2_207_val                |   in|   32|     ap_none|    x2_207_val|        scalar|
|x2_208_val                |   in|   32|     ap_none|    x2_208_val|        scalar|
|x2_209_val                |   in|   32|     ap_none|    x2_209_val|        scalar|
|x2_210_val                |   in|   32|     ap_none|    x2_210_val|        scalar|
|x2_211_val                |   in|   32|     ap_none|    x2_211_val|        scalar|
|x2_212_val                |   in|   32|     ap_none|    x2_212_val|        scalar|
|x2_213_val                |   in|   32|     ap_none|    x2_213_val|        scalar|
|x2_214_val                |   in|   32|     ap_none|    x2_214_val|        scalar|
|x2_215_val                |   in|   32|     ap_none|    x2_215_val|        scalar|
|x2_216_val                |   in|   32|     ap_none|    x2_216_val|        scalar|
|x2_217_val                |   in|   32|     ap_none|    x2_217_val|        scalar|
|x2_218_val                |   in|   32|     ap_none|    x2_218_val|        scalar|
|x2_219_val                |   in|   32|     ap_none|    x2_219_val|        scalar|
|x2_220_val                |   in|   32|     ap_none|    x2_220_val|        scalar|
|x2_221_val                |   in|   32|     ap_none|    x2_221_val|        scalar|
|x2_222_val                |   in|   32|     ap_none|    x2_222_val|        scalar|
|x2_223_val                |   in|   32|     ap_none|    x2_223_val|        scalar|
|x2_224_val                |   in|   32|     ap_none|    x2_224_val|        scalar|
|x2_225_val                |   in|   32|     ap_none|    x2_225_val|        scalar|
|x2_226_val                |   in|   32|     ap_none|    x2_226_val|        scalar|
|x2_227_val                |   in|   32|     ap_none|    x2_227_val|        scalar|
|x2_228_val                |   in|   32|     ap_none|    x2_228_val|        scalar|
|x2_229_val                |   in|   32|     ap_none|    x2_229_val|        scalar|
|x2_230_val                |   in|   32|     ap_none|    x2_230_val|        scalar|
|x2_231_val                |   in|   32|     ap_none|    x2_231_val|        scalar|
|x2_232_val                |   in|   32|     ap_none|    x2_232_val|        scalar|
|x2_233_val                |   in|   32|     ap_none|    x2_233_val|        scalar|
|x2_234_val                |   in|   32|     ap_none|    x2_234_val|        scalar|
|x2_235_val                |   in|   32|     ap_none|    x2_235_val|        scalar|
|x2_236_val                |   in|   32|     ap_none|    x2_236_val|        scalar|
|x2_237_val                |   in|   32|     ap_none|    x2_237_val|        scalar|
|x2_238_val                |   in|   32|     ap_none|    x2_238_val|        scalar|
|x2_239_val                |   in|   32|     ap_none|    x2_239_val|        scalar|
|x2_240_val                |   in|   32|     ap_none|    x2_240_val|        scalar|
|x2_241_val                |   in|   32|     ap_none|    x2_241_val|        scalar|
|x2_242_val                |   in|   32|     ap_none|    x2_242_val|        scalar|
|x2_243_val                |   in|   32|     ap_none|    x2_243_val|        scalar|
|x2_244_val                |   in|   32|     ap_none|    x2_244_val|        scalar|
|x2_245_val                |   in|   32|     ap_none|    x2_245_val|        scalar|
|x2_246_val                |   in|   32|     ap_none|    x2_246_val|        scalar|
|x2_247_val                |   in|   32|     ap_none|    x2_247_val|        scalar|
|x2_248_val                |   in|   32|     ap_none|    x2_248_val|        scalar|
|x2_249_val                |   in|   32|     ap_none|    x2_249_val|        scalar|
|x2_250_val                |   in|   32|     ap_none|    x2_250_val|        scalar|
|x2_251_val                |   in|   32|     ap_none|    x2_251_val|        scalar|
|x2_252_val                |   in|   32|     ap_none|    x2_252_val|        scalar|
|x2_253_val                |   in|   32|     ap_none|    x2_253_val|        scalar|
|x2_254_val                |   in|   32|     ap_none|    x2_254_val|        scalar|
|x2_255_val                |   in|   32|     ap_none|    x2_255_val|        scalar|
|x2_256_val                |   in|   32|     ap_none|    x2_256_val|        scalar|
|x2_257_val                |   in|   32|     ap_none|    x2_257_val|        scalar|
|x2_258_val                |   in|   32|     ap_none|    x2_258_val|        scalar|
|x2_259_val                |   in|   32|     ap_none|    x2_259_val|        scalar|
|x2_260_val                |   in|   32|     ap_none|    x2_260_val|        scalar|
|x2_261_val                |   in|   32|     ap_none|    x2_261_val|        scalar|
|x2_262_val                |   in|   32|     ap_none|    x2_262_val|        scalar|
|x2_263_val                |   in|   32|     ap_none|    x2_263_val|        scalar|
|x2_264_val                |   in|   32|     ap_none|    x2_264_val|        scalar|
|x2_265_val                |   in|   32|     ap_none|    x2_265_val|        scalar|
|x2_266_val                |   in|   32|     ap_none|    x2_266_val|        scalar|
|x2_267_val                |   in|   32|     ap_none|    x2_267_val|        scalar|
|x2_268_val                |   in|   32|     ap_none|    x2_268_val|        scalar|
|x2_269_val                |   in|   32|     ap_none|    x2_269_val|        scalar|
|x2_270_val                |   in|   32|     ap_none|    x2_270_val|        scalar|
|x2_271_val                |   in|   32|     ap_none|    x2_271_val|        scalar|
|x2_272_val                |   in|   32|     ap_none|    x2_272_val|        scalar|
|x2_273_val                |   in|   32|     ap_none|    x2_273_val|        scalar|
|x2_274_val                |   in|   32|     ap_none|    x2_274_val|        scalar|
|x2_275_val                |   in|   32|     ap_none|    x2_275_val|        scalar|
|x2_276_val                |   in|   32|     ap_none|    x2_276_val|        scalar|
|x2_277_val                |   in|   32|     ap_none|    x2_277_val|        scalar|
|x2_278_val                |   in|   32|     ap_none|    x2_278_val|        scalar|
|x2_279_val                |   in|   32|     ap_none|    x2_279_val|        scalar|
|x2_280_val                |   in|   32|     ap_none|    x2_280_val|        scalar|
|x2_281_val                |   in|   32|     ap_none|    x2_281_val|        scalar|
|x2_282_val                |   in|   32|     ap_none|    x2_282_val|        scalar|
|x2_283_val                |   in|   32|     ap_none|    x2_283_val|        scalar|
|x2_284_val                |   in|   32|     ap_none|    x2_284_val|        scalar|
|x2_285_val                |   in|   32|     ap_none|    x2_285_val|        scalar|
|x2_286_val                |   in|   32|     ap_none|    x2_286_val|        scalar|
|x2_287_val                |   in|   32|     ap_none|    x2_287_val|        scalar|
|x2_288_val                |   in|   32|     ap_none|    x2_288_val|        scalar|
|x2_289_val                |   in|   32|     ap_none|    x2_289_val|        scalar|
|x2_290_val                |   in|   32|     ap_none|    x2_290_val|        scalar|
|x2_291_val                |   in|   32|     ap_none|    x2_291_val|        scalar|
|x2_292_val                |   in|   32|     ap_none|    x2_292_val|        scalar|
|x2_293_val                |   in|   32|     ap_none|    x2_293_val|        scalar|
|x2_294_val                |   in|   32|     ap_none|    x2_294_val|        scalar|
|x2_295_val                |   in|   32|     ap_none|    x2_295_val|        scalar|
|x2_296_val                |   in|   32|     ap_none|    x2_296_val|        scalar|
|x2_297_val                |   in|   32|     ap_none|    x2_297_val|        scalar|
|x2_298_val                |   in|   32|     ap_none|    x2_298_val|        scalar|
|x2_299_val                |   in|   32|     ap_none|    x2_299_val|        scalar|
|x2_300_val                |   in|   32|     ap_none|    x2_300_val|        scalar|
|x2_301_val                |   in|   32|     ap_none|    x2_301_val|        scalar|
|x2_302_val                |   in|   32|     ap_none|    x2_302_val|        scalar|
|x2_303_val                |   in|   32|     ap_none|    x2_303_val|        scalar|
|x2_304_val                |   in|   32|     ap_none|    x2_304_val|        scalar|
|x2_305_val                |   in|   32|     ap_none|    x2_305_val|        scalar|
|x2_306_val                |   in|   32|     ap_none|    x2_306_val|        scalar|
|x2_307_val                |   in|   32|     ap_none|    x2_307_val|        scalar|
|x2_308_val                |   in|   32|     ap_none|    x2_308_val|        scalar|
|x2_309_val                |   in|   32|     ap_none|    x2_309_val|        scalar|
|x2_310_val                |   in|   32|     ap_none|    x2_310_val|        scalar|
|x2_311_val                |   in|   32|     ap_none|    x2_311_val|        scalar|
|x2_312_val                |   in|   32|     ap_none|    x2_312_val|        scalar|
|x2_313_val                |   in|   32|     ap_none|    x2_313_val|        scalar|
|x2_314_val                |   in|   32|     ap_none|    x2_314_val|        scalar|
|x2_315_val                |   in|   32|     ap_none|    x2_315_val|        scalar|
|x2_316_val                |   in|   32|     ap_none|    x2_316_val|        scalar|
|x2_317_val                |   in|   32|     ap_none|    x2_317_val|        scalar|
|x2_318_val                |   in|   32|     ap_none|    x2_318_val|        scalar|
|x2_319_val                |   in|   32|     ap_none|    x2_319_val|        scalar|
|x2_320_val                |   in|   32|     ap_none|    x2_320_val|        scalar|
|x2_321_val                |   in|   32|     ap_none|    x2_321_val|        scalar|
|x2_322_val                |   in|   32|     ap_none|    x2_322_val|        scalar|
|x2_323_val                |   in|   32|     ap_none|    x2_323_val|        scalar|
|x2_324_val                |   in|   32|     ap_none|    x2_324_val|        scalar|
|x2_325_val                |   in|   32|     ap_none|    x2_325_val|        scalar|
|x2_326_val                |   in|   32|     ap_none|    x2_326_val|        scalar|
|x2_327_val                |   in|   32|     ap_none|    x2_327_val|        scalar|
|x2_328_val                |   in|   32|     ap_none|    x2_328_val|        scalar|
|x2_329_val                |   in|   32|     ap_none|    x2_329_val|        scalar|
|x2_330_val                |   in|   32|     ap_none|    x2_330_val|        scalar|
|x2_331_val                |   in|   32|     ap_none|    x2_331_val|        scalar|
|x2_332_val                |   in|   32|     ap_none|    x2_332_val|        scalar|
|x2_333_val                |   in|   32|     ap_none|    x2_333_val|        scalar|
|x2_334_val                |   in|   32|     ap_none|    x2_334_val|        scalar|
|x2_335_val                |   in|   32|     ap_none|    x2_335_val|        scalar|
|x2_336_val                |   in|   32|     ap_none|    x2_336_val|        scalar|
|x2_337_val                |   in|   32|     ap_none|    x2_337_val|        scalar|
|x2_338_val                |   in|   32|     ap_none|    x2_338_val|        scalar|
|x2_339_val                |   in|   32|     ap_none|    x2_339_val|        scalar|
|x2_340_val                |   in|   32|     ap_none|    x2_340_val|        scalar|
|x2_341_val                |   in|   32|     ap_none|    x2_341_val|        scalar|
|x2_342_val                |   in|   32|     ap_none|    x2_342_val|        scalar|
|x2_343_val                |   in|   32|     ap_none|    x2_343_val|        scalar|
|x2_344_val                |   in|   32|     ap_none|    x2_344_val|        scalar|
|x2_345_val                |   in|   32|     ap_none|    x2_345_val|        scalar|
|x2_346_val                |   in|   32|     ap_none|    x2_346_val|        scalar|
|x2_347_val                |   in|   32|     ap_none|    x2_347_val|        scalar|
|x2_348_val                |   in|   32|     ap_none|    x2_348_val|        scalar|
|x2_349_val                |   in|   32|     ap_none|    x2_349_val|        scalar|
|x2_350_val                |   in|   32|     ap_none|    x2_350_val|        scalar|
|x2_351_val                |   in|   32|     ap_none|    x2_351_val|        scalar|
|x2_352_val                |   in|   32|     ap_none|    x2_352_val|        scalar|
|x2_353_val                |   in|   32|     ap_none|    x2_353_val|        scalar|
|x2_354_val                |   in|   32|     ap_none|    x2_354_val|        scalar|
|x2_355_val                |   in|   32|     ap_none|    x2_355_val|        scalar|
|x2_356_val                |   in|   32|     ap_none|    x2_356_val|        scalar|
|x2_357_val                |   in|   32|     ap_none|    x2_357_val|        scalar|
|x2_358_val                |   in|   32|     ap_none|    x2_358_val|        scalar|
|x2_359_val                |   in|   32|     ap_none|    x2_359_val|        scalar|
|x2_360_val                |   in|   32|     ap_none|    x2_360_val|        scalar|
|x2_361_val                |   in|   32|     ap_none|    x2_361_val|        scalar|
|x2_362_val                |   in|   32|     ap_none|    x2_362_val|        scalar|
|x2_363_val                |   in|   32|     ap_none|    x2_363_val|        scalar|
|x2_364_val                |   in|   32|     ap_none|    x2_364_val|        scalar|
|x2_365_val                |   in|   32|     ap_none|    x2_365_val|        scalar|
|x2_366_val                |   in|   32|     ap_none|    x2_366_val|        scalar|
|x2_367_val                |   in|   32|     ap_none|    x2_367_val|        scalar|
|x2_368_val                |   in|   32|     ap_none|    x2_368_val|        scalar|
|x2_369_val                |   in|   32|     ap_none|    x2_369_val|        scalar|
|x2_370_val                |   in|   32|     ap_none|    x2_370_val|        scalar|
|x2_371_val                |   in|   32|     ap_none|    x2_371_val|        scalar|
|x2_372_val                |   in|   32|     ap_none|    x2_372_val|        scalar|
|x2_373_val                |   in|   32|     ap_none|    x2_373_val|        scalar|
|x2_374_val                |   in|   32|     ap_none|    x2_374_val|        scalar|
|x2_375_val                |   in|   32|     ap_none|    x2_375_val|        scalar|
|x2_376_val                |   in|   32|     ap_none|    x2_376_val|        scalar|
|x2_377_val                |   in|   32|     ap_none|    x2_377_val|        scalar|
|x2_378_val                |   in|   32|     ap_none|    x2_378_val|        scalar|
|x2_379_val                |   in|   32|     ap_none|    x2_379_val|        scalar|
|x2_380_val                |   in|   32|     ap_none|    x2_380_val|        scalar|
|x2_381_val                |   in|   32|     ap_none|    x2_381_val|        scalar|
|x2_382_val                |   in|   32|     ap_none|    x2_382_val|        scalar|
|x2_383_val                |   in|   32|     ap_none|    x2_383_val|        scalar|
|x2_384_val                |   in|   32|     ap_none|    x2_384_val|        scalar|
|x2_385_val                |   in|   32|     ap_none|    x2_385_val|        scalar|
|x2_386_val                |   in|   32|     ap_none|    x2_386_val|        scalar|
|x2_387_val                |   in|   32|     ap_none|    x2_387_val|        scalar|
|x2_388_val                |   in|   32|     ap_none|    x2_388_val|        scalar|
|x2_389_val                |   in|   32|     ap_none|    x2_389_val|        scalar|
|x2_390_val                |   in|   32|     ap_none|    x2_390_val|        scalar|
|x2_391_val                |   in|   32|     ap_none|    x2_391_val|        scalar|
|x2_392_val                |   in|   32|     ap_none|    x2_392_val|        scalar|
|x2_393_val                |   in|   32|     ap_none|    x2_393_val|        scalar|
|x2_394_val                |   in|   32|     ap_none|    x2_394_val|        scalar|
|x2_395_val                |   in|   32|     ap_none|    x2_395_val|        scalar|
|x2_396_val                |   in|   32|     ap_none|    x2_396_val|        scalar|
|x2_397_val                |   in|   32|     ap_none|    x2_397_val|        scalar|
|x2_398_val                |   in|   32|     ap_none|    x2_398_val|        scalar|
|x2_399_val                |   in|   32|     ap_none|    x2_399_val|        scalar|
|m_axi_kernel_x2_AWVALID   |  out|    1|       m_axi|     kernel_x2|       pointer|
|m_axi_kernel_x2_AWREADY   |   in|    1|       m_axi|     kernel_x2|       pointer|
|m_axi_kernel_x2_AWADDR    |  out|   64|       m_axi|     kernel_x2|       pointer|
|m_axi_kernel_x2_AWID      |  out|    1|       m_axi|     kernel_x2|       pointer|
|m_axi_kernel_x2_AWLEN     |  out|   32|       m_axi|     kernel_x2|       pointer|
|m_axi_kernel_x2_AWSIZE    |  out|    3|       m_axi|     kernel_x2|       pointer|
|m_axi_kernel_x2_AWBURST   |  out|    2|       m_axi|     kernel_x2|       pointer|
|m_axi_kernel_x2_AWLOCK    |  out|    2|       m_axi|     kernel_x2|       pointer|
|m_axi_kernel_x2_AWCACHE   |  out|    4|       m_axi|     kernel_x2|       pointer|
|m_axi_kernel_x2_AWPROT    |  out|    3|       m_axi|     kernel_x2|       pointer|
|m_axi_kernel_x2_AWQOS     |  out|    4|       m_axi|     kernel_x2|       pointer|
|m_axi_kernel_x2_AWREGION  |  out|    4|       m_axi|     kernel_x2|       pointer|
|m_axi_kernel_x2_AWUSER    |  out|    1|       m_axi|     kernel_x2|       pointer|
|m_axi_kernel_x2_WVALID    |  out|    1|       m_axi|     kernel_x2|       pointer|
|m_axi_kernel_x2_WREADY    |   in|    1|       m_axi|     kernel_x2|       pointer|
|m_axi_kernel_x2_WDATA     |  out|  512|       m_axi|     kernel_x2|       pointer|
|m_axi_kernel_x2_WSTRB     |  out|   64|       m_axi|     kernel_x2|       pointer|
|m_axi_kernel_x2_WLAST     |  out|    1|       m_axi|     kernel_x2|       pointer|
|m_axi_kernel_x2_WID       |  out|    1|       m_axi|     kernel_x2|       pointer|
|m_axi_kernel_x2_WUSER     |  out|    1|       m_axi|     kernel_x2|       pointer|
|m_axi_kernel_x2_ARVALID   |  out|    1|       m_axi|     kernel_x2|       pointer|
|m_axi_kernel_x2_ARREADY   |   in|    1|       m_axi|     kernel_x2|       pointer|
|m_axi_kernel_x2_ARADDR    |  out|   64|       m_axi|     kernel_x2|       pointer|
|m_axi_kernel_x2_ARID      |  out|    1|       m_axi|     kernel_x2|       pointer|
|m_axi_kernel_x2_ARLEN     |  out|   32|       m_axi|     kernel_x2|       pointer|
|m_axi_kernel_x2_ARSIZE    |  out|    3|       m_axi|     kernel_x2|       pointer|
|m_axi_kernel_x2_ARBURST   |  out|    2|       m_axi|     kernel_x2|       pointer|
|m_axi_kernel_x2_ARLOCK    |  out|    2|       m_axi|     kernel_x2|       pointer|
|m_axi_kernel_x2_ARCACHE   |  out|    4|       m_axi|     kernel_x2|       pointer|
|m_axi_kernel_x2_ARPROT    |  out|    3|       m_axi|     kernel_x2|       pointer|
|m_axi_kernel_x2_ARQOS     |  out|    4|       m_axi|     kernel_x2|       pointer|
|m_axi_kernel_x2_ARREGION  |  out|    4|       m_axi|     kernel_x2|       pointer|
|m_axi_kernel_x2_ARUSER    |  out|    1|       m_axi|     kernel_x2|       pointer|
|m_axi_kernel_x2_RVALID    |   in|    1|       m_axi|     kernel_x2|       pointer|
|m_axi_kernel_x2_RREADY    |  out|    1|       m_axi|     kernel_x2|       pointer|
|m_axi_kernel_x2_RDATA     |   in|  512|       m_axi|     kernel_x2|       pointer|
|m_axi_kernel_x2_RLAST     |   in|    1|       m_axi|     kernel_x2|       pointer|
|m_axi_kernel_x2_RID       |   in|    1|       m_axi|     kernel_x2|       pointer|
|m_axi_kernel_x2_RFIFONUM  |   in|    9|       m_axi|     kernel_x2|       pointer|
|m_axi_kernel_x2_RUSER     |   in|    1|       m_axi|     kernel_x2|       pointer|
|m_axi_kernel_x2_RRESP     |   in|    2|       m_axi|     kernel_x2|       pointer|
|m_axi_kernel_x2_BVALID    |   in|    1|       m_axi|     kernel_x2|       pointer|
|m_axi_kernel_x2_BREADY    |  out|    1|       m_axi|     kernel_x2|       pointer|
|m_axi_kernel_x2_BRESP     |   in|    2|       m_axi|     kernel_x2|       pointer|
|m_axi_kernel_x2_BID       |   in|    1|       m_axi|     kernel_x2|       pointer|
|m_axi_kernel_x2_BUSER     |   in|    1|       m_axi|     kernel_x2|       pointer|
|vx2                       |   in|   64|     ap_none|           vx2|        scalar|
+--------------------------+-----+-----+------------+--------------+--------------+

