Copyright 1986-2022 Xilinx, Inc. All Rights Reserved. Copyright 2022-2023 Advanced Micro Devices, Inc. All Rights Reserved.
------------------------------------------------------------------------------------------------------------------------------------------------------------------------------------------------------------------------------------------------------------------------------------------------------------------------------------------
| Tool Version : Vivado v.2023.2 (lin64) Build 4029153 Fri Oct 13 20:13:54 MDT 2023
| Date         : Sat Jan  4 14:41:10 2025
| Host         : c01 running 64-bit Ubuntu 22.04.4 LTS
| Command      : report_accelerator_utilization -kernels { kernel_nlp_slr0:level0_i/ulp/kernel_nlp_slr0_1/inst:kernel_nlp_slr0_1 kernel_nlp_slr1:level0_i/ulp/kernel_nlp_slr1_1/inst:kernel_nlp_slr1_1 kernel_nlp_slr2:level0_i/ulp/kernel_nlp_slr2_1/inst:kernel_nlp_slr2_1} -file kernel_util_routed.rpt -name kernel_util_routed -json
| Design       : level0_wrapper
| Device       : xcu55c
| Design State : Fully Placed
------------------------------------------------------------------------------------------------------------------------------------------------------------------------------------------------------------------------------------------------------------------------------------------------------------------------------------------

Accelerator Utilization Design Information

Table of Contents
-----------------
1. System Utilization

1. System Utilization
---------------------

+----------------------+-------------------+------------------+-------------------+----------------+---------------+----------------+
| Name                 | LUT               | LUTAsMem         | REG               | BRAM           | URAM          | DSP            |
+----------------------+-------------------+------------------+-------------------+----------------+---------------+----------------+
| Platform             |  125080 [  9.59%] |   9661 [  1.61%] |  174655 [  6.70%] |  198 [  9.82%] |  40 [  4.17%] |    4 [  0.04%] |
| User Budget          | 1178600 [100.00%] | 591299 [100.00%] | 2432705 [100.00%] | 1818 [100.00%] | 920 [100.00%] | 9020 [100.00%] |
|    Used Resources    |  280424 [ 23.79%] |  29848 [  5.05%] |  365295 [ 15.02%] |  436 [ 23.98%] |   0 [  0.00%] | 1819 [ 20.17%] |
|    Unused Resources  |  898176 [ 76.21%] | 561451 [ 94.95%] | 2067410 [ 84.98%] | 1382 [ 76.02%] | 920 [100.00%] | 7201 [ 79.83%] |
| kernel_nlp_slr0      |    6720 [  0.57%] |   1303 [  0.22%] |   14383 [  0.59%] |   34 [  1.87%] |   0 [  0.00%] |    0 [  0.00%] |
|    kernel_nlp_slr0_1 |    6720 [  0.57%] |   1303 [  0.22%] |   14383 [  0.59%] |   34 [  1.87%] |   0 [  0.00%] |    0 [  0.00%] |
| kernel_nlp_slr1      |   83079 [  7.05%] |  15473 [  2.62%] |  118474 [  4.87%] |    0 [  0.00%] |   0 [  0.00%] |  746 [  8.27%] |
|    kernel_nlp_slr1_1 |   83079 [  7.05%] |  15473 [  2.62%] |  118474 [  4.87%] |    0 [  0.00%] |   0 [  0.00%] |  746 [  8.27%] |
| kernel_nlp_slr2      |  190625 [ 16.17%] |  13072 [  2.21%] |  232438 [  9.55%] |  402 [ 22.11%] |   0 [  0.00%] | 1073 [ 11.90%] |
|    kernel_nlp_slr2_1 |  190625 [ 16.17%] |  13072 [  2.21%] |  232438 [  9.55%] |  402 [ 22.11%] |   0 [  0.00%] | 1073 [ 11.90%] |
+----------------------+-------------------+------------------+-------------------+----------------+---------------+----------------+


