Copyright 1986-2022 Xilinx, Inc. All Rights Reserved. Copyright 2022-2023 Advanced Micro Devices, Inc. All Rights Reserved.
--------------------------------------------------------------------------------------------------------------------------------------------------------------------------------------------------------------------------------------------------------------------------------------------------------------------------------------------
| Tool Version : Vivado v.2023.2 (lin64) Build 4029153 Fri Oct 13 20:13:54 MDT 2023
| Date         : Fri Jan  3 23:35:23 2025
| Host         : c01 running 64-bit Ubuntu 22.04.4 LTS
| Command      : report_accelerator_utilization -kernels { kernel_nlp_slr0:level0_i/ulp/kernel_nlp_slr0_1/inst:kernel_nlp_slr0_1 kernel_nlp_slr1:level0_i/ulp/kernel_nlp_slr1_1/inst:kernel_nlp_slr1_1 kernel_nlp_slr2:level0_i/ulp/kernel_nlp_slr2_1/inst:kernel_nlp_slr2_1} -file kernel_util_synthed.rpt -name kernel_util_synthed -json
| Design       : level0_wrapper
| Device       : xcu55c
| Design State : Synthesized
--------------------------------------------------------------------------------------------------------------------------------------------------------------------------------------------------------------------------------------------------------------------------------------------------------------------------------------------

Accelerator Utilization Design Information

Table of Contents
-----------------
1. System Utilization

1. System Utilization
---------------------

+----------------------+-------------------+------------------+-------------------+----------------+---------------+----------------+
| Name                 | LUT               | LUTAsMem         | REG               | BRAM           | URAM          | DSP            |
+----------------------+-------------------+------------------+-------------------+----------------+---------------+----------------+
| Platform             |  140456 [ 10.77%] |  11170 [  1.86%] |  180359 [  6.92%] |  198 [  9.82%] |  46 [  4.79%] |    4 [  0.04%] |
| User Budget          | 1163224 [100.00%] | 589790 [100.00%] | 2427001 [100.00%] | 1818 [100.00%] | 914 [100.00%] | 9020 [100.00%] |
|    Used Resources    |  329571 [ 28.33%] |  58994 [ 10.00%] |  365965 [ 15.08%] |  436 [ 23.98%] |   0 [  0.00%] | 1819 [ 20.17%] |
|    Unused Resources  |  833653 [ 71.67%] | 530796 [ 90.00%] | 2061036 [ 84.92%] | 1382 [ 76.02%] | 914 [100.00%] | 7201 [ 79.83%] |
| kernel_nlp_slr0      |    7793 [  0.67%] |   1969 [  0.33%] |   15085 [  0.62%] |   34 [  1.87%] |   0 [  0.00%] |    0 [  0.00%] |
|    kernel_nlp_slr0_1 |    7793 [  0.67%] |   1969 [  0.33%] |   15085 [  0.62%] |   34 [  1.87%] |   0 [  0.00%] |    0 [  0.00%] |
| kernel_nlp_slr1      |  107351 [  9.23%] |  30897 [  5.24%] |  118649 [  4.89%] |    0 [  0.00%] |   0 [  0.00%] |  746 [  8.27%] |
|    kernel_nlp_slr1_1 |  107351 [  9.23%] |  30897 [  5.24%] |  118649 [  4.89%] |    0 [  0.00%] |   0 [  0.00%] |  746 [  8.27%] |
| kernel_nlp_slr2      |  214427 [ 18.43%] |  26128 [  4.43%] |  232231 [  9.57%] |  402 [ 22.11%] |   0 [  0.00%] | 1073 [ 11.90%] |
|    kernel_nlp_slr2_1 |  214427 [ 18.43%] |  26128 [  4.43%] |  232231 [  9.57%] |  402 [ 22.11%] |   0 [  0.00%] | 1073 [ 11.90%] |
+----------------------+-------------------+------------------+-------------------+----------------+---------------+----------------+


