Copyright 1986-2022 Xilinx, Inc. All Rights Reserved. Copyright 2022-2023 Advanced Micro Devices, Inc. All Rights Reserved.
---------------------------------------------------------------------------------------------------------------------------------------------
| Tool Version : Vivado v.2023.2 (lin64) Build 4029153 Fri Oct 13 20:13:54 MDT 2023
| Date         : Sat Jan  4 14:41:56 2025
| Host         : c01 running 64-bit Ubuntu 22.04.4 LTS
| Command      : report_utilization -slr -file slr_util_routed.rpt -pb slr_util_routed.pb
| Design       : level0_wrapper
| Device       : xcu55c-fsvh2892-2L-e
| Speed File   : -2L
| Design State : Routed
---------------------------------------------------------------------------------------------------------------------------------------------

Utilization Design Information

Table of Contents
-----------------
1. SLR Connectivity
2. SLR Connectivity Matrix
3. SLR CLB Logic and Dedicated Block Utilization
4. SLR IO Utilization

1. SLR Connectivity
-------------------

+----------------------------------+-------+-------+-----------+-------+
|                                  |  Used | Fixed | Available | Util% |
+----------------------------------+-------+-------+-----------+-------+
| SLR2 <-> SLR1                    |  6725 |       |     23040 | 29.19 |
|   SLR1 -> SLR2                   |  3656 |       |           | 15.87 |
|     Using TX_REG only            |     0 |     0 |           |       |
|     Using RX_REG only            |     0 |     0 |           |       |
|     Using Both TX_REG and RX_REG |     0 |     0 |           |       |
|   SLR2 -> SLR1                   |  3069 |       |           | 13.32 |
|     Using TX_REG only            |     0 |     0 |           |       |
|     Using RX_REG only            |     0 |     0 |           |       |
|     Using Both TX_REG and RX_REG |     0 |     0 |           |       |
| SLR1 <-> SLR0                    |  7631 |       |     23040 | 33.12 |
|   SLR0 -> SLR1                   |  4335 |       |           | 18.82 |
|     Using TX_REG only            |     0 |     0 |           |       |
|     Using RX_REG only            |     0 |     0 |           |       |
|     Using Both TX_REG and RX_REG |     0 |     0 |           |       |
|   SLR1 -> SLR0                   |  3296 |       |           | 14.31 |
|     Using TX_REG only            |     0 |     0 |           |       |
|     Using RX_REG only            |     0 |     0 |           |       |
|     Using Both TX_REG and RX_REG |     0 |     0 |           |       |
+----------------------------------+-------+-------+-----------+-------+
| Total SLLs Used                  | 14356 |       |           |       |
+----------------------------------+-------+-------+-----------+-------+


2. SLR Connectivity Matrix
--------------------------

+-----------+------+------+------+
| FROM \ TO | SLR2 | SLR1 | SLR0 |
+-----------+------+------+------+
| SLR2      |    0 | 2909 |  160 |
| SLR1      | 3589 |    0 | 3136 |
| SLR0      |   67 | 4268 |    0 |
+-----------+------+------+------+


3. SLR CLB Logic and Dedicated Block Utilization
------------------------------------------------

+----------------------------+-------+--------+--------+--------+--------+--------+
|          Site Type         |  SLR0 |  SLR1  |  SLR2  | SLR0 % | SLR1 % | SLR2 % |
+----------------------------+-------+--------+--------+--------+--------+--------+
| CLB                        | 12374 |  27482 |  45334 |  22.51 |  50.89 |  83.95 |
|   CLBL                     |  6437 |  14217 |  24203 |  21.98 |  48.56 |  82.66 |
|   CLBM                     |  5937 |  13265 |  21131 |  23.12 |  53.66 |  85.48 |
| CLB LUTs                   | 47627 | 141868 | 215964 |  10.83 |  32.84 |  49.99 |
|   LUT as Logic             | 41854 | 122726 | 201370 |   9.52 |  28.41 |  46.61 |
|     using O5 output only   |  1232 |   1115 |   1373 |   0.28 |   0.26 |   0.32 |
|     using O6 output only   | 29541 |  84080 | 154078 |   6.72 |  19.46 |  35.67 |
|     using O5 and O6        | 11081 |  37531 |  45919 |   2.52 |   8.69 |  10.63 |
|   LUT as Memory            |  5773 |  19142 |  14594 |   2.81 |   9.68 |   7.38 |
|     LUT as Distributed RAM |  2548 |  18316 |    820 |   1.24 |   9.26 |   0.41 |
|       using O5 output only |     0 |      0 |      0 |   0.00 |   0.00 |   0.00 |
|       using O6 output only |   252 |    386 |      0 |   0.12 |   0.20 |   0.00 |
|       using O5 and O6      |  2296 |  17930 |    820 |   1.12 |   9.07 |   0.41 |
|     LUT as Shift Register  |  3225 |    826 |  13774 |   1.57 |   0.42 |   6.97 |
|       using O5 output only |     0 |      0 |      0 |   0.00 |   0.00 |   0.00 |
|       using O6 output only |  2048 |    130 |    684 |   1.00 |   0.07 |   0.35 |
|       using O5 and O6      |  1177 |    696 |  13090 |   0.57 |   0.35 |   6.62 |
| CLB Registers              | 84239 | 188080 | 267631 |   9.58 |  21.77 |  30.98 |
| CARRY8                     |   514 |   2581 |   4533 |   0.94 |   4.78 |   8.39 |
| F7 Muxes                   |  1550 |   1055 |   5447 |   0.71 |   0.49 |   2.52 |
| F8 Muxes                   |   203 |    266 |    134 |   0.18 |   0.25 |   0.12 |
| F9 Muxes                   |     0 |      0 |      0 |   0.00 |   0.00 |   0.00 |
| Block RAM Tile             |  92.5 |     90 |    452 |  13.76 |  13.39 |  67.26 |
|   RAMB36/FIFO              |    88 |     90 |    452 |  13.10 |  13.39 |  67.26 |
|   RAMB18                   |     9 |      0 |      0 |   0.67 |   0.00 |   0.00 |
| URAM                       |     0 |     40 |      0 |   0.00 |  12.50 |   0.00 |
| DSPs                       |     0 |    746 |   1077 |   0.00 |  24.28 |  35.06 |
| Unique Control Sets        |  2745 |   3833 |   4110 |   2.50 |   3.55 |   3.81 |
+----------------------------+-------+--------+--------+--------+--------+--------+
* Note: Available Control Sets based on CLB Registers / 8


4. SLR IO Utilization
---------------------

+-----------+-----------+---------+------------+----------+------------+----------+-----+
| SLR Index | Used IOBs | (%)IOBs | Used IPADs | (%)IPADs | Used OPADs | (%)OPADs | GTs |
+-----------+-----------+---------+------------+----------+------------+----------+-----+
| SLR2      |         0 |    0.00 |          0 |     0.00 |          0 |     0.00 |   0 |
| SLR1      |         0 |    0.00 |          0 |     0.00 |          0 |     0.00 |   0 |
| SLR0      |        12 |    5.77 |          0 |     0.00 |          0 |     0.00 |  16 |
+-----------+-----------+---------+------------+----------+------------+----------+-----+
| Total     |        12 |         |          0 |          |          0 |          |  16 |
+-----------+-----------+---------+------------+----------+------------+----------+-----+


