Thu Dec  5 15:15:53 2024: Running xcd server. This server was built by gradle.
Thu Dec  5 15:15:53 2024: Server was asked to start on port: '45789'
Thu Dec  5 15:15:53 2024: Server is using token UUID: '90ea1111-16a7-4a93-89e7-f1368c29093f'
Thu Dec  5 15:15:53 2024: SESSION_MGR: creating session with session uuid: '6d04a3e9-ade5-4ab9-8d63-1f78fcd2ec76' and name 'default'
Thu Dec  5 15:15:53 2024: Attempting to start server on port '45789'
Thu Dec  5 15:15:53 2024: XCD main fifo: created main fifo '/tmp/xcdmain90ea1111-16a7-4a93-89e7-f1368c29093f', fd read = 14
Thu Dec  5 15:15:53 2024: Running Dispatch Server
Thu Dec  5 15:15:53 2024: Version 2.2.0
Thu Dec  5 15:15:55 2024: Dispatch Server: Accepted socket connection from client
Thu Dec  5 15:15:55 2024: Starting Socket connection
Thu Dec  5 15:15:55 2024: EXCHANGE_TOKEN received, server token: 90ea1111-16a7-4a93-89e7-f1368c29093f, passed token: 90ea1111-16a7-4a93-89e7-f1368c29093f
Thu Dec  5 15:15:55 2024: DISPATCH_HANDLER: Adding handler from function makeHandler in library libxv_system_diagram
Thu Dec  5 15:15:55 2024: SESSION_MGR: creating session with session uuid: '744e83e3-643c-462b-a39a-33e4bcf6f3c0' and name 'v++_compile_workload-kernel_nlp_slr0-hw_emu'
Thu Dec  5 15:15:55 2024: KERNEL_SVC: creating session with uuid: '744e83e3-643c-462b-a39a-33e4bcf6f3c0' and name 'v++_compile_workload-kernel_nlp_slr0-hw_emu'
Thu Dec  5 15:15:55 2024: GUIDANCE_SMGR: creating guidance session with uuid: '744e83e3-643c-462b-a39a-33e4bcf6f3c0' and name 'v++_compile_workload-kernel_nlp_slr0-hw_emu'
Thu Dec  5 15:15:55 2024: SYSTEM_DIAGRAM: creating session with uuid: '744e83e3-643c-462b-a39a-33e4bcf6f3c0' and name 'v++_compile_workload-kernel_nlp_slr0-hw_emu'
Thu Dec  5 15:16:08 2024: Dispatch Server: Accepted socket connection from client
Thu Dec  5 15:16:08 2024: Starting Socket connection
Thu Dec  5 15:30:15 2024: SESSION_MGR: closing session for UUID '744e83e3-643c-462b-a39a-33e4bcf6f3c0' with name 'v++_compile_workload-kernel_nlp_slr0-hw_emu'
Thu Dec  5 15:30:15 2024: KERNEL_SVC: closing session for UUID '744e83e3-643c-462b-a39a-33e4bcf6f3c0' with name 'v++_compile_workload-kernel_nlp_slr0-hw_emu'
Thu Dec  5 15:30:15 2024: GUIDANCE_SMGR: closing session for UUID '744e83e3-643c-462b-a39a-33e4bcf6f3c0' with name 'v++_compile_workload-kernel_nlp_slr0-hw_emu'
Thu Dec  5 15:30:15 2024: SYSTEM_DIAGRAM: closing session for UUID '744e83e3-643c-462b-a39a-33e4bcf6f3c0' with name 'v++_compile_workload-kernel_nlp_slr0-hw_emu'
Thu Dec  5 15:30:15 2024: STOP_SERVER received, server token: 90ea1111-16a7-4a93-89e7-f1368c29093f, passed token: 90ea1111-16a7-4a93-89e7-f1368c29093f
Thu Dec  5 15:30:15 2024: Socket received request to stop server.
Thu Dec  5 15:30:15 2024: Dispatch Server: do_await_stop
Thu Dec  5 15:30:15 2024: Dispatch Server: stopping mainFifo_
Thu Dec  5 15:30:15 2024: XCD main fifo: Stopping
Thu Dec  5 15:30:15 2024: XCD main fifo: do_read error code: Operation canceled
Thu Dec  5 15:30:15 2024: XCD main fifo: bytes_transferred: 0
Thu Dec  5 15:30:15 2024: SERVER: destructor for server bound to port 45789
Thu Dec  5 15:30:15 2024: XCD main fifo: Good unlink of /tmp/xcdmain90ea1111-16a7-4a93-89e7-f1368c29093f
Thu Dec  5 15:30:15 2024: Server exiting with status 0.
Thu Dec  5 15:30:15 2024: Closing log file.
Thu Dec  5 15:30:17 2024: Running xcd server. This server was built by gradle.
Thu Dec  5 15:30:17 2024: Server was asked to start on port: '46675'
Thu Dec  5 15:30:17 2024: Server is using token UUID: 'c67c58ad-1845-456b-8c65-25b032609ed7'
Thu Dec  5 15:30:17 2024: SESSION_MGR: creating session with session uuid: '6d04a3e9-ade5-4ab9-8d63-1f78fcd2ec76' and name 'default'
Thu Dec  5 15:30:17 2024: Attempting to start server on port '46675'
Thu Dec  5 15:30:17 2024: XCD main fifo: created main fifo '/tmp/xcdmainc67c58ad-1845-456b-8c65-25b032609ed7', fd read = 13
Thu Dec  5 15:30:17 2024: Running Dispatch Server
Thu Dec  5 15:30:17 2024: Version 2.2.0
Thu Dec  5 15:30:19 2024: Dispatch Server: Accepted socket connection from client
Thu Dec  5 15:30:19 2024: Starting Socket connection
Thu Dec  5 15:30:19 2024: EXCHANGE_TOKEN received, server token: c67c58ad-1845-456b-8c65-25b032609ed7, passed token: c67c58ad-1845-456b-8c65-25b032609ed7
Thu Dec  5 15:30:19 2024: DISPATCH_HANDLER: Adding handler from function makeHandler in library libxv_system_diagram
Thu Dec  5 15:30:19 2024: SESSION_MGR: creating session with session uuid: '9f9b119c-1928-4d50-bf8a-3b1799c9646b' and name 'v++_link_workload-hw_emu'
Thu Dec  5 15:30:19 2024: KERNEL_SVC: creating session with uuid: '9f9b119c-1928-4d50-bf8a-3b1799c9646b' and name 'v++_link_workload-hw_emu'
Thu Dec  5 15:30:19 2024: GUIDANCE_SMGR: creating guidance session with uuid: '9f9b119c-1928-4d50-bf8a-3b1799c9646b' and name 'v++_link_workload-hw_emu'
Thu Dec  5 15:30:19 2024: SYSTEM_DIAGRAM: creating session with uuid: '9f9b119c-1928-4d50-bf8a-3b1799c9646b' and name 'v++_link_workload-hw_emu'
Thu Dec  5 15:30:50 2024: Dispatch Server: Accepted socket connection from client
Thu Dec  5 15:30:50 2024: Starting Socket connection
Thu Dec  5 15:31:05 2024: Dispatch Server: Accepted socket connection from client
Thu Dec  5 15:31:05 2024: Starting Socket connection
Thu Dec  5 15:46:01 2024: SESSION_MGR: closing session for UUID '9f9b119c-1928-4d50-bf8a-3b1799c9646b' with name 'v++_link_workload-hw_emu'
Thu Dec  5 15:46:01 2024: KERNEL_SVC: closing session for UUID '9f9b119c-1928-4d50-bf8a-3b1799c9646b' with name 'v++_link_workload-hw_emu'
Thu Dec  5 15:46:01 2024: GUIDANCE_SMGR: closing session for UUID '9f9b119c-1928-4d50-bf8a-3b1799c9646b' with name 'v++_link_workload-hw_emu'
Thu Dec  5 15:46:01 2024: SYSTEM_DIAGRAM: closing session for UUID '9f9b119c-1928-4d50-bf8a-3b1799c9646b' with name 'v++_link_workload-hw_emu'
Thu Dec  5 15:46:01 2024: STOP_SERVER received, server token: c67c58ad-1845-456b-8c65-25b032609ed7, passed token: c67c58ad-1845-456b-8c65-25b032609ed7
Thu Dec  5 15:46:01 2024: Socket received request to stop server.
Thu Dec  5 15:46:01 2024: Dispatch Server: do_await_stop
Thu Dec  5 15:46:01 2024: Dispatch Server: stopping mainFifo_
Thu Dec  5 15:46:01 2024: XCD main fifo: Stopping
Thu Dec  5 15:46:01 2024: XCD main fifo: do_read error code: Operation canceled
Thu Dec  5 15:46:01 2024: XCD main fifo: bytes_transferred: 0
Thu Dec  5 15:46:01 2024: SERVER: destructor for server bound to port 46675
Thu Dec  5 15:46:01 2024: XCD main fifo: Good unlink of /tmp/xcdmainc67c58ad-1845-456b-8c65-25b032609ed7
Thu Dec  5 15:46:01 2024: Server exiting with status 0.
Thu Dec  5 15:46:01 2024: Closing log file.
