================================================================
== Design Size Report
================================================================

* Total Instructions per Compilation Phase
+---------------+-----------------------------+--------------+----------------------------------------------------------------------------------------+
| Phase         | Step                        | Instructions | Description                                                                            |
+---------------+-----------------------------+--------------+----------------------------------------------------------------------------------------+
| Compile/Link  |                             | 4,887        | After all functions are compiled and linked into a single design                       |
|               |                             |              |                                                                                        |
| Unroll/Inline |                             |              | After user unroll and inline pragmas are applied                                       |
|               | (1) unroll                  | 1,294        | user unroll pragmas are applied                                                        |
|               | (2) simplification          | 1,150        | simplification of applied user unroll pragmas                                          |
|               | (3) inline                  |   858        | user inline pragmas are applied                                                        |
|               | (4) simplification          |   498        | simplification of applied user inline pragmas                                          |
|               |                             |              |                                                                                        |
| Array/Struct  |                             |              | After user array partition and struct aggregate/disaggregate pragmas are applied       |
|               | (1) array partition         |   401        | user array partition pragmas are applied                                               |
|               | (2) simplification          |   401        | simplification of applied user array partition & struct aggregate/disaggregate pragmas |
|               | (3) aggregate/disaggregate  |   401        | user struct aggregate/disaggregate pragmas are applied                                 |
|               | (4) array reshape           |   721        | apply array reshape pragmas                                                            |
|               | (5) access patterns         |   792        | array access pattern optmizations                                                      |
|               |                             |              |                                                                                        |
| Performance   |                             |              | After transformations are applied to meet performance pragma targets                   |
|               | (1) loop simplification     |   784        | loop and instruction simplification                                                    |
|               | (2) parallelization         |   771        | loops are unrolled or pipelined to meet performance targets                            |
|               | (3) array partition         |   725        | arrays are partitioned to meet performance targets                                     |
|               | (4) simplification          |   725        | simplification of design after performance transformations                             |
|               |                             |              |                                                                                        |
| HW Transforms |                             |              | After hardware transfomations                                                          |
|               | (1) lowering                |   598        | initial conversion to HW specific instructions                                         |
|               | (2) optimizations           |   660        | high level synthesis optimizations                                                     |
+---------------+-----------------------------+--------------+----------------------------------------------------------------------------------------+

* Instructions per Function for each Compilation Phase
+-------------------------+--------------+--------------+---------------+--------------+-------------+---------------+
| Function                | Location     | Compile/Link | Unroll/Inline | Array/Struct | Performance | HW Transforms |
+-------------------------+--------------+--------------+---------------+--------------+-------------+---------------+
| + kernel_nlp_slr0       | slr0.cpp:201 | 4,887        | 498           | 792          | 725         | 660           |
|    load_vA_for_task3    | slr0.cpp:17  | 1,101        |  72           | 140          | 123         | 101           |
|    load_vA_for_task1    | slr0.cpp:52  | 1,101        |  72           | 140          | 123         | 101           |
|    load_vx_for_task1    | slr0.cpp:87  | 1,101        |  72           | 140          | 123         | 101           |
|    store_vy_for_task3   | slr0.cpp:122 | 1,003        | 150           | 206          | 198         | 192           |
|    store_vtmp_for_task1 | slr0.cpp:173 |  539         |  94           | 118          | 110         | 104           |
+-------------------------+--------------+--------------+---------------+--------------+-------------+---------------+

* Design Size Message Settings
+---------------------------------------------+--------+------------------------------------------------------------------+
| Message Setting                             | Value  | Description                                                      |
+---------------------------------------------+--------+------------------------------------------------------------------+
| config_compile -design_size_maximum_warning | 100000 | Show a warning when total design instructions exceeds this value |
+---------------------------------------------+--------+------------------------------------------------------------------+


