

================================================================
== Vitis HLS Report for 'compute_FT1_level0_Block_entry410_proc'
================================================================
* Date:           Thu Dec  5 15:17:36 2024

* Version:        2023.2 (Build 4023990 on Oct 11 2023)
* Project:        kernel_nlp_slr0
* Solution:       solution (Vitis Kernel Flow Target)
* Product family: virtexuplusHBM
* Target device:  xcu55c-fsvh2892-2L-e


================================================================
== Performance Estimates
================================================================
+ Timing: 
    * Summary: 
    +--------+---------+----------+------------+
    |  Clock |  Target | Estimated| Uncertainty|
    +--------+---------+----------+------------+
    |ap_clk  |  4.55 ns|  2.135 ns|     1.23 ns|
    +--------+---------+----------+------------+

+ Latency: 
    * Summary: 
    +---------+---------+----------+----------+-----+-----+---------+
    |  Latency (cycles) |  Latency (absolute) |  Interval | Pipeline|
    |   min   |   max   |    min   |    max   | min | max |   Type  |
    +---------+---------+----------+----------+-----+-----+---------+
    |        0|        0|      0 ns|      0 ns|    0|    0|       no|
    +---------+---------+----------+----------+-----+-----+---------+

    + Detail: 
        * Instance: 
        N/A

        * Loop: 
        N/A



================================================================
== Utilization Estimates
================================================================
* Summary: 
+---------------------+---------+------+---------+---------+-----+
|         Name        | BRAM_18K|  DSP |    FF   |   LUT   | URAM|
+---------------------+---------+------+---------+---------+-----+
|DSP                  |        -|     -|        -|        -|    -|
|Expression           |        -|     -|        0|       16|    -|
|FIFO                 |        -|     -|        -|        -|    -|
|Instance             |        -|     -|        -|        -|    -|
|Memory               |        -|     -|        -|        -|    -|
|Multiplexer          |        -|     -|        -|       18|    -|
|Register             |        -|     -|        9|        -|    -|
+---------------------+---------+------+---------+---------+-----+
|Total                |        0|     0|        9|       34|    0|
+---------------------+---------+------+---------+---------+-----+
|Available SLR        |     1344|  3008|   869120|   434560|  320|
+---------------------+---------+------+---------+---------+-----+
|Utilization SLR (%)  |        0|     0|       ~0|       ~0|    0|
+---------------------+---------+------+---------+---------+-----+
|Available            |     4032|  9024|  2607360|  1303680|  960|
+---------------------+---------+------+---------+---------+-----+
|Utilization (%)      |        0|     0|       ~0|       ~0|    0|
+---------------------+---------+------+---------+---------+-----+

+ Detail: 
    * Instance: 
    N/A

    * DSP: 
    N/A

    * Memory: 
    N/A

    * FIFO: 
    N/A

    * Expression: 
    +--------------------+----------+----+---+----+------------+------------+
    |    Variable Name   | Operation| DSP| FF| LUT| Bitwidth P0| Bitwidth P1|
    +--------------------+----------+----+---+----+------------+------------+
    |add_ln270_fu_12_p2  |         +|   0|  0|  14|           7|           2|
    |ap_block_state1     |        or|   0|  0|   2|           1|           1|
    +--------------------+----------+----+---+----+------------+------------+
    |Total               |          |   0|  0|  16|           8|           3|
    +--------------------+----------+----+---+----+------------+------------+

    * Multiplexer: 
    +-----------+----+-----------+-----+-----------+
    |    Name   | LUT| Input Size| Bits| Total Bits|
    +-----------+----+-----------+-----+-----------+
    |ap_done    |   9|          2|    1|          2|
    |ap_return  |   9|          2|    7|         14|
    +-----------+----+-----------+-----+-----------+
    |Total      |  18|          4|    8|         16|
    +-----------+----+-----------+-----+-----------+

    * Register: 
    +----------------+---+----+-----+-----------+
    |      Name      | FF| LUT| Bits| Const Bits|
    +----------------+---+----+-----+-----------+
    |ap_CS_fsm       |  1|   0|    1|          0|
    |ap_done_reg     |  1|   0|    1|          0|
    |ap_return_preg  |  7|   0|    7|          0|
    +----------------+---+----+-----+-----------+
    |Total           |  9|   0|    9|          0|
    +----------------+---+----+-----+-----------+



================================================================
== Interface
================================================================
* Summary: 
+-------------+-----+-----+------------+----------------------------------------+--------------+
|  RTL Ports  | Dir | Bits|  Protocol  |              Source Object             |    C Type    |
+-------------+-----+-----+------------+----------------------------------------+--------------+
|ap_clk       |   in|    1|  ap_ctrl_hs|  compute_FT1_level0_Block_entry410_proc|  return value|
|ap_rst       |   in|    1|  ap_ctrl_hs|  compute_FT1_level0_Block_entry410_proc|  return value|
|ap_start     |   in|    1|  ap_ctrl_hs|  compute_FT1_level0_Block_entry410_proc|  return value|
|ap_done      |  out|    1|  ap_ctrl_hs|  compute_FT1_level0_Block_entry410_proc|  return value|
|ap_continue  |   in|    1|  ap_ctrl_hs|  compute_FT1_level0_Block_entry410_proc|  return value|
|ap_idle      |  out|    1|  ap_ctrl_hs|  compute_FT1_level0_Block_entry410_proc|  return value|
|ap_ready     |  out|    1|  ap_ctrl_hs|  compute_FT1_level0_Block_entry410_proc|  return value|
|ap_return    |  out|    7|  ap_ctrl_hs|  compute_FT1_level0_Block_entry410_proc|  return value|
|p_read       |   in|    7|     ap_none|                                  p_read|        scalar|
+-------------+-----+-----+------------+----------------------------------------+--------------+

