

================================================================
== Vitis HLS Report for 'compute_operation_task1'
================================================================
* Date:           Tue Dec 17 10:27:27 2024

* Version:        2023.2 (Build 4023990 on Oct 11 2023)
* Project:        kernel_nlp
* Solution:       solution (Vitis Kernel Flow Target)
* Product family: virtexuplusHBM
* Target device:  xcu55c-fsvh2892-2L-e


================================================================
== Performance Estimates
================================================================
+ Timing: 
    * Summary: 
    +--------+---------+----------+------------+
    |  Clock |  Target | Estimated| Uncertainty|
    +--------+---------+----------+------------+
    |ap_clk  |  4.00 ns|  2.569 ns|     1.08 ns|
    +--------+---------+----------+------------+

+ Latency: 
    * Summary: 
    +---------+---------+-----------+-----------+-----+-----+---------+
    |  Latency (cycles) |   Latency (absolute)  |  Interval | Pipeline|
    |   min   |   max   |    min    |    max    | min | max |   Type  |
    +---------+---------+-----------+-----------+-----+-----+---------+
    |       14|       14|  56.000 ns|  56.000 ns|    1|    1|      yes|
    +---------+---------+-----------+-----------+-----+-----+---------+

    + Detail: 
        * Instance: 
        N/A

        * Loop: 
        N/A



================================================================
== Utilization Estimates
================================================================
* Summary: 
+---------------------+---------+------+---------+---------+-----+
|         Name        | BRAM_18K|  DSP |    FF   |   LUT   | URAM|
+---------------------+---------+------+---------+---------+-----+
|DSP                  |        -|     -|        -|        -|    -|
|Expression           |        -|     -|        0|       66|    -|
|FIFO                 |        -|     -|        -|        -|    -|
|Instance             |        -|     8|      604|      354|    -|
|Memory               |        -|     -|        -|        -|    -|
|Multiplexer          |        -|     -|        -|        -|    -|
|Register             |        -|     -|      595|      128|    -|
+---------------------+---------+------+---------+---------+-----+
|Total                |        0|     8|     1199|      548|    0|
+---------------------+---------+------+---------+---------+-----+
|Available SLR        |     1344|  3008|   869120|   434560|  320|
+---------------------+---------+------+---------+---------+-----+
|Utilization SLR (%)  |        0|    ~0|       ~0|       ~0|    0|
+---------------------+---------+------+---------+---------+-----+
|Available            |     4032|  9024|  2607360|  1303680|  960|
+---------------------+---------+------+---------+---------+-----+
|Utilization (%)      |        0|    ~0|       ~0|       ~0|    0|
+---------------------+---------+------+---------+---------+-----+

+ Detail: 
    * Instance: 
    +--------------------------------------+--------------------------------+---------+----+-----+-----+-----+
    |               Instance               |             Module             | BRAM_18K| DSP|  FF | LUT | URAM|
    +--------------------------------------+--------------------------------+---------+----+-----+-----+-----+
    |fadd_32ns_32ns_32_7_full_dsp_1_U2424  |fadd_32ns_32ns_32_7_full_dsp_1  |        0|   2|  318|  198|    0|
    |fmul_32ns_32ns_32_4_max_dsp_1_U2425   |fmul_32ns_32ns_32_4_max_dsp_1   |        0|   3|  143|   78|    0|
    |fmul_32ns_32ns_32_4_max_dsp_1_U2426   |fmul_32ns_32ns_32_4_max_dsp_1   |        0|   3|  143|   78|    0|
    +--------------------------------------+--------------------------------+---------+----+-----+-----+-----+
    |Total                                 |                                |        0|   8|  604|  354|    0|
    +--------------------------------------+--------------------------------+---------+----+-----+-----+-----+

    * DSP: 
    N/A

    * Memory: 
    N/A

    * FIFO: 
    N/A

    * Expression: 
    +---------------------+----------+----+---+----+------------+------------+
    |    Variable Name    | Operation| DSP| FF| LUT| Bitwidth P0| Bitwidth P1|
    +---------------------+----------+----+---+----+------------+------------+
    |add_ln110_fu_82_p2   |         +|   0|  0|  17|          10|           1|
    |icmp_ln110_fu_88_p2  |      icmp|   0|  0|  17|          10|          10|
    |ap_return            |    select|   0|  0|  32|           1|          32|
    +---------------------+----------+----+---+----+------------+------------+
    |Total                |          |   0|  0|  66|          21|          43|
    +---------------------+----------+----+---+----+------------+------------+

    * Multiplexer: 
    N/A

    * Register: 
    +---------------------+----+----+-----+-----------+
    |         Name        | FF | LUT| Bits| Const Bits|
    +---------------------+----+----+-----+-----------+
    |arg0_int_reg         |  32|   0|   32|          0|
    |arg0_read_reg_115    |  32|   0|   32|          0|
    |arg1_int_reg         |  32|   0|   32|          0|
    |arg1_read_reg_110    |  32|   0|   32|          0|
    |arg2_int_reg         |  32|   0|   32|          0|
    |arg3_int_reg         |  32|   0|   32|          0|
    |i_int_reg            |  10|   0|   10|          0|
    |icmp_ln110_reg_125   |   1|   0|    1|          0|
    |j_int_reg            |   8|   0|    8|          0|
    |mul1_reg_135         |  32|   0|   32|          0|
    |output_r_int_reg     |  32|   0|   32|          0|
    |output_read_reg_120  |  32|   0|   32|          0|
    |tmp_reg_130          |  32|   0|   32|          0|
    |arg0_read_reg_115    |  64|  32|   32|          0|
    |arg1_read_reg_110    |  64|  32|   32|          0|
    |icmp_ln110_reg_125   |  64|  32|    1|          0|
    |output_read_reg_120  |  64|  32|   32|          0|
    +---------------------+----+----+-----+-----------+
    |Total                | 595| 128|  436|          0|
    +---------------------+----+----+-----+-----------+



================================================================
== Interface
================================================================
* Summary: 
+-----------+-----+-----+------------+-------------------------+--------------+
| RTL Ports | Dir | Bits|  Protocol  |      Source Object      |    C Type    |
+-----------+-----+-----+------------+-------------------------+--------------+
|ap_clk     |   in|    1|  ap_ctrl_hs|  compute_operation_task1|  return value|
|ap_rst     |   in|    1|  ap_ctrl_hs|  compute_operation_task1|  return value|
|ap_return  |  out|   32|  ap_ctrl_hs|  compute_operation_task1|  return value|
|output_r   |   in|   32|     ap_none|                 output_r|        scalar|
|arg0       |   in|   32|     ap_none|                     arg0|        scalar|
|arg1       |   in|   32|     ap_none|                     arg1|        scalar|
|arg2       |   in|   32|     ap_none|                     arg2|        scalar|
|arg3       |   in|   32|     ap_none|                     arg3|        scalar|
|j          |   in|    8|     ap_none|                        j|        scalar|
|i          |   in|   10|     ap_none|                        i|        scalar|
+-----------+-----+-----+------------+-------------------------+--------------+

