================================================================
== Design Size Report
================================================================

* Total Instructions per Compilation Phase
+---------------+-----------------------------+--------------+----------------------------------------------------------------------------------------+
| Phase         | Step                        | Instructions | Description                                                                            |
+---------------+-----------------------------+--------------+----------------------------------------------------------------------------------------+
| Compile/Link  |                             |     1,075    | After all functions are compiled and linked into a single design                       |
|               |                             |              |                                                                                        |
| Unroll/Inline |                             |              | After user unroll and inline pragmas are applied                                       |
|               | (1) unroll                  |    32,959    | user unroll pragmas are applied                                                        |
|               | (2) simplification          |    17,056    | simplification of applied user unroll pragmas                                          |
|               | (3) inline                  |    16,851    | user inline pragmas are applied                                                        |
|               | (4) simplification          |    16,651    | simplification of applied user inline pragmas                                          |
|               |                             |              |                                                                                        |
| Array/Struct  |                             |              | After user array partition and struct aggregate/disaggregate pragmas are applied       |
|               | (1) array partition         | 1,166,373 *  | user array partition pragmas are applied                                               |
|               | (2) simplification          |    28,139    | simplification of applied user array partition & struct aggregate/disaggregate pragmas |
|               | (3) aggregate/disaggregate  |    28,140    | user struct aggregate/disaggregate pragmas are applied                                 |
|               | (4) array reshape           |    28,321    | apply array reshape pragmas                                                            |
|               | (5) access patterns         |    28,324    | array access pattern optmizations                                                      |
|               |                             |              |                                                                                        |
| Performance   |                             |              | After transformations are applied to meet performance pragma targets                   |
|               | (1) loop simplification     |    28,208    | loop and instruction simplification                                                    |
|               | (2) parallelization         |    28,202    | loops are unrolled or pipelined to meet performance targets                            |
|               | (3) array partition         |    28,922    | arrays are partitioned to meet performance targets                                     |
|               | (4) simplification          |    28,922    | simplification of design after performance transformations                             |
|               |                             |              |                                                                                        |
| HW Transforms |                             |              | After hardware transfomations                                                          |
|               | (1) lowering                |    28,940    | initial conversion to HW specific instructions                                         |
|               | (2) optimizations           |    29,026    | high level synthesis optimizations                                                     |
+---------------+-----------------------------+--------------+----------------------------------------------------------------------------------------+
    * - Exceeded design size warning message threshold

* Instructions per Function for each Compilation Phase
+-----------------------------+----------------+--------------+-------------------+-------------------+-------------------+-------------------+
| Function                    | Location       | Compile/Link | Unroll/Inline     | Array/Struct      | Performance       | HW Transforms     |
+-----------------------------+----------------+--------------+-------------------+-------------------+-------------------+-------------------+
| + kernel_nlp                | output.cpp:144 | 1,075        | 16,651            | 28,324            | 28,922            | 29,026            |
|    load_C                   | output.cpp:12  |  335         |    99             | 3,044             | 3,043             | 3,077             |
|  + task0                    | output.cpp:89  |   76         | 6,492             | 7,212             | 7,212             | 7,216             |
|     compute_operation_task0 | output.cpp:81  |    8         | 3,600 (720 calls) | 3,600 (720 calls) | 3,600 (720 calls) | 3,600 (720 calls) |
|  + task1                    | output.cpp:117 |  296         | 9,936             | 13,307            | 13,906            | 13,936            |
|     load_A_S1               | output.cpp:37  |  185         |    62             | 2,595             | 2,594             | 2,614             |
|     compute_operation_task1 | output.cpp:109 |   10         | 6,480 (720 calls) | 6,480 (720 calls) | 6,480 (720 calls) | 6,480 (720 calls) |
|    store_C                  | output.cpp:54  |  335         |    99             | 1,624             | 1,624             | 1,655             |
+-----------------------------+----------------+--------------+-------------------+-------------------+-------------------+-------------------+

* Design Size Message Settings
+---------------------------------------------+--------+------------------------------------------------------------------+
| Message Setting                             | Value  | Description                                                      |
+---------------------------------------------+--------+------------------------------------------------------------------+
| config_compile -design_size_maximum_warning | 100000 | Show a warning when total design instructions exceeds this value |
+---------------------------------------------+--------+------------------------------------------------------------------+


