

================================================================
== Vitis HLS Report for 'kernel_nlp_slr0'
================================================================
* Date:           Thu Dec 19 22:13:12 2024

* Version:        2023.2 (Build 4023990 on Oct 11 2023)
* Project:        kernel_nlp_slr0
* Solution:       solution (Vitis Kernel Flow Target)
* Product family: virtexuplusHBM
* Target device:  xcu55c-fsvh2892-2L-e


================================================================
== Performance Estimates
================================================================
+ Timing: 
    * Summary: 
    +--------+---------+----------+------------+
    |  Clock |  Target | Estimated| Uncertainty|
    +--------+---------+----------+------------+
    |ap_clk  |  4.55 ns|  3.318 ns|     1.23 ns|
    +--------+---------+----------+------------+

+ Latency: 
    * Summary: 
    +---------+---------+-----------+-----------+-------+-------+----------+
    |  Latency (cycles) |   Latency (absolute)  |    Interval   | Pipeline |
    |   min   |   max   |    min    |    max    |  min  |  max  |   Type   |
    +---------+---------+-----------+-----------+-------+-------+----------+
    |    10474|    11313|  47.604 us|  51.418 us|  10475|  10997|  dataflow|
    +---------+---------+-----------+-----------+-------+-------+----------+

    + Detail: 
        * Instance: 
        +-----------------------+--------------------+---------+---------+-----------+-----------+-------+-------+---------+
        |                       |                    |  Latency (cycles) |   Latency (absolute)  |    Interval   | Pipeline|
        |        Instance       |       Module       |   min   |   max   |    min    |    max    |  min  |  max  |   Type  |
        +-----------------------+--------------------+---------+---------+-----------+-----------+-------+-------+---------+
        |entry_proc3022_U0      |entry_proc3022      |        0|        0|       0 ns|       0 ns|      0|      0|       no|
        |load_vp_for_task3_U0   |load_vp_for_task3   |       99|       99|   0.450 us|   0.450 us|     99|     99|       no|
        |load_vA_for_task3_U0   |load_vA_for_task3   |    10324|    10324|  46.923 us|  46.923 us|  10324|  10324|       no|
        |load_vA_for_task1_U0   |load_vA_for_task1   |    10474|    10474|  47.604 us|  47.604 us|  10474|  10474|       no|
        |load_vr_for_task1_U0   |load_vr_for_task1   |      100|      100|   0.455 us|   0.455 us|    100|    100|       no|
        |FT0_level0_U0          |FT0_level0          |     3746|    10996|  17.026 us|  49.977 us|   3746|  10996|       no|
        |FT1_level0_U0          |FT1_level0          |     5388|    10800|  24.488 us|  49.086 us|   5388|  10800|       no|
        |store_vs_for_task1_U0  |store_vs_for_task1  |       97|       97|   0.441 us|   0.441 us|     97|     97|       no|
        |store_vq_for_task3_U0  |store_vq_for_task3  |      277|      277|   1.259 us|   1.259 us|    277|    277|       no|
        +-----------------------+--------------------+---------+---------+-----------+-----------+-------+-------+---------+

        * Loop: 
        N/A



================================================================
== Utilization Estimates
================================================================
* Summary: 
+---------------------+---------+------+---------+---------+-----+
|         Name        | BRAM_18K|  DSP |    FF   |   LUT   | URAM|
+---------------------+---------+------+---------+---------+-----+
|DSP                  |        -|     -|        -|        -|    -|
|Expression           |        -|     -|        0|       30|    -|
|FIFO                 |       77|     -|     5449|     2977|    -|
|Instance             |      154|   728|   151398|   172675|    0|
|Memory               |        -|     -|        -|        -|    -|
|Multiplexer          |        -|     -|        -|       45|    -|
|Register             |        -|     -|        8|        -|    -|
+---------------------+---------+------+---------+---------+-----+
|Total                |      231|   728|   156855|   175727|    0|
+---------------------+---------+------+---------+---------+-----+
|Available SLR        |     1344|  3008|   869120|   434560|  320|
+---------------------+---------+------+---------+---------+-----+
|Utilization SLR (%)  |       17|    24|       18|       40|    0|
+---------------------+---------+------+---------+---------+-----+
|Available            |     4032|  9024|  2607360|  1303680|  960|
+---------------------+---------+------+---------+---------+-----+
|Utilization (%)      |        5|     8|        6|       13|    0|
+---------------------+---------+------+---------+---------+-----+

+ Detail: 
    * Instance: 
    +-----------------------------+---------------------------+---------+-----+-------+-------+-----+
    |           Instance          |           Module          | BRAM_18K| DSP |   FF  |  LUT  | URAM|
    +-----------------------------+---------------------------+---------+-----+-------+-------+-----+
    |FT0_level0_U0                |FT0_level0                 |        0|  448|  78429|  96858|    0|
    |FT1_level0_U0                |FT1_level0                 |        0|  280|  49701|  59597|    0|
    |control_s_axi_U              |control_s_axi              |        0|    0|    456|    808|    0|
    |entry_proc3022_U0            |entry_proc3022             |        0|    0|      3|     38|    0|
    |kernel_vA_for_task1_m_axi_U  |kernel_vA_for_task1_m_axi  |       30|    0|   3521|   2695|    0|
    |kernel_vA_for_task3_m_axi_U  |kernel_vA_for_task3_m_axi  |       30|    0|   3521|   2695|    0|
    |kernel_vp_for_task3_m_axi_U  |kernel_vp_for_task3_m_axi  |       30|    0|   3521|   2695|    0|
    |kernel_vq_for_task3_m_axi_U  |kernel_vq_for_task3_m_axi  |        4|    0|    878|    966|    0|
    |kernel_vr_for_task1_m_axi_U  |kernel_vr_for_task1_m_axi  |       30|    0|   3521|   2695|    0|
    |kernel_vs_for_task1_m_axi_U  |kernel_vs_for_task1_m_axi  |       30|    0|   3521|   2695|    0|
    |load_vA_for_task1_U0         |load_vA_for_task1          |        0|    0|    804|    162|    0|
    |load_vA_for_task3_U0         |load_vA_for_task3          |        0|    0|    803|    153|    0|
    |load_vp_for_task3_U0         |load_vp_for_task3          |        0|    0|    795|    144|    0|
    |load_vr_for_task1_U0         |load_vr_for_task1          |        0|    0|    794|    135|    0|
    |store_vq_for_task3_U0        |store_vq_for_task3         |        0|    0|    344|    174|    0|
    |store_vs_for_task1_U0        |store_vs_for_task1         |        0|    0|    786|    165|    0|
    +-----------------------------+---------------------------+---------+-----+-------+-------+-----+
    |Total                        |                           |      154|  728| 151398| 172675|    0|
    +-----------------------------+---------------------------+---------+-----+-------+-------+-----+

    * DSP: 
    N/A

    * Memory: 
    N/A

    * FIFO: 
    +------------------------------+---------+------+----+-----+------+-----+---------+
    |             Name             | BRAM_18K|  FF  | LUT| URAM| Depth| Bits| Size:D*B|
    +------------------------------+---------+------+----+-----+------+-----+---------+
    |fifo_A_from_off_chip_to_S1_U  |       15|  1056|   0|    -|  1024|  512|   524288|
    |fifo_A_from_off_chip_to_S3_U  |       15|  1056|   0|    -|  1024|  512|   524288|
    |fifo_p_from_off_chip_to_S3_U  |       15|  1056|   0|    -|  1024|  512|   524288|
    |fifo_q_to_off_chip_U          |        2|   159|   0|    -|  1024|   64|    65536|
    |fifo_r_from_off_chip_to_S1_U  |       15|  1056|   0|    -|  1024|  512|   524288|
    |fifo_s_to_off_chip_U          |       15|  1056|   0|    -|  1024|  512|   524288|
    |vq_for_task3_c_U              |        0|     5|   0|    -|     4|   64|      256|
    |vs_for_task1_c_U              |        0|     5|   0|    -|     4|   64|      256|
    +------------------------------+---------+------+----+-----+------+-----+---------+
    |Total                         |       77|  5449|   0|    0|  6152| 2752|  2687488|
    +------------------------------+---------+------+----+-----+------+-----+---------+

    * Expression: 
    +---------------------------------------+----------+----+---+----+------------+------------+
    |             Variable Name             | Operation| DSP| FF| LUT| Bitwidth P0| Bitwidth P1|
    +---------------------------------------+----------+----+---+----+------------+------------+
    |ap_idle                                |       and|   0|  0|   2|           1|           1|
    |ap_sync_continue                       |       and|   0|  0|   2|           1|           1|
    |ap_sync_done                           |       and|   0|  0|   2|           1|           1|
    |ap_sync_ready                          |       and|   0|  0|   2|           1|           1|
    |entry_proc3022_U0_ap_start             |       and|   0|  0|   2|           1|           1|
    |entry_proc3022_U0_start_full_n         |       and|   0|  0|   2|           1|           1|
    |load_vA_for_task1_U0_ap_start          |       and|   0|  0|   2|           1|           1|
    |load_vA_for_task3_U0_ap_start          |       and|   0|  0|   2|           1|           1|
    |load_vp_for_task3_U0_ap_start          |       and|   0|  0|   2|           1|           1|
    |load_vr_for_task1_U0_ap_start          |       and|   0|  0|   2|           1|           1|
    |ap_sync_entry_proc3022_U0_ap_ready     |        or|   0|  0|   2|           1|           1|
    |ap_sync_load_vA_for_task1_U0_ap_ready  |        or|   0|  0|   2|           1|           1|
    |ap_sync_load_vA_for_task3_U0_ap_ready  |        or|   0|  0|   2|           1|           1|
    |ap_sync_load_vp_for_task3_U0_ap_ready  |        or|   0|  0|   2|           1|           1|
    |ap_sync_load_vr_for_task1_U0_ap_ready  |        or|   0|  0|   2|           1|           1|
    +---------------------------------------+----------+----+---+----+------------+------------+
    |Total                                  |          |   0|  0|  30|          15|          15|
    +---------------------------------------+----------+----+---+----+------------+------------+

    * Multiplexer: 
    +-------------------------------------------+----+-----------+-----+-----------+
    |                    Name                   | LUT| Input Size| Bits| Total Bits|
    +-------------------------------------------+----+-----------+-----+-----------+
    |ap_sync_reg_entry_proc3022_U0_ap_ready     |   9|          2|    1|          2|
    |ap_sync_reg_load_vA_for_task1_U0_ap_ready  |   9|          2|    1|          2|
    |ap_sync_reg_load_vA_for_task3_U0_ap_ready  |   9|          2|    1|          2|
    |ap_sync_reg_load_vp_for_task3_U0_ap_ready  |   9|          2|    1|          2|
    |ap_sync_reg_load_vr_for_task1_U0_ap_ready  |   9|          2|    1|          2|
    +-------------------------------------------+----+-----------+-----+-----------+
    |Total                                      |  45|         10|    5|         10|
    +-------------------------------------------+----+-----------+-----+-----------+

    * Register: 
    +-------------------------------------------+---+----+-----+-----------+
    |                    Name                   | FF| LUT| Bits| Const Bits|
    +-------------------------------------------+---+----+-----+-----------+
    |ap_rst_n_inv                               |  1|   0|    1|          0|
    |ap_rst_reg_1                               |  1|   0|    1|          0|
    |ap_rst_reg_2                               |  1|   0|    1|          0|
    |ap_sync_reg_entry_proc3022_U0_ap_ready     |  1|   0|    1|          0|
    |ap_sync_reg_load_vA_for_task1_U0_ap_ready  |  1|   0|    1|          0|
    |ap_sync_reg_load_vA_for_task3_U0_ap_ready  |  1|   0|    1|          0|
    |ap_sync_reg_load_vp_for_task3_U0_ap_ready  |  1|   0|    1|          0|
    |ap_sync_reg_load_vr_for_task1_U0_ap_ready  |  1|   0|    1|          0|
    +-------------------------------------------+---+----+-----+-----------+
    |Total                                      |  8|   0|    8|          0|
    +-------------------------------------------+---+----+-----+-----------+



================================================================
== Interface
================================================================
* Summary: 
+------------------------------------+-----+-----+---------------+---------------------+--------------+
|              RTL Ports             | Dir | Bits|    Protocol   |    Source Object    |    C Type    |
+------------------------------------+-----+-----+---------------+---------------------+--------------+
|s_axi_control_AWVALID               |   in|    1|          s_axi|              control|        scalar|
|s_axi_control_AWREADY               |  out|    1|          s_axi|              control|        scalar|
|s_axi_control_AWADDR                |   in|    7|          s_axi|              control|        scalar|
|s_axi_control_WVALID                |   in|    1|          s_axi|              control|        scalar|
|s_axi_control_WREADY                |  out|    1|          s_axi|              control|        scalar|
|s_axi_control_WDATA                 |   in|   32|          s_axi|              control|        scalar|
|s_axi_control_WSTRB                 |   in|    4|          s_axi|              control|        scalar|
|s_axi_control_ARVALID               |   in|    1|          s_axi|              control|        scalar|
|s_axi_control_ARREADY               |  out|    1|          s_axi|              control|        scalar|
|s_axi_control_ARADDR                |   in|    7|          s_axi|              control|        scalar|
|s_axi_control_RVALID                |  out|    1|          s_axi|              control|        scalar|
|s_axi_control_RREADY                |   in|    1|          s_axi|              control|        scalar|
|s_axi_control_RDATA                 |  out|   32|          s_axi|              control|        scalar|
|s_axi_control_RRESP                 |  out|    2|          s_axi|              control|        scalar|
|s_axi_control_BVALID                |  out|    1|          s_axi|              control|        scalar|
|s_axi_control_BREADY                |   in|    1|          s_axi|              control|        scalar|
|s_axi_control_BRESP                 |  out|    2|          s_axi|              control|        scalar|
|ap_clk                              |   in|    1|  ap_ctrl_chain|      kernel_nlp_slr0|  return value|
|ap_rst_n                            |   in|    1|  ap_ctrl_chain|      kernel_nlp_slr0|  return value|
|interrupt                           |  out|    1|  ap_ctrl_chain|      kernel_nlp_slr0|  return value|
|m_axi_kernel_vA_for_task1_AWVALID   |  out|    1|          m_axi|  kernel_vA_for_task1|       pointer|
|m_axi_kernel_vA_for_task1_AWREADY   |   in|    1|          m_axi|  kernel_vA_for_task1|       pointer|
|m_axi_kernel_vA_for_task1_AWADDR    |  out|   64|          m_axi|  kernel_vA_for_task1|       pointer|
|m_axi_kernel_vA_for_task1_AWID      |  out|    1|          m_axi|  kernel_vA_for_task1|       pointer|
|m_axi_kernel_vA_for_task1_AWLEN     |  out|    8|          m_axi|  kernel_vA_for_task1|       pointer|
|m_axi_kernel_vA_for_task1_AWSIZE    |  out|    3|          m_axi|  kernel_vA_for_task1|       pointer|
|m_axi_kernel_vA_for_task1_AWBURST   |  out|    2|          m_axi|  kernel_vA_for_task1|       pointer|
|m_axi_kernel_vA_for_task1_AWLOCK    |  out|    2|          m_axi|  kernel_vA_for_task1|       pointer|
|m_axi_kernel_vA_for_task1_AWCACHE   |  out|    4|          m_axi|  kernel_vA_for_task1|       pointer|
|m_axi_kernel_vA_for_task1_AWPROT    |  out|    3|          m_axi|  kernel_vA_for_task1|       pointer|
|m_axi_kernel_vA_for_task1_AWQOS     |  out|    4|          m_axi|  kernel_vA_for_task1|       pointer|
|m_axi_kernel_vA_for_task1_AWREGION  |  out|    4|          m_axi|  kernel_vA_for_task1|       pointer|
|m_axi_kernel_vA_for_task1_AWUSER    |  out|    1|          m_axi|  kernel_vA_for_task1|       pointer|
|m_axi_kernel_vA_for_task1_WVALID    |  out|    1|          m_axi|  kernel_vA_for_task1|       pointer|
|m_axi_kernel_vA_for_task1_WREADY    |   in|    1|          m_axi|  kernel_vA_for_task1|       pointer|
|m_axi_kernel_vA_for_task1_WDATA     |  out|  512|          m_axi|  kernel_vA_for_task1|       pointer|
|m_axi_kernel_vA_for_task1_WSTRB     |  out|   64|          m_axi|  kernel_vA_for_task1|       pointer|
|m_axi_kernel_vA_for_task1_WLAST     |  out|    1|          m_axi|  kernel_vA_for_task1|       pointer|
|m_axi_kernel_vA_for_task1_WID       |  out|    1|          m_axi|  kernel_vA_for_task1|       pointer|
|m_axi_kernel_vA_for_task1_WUSER     |  out|    1|          m_axi|  kernel_vA_for_task1|       pointer|
|m_axi_kernel_vA_for_task1_ARVALID   |  out|    1|          m_axi|  kernel_vA_for_task1|       pointer|
|m_axi_kernel_vA_for_task1_ARREADY   |   in|    1|          m_axi|  kernel_vA_for_task1|       pointer|
|m_axi_kernel_vA_for_task1_ARADDR    |  out|   64|          m_axi|  kernel_vA_for_task1|       pointer|
|m_axi_kernel_vA_for_task1_ARID      |  out|    1|          m_axi|  kernel_vA_for_task1|       pointer|
|m_axi_kernel_vA_for_task1_ARLEN     |  out|    8|          m_axi|  kernel_vA_for_task1|       pointer|
|m_axi_kernel_vA_for_task1_ARSIZE    |  out|    3|          m_axi|  kernel_vA_for_task1|       pointer|
|m_axi_kernel_vA_for_task1_ARBURST   |  out|    2|          m_axi|  kernel_vA_for_task1|       pointer|
|m_axi_kernel_vA_for_task1_ARLOCK    |  out|    2|          m_axi|  kernel_vA_for_task1|       pointer|
|m_axi_kernel_vA_for_task1_ARCACHE   |  out|    4|          m_axi|  kernel_vA_for_task1|       pointer|
|m_axi_kernel_vA_for_task1_ARPROT    |  out|    3|          m_axi|  kernel_vA_for_task1|       pointer|
|m_axi_kernel_vA_for_task1_ARQOS     |  out|    4|          m_axi|  kernel_vA_for_task1|       pointer|
|m_axi_kernel_vA_for_task1_ARREGION  |  out|    4|          m_axi|  kernel_vA_for_task1|       pointer|
|m_axi_kernel_vA_for_task1_ARUSER    |  out|    1|          m_axi|  kernel_vA_for_task1|       pointer|
|m_axi_kernel_vA_for_task1_RVALID    |   in|    1|          m_axi|  kernel_vA_for_task1|       pointer|
|m_axi_kernel_vA_for_task1_RREADY    |  out|    1|          m_axi|  kernel_vA_for_task1|       pointer|
|m_axi_kernel_vA_for_task1_RDATA     |   in|  512|          m_axi|  kernel_vA_for_task1|       pointer|
|m_axi_kernel_vA_for_task1_RLAST     |   in|    1|          m_axi|  kernel_vA_for_task1|       pointer|
|m_axi_kernel_vA_for_task1_RID       |   in|    1|          m_axi|  kernel_vA_for_task1|       pointer|
|m_axi_kernel_vA_for_task1_RUSER     |   in|    1|          m_axi|  kernel_vA_for_task1|       pointer|
|m_axi_kernel_vA_for_task1_RRESP     |   in|    2|          m_axi|  kernel_vA_for_task1|       pointer|
|m_axi_kernel_vA_for_task1_BVALID    |   in|    1|          m_axi|  kernel_vA_for_task1|       pointer|
|m_axi_kernel_vA_for_task1_BREADY    |  out|    1|          m_axi|  kernel_vA_for_task1|       pointer|
|m_axi_kernel_vA_for_task1_BRESP     |   in|    2|          m_axi|  kernel_vA_for_task1|       pointer|
|m_axi_kernel_vA_for_task1_BID       |   in|    1|          m_axi|  kernel_vA_for_task1|       pointer|
|m_axi_kernel_vA_for_task1_BUSER     |   in|    1|          m_axi|  kernel_vA_for_task1|       pointer|
|m_axi_kernel_vA_for_task3_AWVALID   |  out|    1|          m_axi|  kernel_vA_for_task3|       pointer|
|m_axi_kernel_vA_for_task3_AWREADY   |   in|    1|          m_axi|  kernel_vA_for_task3|       pointer|
|m_axi_kernel_vA_for_task3_AWADDR    |  out|   64|          m_axi|  kernel_vA_for_task3|       pointer|
|m_axi_kernel_vA_for_task3_AWID      |  out|    1|          m_axi|  kernel_vA_for_task3|       pointer|
|m_axi_kernel_vA_for_task3_AWLEN     |  out|    8|          m_axi|  kernel_vA_for_task3|       pointer|
|m_axi_kernel_vA_for_task3_AWSIZE    |  out|    3|          m_axi|  kernel_vA_for_task3|       pointer|
|m_axi_kernel_vA_for_task3_AWBURST   |  out|    2|          m_axi|  kernel_vA_for_task3|       pointer|
|m_axi_kernel_vA_for_task3_AWLOCK    |  out|    2|          m_axi|  kernel_vA_for_task3|       pointer|
|m_axi_kernel_vA_for_task3_AWCACHE   |  out|    4|          m_axi|  kernel_vA_for_task3|       pointer|
|m_axi_kernel_vA_for_task3_AWPROT    |  out|    3|          m_axi|  kernel_vA_for_task3|       pointer|
|m_axi_kernel_vA_for_task3_AWQOS     |  out|    4|          m_axi|  kernel_vA_for_task3|       pointer|
|m_axi_kernel_vA_for_task3_AWREGION  |  out|    4|          m_axi|  kernel_vA_for_task3|       pointer|
|m_axi_kernel_vA_for_task3_AWUSER    |  out|    1|          m_axi|  kernel_vA_for_task3|       pointer|
|m_axi_kernel_vA_for_task3_WVALID    |  out|    1|          m_axi|  kernel_vA_for_task3|       pointer|
|m_axi_kernel_vA_for_task3_WREADY    |   in|    1|          m_axi|  kernel_vA_for_task3|       pointer|
|m_axi_kernel_vA_for_task3_WDATA     |  out|  512|          m_axi|  kernel_vA_for_task3|       pointer|
|m_axi_kernel_vA_for_task3_WSTRB     |  out|   64|          m_axi|  kernel_vA_for_task3|       pointer|
|m_axi_kernel_vA_for_task3_WLAST     |  out|    1|          m_axi|  kernel_vA_for_task3|       pointer|
|m_axi_kernel_vA_for_task3_WID       |  out|    1|          m_axi|  kernel_vA_for_task3|       pointer|
|m_axi_kernel_vA_for_task3_WUSER     |  out|    1|          m_axi|  kernel_vA_for_task3|       pointer|
|m_axi_kernel_vA_for_task3_ARVALID   |  out|    1|          m_axi|  kernel_vA_for_task3|       pointer|
|m_axi_kernel_vA_for_task3_ARREADY   |   in|    1|          m_axi|  kernel_vA_for_task3|       pointer|
|m_axi_kernel_vA_for_task3_ARADDR    |  out|   64|          m_axi|  kernel_vA_for_task3|       pointer|
|m_axi_kernel_vA_for_task3_ARID      |  out|    1|          m_axi|  kernel_vA_for_task3|       pointer|
|m_axi_kernel_vA_for_task3_ARLEN     |  out|    8|          m_axi|  kernel_vA_for_task3|       pointer|
|m_axi_kernel_vA_for_task3_ARSIZE    |  out|    3|          m_axi|  kernel_vA_for_task3|       pointer|
|m_axi_kernel_vA_for_task3_ARBURST   |  out|    2|          m_axi|  kernel_vA_for_task3|       pointer|
|m_axi_kernel_vA_for_task3_ARLOCK    |  out|    2|          m_axi|  kernel_vA_for_task3|       pointer|
|m_axi_kernel_vA_for_task3_ARCACHE   |  out|    4|          m_axi|  kernel_vA_for_task3|       pointer|
|m_axi_kernel_vA_for_task3_ARPROT    |  out|    3|          m_axi|  kernel_vA_for_task3|       pointer|
|m_axi_kernel_vA_for_task3_ARQOS     |  out|    4|          m_axi|  kernel_vA_for_task3|       pointer|
|m_axi_kernel_vA_for_task3_ARREGION  |  out|    4|          m_axi|  kernel_vA_for_task3|       pointer|
|m_axi_kernel_vA_for_task3_ARUSER    |  out|    1|          m_axi|  kernel_vA_for_task3|       pointer|
|m_axi_kernel_vA_for_task3_RVALID    |   in|    1|          m_axi|  kernel_vA_for_task3|       pointer|
|m_axi_kernel_vA_for_task3_RREADY    |  out|    1|          m_axi|  kernel_vA_for_task3|       pointer|
|m_axi_kernel_vA_for_task3_RDATA     |   in|  512|          m_axi|  kernel_vA_for_task3|       pointer|
|m_axi_kernel_vA_for_task3_RLAST     |   in|    1|          m_axi|  kernel_vA_for_task3|       pointer|
|m_axi_kernel_vA_for_task3_RID       |   in|    1|          m_axi|  kernel_vA_for_task3|       pointer|
|m_axi_kernel_vA_for_task3_RUSER     |   in|    1|          m_axi|  kernel_vA_for_task3|       pointer|
|m_axi_kernel_vA_for_task3_RRESP     |   in|    2|          m_axi|  kernel_vA_for_task3|       pointer|
|m_axi_kernel_vA_for_task3_BVALID    |   in|    1|          m_axi|  kernel_vA_for_task3|       pointer|
|m_axi_kernel_vA_for_task3_BREADY    |  out|    1|          m_axi|  kernel_vA_for_task3|       pointer|
|m_axi_kernel_vA_for_task3_BRESP     |   in|    2|          m_axi|  kernel_vA_for_task3|       pointer|
|m_axi_kernel_vA_for_task3_BID       |   in|    1|          m_axi|  kernel_vA_for_task3|       pointer|
|m_axi_kernel_vA_for_task3_BUSER     |   in|    1|          m_axi|  kernel_vA_for_task3|       pointer|
|m_axi_kernel_vp_for_task3_AWVALID   |  out|    1|          m_axi|  kernel_vp_for_task3|       pointer|
|m_axi_kernel_vp_for_task3_AWREADY   |   in|    1|          m_axi|  kernel_vp_for_task3|       pointer|
|m_axi_kernel_vp_for_task3_AWADDR    |  out|   64|          m_axi|  kernel_vp_for_task3|       pointer|
|m_axi_kernel_vp_for_task3_AWID      |  out|    1|          m_axi|  kernel_vp_for_task3|       pointer|
|m_axi_kernel_vp_for_task3_AWLEN     |  out|    8|          m_axi|  kernel_vp_for_task3|       pointer|
|m_axi_kernel_vp_for_task3_AWSIZE    |  out|    3|          m_axi|  kernel_vp_for_task3|       pointer|
|m_axi_kernel_vp_for_task3_AWBURST   |  out|    2|          m_axi|  kernel_vp_for_task3|       pointer|
|m_axi_kernel_vp_for_task3_AWLOCK    |  out|    2|          m_axi|  kernel_vp_for_task3|       pointer|
|m_axi_kernel_vp_for_task3_AWCACHE   |  out|    4|          m_axi|  kernel_vp_for_task3|       pointer|
|m_axi_kernel_vp_for_task3_AWPROT    |  out|    3|          m_axi|  kernel_vp_for_task3|       pointer|
|m_axi_kernel_vp_for_task3_AWQOS     |  out|    4|          m_axi|  kernel_vp_for_task3|       pointer|
|m_axi_kernel_vp_for_task3_AWREGION  |  out|    4|          m_axi|  kernel_vp_for_task3|       pointer|
|m_axi_kernel_vp_for_task3_AWUSER    |  out|    1|          m_axi|  kernel_vp_for_task3|       pointer|
|m_axi_kernel_vp_for_task3_WVALID    |  out|    1|          m_axi|  kernel_vp_for_task3|       pointer|
|m_axi_kernel_vp_for_task3_WREADY    |   in|    1|          m_axi|  kernel_vp_for_task3|       pointer|
|m_axi_kernel_vp_for_task3_WDATA     |  out|  512|          m_axi|  kernel_vp_for_task3|       pointer|
|m_axi_kernel_vp_for_task3_WSTRB     |  out|   64|          m_axi|  kernel_vp_for_task3|       pointer|
|m_axi_kernel_vp_for_task3_WLAST     |  out|    1|          m_axi|  kernel_vp_for_task3|       pointer|
|m_axi_kernel_vp_for_task3_WID       |  out|    1|          m_axi|  kernel_vp_for_task3|       pointer|
|m_axi_kernel_vp_for_task3_WUSER     |  out|    1|          m_axi|  kernel_vp_for_task3|       pointer|
|m_axi_kernel_vp_for_task3_ARVALID   |  out|    1|          m_axi|  kernel_vp_for_task3|       pointer|
|m_axi_kernel_vp_for_task3_ARREADY   |   in|    1|          m_axi|  kernel_vp_for_task3|       pointer|
|m_axi_kernel_vp_for_task3_ARADDR    |  out|   64|          m_axi|  kernel_vp_for_task3|       pointer|
|m_axi_kernel_vp_for_task3_ARID      |  out|    1|          m_axi|  kernel_vp_for_task3|       pointer|
|m_axi_kernel_vp_for_task3_ARLEN     |  out|    8|          m_axi|  kernel_vp_for_task3|       pointer|
|m_axi_kernel_vp_for_task3_ARSIZE    |  out|    3|          m_axi|  kernel_vp_for_task3|       pointer|
|m_axi_kernel_vp_for_task3_ARBURST   |  out|    2|          m_axi|  kernel_vp_for_task3|       pointer|
|m_axi_kernel_vp_for_task3_ARLOCK    |  out|    2|          m_axi|  kernel_vp_for_task3|       pointer|
|m_axi_kernel_vp_for_task3_ARCACHE   |  out|    4|          m_axi|  kernel_vp_for_task3|       pointer|
|m_axi_kernel_vp_for_task3_ARPROT    |  out|    3|          m_axi|  kernel_vp_for_task3|       pointer|
|m_axi_kernel_vp_for_task3_ARQOS     |  out|    4|          m_axi|  kernel_vp_for_task3|       pointer|
|m_axi_kernel_vp_for_task3_ARREGION  |  out|    4|          m_axi|  kernel_vp_for_task3|       pointer|
|m_axi_kernel_vp_for_task3_ARUSER    |  out|    1|          m_axi|  kernel_vp_for_task3|       pointer|
|m_axi_kernel_vp_for_task3_RVALID    |   in|    1|          m_axi|  kernel_vp_for_task3|       pointer|
|m_axi_kernel_vp_for_task3_RREADY    |  out|    1|          m_axi|  kernel_vp_for_task3|       pointer|
|m_axi_kernel_vp_for_task3_RDATA     |   in|  512|          m_axi|  kernel_vp_for_task3|       pointer|
|m_axi_kernel_vp_for_task3_RLAST     |   in|    1|          m_axi|  kernel_vp_for_task3|       pointer|
|m_axi_kernel_vp_for_task3_RID       |   in|    1|          m_axi|  kernel_vp_for_task3|       pointer|
|m_axi_kernel_vp_for_task3_RUSER     |   in|    1|          m_axi|  kernel_vp_for_task3|       pointer|
|m_axi_kernel_vp_for_task3_RRESP     |   in|    2|          m_axi|  kernel_vp_for_task3|       pointer|
|m_axi_kernel_vp_for_task3_BVALID    |   in|    1|          m_axi|  kernel_vp_for_task3|       pointer|
|m_axi_kernel_vp_for_task3_BREADY    |  out|    1|          m_axi|  kernel_vp_for_task3|       pointer|
|m_axi_kernel_vp_for_task3_BRESP     |   in|    2|          m_axi|  kernel_vp_for_task3|       pointer|
|m_axi_kernel_vp_for_task3_BID       |   in|    1|          m_axi|  kernel_vp_for_task3|       pointer|
|m_axi_kernel_vp_for_task3_BUSER     |   in|    1|          m_axi|  kernel_vp_for_task3|       pointer|
|m_axi_kernel_vq_for_task3_AWVALID   |  out|    1|          m_axi|  kernel_vq_for_task3|       pointer|
|m_axi_kernel_vq_for_task3_AWREADY   |   in|    1|          m_axi|  kernel_vq_for_task3|       pointer|
|m_axi_kernel_vq_for_task3_AWADDR    |  out|   64|          m_axi|  kernel_vq_for_task3|       pointer|
|m_axi_kernel_vq_for_task3_AWID      |  out|    1|          m_axi|  kernel_vq_for_task3|       pointer|
|m_axi_kernel_vq_for_task3_AWLEN     |  out|    8|          m_axi|  kernel_vq_for_task3|       pointer|
|m_axi_kernel_vq_for_task3_AWSIZE    |  out|    3|          m_axi|  kernel_vq_for_task3|       pointer|
|m_axi_kernel_vq_for_task3_AWBURST   |  out|    2|          m_axi|  kernel_vq_for_task3|       pointer|
|m_axi_kernel_vq_for_task3_AWLOCK    |  out|    2|          m_axi|  kernel_vq_for_task3|       pointer|
|m_axi_kernel_vq_for_task3_AWCACHE   |  out|    4|          m_axi|  kernel_vq_for_task3|       pointer|
|m_axi_kernel_vq_for_task3_AWPROT    |  out|    3|          m_axi|  kernel_vq_for_task3|       pointer|
|m_axi_kernel_vq_for_task3_AWQOS     |  out|    4|          m_axi|  kernel_vq_for_task3|       pointer|
|m_axi_kernel_vq_for_task3_AWREGION  |  out|    4|          m_axi|  kernel_vq_for_task3|       pointer|
|m_axi_kernel_vq_for_task3_AWUSER    |  out|    1|          m_axi|  kernel_vq_for_task3|       pointer|
|m_axi_kernel_vq_for_task3_WVALID    |  out|    1|          m_axi|  kernel_vq_for_task3|       pointer|
|m_axi_kernel_vq_for_task3_WREADY    |   in|    1|          m_axi|  kernel_vq_for_task3|       pointer|
|m_axi_kernel_vq_for_task3_WDATA     |  out|   64|          m_axi|  kernel_vq_for_task3|       pointer|
|m_axi_kernel_vq_for_task3_WSTRB     |  out|    8|          m_axi|  kernel_vq_for_task3|       pointer|
|m_axi_kernel_vq_for_task3_WLAST     |  out|    1|          m_axi|  kernel_vq_for_task3|       pointer|
|m_axi_kernel_vq_for_task3_WID       |  out|    1|          m_axi|  kernel_vq_for_task3|       pointer|
|m_axi_kernel_vq_for_task3_WUSER     |  out|    1|          m_axi|  kernel_vq_for_task3|       pointer|
|m_axi_kernel_vq_for_task3_ARVALID   |  out|    1|          m_axi|  kernel_vq_for_task3|       pointer|
|m_axi_kernel_vq_for_task3_ARREADY   |   in|    1|          m_axi|  kernel_vq_for_task3|       pointer|
|m_axi_kernel_vq_for_task3_ARADDR    |  out|   64|          m_axi|  kernel_vq_for_task3|       pointer|
|m_axi_kernel_vq_for_task3_ARID      |  out|    1|          m_axi|  kernel_vq_for_task3|       pointer|
|m_axi_kernel_vq_for_task3_ARLEN     |  out|    8|          m_axi|  kernel_vq_for_task3|       pointer|
|m_axi_kernel_vq_for_task3_ARSIZE    |  out|    3|          m_axi|  kernel_vq_for_task3|       pointer|
|m_axi_kernel_vq_for_task3_ARBURST   |  out|    2|          m_axi|  kernel_vq_for_task3|       pointer|
|m_axi_kernel_vq_for_task3_ARLOCK    |  out|    2|          m_axi|  kernel_vq_for_task3|       pointer|
|m_axi_kernel_vq_for_task3_ARCACHE   |  out|    4|          m_axi|  kernel_vq_for_task3|       pointer|
|m_axi_kernel_vq_for_task3_ARPROT    |  out|    3|          m_axi|  kernel_vq_for_task3|       pointer|
|m_axi_kernel_vq_for_task3_ARQOS     |  out|    4|          m_axi|  kernel_vq_for_task3|       pointer|
|m_axi_kernel_vq_for_task3_ARREGION  |  out|    4|          m_axi|  kernel_vq_for_task3|       pointer|
|m_axi_kernel_vq_for_task3_ARUSER    |  out|    1|          m_axi|  kernel_vq_for_task3|       pointer|
|m_axi_kernel_vq_for_task3_RVALID    |   in|    1|          m_axi|  kernel_vq_for_task3|       pointer|
|m_axi_kernel_vq_for_task3_RREADY    |  out|    1|          m_axi|  kernel_vq_for_task3|       pointer|
|m_axi_kernel_vq_for_task3_RDATA     |   in|   64|          m_axi|  kernel_vq_for_task3|       pointer|
|m_axi_kernel_vq_for_task3_RLAST     |   in|    1|          m_axi|  kernel_vq_for_task3|       pointer|
|m_axi_kernel_vq_for_task3_RID       |   in|    1|          m_axi|  kernel_vq_for_task3|       pointer|
|m_axi_kernel_vq_for_task3_RUSER     |   in|    1|          m_axi|  kernel_vq_for_task3|       pointer|
|m_axi_kernel_vq_for_task3_RRESP     |   in|    2|          m_axi|  kernel_vq_for_task3|       pointer|
|m_axi_kernel_vq_for_task3_BVALID    |   in|    1|          m_axi|  kernel_vq_for_task3|       pointer|
|m_axi_kernel_vq_for_task3_BREADY    |  out|    1|          m_axi|  kernel_vq_for_task3|       pointer|
|m_axi_kernel_vq_for_task3_BRESP     |   in|    2|          m_axi|  kernel_vq_for_task3|       pointer|
|m_axi_kernel_vq_for_task3_BID       |   in|    1|          m_axi|  kernel_vq_for_task3|       pointer|
|m_axi_kernel_vq_for_task3_BUSER     |   in|    1|          m_axi|  kernel_vq_for_task3|       pointer|
|m_axi_kernel_vr_for_task1_AWVALID   |  out|    1|          m_axi|  kernel_vr_for_task1|       pointer|
|m_axi_kernel_vr_for_task1_AWREADY   |   in|    1|          m_axi|  kernel_vr_for_task1|       pointer|
|m_axi_kernel_vr_for_task1_AWADDR    |  out|   64|          m_axi|  kernel_vr_for_task1|       pointer|
|m_axi_kernel_vr_for_task1_AWID      |  out|    1|          m_axi|  kernel_vr_for_task1|       pointer|
|m_axi_kernel_vr_for_task1_AWLEN     |  out|    8|          m_axi|  kernel_vr_for_task1|       pointer|
|m_axi_kernel_vr_for_task1_AWSIZE    |  out|    3|          m_axi|  kernel_vr_for_task1|       pointer|
|m_axi_kernel_vr_for_task1_AWBURST   |  out|    2|          m_axi|  kernel_vr_for_task1|       pointer|
|m_axi_kernel_vr_for_task1_AWLOCK    |  out|    2|          m_axi|  kernel_vr_for_task1|       pointer|
|m_axi_kernel_vr_for_task1_AWCACHE   |  out|    4|          m_axi|  kernel_vr_for_task1|       pointer|
|m_axi_kernel_vr_for_task1_AWPROT    |  out|    3|          m_axi|  kernel_vr_for_task1|       pointer|
|m_axi_kernel_vr_for_task1_AWQOS     |  out|    4|          m_axi|  kernel_vr_for_task1|       pointer|
|m_axi_kernel_vr_for_task1_AWREGION  |  out|    4|          m_axi|  kernel_vr_for_task1|       pointer|
|m_axi_kernel_vr_for_task1_AWUSER    |  out|    1|          m_axi|  kernel_vr_for_task1|       pointer|
|m_axi_kernel_vr_for_task1_WVALID    |  out|    1|          m_axi|  kernel_vr_for_task1|       pointer|
|m_axi_kernel_vr_for_task1_WREADY    |   in|    1|          m_axi|  kernel_vr_for_task1|       pointer|
|m_axi_kernel_vr_for_task1_WDATA     |  out|  512|          m_axi|  kernel_vr_for_task1|       pointer|
|m_axi_kernel_vr_for_task1_WSTRB     |  out|   64|          m_axi|  kernel_vr_for_task1|       pointer|
|m_axi_kernel_vr_for_task1_WLAST     |  out|    1|          m_axi|  kernel_vr_for_task1|       pointer|
|m_axi_kernel_vr_for_task1_WID       |  out|    1|          m_axi|  kernel_vr_for_task1|       pointer|
|m_axi_kernel_vr_for_task1_WUSER     |  out|    1|          m_axi|  kernel_vr_for_task1|       pointer|
|m_axi_kernel_vr_for_task1_ARVALID   |  out|    1|          m_axi|  kernel_vr_for_task1|       pointer|
|m_axi_kernel_vr_for_task1_ARREADY   |   in|    1|          m_axi|  kernel_vr_for_task1|       pointer|
|m_axi_kernel_vr_for_task1_ARADDR    |  out|   64|          m_axi|  kernel_vr_for_task1|       pointer|
|m_axi_kernel_vr_for_task1_ARID      |  out|    1|          m_axi|  kernel_vr_for_task1|       pointer|
|m_axi_kernel_vr_for_task1_ARLEN     |  out|    8|          m_axi|  kernel_vr_for_task1|       pointer|
|m_axi_kernel_vr_for_task1_ARSIZE    |  out|    3|          m_axi|  kernel_vr_for_task1|       pointer|
|m_axi_kernel_vr_for_task1_ARBURST   |  out|    2|          m_axi|  kernel_vr_for_task1|       pointer|
|m_axi_kernel_vr_for_task1_ARLOCK    |  out|    2|          m_axi|  kernel_vr_for_task1|       pointer|
|m_axi_kernel_vr_for_task1_ARCACHE   |  out|    4|          m_axi|  kernel_vr_for_task1|       pointer|
|m_axi_kernel_vr_for_task1_ARPROT    |  out|    3|          m_axi|  kernel_vr_for_task1|       pointer|
|m_axi_kernel_vr_for_task1_ARQOS     |  out|    4|          m_axi|  kernel_vr_for_task1|       pointer|
|m_axi_kernel_vr_for_task1_ARREGION  |  out|    4|          m_axi|  kernel_vr_for_task1|       pointer|
|m_axi_kernel_vr_for_task1_ARUSER    |  out|    1|          m_axi|  kernel_vr_for_task1|       pointer|
|m_axi_kernel_vr_for_task1_RVALID    |   in|    1|          m_axi|  kernel_vr_for_task1|       pointer|
|m_axi_kernel_vr_for_task1_RREADY    |  out|    1|          m_axi|  kernel_vr_for_task1|       pointer|
|m_axi_kernel_vr_for_task1_RDATA     |   in|  512|          m_axi|  kernel_vr_for_task1|       pointer|
|m_axi_kernel_vr_for_task1_RLAST     |   in|    1|          m_axi|  kernel_vr_for_task1|       pointer|
|m_axi_kernel_vr_for_task1_RID       |   in|    1|          m_axi|  kernel_vr_for_task1|       pointer|
|m_axi_kernel_vr_for_task1_RUSER     |   in|    1|          m_axi|  kernel_vr_for_task1|       pointer|
|m_axi_kernel_vr_for_task1_RRESP     |   in|    2|          m_axi|  kernel_vr_for_task1|       pointer|
|m_axi_kernel_vr_for_task1_BVALID    |   in|    1|          m_axi|  kernel_vr_for_task1|       pointer|
|m_axi_kernel_vr_for_task1_BREADY    |  out|    1|          m_axi|  kernel_vr_for_task1|       pointer|
|m_axi_kernel_vr_for_task1_BRESP     |   in|    2|          m_axi|  kernel_vr_for_task1|       pointer|
|m_axi_kernel_vr_for_task1_BID       |   in|    1|          m_axi|  kernel_vr_for_task1|       pointer|
|m_axi_kernel_vr_for_task1_BUSER     |   in|    1|          m_axi|  kernel_vr_for_task1|       pointer|
|m_axi_kernel_vs_for_task1_AWVALID   |  out|    1|          m_axi|  kernel_vs_for_task1|       pointer|
|m_axi_kernel_vs_for_task1_AWREADY   |   in|    1|          m_axi|  kernel_vs_for_task1|       pointer|
|m_axi_kernel_vs_for_task1_AWADDR    |  out|   64|          m_axi|  kernel_vs_for_task1|       pointer|
|m_axi_kernel_vs_for_task1_AWID      |  out|    1|          m_axi|  kernel_vs_for_task1|       pointer|
|m_axi_kernel_vs_for_task1_AWLEN     |  out|    8|          m_axi|  kernel_vs_for_task1|       pointer|
|m_axi_kernel_vs_for_task1_AWSIZE    |  out|    3|          m_axi|  kernel_vs_for_task1|       pointer|
|m_axi_kernel_vs_for_task1_AWBURST   |  out|    2|          m_axi|  kernel_vs_for_task1|       pointer|
|m_axi_kernel_vs_for_task1_AWLOCK    |  out|    2|          m_axi|  kernel_vs_for_task1|       pointer|
|m_axi_kernel_vs_for_task1_AWCACHE   |  out|    4|          m_axi|  kernel_vs_for_task1|       pointer|
|m_axi_kernel_vs_for_task1_AWPROT    |  out|    3|          m_axi|  kernel_vs_for_task1|       pointer|
|m_axi_kernel_vs_for_task1_AWQOS     |  out|    4|          m_axi|  kernel_vs_for_task1|       pointer|
|m_axi_kernel_vs_for_task1_AWREGION  |  out|    4|          m_axi|  kernel_vs_for_task1|       pointer|
|m_axi_kernel_vs_for_task1_AWUSER    |  out|    1|          m_axi|  kernel_vs_for_task1|       pointer|
|m_axi_kernel_vs_for_task1_WVALID    |  out|    1|          m_axi|  kernel_vs_for_task1|       pointer|
|m_axi_kernel_vs_for_task1_WREADY    |   in|    1|          m_axi|  kernel_vs_for_task1|       pointer|
|m_axi_kernel_vs_for_task1_WDATA     |  out|  512|          m_axi|  kernel_vs_for_task1|       pointer|
|m_axi_kernel_vs_for_task1_WSTRB     |  out|   64|          m_axi|  kernel_vs_for_task1|       pointer|
|m_axi_kernel_vs_for_task1_WLAST     |  out|    1|          m_axi|  kernel_vs_for_task1|       pointer|
|m_axi_kernel_vs_for_task1_WID       |  out|    1|          m_axi|  kernel_vs_for_task1|       pointer|
|m_axi_kernel_vs_for_task1_WUSER     |  out|    1|          m_axi|  kernel_vs_for_task1|       pointer|
|m_axi_kernel_vs_for_task1_ARVALID   |  out|    1|          m_axi|  kernel_vs_for_task1|       pointer|
|m_axi_kernel_vs_for_task1_ARREADY   |   in|    1|          m_axi|  kernel_vs_for_task1|       pointer|
|m_axi_kernel_vs_for_task1_ARADDR    |  out|   64|          m_axi|  kernel_vs_for_task1|       pointer|
|m_axi_kernel_vs_for_task1_ARID      |  out|    1|          m_axi|  kernel_vs_for_task1|       pointer|
|m_axi_kernel_vs_for_task1_ARLEN     |  out|    8|          m_axi|  kernel_vs_for_task1|       pointer|
|m_axi_kernel_vs_for_task1_ARSIZE    |  out|    3|          m_axi|  kernel_vs_for_task1|       pointer|
|m_axi_kernel_vs_for_task1_ARBURST   |  out|    2|          m_axi|  kernel_vs_for_task1|       pointer|
|m_axi_kernel_vs_for_task1_ARLOCK    |  out|    2|          m_axi|  kernel_vs_for_task1|       pointer|
|m_axi_kernel_vs_for_task1_ARCACHE   |  out|    4|          m_axi|  kernel_vs_for_task1|       pointer|
|m_axi_kernel_vs_for_task1_ARPROT    |  out|    3|          m_axi|  kernel_vs_for_task1|       pointer|
|m_axi_kernel_vs_for_task1_ARQOS     |  out|    4|          m_axi|  kernel_vs_for_task1|       pointer|
|m_axi_kernel_vs_for_task1_ARREGION  |  out|    4|          m_axi|  kernel_vs_for_task1|       pointer|
|m_axi_kernel_vs_for_task1_ARUSER    |  out|    1|          m_axi|  kernel_vs_for_task1|       pointer|
|m_axi_kernel_vs_for_task1_RVALID    |   in|    1|          m_axi|  kernel_vs_for_task1|       pointer|
|m_axi_kernel_vs_for_task1_RREADY    |  out|    1|          m_axi|  kernel_vs_for_task1|       pointer|
|m_axi_kernel_vs_for_task1_RDATA     |   in|  512|          m_axi|  kernel_vs_for_task1|       pointer|
|m_axi_kernel_vs_for_task1_RLAST     |   in|    1|          m_axi|  kernel_vs_for_task1|       pointer|
|m_axi_kernel_vs_for_task1_RID       |   in|    1|          m_axi|  kernel_vs_for_task1|       pointer|
|m_axi_kernel_vs_for_task1_RUSER     |   in|    1|          m_axi|  kernel_vs_for_task1|       pointer|
|m_axi_kernel_vs_for_task1_RRESP     |   in|    2|          m_axi|  kernel_vs_for_task1|       pointer|
|m_axi_kernel_vs_for_task1_BVALID    |   in|    1|          m_axi|  kernel_vs_for_task1|       pointer|
|m_axi_kernel_vs_for_task1_BREADY    |  out|    1|          m_axi|  kernel_vs_for_task1|       pointer|
|m_axi_kernel_vs_for_task1_BRESP     |   in|    2|          m_axi|  kernel_vs_for_task1|       pointer|
|m_axi_kernel_vs_for_task1_BID       |   in|    1|          m_axi|  kernel_vs_for_task1|       pointer|
|m_axi_kernel_vs_for_task1_BUSER     |   in|    1|          m_axi|  kernel_vs_for_task1|       pointer|
+------------------------------------+-----+-----+---------------+---------------------+--------------+

