

================================================================
== Vitis HLS Report for 'read_A_FT1'
================================================================
* Date:           Thu Dec 19 22:13:07 2024

* Version:        2023.2 (Build 4023990 on Oct 11 2023)
* Project:        kernel_nlp_slr0
* Solution:       solution (Vitis Kernel Flow Target)
* Product family: virtexuplusHBM
* Target device:  xcu55c-fsvh2892-2L-e


================================================================
== Performance Estimates
================================================================
+ Timing: 
    * Summary: 
    +--------+---------+----------+------------+
    |  Clock |  Target | Estimated| Uncertainty|
    +--------+---------+----------+------------+
    |ap_clk  |  4.55 ns|  2.440 ns|     1.23 ns|
    +--------+---------+----------+------------+

+ Latency: 
    * Summary: 
    +---------+---------+----------+----------+-----+-----+---------+
    |  Latency (cycles) |  Latency (absolute) |  Interval | Pipeline|
    |   min   |   max   |    min   |    max   | min | max |   Type  |
    +---------+---------+----------+----------+-----+-----+---------+
    |      252|      252|  1.145 us|  1.145 us|  252|  252|       no|
    +---------+---------+----------+----------+-----+-----+---------+

    + Detail: 
        * Instance: 
        N/A

        * Loop: 
        +-------------------------------------+---------+---------+----------+-----------+-----------+------+----------+
        |                                     |  Latency (cycles) | Iteration|  Initiation Interval  | Trip |          |
        |              Loop Name              |   min   |   max   |  Latency |  achieved |   target  | Count| Pipelined|
        +-------------------------------------+---------+---------+----------+-----------+-----------+------+----------+
        |- VITIS_LOOP_634_1_VITIS_LOOP_635_2  |      250|      250|         2|          1|          1|   250|       yes|
        +-------------------------------------+---------+---------+----------+-----------+-----------+------+----------+



================================================================
== Utilization Estimates
================================================================
* Summary: 
+---------------------+---------+------+---------+---------+-----+
|         Name        | BRAM_18K|  DSP |    FF   |   LUT   | URAM|
+---------------------+---------+------+---------+---------+-----+
|DSP                  |        -|     -|        -|        -|    -|
|Expression           |        -|     -|        0|       91|    -|
|FIFO                 |        -|     -|        -|        -|    -|
|Instance             |        -|     -|        -|        -|    -|
|Memory               |        -|     -|        -|        -|    -|
|Multiplexer          |        -|     -|        -|       63|    -|
|Register             |        -|     -|       24|        -|    -|
+---------------------+---------+------+---------+---------+-----+
|Total                |        0|     0|       24|      154|    0|
+---------------------+---------+------+---------+---------+-----+
|Available SLR        |     1344|  3008|   869120|   434560|  320|
+---------------------+---------+------+---------+---------+-----+
|Utilization SLR (%)  |        0|     0|       ~0|       ~0|    0|
+---------------------+---------+------+---------+---------+-----+
|Available            |     4032|  9024|  2607360|  1303680|  960|
+---------------------+---------+------+---------+---------+-----+
|Utilization (%)      |        0|     0|       ~0|       ~0|    0|
+---------------------+---------+------+---------+---------+-----+

+ Detail: 
    * Instance: 
    N/A

    * DSP: 
    N/A

    * Memory: 
    N/A

    * FIFO: 
    N/A

    * Expression: 
    +---------------------------+----------+----+---+----+------------+------------+
    |       Variable Name       | Operation| DSP| FF| LUT| Bitwidth P0| Bitwidth P1|
    +---------------------------+----------+----+---+----+------------+------------+
    |add_ln634_2_fu_2599_p2     |         +|   0|  0|  12|           4|           1|
    |add_ln634_fu_2568_p2       |         +|   0|  0|  15|           8|           1|
    |add_ln635_fu_3165_p2       |         +|   0|  0|  16|           9|           5|
    |ap_block_pp0_stage0_11001  |       and|   0|  0|   2|           1|           1|
    |icmp_ln634_fu_2562_p2      |      icmp|   0|  0|  15|           8|           4|
    |icmp_ln635_fu_2585_p2      |      icmp|   0|  0|  16|           9|           8|
    |select_ln634_2_fu_2605_p3  |    select|   0|  0|   4|           1|           4|
    |select_ln634_fu_2591_p3    |    select|   0|  0|   9|           1|           9|
    |ap_enable_pp0              |       xor|   0|  0|   2|           1|           2|
    +---------------------------+----------+----+---+----+------------+------------+
    |Total                      |          |   0|  0|  91|          42|          35|
    +---------------------------+----------+----+---+----+------------+------------+

    * Multiplexer: 
    +--------------------------------------+----+-----------+-----+-----------+
    |                 Name                 | LUT| Input Size| Bits| Total Bits|
    +--------------------------------------+----+-----------+-----+-----------+
    |ap_done_int                           |   9|          2|    1|          2|
    |ap_enable_reg_pp0_iter1               |   9|          2|    1|          2|
    |ap_sig_allocacmp_indvar_flatten_load  |   9|          2|    8|         16|
    |d0_fu_450                             |   9|          2|    4|          8|
    |d1_fu_446                             |   9|          2|    9|         18|
    |fifo_A_from_off_chip_to_S3_blk_n      |   9|          2|    1|          2|
    |indvar_flatten_fu_454                 |   9|          2|    8|         16|
    +--------------------------------------+----+-----------+-----+-----------+
    |Total                                 |  63|         14|   32|         64|
    +--------------------------------------+----+-----------+-----+-----------+

    * Register: 
    +-------------------------+---+----+-----+-----------+
    |           Name          | FF| LUT| Bits| Const Bits|
    +-------------------------+---+----+-----+-----------+
    |ap_CS_fsm                |  1|   0|    1|          0|
    |ap_done_reg              |  1|   0|    1|          0|
    |ap_enable_reg_pp0_iter1  |  1|   0|    1|          0|
    |d0_fu_450                |  4|   0|    4|          0|
    |d1_fu_446                |  9|   0|    9|          0|
    |indvar_flatten_fu_454    |  8|   0|    8|          0|
    +-------------------------+---+----+-----+-----------+
    |Total                    | 24|   0|   24|          0|
    +-------------------------+---+----+-----+-----------+



================================================================
== Interface
================================================================
* Summary: 
+-------------------------------------------+-----+-----+------------+----------------------------+--------------+
|                 RTL Ports                 | Dir | Bits|  Protocol  |        Source Object       |    C Type    |
+-------------------------------------------+-----+-----+------------+----------------------------+--------------+
|ap_clk                                     |   in|    1|  ap_ctrl_hs|                  read_A_FT1|  return value|
|ap_rst                                     |   in|    1|  ap_ctrl_hs|                  read_A_FT1|  return value|
|ap_start                                   |   in|    1|  ap_ctrl_hs|                  read_A_FT1|  return value|
|ap_done                                    |  out|    1|  ap_ctrl_hs|                  read_A_FT1|  return value|
|ap_idle                                    |  out|    1|  ap_ctrl_hs|                  read_A_FT1|  return value|
|ap_ready                                   |  out|    1|  ap_ctrl_hs|                  read_A_FT1|  return value|
|fifo_A_from_off_chip_to_S3_dout            |   in|  512|     ap_fifo|  fifo_A_from_off_chip_to_S3|       pointer|
|fifo_A_from_off_chip_to_S3_num_data_valid  |   in|   11|     ap_fifo|  fifo_A_from_off_chip_to_S3|       pointer|
|fifo_A_from_off_chip_to_S3_fifo_cap        |   in|   11|     ap_fifo|  fifo_A_from_off_chip_to_S3|       pointer|
|fifo_A_from_off_chip_to_S3_empty_n         |   in|    1|     ap_fifo|  fifo_A_from_off_chip_to_S3|       pointer|
|fifo_A_from_off_chip_to_S3_read            |  out|    1|     ap_fifo|  fifo_A_from_off_chip_to_S3|       pointer|
|A_0_0_0_address0                           |  out|    5|   ap_memory|                     A_0_0_0|         array|
|A_0_0_0_ce0                                |  out|    1|   ap_memory|                     A_0_0_0|         array|
|A_0_0_0_we0                                |  out|    1|   ap_memory|                     A_0_0_0|         array|
|A_0_0_0_d0                                 |  out|   32|   ap_memory|                     A_0_0_0|         array|
|A_0_1_0_address0                           |  out|    5|   ap_memory|                     A_0_1_0|         array|
|A_0_1_0_ce0                                |  out|    1|   ap_memory|                     A_0_1_0|         array|
|A_0_1_0_we0                                |  out|    1|   ap_memory|                     A_0_1_0|         array|
|A_0_1_0_d0                                 |  out|   32|   ap_memory|                     A_0_1_0|         array|
|A_0_2_0_address0                           |  out|    5|   ap_memory|                     A_0_2_0|         array|
|A_0_2_0_ce0                                |  out|    1|   ap_memory|                     A_0_2_0|         array|
|A_0_2_0_we0                                |  out|    1|   ap_memory|                     A_0_2_0|         array|
|A_0_2_0_d0                                 |  out|   32|   ap_memory|                     A_0_2_0|         array|
|A_0_3_0_address0                           |  out|    5|   ap_memory|                     A_0_3_0|         array|
|A_0_3_0_ce0                                |  out|    1|   ap_memory|                     A_0_3_0|         array|
|A_0_3_0_we0                                |  out|    1|   ap_memory|                     A_0_3_0|         array|
|A_0_3_0_d0                                 |  out|   32|   ap_memory|                     A_0_3_0|         array|
|A_0_4_0_address0                           |  out|    5|   ap_memory|                     A_0_4_0|         array|
|A_0_4_0_ce0                                |  out|    1|   ap_memory|                     A_0_4_0|         array|
|A_0_4_0_we0                                |  out|    1|   ap_memory|                     A_0_4_0|         array|
|A_0_4_0_d0                                 |  out|   32|   ap_memory|                     A_0_4_0|         array|
|A_0_5_0_address0                           |  out|    5|   ap_memory|                     A_0_5_0|         array|
|A_0_5_0_ce0                                |  out|    1|   ap_memory|                     A_0_5_0|         array|
|A_0_5_0_we0                                |  out|    1|   ap_memory|                     A_0_5_0|         array|
|A_0_5_0_d0                                 |  out|   32|   ap_memory|                     A_0_5_0|         array|
|A_0_6_0_address0                           |  out|    5|   ap_memory|                     A_0_6_0|         array|
|A_0_6_0_ce0                                |  out|    1|   ap_memory|                     A_0_6_0|         array|
|A_0_6_0_we0                                |  out|    1|   ap_memory|                     A_0_6_0|         array|
|A_0_6_0_d0                                 |  out|   32|   ap_memory|                     A_0_6_0|         array|
|A_0_7_0_address0                           |  out|    5|   ap_memory|                     A_0_7_0|         array|
|A_0_7_0_ce0                                |  out|    1|   ap_memory|                     A_0_7_0|         array|
|A_0_7_0_we0                                |  out|    1|   ap_memory|                     A_0_7_0|         array|
|A_0_7_0_d0                                 |  out|   32|   ap_memory|                     A_0_7_0|         array|
|A_0_8_0_address0                           |  out|    5|   ap_memory|                     A_0_8_0|         array|
|A_0_8_0_ce0                                |  out|    1|   ap_memory|                     A_0_8_0|         array|
|A_0_8_0_we0                                |  out|    1|   ap_memory|                     A_0_8_0|         array|
|A_0_8_0_d0                                 |  out|   32|   ap_memory|                     A_0_8_0|         array|
|A_0_9_0_address0                           |  out|    5|   ap_memory|                     A_0_9_0|         array|
|A_0_9_0_ce0                                |  out|    1|   ap_memory|                     A_0_9_0|         array|
|A_0_9_0_we0                                |  out|    1|   ap_memory|                     A_0_9_0|         array|
|A_0_9_0_d0                                 |  out|   32|   ap_memory|                     A_0_9_0|         array|
|A_0_10_0_address0                          |  out|    5|   ap_memory|                    A_0_10_0|         array|
|A_0_10_0_ce0                               |  out|    1|   ap_memory|                    A_0_10_0|         array|
|A_0_10_0_we0                               |  out|    1|   ap_memory|                    A_0_10_0|         array|
|A_0_10_0_d0                                |  out|   32|   ap_memory|                    A_0_10_0|         array|
|A_0_11_0_address0                          |  out|    5|   ap_memory|                    A_0_11_0|         array|
|A_0_11_0_ce0                               |  out|    1|   ap_memory|                    A_0_11_0|         array|
|A_0_11_0_we0                               |  out|    1|   ap_memory|                    A_0_11_0|         array|
|A_0_11_0_d0                                |  out|   32|   ap_memory|                    A_0_11_0|         array|
|A_0_12_0_address0                          |  out|    5|   ap_memory|                    A_0_12_0|         array|
|A_0_12_0_ce0                               |  out|    1|   ap_memory|                    A_0_12_0|         array|
|A_0_12_0_we0                               |  out|    1|   ap_memory|                    A_0_12_0|         array|
|A_0_12_0_d0                                |  out|   32|   ap_memory|                    A_0_12_0|         array|
|A_0_13_0_address0                          |  out|    5|   ap_memory|                    A_0_13_0|         array|
|A_0_13_0_ce0                               |  out|    1|   ap_memory|                    A_0_13_0|         array|
|A_0_13_0_we0                               |  out|    1|   ap_memory|                    A_0_13_0|         array|
|A_0_13_0_d0                                |  out|   32|   ap_memory|                    A_0_13_0|         array|
|A_0_14_0_address0                          |  out|    5|   ap_memory|                    A_0_14_0|         array|
|A_0_14_0_ce0                               |  out|    1|   ap_memory|                    A_0_14_0|         array|
|A_0_14_0_we0                               |  out|    1|   ap_memory|                    A_0_14_0|         array|
|A_0_14_0_d0                                |  out|   32|   ap_memory|                    A_0_14_0|         array|
|A_0_15_0_address0                          |  out|    5|   ap_memory|                    A_0_15_0|         array|
|A_0_15_0_ce0                               |  out|    1|   ap_memory|                    A_0_15_0|         array|
|A_0_15_0_we0                               |  out|    1|   ap_memory|                    A_0_15_0|         array|
|A_0_15_0_d0                                |  out|   32|   ap_memory|                    A_0_15_0|         array|
|A_1_0_0_address0                           |  out|    5|   ap_memory|                     A_1_0_0|         array|
|A_1_0_0_ce0                                |  out|    1|   ap_memory|                     A_1_0_0|         array|
|A_1_0_0_we0                                |  out|    1|   ap_memory|                     A_1_0_0|         array|
|A_1_0_0_d0                                 |  out|   32|   ap_memory|                     A_1_0_0|         array|
|A_1_1_0_address0                           |  out|    5|   ap_memory|                     A_1_1_0|         array|
|A_1_1_0_ce0                                |  out|    1|   ap_memory|                     A_1_1_0|         array|
|A_1_1_0_we0                                |  out|    1|   ap_memory|                     A_1_1_0|         array|
|A_1_1_0_d0                                 |  out|   32|   ap_memory|                     A_1_1_0|         array|
|A_1_2_0_address0                           |  out|    5|   ap_memory|                     A_1_2_0|         array|
|A_1_2_0_ce0                                |  out|    1|   ap_memory|                     A_1_2_0|         array|
|A_1_2_0_we0                                |  out|    1|   ap_memory|                     A_1_2_0|         array|
|A_1_2_0_d0                                 |  out|   32|   ap_memory|                     A_1_2_0|         array|
|A_1_3_0_address0                           |  out|    5|   ap_memory|                     A_1_3_0|         array|
|A_1_3_0_ce0                                |  out|    1|   ap_memory|                     A_1_3_0|         array|
|A_1_3_0_we0                                |  out|    1|   ap_memory|                     A_1_3_0|         array|
|A_1_3_0_d0                                 |  out|   32|   ap_memory|                     A_1_3_0|         array|
|A_1_4_0_address0                           |  out|    5|   ap_memory|                     A_1_4_0|         array|
|A_1_4_0_ce0                                |  out|    1|   ap_memory|                     A_1_4_0|         array|
|A_1_4_0_we0                                |  out|    1|   ap_memory|                     A_1_4_0|         array|
|A_1_4_0_d0                                 |  out|   32|   ap_memory|                     A_1_4_0|         array|
|A_1_5_0_address0                           |  out|    5|   ap_memory|                     A_1_5_0|         array|
|A_1_5_0_ce0                                |  out|    1|   ap_memory|                     A_1_5_0|         array|
|A_1_5_0_we0                                |  out|    1|   ap_memory|                     A_1_5_0|         array|
|A_1_5_0_d0                                 |  out|   32|   ap_memory|                     A_1_5_0|         array|
|A_1_6_0_address0                           |  out|    5|   ap_memory|                     A_1_6_0|         array|
|A_1_6_0_ce0                                |  out|    1|   ap_memory|                     A_1_6_0|         array|
|A_1_6_0_we0                                |  out|    1|   ap_memory|                     A_1_6_0|         array|
|A_1_6_0_d0                                 |  out|   32|   ap_memory|                     A_1_6_0|         array|
|A_1_7_0_address0                           |  out|    5|   ap_memory|                     A_1_7_0|         array|
|A_1_7_0_ce0                                |  out|    1|   ap_memory|                     A_1_7_0|         array|
|A_1_7_0_we0                                |  out|    1|   ap_memory|                     A_1_7_0|         array|
|A_1_7_0_d0                                 |  out|   32|   ap_memory|                     A_1_7_0|         array|
|A_1_8_0_address0                           |  out|    5|   ap_memory|                     A_1_8_0|         array|
|A_1_8_0_ce0                                |  out|    1|   ap_memory|                     A_1_8_0|         array|
|A_1_8_0_we0                                |  out|    1|   ap_memory|                     A_1_8_0|         array|
|A_1_8_0_d0                                 |  out|   32|   ap_memory|                     A_1_8_0|         array|
|A_1_9_0_address0                           |  out|    5|   ap_memory|                     A_1_9_0|         array|
|A_1_9_0_ce0                                |  out|    1|   ap_memory|                     A_1_9_0|         array|
|A_1_9_0_we0                                |  out|    1|   ap_memory|                     A_1_9_0|         array|
|A_1_9_0_d0                                 |  out|   32|   ap_memory|                     A_1_9_0|         array|
|A_1_10_0_address0                          |  out|    5|   ap_memory|                    A_1_10_0|         array|
|A_1_10_0_ce0                               |  out|    1|   ap_memory|                    A_1_10_0|         array|
|A_1_10_0_we0                               |  out|    1|   ap_memory|                    A_1_10_0|         array|
|A_1_10_0_d0                                |  out|   32|   ap_memory|                    A_1_10_0|         array|
|A_1_11_0_address0                          |  out|    5|   ap_memory|                    A_1_11_0|         array|
|A_1_11_0_ce0                               |  out|    1|   ap_memory|                    A_1_11_0|         array|
|A_1_11_0_we0                               |  out|    1|   ap_memory|                    A_1_11_0|         array|
|A_1_11_0_d0                                |  out|   32|   ap_memory|                    A_1_11_0|         array|
|A_1_12_0_address0                          |  out|    5|   ap_memory|                    A_1_12_0|         array|
|A_1_12_0_ce0                               |  out|    1|   ap_memory|                    A_1_12_0|         array|
|A_1_12_0_we0                               |  out|    1|   ap_memory|                    A_1_12_0|         array|
|A_1_12_0_d0                                |  out|   32|   ap_memory|                    A_1_12_0|         array|
|A_1_13_0_address0                          |  out|    5|   ap_memory|                    A_1_13_0|         array|
|A_1_13_0_ce0                               |  out|    1|   ap_memory|                    A_1_13_0|         array|
|A_1_13_0_we0                               |  out|    1|   ap_memory|                    A_1_13_0|         array|
|A_1_13_0_d0                                |  out|   32|   ap_memory|                    A_1_13_0|         array|
|A_1_14_0_address0                          |  out|    5|   ap_memory|                    A_1_14_0|         array|
|A_1_14_0_ce0                               |  out|    1|   ap_memory|                    A_1_14_0|         array|
|A_1_14_0_we0                               |  out|    1|   ap_memory|                    A_1_14_0|         array|
|A_1_14_0_d0                                |  out|   32|   ap_memory|                    A_1_14_0|         array|
|A_1_15_0_address0                          |  out|    5|   ap_memory|                    A_1_15_0|         array|
|A_1_15_0_ce0                               |  out|    1|   ap_memory|                    A_1_15_0|         array|
|A_1_15_0_we0                               |  out|    1|   ap_memory|                    A_1_15_0|         array|
|A_1_15_0_d0                                |  out|   32|   ap_memory|                    A_1_15_0|         array|
|A_2_0_0_address0                           |  out|    5|   ap_memory|                     A_2_0_0|         array|
|A_2_0_0_ce0                                |  out|    1|   ap_memory|                     A_2_0_0|         array|
|A_2_0_0_we0                                |  out|    1|   ap_memory|                     A_2_0_0|         array|
|A_2_0_0_d0                                 |  out|   32|   ap_memory|                     A_2_0_0|         array|
|A_2_1_0_address0                           |  out|    5|   ap_memory|                     A_2_1_0|         array|
|A_2_1_0_ce0                                |  out|    1|   ap_memory|                     A_2_1_0|         array|
|A_2_1_0_we0                                |  out|    1|   ap_memory|                     A_2_1_0|         array|
|A_2_1_0_d0                                 |  out|   32|   ap_memory|                     A_2_1_0|         array|
|A_2_2_0_address0                           |  out|    5|   ap_memory|                     A_2_2_0|         array|
|A_2_2_0_ce0                                |  out|    1|   ap_memory|                     A_2_2_0|         array|
|A_2_2_0_we0                                |  out|    1|   ap_memory|                     A_2_2_0|         array|
|A_2_2_0_d0                                 |  out|   32|   ap_memory|                     A_2_2_0|         array|
|A_2_3_0_address0                           |  out|    5|   ap_memory|                     A_2_3_0|         array|
|A_2_3_0_ce0                                |  out|    1|   ap_memory|                     A_2_3_0|         array|
|A_2_3_0_we0                                |  out|    1|   ap_memory|                     A_2_3_0|         array|
|A_2_3_0_d0                                 |  out|   32|   ap_memory|                     A_2_3_0|         array|
|A_2_4_0_address0                           |  out|    5|   ap_memory|                     A_2_4_0|         array|
|A_2_4_0_ce0                                |  out|    1|   ap_memory|                     A_2_4_0|         array|
|A_2_4_0_we0                                |  out|    1|   ap_memory|                     A_2_4_0|         array|
|A_2_4_0_d0                                 |  out|   32|   ap_memory|                     A_2_4_0|         array|
|A_2_5_0_address0                           |  out|    5|   ap_memory|                     A_2_5_0|         array|
|A_2_5_0_ce0                                |  out|    1|   ap_memory|                     A_2_5_0|         array|
|A_2_5_0_we0                                |  out|    1|   ap_memory|                     A_2_5_0|         array|
|A_2_5_0_d0                                 |  out|   32|   ap_memory|                     A_2_5_0|         array|
|A_2_6_0_address0                           |  out|    5|   ap_memory|                     A_2_6_0|         array|
|A_2_6_0_ce0                                |  out|    1|   ap_memory|                     A_2_6_0|         array|
|A_2_6_0_we0                                |  out|    1|   ap_memory|                     A_2_6_0|         array|
|A_2_6_0_d0                                 |  out|   32|   ap_memory|                     A_2_6_0|         array|
|A_2_7_0_address0                           |  out|    5|   ap_memory|                     A_2_7_0|         array|
|A_2_7_0_ce0                                |  out|    1|   ap_memory|                     A_2_7_0|         array|
|A_2_7_0_we0                                |  out|    1|   ap_memory|                     A_2_7_0|         array|
|A_2_7_0_d0                                 |  out|   32|   ap_memory|                     A_2_7_0|         array|
|A_2_8_0_address0                           |  out|    5|   ap_memory|                     A_2_8_0|         array|
|A_2_8_0_ce0                                |  out|    1|   ap_memory|                     A_2_8_0|         array|
|A_2_8_0_we0                                |  out|    1|   ap_memory|                     A_2_8_0|         array|
|A_2_8_0_d0                                 |  out|   32|   ap_memory|                     A_2_8_0|         array|
|A_2_9_0_address0                           |  out|    5|   ap_memory|                     A_2_9_0|         array|
|A_2_9_0_ce0                                |  out|    1|   ap_memory|                     A_2_9_0|         array|
|A_2_9_0_we0                                |  out|    1|   ap_memory|                     A_2_9_0|         array|
|A_2_9_0_d0                                 |  out|   32|   ap_memory|                     A_2_9_0|         array|
|A_2_10_0_address0                          |  out|    5|   ap_memory|                    A_2_10_0|         array|
|A_2_10_0_ce0                               |  out|    1|   ap_memory|                    A_2_10_0|         array|
|A_2_10_0_we0                               |  out|    1|   ap_memory|                    A_2_10_0|         array|
|A_2_10_0_d0                                |  out|   32|   ap_memory|                    A_2_10_0|         array|
|A_2_11_0_address0                          |  out|    5|   ap_memory|                    A_2_11_0|         array|
|A_2_11_0_ce0                               |  out|    1|   ap_memory|                    A_2_11_0|         array|
|A_2_11_0_we0                               |  out|    1|   ap_memory|                    A_2_11_0|         array|
|A_2_11_0_d0                                |  out|   32|   ap_memory|                    A_2_11_0|         array|
|A_2_12_0_address0                          |  out|    5|   ap_memory|                    A_2_12_0|         array|
|A_2_12_0_ce0                               |  out|    1|   ap_memory|                    A_2_12_0|         array|
|A_2_12_0_we0                               |  out|    1|   ap_memory|                    A_2_12_0|         array|
|A_2_12_0_d0                                |  out|   32|   ap_memory|                    A_2_12_0|         array|
|A_2_13_0_address0                          |  out|    5|   ap_memory|                    A_2_13_0|         array|
|A_2_13_0_ce0                               |  out|    1|   ap_memory|                    A_2_13_0|         array|
|A_2_13_0_we0                               |  out|    1|   ap_memory|                    A_2_13_0|         array|
|A_2_13_0_d0                                |  out|   32|   ap_memory|                    A_2_13_0|         array|
|A_2_14_0_address0                          |  out|    5|   ap_memory|                    A_2_14_0|         array|
|A_2_14_0_ce0                               |  out|    1|   ap_memory|                    A_2_14_0|         array|
|A_2_14_0_we0                               |  out|    1|   ap_memory|                    A_2_14_0|         array|
|A_2_14_0_d0                                |  out|   32|   ap_memory|                    A_2_14_0|         array|
|A_2_15_0_address0                          |  out|    5|   ap_memory|                    A_2_15_0|         array|
|A_2_15_0_ce0                               |  out|    1|   ap_memory|                    A_2_15_0|         array|
|A_2_15_0_we0                               |  out|    1|   ap_memory|                    A_2_15_0|         array|
|A_2_15_0_d0                                |  out|   32|   ap_memory|                    A_2_15_0|         array|
|A_3_0_0_address0                           |  out|    5|   ap_memory|                     A_3_0_0|         array|
|A_3_0_0_ce0                                |  out|    1|   ap_memory|                     A_3_0_0|         array|
|A_3_0_0_we0                                |  out|    1|   ap_memory|                     A_3_0_0|         array|
|A_3_0_0_d0                                 |  out|   32|   ap_memory|                     A_3_0_0|         array|
|A_3_1_0_address0                           |  out|    5|   ap_memory|                     A_3_1_0|         array|
|A_3_1_0_ce0                                |  out|    1|   ap_memory|                     A_3_1_0|         array|
|A_3_1_0_we0                                |  out|    1|   ap_memory|                     A_3_1_0|         array|
|A_3_1_0_d0                                 |  out|   32|   ap_memory|                     A_3_1_0|         array|
|A_3_2_0_address0                           |  out|    5|   ap_memory|                     A_3_2_0|         array|
|A_3_2_0_ce0                                |  out|    1|   ap_memory|                     A_3_2_0|         array|
|A_3_2_0_we0                                |  out|    1|   ap_memory|                     A_3_2_0|         array|
|A_3_2_0_d0                                 |  out|   32|   ap_memory|                     A_3_2_0|         array|
|A_3_3_0_address0                           |  out|    5|   ap_memory|                     A_3_3_0|         array|
|A_3_3_0_ce0                                |  out|    1|   ap_memory|                     A_3_3_0|         array|
|A_3_3_0_we0                                |  out|    1|   ap_memory|                     A_3_3_0|         array|
|A_3_3_0_d0                                 |  out|   32|   ap_memory|                     A_3_3_0|         array|
|A_3_4_0_address0                           |  out|    5|   ap_memory|                     A_3_4_0|         array|
|A_3_4_0_ce0                                |  out|    1|   ap_memory|                     A_3_4_0|         array|
|A_3_4_0_we0                                |  out|    1|   ap_memory|                     A_3_4_0|         array|
|A_3_4_0_d0                                 |  out|   32|   ap_memory|                     A_3_4_0|         array|
|A_3_5_0_address0                           |  out|    5|   ap_memory|                     A_3_5_0|         array|
|A_3_5_0_ce0                                |  out|    1|   ap_memory|                     A_3_5_0|         array|
|A_3_5_0_we0                                |  out|    1|   ap_memory|                     A_3_5_0|         array|
|A_3_5_0_d0                                 |  out|   32|   ap_memory|                     A_3_5_0|         array|
|A_3_6_0_address0                           |  out|    5|   ap_memory|                     A_3_6_0|         array|
|A_3_6_0_ce0                                |  out|    1|   ap_memory|                     A_3_6_0|         array|
|A_3_6_0_we0                                |  out|    1|   ap_memory|                     A_3_6_0|         array|
|A_3_6_0_d0                                 |  out|   32|   ap_memory|                     A_3_6_0|         array|
|A_3_7_0_address0                           |  out|    5|   ap_memory|                     A_3_7_0|         array|
|A_3_7_0_ce0                                |  out|    1|   ap_memory|                     A_3_7_0|         array|
|A_3_7_0_we0                                |  out|    1|   ap_memory|                     A_3_7_0|         array|
|A_3_7_0_d0                                 |  out|   32|   ap_memory|                     A_3_7_0|         array|
|A_3_8_0_address0                           |  out|    5|   ap_memory|                     A_3_8_0|         array|
|A_3_8_0_ce0                                |  out|    1|   ap_memory|                     A_3_8_0|         array|
|A_3_8_0_we0                                |  out|    1|   ap_memory|                     A_3_8_0|         array|
|A_3_8_0_d0                                 |  out|   32|   ap_memory|                     A_3_8_0|         array|
|A_3_9_0_address0                           |  out|    5|   ap_memory|                     A_3_9_0|         array|
|A_3_9_0_ce0                                |  out|    1|   ap_memory|                     A_3_9_0|         array|
|A_3_9_0_we0                                |  out|    1|   ap_memory|                     A_3_9_0|         array|
|A_3_9_0_d0                                 |  out|   32|   ap_memory|                     A_3_9_0|         array|
|A_3_10_0_address0                          |  out|    5|   ap_memory|                    A_3_10_0|         array|
|A_3_10_0_ce0                               |  out|    1|   ap_memory|                    A_3_10_0|         array|
|A_3_10_0_we0                               |  out|    1|   ap_memory|                    A_3_10_0|         array|
|A_3_10_0_d0                                |  out|   32|   ap_memory|                    A_3_10_0|         array|
|A_3_11_0_address0                          |  out|    5|   ap_memory|                    A_3_11_0|         array|
|A_3_11_0_ce0                               |  out|    1|   ap_memory|                    A_3_11_0|         array|
|A_3_11_0_we0                               |  out|    1|   ap_memory|                    A_3_11_0|         array|
|A_3_11_0_d0                                |  out|   32|   ap_memory|                    A_3_11_0|         array|
|A_3_12_0_address0                          |  out|    5|   ap_memory|                    A_3_12_0|         array|
|A_3_12_0_ce0                               |  out|    1|   ap_memory|                    A_3_12_0|         array|
|A_3_12_0_we0                               |  out|    1|   ap_memory|                    A_3_12_0|         array|
|A_3_12_0_d0                                |  out|   32|   ap_memory|                    A_3_12_0|         array|
|A_3_13_0_address0                          |  out|    5|   ap_memory|                    A_3_13_0|         array|
|A_3_13_0_ce0                               |  out|    1|   ap_memory|                    A_3_13_0|         array|
|A_3_13_0_we0                               |  out|    1|   ap_memory|                    A_3_13_0|         array|
|A_3_13_0_d0                                |  out|   32|   ap_memory|                    A_3_13_0|         array|
|A_3_14_0_address0                          |  out|    5|   ap_memory|                    A_3_14_0|         array|
|A_3_14_0_ce0                               |  out|    1|   ap_memory|                    A_3_14_0|         array|
|A_3_14_0_we0                               |  out|    1|   ap_memory|                    A_3_14_0|         array|
|A_3_14_0_d0                                |  out|   32|   ap_memory|                    A_3_14_0|         array|
|A_3_15_0_address0                          |  out|    5|   ap_memory|                    A_3_15_0|         array|
|A_3_15_0_ce0                               |  out|    1|   ap_memory|                    A_3_15_0|         array|
|A_3_15_0_we0                               |  out|    1|   ap_memory|                    A_3_15_0|         array|
|A_3_15_0_d0                                |  out|   32|   ap_memory|                    A_3_15_0|         array|
|A_4_0_0_address0                           |  out|    5|   ap_memory|                     A_4_0_0|         array|
|A_4_0_0_ce0                                |  out|    1|   ap_memory|                     A_4_0_0|         array|
|A_4_0_0_we0                                |  out|    1|   ap_memory|                     A_4_0_0|         array|
|A_4_0_0_d0                                 |  out|   32|   ap_memory|                     A_4_0_0|         array|
|A_4_1_0_address0                           |  out|    5|   ap_memory|                     A_4_1_0|         array|
|A_4_1_0_ce0                                |  out|    1|   ap_memory|                     A_4_1_0|         array|
|A_4_1_0_we0                                |  out|    1|   ap_memory|                     A_4_1_0|         array|
|A_4_1_0_d0                                 |  out|   32|   ap_memory|                     A_4_1_0|         array|
|A_4_2_0_address0                           |  out|    5|   ap_memory|                     A_4_2_0|         array|
|A_4_2_0_ce0                                |  out|    1|   ap_memory|                     A_4_2_0|         array|
|A_4_2_0_we0                                |  out|    1|   ap_memory|                     A_4_2_0|         array|
|A_4_2_0_d0                                 |  out|   32|   ap_memory|                     A_4_2_0|         array|
|A_4_3_0_address0                           |  out|    5|   ap_memory|                     A_4_3_0|         array|
|A_4_3_0_ce0                                |  out|    1|   ap_memory|                     A_4_3_0|         array|
|A_4_3_0_we0                                |  out|    1|   ap_memory|                     A_4_3_0|         array|
|A_4_3_0_d0                                 |  out|   32|   ap_memory|                     A_4_3_0|         array|
|A_4_4_0_address0                           |  out|    5|   ap_memory|                     A_4_4_0|         array|
|A_4_4_0_ce0                                |  out|    1|   ap_memory|                     A_4_4_0|         array|
|A_4_4_0_we0                                |  out|    1|   ap_memory|                     A_4_4_0|         array|
|A_4_4_0_d0                                 |  out|   32|   ap_memory|                     A_4_4_0|         array|
|A_4_5_0_address0                           |  out|    5|   ap_memory|                     A_4_5_0|         array|
|A_4_5_0_ce0                                |  out|    1|   ap_memory|                     A_4_5_0|         array|
|A_4_5_0_we0                                |  out|    1|   ap_memory|                     A_4_5_0|         array|
|A_4_5_0_d0                                 |  out|   32|   ap_memory|                     A_4_5_0|         array|
|A_4_6_0_address0                           |  out|    5|   ap_memory|                     A_4_6_0|         array|
|A_4_6_0_ce0                                |  out|    1|   ap_memory|                     A_4_6_0|         array|
|A_4_6_0_we0                                |  out|    1|   ap_memory|                     A_4_6_0|         array|
|A_4_6_0_d0                                 |  out|   32|   ap_memory|                     A_4_6_0|         array|
|A_4_7_0_address0                           |  out|    5|   ap_memory|                     A_4_7_0|         array|
|A_4_7_0_ce0                                |  out|    1|   ap_memory|                     A_4_7_0|         array|
|A_4_7_0_we0                                |  out|    1|   ap_memory|                     A_4_7_0|         array|
|A_4_7_0_d0                                 |  out|   32|   ap_memory|                     A_4_7_0|         array|
|A_4_8_0_address0                           |  out|    5|   ap_memory|                     A_4_8_0|         array|
|A_4_8_0_ce0                                |  out|    1|   ap_memory|                     A_4_8_0|         array|
|A_4_8_0_we0                                |  out|    1|   ap_memory|                     A_4_8_0|         array|
|A_4_8_0_d0                                 |  out|   32|   ap_memory|                     A_4_8_0|         array|
|A_4_9_0_address0                           |  out|    5|   ap_memory|                     A_4_9_0|         array|
|A_4_9_0_ce0                                |  out|    1|   ap_memory|                     A_4_9_0|         array|
|A_4_9_0_we0                                |  out|    1|   ap_memory|                     A_4_9_0|         array|
|A_4_9_0_d0                                 |  out|   32|   ap_memory|                     A_4_9_0|         array|
|A_4_10_0_address0                          |  out|    5|   ap_memory|                    A_4_10_0|         array|
|A_4_10_0_ce0                               |  out|    1|   ap_memory|                    A_4_10_0|         array|
|A_4_10_0_we0                               |  out|    1|   ap_memory|                    A_4_10_0|         array|
|A_4_10_0_d0                                |  out|   32|   ap_memory|                    A_4_10_0|         array|
|A_4_11_0_address0                          |  out|    5|   ap_memory|                    A_4_11_0|         array|
|A_4_11_0_ce0                               |  out|    1|   ap_memory|                    A_4_11_0|         array|
|A_4_11_0_we0                               |  out|    1|   ap_memory|                    A_4_11_0|         array|
|A_4_11_0_d0                                |  out|   32|   ap_memory|                    A_4_11_0|         array|
|A_4_12_0_address0                          |  out|    5|   ap_memory|                    A_4_12_0|         array|
|A_4_12_0_ce0                               |  out|    1|   ap_memory|                    A_4_12_0|         array|
|A_4_12_0_we0                               |  out|    1|   ap_memory|                    A_4_12_0|         array|
|A_4_12_0_d0                                |  out|   32|   ap_memory|                    A_4_12_0|         array|
|A_4_13_0_address0                          |  out|    5|   ap_memory|                    A_4_13_0|         array|
|A_4_13_0_ce0                               |  out|    1|   ap_memory|                    A_4_13_0|         array|
|A_4_13_0_we0                               |  out|    1|   ap_memory|                    A_4_13_0|         array|
|A_4_13_0_d0                                |  out|   32|   ap_memory|                    A_4_13_0|         array|
|A_4_14_0_address0                          |  out|    5|   ap_memory|                    A_4_14_0|         array|
|A_4_14_0_ce0                               |  out|    1|   ap_memory|                    A_4_14_0|         array|
|A_4_14_0_we0                               |  out|    1|   ap_memory|                    A_4_14_0|         array|
|A_4_14_0_d0                                |  out|   32|   ap_memory|                    A_4_14_0|         array|
|A_4_15_0_address0                          |  out|    5|   ap_memory|                    A_4_15_0|         array|
|A_4_15_0_ce0                               |  out|    1|   ap_memory|                    A_4_15_0|         array|
|A_4_15_0_we0                               |  out|    1|   ap_memory|                    A_4_15_0|         array|
|A_4_15_0_d0                                |  out|   32|   ap_memory|                    A_4_15_0|         array|
|A_5_0_0_address0                           |  out|    5|   ap_memory|                     A_5_0_0|         array|
|A_5_0_0_ce0                                |  out|    1|   ap_memory|                     A_5_0_0|         array|
|A_5_0_0_we0                                |  out|    1|   ap_memory|                     A_5_0_0|         array|
|A_5_0_0_d0                                 |  out|   32|   ap_memory|                     A_5_0_0|         array|
|A_5_1_0_address0                           |  out|    5|   ap_memory|                     A_5_1_0|         array|
|A_5_1_0_ce0                                |  out|    1|   ap_memory|                     A_5_1_0|         array|
|A_5_1_0_we0                                |  out|    1|   ap_memory|                     A_5_1_0|         array|
|A_5_1_0_d0                                 |  out|   32|   ap_memory|                     A_5_1_0|         array|
|A_5_2_0_address0                           |  out|    5|   ap_memory|                     A_5_2_0|         array|
|A_5_2_0_ce0                                |  out|    1|   ap_memory|                     A_5_2_0|         array|
|A_5_2_0_we0                                |  out|    1|   ap_memory|                     A_5_2_0|         array|
|A_5_2_0_d0                                 |  out|   32|   ap_memory|                     A_5_2_0|         array|
|A_5_3_0_address0                           |  out|    5|   ap_memory|                     A_5_3_0|         array|
|A_5_3_0_ce0                                |  out|    1|   ap_memory|                     A_5_3_0|         array|
|A_5_3_0_we0                                |  out|    1|   ap_memory|                     A_5_3_0|         array|
|A_5_3_0_d0                                 |  out|   32|   ap_memory|                     A_5_3_0|         array|
|A_5_4_0_address0                           |  out|    5|   ap_memory|                     A_5_4_0|         array|
|A_5_4_0_ce0                                |  out|    1|   ap_memory|                     A_5_4_0|         array|
|A_5_4_0_we0                                |  out|    1|   ap_memory|                     A_5_4_0|         array|
|A_5_4_0_d0                                 |  out|   32|   ap_memory|                     A_5_4_0|         array|
|A_5_5_0_address0                           |  out|    5|   ap_memory|                     A_5_5_0|         array|
|A_5_5_0_ce0                                |  out|    1|   ap_memory|                     A_5_5_0|         array|
|A_5_5_0_we0                                |  out|    1|   ap_memory|                     A_5_5_0|         array|
|A_5_5_0_d0                                 |  out|   32|   ap_memory|                     A_5_5_0|         array|
|A_5_6_0_address0                           |  out|    5|   ap_memory|                     A_5_6_0|         array|
|A_5_6_0_ce0                                |  out|    1|   ap_memory|                     A_5_6_0|         array|
|A_5_6_0_we0                                |  out|    1|   ap_memory|                     A_5_6_0|         array|
|A_5_6_0_d0                                 |  out|   32|   ap_memory|                     A_5_6_0|         array|
|A_5_7_0_address0                           |  out|    5|   ap_memory|                     A_5_7_0|         array|
|A_5_7_0_ce0                                |  out|    1|   ap_memory|                     A_5_7_0|         array|
|A_5_7_0_we0                                |  out|    1|   ap_memory|                     A_5_7_0|         array|
|A_5_7_0_d0                                 |  out|   32|   ap_memory|                     A_5_7_0|         array|
|A_5_8_0_address0                           |  out|    5|   ap_memory|                     A_5_8_0|         array|
|A_5_8_0_ce0                                |  out|    1|   ap_memory|                     A_5_8_0|         array|
|A_5_8_0_we0                                |  out|    1|   ap_memory|                     A_5_8_0|         array|
|A_5_8_0_d0                                 |  out|   32|   ap_memory|                     A_5_8_0|         array|
|A_5_9_0_address0                           |  out|    5|   ap_memory|                     A_5_9_0|         array|
|A_5_9_0_ce0                                |  out|    1|   ap_memory|                     A_5_9_0|         array|
|A_5_9_0_we0                                |  out|    1|   ap_memory|                     A_5_9_0|         array|
|A_5_9_0_d0                                 |  out|   32|   ap_memory|                     A_5_9_0|         array|
|A_5_10_0_address0                          |  out|    5|   ap_memory|                    A_5_10_0|         array|
|A_5_10_0_ce0                               |  out|    1|   ap_memory|                    A_5_10_0|         array|
|A_5_10_0_we0                               |  out|    1|   ap_memory|                    A_5_10_0|         array|
|A_5_10_0_d0                                |  out|   32|   ap_memory|                    A_5_10_0|         array|
|A_5_11_0_address0                          |  out|    5|   ap_memory|                    A_5_11_0|         array|
|A_5_11_0_ce0                               |  out|    1|   ap_memory|                    A_5_11_0|         array|
|A_5_11_0_we0                               |  out|    1|   ap_memory|                    A_5_11_0|         array|
|A_5_11_0_d0                                |  out|   32|   ap_memory|                    A_5_11_0|         array|
|A_5_12_0_address0                          |  out|    5|   ap_memory|                    A_5_12_0|         array|
|A_5_12_0_ce0                               |  out|    1|   ap_memory|                    A_5_12_0|         array|
|A_5_12_0_we0                               |  out|    1|   ap_memory|                    A_5_12_0|         array|
|A_5_12_0_d0                                |  out|   32|   ap_memory|                    A_5_12_0|         array|
|A_5_13_0_address0                          |  out|    5|   ap_memory|                    A_5_13_0|         array|
|A_5_13_0_ce0                               |  out|    1|   ap_memory|                    A_5_13_0|         array|
|A_5_13_0_we0                               |  out|    1|   ap_memory|                    A_5_13_0|         array|
|A_5_13_0_d0                                |  out|   32|   ap_memory|                    A_5_13_0|         array|
|A_5_14_0_address0                          |  out|    5|   ap_memory|                    A_5_14_0|         array|
|A_5_14_0_ce0                               |  out|    1|   ap_memory|                    A_5_14_0|         array|
|A_5_14_0_we0                               |  out|    1|   ap_memory|                    A_5_14_0|         array|
|A_5_14_0_d0                                |  out|   32|   ap_memory|                    A_5_14_0|         array|
|A_5_15_0_address0                          |  out|    5|   ap_memory|                    A_5_15_0|         array|
|A_5_15_0_ce0                               |  out|    1|   ap_memory|                    A_5_15_0|         array|
|A_5_15_0_we0                               |  out|    1|   ap_memory|                    A_5_15_0|         array|
|A_5_15_0_d0                                |  out|   32|   ap_memory|                    A_5_15_0|         array|
|A_6_0_0_address0                           |  out|    5|   ap_memory|                     A_6_0_0|         array|
|A_6_0_0_ce0                                |  out|    1|   ap_memory|                     A_6_0_0|         array|
|A_6_0_0_we0                                |  out|    1|   ap_memory|                     A_6_0_0|         array|
|A_6_0_0_d0                                 |  out|   32|   ap_memory|                     A_6_0_0|         array|
|A_6_1_0_address0                           |  out|    5|   ap_memory|                     A_6_1_0|         array|
|A_6_1_0_ce0                                |  out|    1|   ap_memory|                     A_6_1_0|         array|
|A_6_1_0_we0                                |  out|    1|   ap_memory|                     A_6_1_0|         array|
|A_6_1_0_d0                                 |  out|   32|   ap_memory|                     A_6_1_0|         array|
|A_6_2_0_address0                           |  out|    5|   ap_memory|                     A_6_2_0|         array|
|A_6_2_0_ce0                                |  out|    1|   ap_memory|                     A_6_2_0|         array|
|A_6_2_0_we0                                |  out|    1|   ap_memory|                     A_6_2_0|         array|
|A_6_2_0_d0                                 |  out|   32|   ap_memory|                     A_6_2_0|         array|
|A_6_3_0_address0                           |  out|    5|   ap_memory|                     A_6_3_0|         array|
|A_6_3_0_ce0                                |  out|    1|   ap_memory|                     A_6_3_0|         array|
|A_6_3_0_we0                                |  out|    1|   ap_memory|                     A_6_3_0|         array|
|A_6_3_0_d0                                 |  out|   32|   ap_memory|                     A_6_3_0|         array|
|A_6_4_0_address0                           |  out|    5|   ap_memory|                     A_6_4_0|         array|
|A_6_4_0_ce0                                |  out|    1|   ap_memory|                     A_6_4_0|         array|
|A_6_4_0_we0                                |  out|    1|   ap_memory|                     A_6_4_0|         array|
|A_6_4_0_d0                                 |  out|   32|   ap_memory|                     A_6_4_0|         array|
|A_6_5_0_address0                           |  out|    5|   ap_memory|                     A_6_5_0|         array|
|A_6_5_0_ce0                                |  out|    1|   ap_memory|                     A_6_5_0|         array|
|A_6_5_0_we0                                |  out|    1|   ap_memory|                     A_6_5_0|         array|
|A_6_5_0_d0                                 |  out|   32|   ap_memory|                     A_6_5_0|         array|
|A_6_6_0_address0                           |  out|    5|   ap_memory|                     A_6_6_0|         array|
|A_6_6_0_ce0                                |  out|    1|   ap_memory|                     A_6_6_0|         array|
|A_6_6_0_we0                                |  out|    1|   ap_memory|                     A_6_6_0|         array|
|A_6_6_0_d0                                 |  out|   32|   ap_memory|                     A_6_6_0|         array|
|A_6_7_0_address0                           |  out|    5|   ap_memory|                     A_6_7_0|         array|
|A_6_7_0_ce0                                |  out|    1|   ap_memory|                     A_6_7_0|         array|
|A_6_7_0_we0                                |  out|    1|   ap_memory|                     A_6_7_0|         array|
|A_6_7_0_d0                                 |  out|   32|   ap_memory|                     A_6_7_0|         array|
|A_6_8_0_address0                           |  out|    5|   ap_memory|                     A_6_8_0|         array|
|A_6_8_0_ce0                                |  out|    1|   ap_memory|                     A_6_8_0|         array|
|A_6_8_0_we0                                |  out|    1|   ap_memory|                     A_6_8_0|         array|
|A_6_8_0_d0                                 |  out|   32|   ap_memory|                     A_6_8_0|         array|
|A_6_9_0_address0                           |  out|    5|   ap_memory|                     A_6_9_0|         array|
|A_6_9_0_ce0                                |  out|    1|   ap_memory|                     A_6_9_0|         array|
|A_6_9_0_we0                                |  out|    1|   ap_memory|                     A_6_9_0|         array|
|A_6_9_0_d0                                 |  out|   32|   ap_memory|                     A_6_9_0|         array|
|A_6_10_0_address0                          |  out|    5|   ap_memory|                    A_6_10_0|         array|
|A_6_10_0_ce0                               |  out|    1|   ap_memory|                    A_6_10_0|         array|
|A_6_10_0_we0                               |  out|    1|   ap_memory|                    A_6_10_0|         array|
|A_6_10_0_d0                                |  out|   32|   ap_memory|                    A_6_10_0|         array|
|A_6_11_0_address0                          |  out|    5|   ap_memory|                    A_6_11_0|         array|
|A_6_11_0_ce0                               |  out|    1|   ap_memory|                    A_6_11_0|         array|
|A_6_11_0_we0                               |  out|    1|   ap_memory|                    A_6_11_0|         array|
|A_6_11_0_d0                                |  out|   32|   ap_memory|                    A_6_11_0|         array|
|A_6_12_0_address0                          |  out|    5|   ap_memory|                    A_6_12_0|         array|
|A_6_12_0_ce0                               |  out|    1|   ap_memory|                    A_6_12_0|         array|
|A_6_12_0_we0                               |  out|    1|   ap_memory|                    A_6_12_0|         array|
|A_6_12_0_d0                                |  out|   32|   ap_memory|                    A_6_12_0|         array|
|A_6_13_0_address0                          |  out|    5|   ap_memory|                    A_6_13_0|         array|
|A_6_13_0_ce0                               |  out|    1|   ap_memory|                    A_6_13_0|         array|
|A_6_13_0_we0                               |  out|    1|   ap_memory|                    A_6_13_0|         array|
|A_6_13_0_d0                                |  out|   32|   ap_memory|                    A_6_13_0|         array|
|A_6_14_0_address0                          |  out|    5|   ap_memory|                    A_6_14_0|         array|
|A_6_14_0_ce0                               |  out|    1|   ap_memory|                    A_6_14_0|         array|
|A_6_14_0_we0                               |  out|    1|   ap_memory|                    A_6_14_0|         array|
|A_6_14_0_d0                                |  out|   32|   ap_memory|                    A_6_14_0|         array|
|A_6_15_0_address0                          |  out|    5|   ap_memory|                    A_6_15_0|         array|
|A_6_15_0_ce0                               |  out|    1|   ap_memory|                    A_6_15_0|         array|
|A_6_15_0_we0                               |  out|    1|   ap_memory|                    A_6_15_0|         array|
|A_6_15_0_d0                                |  out|   32|   ap_memory|                    A_6_15_0|         array|
|A_7_0_0_address0                           |  out|    5|   ap_memory|                     A_7_0_0|         array|
|A_7_0_0_ce0                                |  out|    1|   ap_memory|                     A_7_0_0|         array|
|A_7_0_0_we0                                |  out|    1|   ap_memory|                     A_7_0_0|         array|
|A_7_0_0_d0                                 |  out|   32|   ap_memory|                     A_7_0_0|         array|
|A_7_1_0_address0                           |  out|    5|   ap_memory|                     A_7_1_0|         array|
|A_7_1_0_ce0                                |  out|    1|   ap_memory|                     A_7_1_0|         array|
|A_7_1_0_we0                                |  out|    1|   ap_memory|                     A_7_1_0|         array|
|A_7_1_0_d0                                 |  out|   32|   ap_memory|                     A_7_1_0|         array|
|A_7_2_0_address0                           |  out|    5|   ap_memory|                     A_7_2_0|         array|
|A_7_2_0_ce0                                |  out|    1|   ap_memory|                     A_7_2_0|         array|
|A_7_2_0_we0                                |  out|    1|   ap_memory|                     A_7_2_0|         array|
|A_7_2_0_d0                                 |  out|   32|   ap_memory|                     A_7_2_0|         array|
|A_7_3_0_address0                           |  out|    5|   ap_memory|                     A_7_3_0|         array|
|A_7_3_0_ce0                                |  out|    1|   ap_memory|                     A_7_3_0|         array|
|A_7_3_0_we0                                |  out|    1|   ap_memory|                     A_7_3_0|         array|
|A_7_3_0_d0                                 |  out|   32|   ap_memory|                     A_7_3_0|         array|
|A_7_4_0_address0                           |  out|    5|   ap_memory|                     A_7_4_0|         array|
|A_7_4_0_ce0                                |  out|    1|   ap_memory|                     A_7_4_0|         array|
|A_7_4_0_we0                                |  out|    1|   ap_memory|                     A_7_4_0|         array|
|A_7_4_0_d0                                 |  out|   32|   ap_memory|                     A_7_4_0|         array|
|A_7_5_0_address0                           |  out|    5|   ap_memory|                     A_7_5_0|         array|
|A_7_5_0_ce0                                |  out|    1|   ap_memory|                     A_7_5_0|         array|
|A_7_5_0_we0                                |  out|    1|   ap_memory|                     A_7_5_0|         array|
|A_7_5_0_d0                                 |  out|   32|   ap_memory|                     A_7_5_0|         array|
|A_7_6_0_address0                           |  out|    5|   ap_memory|                     A_7_6_0|         array|
|A_7_6_0_ce0                                |  out|    1|   ap_memory|                     A_7_6_0|         array|
|A_7_6_0_we0                                |  out|    1|   ap_memory|                     A_7_6_0|         array|
|A_7_6_0_d0                                 |  out|   32|   ap_memory|                     A_7_6_0|         array|
|A_7_7_0_address0                           |  out|    5|   ap_memory|                     A_7_7_0|         array|
|A_7_7_0_ce0                                |  out|    1|   ap_memory|                     A_7_7_0|         array|
|A_7_7_0_we0                                |  out|    1|   ap_memory|                     A_7_7_0|         array|
|A_7_7_0_d0                                 |  out|   32|   ap_memory|                     A_7_7_0|         array|
|A_7_8_0_address0                           |  out|    5|   ap_memory|                     A_7_8_0|         array|
|A_7_8_0_ce0                                |  out|    1|   ap_memory|                     A_7_8_0|         array|
|A_7_8_0_we0                                |  out|    1|   ap_memory|                     A_7_8_0|         array|
|A_7_8_0_d0                                 |  out|   32|   ap_memory|                     A_7_8_0|         array|
|A_7_9_0_address0                           |  out|    5|   ap_memory|                     A_7_9_0|         array|
|A_7_9_0_ce0                                |  out|    1|   ap_memory|                     A_7_9_0|         array|
|A_7_9_0_we0                                |  out|    1|   ap_memory|                     A_7_9_0|         array|
|A_7_9_0_d0                                 |  out|   32|   ap_memory|                     A_7_9_0|         array|
|A_7_10_0_address0                          |  out|    5|   ap_memory|                    A_7_10_0|         array|
|A_7_10_0_ce0                               |  out|    1|   ap_memory|                    A_7_10_0|         array|
|A_7_10_0_we0                               |  out|    1|   ap_memory|                    A_7_10_0|         array|
|A_7_10_0_d0                                |  out|   32|   ap_memory|                    A_7_10_0|         array|
|A_7_11_0_address0                          |  out|    5|   ap_memory|                    A_7_11_0|         array|
|A_7_11_0_ce0                               |  out|    1|   ap_memory|                    A_7_11_0|         array|
|A_7_11_0_we0                               |  out|    1|   ap_memory|                    A_7_11_0|         array|
|A_7_11_0_d0                                |  out|   32|   ap_memory|                    A_7_11_0|         array|
|A_7_12_0_address0                          |  out|    5|   ap_memory|                    A_7_12_0|         array|
|A_7_12_0_ce0                               |  out|    1|   ap_memory|                    A_7_12_0|         array|
|A_7_12_0_we0                               |  out|    1|   ap_memory|                    A_7_12_0|         array|
|A_7_12_0_d0                                |  out|   32|   ap_memory|                    A_7_12_0|         array|
|A_7_13_0_address0                          |  out|    5|   ap_memory|                    A_7_13_0|         array|
|A_7_13_0_ce0                               |  out|    1|   ap_memory|                    A_7_13_0|         array|
|A_7_13_0_we0                               |  out|    1|   ap_memory|                    A_7_13_0|         array|
|A_7_13_0_d0                                |  out|   32|   ap_memory|                    A_7_13_0|         array|
|A_7_14_0_address0                          |  out|    5|   ap_memory|                    A_7_14_0|         array|
|A_7_14_0_ce0                               |  out|    1|   ap_memory|                    A_7_14_0|         array|
|A_7_14_0_we0                               |  out|    1|   ap_memory|                    A_7_14_0|         array|
|A_7_14_0_d0                                |  out|   32|   ap_memory|                    A_7_14_0|         array|
|A_7_15_0_address0                          |  out|    5|   ap_memory|                    A_7_15_0|         array|
|A_7_15_0_ce0                               |  out|    1|   ap_memory|                    A_7_15_0|         array|
|A_7_15_0_we0                               |  out|    1|   ap_memory|                    A_7_15_0|         array|
|A_7_15_0_d0                                |  out|   32|   ap_memory|                    A_7_15_0|         array|
|A_8_0_0_address0                           |  out|    5|   ap_memory|                     A_8_0_0|         array|
|A_8_0_0_ce0                                |  out|    1|   ap_memory|                     A_8_0_0|         array|
|A_8_0_0_we0                                |  out|    1|   ap_memory|                     A_8_0_0|         array|
|A_8_0_0_d0                                 |  out|   32|   ap_memory|                     A_8_0_0|         array|
|A_8_1_0_address0                           |  out|    5|   ap_memory|                     A_8_1_0|         array|
|A_8_1_0_ce0                                |  out|    1|   ap_memory|                     A_8_1_0|         array|
|A_8_1_0_we0                                |  out|    1|   ap_memory|                     A_8_1_0|         array|
|A_8_1_0_d0                                 |  out|   32|   ap_memory|                     A_8_1_0|         array|
|A_8_2_0_address0                           |  out|    5|   ap_memory|                     A_8_2_0|         array|
|A_8_2_0_ce0                                |  out|    1|   ap_memory|                     A_8_2_0|         array|
|A_8_2_0_we0                                |  out|    1|   ap_memory|                     A_8_2_0|         array|
|A_8_2_0_d0                                 |  out|   32|   ap_memory|                     A_8_2_0|         array|
|A_8_3_0_address0                           |  out|    5|   ap_memory|                     A_8_3_0|         array|
|A_8_3_0_ce0                                |  out|    1|   ap_memory|                     A_8_3_0|         array|
|A_8_3_0_we0                                |  out|    1|   ap_memory|                     A_8_3_0|         array|
|A_8_3_0_d0                                 |  out|   32|   ap_memory|                     A_8_3_0|         array|
|A_8_4_0_address0                           |  out|    5|   ap_memory|                     A_8_4_0|         array|
|A_8_4_0_ce0                                |  out|    1|   ap_memory|                     A_8_4_0|         array|
|A_8_4_0_we0                                |  out|    1|   ap_memory|                     A_8_4_0|         array|
|A_8_4_0_d0                                 |  out|   32|   ap_memory|                     A_8_4_0|         array|
|A_8_5_0_address0                           |  out|    5|   ap_memory|                     A_8_5_0|         array|
|A_8_5_0_ce0                                |  out|    1|   ap_memory|                     A_8_5_0|         array|
|A_8_5_0_we0                                |  out|    1|   ap_memory|                     A_8_5_0|         array|
|A_8_5_0_d0                                 |  out|   32|   ap_memory|                     A_8_5_0|         array|
|A_8_6_0_address0                           |  out|    5|   ap_memory|                     A_8_6_0|         array|
|A_8_6_0_ce0                                |  out|    1|   ap_memory|                     A_8_6_0|         array|
|A_8_6_0_we0                                |  out|    1|   ap_memory|                     A_8_6_0|         array|
|A_8_6_0_d0                                 |  out|   32|   ap_memory|                     A_8_6_0|         array|
|A_8_7_0_address0                           |  out|    5|   ap_memory|                     A_8_7_0|         array|
|A_8_7_0_ce0                                |  out|    1|   ap_memory|                     A_8_7_0|         array|
|A_8_7_0_we0                                |  out|    1|   ap_memory|                     A_8_7_0|         array|
|A_8_7_0_d0                                 |  out|   32|   ap_memory|                     A_8_7_0|         array|
|A_8_8_0_address0                           |  out|    5|   ap_memory|                     A_8_8_0|         array|
|A_8_8_0_ce0                                |  out|    1|   ap_memory|                     A_8_8_0|         array|
|A_8_8_0_we0                                |  out|    1|   ap_memory|                     A_8_8_0|         array|
|A_8_8_0_d0                                 |  out|   32|   ap_memory|                     A_8_8_0|         array|
|A_8_9_0_address0                           |  out|    5|   ap_memory|                     A_8_9_0|         array|
|A_8_9_0_ce0                                |  out|    1|   ap_memory|                     A_8_9_0|         array|
|A_8_9_0_we0                                |  out|    1|   ap_memory|                     A_8_9_0|         array|
|A_8_9_0_d0                                 |  out|   32|   ap_memory|                     A_8_9_0|         array|
|A_8_10_0_address0                          |  out|    5|   ap_memory|                    A_8_10_0|         array|
|A_8_10_0_ce0                               |  out|    1|   ap_memory|                    A_8_10_0|         array|
|A_8_10_0_we0                               |  out|    1|   ap_memory|                    A_8_10_0|         array|
|A_8_10_0_d0                                |  out|   32|   ap_memory|                    A_8_10_0|         array|
|A_8_11_0_address0                          |  out|    5|   ap_memory|                    A_8_11_0|         array|
|A_8_11_0_ce0                               |  out|    1|   ap_memory|                    A_8_11_0|         array|
|A_8_11_0_we0                               |  out|    1|   ap_memory|                    A_8_11_0|         array|
|A_8_11_0_d0                                |  out|   32|   ap_memory|                    A_8_11_0|         array|
|A_8_12_0_address0                          |  out|    5|   ap_memory|                    A_8_12_0|         array|
|A_8_12_0_ce0                               |  out|    1|   ap_memory|                    A_8_12_0|         array|
|A_8_12_0_we0                               |  out|    1|   ap_memory|                    A_8_12_0|         array|
|A_8_12_0_d0                                |  out|   32|   ap_memory|                    A_8_12_0|         array|
|A_8_13_0_address0                          |  out|    5|   ap_memory|                    A_8_13_0|         array|
|A_8_13_0_ce0                               |  out|    1|   ap_memory|                    A_8_13_0|         array|
|A_8_13_0_we0                               |  out|    1|   ap_memory|                    A_8_13_0|         array|
|A_8_13_0_d0                                |  out|   32|   ap_memory|                    A_8_13_0|         array|
|A_8_14_0_address0                          |  out|    5|   ap_memory|                    A_8_14_0|         array|
|A_8_14_0_ce0                               |  out|    1|   ap_memory|                    A_8_14_0|         array|
|A_8_14_0_we0                               |  out|    1|   ap_memory|                    A_8_14_0|         array|
|A_8_14_0_d0                                |  out|   32|   ap_memory|                    A_8_14_0|         array|
|A_8_15_0_address0                          |  out|    5|   ap_memory|                    A_8_15_0|         array|
|A_8_15_0_ce0                               |  out|    1|   ap_memory|                    A_8_15_0|         array|
|A_8_15_0_we0                               |  out|    1|   ap_memory|                    A_8_15_0|         array|
|A_8_15_0_d0                                |  out|   32|   ap_memory|                    A_8_15_0|         array|
|A_9_0_0_address0                           |  out|    5|   ap_memory|                     A_9_0_0|         array|
|A_9_0_0_ce0                                |  out|    1|   ap_memory|                     A_9_0_0|         array|
|A_9_0_0_we0                                |  out|    1|   ap_memory|                     A_9_0_0|         array|
|A_9_0_0_d0                                 |  out|   32|   ap_memory|                     A_9_0_0|         array|
|A_9_1_0_address0                           |  out|    5|   ap_memory|                     A_9_1_0|         array|
|A_9_1_0_ce0                                |  out|    1|   ap_memory|                     A_9_1_0|         array|
|A_9_1_0_we0                                |  out|    1|   ap_memory|                     A_9_1_0|         array|
|A_9_1_0_d0                                 |  out|   32|   ap_memory|                     A_9_1_0|         array|
|A_9_2_0_address0                           |  out|    5|   ap_memory|                     A_9_2_0|         array|
|A_9_2_0_ce0                                |  out|    1|   ap_memory|                     A_9_2_0|         array|
|A_9_2_0_we0                                |  out|    1|   ap_memory|                     A_9_2_0|         array|
|A_9_2_0_d0                                 |  out|   32|   ap_memory|                     A_9_2_0|         array|
|A_9_3_0_address0                           |  out|    5|   ap_memory|                     A_9_3_0|         array|
|A_9_3_0_ce0                                |  out|    1|   ap_memory|                     A_9_3_0|         array|
|A_9_3_0_we0                                |  out|    1|   ap_memory|                     A_9_3_0|         array|
|A_9_3_0_d0                                 |  out|   32|   ap_memory|                     A_9_3_0|         array|
|A_9_4_0_address0                           |  out|    5|   ap_memory|                     A_9_4_0|         array|
|A_9_4_0_ce0                                |  out|    1|   ap_memory|                     A_9_4_0|         array|
|A_9_4_0_we0                                |  out|    1|   ap_memory|                     A_9_4_0|         array|
|A_9_4_0_d0                                 |  out|   32|   ap_memory|                     A_9_4_0|         array|
|A_9_5_0_address0                           |  out|    5|   ap_memory|                     A_9_5_0|         array|
|A_9_5_0_ce0                                |  out|    1|   ap_memory|                     A_9_5_0|         array|
|A_9_5_0_we0                                |  out|    1|   ap_memory|                     A_9_5_0|         array|
|A_9_5_0_d0                                 |  out|   32|   ap_memory|                     A_9_5_0|         array|
|A_9_6_0_address0                           |  out|    5|   ap_memory|                     A_9_6_0|         array|
|A_9_6_0_ce0                                |  out|    1|   ap_memory|                     A_9_6_0|         array|
|A_9_6_0_we0                                |  out|    1|   ap_memory|                     A_9_6_0|         array|
|A_9_6_0_d0                                 |  out|   32|   ap_memory|                     A_9_6_0|         array|
|A_9_7_0_address0                           |  out|    5|   ap_memory|                     A_9_7_0|         array|
|A_9_7_0_ce0                                |  out|    1|   ap_memory|                     A_9_7_0|         array|
|A_9_7_0_we0                                |  out|    1|   ap_memory|                     A_9_7_0|         array|
|A_9_7_0_d0                                 |  out|   32|   ap_memory|                     A_9_7_0|         array|
|A_9_8_0_address0                           |  out|    5|   ap_memory|                     A_9_8_0|         array|
|A_9_8_0_ce0                                |  out|    1|   ap_memory|                     A_9_8_0|         array|
|A_9_8_0_we0                                |  out|    1|   ap_memory|                     A_9_8_0|         array|
|A_9_8_0_d0                                 |  out|   32|   ap_memory|                     A_9_8_0|         array|
|A_9_9_0_address0                           |  out|    5|   ap_memory|                     A_9_9_0|         array|
|A_9_9_0_ce0                                |  out|    1|   ap_memory|                     A_9_9_0|         array|
|A_9_9_0_we0                                |  out|    1|   ap_memory|                     A_9_9_0|         array|
|A_9_9_0_d0                                 |  out|   32|   ap_memory|                     A_9_9_0|         array|
|A_9_10_0_address0                          |  out|    5|   ap_memory|                    A_9_10_0|         array|
|A_9_10_0_ce0                               |  out|    1|   ap_memory|                    A_9_10_0|         array|
|A_9_10_0_we0                               |  out|    1|   ap_memory|                    A_9_10_0|         array|
|A_9_10_0_d0                                |  out|   32|   ap_memory|                    A_9_10_0|         array|
|A_9_11_0_address0                          |  out|    5|   ap_memory|                    A_9_11_0|         array|
|A_9_11_0_ce0                               |  out|    1|   ap_memory|                    A_9_11_0|         array|
|A_9_11_0_we0                               |  out|    1|   ap_memory|                    A_9_11_0|         array|
|A_9_11_0_d0                                |  out|   32|   ap_memory|                    A_9_11_0|         array|
|A_9_12_0_address0                          |  out|    5|   ap_memory|                    A_9_12_0|         array|
|A_9_12_0_ce0                               |  out|    1|   ap_memory|                    A_9_12_0|         array|
|A_9_12_0_we0                               |  out|    1|   ap_memory|                    A_9_12_0|         array|
|A_9_12_0_d0                                |  out|   32|   ap_memory|                    A_9_12_0|         array|
|A_9_13_0_address0                          |  out|    5|   ap_memory|                    A_9_13_0|         array|
|A_9_13_0_ce0                               |  out|    1|   ap_memory|                    A_9_13_0|         array|
|A_9_13_0_we0                               |  out|    1|   ap_memory|                    A_9_13_0|         array|
|A_9_13_0_d0                                |  out|   32|   ap_memory|                    A_9_13_0|         array|
|A_9_14_0_address0                          |  out|    5|   ap_memory|                    A_9_14_0|         array|
|A_9_14_0_ce0                               |  out|    1|   ap_memory|                    A_9_14_0|         array|
|A_9_14_0_we0                               |  out|    1|   ap_memory|                    A_9_14_0|         array|
|A_9_14_0_d0                                |  out|   32|   ap_memory|                    A_9_14_0|         array|
|A_9_15_0_address0                          |  out|    5|   ap_memory|                    A_9_15_0|         array|
|A_9_15_0_ce0                               |  out|    1|   ap_memory|                    A_9_15_0|         array|
|A_9_15_0_we0                               |  out|    1|   ap_memory|                    A_9_15_0|         array|
|A_9_15_0_d0                                |  out|   32|   ap_memory|                    A_9_15_0|         array|
+-------------------------------------------+-----+-----+------------+----------------------------+--------------+

