

================================================================
== Vitis HLS Report for 'write_s_FT0'
================================================================
* Date:           Thu Dec 19 22:13:05 2024

* Version:        2023.2 (Build 4023990 on Oct 11 2023)
* Project:        kernel_nlp_slr0
* Solution:       solution (Vitis Kernel Flow Target)
* Product family: virtexuplusHBM
* Target device:  xcu55c-fsvh2892-2L-e


================================================================
== Performance Estimates
================================================================
+ Timing: 
    * Summary: 
    +--------+---------+----------+------------+
    |  Clock |  Target | Estimated| Uncertainty|
    +--------+---------+----------+------------+
    |ap_clk  |  4.55 ns|  1.236 ns|     1.23 ns|
    +--------+---------+----------+------------+

+ Latency: 
    * Summary: 
    +---------+---------+----------+----------+-----+-----+---------+
    |  Latency (cycles) |  Latency (absolute) |  Interval | Pipeline|
    |   min   |   max   |    min   |    max   | min | max |   Type  |
    +---------+---------+----------+----------+-----+-----+---------+
    |        0|        0|      0 ns|      0 ns|    0|    0|       no|
    +---------+---------+----------+----------+-----+-----+---------+

    + Detail: 
        * Instance: 
        N/A

        * Loop: 
        N/A



================================================================
== Utilization Estimates
================================================================
* Summary: 
+---------------------+---------+------+---------+---------+-----+
|         Name        | BRAM_18K|  DSP |    FF   |   LUT   | URAM|
+---------------------+---------+------+---------+---------+-----+
|DSP                  |        -|     -|        -|        -|    -|
|Expression           |        -|     -|        0|        2|    -|
|FIFO                 |        -|     -|        -|        -|    -|
|Instance             |        -|     -|        -|        -|    -|
|Memory               |        -|     -|        -|        -|    -|
|Multiplexer          |        -|     -|        -|        9|    -|
|Register             |        -|     -|        1|        -|    -|
+---------------------+---------+------+---------+---------+-----+
|Total                |        0|     0|        1|       11|    0|
+---------------------+---------+------+---------+---------+-----+
|Available SLR        |     1344|  3008|   869120|   434560|  320|
+---------------------+---------+------+---------+---------+-----+
|Utilization SLR (%)  |        0|     0|       ~0|       ~0|    0|
+---------------------+---------+------+---------+---------+-----+
|Available            |     4032|  9024|  2607360|  1303680|  960|
+---------------------+---------+------+---------+---------+-----+
|Utilization (%)      |        0|     0|       ~0|       ~0|    0|
+---------------------+---------+------+---------+---------+-----+

+ Detail: 
    * Instance: 
    N/A

    * DSP: 
    N/A

    * Memory: 
    N/A

    * FIFO: 
    N/A

    * Expression: 
    +-----------------+----------+----+---+----+------------+------------+
    |  Variable Name  | Operation| DSP| FF| LUT| Bitwidth P0| Bitwidth P1|
    +-----------------+----------+----+---+----+------------+------------+
    |ap_block_state1  |        or|   0|  0|   2|           1|           1|
    +-----------------+----------+----+---+----+------------+------------+
    |Total            |          |   0|  0|   2|           1|           1|
    +-----------------+----------+----+---+----+------------+------------+

    * Multiplexer: 
    +--------------------------+----+-----------+-----+-----------+
    |           Name           | LUT| Input Size| Bits| Total Bits|
    +--------------------------+----+-----------+-----+-----------+
    |fifo_s_to_off_chip_blk_n  |   9|          2|    1|          2|
    +--------------------------+----+-----------+-----+-----------+
    |Total                     |   9|          2|    1|          2|
    +--------------------------+----+-----------+-----+-----------+

    * Register: 
    +-----------+---+----+-----+-----------+
    |    Name   | FF| LUT| Bits| Const Bits|
    +-----------+---+----+-----+-----------+
    |ap_CS_fsm  |  1|   0|    1|          0|
    +-----------+---+----+-----+-----------+
    |Total      |  1|   0|    1|          0|
    +-----------+---+----+-----+-----------+



================================================================
== Interface
================================================================
* Summary: 
+-----------------------------------+-----+-----+------------+--------------------+--------------+
|             RTL Ports             | Dir | Bits|  Protocol  |    Source Object   |    C Type    |
+-----------------------------------+-----+-----+------------+--------------------+--------------+
|ap_clk                             |   in|    1|  ap_ctrl_hs|         write_s_FT0|  return value|
|ap_rst                             |   in|    1|  ap_ctrl_hs|         write_s_FT0|  return value|
|ap_start                           |   in|    1|  ap_ctrl_hs|         write_s_FT0|  return value|
|ap_done                            |  out|    1|  ap_ctrl_hs|         write_s_FT0|  return value|
|ap_idle                            |  out|    1|  ap_ctrl_hs|         write_s_FT0|  return value|
|ap_ready                           |  out|    1|  ap_ctrl_hs|         write_s_FT0|  return value|
|fifo_s_to_off_chip_blk_n           |  out|    1|  ap_ctrl_hs|         write_s_FT0|  return value|
|s_0_0_0_val                        |   in|   32|     ap_none|         s_0_0_0_val|        scalar|
|s_1_0_0_val                        |   in|   32|     ap_none|         s_1_0_0_val|        scalar|
|s_2_0_0_val                        |   in|   32|     ap_none|         s_2_0_0_val|        scalar|
|s_3_0_0_val                        |   in|   32|     ap_none|         s_3_0_0_val|        scalar|
|s_4_0_0_val                        |   in|   32|     ap_none|         s_4_0_0_val|        scalar|
|s_5_0_0_val                        |   in|   32|     ap_none|         s_5_0_0_val|        scalar|
|s_6_0_0_val                        |   in|   32|     ap_none|         s_6_0_0_val|        scalar|
|s_7_0_0_val                        |   in|   32|     ap_none|         s_7_0_0_val|        scalar|
|s_8_0_0_val                        |   in|   32|     ap_none|         s_8_0_0_val|        scalar|
|s_9_0_0_val                        |   in|   32|     ap_none|         s_9_0_0_val|        scalar|
|s_10_0_0_val                       |   in|   32|     ap_none|        s_10_0_0_val|        scalar|
|s_11_0_0_val                       |   in|   32|     ap_none|        s_11_0_0_val|        scalar|
|s_12_0_0_val                       |   in|   32|     ap_none|        s_12_0_0_val|        scalar|
|s_13_0_0_val                       |   in|   32|     ap_none|        s_13_0_0_val|        scalar|
|s_14_0_0_val                       |   in|   32|     ap_none|        s_14_0_0_val|        scalar|
|s_15_0_0_val                       |   in|   32|     ap_none|        s_15_0_0_val|        scalar|
|fifo_s_to_off_chip_din             |  out|  512|     ap_fifo|  fifo_s_to_off_chip|       pointer|
|fifo_s_to_off_chip_num_data_valid  |   in|   11|     ap_fifo|  fifo_s_to_off_chip|       pointer|
|fifo_s_to_off_chip_fifo_cap        |   in|   11|     ap_fifo|  fifo_s_to_off_chip|       pointer|
|fifo_s_to_off_chip_full_n          |   in|    1|     ap_fifo|  fifo_s_to_off_chip|       pointer|
|fifo_s_to_off_chip_write           |  out|    1|     ap_fifo|  fifo_s_to_off_chip|       pointer|
+-----------------------------------+-----+-----+------------+--------------------+--------------+

