================================================================
== Design Size Report
================================================================

* Total Instructions per Compilation Phase
+---------------+-----------------------------+--------------+----------------------------------------------------------------------------------------+
| Phase         | Step                        | Instructions | Description                                                                            |
+---------------+-----------------------------+--------------+----------------------------------------------------------------------------------------+
| Compile/Link  |                             |   7,287      | After all functions are compiled and linked into a single design                       |
|               |                             |              |                                                                                        |
| Unroll/Inline |                             |              | After user unroll and inline pragmas are applied                                       |
|               | (1) unroll                  |  10,744      | user unroll pragmas are applied                                                        |
|               | (2) simplification          |   5,396      | simplification of applied user unroll pragmas                                          |
|               | (3) inline                  |   5,348      | user inline pragmas are applied                                                        |
|               | (4) simplification          |   5,348      | simplification of applied user inline pragmas                                          |
|               |                             |              |                                                                                        |
| Array/Struct  |                             |              | After user array partition and struct aggregate/disaggregate pragmas are applied       |
|               | (1) array partition         | 572,345 *    | user array partition pragmas are applied                                               |
|               | (2) simplification          |  13,174      | simplification of applied user array partition & struct aggregate/disaggregate pragmas |
|               | (3) aggregate/disaggregate  |  13,174      | user struct aggregate/disaggregate pragmas are applied                                 |
|               | (4) array reshape           |  13,174      | apply array reshape pragmas                                                            |
|               | (5) access patterns         |  13,092      | array access pattern optmizations                                                      |
|               |                             |              |                                                                                        |
| Performance   |                             |              | After transformations are applied to meet performance pragma targets                   |
|               | (1) loop simplification     |  13,050      | loop and instruction simplification                                                    |
|               | (2) parallelization         |  13,040      | loops are unrolled or pipelined to meet performance targets                            |
|               | (3) array partition         |  12,978      | arrays are partitioned to meet performance targets                                     |
|               | (4) simplification          |  12,978      | simplification of design after performance transformations                             |
|               |                             |              |                                                                                        |
| HW Transforms |                             |              | After hardware transfomations                                                          |
|               | (1) lowering                |  12,953      | initial conversion to HW specific instructions                                         |
|               | (2) optimizations           |  12,994      | high level synthesis optimizations                                                     |
+---------------+-----------------------------+--------------+----------------------------------------------------------------------------------------+
    * - Exceeded design size warning message threshold

* Instructions per Function for each Compilation Phase
+------------------------+--------------+-----------------+-----------------+-----------------+-----------------+-----------------+
| Function               | Location     | Compile/Link    | Unroll/Inline   | Array/Struct    | Performance     | HW Transforms   |
+------------------------+--------------+-----------------+-----------------+-----------------+-----------------+-----------------+
| + kernel_nlp_slr2      | slr2.cpp:304 | 7,287           | 5,348           | 13,092          | 12,978          | 12,994          |
|  + FT0_level0          | slr2.cpp:22  | 7,278           | 5,342           | 13,074          | 12,960          | 12,971          |
|     read_r_FT0         | slr2.cpp:114 |  909            |  159            |   208           |   200           |   201           |
|     read_A_FT0         | slr2.cpp:184 |  969            |  147            | 1,677           | 1,669           | 1,670           |
|   + compute_FT0_level0 | slr2.cpp:9   | 4,252 (2 calls) | 4,940 (2 calls) | 7,908 (2 calls) | 7,794 (2 calls) | 7,804 (2 calls) |
|      read_A_FT0        | slr2.cpp:184 | 1,938 (2 calls) |  294 (2 calls)  | 3,360 (2 calls) | 3,342 (2 calls) | 3,346 (2 calls) |
|      task0_intra       | slr2.cpp:64  |   30 (2 calls)  |   64 (2 calls)  |    34 (2 calls) |    34 (2 calls) |    36 (2 calls) |
|      task1_intra       | slr2.cpp:73  |   96 (2 calls)  | 4,426 (2 calls) | 4,364 (2 calls) | 4,332 (2 calls) | 4,342 (2 calls) |
|      write_s_FT0       | slr2.cpp:258 | 2,158 (2 calls) |  126 (2 calls)  |   136 (2 calls) |    72 (2 calls) |    62 (2 calls) |
|     write_s_FT0        | slr2.cpp:258 | 1,079           |   63            |    65           |    33           |    28           |
+------------------------+--------------+-----------------+-----------------+-----------------+-----------------+-----------------+

* Design Size Message Settings
+---------------------------------------------+--------+------------------------------------------------------------------+
| Message Setting                             | Value  | Description                                                      |
+---------------------------------------------+--------+------------------------------------------------------------------+
| config_compile -design_size_maximum_warning | 100000 | Show a warning when total design instructions exceeds this value |
+---------------------------------------------+--------+------------------------------------------------------------------+


