

================================================================
== Vitis HLS Report for 'write_tmp_FT0_3_Pipeline_VITIS_LOOP_1344_1'
================================================================
* Date:           Fri Jan 10 12:45:36 2025

* Version:        2023.2 (Build 4023990 on Oct 11 2023)
* Project:        kernel_nlp_slr0
* Solution:       solution (Vitis Kernel Flow Target)
* Product family: virtexuplusHBM
* Target device:  xcu55c-fsvh2892-2L-e


================================================================
== Performance Estimates
================================================================
+ Timing: 
    * Summary: 
    +--------+---------+----------+------------+
    |  Clock |  Target | Estimated| Uncertainty|
    +--------+---------+----------+------------+
    |ap_clk  |  4.55 ns|  1.481 ns|     1.23 ns|
    +--------+---------+----------+------------+

+ Latency: 
    * Summary: 
    +---------+---------+-----------+-----------+-----+-----+---------+
    |  Latency (cycles) |   Latency (absolute)  |  Interval | Pipeline|
    |   min   |   max   |    min    |    max    | min | max |   Type  |
    +---------+---------+-----------+-----------+-----+-----+---------+
    |       22|       22|  99.990 ns|  99.990 ns|   22|   22|       no|
    +---------+---------+-----------+-----------+-----+-----+---------+

    + Detail: 
        * Instance: 
        N/A

        * Loop: 
        +---------------------+---------+---------+----------+-----------+-----------+------+----------+
        |                     |  Latency (cycles) | Iteration|  Initiation Interval  | Trip |          |
        |      Loop Name      |   min   |   max   |  Latency |  achieved |   target  | Count| Pipelined|
        +---------------------+---------+---------+----------+-----------+-----------+------+----------+
        |- VITIS_LOOP_1344_1  |       20|       20|         2|          1|          1|    20|       yes|
        +---------------------+---------+---------+----------+-----------+-----------+------+----------+



================================================================
== Utilization Estimates
================================================================
* Summary: 
+---------------------+---------+------+---------+---------+-----+
|         Name        | BRAM_18K|  DSP |    FF   |   LUT   | URAM|
+---------------------+---------+------+---------+---------+-----+
|DSP                  |        -|     -|        -|        -|    -|
|Expression           |        -|     -|        0|       28|    -|
|FIFO                 |        -|     -|        -|        -|    -|
|Instance             |        -|     -|        0|     1552|    -|
|Memory               |        -|     -|        -|        -|    -|
|Multiplexer          |        -|     -|        -|       45|    -|
|Register             |        -|     -|      520|        -|    -|
+---------------------+---------+------+---------+---------+-----+
|Total                |        0|     0|      520|     1625|    0|
+---------------------+---------+------+---------+---------+-----+
|Available SLR        |     1344|  3008|   869120|   434560|  320|
+---------------------+---------+------+---------+---------+-----+
|Utilization SLR (%)  |        0|     0|       ~0|       ~0|    0|
+---------------------+---------+------+---------+---------+-----+
|Available            |     4032|  9024|  2607360|  1303680|  960|
+---------------------+---------+------+---------+---------+-----+
|Utilization (%)      |        0|     0|       ~0|       ~0|    0|
+---------------------+---------+------+---------+---------+-----+

+ Detail: 
    * Instance: 
    +-----------------------------+-----------------------+---------+----+---+----+-----+
    |           Instance          |         Module        | BRAM_18K| DSP| FF| LUT| URAM|
    +-----------------------------+-----------------------+---------+----+---+----+-----+
    |sparsemux_41_5_32_1_1_U4359  |sparsemux_41_5_32_1_1  |        0|   0|  0|  97|    0|
    |sparsemux_41_5_32_1_1_U4360  |sparsemux_41_5_32_1_1  |        0|   0|  0|  97|    0|
    |sparsemux_41_5_32_1_1_U4361  |sparsemux_41_5_32_1_1  |        0|   0|  0|  97|    0|
    |sparsemux_41_5_32_1_1_U4362  |sparsemux_41_5_32_1_1  |        0|   0|  0|  97|    0|
    |sparsemux_41_5_32_1_1_U4363  |sparsemux_41_5_32_1_1  |        0|   0|  0|  97|    0|
    |sparsemux_41_5_32_1_1_U4364  |sparsemux_41_5_32_1_1  |        0|   0|  0|  97|    0|
    |sparsemux_41_5_32_1_1_U4365  |sparsemux_41_5_32_1_1  |        0|   0|  0|  97|    0|
    |sparsemux_41_5_32_1_1_U4366  |sparsemux_41_5_32_1_1  |        0|   0|  0|  97|    0|
    |sparsemux_41_5_32_1_1_U4367  |sparsemux_41_5_32_1_1  |        0|   0|  0|  97|    0|
    |sparsemux_41_5_32_1_1_U4368  |sparsemux_41_5_32_1_1  |        0|   0|  0|  97|    0|
    |sparsemux_41_5_32_1_1_U4369  |sparsemux_41_5_32_1_1  |        0|   0|  0|  97|    0|
    |sparsemux_41_5_32_1_1_U4370  |sparsemux_41_5_32_1_1  |        0|   0|  0|  97|    0|
    |sparsemux_41_5_32_1_1_U4371  |sparsemux_41_5_32_1_1  |        0|   0|  0|  97|    0|
    |sparsemux_41_5_32_1_1_U4372  |sparsemux_41_5_32_1_1  |        0|   0|  0|  97|    0|
    |sparsemux_41_5_32_1_1_U4373  |sparsemux_41_5_32_1_1  |        0|   0|  0|  97|    0|
    |sparsemux_41_5_32_1_1_U4374  |sparsemux_41_5_32_1_1  |        0|   0|  0|  97|    0|
    +-----------------------------+-----------------------+---------+----+---+----+-----+
    |Total                        |                       |        0|   0|  0|1552|    0|
    +-----------------------------+-----------------------+---------+----+---+----+-----+

    * DSP: 
    N/A

    * Memory: 
    N/A

    * FIFO: 
    N/A

    * Expression: 
    +---------------------------+----------+----+---+----+------------+------------+
    |       Variable Name       | Operation| DSP| FF| LUT| Bitwidth P0| Bitwidth P1|
    +---------------------------+----------+----+---+----+------------+------------+
    |add_ln1344_fu_2661_p2      |         +|   0|  0|  12|           5|           1|
    |ap_block_pp0_stage0_01001  |       and|   0|  0|   2|           1|           1|
    |icmp_ln1344_fu_2655_p2     |      icmp|   0|  0|  12|           5|           5|
    |ap_enable_pp0              |       xor|   0|  0|   2|           1|           2|
    +---------------------------+----------+----+---+----+------------+------------+
    |Total                      |          |   0|  0|  28|          12|           9|
    +---------------------------+----------+----+---+----+------------+------------+

    * Multiplexer: 
    +----------------------------+----+-----------+-----+-----------+
    |            Name            | LUT| Input Size| Bits| Total Bits|
    +----------------------------+----+-----------+-----+-----------+
    |ap_done_int                 |   9|          2|    1|          2|
    |ap_enable_reg_pp0_iter1     |   9|          2|    1|          2|
    |ap_sig_allocacmp_d0_1       |   9|          2|    5|         10|
    |d0_fu_716                   |   9|          2|    5|         10|
    |fifo_tmp_to_off_chip_blk_n  |   9|          2|    1|          2|
    +----------------------------+----+-----------+-----+-----------+
    |Total                       |  45|         10|   13|         26|
    +----------------------------+----+-----------+-----+-----------+

    * Register: 
    +-------------------------+----+----+-----+-----------+
    |           Name          | FF | LUT| Bits| Const Bits|
    +-------------------------+----+----+-----+-----------+
    |ap_CS_fsm                |   1|   0|    1|          0|
    |ap_done_reg              |   1|   0|    1|          0|
    |ap_enable_reg_pp0_iter1  |   1|   0|    1|          0|
    |d0_fu_716                |   5|   0|    5|          0|
    |tmp_10_i_reg_4230        |  32|   0|   32|          0|
    |tmp_11_i_reg_4235        |  32|   0|   32|          0|
    |tmp_12_i_reg_4240        |  32|   0|   32|          0|
    |tmp_13_i_reg_4245        |  32|   0|   32|          0|
    |tmp_14_i_reg_4250        |  32|   0|   32|          0|
    |tmp_1_i_reg_4180         |  32|   0|   32|          0|
    |tmp_2_i_reg_4185         |  32|   0|   32|          0|
    |tmp_3_i_reg_4190         |  32|   0|   32|          0|
    |tmp_4_i_reg_4195         |  32|   0|   32|          0|
    |tmp_5_i_reg_4200         |  32|   0|   32|          0|
    |tmp_6_i_reg_4205         |  32|   0|   32|          0|
    |tmp_7_i_reg_4210         |  32|   0|   32|          0|
    |tmp_8_i_reg_4215         |  32|   0|   32|          0|
    |tmp_9_i_reg_4220         |  32|   0|   32|          0|
    |tmp_i_71_reg_4225        |  32|   0|   32|          0|
    |tmp_i_reg_4175           |  32|   0|   32|          0|
    +-------------------------+----+----+-----+-----------+
    |Total                    | 520|   0|  520|          0|
    +-------------------------+----+----+-----+-----------+



================================================================
== Interface
================================================================
* Summary: 
+-------------------------------------+-----+-----+------------+--------------------------------------------+--------------+
|              RTL Ports              | Dir | Bits|  Protocol  |                Source Object               |    C Type    |
+-------------------------------------+-----+-----+------------+--------------------------------------------+--------------+
|ap_clk                               |   in|    1|  ap_ctrl_hs|  write_tmp_FT0.3_Pipeline_VITIS_LOOP_1344_1|  return value|
|ap_rst                               |   in|    1|  ap_ctrl_hs|  write_tmp_FT0.3_Pipeline_VITIS_LOOP_1344_1|  return value|
|ap_start                             |   in|    1|  ap_ctrl_hs|  write_tmp_FT0.3_Pipeline_VITIS_LOOP_1344_1|  return value|
|ap_done                              |  out|    1|  ap_ctrl_hs|  write_tmp_FT0.3_Pipeline_VITIS_LOOP_1344_1|  return value|
|ap_idle                              |  out|    1|  ap_ctrl_hs|  write_tmp_FT0.3_Pipeline_VITIS_LOOP_1344_1|  return value|
|ap_ready                             |  out|    1|  ap_ctrl_hs|  write_tmp_FT0.3_Pipeline_VITIS_LOOP_1344_1|  return value|
|fifo_tmp_to_off_chip_din             |  out|  512|     ap_fifo|                        fifo_tmp_to_off_chip|       pointer|
|fifo_tmp_to_off_chip_num_data_valid  |   in|   11|     ap_fifo|                        fifo_tmp_to_off_chip|       pointer|
|fifo_tmp_to_off_chip_fifo_cap        |   in|   11|     ap_fifo|                        fifo_tmp_to_off_chip|       pointer|
|fifo_tmp_to_off_chip_full_n          |   in|    1|     ap_fifo|                        fifo_tmp_to_off_chip|       pointer|
|fifo_tmp_to_off_chip_write           |  out|    1|     ap_fifo|                        fifo_tmp_to_off_chip|       pointer|
|tmp_1_0_0_val3_load                  |   in|   32|     ap_none|                         tmp_1_0_0_val3_load|        scalar|
|tmp_1_1_0_val35_load                 |   in|   32|     ap_none|                        tmp_1_1_0_val35_load|        scalar|
|tmp_1_2_0_val67_load                 |   in|   32|     ap_none|                        tmp_1_2_0_val67_load|        scalar|
|tmp_1_3_0_val99_load                 |   in|   32|     ap_none|                        tmp_1_3_0_val99_load|        scalar|
|tmp_1_4_0_val131_load                |   in|   32|     ap_none|                       tmp_1_4_0_val131_load|        scalar|
|tmp_1_5_0_val163_load                |   in|   32|     ap_none|                       tmp_1_5_0_val163_load|        scalar|
|tmp_1_6_0_val195_load                |   in|   32|     ap_none|                       tmp_1_6_0_val195_load|        scalar|
|tmp_1_7_0_val227_load                |   in|   32|     ap_none|                       tmp_1_7_0_val227_load|        scalar|
|tmp_1_8_0_val259_load                |   in|   32|     ap_none|                       tmp_1_8_0_val259_load|        scalar|
|tmp_1_9_0_val291_load                |   in|   32|     ap_none|                       tmp_1_9_0_val291_load|        scalar|
|tmp_1_10_0_val323_load               |   in|   32|     ap_none|                      tmp_1_10_0_val323_load|        scalar|
|tmp_1_11_0_val355_load               |   in|   32|     ap_none|                      tmp_1_11_0_val355_load|        scalar|
|tmp_1_12_0_val387_load               |   in|   32|     ap_none|                      tmp_1_12_0_val387_load|        scalar|
|tmp_1_13_0_val419_load               |   in|   32|     ap_none|                      tmp_1_13_0_val419_load|        scalar|
|tmp_1_14_0_val451_load               |   in|   32|     ap_none|                      tmp_1_14_0_val451_load|        scalar|
|tmp_1_15_0_val483_load               |   in|   32|     ap_none|                      tmp_1_15_0_val483_load|        scalar|
|tmp_1_16_0_val515_load               |   in|   32|     ap_none|                      tmp_1_16_0_val515_load|        scalar|
|tmp_1_17_0_val547_load               |   in|   32|     ap_none|                      tmp_1_17_0_val547_load|        scalar|
|tmp_1_18_0_val579_load               |   in|   32|     ap_none|                      tmp_1_18_0_val579_load|        scalar|
|tmp_1_19_0_val611_load               |   in|   32|     ap_none|                      tmp_1_19_0_val611_load|        scalar|
|tmp_1_0_1_val5_load                  |   in|   32|     ap_none|                         tmp_1_0_1_val5_load|        scalar|
|tmp_1_1_1_val37_load                 |   in|   32|     ap_none|                        tmp_1_1_1_val37_load|        scalar|
|tmp_1_2_1_val69_load                 |   in|   32|     ap_none|                        tmp_1_2_1_val69_load|        scalar|
|tmp_1_3_1_val101_load                |   in|   32|     ap_none|                       tmp_1_3_1_val101_load|        scalar|
|tmp_1_4_1_val133_load                |   in|   32|     ap_none|                       tmp_1_4_1_val133_load|        scalar|
|tmp_1_5_1_val165_load                |   in|   32|     ap_none|                       tmp_1_5_1_val165_load|        scalar|
|tmp_1_6_1_val197_load                |   in|   32|     ap_none|                       tmp_1_6_1_val197_load|        scalar|
|tmp_1_7_1_val229_load                |   in|   32|     ap_none|                       tmp_1_7_1_val229_load|        scalar|
|tmp_1_8_1_val261_load                |   in|   32|     ap_none|                       tmp_1_8_1_val261_load|        scalar|
|tmp_1_9_1_val293_load                |   in|   32|     ap_none|                       tmp_1_9_1_val293_load|        scalar|
|tmp_1_10_1_val325_load               |   in|   32|     ap_none|                      tmp_1_10_1_val325_load|        scalar|
|tmp_1_11_1_val357_load               |   in|   32|     ap_none|                      tmp_1_11_1_val357_load|        scalar|
|tmp_1_12_1_val389_load               |   in|   32|     ap_none|                      tmp_1_12_1_val389_load|        scalar|
|tmp_1_13_1_val421_load               |   in|   32|     ap_none|                      tmp_1_13_1_val421_load|        scalar|
|tmp_1_14_1_val453_load               |   in|   32|     ap_none|                      tmp_1_14_1_val453_load|        scalar|
|tmp_1_15_1_val485_load               |   in|   32|     ap_none|                      tmp_1_15_1_val485_load|        scalar|
|tmp_1_16_1_val517_load               |   in|   32|     ap_none|                      tmp_1_16_1_val517_load|        scalar|
|tmp_1_17_1_val549_load               |   in|   32|     ap_none|                      tmp_1_17_1_val549_load|        scalar|
|tmp_1_18_1_val581_load               |   in|   32|     ap_none|                      tmp_1_18_1_val581_load|        scalar|
|tmp_1_19_1_val613_load               |   in|   32|     ap_none|                      tmp_1_19_1_val613_load|        scalar|
|tmp_1_0_2_val7_load                  |   in|   32|     ap_none|                         tmp_1_0_2_val7_load|        scalar|
|tmp_1_1_2_val39_load                 |   in|   32|     ap_none|                        tmp_1_1_2_val39_load|        scalar|
|tmp_1_2_2_val71_load                 |   in|   32|     ap_none|                        tmp_1_2_2_val71_load|        scalar|
|tmp_1_3_2_val103_load                |   in|   32|     ap_none|                       tmp_1_3_2_val103_load|        scalar|
|tmp_1_4_2_val135_load                |   in|   32|     ap_none|                       tmp_1_4_2_val135_load|        scalar|
|tmp_1_5_2_val167_load                |   in|   32|     ap_none|                       tmp_1_5_2_val167_load|        scalar|
|tmp_1_6_2_val199_load                |   in|   32|     ap_none|                       tmp_1_6_2_val199_load|        scalar|
|tmp_1_7_2_val231_load                |   in|   32|     ap_none|                       tmp_1_7_2_val231_load|        scalar|
|tmp_1_8_2_val263_load                |   in|   32|     ap_none|                       tmp_1_8_2_val263_load|        scalar|
|tmp_1_9_2_val295_load                |   in|   32|     ap_none|                       tmp_1_9_2_val295_load|        scalar|
|tmp_1_10_2_val327_load               |   in|   32|     ap_none|                      tmp_1_10_2_val327_load|        scalar|
|tmp_1_11_2_val359_load               |   in|   32|     ap_none|                      tmp_1_11_2_val359_load|        scalar|
|tmp_1_12_2_val391_load               |   in|   32|     ap_none|                      tmp_1_12_2_val391_load|        scalar|
|tmp_1_13_2_val423_load               |   in|   32|     ap_none|                      tmp_1_13_2_val423_load|        scalar|
|tmp_1_14_2_val455_load               |   in|   32|     ap_none|                      tmp_1_14_2_val455_load|        scalar|
|tmp_1_15_2_val487_load               |   in|   32|     ap_none|                      tmp_1_15_2_val487_load|        scalar|
|tmp_1_16_2_val519_load               |   in|   32|     ap_none|                      tmp_1_16_2_val519_load|        scalar|
|tmp_1_17_2_val551_load               |   in|   32|     ap_none|                      tmp_1_17_2_val551_load|        scalar|
|tmp_1_18_2_val583_load               |   in|   32|     ap_none|                      tmp_1_18_2_val583_load|        scalar|
|tmp_1_19_2_val615_load               |   in|   32|     ap_none|                      tmp_1_19_2_val615_load|        scalar|
|tmp_1_0_3_val9_load                  |   in|   32|     ap_none|                         tmp_1_0_3_val9_load|        scalar|
|tmp_1_1_3_val41_load                 |   in|   32|     ap_none|                        tmp_1_1_3_val41_load|        scalar|
|tmp_1_2_3_val73_load                 |   in|   32|     ap_none|                        tmp_1_2_3_val73_load|        scalar|
|tmp_1_3_3_val105_load                |   in|   32|     ap_none|                       tmp_1_3_3_val105_load|        scalar|
|tmp_1_4_3_val137_load                |   in|   32|     ap_none|                       tmp_1_4_3_val137_load|        scalar|
|tmp_1_5_3_val169_load                |   in|   32|     ap_none|                       tmp_1_5_3_val169_load|        scalar|
|tmp_1_6_3_val201_load                |   in|   32|     ap_none|                       tmp_1_6_3_val201_load|        scalar|
|tmp_1_7_3_val233_load                |   in|   32|     ap_none|                       tmp_1_7_3_val233_load|        scalar|
|tmp_1_8_3_val265_load                |   in|   32|     ap_none|                       tmp_1_8_3_val265_load|        scalar|
|tmp_1_9_3_val297_load                |   in|   32|     ap_none|                       tmp_1_9_3_val297_load|        scalar|
|tmp_1_10_3_val329_load               |   in|   32|     ap_none|                      tmp_1_10_3_val329_load|        scalar|
|tmp_1_11_3_val361_load               |   in|   32|     ap_none|                      tmp_1_11_3_val361_load|        scalar|
|tmp_1_12_3_val393_load               |   in|   32|     ap_none|                      tmp_1_12_3_val393_load|        scalar|
|tmp_1_13_3_val425_load               |   in|   32|     ap_none|                      tmp_1_13_3_val425_load|        scalar|
|tmp_1_14_3_val457_load               |   in|   32|     ap_none|                      tmp_1_14_3_val457_load|        scalar|
|tmp_1_15_3_val489_load               |   in|   32|     ap_none|                      tmp_1_15_3_val489_load|        scalar|
|tmp_1_16_3_val521_load               |   in|   32|     ap_none|                      tmp_1_16_3_val521_load|        scalar|
|tmp_1_17_3_val553_load               |   in|   32|     ap_none|                      tmp_1_17_3_val553_load|        scalar|
|tmp_1_18_3_val585_load               |   in|   32|     ap_none|                      tmp_1_18_3_val585_load|        scalar|
|tmp_1_19_3_val617_load               |   in|   32|     ap_none|                      tmp_1_19_3_val617_load|        scalar|
|tmp_1_0_4_val11_load                 |   in|   32|     ap_none|                        tmp_1_0_4_val11_load|        scalar|
|tmp_1_1_4_val43_load                 |   in|   32|     ap_none|                        tmp_1_1_4_val43_load|        scalar|
|tmp_1_2_4_val75_load                 |   in|   32|     ap_none|                        tmp_1_2_4_val75_load|        scalar|
|tmp_1_3_4_val107_load                |   in|   32|     ap_none|                       tmp_1_3_4_val107_load|        scalar|
|tmp_1_4_4_val139_load                |   in|   32|     ap_none|                       tmp_1_4_4_val139_load|        scalar|
|tmp_1_5_4_val171_load                |   in|   32|     ap_none|                       tmp_1_5_4_val171_load|        scalar|
|tmp_1_6_4_val203_load                |   in|   32|     ap_none|                       tmp_1_6_4_val203_load|        scalar|
|tmp_1_7_4_val235_load                |   in|   32|     ap_none|                       tmp_1_7_4_val235_load|        scalar|
|tmp_1_8_4_val267_load                |   in|   32|     ap_none|                       tmp_1_8_4_val267_load|        scalar|
|tmp_1_9_4_val299_load                |   in|   32|     ap_none|                       tmp_1_9_4_val299_load|        scalar|
|tmp_1_10_4_val331_load               |   in|   32|     ap_none|                      tmp_1_10_4_val331_load|        scalar|
|tmp_1_11_4_val363_load               |   in|   32|     ap_none|                      tmp_1_11_4_val363_load|        scalar|
|tmp_1_12_4_val395_load               |   in|   32|     ap_none|                      tmp_1_12_4_val395_load|        scalar|
|tmp_1_13_4_val427_load               |   in|   32|     ap_none|                      tmp_1_13_4_val427_load|        scalar|
|tmp_1_14_4_val459_load               |   in|   32|     ap_none|                      tmp_1_14_4_val459_load|        scalar|
|tmp_1_15_4_val491_load               |   in|   32|     ap_none|                      tmp_1_15_4_val491_load|        scalar|
|tmp_1_16_4_val523_load               |   in|   32|     ap_none|                      tmp_1_16_4_val523_load|        scalar|
|tmp_1_17_4_val555_load               |   in|   32|     ap_none|                      tmp_1_17_4_val555_load|        scalar|
|tmp_1_18_4_val587_load               |   in|   32|     ap_none|                      tmp_1_18_4_val587_load|        scalar|
|tmp_1_19_4_val619_load               |   in|   32|     ap_none|                      tmp_1_19_4_val619_load|        scalar|
|tmp_1_0_5_val13_load                 |   in|   32|     ap_none|                        tmp_1_0_5_val13_load|        scalar|
|tmp_1_1_5_val45_load                 |   in|   32|     ap_none|                        tmp_1_1_5_val45_load|        scalar|
|tmp_1_2_5_val77_load                 |   in|   32|     ap_none|                        tmp_1_2_5_val77_load|        scalar|
|tmp_1_3_5_val109_load                |   in|   32|     ap_none|                       tmp_1_3_5_val109_load|        scalar|
|tmp_1_4_5_val141_load                |   in|   32|     ap_none|                       tmp_1_4_5_val141_load|        scalar|
|tmp_1_5_5_val173_load                |   in|   32|     ap_none|                       tmp_1_5_5_val173_load|        scalar|
|tmp_1_6_5_val205_load                |   in|   32|     ap_none|                       tmp_1_6_5_val205_load|        scalar|
|tmp_1_7_5_val237_load                |   in|   32|     ap_none|                       tmp_1_7_5_val237_load|        scalar|
|tmp_1_8_5_val269_load                |   in|   32|     ap_none|                       tmp_1_8_5_val269_load|        scalar|
|tmp_1_9_5_val301_load                |   in|   32|     ap_none|                       tmp_1_9_5_val301_load|        scalar|
|tmp_1_10_5_val333_load               |   in|   32|     ap_none|                      tmp_1_10_5_val333_load|        scalar|
|tmp_1_11_5_val365_load               |   in|   32|     ap_none|                      tmp_1_11_5_val365_load|        scalar|
|tmp_1_12_5_val397_load               |   in|   32|     ap_none|                      tmp_1_12_5_val397_load|        scalar|
|tmp_1_13_5_val429_load               |   in|   32|     ap_none|                      tmp_1_13_5_val429_load|        scalar|
|tmp_1_14_5_val461_load               |   in|   32|     ap_none|                      tmp_1_14_5_val461_load|        scalar|
|tmp_1_15_5_val493_load               |   in|   32|     ap_none|                      tmp_1_15_5_val493_load|        scalar|
|tmp_1_16_5_val525_load               |   in|   32|     ap_none|                      tmp_1_16_5_val525_load|        scalar|
|tmp_1_17_5_val557_load               |   in|   32|     ap_none|                      tmp_1_17_5_val557_load|        scalar|
|tmp_1_18_5_val589_load               |   in|   32|     ap_none|                      tmp_1_18_5_val589_load|        scalar|
|tmp_1_19_5_val621_load               |   in|   32|     ap_none|                      tmp_1_19_5_val621_load|        scalar|
|tmp_1_0_6_val15_load                 |   in|   32|     ap_none|                        tmp_1_0_6_val15_load|        scalar|
|tmp_1_1_6_val47_load                 |   in|   32|     ap_none|                        tmp_1_1_6_val47_load|        scalar|
|tmp_1_2_6_val79_load                 |   in|   32|     ap_none|                        tmp_1_2_6_val79_load|        scalar|
|tmp_1_3_6_val111_load                |   in|   32|     ap_none|                       tmp_1_3_6_val111_load|        scalar|
|tmp_1_4_6_val143_load                |   in|   32|     ap_none|                       tmp_1_4_6_val143_load|        scalar|
|tmp_1_5_6_val175_load                |   in|   32|     ap_none|                       tmp_1_5_6_val175_load|        scalar|
|tmp_1_6_6_val207_load                |   in|   32|     ap_none|                       tmp_1_6_6_val207_load|        scalar|
|tmp_1_7_6_val239_load                |   in|   32|     ap_none|                       tmp_1_7_6_val239_load|        scalar|
|tmp_1_8_6_val271_load                |   in|   32|     ap_none|                       tmp_1_8_6_val271_load|        scalar|
|tmp_1_9_6_val303_load                |   in|   32|     ap_none|                       tmp_1_9_6_val303_load|        scalar|
|tmp_1_10_6_val335_load               |   in|   32|     ap_none|                      tmp_1_10_6_val335_load|        scalar|
|tmp_1_11_6_val367_load               |   in|   32|     ap_none|                      tmp_1_11_6_val367_load|        scalar|
|tmp_1_12_6_val399_load               |   in|   32|     ap_none|                      tmp_1_12_6_val399_load|        scalar|
|tmp_1_13_6_val431_load               |   in|   32|     ap_none|                      tmp_1_13_6_val431_load|        scalar|
|tmp_1_14_6_val463_load               |   in|   32|     ap_none|                      tmp_1_14_6_val463_load|        scalar|
|tmp_1_15_6_val495_load               |   in|   32|     ap_none|                      tmp_1_15_6_val495_load|        scalar|
|tmp_1_16_6_val527_load               |   in|   32|     ap_none|                      tmp_1_16_6_val527_load|        scalar|
|tmp_1_17_6_val559_load               |   in|   32|     ap_none|                      tmp_1_17_6_val559_load|        scalar|
|tmp_1_18_6_val591_load               |   in|   32|     ap_none|                      tmp_1_18_6_val591_load|        scalar|
|tmp_1_19_6_val623_load               |   in|   32|     ap_none|                      tmp_1_19_6_val623_load|        scalar|
|tmp_1_0_7_val17_load                 |   in|   32|     ap_none|                        tmp_1_0_7_val17_load|        scalar|
|tmp_1_1_7_val49_load                 |   in|   32|     ap_none|                        tmp_1_1_7_val49_load|        scalar|
|tmp_1_2_7_val81_load                 |   in|   32|     ap_none|                        tmp_1_2_7_val81_load|        scalar|
|tmp_1_3_7_val113_load                |   in|   32|     ap_none|                       tmp_1_3_7_val113_load|        scalar|
|tmp_1_4_7_val145_load                |   in|   32|     ap_none|                       tmp_1_4_7_val145_load|        scalar|
|tmp_1_5_7_val177_load                |   in|   32|     ap_none|                       tmp_1_5_7_val177_load|        scalar|
|tmp_1_6_7_val209_load                |   in|   32|     ap_none|                       tmp_1_6_7_val209_load|        scalar|
|tmp_1_7_7_val241_load                |   in|   32|     ap_none|                       tmp_1_7_7_val241_load|        scalar|
|tmp_1_8_7_val273_load                |   in|   32|     ap_none|                       tmp_1_8_7_val273_load|        scalar|
|tmp_1_9_7_val305_load                |   in|   32|     ap_none|                       tmp_1_9_7_val305_load|        scalar|
|tmp_1_10_7_val337_load               |   in|   32|     ap_none|                      tmp_1_10_7_val337_load|        scalar|
|tmp_1_11_7_val369_load               |   in|   32|     ap_none|                      tmp_1_11_7_val369_load|        scalar|
|tmp_1_12_7_val401_load               |   in|   32|     ap_none|                      tmp_1_12_7_val401_load|        scalar|
|tmp_1_13_7_val433_load               |   in|   32|     ap_none|                      tmp_1_13_7_val433_load|        scalar|
|tmp_1_14_7_val465_load               |   in|   32|     ap_none|                      tmp_1_14_7_val465_load|        scalar|
|tmp_1_15_7_val497_load               |   in|   32|     ap_none|                      tmp_1_15_7_val497_load|        scalar|
|tmp_1_16_7_val529_load               |   in|   32|     ap_none|                      tmp_1_16_7_val529_load|        scalar|
|tmp_1_17_7_val561_load               |   in|   32|     ap_none|                      tmp_1_17_7_val561_load|        scalar|
|tmp_1_18_7_val593_load               |   in|   32|     ap_none|                      tmp_1_18_7_val593_load|        scalar|
|tmp_1_19_7_val625_load               |   in|   32|     ap_none|                      tmp_1_19_7_val625_load|        scalar|
|tmp_1_0_8_val19_load                 |   in|   32|     ap_none|                        tmp_1_0_8_val19_load|        scalar|
|tmp_1_1_8_val51_load                 |   in|   32|     ap_none|                        tmp_1_1_8_val51_load|        scalar|
|tmp_1_2_8_val83_load                 |   in|   32|     ap_none|                        tmp_1_2_8_val83_load|        scalar|
|tmp_1_3_8_val115_load                |   in|   32|     ap_none|                       tmp_1_3_8_val115_load|        scalar|
|tmp_1_4_8_val147_load                |   in|   32|     ap_none|                       tmp_1_4_8_val147_load|        scalar|
|tmp_1_5_8_val179_load                |   in|   32|     ap_none|                       tmp_1_5_8_val179_load|        scalar|
|tmp_1_6_8_val211_load                |   in|   32|     ap_none|                       tmp_1_6_8_val211_load|        scalar|
|tmp_1_7_8_val243_load                |   in|   32|     ap_none|                       tmp_1_7_8_val243_load|        scalar|
|tmp_1_8_8_val275_load                |   in|   32|     ap_none|                       tmp_1_8_8_val275_load|        scalar|
|tmp_1_9_8_val307_load                |   in|   32|     ap_none|                       tmp_1_9_8_val307_load|        scalar|
|tmp_1_10_8_val339_load               |   in|   32|     ap_none|                      tmp_1_10_8_val339_load|        scalar|
|tmp_1_11_8_val371_load               |   in|   32|     ap_none|                      tmp_1_11_8_val371_load|        scalar|
|tmp_1_12_8_val403_load               |   in|   32|     ap_none|                      tmp_1_12_8_val403_load|        scalar|
|tmp_1_13_8_val435_load               |   in|   32|     ap_none|                      tmp_1_13_8_val435_load|        scalar|
|tmp_1_14_8_val467_load               |   in|   32|     ap_none|                      tmp_1_14_8_val467_load|        scalar|
|tmp_1_15_8_val499_load               |   in|   32|     ap_none|                      tmp_1_15_8_val499_load|        scalar|
|tmp_1_16_8_val531_load               |   in|   32|     ap_none|                      tmp_1_16_8_val531_load|        scalar|
|tmp_1_17_8_val563_load               |   in|   32|     ap_none|                      tmp_1_17_8_val563_load|        scalar|
|tmp_1_18_8_val595_load               |   in|   32|     ap_none|                      tmp_1_18_8_val595_load|        scalar|
|tmp_1_19_8_val627_load               |   in|   32|     ap_none|                      tmp_1_19_8_val627_load|        scalar|
|tmp_1_0_9_val21_load                 |   in|   32|     ap_none|                        tmp_1_0_9_val21_load|        scalar|
|tmp_1_1_9_val53_load                 |   in|   32|     ap_none|                        tmp_1_1_9_val53_load|        scalar|
|tmp_1_2_9_val85_load                 |   in|   32|     ap_none|                        tmp_1_2_9_val85_load|        scalar|
|tmp_1_3_9_val117_load                |   in|   32|     ap_none|                       tmp_1_3_9_val117_load|        scalar|
|tmp_1_4_9_val149_load                |   in|   32|     ap_none|                       tmp_1_4_9_val149_load|        scalar|
|tmp_1_5_9_val181_load                |   in|   32|     ap_none|                       tmp_1_5_9_val181_load|        scalar|
|tmp_1_6_9_val213_load                |   in|   32|     ap_none|                       tmp_1_6_9_val213_load|        scalar|
|tmp_1_7_9_val245_load                |   in|   32|     ap_none|                       tmp_1_7_9_val245_load|        scalar|
|tmp_1_8_9_val277_load                |   in|   32|     ap_none|                       tmp_1_8_9_val277_load|        scalar|
|tmp_1_9_9_val309_load                |   in|   32|     ap_none|                       tmp_1_9_9_val309_load|        scalar|
|tmp_1_10_9_val341_load               |   in|   32|     ap_none|                      tmp_1_10_9_val341_load|        scalar|
|tmp_1_11_9_val373_load               |   in|   32|     ap_none|                      tmp_1_11_9_val373_load|        scalar|
|tmp_1_12_9_val405_load               |   in|   32|     ap_none|                      tmp_1_12_9_val405_load|        scalar|
|tmp_1_13_9_val437_load               |   in|   32|     ap_none|                      tmp_1_13_9_val437_load|        scalar|
|tmp_1_14_9_val469_load               |   in|   32|     ap_none|                      tmp_1_14_9_val469_load|        scalar|
|tmp_1_15_9_val501_load               |   in|   32|     ap_none|                      tmp_1_15_9_val501_load|        scalar|
|tmp_1_16_9_val533_load               |   in|   32|     ap_none|                      tmp_1_16_9_val533_load|        scalar|
|tmp_1_17_9_val565_load               |   in|   32|     ap_none|                      tmp_1_17_9_val565_load|        scalar|
|tmp_1_18_9_val597_load               |   in|   32|     ap_none|                      tmp_1_18_9_val597_load|        scalar|
|tmp_1_19_9_val629_load               |   in|   32|     ap_none|                      tmp_1_19_9_val629_load|        scalar|
|tmp_1_0_10_val23_load                |   in|   32|     ap_none|                       tmp_1_0_10_val23_load|        scalar|
|tmp_1_1_10_val55_load                |   in|   32|     ap_none|                       tmp_1_1_10_val55_load|        scalar|
|tmp_1_2_10_val87_load                |   in|   32|     ap_none|                       tmp_1_2_10_val87_load|        scalar|
|tmp_1_3_10_val119_load               |   in|   32|     ap_none|                      tmp_1_3_10_val119_load|        scalar|
|tmp_1_4_10_val151_load               |   in|   32|     ap_none|                      tmp_1_4_10_val151_load|        scalar|
|tmp_1_5_10_val183_load               |   in|   32|     ap_none|                      tmp_1_5_10_val183_load|        scalar|
|tmp_1_6_10_val215_load               |   in|   32|     ap_none|                      tmp_1_6_10_val215_load|        scalar|
|tmp_1_7_10_val247_load               |   in|   32|     ap_none|                      tmp_1_7_10_val247_load|        scalar|
|tmp_1_8_10_val279_load               |   in|   32|     ap_none|                      tmp_1_8_10_val279_load|        scalar|
|tmp_1_9_10_val311_load               |   in|   32|     ap_none|                      tmp_1_9_10_val311_load|        scalar|
|tmp_1_10_10_val343_load              |   in|   32|     ap_none|                     tmp_1_10_10_val343_load|        scalar|
|tmp_1_11_10_val375_load              |   in|   32|     ap_none|                     tmp_1_11_10_val375_load|        scalar|
|tmp_1_12_10_val407_load              |   in|   32|     ap_none|                     tmp_1_12_10_val407_load|        scalar|
|tmp_1_13_10_val439_load              |   in|   32|     ap_none|                     tmp_1_13_10_val439_load|        scalar|
|tmp_1_14_10_val471_load              |   in|   32|     ap_none|                     tmp_1_14_10_val471_load|        scalar|
|tmp_1_15_10_val503_load              |   in|   32|     ap_none|                     tmp_1_15_10_val503_load|        scalar|
|tmp_1_16_10_val535_load              |   in|   32|     ap_none|                     tmp_1_16_10_val535_load|        scalar|
|tmp_1_17_10_val567_load              |   in|   32|     ap_none|                     tmp_1_17_10_val567_load|        scalar|
|tmp_1_18_10_val599_load              |   in|   32|     ap_none|                     tmp_1_18_10_val599_load|        scalar|
|tmp_1_19_10_val631_load              |   in|   32|     ap_none|                     tmp_1_19_10_val631_load|        scalar|
|tmp_1_0_11_val25_load                |   in|   32|     ap_none|                       tmp_1_0_11_val25_load|        scalar|
|tmp_1_1_11_val57_load                |   in|   32|     ap_none|                       tmp_1_1_11_val57_load|        scalar|
|tmp_1_2_11_val89_load                |   in|   32|     ap_none|                       tmp_1_2_11_val89_load|        scalar|
|tmp_1_3_11_val121_load               |   in|   32|     ap_none|                      tmp_1_3_11_val121_load|        scalar|
|tmp_1_4_11_val153_load               |   in|   32|     ap_none|                      tmp_1_4_11_val153_load|        scalar|
|tmp_1_5_11_val185_load               |   in|   32|     ap_none|                      tmp_1_5_11_val185_load|        scalar|
|tmp_1_6_11_val217_load               |   in|   32|     ap_none|                      tmp_1_6_11_val217_load|        scalar|
|tmp_1_7_11_val249_load               |   in|   32|     ap_none|                      tmp_1_7_11_val249_load|        scalar|
|tmp_1_8_11_val281_load               |   in|   32|     ap_none|                      tmp_1_8_11_val281_load|        scalar|
|tmp_1_9_11_val313_load               |   in|   32|     ap_none|                      tmp_1_9_11_val313_load|        scalar|
|tmp_1_10_11_val345_load              |   in|   32|     ap_none|                     tmp_1_10_11_val345_load|        scalar|
|tmp_1_11_11_val377_load              |   in|   32|     ap_none|                     tmp_1_11_11_val377_load|        scalar|
|tmp_1_12_11_val409_load              |   in|   32|     ap_none|                     tmp_1_12_11_val409_load|        scalar|
|tmp_1_13_11_val441_load              |   in|   32|     ap_none|                     tmp_1_13_11_val441_load|        scalar|
|tmp_1_14_11_val473_load              |   in|   32|     ap_none|                     tmp_1_14_11_val473_load|        scalar|
|tmp_1_15_11_val505_load              |   in|   32|     ap_none|                     tmp_1_15_11_val505_load|        scalar|
|tmp_1_16_11_val537_load              |   in|   32|     ap_none|                     tmp_1_16_11_val537_load|        scalar|
|tmp_1_17_11_val569_load              |   in|   32|     ap_none|                     tmp_1_17_11_val569_load|        scalar|
|tmp_1_18_11_val601_load              |   in|   32|     ap_none|                     tmp_1_18_11_val601_load|        scalar|
|tmp_1_19_11_val633_load              |   in|   32|     ap_none|                     tmp_1_19_11_val633_load|        scalar|
|tmp_1_0_12_val27_load                |   in|   32|     ap_none|                       tmp_1_0_12_val27_load|        scalar|
|tmp_1_1_12_val59_load                |   in|   32|     ap_none|                       tmp_1_1_12_val59_load|        scalar|
|tmp_1_2_12_val91_load                |   in|   32|     ap_none|                       tmp_1_2_12_val91_load|        scalar|
|tmp_1_3_12_val123_load               |   in|   32|     ap_none|                      tmp_1_3_12_val123_load|        scalar|
|tmp_1_4_12_val155_load               |   in|   32|     ap_none|                      tmp_1_4_12_val155_load|        scalar|
|tmp_1_5_12_val187_load               |   in|   32|     ap_none|                      tmp_1_5_12_val187_load|        scalar|
|tmp_1_6_12_val219_load               |   in|   32|     ap_none|                      tmp_1_6_12_val219_load|        scalar|
|tmp_1_7_12_val251_load               |   in|   32|     ap_none|                      tmp_1_7_12_val251_load|        scalar|
|tmp_1_8_12_val283_load               |   in|   32|     ap_none|                      tmp_1_8_12_val283_load|        scalar|
|tmp_1_9_12_val315_load               |   in|   32|     ap_none|                      tmp_1_9_12_val315_load|        scalar|
|tmp_1_10_12_val347_load              |   in|   32|     ap_none|                     tmp_1_10_12_val347_load|        scalar|
|tmp_1_11_12_val379_load              |   in|   32|     ap_none|                     tmp_1_11_12_val379_load|        scalar|
|tmp_1_12_12_val411_load              |   in|   32|     ap_none|                     tmp_1_12_12_val411_load|        scalar|
|tmp_1_13_12_val443_load              |   in|   32|     ap_none|                     tmp_1_13_12_val443_load|        scalar|
|tmp_1_14_12_val475_load              |   in|   32|     ap_none|                     tmp_1_14_12_val475_load|        scalar|
|tmp_1_15_12_val507_load              |   in|   32|     ap_none|                     tmp_1_15_12_val507_load|        scalar|
|tmp_1_16_12_val539_load              |   in|   32|     ap_none|                     tmp_1_16_12_val539_load|        scalar|
|tmp_1_17_12_val571_load              |   in|   32|     ap_none|                     tmp_1_17_12_val571_load|        scalar|
|tmp_1_18_12_val603_load              |   in|   32|     ap_none|                     tmp_1_18_12_val603_load|        scalar|
|tmp_1_19_12_val635_load              |   in|   32|     ap_none|                     tmp_1_19_12_val635_load|        scalar|
|tmp_1_0_13_val29_load                |   in|   32|     ap_none|                       tmp_1_0_13_val29_load|        scalar|
|tmp_1_1_13_val61_load                |   in|   32|     ap_none|                       tmp_1_1_13_val61_load|        scalar|
|tmp_1_2_13_val93_load                |   in|   32|     ap_none|                       tmp_1_2_13_val93_load|        scalar|
|tmp_1_3_13_val125_load               |   in|   32|     ap_none|                      tmp_1_3_13_val125_load|        scalar|
|tmp_1_4_13_val157_load               |   in|   32|     ap_none|                      tmp_1_4_13_val157_load|        scalar|
|tmp_1_5_13_val189_load               |   in|   32|     ap_none|                      tmp_1_5_13_val189_load|        scalar|
|tmp_1_6_13_val221_load               |   in|   32|     ap_none|                      tmp_1_6_13_val221_load|        scalar|
|tmp_1_7_13_val253_load               |   in|   32|     ap_none|                      tmp_1_7_13_val253_load|        scalar|
|tmp_1_8_13_val285_load               |   in|   32|     ap_none|                      tmp_1_8_13_val285_load|        scalar|
|tmp_1_9_13_val317_load               |   in|   32|     ap_none|                      tmp_1_9_13_val317_load|        scalar|
|tmp_1_10_13_val349_load              |   in|   32|     ap_none|                     tmp_1_10_13_val349_load|        scalar|
|tmp_1_11_13_val381_load              |   in|   32|     ap_none|                     tmp_1_11_13_val381_load|        scalar|
|tmp_1_12_13_val413_load              |   in|   32|     ap_none|                     tmp_1_12_13_val413_load|        scalar|
|tmp_1_13_13_val445_load              |   in|   32|     ap_none|                     tmp_1_13_13_val445_load|        scalar|
|tmp_1_14_13_val477_load              |   in|   32|     ap_none|                     tmp_1_14_13_val477_load|        scalar|
|tmp_1_15_13_val509_load              |   in|   32|     ap_none|                     tmp_1_15_13_val509_load|        scalar|
|tmp_1_16_13_val541_load              |   in|   32|     ap_none|                     tmp_1_16_13_val541_load|        scalar|
|tmp_1_17_13_val573_load              |   in|   32|     ap_none|                     tmp_1_17_13_val573_load|        scalar|
|tmp_1_18_13_val605_load              |   in|   32|     ap_none|                     tmp_1_18_13_val605_load|        scalar|
|tmp_1_19_13_val637_load              |   in|   32|     ap_none|                     tmp_1_19_13_val637_load|        scalar|
|tmp_1_0_14_val31_load                |   in|   32|     ap_none|                       tmp_1_0_14_val31_load|        scalar|
|tmp_1_1_14_val63_load                |   in|   32|     ap_none|                       tmp_1_1_14_val63_load|        scalar|
|tmp_1_2_14_val95_load                |   in|   32|     ap_none|                       tmp_1_2_14_val95_load|        scalar|
|tmp_1_3_14_val127_load               |   in|   32|     ap_none|                      tmp_1_3_14_val127_load|        scalar|
|tmp_1_4_14_val159_load               |   in|   32|     ap_none|                      tmp_1_4_14_val159_load|        scalar|
|tmp_1_5_14_val191_load               |   in|   32|     ap_none|                      tmp_1_5_14_val191_load|        scalar|
|tmp_1_6_14_val223_load               |   in|   32|     ap_none|                      tmp_1_6_14_val223_load|        scalar|
|tmp_1_7_14_val255_load               |   in|   32|     ap_none|                      tmp_1_7_14_val255_load|        scalar|
|tmp_1_8_14_val287_load               |   in|   32|     ap_none|                      tmp_1_8_14_val287_load|        scalar|
|tmp_1_9_14_val319_load               |   in|   32|     ap_none|                      tmp_1_9_14_val319_load|        scalar|
|tmp_1_10_14_val351_load              |   in|   32|     ap_none|                     tmp_1_10_14_val351_load|        scalar|
|tmp_1_11_14_val383_load              |   in|   32|     ap_none|                     tmp_1_11_14_val383_load|        scalar|
|tmp_1_12_14_val415_load              |   in|   32|     ap_none|                     tmp_1_12_14_val415_load|        scalar|
|tmp_1_13_14_val447_load              |   in|   32|     ap_none|                     tmp_1_13_14_val447_load|        scalar|
|tmp_1_14_14_val479_load              |   in|   32|     ap_none|                     tmp_1_14_14_val479_load|        scalar|
|tmp_1_15_14_val511_load              |   in|   32|     ap_none|                     tmp_1_15_14_val511_load|        scalar|
|tmp_1_16_14_val543_load              |   in|   32|     ap_none|                     tmp_1_16_14_val543_load|        scalar|
|tmp_1_17_14_val575_load              |   in|   32|     ap_none|                     tmp_1_17_14_val575_load|        scalar|
|tmp_1_18_14_val607_load              |   in|   32|     ap_none|                     tmp_1_18_14_val607_load|        scalar|
|tmp_1_19_14_val639_load              |   in|   32|     ap_none|                     tmp_1_19_14_val639_load|        scalar|
|tmp_1_0_15_val33_load                |   in|   32|     ap_none|                       tmp_1_0_15_val33_load|        scalar|
|tmp_1_1_15_val65_load                |   in|   32|     ap_none|                       tmp_1_1_15_val65_load|        scalar|
|tmp_1_2_15_val97_load                |   in|   32|     ap_none|                       tmp_1_2_15_val97_load|        scalar|
|tmp_1_3_15_val129_load               |   in|   32|     ap_none|                      tmp_1_3_15_val129_load|        scalar|
|tmp_1_4_15_val161_load               |   in|   32|     ap_none|                      tmp_1_4_15_val161_load|        scalar|
|tmp_1_5_15_val193_load               |   in|   32|     ap_none|                      tmp_1_5_15_val193_load|        scalar|
|tmp_1_6_15_val225_load               |   in|   32|     ap_none|                      tmp_1_6_15_val225_load|        scalar|
|tmp_1_7_15_val257_load               |   in|   32|     ap_none|                      tmp_1_7_15_val257_load|        scalar|
|tmp_1_8_15_val289_load               |   in|   32|     ap_none|                      tmp_1_8_15_val289_load|        scalar|
|tmp_1_9_15_val321_load               |   in|   32|     ap_none|                      tmp_1_9_15_val321_load|        scalar|
|tmp_1_10_15_val353_load              |   in|   32|     ap_none|                     tmp_1_10_15_val353_load|        scalar|
|tmp_1_11_15_val385_load              |   in|   32|     ap_none|                     tmp_1_11_15_val385_load|        scalar|
|tmp_1_12_15_val417_load              |   in|   32|     ap_none|                     tmp_1_12_15_val417_load|        scalar|
|tmp_1_13_15_val449_load              |   in|   32|     ap_none|                     tmp_1_13_15_val449_load|        scalar|
|tmp_1_14_15_val481_load              |   in|   32|     ap_none|                     tmp_1_14_15_val481_load|        scalar|
|tmp_1_15_15_val513_load              |   in|   32|     ap_none|                     tmp_1_15_15_val513_load|        scalar|
|tmp_1_16_15_val545_load              |   in|   32|     ap_none|                     tmp_1_16_15_val545_load|        scalar|
|tmp_1_17_15_val577_load              |   in|   32|     ap_none|                     tmp_1_17_15_val577_load|        scalar|
|tmp_1_18_15_val609_load              |   in|   32|     ap_none|                     tmp_1_18_15_val609_load|        scalar|
|tmp_1_19_15_val641_load              |   in|   32|     ap_none|                     tmp_1_19_15_val641_load|        scalar|
+-------------------------------------+-----+-----+------------+--------------------------------------------+--------------+

