

================================================================
== Vitis HLS Report for 'write_tmp_FT0'
================================================================
* Date:           Fri Jan 10 12:45:44 2025

* Version:        2023.2 (Build 4023990 on Oct 11 2023)
* Project:        kernel_nlp_slr0
* Solution:       solution (Vitis Kernel Flow Target)
* Product family: virtexuplusHBM
* Target device:  xcu55c-fsvh2892-2L-e


================================================================
== Performance Estimates
================================================================
+ Timing: 
    * Summary: 
    +--------+---------+----------+------------+
    |  Clock |  Target | Estimated| Uncertainty|
    +--------+---------+----------+------------+
    |ap_clk  |  4.55 ns|  1.481 ns|     1.23 ns|
    +--------+---------+----------+------------+

+ Latency: 
    * Summary: 
    +---------+---------+-----------+-----------+-----+-----+---------+
    |  Latency (cycles) |   Latency (absolute)  |  Interval | Pipeline|
    |   min   |   max   |    min    |    max    | min | max |   Type  |
    +---------+---------+-----------+-----------+-----+-----+---------+
    |       22|       22|  99.990 ns|  99.990 ns|   22|   22|       no|
    +---------+---------+-----------+-----------+-----+-----+---------+

    + Detail: 
        * Instance: 
        N/A

        * Loop: 
        +---------------------+---------+---------+----------+-----------+-----------+------+----------+
        |                     |  Latency (cycles) | Iteration|  Initiation Interval  | Trip |          |
        |      Loop Name      |   min   |   max   |  Latency |  achieved |   target  | Count| Pipelined|
        +---------------------+---------+---------+----------+-----------+-----------+------+----------+
        |- VITIS_LOOP_1344_1  |       20|       20|         2|          1|          1|    20|       yes|
        +---------------------+---------+---------+----------+-----------+-----------+------+----------+



================================================================
== Utilization Estimates
================================================================
* Summary: 
+---------------------+---------+------+---------+---------+-----+
|         Name        | BRAM_18K|  DSP |    FF   |   LUT   | URAM|
+---------------------+---------+------+---------+---------+-----+
|DSP                  |        -|     -|        -|        -|    -|
|Expression           |        -|     -|        0|       28|    -|
|FIFO                 |        -|     -|        -|        -|    -|
|Instance             |        -|     -|        0|     1552|    -|
|Memory               |        -|     -|        -|        -|    -|
|Multiplexer          |        -|     -|        -|       45|    -|
|Register             |        -|     -|      520|        -|    -|
+---------------------+---------+------+---------+---------+-----+
|Total                |        0|     0|      520|     1625|    0|
+---------------------+---------+------+---------+---------+-----+
|Available SLR        |     1344|  3008|   869120|   434560|  320|
+---------------------+---------+------+---------+---------+-----+
|Utilization SLR (%)  |        0|     0|       ~0|       ~0|    0|
+---------------------+---------+------+---------+---------+-----+
|Available            |     4032|  9024|  2607360|  1303680|  960|
+---------------------+---------+------+---------+---------+-----+
|Utilization (%)      |        0|     0|       ~0|       ~0|    0|
+---------------------+---------+------+---------+---------+-----+

+ Detail: 
    * Instance: 
    +-----------------------------+-----------------------+---------+----+---+----+-----+
    |           Instance          |         Module        | BRAM_18K| DSP| FF| LUT| URAM|
    +-----------------------------+-----------------------+---------+----+---+----+-----+
    |sparsemux_41_5_32_1_1_U6447  |sparsemux_41_5_32_1_1  |        0|   0|  0|  97|    0|
    |sparsemux_41_5_32_1_1_U6448  |sparsemux_41_5_32_1_1  |        0|   0|  0|  97|    0|
    |sparsemux_41_5_32_1_1_U6449  |sparsemux_41_5_32_1_1  |        0|   0|  0|  97|    0|
    |sparsemux_41_5_32_1_1_U6450  |sparsemux_41_5_32_1_1  |        0|   0|  0|  97|    0|
    |sparsemux_41_5_32_1_1_U6451  |sparsemux_41_5_32_1_1  |        0|   0|  0|  97|    0|
    |sparsemux_41_5_32_1_1_U6452  |sparsemux_41_5_32_1_1  |        0|   0|  0|  97|    0|
    |sparsemux_41_5_32_1_1_U6453  |sparsemux_41_5_32_1_1  |        0|   0|  0|  97|    0|
    |sparsemux_41_5_32_1_1_U6454  |sparsemux_41_5_32_1_1  |        0|   0|  0|  97|    0|
    |sparsemux_41_5_32_1_1_U6455  |sparsemux_41_5_32_1_1  |        0|   0|  0|  97|    0|
    |sparsemux_41_5_32_1_1_U6456  |sparsemux_41_5_32_1_1  |        0|   0|  0|  97|    0|
    |sparsemux_41_5_32_1_1_U6457  |sparsemux_41_5_32_1_1  |        0|   0|  0|  97|    0|
    |sparsemux_41_5_32_1_1_U6458  |sparsemux_41_5_32_1_1  |        0|   0|  0|  97|    0|
    |sparsemux_41_5_32_1_1_U6459  |sparsemux_41_5_32_1_1  |        0|   0|  0|  97|    0|
    |sparsemux_41_5_32_1_1_U6460  |sparsemux_41_5_32_1_1  |        0|   0|  0|  97|    0|
    |sparsemux_41_5_32_1_1_U6461  |sparsemux_41_5_32_1_1  |        0|   0|  0|  97|    0|
    |sparsemux_41_5_32_1_1_U6462  |sparsemux_41_5_32_1_1  |        0|   0|  0|  97|    0|
    +-----------------------------+-----------------------+---------+----+---+----+-----+
    |Total                        |                       |        0|   0|  0|1552|    0|
    +-----------------------------+-----------------------+---------+----+---+----+-----+

    * DSP: 
    N/A

    * Memory: 
    N/A

    * FIFO: 
    N/A

    * Expression: 
    +---------------------------+----------+----+---+----+------------+------------+
    |       Variable Name       | Operation| DSP| FF| LUT| Bitwidth P0| Bitwidth P1|
    +---------------------------+----------+----+---+----+------------+------------+
    |add_ln1344_fu_2661_p2      |         +|   0|  0|  12|           5|           1|
    |ap_block_pp0_stage0_01001  |       and|   0|  0|   2|           1|           1|
    |icmp_ln1344_fu_2655_p2     |      icmp|   0|  0|  12|           5|           5|
    |ap_enable_pp0              |       xor|   0|  0|   2|           1|           2|
    +---------------------------+----------+----+---+----+------------+------------+
    |Total                      |          |   0|  0|  28|          12|           9|
    +---------------------------+----------+----+---+----+------------+------------+

    * Multiplexer: 
    +------------------------------------+----+-----------+-----+-----------+
    |                Name                | LUT| Input Size| Bits| Total Bits|
    +------------------------------------+----+-----------+-----+-----------+
    |ap_done_int                         |   9|          2|    1|          2|
    |ap_enable_reg_pp0_iter1             |   9|          2|    1|          2|
    |ap_sig_allocacmp_d0_3               |   9|          2|    5|         10|
    |d0_fu_716                           |   9|          2|    5|         10|
    |fifo_tmp_from_task1_to_task2_blk_n  |   9|          2|    1|          2|
    +------------------------------------+----+-----------+-----+-----------+
    |Total                               |  45|         10|   13|         26|
    +------------------------------------+----+-----------+-----+-----------+

    * Register: 
    +-------------------------+----+----+-----+-----------+
    |           Name          | FF | LUT| Bits| Const Bits|
    +-------------------------+----+----+-----+-----------+
    |ap_CS_fsm                |   1|   0|    1|          0|
    |ap_done_reg              |   1|   0|    1|          0|
    |ap_enable_reg_pp0_iter1  |   1|   0|    1|          0|
    |d0_fu_716                |   5|   0|    5|          0|
    |tmp_10_reg_4230          |  32|   0|   32|          0|
    |tmp_11_reg_4235          |  32|   0|   32|          0|
    |tmp_12_reg_4240          |  32|   0|   32|          0|
    |tmp_13_reg_4245          |  32|   0|   32|          0|
    |tmp_14_reg_4250          |  32|   0|   32|          0|
    |tmp_1_reg_4185           |  32|   0|   32|          0|
    |tmp_2_reg_4190           |  32|   0|   32|          0|
    |tmp_3_reg_4195           |  32|   0|   32|          0|
    |tmp_4_reg_4200           |  32|   0|   32|          0|
    |tmp_5_reg_4205           |  32|   0|   32|          0|
    |tmp_6_reg_4210           |  32|   0|   32|          0|
    |tmp_7_reg_4215           |  32|   0|   32|          0|
    |tmp_8_reg_4220           |  32|   0|   32|          0|
    |tmp_9_reg_4225           |  32|   0|   32|          0|
    |tmp_reg_4175             |  32|   0|   32|          0|
    |tmp_s_reg_4180           |  32|   0|   32|          0|
    +-------------------------+----+----+-----+-----------+
    |Total                    | 520|   0|  520|          0|
    +-------------------------+----+----+-----+-----------+



================================================================
== Interface
================================================================
* Summary: 
+---------------------------------------------+-----+-----+------------+------------------------------+--------------+
|                  RTL Ports                  | Dir | Bits|  Protocol  |         Source Object        |    C Type    |
+---------------------------------------------+-----+-----+------------+------------------------------+--------------+
|ap_clk                                       |   in|    1|  ap_ctrl_hs|                 write_tmp_FT0|  return value|
|ap_rst                                       |   in|    1|  ap_ctrl_hs|                 write_tmp_FT0|  return value|
|ap_start                                     |   in|    1|  ap_ctrl_hs|                 write_tmp_FT0|  return value|
|ap_done                                      |  out|    1|  ap_ctrl_hs|                 write_tmp_FT0|  return value|
|ap_idle                                      |  out|    1|  ap_ctrl_hs|                 write_tmp_FT0|  return value|
|ap_ready                                     |  out|    1|  ap_ctrl_hs|                 write_tmp_FT0|  return value|
|fifo_tmp_from_task1_to_task2_din             |  out|  512|     ap_fifo|  fifo_tmp_from_task1_to_task2|       pointer|
|fifo_tmp_from_task1_to_task2_num_data_valid  |   in|   11|     ap_fifo|  fifo_tmp_from_task1_to_task2|       pointer|
|fifo_tmp_from_task1_to_task2_fifo_cap        |   in|   11|     ap_fifo|  fifo_tmp_from_task1_to_task2|       pointer|
|fifo_tmp_from_task1_to_task2_full_n          |   in|    1|     ap_fifo|  fifo_tmp_from_task1_to_task2|       pointer|
|fifo_tmp_from_task1_to_task2_write           |  out|    1|     ap_fifo|  fifo_tmp_from_task1_to_task2|       pointer|
|tmp_0_0_val                                  |   in|   32|     ap_none|                   tmp_0_0_val|        scalar|
|tmp_0_1_val                                  |   in|   32|     ap_none|                   tmp_0_1_val|        scalar|
|tmp_0_2_val                                  |   in|   32|     ap_none|                   tmp_0_2_val|        scalar|
|tmp_0_3_val                                  |   in|   32|     ap_none|                   tmp_0_3_val|        scalar|
|tmp_0_4_val                                  |   in|   32|     ap_none|                   tmp_0_4_val|        scalar|
|tmp_0_5_val                                  |   in|   32|     ap_none|                   tmp_0_5_val|        scalar|
|tmp_0_6_val                                  |   in|   32|     ap_none|                   tmp_0_6_val|        scalar|
|tmp_0_7_val                                  |   in|   32|     ap_none|                   tmp_0_7_val|        scalar|
|tmp_0_8_val                                  |   in|   32|     ap_none|                   tmp_0_8_val|        scalar|
|tmp_0_9_val                                  |   in|   32|     ap_none|                   tmp_0_9_val|        scalar|
|tmp_0_10_val                                 |   in|   32|     ap_none|                  tmp_0_10_val|        scalar|
|tmp_0_11_val                                 |   in|   32|     ap_none|                  tmp_0_11_val|        scalar|
|tmp_0_12_val                                 |   in|   32|     ap_none|                  tmp_0_12_val|        scalar|
|tmp_0_13_val                                 |   in|   32|     ap_none|                  tmp_0_13_val|        scalar|
|tmp_0_14_val                                 |   in|   32|     ap_none|                  tmp_0_14_val|        scalar|
|tmp_0_15_val                                 |   in|   32|     ap_none|                  tmp_0_15_val|        scalar|
|tmp_1_0_val                                  |   in|   32|     ap_none|                   tmp_1_0_val|        scalar|
|tmp_1_1_val                                  |   in|   32|     ap_none|                   tmp_1_1_val|        scalar|
|tmp_1_2_val                                  |   in|   32|     ap_none|                   tmp_1_2_val|        scalar|
|tmp_1_3_val                                  |   in|   32|     ap_none|                   tmp_1_3_val|        scalar|
|tmp_1_4_val                                  |   in|   32|     ap_none|                   tmp_1_4_val|        scalar|
|tmp_1_5_val                                  |   in|   32|     ap_none|                   tmp_1_5_val|        scalar|
|tmp_1_6_val                                  |   in|   32|     ap_none|                   tmp_1_6_val|        scalar|
|tmp_1_7_val                                  |   in|   32|     ap_none|                   tmp_1_7_val|        scalar|
|tmp_1_8_val                                  |   in|   32|     ap_none|                   tmp_1_8_val|        scalar|
|tmp_1_9_val                                  |   in|   32|     ap_none|                   tmp_1_9_val|        scalar|
|tmp_1_10_val                                 |   in|   32|     ap_none|                  tmp_1_10_val|        scalar|
|tmp_1_11_val                                 |   in|   32|     ap_none|                  tmp_1_11_val|        scalar|
|tmp_1_12_val                                 |   in|   32|     ap_none|                  tmp_1_12_val|        scalar|
|tmp_1_13_val                                 |   in|   32|     ap_none|                  tmp_1_13_val|        scalar|
|tmp_1_14_val                                 |   in|   32|     ap_none|                  tmp_1_14_val|        scalar|
|tmp_1_15_val                                 |   in|   32|     ap_none|                  tmp_1_15_val|        scalar|
|tmp_2_0_val                                  |   in|   32|     ap_none|                   tmp_2_0_val|        scalar|
|tmp_2_1_val                                  |   in|   32|     ap_none|                   tmp_2_1_val|        scalar|
|tmp_2_2_val                                  |   in|   32|     ap_none|                   tmp_2_2_val|        scalar|
|tmp_2_3_val                                  |   in|   32|     ap_none|                   tmp_2_3_val|        scalar|
|tmp_2_4_val                                  |   in|   32|     ap_none|                   tmp_2_4_val|        scalar|
|tmp_2_5_val                                  |   in|   32|     ap_none|                   tmp_2_5_val|        scalar|
|tmp_2_6_val                                  |   in|   32|     ap_none|                   tmp_2_6_val|        scalar|
|tmp_2_7_val                                  |   in|   32|     ap_none|                   tmp_2_7_val|        scalar|
|tmp_2_8_val                                  |   in|   32|     ap_none|                   tmp_2_8_val|        scalar|
|tmp_2_9_val                                  |   in|   32|     ap_none|                   tmp_2_9_val|        scalar|
|tmp_2_10_val                                 |   in|   32|     ap_none|                  tmp_2_10_val|        scalar|
|tmp_2_11_val                                 |   in|   32|     ap_none|                  tmp_2_11_val|        scalar|
|tmp_2_12_val                                 |   in|   32|     ap_none|                  tmp_2_12_val|        scalar|
|tmp_2_13_val                                 |   in|   32|     ap_none|                  tmp_2_13_val|        scalar|
|tmp_2_14_val                                 |   in|   32|     ap_none|                  tmp_2_14_val|        scalar|
|tmp_2_15_val                                 |   in|   32|     ap_none|                  tmp_2_15_val|        scalar|
|tmp_3_0_val                                  |   in|   32|     ap_none|                   tmp_3_0_val|        scalar|
|tmp_3_1_val                                  |   in|   32|     ap_none|                   tmp_3_1_val|        scalar|
|tmp_3_2_val                                  |   in|   32|     ap_none|                   tmp_3_2_val|        scalar|
|tmp_3_3_val                                  |   in|   32|     ap_none|                   tmp_3_3_val|        scalar|
|tmp_3_4_val                                  |   in|   32|     ap_none|                   tmp_3_4_val|        scalar|
|tmp_3_5_val                                  |   in|   32|     ap_none|                   tmp_3_5_val|        scalar|
|tmp_3_6_val                                  |   in|   32|     ap_none|                   tmp_3_6_val|        scalar|
|tmp_3_7_val                                  |   in|   32|     ap_none|                   tmp_3_7_val|        scalar|
|tmp_3_8_val                                  |   in|   32|     ap_none|                   tmp_3_8_val|        scalar|
|tmp_3_9_val                                  |   in|   32|     ap_none|                   tmp_3_9_val|        scalar|
|tmp_3_10_val                                 |   in|   32|     ap_none|                  tmp_3_10_val|        scalar|
|tmp_3_11_val                                 |   in|   32|     ap_none|                  tmp_3_11_val|        scalar|
|tmp_3_12_val                                 |   in|   32|     ap_none|                  tmp_3_12_val|        scalar|
|tmp_3_13_val                                 |   in|   32|     ap_none|                  tmp_3_13_val|        scalar|
|tmp_3_14_val                                 |   in|   32|     ap_none|                  tmp_3_14_val|        scalar|
|tmp_3_15_val                                 |   in|   32|     ap_none|                  tmp_3_15_val|        scalar|
|tmp_4_0_val                                  |   in|   32|     ap_none|                   tmp_4_0_val|        scalar|
|tmp_4_1_val                                  |   in|   32|     ap_none|                   tmp_4_1_val|        scalar|
|tmp_4_2_val                                  |   in|   32|     ap_none|                   tmp_4_2_val|        scalar|
|tmp_4_3_val                                  |   in|   32|     ap_none|                   tmp_4_3_val|        scalar|
|tmp_4_4_val                                  |   in|   32|     ap_none|                   tmp_4_4_val|        scalar|
|tmp_4_5_val                                  |   in|   32|     ap_none|                   tmp_4_5_val|        scalar|
|tmp_4_6_val                                  |   in|   32|     ap_none|                   tmp_4_6_val|        scalar|
|tmp_4_7_val                                  |   in|   32|     ap_none|                   tmp_4_7_val|        scalar|
|tmp_4_8_val                                  |   in|   32|     ap_none|                   tmp_4_8_val|        scalar|
|tmp_4_9_val                                  |   in|   32|     ap_none|                   tmp_4_9_val|        scalar|
|tmp_4_10_val                                 |   in|   32|     ap_none|                  tmp_4_10_val|        scalar|
|tmp_4_11_val                                 |   in|   32|     ap_none|                  tmp_4_11_val|        scalar|
|tmp_4_12_val                                 |   in|   32|     ap_none|                  tmp_4_12_val|        scalar|
|tmp_4_13_val                                 |   in|   32|     ap_none|                  tmp_4_13_val|        scalar|
|tmp_4_14_val                                 |   in|   32|     ap_none|                  tmp_4_14_val|        scalar|
|tmp_4_15_val                                 |   in|   32|     ap_none|                  tmp_4_15_val|        scalar|
|tmp_5_0_val                                  |   in|   32|     ap_none|                   tmp_5_0_val|        scalar|
|tmp_5_1_val                                  |   in|   32|     ap_none|                   tmp_5_1_val|        scalar|
|tmp_5_2_val                                  |   in|   32|     ap_none|                   tmp_5_2_val|        scalar|
|tmp_5_3_val                                  |   in|   32|     ap_none|                   tmp_5_3_val|        scalar|
|tmp_5_4_val                                  |   in|   32|     ap_none|                   tmp_5_4_val|        scalar|
|tmp_5_5_val                                  |   in|   32|     ap_none|                   tmp_5_5_val|        scalar|
|tmp_5_6_val                                  |   in|   32|     ap_none|                   tmp_5_6_val|        scalar|
|tmp_5_7_val                                  |   in|   32|     ap_none|                   tmp_5_7_val|        scalar|
|tmp_5_8_val                                  |   in|   32|     ap_none|                   tmp_5_8_val|        scalar|
|tmp_5_9_val                                  |   in|   32|     ap_none|                   tmp_5_9_val|        scalar|
|tmp_5_10_val                                 |   in|   32|     ap_none|                  tmp_5_10_val|        scalar|
|tmp_5_11_val                                 |   in|   32|     ap_none|                  tmp_5_11_val|        scalar|
|tmp_5_12_val                                 |   in|   32|     ap_none|                  tmp_5_12_val|        scalar|
|tmp_5_13_val                                 |   in|   32|     ap_none|                  tmp_5_13_val|        scalar|
|tmp_5_14_val                                 |   in|   32|     ap_none|                  tmp_5_14_val|        scalar|
|tmp_5_15_val                                 |   in|   32|     ap_none|                  tmp_5_15_val|        scalar|
|tmp_6_0_val                                  |   in|   32|     ap_none|                   tmp_6_0_val|        scalar|
|tmp_6_1_val                                  |   in|   32|     ap_none|                   tmp_6_1_val|        scalar|
|tmp_6_2_val                                  |   in|   32|     ap_none|                   tmp_6_2_val|        scalar|
|tmp_6_3_val                                  |   in|   32|     ap_none|                   tmp_6_3_val|        scalar|
|tmp_6_4_val                                  |   in|   32|     ap_none|                   tmp_6_4_val|        scalar|
|tmp_6_5_val                                  |   in|   32|     ap_none|                   tmp_6_5_val|        scalar|
|tmp_6_6_val                                  |   in|   32|     ap_none|                   tmp_6_6_val|        scalar|
|tmp_6_7_val                                  |   in|   32|     ap_none|                   tmp_6_7_val|        scalar|
|tmp_6_8_val                                  |   in|   32|     ap_none|                   tmp_6_8_val|        scalar|
|tmp_6_9_val                                  |   in|   32|     ap_none|                   tmp_6_9_val|        scalar|
|tmp_6_10_val                                 |   in|   32|     ap_none|                  tmp_6_10_val|        scalar|
|tmp_6_11_val                                 |   in|   32|     ap_none|                  tmp_6_11_val|        scalar|
|tmp_6_12_val                                 |   in|   32|     ap_none|                  tmp_6_12_val|        scalar|
|tmp_6_13_val                                 |   in|   32|     ap_none|                  tmp_6_13_val|        scalar|
|tmp_6_14_val                                 |   in|   32|     ap_none|                  tmp_6_14_val|        scalar|
|tmp_6_15_val                                 |   in|   32|     ap_none|                  tmp_6_15_val|        scalar|
|tmp_7_0_val                                  |   in|   32|     ap_none|                   tmp_7_0_val|        scalar|
|tmp_7_1_val                                  |   in|   32|     ap_none|                   tmp_7_1_val|        scalar|
|tmp_7_2_val                                  |   in|   32|     ap_none|                   tmp_7_2_val|        scalar|
|tmp_7_3_val                                  |   in|   32|     ap_none|                   tmp_7_3_val|        scalar|
|tmp_7_4_val                                  |   in|   32|     ap_none|                   tmp_7_4_val|        scalar|
|tmp_7_5_val                                  |   in|   32|     ap_none|                   tmp_7_5_val|        scalar|
|tmp_7_6_val                                  |   in|   32|     ap_none|                   tmp_7_6_val|        scalar|
|tmp_7_7_val                                  |   in|   32|     ap_none|                   tmp_7_7_val|        scalar|
|tmp_7_8_val                                  |   in|   32|     ap_none|                   tmp_7_8_val|        scalar|
|tmp_7_9_val                                  |   in|   32|     ap_none|                   tmp_7_9_val|        scalar|
|tmp_7_10_val                                 |   in|   32|     ap_none|                  tmp_7_10_val|        scalar|
|tmp_7_11_val                                 |   in|   32|     ap_none|                  tmp_7_11_val|        scalar|
|tmp_7_12_val                                 |   in|   32|     ap_none|                  tmp_7_12_val|        scalar|
|tmp_7_13_val                                 |   in|   32|     ap_none|                  tmp_7_13_val|        scalar|
|tmp_7_14_val                                 |   in|   32|     ap_none|                  tmp_7_14_val|        scalar|
|tmp_7_15_val                                 |   in|   32|     ap_none|                  tmp_7_15_val|        scalar|
|tmp_8_0_val                                  |   in|   32|     ap_none|                   tmp_8_0_val|        scalar|
|tmp_8_1_val                                  |   in|   32|     ap_none|                   tmp_8_1_val|        scalar|
|tmp_8_2_val                                  |   in|   32|     ap_none|                   tmp_8_2_val|        scalar|
|tmp_8_3_val                                  |   in|   32|     ap_none|                   tmp_8_3_val|        scalar|
|tmp_8_4_val                                  |   in|   32|     ap_none|                   tmp_8_4_val|        scalar|
|tmp_8_5_val                                  |   in|   32|     ap_none|                   tmp_8_5_val|        scalar|
|tmp_8_6_val                                  |   in|   32|     ap_none|                   tmp_8_6_val|        scalar|
|tmp_8_7_val                                  |   in|   32|     ap_none|                   tmp_8_7_val|        scalar|
|tmp_8_8_val                                  |   in|   32|     ap_none|                   tmp_8_8_val|        scalar|
|tmp_8_9_val                                  |   in|   32|     ap_none|                   tmp_8_9_val|        scalar|
|tmp_8_10_val                                 |   in|   32|     ap_none|                  tmp_8_10_val|        scalar|
|tmp_8_11_val                                 |   in|   32|     ap_none|                  tmp_8_11_val|        scalar|
|tmp_8_12_val                                 |   in|   32|     ap_none|                  tmp_8_12_val|        scalar|
|tmp_8_13_val                                 |   in|   32|     ap_none|                  tmp_8_13_val|        scalar|
|tmp_8_14_val                                 |   in|   32|     ap_none|                  tmp_8_14_val|        scalar|
|tmp_8_15_val                                 |   in|   32|     ap_none|                  tmp_8_15_val|        scalar|
|tmp_9_0_val                                  |   in|   32|     ap_none|                   tmp_9_0_val|        scalar|
|tmp_9_1_val                                  |   in|   32|     ap_none|                   tmp_9_1_val|        scalar|
|tmp_9_2_val                                  |   in|   32|     ap_none|                   tmp_9_2_val|        scalar|
|tmp_9_3_val                                  |   in|   32|     ap_none|                   tmp_9_3_val|        scalar|
|tmp_9_4_val                                  |   in|   32|     ap_none|                   tmp_9_4_val|        scalar|
|tmp_9_5_val                                  |   in|   32|     ap_none|                   tmp_9_5_val|        scalar|
|tmp_9_6_val                                  |   in|   32|     ap_none|                   tmp_9_6_val|        scalar|
|tmp_9_7_val                                  |   in|   32|     ap_none|                   tmp_9_7_val|        scalar|
|tmp_9_8_val                                  |   in|   32|     ap_none|                   tmp_9_8_val|        scalar|
|tmp_9_9_val                                  |   in|   32|     ap_none|                   tmp_9_9_val|        scalar|
|tmp_9_10_val                                 |   in|   32|     ap_none|                  tmp_9_10_val|        scalar|
|tmp_9_11_val                                 |   in|   32|     ap_none|                  tmp_9_11_val|        scalar|
|tmp_9_12_val                                 |   in|   32|     ap_none|                  tmp_9_12_val|        scalar|
|tmp_9_13_val                                 |   in|   32|     ap_none|                  tmp_9_13_val|        scalar|
|tmp_9_14_val                                 |   in|   32|     ap_none|                  tmp_9_14_val|        scalar|
|tmp_9_15_val                                 |   in|   32|     ap_none|                  tmp_9_15_val|        scalar|
|tmp_10_0_val                                 |   in|   32|     ap_none|                  tmp_10_0_val|        scalar|
|tmp_10_1_val                                 |   in|   32|     ap_none|                  tmp_10_1_val|        scalar|
|tmp_10_2_val                                 |   in|   32|     ap_none|                  tmp_10_2_val|        scalar|
|tmp_10_3_val                                 |   in|   32|     ap_none|                  tmp_10_3_val|        scalar|
|tmp_10_4_val                                 |   in|   32|     ap_none|                  tmp_10_4_val|        scalar|
|tmp_10_5_val                                 |   in|   32|     ap_none|                  tmp_10_5_val|        scalar|
|tmp_10_6_val                                 |   in|   32|     ap_none|                  tmp_10_6_val|        scalar|
|tmp_10_7_val                                 |   in|   32|     ap_none|                  tmp_10_7_val|        scalar|
|tmp_10_8_val                                 |   in|   32|     ap_none|                  tmp_10_8_val|        scalar|
|tmp_10_9_val                                 |   in|   32|     ap_none|                  tmp_10_9_val|        scalar|
|tmp_10_10_val                                |   in|   32|     ap_none|                 tmp_10_10_val|        scalar|
|tmp_10_11_val                                |   in|   32|     ap_none|                 tmp_10_11_val|        scalar|
|tmp_10_12_val                                |   in|   32|     ap_none|                 tmp_10_12_val|        scalar|
|tmp_10_13_val                                |   in|   32|     ap_none|                 tmp_10_13_val|        scalar|
|tmp_10_14_val                                |   in|   32|     ap_none|                 tmp_10_14_val|        scalar|
|tmp_10_15_val                                |   in|   32|     ap_none|                 tmp_10_15_val|        scalar|
|tmp_11_0_val                                 |   in|   32|     ap_none|                  tmp_11_0_val|        scalar|
|tmp_11_1_val                                 |   in|   32|     ap_none|                  tmp_11_1_val|        scalar|
|tmp_11_2_val                                 |   in|   32|     ap_none|                  tmp_11_2_val|        scalar|
|tmp_11_3_val                                 |   in|   32|     ap_none|                  tmp_11_3_val|        scalar|
|tmp_11_4_val                                 |   in|   32|     ap_none|                  tmp_11_4_val|        scalar|
|tmp_11_5_val                                 |   in|   32|     ap_none|                  tmp_11_5_val|        scalar|
|tmp_11_6_val                                 |   in|   32|     ap_none|                  tmp_11_6_val|        scalar|
|tmp_11_7_val                                 |   in|   32|     ap_none|                  tmp_11_7_val|        scalar|
|tmp_11_8_val                                 |   in|   32|     ap_none|                  tmp_11_8_val|        scalar|
|tmp_11_9_val                                 |   in|   32|     ap_none|                  tmp_11_9_val|        scalar|
|tmp_11_10_val                                |   in|   32|     ap_none|                 tmp_11_10_val|        scalar|
|tmp_11_11_val                                |   in|   32|     ap_none|                 tmp_11_11_val|        scalar|
|tmp_11_12_val                                |   in|   32|     ap_none|                 tmp_11_12_val|        scalar|
|tmp_11_13_val                                |   in|   32|     ap_none|                 tmp_11_13_val|        scalar|
|tmp_11_14_val                                |   in|   32|     ap_none|                 tmp_11_14_val|        scalar|
|tmp_11_15_val                                |   in|   32|     ap_none|                 tmp_11_15_val|        scalar|
|tmp_12_0_val                                 |   in|   32|     ap_none|                  tmp_12_0_val|        scalar|
|tmp_12_1_val                                 |   in|   32|     ap_none|                  tmp_12_1_val|        scalar|
|tmp_12_2_val                                 |   in|   32|     ap_none|                  tmp_12_2_val|        scalar|
|tmp_12_3_val                                 |   in|   32|     ap_none|                  tmp_12_3_val|        scalar|
|tmp_12_4_val                                 |   in|   32|     ap_none|                  tmp_12_4_val|        scalar|
|tmp_12_5_val                                 |   in|   32|     ap_none|                  tmp_12_5_val|        scalar|
|tmp_12_6_val                                 |   in|   32|     ap_none|                  tmp_12_6_val|        scalar|
|tmp_12_7_val                                 |   in|   32|     ap_none|                  tmp_12_7_val|        scalar|
|tmp_12_8_val                                 |   in|   32|     ap_none|                  tmp_12_8_val|        scalar|
|tmp_12_9_val                                 |   in|   32|     ap_none|                  tmp_12_9_val|        scalar|
|tmp_12_10_val                                |   in|   32|     ap_none|                 tmp_12_10_val|        scalar|
|tmp_12_11_val                                |   in|   32|     ap_none|                 tmp_12_11_val|        scalar|
|tmp_12_12_val                                |   in|   32|     ap_none|                 tmp_12_12_val|        scalar|
|tmp_12_13_val                                |   in|   32|     ap_none|                 tmp_12_13_val|        scalar|
|tmp_12_14_val                                |   in|   32|     ap_none|                 tmp_12_14_val|        scalar|
|tmp_12_15_val                                |   in|   32|     ap_none|                 tmp_12_15_val|        scalar|
|tmp_13_0_val                                 |   in|   32|     ap_none|                  tmp_13_0_val|        scalar|
|tmp_13_1_val                                 |   in|   32|     ap_none|                  tmp_13_1_val|        scalar|
|tmp_13_2_val                                 |   in|   32|     ap_none|                  tmp_13_2_val|        scalar|
|tmp_13_3_val                                 |   in|   32|     ap_none|                  tmp_13_3_val|        scalar|
|tmp_13_4_val                                 |   in|   32|     ap_none|                  tmp_13_4_val|        scalar|
|tmp_13_5_val                                 |   in|   32|     ap_none|                  tmp_13_5_val|        scalar|
|tmp_13_6_val                                 |   in|   32|     ap_none|                  tmp_13_6_val|        scalar|
|tmp_13_7_val                                 |   in|   32|     ap_none|                  tmp_13_7_val|        scalar|
|tmp_13_8_val                                 |   in|   32|     ap_none|                  tmp_13_8_val|        scalar|
|tmp_13_9_val                                 |   in|   32|     ap_none|                  tmp_13_9_val|        scalar|
|tmp_13_10_val                                |   in|   32|     ap_none|                 tmp_13_10_val|        scalar|
|tmp_13_11_val                                |   in|   32|     ap_none|                 tmp_13_11_val|        scalar|
|tmp_13_12_val                                |   in|   32|     ap_none|                 tmp_13_12_val|        scalar|
|tmp_13_13_val                                |   in|   32|     ap_none|                 tmp_13_13_val|        scalar|
|tmp_13_14_val                                |   in|   32|     ap_none|                 tmp_13_14_val|        scalar|
|tmp_13_15_val                                |   in|   32|     ap_none|                 tmp_13_15_val|        scalar|
|tmp_14_0_val                                 |   in|   32|     ap_none|                  tmp_14_0_val|        scalar|
|tmp_14_1_val                                 |   in|   32|     ap_none|                  tmp_14_1_val|        scalar|
|tmp_14_2_val                                 |   in|   32|     ap_none|                  tmp_14_2_val|        scalar|
|tmp_14_3_val                                 |   in|   32|     ap_none|                  tmp_14_3_val|        scalar|
|tmp_14_4_val                                 |   in|   32|     ap_none|                  tmp_14_4_val|        scalar|
|tmp_14_5_val                                 |   in|   32|     ap_none|                  tmp_14_5_val|        scalar|
|tmp_14_6_val                                 |   in|   32|     ap_none|                  tmp_14_6_val|        scalar|
|tmp_14_7_val                                 |   in|   32|     ap_none|                  tmp_14_7_val|        scalar|
|tmp_14_8_val                                 |   in|   32|     ap_none|                  tmp_14_8_val|        scalar|
|tmp_14_9_val                                 |   in|   32|     ap_none|                  tmp_14_9_val|        scalar|
|tmp_14_10_val                                |   in|   32|     ap_none|                 tmp_14_10_val|        scalar|
|tmp_14_11_val                                |   in|   32|     ap_none|                 tmp_14_11_val|        scalar|
|tmp_14_12_val                                |   in|   32|     ap_none|                 tmp_14_12_val|        scalar|
|tmp_14_13_val                                |   in|   32|     ap_none|                 tmp_14_13_val|        scalar|
|tmp_14_14_val                                |   in|   32|     ap_none|                 tmp_14_14_val|        scalar|
|tmp_14_15_val                                |   in|   32|     ap_none|                 tmp_14_15_val|        scalar|
|tmp_15_0_val                                 |   in|   32|     ap_none|                  tmp_15_0_val|        scalar|
|tmp_15_1_val                                 |   in|   32|     ap_none|                  tmp_15_1_val|        scalar|
|tmp_15_2_val                                 |   in|   32|     ap_none|                  tmp_15_2_val|        scalar|
|tmp_15_3_val                                 |   in|   32|     ap_none|                  tmp_15_3_val|        scalar|
|tmp_15_4_val                                 |   in|   32|     ap_none|                  tmp_15_4_val|        scalar|
|tmp_15_5_val                                 |   in|   32|     ap_none|                  tmp_15_5_val|        scalar|
|tmp_15_6_val                                 |   in|   32|     ap_none|                  tmp_15_6_val|        scalar|
|tmp_15_7_val                                 |   in|   32|     ap_none|                  tmp_15_7_val|        scalar|
|tmp_15_8_val                                 |   in|   32|     ap_none|                  tmp_15_8_val|        scalar|
|tmp_15_9_val                                 |   in|   32|     ap_none|                  tmp_15_9_val|        scalar|
|tmp_15_10_val                                |   in|   32|     ap_none|                 tmp_15_10_val|        scalar|
|tmp_15_11_val                                |   in|   32|     ap_none|                 tmp_15_11_val|        scalar|
|tmp_15_12_val                                |   in|   32|     ap_none|                 tmp_15_12_val|        scalar|
|tmp_15_13_val                                |   in|   32|     ap_none|                 tmp_15_13_val|        scalar|
|tmp_15_14_val                                |   in|   32|     ap_none|                 tmp_15_14_val|        scalar|
|tmp_15_15_val                                |   in|   32|     ap_none|                 tmp_15_15_val|        scalar|
|tmp_16_0_val                                 |   in|   32|     ap_none|                  tmp_16_0_val|        scalar|
|tmp_16_1_val                                 |   in|   32|     ap_none|                  tmp_16_1_val|        scalar|
|tmp_16_2_val                                 |   in|   32|     ap_none|                  tmp_16_2_val|        scalar|
|tmp_16_3_val                                 |   in|   32|     ap_none|                  tmp_16_3_val|        scalar|
|tmp_16_4_val                                 |   in|   32|     ap_none|                  tmp_16_4_val|        scalar|
|tmp_16_5_val                                 |   in|   32|     ap_none|                  tmp_16_5_val|        scalar|
|tmp_16_6_val                                 |   in|   32|     ap_none|                  tmp_16_6_val|        scalar|
|tmp_16_7_val                                 |   in|   32|     ap_none|                  tmp_16_7_val|        scalar|
|tmp_16_8_val                                 |   in|   32|     ap_none|                  tmp_16_8_val|        scalar|
|tmp_16_9_val                                 |   in|   32|     ap_none|                  tmp_16_9_val|        scalar|
|tmp_16_10_val                                |   in|   32|     ap_none|                 tmp_16_10_val|        scalar|
|tmp_16_11_val                                |   in|   32|     ap_none|                 tmp_16_11_val|        scalar|
|tmp_16_12_val                                |   in|   32|     ap_none|                 tmp_16_12_val|        scalar|
|tmp_16_13_val                                |   in|   32|     ap_none|                 tmp_16_13_val|        scalar|
|tmp_16_14_val                                |   in|   32|     ap_none|                 tmp_16_14_val|        scalar|
|tmp_16_15_val                                |   in|   32|     ap_none|                 tmp_16_15_val|        scalar|
|tmp_17_0_val                                 |   in|   32|     ap_none|                  tmp_17_0_val|        scalar|
|tmp_17_1_val                                 |   in|   32|     ap_none|                  tmp_17_1_val|        scalar|
|tmp_17_2_val                                 |   in|   32|     ap_none|                  tmp_17_2_val|        scalar|
|tmp_17_3_val                                 |   in|   32|     ap_none|                  tmp_17_3_val|        scalar|
|tmp_17_4_val                                 |   in|   32|     ap_none|                  tmp_17_4_val|        scalar|
|tmp_17_5_val                                 |   in|   32|     ap_none|                  tmp_17_5_val|        scalar|
|tmp_17_6_val                                 |   in|   32|     ap_none|                  tmp_17_6_val|        scalar|
|tmp_17_7_val                                 |   in|   32|     ap_none|                  tmp_17_7_val|        scalar|
|tmp_17_8_val                                 |   in|   32|     ap_none|                  tmp_17_8_val|        scalar|
|tmp_17_9_val                                 |   in|   32|     ap_none|                  tmp_17_9_val|        scalar|
|tmp_17_10_val                                |   in|   32|     ap_none|                 tmp_17_10_val|        scalar|
|tmp_17_11_val                                |   in|   32|     ap_none|                 tmp_17_11_val|        scalar|
|tmp_17_12_val                                |   in|   32|     ap_none|                 tmp_17_12_val|        scalar|
|tmp_17_13_val                                |   in|   32|     ap_none|                 tmp_17_13_val|        scalar|
|tmp_17_14_val                                |   in|   32|     ap_none|                 tmp_17_14_val|        scalar|
|tmp_17_15_val                                |   in|   32|     ap_none|                 tmp_17_15_val|        scalar|
|tmp_18_0_val                                 |   in|   32|     ap_none|                  tmp_18_0_val|        scalar|
|tmp_18_1_val                                 |   in|   32|     ap_none|                  tmp_18_1_val|        scalar|
|tmp_18_2_val                                 |   in|   32|     ap_none|                  tmp_18_2_val|        scalar|
|tmp_18_3_val                                 |   in|   32|     ap_none|                  tmp_18_3_val|        scalar|
|tmp_18_4_val                                 |   in|   32|     ap_none|                  tmp_18_4_val|        scalar|
|tmp_18_5_val                                 |   in|   32|     ap_none|                  tmp_18_5_val|        scalar|
|tmp_18_6_val                                 |   in|   32|     ap_none|                  tmp_18_6_val|        scalar|
|tmp_18_7_val                                 |   in|   32|     ap_none|                  tmp_18_7_val|        scalar|
|tmp_18_8_val                                 |   in|   32|     ap_none|                  tmp_18_8_val|        scalar|
|tmp_18_9_val                                 |   in|   32|     ap_none|                  tmp_18_9_val|        scalar|
|tmp_18_10_val                                |   in|   32|     ap_none|                 tmp_18_10_val|        scalar|
|tmp_18_11_val                                |   in|   32|     ap_none|                 tmp_18_11_val|        scalar|
|tmp_18_12_val                                |   in|   32|     ap_none|                 tmp_18_12_val|        scalar|
|tmp_18_13_val                                |   in|   32|     ap_none|                 tmp_18_13_val|        scalar|
|tmp_18_14_val                                |   in|   32|     ap_none|                 tmp_18_14_val|        scalar|
|tmp_18_15_val                                |   in|   32|     ap_none|                 tmp_18_15_val|        scalar|
|tmp_19_0_val                                 |   in|   32|     ap_none|                  tmp_19_0_val|        scalar|
|tmp_19_1_val                                 |   in|   32|     ap_none|                  tmp_19_1_val|        scalar|
|tmp_19_2_val                                 |   in|   32|     ap_none|                  tmp_19_2_val|        scalar|
|tmp_19_3_val                                 |   in|   32|     ap_none|                  tmp_19_3_val|        scalar|
|tmp_19_4_val                                 |   in|   32|     ap_none|                  tmp_19_4_val|        scalar|
|tmp_19_5_val                                 |   in|   32|     ap_none|                  tmp_19_5_val|        scalar|
|tmp_19_6_val                                 |   in|   32|     ap_none|                  tmp_19_6_val|        scalar|
|tmp_19_7_val                                 |   in|   32|     ap_none|                  tmp_19_7_val|        scalar|
|tmp_19_8_val                                 |   in|   32|     ap_none|                  tmp_19_8_val|        scalar|
|tmp_19_9_val                                 |   in|   32|     ap_none|                  tmp_19_9_val|        scalar|
|tmp_19_10_val                                |   in|   32|     ap_none|                 tmp_19_10_val|        scalar|
|tmp_19_11_val                                |   in|   32|     ap_none|                 tmp_19_11_val|        scalar|
|tmp_19_12_val                                |   in|   32|     ap_none|                 tmp_19_12_val|        scalar|
|tmp_19_13_val                                |   in|   32|     ap_none|                 tmp_19_13_val|        scalar|
|tmp_19_14_val                                |   in|   32|     ap_none|                 tmp_19_14_val|        scalar|
|tmp_19_15_val                                |   in|   32|     ap_none|                 tmp_19_15_val|        scalar|
+---------------------------------------------+-----+-----+------------+------------------------------+--------------+

