

================================================================
== Vitis HLS Report for 'Loop_VITIS_LOOP_165_12_proc_Pipeline_VITIS_LOOP_173_14_VITIS_LOOP_175_15'
================================================================
* Date:           Wed Dec 18 08:23:40 2024

* Version:        2023.2 (Build 4023990 on Oct 11 2023)
* Project:        kernel_nlp
* Solution:       solution (Vitis Kernel Flow Target)
* Product family: virtexuplusHBM
* Target device:  xcu55c-fsvh2892-2L-e


================================================================
== Performance Estimates
================================================================
+ Timing: 
    * Summary: 
    +--------+---------+----------+------------+
    |  Clock |  Target | Estimated| Uncertainty|
    +--------+---------+----------+------------+
    |ap_clk  |  4.00 ns|  2.920 ns|     1.08 ns|
    +--------+---------+----------+------------+

+ Latency: 
    * Summary: 
    +---------+---------+----------+----------+-----+-----+---------+
    |  Latency (cycles) |  Latency (absolute) |  Interval | Pipeline|
    |   min   |   max   |    min   |    max   | min | max |   Type  |
    +---------+---------+----------+----------+-----+-----+---------+
    |      403|      403|  1.612 us|  1.612 us|  403|  403|       no|
    +---------+---------+----------+----------+-----+-----+---------+

    + Detail: 
        * Instance: 
        N/A

        * Loop: 
        +---------------------------------------+---------+---------+----------+-----------+-----------+------+----------+
        |                                       |  Latency (cycles) | Iteration|  Initiation Interval  | Trip |          |
        |               Loop Name               |   min   |   max   |  Latency |  achieved |   target  | Count| Pipelined|
        +---------------------------------------+---------+---------+----------+-----------+-----------+------+----------+
        |- VITIS_LOOP_173_14_VITIS_LOOP_175_15  |      401|      401|         3|          1|          1|   400|       yes|
        +---------------------------------------+---------+---------+----------+-----------+-----------+------+----------+



================================================================
== Utilization Estimates
================================================================
* Summary: 
+---------------------+---------+------+---------+---------+-----+
|         Name        | BRAM_18K|  DSP |    FF   |   LUT   | URAM|
+---------------------+---------+------+---------+---------+-----+
|DSP                  |        -|     -|        -|        -|    -|
|Expression           |        -|     -|        0|     2302|    -|
|FIFO                 |        -|     -|        -|        -|    -|
|Instance             |        -|     -|        -|        -|    -|
|Memory               |        -|     -|        -|        -|    -|
|Multiplexer          |        -|     -|        -|       72|    -|
|Register             |        -|     -|      571|        -|    -|
+---------------------+---------+------+---------+---------+-----+
|Total                |        0|     0|      571|     2374|    0|
+---------------------+---------+------+---------+---------+-----+
|Available SLR        |     1344|  3008|   869120|   434560|  320|
+---------------------+---------+------+---------+---------+-----+
|Utilization SLR (%)  |        0|     0|       ~0|       ~0|    0|
+---------------------+---------+------+---------+---------+-----+
|Available            |     4032|  9024|  2607360|  1303680|  960|
+---------------------+---------+------+---------+---------+-----+
|Utilization (%)      |        0|     0|       ~0|       ~0|    0|
+---------------------+---------+------+---------+---------+-----+

+ Detail: 
    * Instance: 
    N/A

    * DSP: 
    N/A

    * Memory: 
    N/A

    * FIFO: 
    N/A

    * Expression: 
    +----------------------------------+----------+----+---+------+------------+------------+
    |           Variable Name          | Operation| DSP| FF|  LUT | Bitwidth P0| Bitwidth P1|
    +----------------------------------+----------+----+---+------+------------+------------+
    |add_ln173_1_fu_278_p2             |         +|   0|  0|    16|           9|           1|
    |add_ln173_fu_399_p2               |         +|   0|  0|    16|           9|           5|
    |add_ln175_fu_307_p2               |         +|   0|  0|    12|           5|           1|
    |add_ln176_fu_353_p2               |         +|   0|  0|    16|           9|           9|
    |ap_block_pp0_stage0_11001         |       and|   0|  0|     2|           1|           1|
    |ap_block_state2_pp0_stage0_iter1  |       and|   0|  0|     2|           1|           1|
    |ap_condition_431                  |       and|   0|  0|     2|           1|           1|
    |icmp_ln173_fu_272_p2              |      icmp|   0|  0|    16|           9|           8|
    |icmp_ln175_fu_287_p2              |      icmp|   0|  0|    13|           5|           6|
    |icmp_ln176_fu_390_p2              |      icmp|   0|  0|    16|           9|           8|
    |lshr_ln177_fu_447_p2              |      lshr|   0|  0|  2171|         512|         512|
    |or_ln173_fu_293_p2                |        or|   0|  0|     2|           1|           1|
    |or_ln176_fu_374_p2                |        or|   0|  0|     2|           1|           1|
    |select_ln173_1_fu_335_p3          |    select|   0|  0|     9|           1|           9|
    |select_ln173_fu_299_p3            |    select|   0|  0|     5|           1|           1|
    |ap_enable_pp0                     |       xor|   0|  0|     2|           1|           2|
    +----------------------------------+----------+----+---+------+------------+------------+
    |Total                             |          |   0|  0|  2302|         575|         567|
    +----------------------------------+----------+----+---+------+------------+------------+

    * Multiplexer: 
    +----------------------------------------+----+-----------+-----+-----------+
    |                  Name                  | LUT| Input Size| Bits| Total Bits|
    +----------------------------------------+----+-----------+-----+-----------+
    |ap_done_int                             |   9|          2|    1|          2|
    |ap_enable_reg_pp0_iter1                 |   9|          2|    1|          2|
    |ap_sig_allocacmp_indvar_flatten12_load  |   9|          2|    9|         18|
    |ap_sig_allocacmp_j_2_load               |   9|          2|    5|         10|
    |gmem7_blk_n_R                           |   9|          2|    1|          2|
    |i_fu_112                                |   9|          2|    9|         18|
    |indvar_flatten12_fu_116                 |   9|          2|    9|         18|
    |j_2_fu_104                              |   9|          2|    5|         10|
    +----------------------------------------+----+-----------+-----+-----------+
    |Total                                   |  72|         16|   40|         80|
    +----------------------------------------+----+-----------+-----+-----------+

    * Register: 
    +----------------------------------+-----+----+-----+-----------+
    |               Name               |  FF | LUT| Bits| Const Bits|
    +----------------------------------+-----+----+-----+-----------+
    |add_ln1736_fu_108                 |    9|   0|    9|          0|
    |ap_CS_fsm                         |    1|   0|    1|          0|
    |ap_done_reg                       |    1|   0|    1|          0|
    |ap_enable_reg_pp0_iter1           |    1|   0|    1|          0|
    |ap_enable_reg_pp0_iter2           |    1|   0|    1|          0|
    |ap_loop_exit_ready_pp0_iter1_reg  |    1|   0|    1|          0|
    |gmem7_addr_read4_fu_120           |  512|   0|  512|          0|
    |i_fu_112                          |    9|   0|    9|          0|
    |icmp_ln173_reg_507                |    1|   0|    1|          0|
    |icmp_ln175_reg_511                |    1|   0|    1|          0|
    |icmp_ln176_reg_542                |    1|   0|    1|          0|
    |indvar_flatten12_fu_116           |    9|   0|    9|          0|
    |j_2_fu_104                        |    5|   0|    5|          0|
    |or_ln173_reg_516                  |    1|   0|    1|          0|
    |or_ln176_reg_532                  |    1|   0|    1|          0|
    |select_ln173_reg_520              |    5|   0|    5|          0|
    |tmp_s_reg_537                     |    5|   0|    5|          0|
    |trunc_ln175_reg_528               |    3|   0|    3|          0|
    |trunc_ln56_reg_546                |    4|   0|    4|          0|
    +----------------------------------+-----+----+-----+-----------+
    |Total                             |  571|   0|  571|          0|
    +----------------------------------+-----+----+-----+-----------+



================================================================
== Interface
================================================================
* Summary: 
+----------------------+-----+-----+------------+--------------------------------------------------------------------------+--------------+
|       RTL Ports      | Dir | Bits|  Protocol  |                               Source Object                              |    C Type    |
+----------------------+-----+-----+------------+--------------------------------------------------------------------------+--------------+
|ap_clk                |   in|    1|  ap_ctrl_hs|  Loop_VITIS_LOOP_165_12_proc_Pipeline_VITIS_LOOP_173_14_VITIS_LOOP_175_15|  return value|
|ap_rst                |   in|    1|  ap_ctrl_hs|  Loop_VITIS_LOOP_165_12_proc_Pipeline_VITIS_LOOP_173_14_VITIS_LOOP_175_15|  return value|
|ap_start              |   in|    1|  ap_ctrl_hs|  Loop_VITIS_LOOP_165_12_proc_Pipeline_VITIS_LOOP_173_14_VITIS_LOOP_175_15|  return value|
|ap_done               |  out|    1|  ap_ctrl_hs|  Loop_VITIS_LOOP_165_12_proc_Pipeline_VITIS_LOOP_173_14_VITIS_LOOP_175_15|  return value|
|ap_idle               |  out|    1|  ap_ctrl_hs|  Loop_VITIS_LOOP_165_12_proc_Pipeline_VITIS_LOOP_173_14_VITIS_LOOP_175_15|  return value|
|ap_ready              |  out|    1|  ap_ctrl_hs|  Loop_VITIS_LOOP_165_12_proc_Pipeline_VITIS_LOOP_173_14_VITIS_LOOP_175_15|  return value|
|m_axi_gmem7_AWVALID   |  out|    1|       m_axi|                                                                     gmem7|       pointer|
|m_axi_gmem7_AWREADY   |   in|    1|       m_axi|                                                                     gmem7|       pointer|
|m_axi_gmem7_AWADDR    |  out|   64|       m_axi|                                                                     gmem7|       pointer|
|m_axi_gmem7_AWID      |  out|    1|       m_axi|                                                                     gmem7|       pointer|
|m_axi_gmem7_AWLEN     |  out|   32|       m_axi|                                                                     gmem7|       pointer|
|m_axi_gmem7_AWSIZE    |  out|    3|       m_axi|                                                                     gmem7|       pointer|
|m_axi_gmem7_AWBURST   |  out|    2|       m_axi|                                                                     gmem7|       pointer|
|m_axi_gmem7_AWLOCK    |  out|    2|       m_axi|                                                                     gmem7|       pointer|
|m_axi_gmem7_AWCACHE   |  out|    4|       m_axi|                                                                     gmem7|       pointer|
|m_axi_gmem7_AWPROT    |  out|    3|       m_axi|                                                                     gmem7|       pointer|
|m_axi_gmem7_AWQOS     |  out|    4|       m_axi|                                                                     gmem7|       pointer|
|m_axi_gmem7_AWREGION  |  out|    4|       m_axi|                                                                     gmem7|       pointer|
|m_axi_gmem7_AWUSER    |  out|    1|       m_axi|                                                                     gmem7|       pointer|
|m_axi_gmem7_WVALID    |  out|    1|       m_axi|                                                                     gmem7|       pointer|
|m_axi_gmem7_WREADY    |   in|    1|       m_axi|                                                                     gmem7|       pointer|
|m_axi_gmem7_WDATA     |  out|  512|       m_axi|                                                                     gmem7|       pointer|
|m_axi_gmem7_WSTRB     |  out|   64|       m_axi|                                                                     gmem7|       pointer|
|m_axi_gmem7_WLAST     |  out|    1|       m_axi|                                                                     gmem7|       pointer|
|m_axi_gmem7_WID       |  out|    1|       m_axi|                                                                     gmem7|       pointer|
|m_axi_gmem7_WUSER     |  out|    1|       m_axi|                                                                     gmem7|       pointer|
|m_axi_gmem7_ARVALID   |  out|    1|       m_axi|                                                                     gmem7|       pointer|
|m_axi_gmem7_ARREADY   |   in|    1|       m_axi|                                                                     gmem7|       pointer|
|m_axi_gmem7_ARADDR    |  out|   64|       m_axi|                                                                     gmem7|       pointer|
|m_axi_gmem7_ARID      |  out|    1|       m_axi|                                                                     gmem7|       pointer|
|m_axi_gmem7_ARLEN     |  out|   32|       m_axi|                                                                     gmem7|       pointer|
|m_axi_gmem7_ARSIZE    |  out|    3|       m_axi|                                                                     gmem7|       pointer|
|m_axi_gmem7_ARBURST   |  out|    2|       m_axi|                                                                     gmem7|       pointer|
|m_axi_gmem7_ARLOCK    |  out|    2|       m_axi|                                                                     gmem7|       pointer|
|m_axi_gmem7_ARCACHE   |  out|    4|       m_axi|                                                                     gmem7|       pointer|
|m_axi_gmem7_ARPROT    |  out|    3|       m_axi|                                                                     gmem7|       pointer|
|m_axi_gmem7_ARQOS     |  out|    4|       m_axi|                                                                     gmem7|       pointer|
|m_axi_gmem7_ARREGION  |  out|    4|       m_axi|                                                                     gmem7|       pointer|
|m_axi_gmem7_ARUSER    |  out|    1|       m_axi|                                                                     gmem7|       pointer|
|m_axi_gmem7_RVALID    |   in|    1|       m_axi|                                                                     gmem7|       pointer|
|m_axi_gmem7_RREADY    |  out|    1|       m_axi|                                                                     gmem7|       pointer|
|m_axi_gmem7_RDATA     |   in|  512|       m_axi|                                                                     gmem7|       pointer|
|m_axi_gmem7_RLAST     |   in|    1|       m_axi|                                                                     gmem7|       pointer|
|m_axi_gmem7_RID       |   in|    1|       m_axi|                                                                     gmem7|       pointer|
|m_axi_gmem7_RFIFONUM  |   in|    9|       m_axi|                                                                     gmem7|       pointer|
|m_axi_gmem7_RUSER     |   in|    1|       m_axi|                                                                     gmem7|       pointer|
|m_axi_gmem7_RRESP     |   in|    2|       m_axi|                                                                     gmem7|       pointer|
|m_axi_gmem7_BVALID    |   in|    1|       m_axi|                                                                     gmem7|       pointer|
|m_axi_gmem7_BREADY    |  out|    1|       m_axi|                                                                     gmem7|       pointer|
|m_axi_gmem7_BRESP     |   in|    2|       m_axi|                                                                     gmem7|       pointer|
|m_axi_gmem7_BID       |   in|    1|       m_axi|                                                                     gmem7|       pointer|
|m_axi_gmem7_BUSER     |   in|    1|       m_axi|                                                                     gmem7|       pointer|
|v35_address0          |  out|    6|   ap_memory|                                                                       v35|         array|
|v35_ce0               |  out|    1|   ap_memory|                                                                       v35|         array|
|v35_we0               |  out|    1|   ap_memory|                                                                       v35|         array|
|v35_d0                |  out|   32|   ap_memory|                                                                       v35|         array|
|v35_1_address0        |  out|    6|   ap_memory|                                                                     v35_1|         array|
|v35_1_ce0             |  out|    1|   ap_memory|                                                                     v35_1|         array|
|v35_1_we0             |  out|    1|   ap_memory|                                                                     v35_1|         array|
|v35_1_d0              |  out|   32|   ap_memory|                                                                     v35_1|         array|
|v35_2_address0        |  out|    6|   ap_memory|                                                                     v35_2|         array|
|v35_2_ce0             |  out|    1|   ap_memory|                                                                     v35_2|         array|
|v35_2_we0             |  out|    1|   ap_memory|                                                                     v35_2|         array|
|v35_2_d0              |  out|   32|   ap_memory|                                                                     v35_2|         array|
|v35_3_address0        |  out|    6|   ap_memory|                                                                     v35_3|         array|
|v35_3_ce0             |  out|    1|   ap_memory|                                                                     v35_3|         array|
|v35_3_we0             |  out|    1|   ap_memory|                                                                     v35_3|         array|
|v35_3_d0              |  out|   32|   ap_memory|                                                                     v35_3|         array|
|v35_4_address0        |  out|    6|   ap_memory|                                                                     v35_4|         array|
|v35_4_ce0             |  out|    1|   ap_memory|                                                                     v35_4|         array|
|v35_4_we0             |  out|    1|   ap_memory|                                                                     v35_4|         array|
|v35_4_d0              |  out|   32|   ap_memory|                                                                     v35_4|         array|
|v35_5_address0        |  out|    6|   ap_memory|                                                                     v35_5|         array|
|v35_5_ce0             |  out|    1|   ap_memory|                                                                     v35_5|         array|
|v35_5_we0             |  out|    1|   ap_memory|                                                                     v35_5|         array|
|v35_5_d0              |  out|   32|   ap_memory|                                                                     v35_5|         array|
|v35_6_address0        |  out|    6|   ap_memory|                                                                     v35_6|         array|
|v35_6_ce0             |  out|    1|   ap_memory|                                                                     v35_6|         array|
|v35_6_we0             |  out|    1|   ap_memory|                                                                     v35_6|         array|
|v35_6_d0              |  out|   32|   ap_memory|                                                                     v35_6|         array|
|v35_7_address0        |  out|    6|   ap_memory|                                                                     v35_7|         array|
|v35_7_ce0             |  out|    1|   ap_memory|                                                                     v35_7|         array|
|v35_7_we0             |  out|    1|   ap_memory|                                                                     v35_7|         array|
|v35_7_d0              |  out|   32|   ap_memory|                                                                     v35_7|         array|
|sext_ln173            |   in|   58|     ap_none|                                                                sext_ln173|        scalar|
+----------------------+-----+-----+------------+--------------------------------------------------------------------------+--------------+

