

================================================================
== Vitis HLS Report for 'read_F_FT2'
================================================================
* Date:           Thu Dec  5 15:31:03 2024

* Version:        2023.2 (Build 4023990 on Oct 11 2023)
* Project:        kernel_nlp_slr0
* Solution:       solution (Vitis Kernel Flow Target)
* Product family: virtexuplusHBM
* Target device:  xcu55c-fsvh2892-2L-e


================================================================
== Performance Estimates
================================================================
+ Timing: 
    * Summary: 
    +--------+---------+----------+------------+
    |  Clock |  Target | Estimated| Uncertainty|
    +--------+---------+----------+------------+
    |ap_clk  |  4.55 ns|  2.442 ns|     1.23 ns|
    +--------+---------+----------+------------+

+ Latency: 
    * Summary: 
    +---------+---------+----------+----------+-----+-----+---------+
    |  Latency (cycles) |  Latency (absolute) |  Interval | Pipeline|
    |   min   |   max   |    min   |    max   | min | max |   Type  |
    +---------+---------+----------+----------+-----+-----+---------+
    |        1|      396|  4.545 ns|  1.800 us|    1|  396|       no|
    +---------+---------+----------+----------+-----+-----+---------+

    + Detail: 
        * Instance: 
        +--------------------------------------------------------------------------------------+---------------------------------------------------------------------------+---------+---------+----------+----------+-----+-----+---------+
        |                                                                                      |                                                                           |  Latency (cycles) |  Latency (absolute) |  Interval | Pipeline|
        |                                       Instance                                       |                                   Module                                  |   min   |   max   |    min   |    max   | min | max |   Type  |
        +--------------------------------------------------------------------------------------+---------------------------------------------------------------------------+---------+---------+----------+----------+-----+-----+---------+
        |grp_read_F_FT2_Pipeline_VITIS_LOOP_1048_1_VITIS_LOOP_1050_2_VITIS_LOOP_1052_3_fu_412  |read_F_FT2_Pipeline_VITIS_LOOP_1048_1_VITIS_LOOP_1050_2_VITIS_LOOP_1052_3  |      395|      395|  1.795 us|  1.795 us|  395|  395|       no|
        +--------------------------------------------------------------------------------------+---------------------------------------------------------------------------+---------+---------+----------+----------+-----+-----+---------+

        * Loop: 
        N/A



================================================================
== Utilization Estimates
================================================================
* Summary: 
+---------------------+---------+------+---------+---------+-----+
|         Name        | BRAM_18K|  DSP |    FF   |   LUT   | URAM|
+---------------------+---------+------+---------+---------+-----+
|DSP                  |        -|     -|        -|        -|    -|
|Expression           |        -|     -|        0|       12|    -|
|FIFO                 |        -|     -|        -|        -|    -|
|Instance             |        -|     1|      386|      481|    -|
|Memory               |        -|     -|        -|        -|    -|
|Multiplexer          |        -|     -|        -|       23|    -|
|Register             |        -|     -|        4|        -|    -|
+---------------------+---------+------+---------+---------+-----+
|Total                |        0|     1|      390|      516|    0|
+---------------------+---------+------+---------+---------+-----+
|Available SLR        |     1344|  3008|   869120|   434560|  320|
+---------------------+---------+------+---------+---------+-----+
|Utilization SLR (%)  |        0|    ~0|       ~0|       ~0|    0|
+---------------------+---------+------+---------+---------+-----+
|Available            |     4032|  9024|  2607360|  1303680|  960|
+---------------------+---------+------+---------+---------+-----+
|Utilization (%)      |        0|    ~0|       ~0|       ~0|    0|
+---------------------+---------+------+---------+---------+-----+

+ Detail: 
    * Instance: 
    +--------------------------------------------------------------------------------------+---------------------------------------------------------------------------+---------+----+-----+-----+-----+
    |                                       Instance                                       |                                   Module                                  | BRAM_18K| DSP|  FF | LUT | URAM|
    +--------------------------------------------------------------------------------------+---------------------------------------------------------------------------+---------+----+-----+-----+-----+
    |grp_read_F_FT2_Pipeline_VITIS_LOOP_1048_1_VITIS_LOOP_1050_2_VITIS_LOOP_1052_3_fu_412  |read_F_FT2_Pipeline_VITIS_LOOP_1048_1_VITIS_LOOP_1050_2_VITIS_LOOP_1052_3  |        0|   1|  386|  481|    0|
    +--------------------------------------------------------------------------------------+---------------------------------------------------------------------------+---------+----+-----+-----+-----+
    |Total                                                                                 |                                                                           |        0|   1|  386|  481|    0|
    +--------------------------------------------------------------------------------------+---------------------------------------------------------------------------+---------+----+-----+-----+-----+

    * DSP: 
    N/A

    * Memory: 
    N/A

    * FIFO: 
    N/A

    * Expression: 
    +---------------------------------+----------+----+---+----+------------+------------+
    |          Variable Name          | Operation| DSP| FF| LUT| Bitwidth P0| Bitwidth P1|
    +---------------------------------+----------+----+---+----+------------+------------+
    |ap_block_state2_on_subcall_done  |       and|   0|  0|   2|           1|           1|
    |icmp_ln1045_fu_802_p2            |      icmp|   0|  0|  10|           3|           2|
    +---------------------------------+----------+----+---+----+------------+------------+
    |Total                            |          |   0|  0|  12|           4|           3|
    +---------------------------------+----------+----+---+----+------------+------------+

    * Multiplexer: 
    +---------------------------------+----+-----------+-----+-----------+
    |               Name              | LUT| Input Size| Bits| Total Bits|
    +---------------------------------+----+-----------+-----+-----------+
    |ap_NS_fsm                        |  14|          3|    1|          3|
    |fifo_F_from_task3_to_task5_read  |   9|          2|    1|          2|
    +---------------------------------+----+-----------+-----+-----------+
    |Total                            |  23|          5|    2|          5|
    +---------------------------------+----+-----------+-----+-----------+

    * Register: 
    +---------------------------------------------------------------------------------------------------+---+----+-----+-----------+
    |                                                Name                                               | FF| LUT| Bits| Const Bits|
    +---------------------------------------------------------------------------------------------------+---+----+-----+-----------+
    |ap_CS_fsm                                                                                          |  2|   0|    2|          0|
    |grp_read_F_FT2_Pipeline_VITIS_LOOP_1048_1_VITIS_LOOP_1050_2_VITIS_LOOP_1052_3_fu_412_ap_start_reg  |  1|   0|    1|          0|
    |icmp_ln1045_reg_808                                                                                |  1|   0|    1|          0|
    +---------------------------------------------------------------------------------------------------+---+----+-----+-----------+
    |Total                                                                                              |  4|   0|    4|          0|
    +---------------------------------------------------------------------------------------------------+---+----+-----+-----------+



================================================================
== Interface
================================================================
* Summary: 
+-------------------------------------------+-----+-----+------------+----------------------------+--------------+
|                 RTL Ports                 | Dir | Bits|  Protocol  |        Source Object       |    C Type    |
+-------------------------------------------+-----+-----+------------+----------------------------+--------------+
|ap_clk                                     |   in|    1|  ap_ctrl_hs|                  read_F_FT2|  return value|
|ap_rst                                     |   in|    1|  ap_ctrl_hs|                  read_F_FT2|  return value|
|ap_start                                   |   in|    1|  ap_ctrl_hs|                  read_F_FT2|  return value|
|ap_done                                    |  out|    1|  ap_ctrl_hs|                  read_F_FT2|  return value|
|ap_idle                                    |  out|    1|  ap_ctrl_hs|                  read_F_FT2|  return value|
|ap_ready                                   |  out|    1|  ap_ctrl_hs|                  read_F_FT2|  return value|
|F_0_0_address0                             |  out|    5|   ap_memory|                       F_0_0|         array|
|F_0_0_ce0                                  |  out|    1|   ap_memory|                       F_0_0|         array|
|F_0_0_we0                                  |  out|    1|   ap_memory|                       F_0_0|         array|
|F_0_0_d0                                   |  out|   32|   ap_memory|                       F_0_0|         array|
|F_0_1_address0                             |  out|    5|   ap_memory|                       F_0_1|         array|
|F_0_1_ce0                                  |  out|    1|   ap_memory|                       F_0_1|         array|
|F_0_1_we0                                  |  out|    1|   ap_memory|                       F_0_1|         array|
|F_0_1_d0                                   |  out|   32|   ap_memory|                       F_0_1|         array|
|F_0_2_address0                             |  out|    5|   ap_memory|                       F_0_2|         array|
|F_0_2_ce0                                  |  out|    1|   ap_memory|                       F_0_2|         array|
|F_0_2_we0                                  |  out|    1|   ap_memory|                       F_0_2|         array|
|F_0_2_d0                                   |  out|   32|   ap_memory|                       F_0_2|         array|
|F_0_3_address0                             |  out|    5|   ap_memory|                       F_0_3|         array|
|F_0_3_ce0                                  |  out|    1|   ap_memory|                       F_0_3|         array|
|F_0_3_we0                                  |  out|    1|   ap_memory|                       F_0_3|         array|
|F_0_3_d0                                   |  out|   32|   ap_memory|                       F_0_3|         array|
|F_0_4_address0                             |  out|    5|   ap_memory|                       F_0_4|         array|
|F_0_4_ce0                                  |  out|    1|   ap_memory|                       F_0_4|         array|
|F_0_4_we0                                  |  out|    1|   ap_memory|                       F_0_4|         array|
|F_0_4_d0                                   |  out|   32|   ap_memory|                       F_0_4|         array|
|F_0_5_address0                             |  out|    5|   ap_memory|                       F_0_5|         array|
|F_0_5_ce0                                  |  out|    1|   ap_memory|                       F_0_5|         array|
|F_0_5_we0                                  |  out|    1|   ap_memory|                       F_0_5|         array|
|F_0_5_d0                                   |  out|   32|   ap_memory|                       F_0_5|         array|
|F_0_6_address0                             |  out|    5|   ap_memory|                       F_0_6|         array|
|F_0_6_ce0                                  |  out|    1|   ap_memory|                       F_0_6|         array|
|F_0_6_we0                                  |  out|    1|   ap_memory|                       F_0_6|         array|
|F_0_6_d0                                   |  out|   32|   ap_memory|                       F_0_6|         array|
|F_0_7_address0                             |  out|    5|   ap_memory|                       F_0_7|         array|
|F_0_7_ce0                                  |  out|    1|   ap_memory|                       F_0_7|         array|
|F_0_7_we0                                  |  out|    1|   ap_memory|                       F_0_7|         array|
|F_0_7_d0                                   |  out|   32|   ap_memory|                       F_0_7|         array|
|F_0_8_address0                             |  out|    5|   ap_memory|                       F_0_8|         array|
|F_0_8_ce0                                  |  out|    1|   ap_memory|                       F_0_8|         array|
|F_0_8_we0                                  |  out|    1|   ap_memory|                       F_0_8|         array|
|F_0_8_d0                                   |  out|   32|   ap_memory|                       F_0_8|         array|
|F_0_9_address0                             |  out|    5|   ap_memory|                       F_0_9|         array|
|F_0_9_ce0                                  |  out|    1|   ap_memory|                       F_0_9|         array|
|F_0_9_we0                                  |  out|    1|   ap_memory|                       F_0_9|         array|
|F_0_9_d0                                   |  out|   32|   ap_memory|                       F_0_9|         array|
|F_0_10_address0                            |  out|    5|   ap_memory|                      F_0_10|         array|
|F_0_10_ce0                                 |  out|    1|   ap_memory|                      F_0_10|         array|
|F_0_10_we0                                 |  out|    1|   ap_memory|                      F_0_10|         array|
|F_0_10_d0                                  |  out|   32|   ap_memory|                      F_0_10|         array|
|F_0_11_address0                            |  out|    5|   ap_memory|                      F_0_11|         array|
|F_0_11_ce0                                 |  out|    1|   ap_memory|                      F_0_11|         array|
|F_0_11_we0                                 |  out|    1|   ap_memory|                      F_0_11|         array|
|F_0_11_d0                                  |  out|   32|   ap_memory|                      F_0_11|         array|
|F_0_12_address0                            |  out|    5|   ap_memory|                      F_0_12|         array|
|F_0_12_ce0                                 |  out|    1|   ap_memory|                      F_0_12|         array|
|F_0_12_we0                                 |  out|    1|   ap_memory|                      F_0_12|         array|
|F_0_12_d0                                  |  out|   32|   ap_memory|                      F_0_12|         array|
|F_0_13_address0                            |  out|    5|   ap_memory|                      F_0_13|         array|
|F_0_13_ce0                                 |  out|    1|   ap_memory|                      F_0_13|         array|
|F_0_13_we0                                 |  out|    1|   ap_memory|                      F_0_13|         array|
|F_0_13_d0                                  |  out|   32|   ap_memory|                      F_0_13|         array|
|F_0_14_address0                            |  out|    5|   ap_memory|                      F_0_14|         array|
|F_0_14_ce0                                 |  out|    1|   ap_memory|                      F_0_14|         array|
|F_0_14_we0                                 |  out|    1|   ap_memory|                      F_0_14|         array|
|F_0_14_d0                                  |  out|   32|   ap_memory|                      F_0_14|         array|
|F_0_15_address0                            |  out|    5|   ap_memory|                      F_0_15|         array|
|F_0_15_ce0                                 |  out|    1|   ap_memory|                      F_0_15|         array|
|F_0_15_we0                                 |  out|    1|   ap_memory|                      F_0_15|         array|
|F_0_15_d0                                  |  out|   32|   ap_memory|                      F_0_15|         array|
|F_0_16_address0                            |  out|    5|   ap_memory|                      F_0_16|         array|
|F_0_16_ce0                                 |  out|    1|   ap_memory|                      F_0_16|         array|
|F_0_16_we0                                 |  out|    1|   ap_memory|                      F_0_16|         array|
|F_0_16_d0                                  |  out|   32|   ap_memory|                      F_0_16|         array|
|F_0_17_address0                            |  out|    5|   ap_memory|                      F_0_17|         array|
|F_0_17_ce0                                 |  out|    1|   ap_memory|                      F_0_17|         array|
|F_0_17_we0                                 |  out|    1|   ap_memory|                      F_0_17|         array|
|F_0_17_d0                                  |  out|   32|   ap_memory|                      F_0_17|         array|
|F_0_18_address0                            |  out|    5|   ap_memory|                      F_0_18|         array|
|F_0_18_ce0                                 |  out|    1|   ap_memory|                      F_0_18|         array|
|F_0_18_we0                                 |  out|    1|   ap_memory|                      F_0_18|         array|
|F_0_18_d0                                  |  out|   32|   ap_memory|                      F_0_18|         array|
|F_0_19_address0                            |  out|    5|   ap_memory|                      F_0_19|         array|
|F_0_19_ce0                                 |  out|    1|   ap_memory|                      F_0_19|         array|
|F_0_19_we0                                 |  out|    1|   ap_memory|                      F_0_19|         array|
|F_0_19_d0                                  |  out|   32|   ap_memory|                      F_0_19|         array|
|F_0_20_address0                            |  out|    5|   ap_memory|                      F_0_20|         array|
|F_0_20_ce0                                 |  out|    1|   ap_memory|                      F_0_20|         array|
|F_0_20_we0                                 |  out|    1|   ap_memory|                      F_0_20|         array|
|F_0_20_d0                                  |  out|   32|   ap_memory|                      F_0_20|         array|
|F_0_21_address0                            |  out|    5|   ap_memory|                      F_0_21|         array|
|F_0_21_ce0                                 |  out|    1|   ap_memory|                      F_0_21|         array|
|F_0_21_we0                                 |  out|    1|   ap_memory|                      F_0_21|         array|
|F_0_21_d0                                  |  out|   32|   ap_memory|                      F_0_21|         array|
|F_0_22_address0                            |  out|    5|   ap_memory|                      F_0_22|         array|
|F_0_22_ce0                                 |  out|    1|   ap_memory|                      F_0_22|         array|
|F_0_22_we0                                 |  out|    1|   ap_memory|                      F_0_22|         array|
|F_0_22_d0                                  |  out|   32|   ap_memory|                      F_0_22|         array|
|F_0_23_address0                            |  out|    5|   ap_memory|                      F_0_23|         array|
|F_0_23_ce0                                 |  out|    1|   ap_memory|                      F_0_23|         array|
|F_0_23_we0                                 |  out|    1|   ap_memory|                      F_0_23|         array|
|F_0_23_d0                                  |  out|   32|   ap_memory|                      F_0_23|         array|
|F_0_24_address0                            |  out|    5|   ap_memory|                      F_0_24|         array|
|F_0_24_ce0                                 |  out|    1|   ap_memory|                      F_0_24|         array|
|F_0_24_we0                                 |  out|    1|   ap_memory|                      F_0_24|         array|
|F_0_24_d0                                  |  out|   32|   ap_memory|                      F_0_24|         array|
|F_0_25_address0                            |  out|    5|   ap_memory|                      F_0_25|         array|
|F_0_25_ce0                                 |  out|    1|   ap_memory|                      F_0_25|         array|
|F_0_25_we0                                 |  out|    1|   ap_memory|                      F_0_25|         array|
|F_0_25_d0                                  |  out|   32|   ap_memory|                      F_0_25|         array|
|F_0_26_address0                            |  out|    5|   ap_memory|                      F_0_26|         array|
|F_0_26_ce0                                 |  out|    1|   ap_memory|                      F_0_26|         array|
|F_0_26_we0                                 |  out|    1|   ap_memory|                      F_0_26|         array|
|F_0_26_d0                                  |  out|   32|   ap_memory|                      F_0_26|         array|
|F_0_27_address0                            |  out|    5|   ap_memory|                      F_0_27|         array|
|F_0_27_ce0                                 |  out|    1|   ap_memory|                      F_0_27|         array|
|F_0_27_we0                                 |  out|    1|   ap_memory|                      F_0_27|         array|
|F_0_27_d0                                  |  out|   32|   ap_memory|                      F_0_27|         array|
|F_0_28_address0                            |  out|    5|   ap_memory|                      F_0_28|         array|
|F_0_28_ce0                                 |  out|    1|   ap_memory|                      F_0_28|         array|
|F_0_28_we0                                 |  out|    1|   ap_memory|                      F_0_28|         array|
|F_0_28_d0                                  |  out|   32|   ap_memory|                      F_0_28|         array|
|F_0_29_address0                            |  out|    5|   ap_memory|                      F_0_29|         array|
|F_0_29_ce0                                 |  out|    1|   ap_memory|                      F_0_29|         array|
|F_0_29_we0                                 |  out|    1|   ap_memory|                      F_0_29|         array|
|F_0_29_d0                                  |  out|   32|   ap_memory|                      F_0_29|         array|
|F_0_30_address0                            |  out|    5|   ap_memory|                      F_0_30|         array|
|F_0_30_ce0                                 |  out|    1|   ap_memory|                      F_0_30|         array|
|F_0_30_we0                                 |  out|    1|   ap_memory|                      F_0_30|         array|
|F_0_30_d0                                  |  out|   32|   ap_memory|                      F_0_30|         array|
|F_0_31_address0                            |  out|    5|   ap_memory|                      F_0_31|         array|
|F_0_31_ce0                                 |  out|    1|   ap_memory|                      F_0_31|         array|
|F_0_31_we0                                 |  out|    1|   ap_memory|                      F_0_31|         array|
|F_0_31_d0                                  |  out|   32|   ap_memory|                      F_0_31|         array|
|F_1_0_address0                             |  out|    5|   ap_memory|                       F_1_0|         array|
|F_1_0_ce0                                  |  out|    1|   ap_memory|                       F_1_0|         array|
|F_1_0_we0                                  |  out|    1|   ap_memory|                       F_1_0|         array|
|F_1_0_d0                                   |  out|   32|   ap_memory|                       F_1_0|         array|
|F_1_1_address0                             |  out|    5|   ap_memory|                       F_1_1|         array|
|F_1_1_ce0                                  |  out|    1|   ap_memory|                       F_1_1|         array|
|F_1_1_we0                                  |  out|    1|   ap_memory|                       F_1_1|         array|
|F_1_1_d0                                   |  out|   32|   ap_memory|                       F_1_1|         array|
|F_1_2_address0                             |  out|    5|   ap_memory|                       F_1_2|         array|
|F_1_2_ce0                                  |  out|    1|   ap_memory|                       F_1_2|         array|
|F_1_2_we0                                  |  out|    1|   ap_memory|                       F_1_2|         array|
|F_1_2_d0                                   |  out|   32|   ap_memory|                       F_1_2|         array|
|F_1_3_address0                             |  out|    5|   ap_memory|                       F_1_3|         array|
|F_1_3_ce0                                  |  out|    1|   ap_memory|                       F_1_3|         array|
|F_1_3_we0                                  |  out|    1|   ap_memory|                       F_1_3|         array|
|F_1_3_d0                                   |  out|   32|   ap_memory|                       F_1_3|         array|
|F_1_4_address0                             |  out|    5|   ap_memory|                       F_1_4|         array|
|F_1_4_ce0                                  |  out|    1|   ap_memory|                       F_1_4|         array|
|F_1_4_we0                                  |  out|    1|   ap_memory|                       F_1_4|         array|
|F_1_4_d0                                   |  out|   32|   ap_memory|                       F_1_4|         array|
|F_1_5_address0                             |  out|    5|   ap_memory|                       F_1_5|         array|
|F_1_5_ce0                                  |  out|    1|   ap_memory|                       F_1_5|         array|
|F_1_5_we0                                  |  out|    1|   ap_memory|                       F_1_5|         array|
|F_1_5_d0                                   |  out|   32|   ap_memory|                       F_1_5|         array|
|F_1_6_address0                             |  out|    5|   ap_memory|                       F_1_6|         array|
|F_1_6_ce0                                  |  out|    1|   ap_memory|                       F_1_6|         array|
|F_1_6_we0                                  |  out|    1|   ap_memory|                       F_1_6|         array|
|F_1_6_d0                                   |  out|   32|   ap_memory|                       F_1_6|         array|
|F_1_7_address0                             |  out|    5|   ap_memory|                       F_1_7|         array|
|F_1_7_ce0                                  |  out|    1|   ap_memory|                       F_1_7|         array|
|F_1_7_we0                                  |  out|    1|   ap_memory|                       F_1_7|         array|
|F_1_7_d0                                   |  out|   32|   ap_memory|                       F_1_7|         array|
|F_1_8_address0                             |  out|    5|   ap_memory|                       F_1_8|         array|
|F_1_8_ce0                                  |  out|    1|   ap_memory|                       F_1_8|         array|
|F_1_8_we0                                  |  out|    1|   ap_memory|                       F_1_8|         array|
|F_1_8_d0                                   |  out|   32|   ap_memory|                       F_1_8|         array|
|F_1_9_address0                             |  out|    5|   ap_memory|                       F_1_9|         array|
|F_1_9_ce0                                  |  out|    1|   ap_memory|                       F_1_9|         array|
|F_1_9_we0                                  |  out|    1|   ap_memory|                       F_1_9|         array|
|F_1_9_d0                                   |  out|   32|   ap_memory|                       F_1_9|         array|
|F_1_10_address0                            |  out|    5|   ap_memory|                      F_1_10|         array|
|F_1_10_ce0                                 |  out|    1|   ap_memory|                      F_1_10|         array|
|F_1_10_we0                                 |  out|    1|   ap_memory|                      F_1_10|         array|
|F_1_10_d0                                  |  out|   32|   ap_memory|                      F_1_10|         array|
|F_1_11_address0                            |  out|    5|   ap_memory|                      F_1_11|         array|
|F_1_11_ce0                                 |  out|    1|   ap_memory|                      F_1_11|         array|
|F_1_11_we0                                 |  out|    1|   ap_memory|                      F_1_11|         array|
|F_1_11_d0                                  |  out|   32|   ap_memory|                      F_1_11|         array|
|F_1_12_address0                            |  out|    5|   ap_memory|                      F_1_12|         array|
|F_1_12_ce0                                 |  out|    1|   ap_memory|                      F_1_12|         array|
|F_1_12_we0                                 |  out|    1|   ap_memory|                      F_1_12|         array|
|F_1_12_d0                                  |  out|   32|   ap_memory|                      F_1_12|         array|
|F_1_13_address0                            |  out|    5|   ap_memory|                      F_1_13|         array|
|F_1_13_ce0                                 |  out|    1|   ap_memory|                      F_1_13|         array|
|F_1_13_we0                                 |  out|    1|   ap_memory|                      F_1_13|         array|
|F_1_13_d0                                  |  out|   32|   ap_memory|                      F_1_13|         array|
|F_1_14_address0                            |  out|    5|   ap_memory|                      F_1_14|         array|
|F_1_14_ce0                                 |  out|    1|   ap_memory|                      F_1_14|         array|
|F_1_14_we0                                 |  out|    1|   ap_memory|                      F_1_14|         array|
|F_1_14_d0                                  |  out|   32|   ap_memory|                      F_1_14|         array|
|F_1_15_address0                            |  out|    5|   ap_memory|                      F_1_15|         array|
|F_1_15_ce0                                 |  out|    1|   ap_memory|                      F_1_15|         array|
|F_1_15_we0                                 |  out|    1|   ap_memory|                      F_1_15|         array|
|F_1_15_d0                                  |  out|   32|   ap_memory|                      F_1_15|         array|
|F_1_16_address0                            |  out|    5|   ap_memory|                      F_1_16|         array|
|F_1_16_ce0                                 |  out|    1|   ap_memory|                      F_1_16|         array|
|F_1_16_we0                                 |  out|    1|   ap_memory|                      F_1_16|         array|
|F_1_16_d0                                  |  out|   32|   ap_memory|                      F_1_16|         array|
|F_1_17_address0                            |  out|    5|   ap_memory|                      F_1_17|         array|
|F_1_17_ce0                                 |  out|    1|   ap_memory|                      F_1_17|         array|
|F_1_17_we0                                 |  out|    1|   ap_memory|                      F_1_17|         array|
|F_1_17_d0                                  |  out|   32|   ap_memory|                      F_1_17|         array|
|F_1_18_address0                            |  out|    5|   ap_memory|                      F_1_18|         array|
|F_1_18_ce0                                 |  out|    1|   ap_memory|                      F_1_18|         array|
|F_1_18_we0                                 |  out|    1|   ap_memory|                      F_1_18|         array|
|F_1_18_d0                                  |  out|   32|   ap_memory|                      F_1_18|         array|
|F_1_19_address0                            |  out|    5|   ap_memory|                      F_1_19|         array|
|F_1_19_ce0                                 |  out|    1|   ap_memory|                      F_1_19|         array|
|F_1_19_we0                                 |  out|    1|   ap_memory|                      F_1_19|         array|
|F_1_19_d0                                  |  out|   32|   ap_memory|                      F_1_19|         array|
|F_1_20_address0                            |  out|    5|   ap_memory|                      F_1_20|         array|
|F_1_20_ce0                                 |  out|    1|   ap_memory|                      F_1_20|         array|
|F_1_20_we0                                 |  out|    1|   ap_memory|                      F_1_20|         array|
|F_1_20_d0                                  |  out|   32|   ap_memory|                      F_1_20|         array|
|F_1_21_address0                            |  out|    5|   ap_memory|                      F_1_21|         array|
|F_1_21_ce0                                 |  out|    1|   ap_memory|                      F_1_21|         array|
|F_1_21_we0                                 |  out|    1|   ap_memory|                      F_1_21|         array|
|F_1_21_d0                                  |  out|   32|   ap_memory|                      F_1_21|         array|
|F_1_22_address0                            |  out|    5|   ap_memory|                      F_1_22|         array|
|F_1_22_ce0                                 |  out|    1|   ap_memory|                      F_1_22|         array|
|F_1_22_we0                                 |  out|    1|   ap_memory|                      F_1_22|         array|
|F_1_22_d0                                  |  out|   32|   ap_memory|                      F_1_22|         array|
|F_1_23_address0                            |  out|    5|   ap_memory|                      F_1_23|         array|
|F_1_23_ce0                                 |  out|    1|   ap_memory|                      F_1_23|         array|
|F_1_23_we0                                 |  out|    1|   ap_memory|                      F_1_23|         array|
|F_1_23_d0                                  |  out|   32|   ap_memory|                      F_1_23|         array|
|F_1_24_address0                            |  out|    5|   ap_memory|                      F_1_24|         array|
|F_1_24_ce0                                 |  out|    1|   ap_memory|                      F_1_24|         array|
|F_1_24_we0                                 |  out|    1|   ap_memory|                      F_1_24|         array|
|F_1_24_d0                                  |  out|   32|   ap_memory|                      F_1_24|         array|
|F_1_25_address0                            |  out|    5|   ap_memory|                      F_1_25|         array|
|F_1_25_ce0                                 |  out|    1|   ap_memory|                      F_1_25|         array|
|F_1_25_we0                                 |  out|    1|   ap_memory|                      F_1_25|         array|
|F_1_25_d0                                  |  out|   32|   ap_memory|                      F_1_25|         array|
|F_1_26_address0                            |  out|    5|   ap_memory|                      F_1_26|         array|
|F_1_26_ce0                                 |  out|    1|   ap_memory|                      F_1_26|         array|
|F_1_26_we0                                 |  out|    1|   ap_memory|                      F_1_26|         array|
|F_1_26_d0                                  |  out|   32|   ap_memory|                      F_1_26|         array|
|F_1_27_address0                            |  out|    5|   ap_memory|                      F_1_27|         array|
|F_1_27_ce0                                 |  out|    1|   ap_memory|                      F_1_27|         array|
|F_1_27_we0                                 |  out|    1|   ap_memory|                      F_1_27|         array|
|F_1_27_d0                                  |  out|   32|   ap_memory|                      F_1_27|         array|
|F_1_28_address0                            |  out|    5|   ap_memory|                      F_1_28|         array|
|F_1_28_ce0                                 |  out|    1|   ap_memory|                      F_1_28|         array|
|F_1_28_we0                                 |  out|    1|   ap_memory|                      F_1_28|         array|
|F_1_28_d0                                  |  out|   32|   ap_memory|                      F_1_28|         array|
|F_1_29_address0                            |  out|    5|   ap_memory|                      F_1_29|         array|
|F_1_29_ce0                                 |  out|    1|   ap_memory|                      F_1_29|         array|
|F_1_29_we0                                 |  out|    1|   ap_memory|                      F_1_29|         array|
|F_1_29_d0                                  |  out|   32|   ap_memory|                      F_1_29|         array|
|F_1_30_address0                            |  out|    5|   ap_memory|                      F_1_30|         array|
|F_1_30_ce0                                 |  out|    1|   ap_memory|                      F_1_30|         array|
|F_1_30_we0                                 |  out|    1|   ap_memory|                      F_1_30|         array|
|F_1_30_d0                                  |  out|   32|   ap_memory|                      F_1_30|         array|
|F_1_31_address0                            |  out|    5|   ap_memory|                      F_1_31|         array|
|F_1_31_ce0                                 |  out|    1|   ap_memory|                      F_1_31|         array|
|F_1_31_we0                                 |  out|    1|   ap_memory|                      F_1_31|         array|
|F_1_31_d0                                  |  out|   32|   ap_memory|                      F_1_31|         array|
|F_2_0_address0                             |  out|    5|   ap_memory|                       F_2_0|         array|
|F_2_0_ce0                                  |  out|    1|   ap_memory|                       F_2_0|         array|
|F_2_0_we0                                  |  out|    1|   ap_memory|                       F_2_0|         array|
|F_2_0_d0                                   |  out|   32|   ap_memory|                       F_2_0|         array|
|F_2_1_address0                             |  out|    5|   ap_memory|                       F_2_1|         array|
|F_2_1_ce0                                  |  out|    1|   ap_memory|                       F_2_1|         array|
|F_2_1_we0                                  |  out|    1|   ap_memory|                       F_2_1|         array|
|F_2_1_d0                                   |  out|   32|   ap_memory|                       F_2_1|         array|
|F_2_2_address0                             |  out|    5|   ap_memory|                       F_2_2|         array|
|F_2_2_ce0                                  |  out|    1|   ap_memory|                       F_2_2|         array|
|F_2_2_we0                                  |  out|    1|   ap_memory|                       F_2_2|         array|
|F_2_2_d0                                   |  out|   32|   ap_memory|                       F_2_2|         array|
|F_2_3_address0                             |  out|    5|   ap_memory|                       F_2_3|         array|
|F_2_3_ce0                                  |  out|    1|   ap_memory|                       F_2_3|         array|
|F_2_3_we0                                  |  out|    1|   ap_memory|                       F_2_3|         array|
|F_2_3_d0                                   |  out|   32|   ap_memory|                       F_2_3|         array|
|F_2_4_address0                             |  out|    5|   ap_memory|                       F_2_4|         array|
|F_2_4_ce0                                  |  out|    1|   ap_memory|                       F_2_4|         array|
|F_2_4_we0                                  |  out|    1|   ap_memory|                       F_2_4|         array|
|F_2_4_d0                                   |  out|   32|   ap_memory|                       F_2_4|         array|
|F_2_5_address0                             |  out|    5|   ap_memory|                       F_2_5|         array|
|F_2_5_ce0                                  |  out|    1|   ap_memory|                       F_2_5|         array|
|F_2_5_we0                                  |  out|    1|   ap_memory|                       F_2_5|         array|
|F_2_5_d0                                   |  out|   32|   ap_memory|                       F_2_5|         array|
|F_2_6_address0                             |  out|    5|   ap_memory|                       F_2_6|         array|
|F_2_6_ce0                                  |  out|    1|   ap_memory|                       F_2_6|         array|
|F_2_6_we0                                  |  out|    1|   ap_memory|                       F_2_6|         array|
|F_2_6_d0                                   |  out|   32|   ap_memory|                       F_2_6|         array|
|F_2_7_address0                             |  out|    5|   ap_memory|                       F_2_7|         array|
|F_2_7_ce0                                  |  out|    1|   ap_memory|                       F_2_7|         array|
|F_2_7_we0                                  |  out|    1|   ap_memory|                       F_2_7|         array|
|F_2_7_d0                                   |  out|   32|   ap_memory|                       F_2_7|         array|
|F_2_8_address0                             |  out|    5|   ap_memory|                       F_2_8|         array|
|F_2_8_ce0                                  |  out|    1|   ap_memory|                       F_2_8|         array|
|F_2_8_we0                                  |  out|    1|   ap_memory|                       F_2_8|         array|
|F_2_8_d0                                   |  out|   32|   ap_memory|                       F_2_8|         array|
|F_2_9_address0                             |  out|    5|   ap_memory|                       F_2_9|         array|
|F_2_9_ce0                                  |  out|    1|   ap_memory|                       F_2_9|         array|
|F_2_9_we0                                  |  out|    1|   ap_memory|                       F_2_9|         array|
|F_2_9_d0                                   |  out|   32|   ap_memory|                       F_2_9|         array|
|F_2_10_address0                            |  out|    5|   ap_memory|                      F_2_10|         array|
|F_2_10_ce0                                 |  out|    1|   ap_memory|                      F_2_10|         array|
|F_2_10_we0                                 |  out|    1|   ap_memory|                      F_2_10|         array|
|F_2_10_d0                                  |  out|   32|   ap_memory|                      F_2_10|         array|
|F_2_11_address0                            |  out|    5|   ap_memory|                      F_2_11|         array|
|F_2_11_ce0                                 |  out|    1|   ap_memory|                      F_2_11|         array|
|F_2_11_we0                                 |  out|    1|   ap_memory|                      F_2_11|         array|
|F_2_11_d0                                  |  out|   32|   ap_memory|                      F_2_11|         array|
|F_2_12_address0                            |  out|    5|   ap_memory|                      F_2_12|         array|
|F_2_12_ce0                                 |  out|    1|   ap_memory|                      F_2_12|         array|
|F_2_12_we0                                 |  out|    1|   ap_memory|                      F_2_12|         array|
|F_2_12_d0                                  |  out|   32|   ap_memory|                      F_2_12|         array|
|F_2_13_address0                            |  out|    5|   ap_memory|                      F_2_13|         array|
|F_2_13_ce0                                 |  out|    1|   ap_memory|                      F_2_13|         array|
|F_2_13_we0                                 |  out|    1|   ap_memory|                      F_2_13|         array|
|F_2_13_d0                                  |  out|   32|   ap_memory|                      F_2_13|         array|
|F_2_14_address0                            |  out|    5|   ap_memory|                      F_2_14|         array|
|F_2_14_ce0                                 |  out|    1|   ap_memory|                      F_2_14|         array|
|F_2_14_we0                                 |  out|    1|   ap_memory|                      F_2_14|         array|
|F_2_14_d0                                  |  out|   32|   ap_memory|                      F_2_14|         array|
|F_2_15_address0                            |  out|    5|   ap_memory|                      F_2_15|         array|
|F_2_15_ce0                                 |  out|    1|   ap_memory|                      F_2_15|         array|
|F_2_15_we0                                 |  out|    1|   ap_memory|                      F_2_15|         array|
|F_2_15_d0                                  |  out|   32|   ap_memory|                      F_2_15|         array|
|F_2_16_address0                            |  out|    5|   ap_memory|                      F_2_16|         array|
|F_2_16_ce0                                 |  out|    1|   ap_memory|                      F_2_16|         array|
|F_2_16_we0                                 |  out|    1|   ap_memory|                      F_2_16|         array|
|F_2_16_d0                                  |  out|   32|   ap_memory|                      F_2_16|         array|
|F_2_17_address0                            |  out|    5|   ap_memory|                      F_2_17|         array|
|F_2_17_ce0                                 |  out|    1|   ap_memory|                      F_2_17|         array|
|F_2_17_we0                                 |  out|    1|   ap_memory|                      F_2_17|         array|
|F_2_17_d0                                  |  out|   32|   ap_memory|                      F_2_17|         array|
|F_2_18_address0                            |  out|    5|   ap_memory|                      F_2_18|         array|
|F_2_18_ce0                                 |  out|    1|   ap_memory|                      F_2_18|         array|
|F_2_18_we0                                 |  out|    1|   ap_memory|                      F_2_18|         array|
|F_2_18_d0                                  |  out|   32|   ap_memory|                      F_2_18|         array|
|F_2_19_address0                            |  out|    5|   ap_memory|                      F_2_19|         array|
|F_2_19_ce0                                 |  out|    1|   ap_memory|                      F_2_19|         array|
|F_2_19_we0                                 |  out|    1|   ap_memory|                      F_2_19|         array|
|F_2_19_d0                                  |  out|   32|   ap_memory|                      F_2_19|         array|
|F_2_20_address0                            |  out|    5|   ap_memory|                      F_2_20|         array|
|F_2_20_ce0                                 |  out|    1|   ap_memory|                      F_2_20|         array|
|F_2_20_we0                                 |  out|    1|   ap_memory|                      F_2_20|         array|
|F_2_20_d0                                  |  out|   32|   ap_memory|                      F_2_20|         array|
|F_2_21_address0                            |  out|    5|   ap_memory|                      F_2_21|         array|
|F_2_21_ce0                                 |  out|    1|   ap_memory|                      F_2_21|         array|
|F_2_21_we0                                 |  out|    1|   ap_memory|                      F_2_21|         array|
|F_2_21_d0                                  |  out|   32|   ap_memory|                      F_2_21|         array|
|F_2_22_address0                            |  out|    5|   ap_memory|                      F_2_22|         array|
|F_2_22_ce0                                 |  out|    1|   ap_memory|                      F_2_22|         array|
|F_2_22_we0                                 |  out|    1|   ap_memory|                      F_2_22|         array|
|F_2_22_d0                                  |  out|   32|   ap_memory|                      F_2_22|         array|
|F_2_23_address0                            |  out|    5|   ap_memory|                      F_2_23|         array|
|F_2_23_ce0                                 |  out|    1|   ap_memory|                      F_2_23|         array|
|F_2_23_we0                                 |  out|    1|   ap_memory|                      F_2_23|         array|
|F_2_23_d0                                  |  out|   32|   ap_memory|                      F_2_23|         array|
|F_2_24_address0                            |  out|    5|   ap_memory|                      F_2_24|         array|
|F_2_24_ce0                                 |  out|    1|   ap_memory|                      F_2_24|         array|
|F_2_24_we0                                 |  out|    1|   ap_memory|                      F_2_24|         array|
|F_2_24_d0                                  |  out|   32|   ap_memory|                      F_2_24|         array|
|F_2_25_address0                            |  out|    5|   ap_memory|                      F_2_25|         array|
|F_2_25_ce0                                 |  out|    1|   ap_memory|                      F_2_25|         array|
|F_2_25_we0                                 |  out|    1|   ap_memory|                      F_2_25|         array|
|F_2_25_d0                                  |  out|   32|   ap_memory|                      F_2_25|         array|
|F_2_26_address0                            |  out|    5|   ap_memory|                      F_2_26|         array|
|F_2_26_ce0                                 |  out|    1|   ap_memory|                      F_2_26|         array|
|F_2_26_we0                                 |  out|    1|   ap_memory|                      F_2_26|         array|
|F_2_26_d0                                  |  out|   32|   ap_memory|                      F_2_26|         array|
|F_2_27_address0                            |  out|    5|   ap_memory|                      F_2_27|         array|
|F_2_27_ce0                                 |  out|    1|   ap_memory|                      F_2_27|         array|
|F_2_27_we0                                 |  out|    1|   ap_memory|                      F_2_27|         array|
|F_2_27_d0                                  |  out|   32|   ap_memory|                      F_2_27|         array|
|F_2_28_address0                            |  out|    5|   ap_memory|                      F_2_28|         array|
|F_2_28_ce0                                 |  out|    1|   ap_memory|                      F_2_28|         array|
|F_2_28_we0                                 |  out|    1|   ap_memory|                      F_2_28|         array|
|F_2_28_d0                                  |  out|   32|   ap_memory|                      F_2_28|         array|
|F_2_29_address0                            |  out|    5|   ap_memory|                      F_2_29|         array|
|F_2_29_ce0                                 |  out|    1|   ap_memory|                      F_2_29|         array|
|F_2_29_we0                                 |  out|    1|   ap_memory|                      F_2_29|         array|
|F_2_29_d0                                  |  out|   32|   ap_memory|                      F_2_29|         array|
|F_2_30_address0                            |  out|    5|   ap_memory|                      F_2_30|         array|
|F_2_30_ce0                                 |  out|    1|   ap_memory|                      F_2_30|         array|
|F_2_30_we0                                 |  out|    1|   ap_memory|                      F_2_30|         array|
|F_2_30_d0                                  |  out|   32|   ap_memory|                      F_2_30|         array|
|F_2_31_address0                            |  out|    5|   ap_memory|                      F_2_31|         array|
|F_2_31_ce0                                 |  out|    1|   ap_memory|                      F_2_31|         array|
|F_2_31_we0                                 |  out|    1|   ap_memory|                      F_2_31|         array|
|F_2_31_d0                                  |  out|   32|   ap_memory|                      F_2_31|         array|
|F_3_0_address0                             |  out|    5|   ap_memory|                       F_3_0|         array|
|F_3_0_ce0                                  |  out|    1|   ap_memory|                       F_3_0|         array|
|F_3_0_we0                                  |  out|    1|   ap_memory|                       F_3_0|         array|
|F_3_0_d0                                   |  out|   32|   ap_memory|                       F_3_0|         array|
|F_3_1_address0                             |  out|    5|   ap_memory|                       F_3_1|         array|
|F_3_1_ce0                                  |  out|    1|   ap_memory|                       F_3_1|         array|
|F_3_1_we0                                  |  out|    1|   ap_memory|                       F_3_1|         array|
|F_3_1_d0                                   |  out|   32|   ap_memory|                       F_3_1|         array|
|F_3_2_address0                             |  out|    5|   ap_memory|                       F_3_2|         array|
|F_3_2_ce0                                  |  out|    1|   ap_memory|                       F_3_2|         array|
|F_3_2_we0                                  |  out|    1|   ap_memory|                       F_3_2|         array|
|F_3_2_d0                                   |  out|   32|   ap_memory|                       F_3_2|         array|
|F_3_3_address0                             |  out|    5|   ap_memory|                       F_3_3|         array|
|F_3_3_ce0                                  |  out|    1|   ap_memory|                       F_3_3|         array|
|F_3_3_we0                                  |  out|    1|   ap_memory|                       F_3_3|         array|
|F_3_3_d0                                   |  out|   32|   ap_memory|                       F_3_3|         array|
|F_3_4_address0                             |  out|    5|   ap_memory|                       F_3_4|         array|
|F_3_4_ce0                                  |  out|    1|   ap_memory|                       F_3_4|         array|
|F_3_4_we0                                  |  out|    1|   ap_memory|                       F_3_4|         array|
|F_3_4_d0                                   |  out|   32|   ap_memory|                       F_3_4|         array|
|F_3_5_address0                             |  out|    5|   ap_memory|                       F_3_5|         array|
|F_3_5_ce0                                  |  out|    1|   ap_memory|                       F_3_5|         array|
|F_3_5_we0                                  |  out|    1|   ap_memory|                       F_3_5|         array|
|F_3_5_d0                                   |  out|   32|   ap_memory|                       F_3_5|         array|
|F_3_6_address0                             |  out|    5|   ap_memory|                       F_3_6|         array|
|F_3_6_ce0                                  |  out|    1|   ap_memory|                       F_3_6|         array|
|F_3_6_we0                                  |  out|    1|   ap_memory|                       F_3_6|         array|
|F_3_6_d0                                   |  out|   32|   ap_memory|                       F_3_6|         array|
|F_3_7_address0                             |  out|    5|   ap_memory|                       F_3_7|         array|
|F_3_7_ce0                                  |  out|    1|   ap_memory|                       F_3_7|         array|
|F_3_7_we0                                  |  out|    1|   ap_memory|                       F_3_7|         array|
|F_3_7_d0                                   |  out|   32|   ap_memory|                       F_3_7|         array|
|F_3_8_address0                             |  out|    5|   ap_memory|                       F_3_8|         array|
|F_3_8_ce0                                  |  out|    1|   ap_memory|                       F_3_8|         array|
|F_3_8_we0                                  |  out|    1|   ap_memory|                       F_3_8|         array|
|F_3_8_d0                                   |  out|   32|   ap_memory|                       F_3_8|         array|
|F_3_9_address0                             |  out|    5|   ap_memory|                       F_3_9|         array|
|F_3_9_ce0                                  |  out|    1|   ap_memory|                       F_3_9|         array|
|F_3_9_we0                                  |  out|    1|   ap_memory|                       F_3_9|         array|
|F_3_9_d0                                   |  out|   32|   ap_memory|                       F_3_9|         array|
|F_3_10_address0                            |  out|    5|   ap_memory|                      F_3_10|         array|
|F_3_10_ce0                                 |  out|    1|   ap_memory|                      F_3_10|         array|
|F_3_10_we0                                 |  out|    1|   ap_memory|                      F_3_10|         array|
|F_3_10_d0                                  |  out|   32|   ap_memory|                      F_3_10|         array|
|F_3_11_address0                            |  out|    5|   ap_memory|                      F_3_11|         array|
|F_3_11_ce0                                 |  out|    1|   ap_memory|                      F_3_11|         array|
|F_3_11_we0                                 |  out|    1|   ap_memory|                      F_3_11|         array|
|F_3_11_d0                                  |  out|   32|   ap_memory|                      F_3_11|         array|
|F_3_12_address0                            |  out|    5|   ap_memory|                      F_3_12|         array|
|F_3_12_ce0                                 |  out|    1|   ap_memory|                      F_3_12|         array|
|F_3_12_we0                                 |  out|    1|   ap_memory|                      F_3_12|         array|
|F_3_12_d0                                  |  out|   32|   ap_memory|                      F_3_12|         array|
|F_3_13_address0                            |  out|    5|   ap_memory|                      F_3_13|         array|
|F_3_13_ce0                                 |  out|    1|   ap_memory|                      F_3_13|         array|
|F_3_13_we0                                 |  out|    1|   ap_memory|                      F_3_13|         array|
|F_3_13_d0                                  |  out|   32|   ap_memory|                      F_3_13|         array|
|F_3_14_address0                            |  out|    5|   ap_memory|                      F_3_14|         array|
|F_3_14_ce0                                 |  out|    1|   ap_memory|                      F_3_14|         array|
|F_3_14_we0                                 |  out|    1|   ap_memory|                      F_3_14|         array|
|F_3_14_d0                                  |  out|   32|   ap_memory|                      F_3_14|         array|
|F_3_15_address0                            |  out|    5|   ap_memory|                      F_3_15|         array|
|F_3_15_ce0                                 |  out|    1|   ap_memory|                      F_3_15|         array|
|F_3_15_we0                                 |  out|    1|   ap_memory|                      F_3_15|         array|
|F_3_15_d0                                  |  out|   32|   ap_memory|                      F_3_15|         array|
|F_3_16_address0                            |  out|    5|   ap_memory|                      F_3_16|         array|
|F_3_16_ce0                                 |  out|    1|   ap_memory|                      F_3_16|         array|
|F_3_16_we0                                 |  out|    1|   ap_memory|                      F_3_16|         array|
|F_3_16_d0                                  |  out|   32|   ap_memory|                      F_3_16|         array|
|F_3_17_address0                            |  out|    5|   ap_memory|                      F_3_17|         array|
|F_3_17_ce0                                 |  out|    1|   ap_memory|                      F_3_17|         array|
|F_3_17_we0                                 |  out|    1|   ap_memory|                      F_3_17|         array|
|F_3_17_d0                                  |  out|   32|   ap_memory|                      F_3_17|         array|
|F_3_18_address0                            |  out|    5|   ap_memory|                      F_3_18|         array|
|F_3_18_ce0                                 |  out|    1|   ap_memory|                      F_3_18|         array|
|F_3_18_we0                                 |  out|    1|   ap_memory|                      F_3_18|         array|
|F_3_18_d0                                  |  out|   32|   ap_memory|                      F_3_18|         array|
|F_3_19_address0                            |  out|    5|   ap_memory|                      F_3_19|         array|
|F_3_19_ce0                                 |  out|    1|   ap_memory|                      F_3_19|         array|
|F_3_19_we0                                 |  out|    1|   ap_memory|                      F_3_19|         array|
|F_3_19_d0                                  |  out|   32|   ap_memory|                      F_3_19|         array|
|F_3_20_address0                            |  out|    5|   ap_memory|                      F_3_20|         array|
|F_3_20_ce0                                 |  out|    1|   ap_memory|                      F_3_20|         array|
|F_3_20_we0                                 |  out|    1|   ap_memory|                      F_3_20|         array|
|F_3_20_d0                                  |  out|   32|   ap_memory|                      F_3_20|         array|
|F_3_21_address0                            |  out|    5|   ap_memory|                      F_3_21|         array|
|F_3_21_ce0                                 |  out|    1|   ap_memory|                      F_3_21|         array|
|F_3_21_we0                                 |  out|    1|   ap_memory|                      F_3_21|         array|
|F_3_21_d0                                  |  out|   32|   ap_memory|                      F_3_21|         array|
|F_3_22_address0                            |  out|    5|   ap_memory|                      F_3_22|         array|
|F_3_22_ce0                                 |  out|    1|   ap_memory|                      F_3_22|         array|
|F_3_22_we0                                 |  out|    1|   ap_memory|                      F_3_22|         array|
|F_3_22_d0                                  |  out|   32|   ap_memory|                      F_3_22|         array|
|F_3_23_address0                            |  out|    5|   ap_memory|                      F_3_23|         array|
|F_3_23_ce0                                 |  out|    1|   ap_memory|                      F_3_23|         array|
|F_3_23_we0                                 |  out|    1|   ap_memory|                      F_3_23|         array|
|F_3_23_d0                                  |  out|   32|   ap_memory|                      F_3_23|         array|
|F_3_24_address0                            |  out|    5|   ap_memory|                      F_3_24|         array|
|F_3_24_ce0                                 |  out|    1|   ap_memory|                      F_3_24|         array|
|F_3_24_we0                                 |  out|    1|   ap_memory|                      F_3_24|         array|
|F_3_24_d0                                  |  out|   32|   ap_memory|                      F_3_24|         array|
|F_3_25_address0                            |  out|    5|   ap_memory|                      F_3_25|         array|
|F_3_25_ce0                                 |  out|    1|   ap_memory|                      F_3_25|         array|
|F_3_25_we0                                 |  out|    1|   ap_memory|                      F_3_25|         array|
|F_3_25_d0                                  |  out|   32|   ap_memory|                      F_3_25|         array|
|F_3_26_address0                            |  out|    5|   ap_memory|                      F_3_26|         array|
|F_3_26_ce0                                 |  out|    1|   ap_memory|                      F_3_26|         array|
|F_3_26_we0                                 |  out|    1|   ap_memory|                      F_3_26|         array|
|F_3_26_d0                                  |  out|   32|   ap_memory|                      F_3_26|         array|
|F_3_27_address0                            |  out|    5|   ap_memory|                      F_3_27|         array|
|F_3_27_ce0                                 |  out|    1|   ap_memory|                      F_3_27|         array|
|F_3_27_we0                                 |  out|    1|   ap_memory|                      F_3_27|         array|
|F_3_27_d0                                  |  out|   32|   ap_memory|                      F_3_27|         array|
|F_3_28_address0                            |  out|    5|   ap_memory|                      F_3_28|         array|
|F_3_28_ce0                                 |  out|    1|   ap_memory|                      F_3_28|         array|
|F_3_28_we0                                 |  out|    1|   ap_memory|                      F_3_28|         array|
|F_3_28_d0                                  |  out|   32|   ap_memory|                      F_3_28|         array|
|F_3_29_address0                            |  out|    5|   ap_memory|                      F_3_29|         array|
|F_3_29_ce0                                 |  out|    1|   ap_memory|                      F_3_29|         array|
|F_3_29_we0                                 |  out|    1|   ap_memory|                      F_3_29|         array|
|F_3_29_d0                                  |  out|   32|   ap_memory|                      F_3_29|         array|
|F_3_30_address0                            |  out|    5|   ap_memory|                      F_3_30|         array|
|F_3_30_ce0                                 |  out|    1|   ap_memory|                      F_3_30|         array|
|F_3_30_we0                                 |  out|    1|   ap_memory|                      F_3_30|         array|
|F_3_30_d0                                  |  out|   32|   ap_memory|                      F_3_30|         array|
|F_3_31_address0                            |  out|    5|   ap_memory|                      F_3_31|         array|
|F_3_31_ce0                                 |  out|    1|   ap_memory|                      F_3_31|         array|
|F_3_31_we0                                 |  out|    1|   ap_memory|                      F_3_31|         array|
|F_3_31_d0                                  |  out|   32|   ap_memory|                      F_3_31|         array|
|F_4_0_address0                             |  out|    5|   ap_memory|                       F_4_0|         array|
|F_4_0_ce0                                  |  out|    1|   ap_memory|                       F_4_0|         array|
|F_4_0_we0                                  |  out|    1|   ap_memory|                       F_4_0|         array|
|F_4_0_d0                                   |  out|   32|   ap_memory|                       F_4_0|         array|
|F_4_1_address0                             |  out|    5|   ap_memory|                       F_4_1|         array|
|F_4_1_ce0                                  |  out|    1|   ap_memory|                       F_4_1|         array|
|F_4_1_we0                                  |  out|    1|   ap_memory|                       F_4_1|         array|
|F_4_1_d0                                   |  out|   32|   ap_memory|                       F_4_1|         array|
|F_4_2_address0                             |  out|    5|   ap_memory|                       F_4_2|         array|
|F_4_2_ce0                                  |  out|    1|   ap_memory|                       F_4_2|         array|
|F_4_2_we0                                  |  out|    1|   ap_memory|                       F_4_2|         array|
|F_4_2_d0                                   |  out|   32|   ap_memory|                       F_4_2|         array|
|F_4_3_address0                             |  out|    5|   ap_memory|                       F_4_3|         array|
|F_4_3_ce0                                  |  out|    1|   ap_memory|                       F_4_3|         array|
|F_4_3_we0                                  |  out|    1|   ap_memory|                       F_4_3|         array|
|F_4_3_d0                                   |  out|   32|   ap_memory|                       F_4_3|         array|
|F_4_4_address0                             |  out|    5|   ap_memory|                       F_4_4|         array|
|F_4_4_ce0                                  |  out|    1|   ap_memory|                       F_4_4|         array|
|F_4_4_we0                                  |  out|    1|   ap_memory|                       F_4_4|         array|
|F_4_4_d0                                   |  out|   32|   ap_memory|                       F_4_4|         array|
|F_4_5_address0                             |  out|    5|   ap_memory|                       F_4_5|         array|
|F_4_5_ce0                                  |  out|    1|   ap_memory|                       F_4_5|         array|
|F_4_5_we0                                  |  out|    1|   ap_memory|                       F_4_5|         array|
|F_4_5_d0                                   |  out|   32|   ap_memory|                       F_4_5|         array|
|F_4_6_address0                             |  out|    5|   ap_memory|                       F_4_6|         array|
|F_4_6_ce0                                  |  out|    1|   ap_memory|                       F_4_6|         array|
|F_4_6_we0                                  |  out|    1|   ap_memory|                       F_4_6|         array|
|F_4_6_d0                                   |  out|   32|   ap_memory|                       F_4_6|         array|
|F_4_7_address0                             |  out|    5|   ap_memory|                       F_4_7|         array|
|F_4_7_ce0                                  |  out|    1|   ap_memory|                       F_4_7|         array|
|F_4_7_we0                                  |  out|    1|   ap_memory|                       F_4_7|         array|
|F_4_7_d0                                   |  out|   32|   ap_memory|                       F_4_7|         array|
|F_4_8_address0                             |  out|    5|   ap_memory|                       F_4_8|         array|
|F_4_8_ce0                                  |  out|    1|   ap_memory|                       F_4_8|         array|
|F_4_8_we0                                  |  out|    1|   ap_memory|                       F_4_8|         array|
|F_4_8_d0                                   |  out|   32|   ap_memory|                       F_4_8|         array|
|F_4_9_address0                             |  out|    5|   ap_memory|                       F_4_9|         array|
|F_4_9_ce0                                  |  out|    1|   ap_memory|                       F_4_9|         array|
|F_4_9_we0                                  |  out|    1|   ap_memory|                       F_4_9|         array|
|F_4_9_d0                                   |  out|   32|   ap_memory|                       F_4_9|         array|
|F_4_10_address0                            |  out|    5|   ap_memory|                      F_4_10|         array|
|F_4_10_ce0                                 |  out|    1|   ap_memory|                      F_4_10|         array|
|F_4_10_we0                                 |  out|    1|   ap_memory|                      F_4_10|         array|
|F_4_10_d0                                  |  out|   32|   ap_memory|                      F_4_10|         array|
|F_4_11_address0                            |  out|    5|   ap_memory|                      F_4_11|         array|
|F_4_11_ce0                                 |  out|    1|   ap_memory|                      F_4_11|         array|
|F_4_11_we0                                 |  out|    1|   ap_memory|                      F_4_11|         array|
|F_4_11_d0                                  |  out|   32|   ap_memory|                      F_4_11|         array|
|F_4_12_address0                            |  out|    5|   ap_memory|                      F_4_12|         array|
|F_4_12_ce0                                 |  out|    1|   ap_memory|                      F_4_12|         array|
|F_4_12_we0                                 |  out|    1|   ap_memory|                      F_4_12|         array|
|F_4_12_d0                                  |  out|   32|   ap_memory|                      F_4_12|         array|
|F_4_13_address0                            |  out|    5|   ap_memory|                      F_4_13|         array|
|F_4_13_ce0                                 |  out|    1|   ap_memory|                      F_4_13|         array|
|F_4_13_we0                                 |  out|    1|   ap_memory|                      F_4_13|         array|
|F_4_13_d0                                  |  out|   32|   ap_memory|                      F_4_13|         array|
|F_4_14_address0                            |  out|    5|   ap_memory|                      F_4_14|         array|
|F_4_14_ce0                                 |  out|    1|   ap_memory|                      F_4_14|         array|
|F_4_14_we0                                 |  out|    1|   ap_memory|                      F_4_14|         array|
|F_4_14_d0                                  |  out|   32|   ap_memory|                      F_4_14|         array|
|F_4_15_address0                            |  out|    5|   ap_memory|                      F_4_15|         array|
|F_4_15_ce0                                 |  out|    1|   ap_memory|                      F_4_15|         array|
|F_4_15_we0                                 |  out|    1|   ap_memory|                      F_4_15|         array|
|F_4_15_d0                                  |  out|   32|   ap_memory|                      F_4_15|         array|
|F_4_16_address0                            |  out|    5|   ap_memory|                      F_4_16|         array|
|F_4_16_ce0                                 |  out|    1|   ap_memory|                      F_4_16|         array|
|F_4_16_we0                                 |  out|    1|   ap_memory|                      F_4_16|         array|
|F_4_16_d0                                  |  out|   32|   ap_memory|                      F_4_16|         array|
|F_4_17_address0                            |  out|    5|   ap_memory|                      F_4_17|         array|
|F_4_17_ce0                                 |  out|    1|   ap_memory|                      F_4_17|         array|
|F_4_17_we0                                 |  out|    1|   ap_memory|                      F_4_17|         array|
|F_4_17_d0                                  |  out|   32|   ap_memory|                      F_4_17|         array|
|F_4_18_address0                            |  out|    5|   ap_memory|                      F_4_18|         array|
|F_4_18_ce0                                 |  out|    1|   ap_memory|                      F_4_18|         array|
|F_4_18_we0                                 |  out|    1|   ap_memory|                      F_4_18|         array|
|F_4_18_d0                                  |  out|   32|   ap_memory|                      F_4_18|         array|
|F_4_19_address0                            |  out|    5|   ap_memory|                      F_4_19|         array|
|F_4_19_ce0                                 |  out|    1|   ap_memory|                      F_4_19|         array|
|F_4_19_we0                                 |  out|    1|   ap_memory|                      F_4_19|         array|
|F_4_19_d0                                  |  out|   32|   ap_memory|                      F_4_19|         array|
|F_4_20_address0                            |  out|    5|   ap_memory|                      F_4_20|         array|
|F_4_20_ce0                                 |  out|    1|   ap_memory|                      F_4_20|         array|
|F_4_20_we0                                 |  out|    1|   ap_memory|                      F_4_20|         array|
|F_4_20_d0                                  |  out|   32|   ap_memory|                      F_4_20|         array|
|F_4_21_address0                            |  out|    5|   ap_memory|                      F_4_21|         array|
|F_4_21_ce0                                 |  out|    1|   ap_memory|                      F_4_21|         array|
|F_4_21_we0                                 |  out|    1|   ap_memory|                      F_4_21|         array|
|F_4_21_d0                                  |  out|   32|   ap_memory|                      F_4_21|         array|
|F_4_22_address0                            |  out|    5|   ap_memory|                      F_4_22|         array|
|F_4_22_ce0                                 |  out|    1|   ap_memory|                      F_4_22|         array|
|F_4_22_we0                                 |  out|    1|   ap_memory|                      F_4_22|         array|
|F_4_22_d0                                  |  out|   32|   ap_memory|                      F_4_22|         array|
|F_4_23_address0                            |  out|    5|   ap_memory|                      F_4_23|         array|
|F_4_23_ce0                                 |  out|    1|   ap_memory|                      F_4_23|         array|
|F_4_23_we0                                 |  out|    1|   ap_memory|                      F_4_23|         array|
|F_4_23_d0                                  |  out|   32|   ap_memory|                      F_4_23|         array|
|F_4_24_address0                            |  out|    5|   ap_memory|                      F_4_24|         array|
|F_4_24_ce0                                 |  out|    1|   ap_memory|                      F_4_24|         array|
|F_4_24_we0                                 |  out|    1|   ap_memory|                      F_4_24|         array|
|F_4_24_d0                                  |  out|   32|   ap_memory|                      F_4_24|         array|
|F_4_25_address0                            |  out|    5|   ap_memory|                      F_4_25|         array|
|F_4_25_ce0                                 |  out|    1|   ap_memory|                      F_4_25|         array|
|F_4_25_we0                                 |  out|    1|   ap_memory|                      F_4_25|         array|
|F_4_25_d0                                  |  out|   32|   ap_memory|                      F_4_25|         array|
|F_4_26_address0                            |  out|    5|   ap_memory|                      F_4_26|         array|
|F_4_26_ce0                                 |  out|    1|   ap_memory|                      F_4_26|         array|
|F_4_26_we0                                 |  out|    1|   ap_memory|                      F_4_26|         array|
|F_4_26_d0                                  |  out|   32|   ap_memory|                      F_4_26|         array|
|F_4_27_address0                            |  out|    5|   ap_memory|                      F_4_27|         array|
|F_4_27_ce0                                 |  out|    1|   ap_memory|                      F_4_27|         array|
|F_4_27_we0                                 |  out|    1|   ap_memory|                      F_4_27|         array|
|F_4_27_d0                                  |  out|   32|   ap_memory|                      F_4_27|         array|
|F_4_28_address0                            |  out|    5|   ap_memory|                      F_4_28|         array|
|F_4_28_ce0                                 |  out|    1|   ap_memory|                      F_4_28|         array|
|F_4_28_we0                                 |  out|    1|   ap_memory|                      F_4_28|         array|
|F_4_28_d0                                  |  out|   32|   ap_memory|                      F_4_28|         array|
|F_4_29_address0                            |  out|    5|   ap_memory|                      F_4_29|         array|
|F_4_29_ce0                                 |  out|    1|   ap_memory|                      F_4_29|         array|
|F_4_29_we0                                 |  out|    1|   ap_memory|                      F_4_29|         array|
|F_4_29_d0                                  |  out|   32|   ap_memory|                      F_4_29|         array|
|F_4_30_address0                            |  out|    5|   ap_memory|                      F_4_30|         array|
|F_4_30_ce0                                 |  out|    1|   ap_memory|                      F_4_30|         array|
|F_4_30_we0                                 |  out|    1|   ap_memory|                      F_4_30|         array|
|F_4_30_d0                                  |  out|   32|   ap_memory|                      F_4_30|         array|
|F_4_31_address0                            |  out|    5|   ap_memory|                      F_4_31|         array|
|F_4_31_ce0                                 |  out|    1|   ap_memory|                      F_4_31|         array|
|F_4_31_we0                                 |  out|    1|   ap_memory|                      F_4_31|         array|
|F_4_31_d0                                  |  out|   32|   ap_memory|                      F_4_31|         array|
|F_5_0_address0                             |  out|    5|   ap_memory|                       F_5_0|         array|
|F_5_0_ce0                                  |  out|    1|   ap_memory|                       F_5_0|         array|
|F_5_0_we0                                  |  out|    1|   ap_memory|                       F_5_0|         array|
|F_5_0_d0                                   |  out|   32|   ap_memory|                       F_5_0|         array|
|F_5_1_address0                             |  out|    5|   ap_memory|                       F_5_1|         array|
|F_5_1_ce0                                  |  out|    1|   ap_memory|                       F_5_1|         array|
|F_5_1_we0                                  |  out|    1|   ap_memory|                       F_5_1|         array|
|F_5_1_d0                                   |  out|   32|   ap_memory|                       F_5_1|         array|
|F_5_2_address0                             |  out|    5|   ap_memory|                       F_5_2|         array|
|F_5_2_ce0                                  |  out|    1|   ap_memory|                       F_5_2|         array|
|F_5_2_we0                                  |  out|    1|   ap_memory|                       F_5_2|         array|
|F_5_2_d0                                   |  out|   32|   ap_memory|                       F_5_2|         array|
|F_5_3_address0                             |  out|    5|   ap_memory|                       F_5_3|         array|
|F_5_3_ce0                                  |  out|    1|   ap_memory|                       F_5_3|         array|
|F_5_3_we0                                  |  out|    1|   ap_memory|                       F_5_3|         array|
|F_5_3_d0                                   |  out|   32|   ap_memory|                       F_5_3|         array|
|F_5_4_address0                             |  out|    5|   ap_memory|                       F_5_4|         array|
|F_5_4_ce0                                  |  out|    1|   ap_memory|                       F_5_4|         array|
|F_5_4_we0                                  |  out|    1|   ap_memory|                       F_5_4|         array|
|F_5_4_d0                                   |  out|   32|   ap_memory|                       F_5_4|         array|
|F_5_5_address0                             |  out|    5|   ap_memory|                       F_5_5|         array|
|F_5_5_ce0                                  |  out|    1|   ap_memory|                       F_5_5|         array|
|F_5_5_we0                                  |  out|    1|   ap_memory|                       F_5_5|         array|
|F_5_5_d0                                   |  out|   32|   ap_memory|                       F_5_5|         array|
|F_5_6_address0                             |  out|    5|   ap_memory|                       F_5_6|         array|
|F_5_6_ce0                                  |  out|    1|   ap_memory|                       F_5_6|         array|
|F_5_6_we0                                  |  out|    1|   ap_memory|                       F_5_6|         array|
|F_5_6_d0                                   |  out|   32|   ap_memory|                       F_5_6|         array|
|F_5_7_address0                             |  out|    5|   ap_memory|                       F_5_7|         array|
|F_5_7_ce0                                  |  out|    1|   ap_memory|                       F_5_7|         array|
|F_5_7_we0                                  |  out|    1|   ap_memory|                       F_5_7|         array|
|F_5_7_d0                                   |  out|   32|   ap_memory|                       F_5_7|         array|
|F_5_8_address0                             |  out|    5|   ap_memory|                       F_5_8|         array|
|F_5_8_ce0                                  |  out|    1|   ap_memory|                       F_5_8|         array|
|F_5_8_we0                                  |  out|    1|   ap_memory|                       F_5_8|         array|
|F_5_8_d0                                   |  out|   32|   ap_memory|                       F_5_8|         array|
|F_5_9_address0                             |  out|    5|   ap_memory|                       F_5_9|         array|
|F_5_9_ce0                                  |  out|    1|   ap_memory|                       F_5_9|         array|
|F_5_9_we0                                  |  out|    1|   ap_memory|                       F_5_9|         array|
|F_5_9_d0                                   |  out|   32|   ap_memory|                       F_5_9|         array|
|F_5_10_address0                            |  out|    5|   ap_memory|                      F_5_10|         array|
|F_5_10_ce0                                 |  out|    1|   ap_memory|                      F_5_10|         array|
|F_5_10_we0                                 |  out|    1|   ap_memory|                      F_5_10|         array|
|F_5_10_d0                                  |  out|   32|   ap_memory|                      F_5_10|         array|
|F_5_11_address0                            |  out|    5|   ap_memory|                      F_5_11|         array|
|F_5_11_ce0                                 |  out|    1|   ap_memory|                      F_5_11|         array|
|F_5_11_we0                                 |  out|    1|   ap_memory|                      F_5_11|         array|
|F_5_11_d0                                  |  out|   32|   ap_memory|                      F_5_11|         array|
|F_5_12_address0                            |  out|    5|   ap_memory|                      F_5_12|         array|
|F_5_12_ce0                                 |  out|    1|   ap_memory|                      F_5_12|         array|
|F_5_12_we0                                 |  out|    1|   ap_memory|                      F_5_12|         array|
|F_5_12_d0                                  |  out|   32|   ap_memory|                      F_5_12|         array|
|F_5_13_address0                            |  out|    5|   ap_memory|                      F_5_13|         array|
|F_5_13_ce0                                 |  out|    1|   ap_memory|                      F_5_13|         array|
|F_5_13_we0                                 |  out|    1|   ap_memory|                      F_5_13|         array|
|F_5_13_d0                                  |  out|   32|   ap_memory|                      F_5_13|         array|
|F_5_14_address0                            |  out|    5|   ap_memory|                      F_5_14|         array|
|F_5_14_ce0                                 |  out|    1|   ap_memory|                      F_5_14|         array|
|F_5_14_we0                                 |  out|    1|   ap_memory|                      F_5_14|         array|
|F_5_14_d0                                  |  out|   32|   ap_memory|                      F_5_14|         array|
|F_5_15_address0                            |  out|    5|   ap_memory|                      F_5_15|         array|
|F_5_15_ce0                                 |  out|    1|   ap_memory|                      F_5_15|         array|
|F_5_15_we0                                 |  out|    1|   ap_memory|                      F_5_15|         array|
|F_5_15_d0                                  |  out|   32|   ap_memory|                      F_5_15|         array|
|F_5_16_address0                            |  out|    5|   ap_memory|                      F_5_16|         array|
|F_5_16_ce0                                 |  out|    1|   ap_memory|                      F_5_16|         array|
|F_5_16_we0                                 |  out|    1|   ap_memory|                      F_5_16|         array|
|F_5_16_d0                                  |  out|   32|   ap_memory|                      F_5_16|         array|
|F_5_17_address0                            |  out|    5|   ap_memory|                      F_5_17|         array|
|F_5_17_ce0                                 |  out|    1|   ap_memory|                      F_5_17|         array|
|F_5_17_we0                                 |  out|    1|   ap_memory|                      F_5_17|         array|
|F_5_17_d0                                  |  out|   32|   ap_memory|                      F_5_17|         array|
|F_5_18_address0                            |  out|    5|   ap_memory|                      F_5_18|         array|
|F_5_18_ce0                                 |  out|    1|   ap_memory|                      F_5_18|         array|
|F_5_18_we0                                 |  out|    1|   ap_memory|                      F_5_18|         array|
|F_5_18_d0                                  |  out|   32|   ap_memory|                      F_5_18|         array|
|F_5_19_address0                            |  out|    5|   ap_memory|                      F_5_19|         array|
|F_5_19_ce0                                 |  out|    1|   ap_memory|                      F_5_19|         array|
|F_5_19_we0                                 |  out|    1|   ap_memory|                      F_5_19|         array|
|F_5_19_d0                                  |  out|   32|   ap_memory|                      F_5_19|         array|
|F_5_20_address0                            |  out|    5|   ap_memory|                      F_5_20|         array|
|F_5_20_ce0                                 |  out|    1|   ap_memory|                      F_5_20|         array|
|F_5_20_we0                                 |  out|    1|   ap_memory|                      F_5_20|         array|
|F_5_20_d0                                  |  out|   32|   ap_memory|                      F_5_20|         array|
|F_5_21_address0                            |  out|    5|   ap_memory|                      F_5_21|         array|
|F_5_21_ce0                                 |  out|    1|   ap_memory|                      F_5_21|         array|
|F_5_21_we0                                 |  out|    1|   ap_memory|                      F_5_21|         array|
|F_5_21_d0                                  |  out|   32|   ap_memory|                      F_5_21|         array|
|F_5_22_address0                            |  out|    5|   ap_memory|                      F_5_22|         array|
|F_5_22_ce0                                 |  out|    1|   ap_memory|                      F_5_22|         array|
|F_5_22_we0                                 |  out|    1|   ap_memory|                      F_5_22|         array|
|F_5_22_d0                                  |  out|   32|   ap_memory|                      F_5_22|         array|
|F_5_23_address0                            |  out|    5|   ap_memory|                      F_5_23|         array|
|F_5_23_ce0                                 |  out|    1|   ap_memory|                      F_5_23|         array|
|F_5_23_we0                                 |  out|    1|   ap_memory|                      F_5_23|         array|
|F_5_23_d0                                  |  out|   32|   ap_memory|                      F_5_23|         array|
|F_5_24_address0                            |  out|    5|   ap_memory|                      F_5_24|         array|
|F_5_24_ce0                                 |  out|    1|   ap_memory|                      F_5_24|         array|
|F_5_24_we0                                 |  out|    1|   ap_memory|                      F_5_24|         array|
|F_5_24_d0                                  |  out|   32|   ap_memory|                      F_5_24|         array|
|F_5_25_address0                            |  out|    5|   ap_memory|                      F_5_25|         array|
|F_5_25_ce0                                 |  out|    1|   ap_memory|                      F_5_25|         array|
|F_5_25_we0                                 |  out|    1|   ap_memory|                      F_5_25|         array|
|F_5_25_d0                                  |  out|   32|   ap_memory|                      F_5_25|         array|
|F_5_26_address0                            |  out|    5|   ap_memory|                      F_5_26|         array|
|F_5_26_ce0                                 |  out|    1|   ap_memory|                      F_5_26|         array|
|F_5_26_we0                                 |  out|    1|   ap_memory|                      F_5_26|         array|
|F_5_26_d0                                  |  out|   32|   ap_memory|                      F_5_26|         array|
|F_5_27_address0                            |  out|    5|   ap_memory|                      F_5_27|         array|
|F_5_27_ce0                                 |  out|    1|   ap_memory|                      F_5_27|         array|
|F_5_27_we0                                 |  out|    1|   ap_memory|                      F_5_27|         array|
|F_5_27_d0                                  |  out|   32|   ap_memory|                      F_5_27|         array|
|F_5_28_address0                            |  out|    5|   ap_memory|                      F_5_28|         array|
|F_5_28_ce0                                 |  out|    1|   ap_memory|                      F_5_28|         array|
|F_5_28_we0                                 |  out|    1|   ap_memory|                      F_5_28|         array|
|F_5_28_d0                                  |  out|   32|   ap_memory|                      F_5_28|         array|
|F_5_29_address0                            |  out|    5|   ap_memory|                      F_5_29|         array|
|F_5_29_ce0                                 |  out|    1|   ap_memory|                      F_5_29|         array|
|F_5_29_we0                                 |  out|    1|   ap_memory|                      F_5_29|         array|
|F_5_29_d0                                  |  out|   32|   ap_memory|                      F_5_29|         array|
|F_5_30_address0                            |  out|    5|   ap_memory|                      F_5_30|         array|
|F_5_30_ce0                                 |  out|    1|   ap_memory|                      F_5_30|         array|
|F_5_30_we0                                 |  out|    1|   ap_memory|                      F_5_30|         array|
|F_5_30_d0                                  |  out|   32|   ap_memory|                      F_5_30|         array|
|F_5_31_address0                            |  out|    5|   ap_memory|                      F_5_31|         array|
|F_5_31_ce0                                 |  out|    1|   ap_memory|                      F_5_31|         array|
|F_5_31_we0                                 |  out|    1|   ap_memory|                      F_5_31|         array|
|F_5_31_d0                                  |  out|   32|   ap_memory|                      F_5_31|         array|
|fifo_F_from_task3_to_task5_dout            |   in|  512|     ap_fifo|  fifo_F_from_task3_to_task5|       pointer|
|fifo_F_from_task3_to_task5_num_data_valid  |   in|   11|     ap_fifo|  fifo_F_from_task3_to_task5|       pointer|
|fifo_F_from_task3_to_task5_fifo_cap        |   in|   11|     ap_fifo|  fifo_F_from_task3_to_task5|       pointer|
|fifo_F_from_task3_to_task5_empty_n         |   in|    1|     ap_fifo|  fifo_F_from_task3_to_task5|       pointer|
|fifo_F_from_task3_to_task5_read            |  out|    1|     ap_fifo|  fifo_F_from_task3_to_task5|       pointer|
|j0                                         |   in|    3|     ap_none|                          j0|        scalar|
+-------------------------------------------+-----+-----+------------+----------------------------+--------------+

