

================================================================
== Vitis HLS Report for 'write_G_FT2_5_Pipeline_VITIS_LOOP_1475_1_VITIS_LOOP_1476_2'
================================================================
* Date:           Thu Dec  5 15:31:20 2024

* Version:        2023.2 (Build 4023990 on Oct 11 2023)
* Project:        kernel_nlp_slr0
* Solution:       solution (Vitis Kernel Flow Target)
* Product family: virtexuplusHBM
* Target device:  xcu55c-fsvh2892-2L-e


================================================================
== Performance Estimates
================================================================
+ Timing: 
    * Summary: 
    +--------+---------+----------+------------+
    |  Clock |  Target | Estimated| Uncertainty|
    +--------+---------+----------+------------+
    |ap_clk  |  4.55 ns|  2.232 ns|     1.23 ns|
    +--------+---------+----------+------------+

+ Latency: 
    * Summary: 
    +---------+---------+-----------+-----------+-----+-----+---------+
    |  Latency (cycles) |   Latency (absolute)  |  Interval | Pipeline|
    |   min   |   max   |    min    |    max    | min | max |   Type  |
    +---------+---------+-----------+-----------+-----+-----+---------+
    |       22|       22|  99.990 ns|  99.990 ns|   22|   22|       no|
    +---------+---------+-----------+-----------+-----+-----+---------+

    + Detail: 
        * Instance: 
        N/A

        * Loop: 
        +---------------------------------------+---------+---------+----------+-----------+-----------+------+----------+
        |                                       |  Latency (cycles) | Iteration|  Initiation Interval  | Trip |          |
        |               Loop Name               |   min   |   max   |  Latency |  achieved |   target  | Count| Pipelined|
        +---------------------------------------+---------+---------+----------+-----------+-----------+------+----------+
        |- VITIS_LOOP_1475_1_VITIS_LOOP_1476_2  |       20|       20|         2|          1|          1|    20|       yes|
        +---------------------------------------+---------+---------+----------+-----------+-----------+------+----------+



================================================================
== Utilization Estimates
================================================================
* Summary: 
+---------------------+---------+------+---------+---------+-----+
|         Name        | BRAM_18K|  DSP |    FF   |   LUT   | URAM|
+---------------------+---------+------+---------+---------+-----+
|DSP                  |        -|     -|        -|        -|    -|
|Expression           |        -|     -|        0|     5196|    -|
|FIFO                 |        -|     -|        -|        -|    -|
|Instance             |        -|     -|        0|      864|    -|
|Memory               |        -|     -|        -|        -|    -|
|Multiplexer          |        -|     -|        -|       81|    -|
|Register             |        -|     -|      530|        -|    -|
+---------------------+---------+------+---------+---------+-----+
|Total                |        0|     0|      530|     6141|    0|
+---------------------+---------+------+---------+---------+-----+
|Available SLR        |     1344|  3008|   869120|   434560|  320|
+---------------------+---------+------+---------+---------+-----+
|Utilization SLR (%)  |        0|     0|       ~0|        1|    0|
+---------------------+---------+------+---------+---------+-----+
|Available            |     4032|  9024|  2607360|  1303680|  960|
+---------------------+---------+------+---------+---------+-----+
|Utilization (%)      |        0|     0|       ~0|       ~0|    0|
+---------------------+---------+------+---------+---------+-----+

+ Detail: 
    * Instance: 
    +------------------------------+-----------------------+---------+----+---+----+-----+
    |           Instance           |         Module        | BRAM_18K| DSP| FF| LUT| URAM|
    +------------------------------+-----------------------+---------+----+---+----+-----+
    |sparsemux_21_4_32_1_1_U22519  |sparsemux_21_4_32_1_1  |        0|   0|  0|  54|    0|
    |sparsemux_21_4_32_1_1_U22520  |sparsemux_21_4_32_1_1  |        0|   0|  0|  54|    0|
    |sparsemux_21_4_32_1_1_U22521  |sparsemux_21_4_32_1_1  |        0|   0|  0|  54|    0|
    |sparsemux_21_4_32_1_1_U22522  |sparsemux_21_4_32_1_1  |        0|   0|  0|  54|    0|
    |sparsemux_21_4_32_1_1_U22523  |sparsemux_21_4_32_1_1  |        0|   0|  0|  54|    0|
    |sparsemux_21_4_32_1_1_U22524  |sparsemux_21_4_32_1_1  |        0|   0|  0|  54|    0|
    |sparsemux_21_4_32_1_1_U22525  |sparsemux_21_4_32_1_1  |        0|   0|  0|  54|    0|
    |sparsemux_21_4_32_1_1_U22526  |sparsemux_21_4_32_1_1  |        0|   0|  0|  54|    0|
    |sparsemux_21_4_32_1_1_U22527  |sparsemux_21_4_32_1_1  |        0|   0|  0|  54|    0|
    |sparsemux_21_4_32_1_1_U22528  |sparsemux_21_4_32_1_1  |        0|   0|  0|  54|    0|
    |sparsemux_21_4_32_1_1_U22529  |sparsemux_21_4_32_1_1  |        0|   0|  0|  54|    0|
    |sparsemux_21_4_32_1_1_U22530  |sparsemux_21_4_32_1_1  |        0|   0|  0|  54|    0|
    |sparsemux_21_4_32_1_1_U22531  |sparsemux_21_4_32_1_1  |        0|   0|  0|  54|    0|
    |sparsemux_21_4_32_1_1_U22532  |sparsemux_21_4_32_1_1  |        0|   0|  0|  54|    0|
    |sparsemux_21_4_32_1_1_U22533  |sparsemux_21_4_32_1_1  |        0|   0|  0|  54|    0|
    |sparsemux_21_4_32_1_1_U22534  |sparsemux_21_4_32_1_1  |        0|   0|  0|  54|    0|
    +------------------------------+-----------------------+---------+----+---+----+-----+
    |Total                         |                       |        0|   0|  0| 864|    0|
    +------------------------------+-----------------------+---------+----+---+----+-----+

    * DSP: 
    N/A

    * Memory: 
    N/A

    * FIFO: 
    N/A

    * Expression: 
    +----------------------------+----------+----+---+----+------------+------------+
    |        Variable Name       | Operation| DSP| FF| LUT| Bitwidth P0| Bitwidth P1|
    +----------------------------+----------+----+---+----+------------+------------+
    |add_ln1475_1_fu_2673_p2     |         +|   0|  0|  12|           5|           1|
    |add_ln1475_fu_2685_p2       |         +|   0|  0|  12|           4|           1|
    |add_ln1476_fu_4773_p2       |         +|   0|  0|  13|           6|           5|
    |ap_block_pp0_stage0_01001   |       and|   0|  0|   2|           1|           1|
    |icmp_ln1475_fu_2667_p2      |      icmp|   0|  0|  12|           5|           5|
    |icmp_ln1479_fu_2719_p2      |      icmp|   0|  0|  13|           5|           6|
    |select_ln1475_1_fu_2707_p3  |    select|   0|  0|   4|           1|           4|
    |select_ln1475_fu_2699_p3    |    select|   0|  0|   6|           1|           1|
    |tmp_10_i_fu_4085_p10        |    select|   0|  0|  32|           1|          32|
    |tmp_10_i_fu_4085_p12        |    select|   0|  0|  32|           1|          32|
    |tmp_10_i_fu_4085_p14        |    select|   0|  0|  32|           1|          32|
    |tmp_10_i_fu_4085_p16        |    select|   0|  0|  32|           1|          32|
    |tmp_10_i_fu_4085_p18        |    select|   0|  0|  32|           1|          32|
    |tmp_10_i_fu_4085_p2         |    select|   0|  0|  32|           1|          32|
    |tmp_10_i_fu_4085_p20        |    select|   0|  0|  32|           1|          32|
    |tmp_10_i_fu_4085_p4         |    select|   0|  0|  32|           1|          32|
    |tmp_10_i_fu_4085_p6         |    select|   0|  0|  32|           1|          32|
    |tmp_10_i_fu_4085_p8         |    select|   0|  0|  32|           1|          32|
    |tmp_11_i_fu_4213_p10        |    select|   0|  0|  32|           1|          32|
    |tmp_11_i_fu_4213_p12        |    select|   0|  0|  32|           1|          32|
    |tmp_11_i_fu_4213_p14        |    select|   0|  0|  32|           1|          32|
    |tmp_11_i_fu_4213_p16        |    select|   0|  0|  32|           1|          32|
    |tmp_11_i_fu_4213_p18        |    select|   0|  0|  32|           1|          32|
    |tmp_11_i_fu_4213_p2         |    select|   0|  0|  32|           1|          32|
    |tmp_11_i_fu_4213_p20        |    select|   0|  0|  32|           1|          32|
    |tmp_11_i_fu_4213_p4         |    select|   0|  0|  32|           1|          32|
    |tmp_11_i_fu_4213_p6         |    select|   0|  0|  32|           1|          32|
    |tmp_11_i_fu_4213_p8         |    select|   0|  0|  32|           1|          32|
    |tmp_12_i_fu_4341_p10        |    select|   0|  0|  32|           1|          32|
    |tmp_12_i_fu_4341_p12        |    select|   0|  0|  32|           1|          32|
    |tmp_12_i_fu_4341_p14        |    select|   0|  0|  32|           1|          32|
    |tmp_12_i_fu_4341_p16        |    select|   0|  0|  32|           1|          32|
    |tmp_12_i_fu_4341_p18        |    select|   0|  0|  32|           1|          32|
    |tmp_12_i_fu_4341_p2         |    select|   0|  0|  32|           1|          32|
    |tmp_12_i_fu_4341_p20        |    select|   0|  0|  32|           1|          32|
    |tmp_12_i_fu_4341_p4         |    select|   0|  0|  32|           1|          32|
    |tmp_12_i_fu_4341_p6         |    select|   0|  0|  32|           1|          32|
    |tmp_12_i_fu_4341_p8         |    select|   0|  0|  32|           1|          32|
    |tmp_13_i_fu_4469_p10        |    select|   0|  0|  32|           1|          32|
    |tmp_13_i_fu_4469_p12        |    select|   0|  0|  32|           1|          32|
    |tmp_13_i_fu_4469_p14        |    select|   0|  0|  32|           1|          32|
    |tmp_13_i_fu_4469_p16        |    select|   0|  0|  32|           1|          32|
    |tmp_13_i_fu_4469_p18        |    select|   0|  0|  32|           1|          32|
    |tmp_13_i_fu_4469_p2         |    select|   0|  0|  32|           1|          32|
    |tmp_13_i_fu_4469_p20        |    select|   0|  0|  32|           1|          32|
    |tmp_13_i_fu_4469_p4         |    select|   0|  0|  32|           1|          32|
    |tmp_13_i_fu_4469_p6         |    select|   0|  0|  32|           1|          32|
    |tmp_13_i_fu_4469_p8         |    select|   0|  0|  32|           1|          32|
    |tmp_14_i_fu_4597_p10        |    select|   0|  0|  32|           1|          32|
    |tmp_14_i_fu_4597_p12        |    select|   0|  0|  32|           1|          32|
    |tmp_14_i_fu_4597_p14        |    select|   0|  0|  32|           1|          32|
    |tmp_14_i_fu_4597_p16        |    select|   0|  0|  32|           1|          32|
    |tmp_14_i_fu_4597_p18        |    select|   0|  0|  32|           1|          32|
    |tmp_14_i_fu_4597_p2         |    select|   0|  0|  32|           1|          32|
    |tmp_14_i_fu_4597_p20        |    select|   0|  0|  32|           1|          32|
    |tmp_14_i_fu_4597_p4         |    select|   0|  0|  32|           1|          32|
    |tmp_14_i_fu_4597_p6         |    select|   0|  0|  32|           1|          32|
    |tmp_14_i_fu_4597_p8         |    select|   0|  0|  32|           1|          32|
    |tmp_15_i_fu_4725_p10        |    select|   0|  0|  32|           1|          32|
    |tmp_15_i_fu_4725_p12        |    select|   0|  0|  32|           1|          32|
    |tmp_15_i_fu_4725_p14        |    select|   0|  0|  32|           1|          32|
    |tmp_15_i_fu_4725_p16        |    select|   0|  0|  32|           1|          32|
    |tmp_15_i_fu_4725_p18        |    select|   0|  0|  32|           1|          32|
    |tmp_15_i_fu_4725_p2         |    select|   0|  0|  32|           1|          32|
    |tmp_15_i_fu_4725_p20        |    select|   0|  0|  32|           1|          32|
    |tmp_15_i_fu_4725_p4         |    select|   0|  0|  32|           1|          32|
    |tmp_15_i_fu_4725_p6         |    select|   0|  0|  32|           1|          32|
    |tmp_15_i_fu_4725_p8         |    select|   0|  0|  32|           1|          32|
    |tmp_1_i_fu_2933_p10         |    select|   0|  0|  32|           1|          32|
    |tmp_1_i_fu_2933_p12         |    select|   0|  0|  32|           1|          32|
    |tmp_1_i_fu_2933_p14         |    select|   0|  0|  32|           1|          32|
    |tmp_1_i_fu_2933_p16         |    select|   0|  0|  32|           1|          32|
    |tmp_1_i_fu_2933_p18         |    select|   0|  0|  32|           1|          32|
    |tmp_1_i_fu_2933_p2          |    select|   0|  0|  32|           1|          32|
    |tmp_1_i_fu_2933_p20         |    select|   0|  0|  32|           1|          32|
    |tmp_1_i_fu_2933_p4          |    select|   0|  0|  32|           1|          32|
    |tmp_1_i_fu_2933_p6          |    select|   0|  0|  32|           1|          32|
    |tmp_1_i_fu_2933_p8          |    select|   0|  0|  32|           1|          32|
    |tmp_2_i_fu_3061_p10         |    select|   0|  0|  32|           1|          32|
    |tmp_2_i_fu_3061_p12         |    select|   0|  0|  32|           1|          32|
    |tmp_2_i_fu_3061_p14         |    select|   0|  0|  32|           1|          32|
    |tmp_2_i_fu_3061_p16         |    select|   0|  0|  32|           1|          32|
    |tmp_2_i_fu_3061_p18         |    select|   0|  0|  32|           1|          32|
    |tmp_2_i_fu_3061_p2          |    select|   0|  0|  32|           1|          32|
    |tmp_2_i_fu_3061_p20         |    select|   0|  0|  32|           1|          32|
    |tmp_2_i_fu_3061_p4          |    select|   0|  0|  32|           1|          32|
    |tmp_2_i_fu_3061_p6          |    select|   0|  0|  32|           1|          32|
    |tmp_2_i_fu_3061_p8          |    select|   0|  0|  32|           1|          32|
    |tmp_3_i_fu_3189_p10         |    select|   0|  0|  32|           1|          32|
    |tmp_3_i_fu_3189_p12         |    select|   0|  0|  32|           1|          32|
    |tmp_3_i_fu_3189_p14         |    select|   0|  0|  32|           1|          32|
    |tmp_3_i_fu_3189_p16         |    select|   0|  0|  32|           1|          32|
    |tmp_3_i_fu_3189_p18         |    select|   0|  0|  32|           1|          32|
    |tmp_3_i_fu_3189_p2          |    select|   0|  0|  32|           1|          32|
    |tmp_3_i_fu_3189_p20         |    select|   0|  0|  32|           1|          32|
    |tmp_3_i_fu_3189_p4          |    select|   0|  0|  32|           1|          32|
    |tmp_3_i_fu_3189_p6          |    select|   0|  0|  32|           1|          32|
    |tmp_3_i_fu_3189_p8          |    select|   0|  0|  32|           1|          32|
    |tmp_4_i_fu_3317_p10         |    select|   0|  0|  32|           1|          32|
    |tmp_4_i_fu_3317_p12         |    select|   0|  0|  32|           1|          32|
    |tmp_4_i_fu_3317_p14         |    select|   0|  0|  32|           1|          32|
    |tmp_4_i_fu_3317_p16         |    select|   0|  0|  32|           1|          32|
    |tmp_4_i_fu_3317_p18         |    select|   0|  0|  32|           1|          32|
    |tmp_4_i_fu_3317_p2          |    select|   0|  0|  32|           1|          32|
    |tmp_4_i_fu_3317_p20         |    select|   0|  0|  32|           1|          32|
    |tmp_4_i_fu_3317_p4          |    select|   0|  0|  32|           1|          32|
    |tmp_4_i_fu_3317_p6          |    select|   0|  0|  32|           1|          32|
    |tmp_4_i_fu_3317_p8          |    select|   0|  0|  32|           1|          32|
    |tmp_5_i_fu_3445_p10         |    select|   0|  0|  32|           1|          32|
    |tmp_5_i_fu_3445_p12         |    select|   0|  0|  32|           1|          32|
    |tmp_5_i_fu_3445_p14         |    select|   0|  0|  32|           1|          32|
    |tmp_5_i_fu_3445_p16         |    select|   0|  0|  32|           1|          32|
    |tmp_5_i_fu_3445_p18         |    select|   0|  0|  32|           1|          32|
    |tmp_5_i_fu_3445_p2          |    select|   0|  0|  32|           1|          32|
    |tmp_5_i_fu_3445_p20         |    select|   0|  0|  32|           1|          32|
    |tmp_5_i_fu_3445_p4          |    select|   0|  0|  32|           1|          32|
    |tmp_5_i_fu_3445_p6          |    select|   0|  0|  32|           1|          32|
    |tmp_5_i_fu_3445_p8          |    select|   0|  0|  32|           1|          32|
    |tmp_6_i_fu_3573_p10         |    select|   0|  0|  32|           1|          32|
    |tmp_6_i_fu_3573_p12         |    select|   0|  0|  32|           1|          32|
    |tmp_6_i_fu_3573_p14         |    select|   0|  0|  32|           1|          32|
    |tmp_6_i_fu_3573_p16         |    select|   0|  0|  32|           1|          32|
    |tmp_6_i_fu_3573_p18         |    select|   0|  0|  32|           1|          32|
    |tmp_6_i_fu_3573_p2          |    select|   0|  0|  32|           1|          32|
    |tmp_6_i_fu_3573_p20         |    select|   0|  0|  32|           1|          32|
    |tmp_6_i_fu_3573_p4          |    select|   0|  0|  32|           1|          32|
    |tmp_6_i_fu_3573_p6          |    select|   0|  0|  32|           1|          32|
    |tmp_6_i_fu_3573_p8          |    select|   0|  0|  32|           1|          32|
    |tmp_7_i_fu_3701_p10         |    select|   0|  0|  32|           1|          32|
    |tmp_7_i_fu_3701_p12         |    select|   0|  0|  32|           1|          32|
    |tmp_7_i_fu_3701_p14         |    select|   0|  0|  32|           1|          32|
    |tmp_7_i_fu_3701_p16         |    select|   0|  0|  32|           1|          32|
    |tmp_7_i_fu_3701_p18         |    select|   0|  0|  32|           1|          32|
    |tmp_7_i_fu_3701_p2          |    select|   0|  0|  32|           1|          32|
    |tmp_7_i_fu_3701_p20         |    select|   0|  0|  32|           1|          32|
    |tmp_7_i_fu_3701_p4          |    select|   0|  0|  32|           1|          32|
    |tmp_7_i_fu_3701_p6          |    select|   0|  0|  32|           1|          32|
    |tmp_7_i_fu_3701_p8          |    select|   0|  0|  32|           1|          32|
    |tmp_8_i_fu_3829_p10         |    select|   0|  0|  32|           1|          32|
    |tmp_8_i_fu_3829_p12         |    select|   0|  0|  32|           1|          32|
    |tmp_8_i_fu_3829_p14         |    select|   0|  0|  32|           1|          32|
    |tmp_8_i_fu_3829_p16         |    select|   0|  0|  32|           1|          32|
    |tmp_8_i_fu_3829_p18         |    select|   0|  0|  32|           1|          32|
    |tmp_8_i_fu_3829_p2          |    select|   0|  0|  32|           1|          32|
    |tmp_8_i_fu_3829_p20         |    select|   0|  0|  32|           1|          32|
    |tmp_8_i_fu_3829_p4          |    select|   0|  0|  32|           1|          32|
    |tmp_8_i_fu_3829_p6          |    select|   0|  0|  32|           1|          32|
    |tmp_8_i_fu_3829_p8          |    select|   0|  0|  32|           1|          32|
    |tmp_9_i_fu_3957_p10         |    select|   0|  0|  32|           1|          32|
    |tmp_9_i_fu_3957_p12         |    select|   0|  0|  32|           1|          32|
    |tmp_9_i_fu_3957_p14         |    select|   0|  0|  32|           1|          32|
    |tmp_9_i_fu_3957_p16         |    select|   0|  0|  32|           1|          32|
    |tmp_9_i_fu_3957_p18         |    select|   0|  0|  32|           1|          32|
    |tmp_9_i_fu_3957_p2          |    select|   0|  0|  32|           1|          32|
    |tmp_9_i_fu_3957_p20         |    select|   0|  0|  32|           1|          32|
    |tmp_9_i_fu_3957_p4          |    select|   0|  0|  32|           1|          32|
    |tmp_9_i_fu_3957_p6          |    select|   0|  0|  32|           1|          32|
    |tmp_9_i_fu_3957_p8          |    select|   0|  0|  32|           1|          32|
    |tmp_i_fu_2805_p10           |    select|   0|  0|  32|           1|          32|
    |tmp_i_fu_2805_p12           |    select|   0|  0|  32|           1|          32|
    |tmp_i_fu_2805_p14           |    select|   0|  0|  32|           1|          32|
    |tmp_i_fu_2805_p16           |    select|   0|  0|  32|           1|          32|
    |tmp_i_fu_2805_p18           |    select|   0|  0|  32|           1|          32|
    |tmp_i_fu_2805_p2            |    select|   0|  0|  32|           1|          32|
    |tmp_i_fu_2805_p20           |    select|   0|  0|  32|           1|          32|
    |tmp_i_fu_2805_p4            |    select|   0|  0|  32|           1|          32|
    |tmp_i_fu_2805_p6            |    select|   0|  0|  32|           1|          32|
    |tmp_i_fu_2805_p8            |    select|   0|  0|  32|           1|          32|
    |ap_enable_pp0               |       xor|   0|  0|   2|           1|           2|
    +----------------------------+----------+----+---+----+------------+------------+
    |Total                       |          |   0|  0|5196|         189|        5146|
    +----------------------------+----------+----+---+----+------------+------------+

    * Multiplexer: 
    +--------------------------------------+----+-----------+-----+-----------+
    |                 Name                 | LUT| Input Size| Bits| Total Bits|
    +--------------------------------------+----+-----------+-----+-----------+
    |ap_done_int                           |   9|          2|    1|          2|
    |ap_enable_reg_pp0_iter1               |   9|          2|    1|          2|
    |ap_sig_allocacmp_d0_load              |   9|          2|    4|          8|
    |ap_sig_allocacmp_d1_load              |   9|          2|    6|         12|
    |ap_sig_allocacmp_indvar_flatten_load  |   9|          2|    5|         10|
    |d0_fu_714                             |   9|          2|    4|          8|
    |d1_fu_710                             |   9|          2|    6|         12|
    |fifo_G_to_off_chip_blk_n              |   9|          2|    1|          2|
    |indvar_flatten_fu_718                 |   9|          2|    5|         10|
    +--------------------------------------+----+-----------+-----+-----------+
    |Total                                 |  81|         18|   33|         66|
    +--------------------------------------+----+-----------+-----+-----------+

    * Register: 
    +-------------------------+----+----+-----+-----------+
    |           Name          | FF | LUT| Bits| Const Bits|
    +-------------------------+----+----+-----+-----------+
    |ap_CS_fsm                |   1|   0|    1|          0|
    |ap_done_reg              |   1|   0|    1|          0|
    |ap_enable_reg_pp0_iter1  |   1|   0|    1|          0|
    |d0_fu_714                |   4|   0|    4|          0|
    |d1_fu_710                |   6|   0|    6|          0|
    |indvar_flatten_fu_718    |   5|   0|    5|          0|
    |tmp_10_i_reg_4953        |  32|   0|   32|          0|
    |tmp_11_i_reg_4958        |  32|   0|   32|          0|
    |tmp_12_i_reg_4963        |  32|   0|   32|          0|
    |tmp_13_i_reg_4968        |  32|   0|   32|          0|
    |tmp_14_i_reg_4973        |  32|   0|   32|          0|
    |tmp_15_i_reg_4978        |  32|   0|   32|          0|
    |tmp_1_i_reg_4908         |  32|   0|   32|          0|
    |tmp_2_i_reg_4913         |  32|   0|   32|          0|
    |tmp_3_i_reg_4918         |  32|   0|   32|          0|
    |tmp_4_i_reg_4923         |  32|   0|   32|          0|
    |tmp_5_i_reg_4928         |  32|   0|   32|          0|
    |tmp_6_i_reg_4933         |  32|   0|   32|          0|
    |tmp_7_i_reg_4938         |  32|   0|   32|          0|
    |tmp_8_i_reg_4943         |  32|   0|   32|          0|
    |tmp_9_i_reg_4948         |  32|   0|   32|          0|
    |tmp_i_reg_4903           |  32|   0|   32|          0|
    +-------------------------+----+----+-----+-----------+
    |Total                    | 530|   0|  530|          0|
    +-------------------------+----+----+-----+-----------+



================================================================
== Interface
================================================================
* Summary: 
+-----------------------------------+-----+-----+------------+------------------------------------------------------------+--------------+
|             RTL Ports             | Dir | Bits|  Protocol  |                        Source Object                       |    C Type    |
+-----------------------------------+-----+-----+------------+------------------------------------------------------------+--------------+
|ap_clk                             |   in|    1|  ap_ctrl_hs|  write_G_FT2.5_Pipeline_VITIS_LOOP_1475_1_VITIS_LOOP_1476_2|  return value|
|ap_rst                             |   in|    1|  ap_ctrl_hs|  write_G_FT2.5_Pipeline_VITIS_LOOP_1475_1_VITIS_LOOP_1476_2|  return value|
|ap_start                           |   in|    1|  ap_ctrl_hs|  write_G_FT2.5_Pipeline_VITIS_LOOP_1475_1_VITIS_LOOP_1476_2|  return value|
|ap_done                            |  out|    1|  ap_ctrl_hs|  write_G_FT2.5_Pipeline_VITIS_LOOP_1475_1_VITIS_LOOP_1476_2|  return value|
|ap_idle                            |  out|    1|  ap_ctrl_hs|  write_G_FT2.5_Pipeline_VITIS_LOOP_1475_1_VITIS_LOOP_1476_2|  return value|
|ap_ready                           |  out|    1|  ap_ctrl_hs|  write_G_FT2.5_Pipeline_VITIS_LOOP_1475_1_VITIS_LOOP_1476_2|  return value|
|fifo_G_to_off_chip_din             |  out|  512|     ap_fifo|                                          fifo_G_to_off_chip|       pointer|
|fifo_G_to_off_chip_num_data_valid  |   in|   11|     ap_fifo|                                          fifo_G_to_off_chip|       pointer|
|fifo_G_to_off_chip_fifo_cap        |   in|   11|     ap_fifo|                                          fifo_G_to_off_chip|       pointer|
|fifo_G_to_off_chip_full_n          |   in|    1|     ap_fifo|                                          fifo_G_to_off_chip|       pointer|
|fifo_G_to_off_chip_write           |  out|    1|     ap_fifo|                                          fifo_G_to_off_chip|       pointer|
|G_1_0_16_val17_load                |   in|   32|     ap_none|                                         G_1_0_16_val17_load|        scalar|
|G_1_0_0_val1_load                  |   in|   32|     ap_none|                                           G_1_0_0_val1_load|        scalar|
|G_1_1_16_val49_load                |   in|   32|     ap_none|                                         G_1_1_16_val49_load|        scalar|
|G_1_1_0_val33_load                 |   in|   32|     ap_none|                                          G_1_1_0_val33_load|        scalar|
|G_1_2_16_val81_load                |   in|   32|     ap_none|                                         G_1_2_16_val81_load|        scalar|
|G_1_2_0_val65_load                 |   in|   32|     ap_none|                                          G_1_2_0_val65_load|        scalar|
|G_1_3_16_val113_load               |   in|   32|     ap_none|                                        G_1_3_16_val113_load|        scalar|
|G_1_3_0_val97_load                 |   in|   32|     ap_none|                                          G_1_3_0_val97_load|        scalar|
|G_1_4_16_val145_load               |   in|   32|     ap_none|                                        G_1_4_16_val145_load|        scalar|
|G_1_4_0_val129_load                |   in|   32|     ap_none|                                         G_1_4_0_val129_load|        scalar|
|G_1_5_16_val177_load               |   in|   32|     ap_none|                                        G_1_5_16_val177_load|        scalar|
|G_1_5_0_val161_load                |   in|   32|     ap_none|                                         G_1_5_0_val161_load|        scalar|
|G_1_6_16_val209_load               |   in|   32|     ap_none|                                        G_1_6_16_val209_load|        scalar|
|G_1_6_0_val193_load                |   in|   32|     ap_none|                                         G_1_6_0_val193_load|        scalar|
|G_1_7_16_val241_load               |   in|   32|     ap_none|                                        G_1_7_16_val241_load|        scalar|
|G_1_7_0_val225_load                |   in|   32|     ap_none|                                         G_1_7_0_val225_load|        scalar|
|G_1_8_16_val273_load               |   in|   32|     ap_none|                                        G_1_8_16_val273_load|        scalar|
|G_1_8_0_val257_load                |   in|   32|     ap_none|                                         G_1_8_0_val257_load|        scalar|
|G_1_9_16_val305_load               |   in|   32|     ap_none|                                        G_1_9_16_val305_load|        scalar|
|G_1_9_0_val289_load                |   in|   32|     ap_none|                                         G_1_9_0_val289_load|        scalar|
|G_1_0_17_val18_load                |   in|   32|     ap_none|                                         G_1_0_17_val18_load|        scalar|
|G_1_0_1_val2_load                  |   in|   32|     ap_none|                                           G_1_0_1_val2_load|        scalar|
|G_1_1_17_val50_load                |   in|   32|     ap_none|                                         G_1_1_17_val50_load|        scalar|
|G_1_1_1_val34_load                 |   in|   32|     ap_none|                                          G_1_1_1_val34_load|        scalar|
|G_1_2_17_val82_load                |   in|   32|     ap_none|                                         G_1_2_17_val82_load|        scalar|
|G_1_2_1_val66_load                 |   in|   32|     ap_none|                                          G_1_2_1_val66_load|        scalar|
|G_1_3_17_val114_load               |   in|   32|     ap_none|                                        G_1_3_17_val114_load|        scalar|
|G_1_3_1_val98_load                 |   in|   32|     ap_none|                                          G_1_3_1_val98_load|        scalar|
|G_1_4_17_val146_load               |   in|   32|     ap_none|                                        G_1_4_17_val146_load|        scalar|
|G_1_4_1_val130_load                |   in|   32|     ap_none|                                         G_1_4_1_val130_load|        scalar|
|G_1_5_17_val178_load               |   in|   32|     ap_none|                                        G_1_5_17_val178_load|        scalar|
|G_1_5_1_val162_load                |   in|   32|     ap_none|                                         G_1_5_1_val162_load|        scalar|
|G_1_6_17_val210_load               |   in|   32|     ap_none|                                        G_1_6_17_val210_load|        scalar|
|G_1_6_1_val194_load                |   in|   32|     ap_none|                                         G_1_6_1_val194_load|        scalar|
|G_1_7_17_val242_load               |   in|   32|     ap_none|                                        G_1_7_17_val242_load|        scalar|
|G_1_7_1_val226_load                |   in|   32|     ap_none|                                         G_1_7_1_val226_load|        scalar|
|G_1_8_17_val274_load               |   in|   32|     ap_none|                                        G_1_8_17_val274_load|        scalar|
|G_1_8_1_val258_load                |   in|   32|     ap_none|                                         G_1_8_1_val258_load|        scalar|
|G_1_9_17_val306_load               |   in|   32|     ap_none|                                        G_1_9_17_val306_load|        scalar|
|G_1_9_1_val290_load                |   in|   32|     ap_none|                                         G_1_9_1_val290_load|        scalar|
|G_1_0_18_val19_load                |   in|   32|     ap_none|                                         G_1_0_18_val19_load|        scalar|
|G_1_0_2_val3_load                  |   in|   32|     ap_none|                                           G_1_0_2_val3_load|        scalar|
|G_1_1_18_val51_load                |   in|   32|     ap_none|                                         G_1_1_18_val51_load|        scalar|
|G_1_1_2_val35_load                 |   in|   32|     ap_none|                                          G_1_1_2_val35_load|        scalar|
|G_1_2_18_val83_load                |   in|   32|     ap_none|                                         G_1_2_18_val83_load|        scalar|
|G_1_2_2_val67_load                 |   in|   32|     ap_none|                                          G_1_2_2_val67_load|        scalar|
|G_1_3_18_val115_load               |   in|   32|     ap_none|                                        G_1_3_18_val115_load|        scalar|
|G_1_3_2_val99_load                 |   in|   32|     ap_none|                                          G_1_3_2_val99_load|        scalar|
|G_1_4_18_val147_load               |   in|   32|     ap_none|                                        G_1_4_18_val147_load|        scalar|
|G_1_4_2_val131_load                |   in|   32|     ap_none|                                         G_1_4_2_val131_load|        scalar|
|G_1_5_18_val179_load               |   in|   32|     ap_none|                                        G_1_5_18_val179_load|        scalar|
|G_1_5_2_val163_load                |   in|   32|     ap_none|                                         G_1_5_2_val163_load|        scalar|
|G_1_6_18_val211_load               |   in|   32|     ap_none|                                        G_1_6_18_val211_load|        scalar|
|G_1_6_2_val195_load                |   in|   32|     ap_none|                                         G_1_6_2_val195_load|        scalar|
|G_1_7_18_val243_load               |   in|   32|     ap_none|                                        G_1_7_18_val243_load|        scalar|
|G_1_7_2_val227_load                |   in|   32|     ap_none|                                         G_1_7_2_val227_load|        scalar|
|G_1_8_18_val275_load               |   in|   32|     ap_none|                                        G_1_8_18_val275_load|        scalar|
|G_1_8_2_val259_load                |   in|   32|     ap_none|                                         G_1_8_2_val259_load|        scalar|
|G_1_9_18_val307_load               |   in|   32|     ap_none|                                        G_1_9_18_val307_load|        scalar|
|G_1_9_2_val291_load                |   in|   32|     ap_none|                                         G_1_9_2_val291_load|        scalar|
|G_1_0_19_val20_load                |   in|   32|     ap_none|                                         G_1_0_19_val20_load|        scalar|
|G_1_0_3_val4_load                  |   in|   32|     ap_none|                                           G_1_0_3_val4_load|        scalar|
|G_1_1_19_val52_load                |   in|   32|     ap_none|                                         G_1_1_19_val52_load|        scalar|
|G_1_1_3_val36_load                 |   in|   32|     ap_none|                                          G_1_1_3_val36_load|        scalar|
|G_1_2_19_val84_load                |   in|   32|     ap_none|                                         G_1_2_19_val84_load|        scalar|
|G_1_2_3_val68_load                 |   in|   32|     ap_none|                                          G_1_2_3_val68_load|        scalar|
|G_1_3_19_val116_load               |   in|   32|     ap_none|                                        G_1_3_19_val116_load|        scalar|
|G_1_3_3_val100_load                |   in|   32|     ap_none|                                         G_1_3_3_val100_load|        scalar|
|G_1_4_19_val148_load               |   in|   32|     ap_none|                                        G_1_4_19_val148_load|        scalar|
|G_1_4_3_val132_load                |   in|   32|     ap_none|                                         G_1_4_3_val132_load|        scalar|
|G_1_5_19_val180_load               |   in|   32|     ap_none|                                        G_1_5_19_val180_load|        scalar|
|G_1_5_3_val164_load                |   in|   32|     ap_none|                                         G_1_5_3_val164_load|        scalar|
|G_1_6_19_val212_load               |   in|   32|     ap_none|                                        G_1_6_19_val212_load|        scalar|
|G_1_6_3_val196_load                |   in|   32|     ap_none|                                         G_1_6_3_val196_load|        scalar|
|G_1_7_19_val244_load               |   in|   32|     ap_none|                                        G_1_7_19_val244_load|        scalar|
|G_1_7_3_val228_load                |   in|   32|     ap_none|                                         G_1_7_3_val228_load|        scalar|
|G_1_8_19_val276_load               |   in|   32|     ap_none|                                        G_1_8_19_val276_load|        scalar|
|G_1_8_3_val260_load                |   in|   32|     ap_none|                                         G_1_8_3_val260_load|        scalar|
|G_1_9_19_val308_load               |   in|   32|     ap_none|                                        G_1_9_19_val308_load|        scalar|
|G_1_9_3_val292_load                |   in|   32|     ap_none|                                         G_1_9_3_val292_load|        scalar|
|G_1_0_20_val21_load                |   in|   32|     ap_none|                                         G_1_0_20_val21_load|        scalar|
|G_1_0_4_val5_load                  |   in|   32|     ap_none|                                           G_1_0_4_val5_load|        scalar|
|G_1_1_20_val53_load                |   in|   32|     ap_none|                                         G_1_1_20_val53_load|        scalar|
|G_1_1_4_val37_load                 |   in|   32|     ap_none|                                          G_1_1_4_val37_load|        scalar|
|G_1_2_20_val85_load                |   in|   32|     ap_none|                                         G_1_2_20_val85_load|        scalar|
|G_1_2_4_val69_load                 |   in|   32|     ap_none|                                          G_1_2_4_val69_load|        scalar|
|G_1_3_20_val117_load               |   in|   32|     ap_none|                                        G_1_3_20_val117_load|        scalar|
|G_1_3_4_val101_load                |   in|   32|     ap_none|                                         G_1_3_4_val101_load|        scalar|
|G_1_4_20_val149_load               |   in|   32|     ap_none|                                        G_1_4_20_val149_load|        scalar|
|G_1_4_4_val133_load                |   in|   32|     ap_none|                                         G_1_4_4_val133_load|        scalar|
|G_1_5_20_val181_load               |   in|   32|     ap_none|                                        G_1_5_20_val181_load|        scalar|
|G_1_5_4_val165_load                |   in|   32|     ap_none|                                         G_1_5_4_val165_load|        scalar|
|G_1_6_20_val213_load               |   in|   32|     ap_none|                                        G_1_6_20_val213_load|        scalar|
|G_1_6_4_val197_load                |   in|   32|     ap_none|                                         G_1_6_4_val197_load|        scalar|
|G_1_7_20_val245_load               |   in|   32|     ap_none|                                        G_1_7_20_val245_load|        scalar|
|G_1_7_4_val229_load                |   in|   32|     ap_none|                                         G_1_7_4_val229_load|        scalar|
|G_1_8_20_val277_load               |   in|   32|     ap_none|                                        G_1_8_20_val277_load|        scalar|
|G_1_8_4_val261_load                |   in|   32|     ap_none|                                         G_1_8_4_val261_load|        scalar|
|G_1_9_20_val309_load               |   in|   32|     ap_none|                                        G_1_9_20_val309_load|        scalar|
|G_1_9_4_val293_load                |   in|   32|     ap_none|                                         G_1_9_4_val293_load|        scalar|
|G_1_0_21_val22_load                |   in|   32|     ap_none|                                         G_1_0_21_val22_load|        scalar|
|G_1_0_5_val6_load                  |   in|   32|     ap_none|                                           G_1_0_5_val6_load|        scalar|
|G_1_1_21_val54_load                |   in|   32|     ap_none|                                         G_1_1_21_val54_load|        scalar|
|G_1_1_5_val38_load                 |   in|   32|     ap_none|                                          G_1_1_5_val38_load|        scalar|
|G_1_2_21_val86_load                |   in|   32|     ap_none|                                         G_1_2_21_val86_load|        scalar|
|G_1_2_5_val70_load                 |   in|   32|     ap_none|                                          G_1_2_5_val70_load|        scalar|
|G_1_3_21_val118_load               |   in|   32|     ap_none|                                        G_1_3_21_val118_load|        scalar|
|G_1_3_5_val102_load                |   in|   32|     ap_none|                                         G_1_3_5_val102_load|        scalar|
|G_1_4_21_val150_load               |   in|   32|     ap_none|                                        G_1_4_21_val150_load|        scalar|
|G_1_4_5_val134_load                |   in|   32|     ap_none|                                         G_1_4_5_val134_load|        scalar|
|G_1_5_21_val182_load               |   in|   32|     ap_none|                                        G_1_5_21_val182_load|        scalar|
|G_1_5_5_val166_load                |   in|   32|     ap_none|                                         G_1_5_5_val166_load|        scalar|
|G_1_6_21_val214_load               |   in|   32|     ap_none|                                        G_1_6_21_val214_load|        scalar|
|G_1_6_5_val198_load                |   in|   32|     ap_none|                                         G_1_6_5_val198_load|        scalar|
|G_1_7_21_val246_load               |   in|   32|     ap_none|                                        G_1_7_21_val246_load|        scalar|
|G_1_7_5_val230_load                |   in|   32|     ap_none|                                         G_1_7_5_val230_load|        scalar|
|G_1_8_21_val278_load               |   in|   32|     ap_none|                                        G_1_8_21_val278_load|        scalar|
|G_1_8_5_val262_load                |   in|   32|     ap_none|                                         G_1_8_5_val262_load|        scalar|
|G_1_9_21_val310_load               |   in|   32|     ap_none|                                        G_1_9_21_val310_load|        scalar|
|G_1_9_5_val294_load                |   in|   32|     ap_none|                                         G_1_9_5_val294_load|        scalar|
|G_1_0_22_val23_load                |   in|   32|     ap_none|                                         G_1_0_22_val23_load|        scalar|
|G_1_0_6_val7_load                  |   in|   32|     ap_none|                                           G_1_0_6_val7_load|        scalar|
|G_1_1_22_val55_load                |   in|   32|     ap_none|                                         G_1_1_22_val55_load|        scalar|
|G_1_1_6_val39_load                 |   in|   32|     ap_none|                                          G_1_1_6_val39_load|        scalar|
|G_1_2_22_val87_load                |   in|   32|     ap_none|                                         G_1_2_22_val87_load|        scalar|
|G_1_2_6_val71_load                 |   in|   32|     ap_none|                                          G_1_2_6_val71_load|        scalar|
|G_1_3_22_val119_load               |   in|   32|     ap_none|                                        G_1_3_22_val119_load|        scalar|
|G_1_3_6_val103_load                |   in|   32|     ap_none|                                         G_1_3_6_val103_load|        scalar|
|G_1_4_22_val151_load               |   in|   32|     ap_none|                                        G_1_4_22_val151_load|        scalar|
|G_1_4_6_val135_load                |   in|   32|     ap_none|                                         G_1_4_6_val135_load|        scalar|
|G_1_5_22_val183_load               |   in|   32|     ap_none|                                        G_1_5_22_val183_load|        scalar|
|G_1_5_6_val167_load                |   in|   32|     ap_none|                                         G_1_5_6_val167_load|        scalar|
|G_1_6_22_val215_load               |   in|   32|     ap_none|                                        G_1_6_22_val215_load|        scalar|
|G_1_6_6_val199_load                |   in|   32|     ap_none|                                         G_1_6_6_val199_load|        scalar|
|G_1_7_22_val247_load               |   in|   32|     ap_none|                                        G_1_7_22_val247_load|        scalar|
|G_1_7_6_val231_load                |   in|   32|     ap_none|                                         G_1_7_6_val231_load|        scalar|
|G_1_8_22_val279_load               |   in|   32|     ap_none|                                        G_1_8_22_val279_load|        scalar|
|G_1_8_6_val263_load                |   in|   32|     ap_none|                                         G_1_8_6_val263_load|        scalar|
|G_1_9_22_val311_load               |   in|   32|     ap_none|                                        G_1_9_22_val311_load|        scalar|
|G_1_9_6_val295_load                |   in|   32|     ap_none|                                         G_1_9_6_val295_load|        scalar|
|G_1_0_23_val24_load                |   in|   32|     ap_none|                                         G_1_0_23_val24_load|        scalar|
|G_1_0_7_val8_load                  |   in|   32|     ap_none|                                           G_1_0_7_val8_load|        scalar|
|G_1_1_23_val56_load                |   in|   32|     ap_none|                                         G_1_1_23_val56_load|        scalar|
|G_1_1_7_val40_load                 |   in|   32|     ap_none|                                          G_1_1_7_val40_load|        scalar|
|G_1_2_23_val88_load                |   in|   32|     ap_none|                                         G_1_2_23_val88_load|        scalar|
|G_1_2_7_val72_load                 |   in|   32|     ap_none|                                          G_1_2_7_val72_load|        scalar|
|G_1_3_23_val120_load               |   in|   32|     ap_none|                                        G_1_3_23_val120_load|        scalar|
|G_1_3_7_val104_load                |   in|   32|     ap_none|                                         G_1_3_7_val104_load|        scalar|
|G_1_4_23_val152_load               |   in|   32|     ap_none|                                        G_1_4_23_val152_load|        scalar|
|G_1_4_7_val136_load                |   in|   32|     ap_none|                                         G_1_4_7_val136_load|        scalar|
|G_1_5_23_val184_load               |   in|   32|     ap_none|                                        G_1_5_23_val184_load|        scalar|
|G_1_5_7_val168_load                |   in|   32|     ap_none|                                         G_1_5_7_val168_load|        scalar|
|G_1_6_23_val216_load               |   in|   32|     ap_none|                                        G_1_6_23_val216_load|        scalar|
|G_1_6_7_val200_load                |   in|   32|     ap_none|                                         G_1_6_7_val200_load|        scalar|
|G_1_7_23_val248_load               |   in|   32|     ap_none|                                        G_1_7_23_val248_load|        scalar|
|G_1_7_7_val232_load                |   in|   32|     ap_none|                                         G_1_7_7_val232_load|        scalar|
|G_1_8_23_val280_load               |   in|   32|     ap_none|                                        G_1_8_23_val280_load|        scalar|
|G_1_8_7_val264_load                |   in|   32|     ap_none|                                         G_1_8_7_val264_load|        scalar|
|G_1_9_23_val312_load               |   in|   32|     ap_none|                                        G_1_9_23_val312_load|        scalar|
|G_1_9_7_val296_load                |   in|   32|     ap_none|                                         G_1_9_7_val296_load|        scalar|
|G_1_0_24_val25_load                |   in|   32|     ap_none|                                         G_1_0_24_val25_load|        scalar|
|G_1_0_8_val9_load                  |   in|   32|     ap_none|                                           G_1_0_8_val9_load|        scalar|
|G_1_1_24_val57_load                |   in|   32|     ap_none|                                         G_1_1_24_val57_load|        scalar|
|G_1_1_8_val41_load                 |   in|   32|     ap_none|                                          G_1_1_8_val41_load|        scalar|
|G_1_2_24_val89_load                |   in|   32|     ap_none|                                         G_1_2_24_val89_load|        scalar|
|G_1_2_8_val73_load                 |   in|   32|     ap_none|                                          G_1_2_8_val73_load|        scalar|
|G_1_3_24_val121_load               |   in|   32|     ap_none|                                        G_1_3_24_val121_load|        scalar|
|G_1_3_8_val105_load                |   in|   32|     ap_none|                                         G_1_3_8_val105_load|        scalar|
|G_1_4_24_val153_load               |   in|   32|     ap_none|                                        G_1_4_24_val153_load|        scalar|
|G_1_4_8_val137_load                |   in|   32|     ap_none|                                         G_1_4_8_val137_load|        scalar|
|G_1_5_24_val185_load               |   in|   32|     ap_none|                                        G_1_5_24_val185_load|        scalar|
|G_1_5_8_val169_load                |   in|   32|     ap_none|                                         G_1_5_8_val169_load|        scalar|
|G_1_6_24_val217_load               |   in|   32|     ap_none|                                        G_1_6_24_val217_load|        scalar|
|G_1_6_8_val201_load                |   in|   32|     ap_none|                                         G_1_6_8_val201_load|        scalar|
|G_1_7_24_val249_load               |   in|   32|     ap_none|                                        G_1_7_24_val249_load|        scalar|
|G_1_7_8_val233_load                |   in|   32|     ap_none|                                         G_1_7_8_val233_load|        scalar|
|G_1_8_24_val281_load               |   in|   32|     ap_none|                                        G_1_8_24_val281_load|        scalar|
|G_1_8_8_val265_load                |   in|   32|     ap_none|                                         G_1_8_8_val265_load|        scalar|
|G_1_9_24_val313_load               |   in|   32|     ap_none|                                        G_1_9_24_val313_load|        scalar|
|G_1_9_8_val297_load                |   in|   32|     ap_none|                                         G_1_9_8_val297_load|        scalar|
|G_1_0_25_val26_load                |   in|   32|     ap_none|                                         G_1_0_25_val26_load|        scalar|
|G_1_0_9_val10_load                 |   in|   32|     ap_none|                                          G_1_0_9_val10_load|        scalar|
|G_1_1_25_val58_load                |   in|   32|     ap_none|                                         G_1_1_25_val58_load|        scalar|
|G_1_1_9_val42_load                 |   in|   32|     ap_none|                                          G_1_1_9_val42_load|        scalar|
|G_1_2_25_val90_load                |   in|   32|     ap_none|                                         G_1_2_25_val90_load|        scalar|
|G_1_2_9_val74_load                 |   in|   32|     ap_none|                                          G_1_2_9_val74_load|        scalar|
|G_1_3_25_val122_load               |   in|   32|     ap_none|                                        G_1_3_25_val122_load|        scalar|
|G_1_3_9_val106_load                |   in|   32|     ap_none|                                         G_1_3_9_val106_load|        scalar|
|G_1_4_25_val154_load               |   in|   32|     ap_none|                                        G_1_4_25_val154_load|        scalar|
|G_1_4_9_val138_load                |   in|   32|     ap_none|                                         G_1_4_9_val138_load|        scalar|
|G_1_5_25_val186_load               |   in|   32|     ap_none|                                        G_1_5_25_val186_load|        scalar|
|G_1_5_9_val170_load                |   in|   32|     ap_none|                                         G_1_5_9_val170_load|        scalar|
|G_1_6_25_val218_load               |   in|   32|     ap_none|                                        G_1_6_25_val218_load|        scalar|
|G_1_6_9_val202_load                |   in|   32|     ap_none|                                         G_1_6_9_val202_load|        scalar|
|G_1_7_25_val250_load               |   in|   32|     ap_none|                                        G_1_7_25_val250_load|        scalar|
|G_1_7_9_val234_load                |   in|   32|     ap_none|                                         G_1_7_9_val234_load|        scalar|
|G_1_8_25_val282_load               |   in|   32|     ap_none|                                        G_1_8_25_val282_load|        scalar|
|G_1_8_9_val266_load                |   in|   32|     ap_none|                                         G_1_8_9_val266_load|        scalar|
|G_1_9_25_val314_load               |   in|   32|     ap_none|                                        G_1_9_25_val314_load|        scalar|
|G_1_9_9_val298_load                |   in|   32|     ap_none|                                         G_1_9_9_val298_load|        scalar|
|G_1_0_26_val27_load                |   in|   32|     ap_none|                                         G_1_0_26_val27_load|        scalar|
|G_1_0_10_val11_load                |   in|   32|     ap_none|                                         G_1_0_10_val11_load|        scalar|
|G_1_1_26_val59_load                |   in|   32|     ap_none|                                         G_1_1_26_val59_load|        scalar|
|G_1_1_10_val43_load                |   in|   32|     ap_none|                                         G_1_1_10_val43_load|        scalar|
|G_1_2_26_val91_load                |   in|   32|     ap_none|                                         G_1_2_26_val91_load|        scalar|
|G_1_2_10_val75_load                |   in|   32|     ap_none|                                         G_1_2_10_val75_load|        scalar|
|G_1_3_26_val123_load               |   in|   32|     ap_none|                                        G_1_3_26_val123_load|        scalar|
|G_1_3_10_val107_load               |   in|   32|     ap_none|                                        G_1_3_10_val107_load|        scalar|
|G_1_4_26_val155_load               |   in|   32|     ap_none|                                        G_1_4_26_val155_load|        scalar|
|G_1_4_10_val139_load               |   in|   32|     ap_none|                                        G_1_4_10_val139_load|        scalar|
|G_1_5_26_val187_load               |   in|   32|     ap_none|                                        G_1_5_26_val187_load|        scalar|
|G_1_5_10_val171_load               |   in|   32|     ap_none|                                        G_1_5_10_val171_load|        scalar|
|G_1_6_26_val219_load               |   in|   32|     ap_none|                                        G_1_6_26_val219_load|        scalar|
|G_1_6_10_val203_load               |   in|   32|     ap_none|                                        G_1_6_10_val203_load|        scalar|
|G_1_7_26_val251_load               |   in|   32|     ap_none|                                        G_1_7_26_val251_load|        scalar|
|G_1_7_10_val235_load               |   in|   32|     ap_none|                                        G_1_7_10_val235_load|        scalar|
|G_1_8_26_val283_load               |   in|   32|     ap_none|                                        G_1_8_26_val283_load|        scalar|
|G_1_8_10_val267_load               |   in|   32|     ap_none|                                        G_1_8_10_val267_load|        scalar|
|G_1_9_26_val315_load               |   in|   32|     ap_none|                                        G_1_9_26_val315_load|        scalar|
|G_1_9_10_val299_load               |   in|   32|     ap_none|                                        G_1_9_10_val299_load|        scalar|
|G_1_0_27_val28_load                |   in|   32|     ap_none|                                         G_1_0_27_val28_load|        scalar|
|G_1_0_11_val12_load                |   in|   32|     ap_none|                                         G_1_0_11_val12_load|        scalar|
|G_1_1_27_val60_load                |   in|   32|     ap_none|                                         G_1_1_27_val60_load|        scalar|
|G_1_1_11_val44_load                |   in|   32|     ap_none|                                         G_1_1_11_val44_load|        scalar|
|G_1_2_27_val92_load                |   in|   32|     ap_none|                                         G_1_2_27_val92_load|        scalar|
|G_1_2_11_val76_load                |   in|   32|     ap_none|                                         G_1_2_11_val76_load|        scalar|
|G_1_3_27_val124_load               |   in|   32|     ap_none|                                        G_1_3_27_val124_load|        scalar|
|G_1_3_11_val108_load               |   in|   32|     ap_none|                                        G_1_3_11_val108_load|        scalar|
|G_1_4_27_val156_load               |   in|   32|     ap_none|                                        G_1_4_27_val156_load|        scalar|
|G_1_4_11_val140_load               |   in|   32|     ap_none|                                        G_1_4_11_val140_load|        scalar|
|G_1_5_27_val188_load               |   in|   32|     ap_none|                                        G_1_5_27_val188_load|        scalar|
|G_1_5_11_val172_load               |   in|   32|     ap_none|                                        G_1_5_11_val172_load|        scalar|
|G_1_6_27_val220_load               |   in|   32|     ap_none|                                        G_1_6_27_val220_load|        scalar|
|G_1_6_11_val204_load               |   in|   32|     ap_none|                                        G_1_6_11_val204_load|        scalar|
|G_1_7_27_val252_load               |   in|   32|     ap_none|                                        G_1_7_27_val252_load|        scalar|
|G_1_7_11_val236_load               |   in|   32|     ap_none|                                        G_1_7_11_val236_load|        scalar|
|G_1_8_27_val284_load               |   in|   32|     ap_none|                                        G_1_8_27_val284_load|        scalar|
|G_1_8_11_val268_load               |   in|   32|     ap_none|                                        G_1_8_11_val268_load|        scalar|
|G_1_9_27_val316_load               |   in|   32|     ap_none|                                        G_1_9_27_val316_load|        scalar|
|G_1_9_11_val300_load               |   in|   32|     ap_none|                                        G_1_9_11_val300_load|        scalar|
|G_1_0_28_val29_load                |   in|   32|     ap_none|                                         G_1_0_28_val29_load|        scalar|
|G_1_0_12_val13_load                |   in|   32|     ap_none|                                         G_1_0_12_val13_load|        scalar|
|G_1_1_28_val61_load                |   in|   32|     ap_none|                                         G_1_1_28_val61_load|        scalar|
|G_1_1_12_val45_load                |   in|   32|     ap_none|                                         G_1_1_12_val45_load|        scalar|
|G_1_2_28_val93_load                |   in|   32|     ap_none|                                         G_1_2_28_val93_load|        scalar|
|G_1_2_12_val77_load                |   in|   32|     ap_none|                                         G_1_2_12_val77_load|        scalar|
|G_1_3_28_val125_load               |   in|   32|     ap_none|                                        G_1_3_28_val125_load|        scalar|
|G_1_3_12_val109_load               |   in|   32|     ap_none|                                        G_1_3_12_val109_load|        scalar|
|G_1_4_28_val157_load               |   in|   32|     ap_none|                                        G_1_4_28_val157_load|        scalar|
|G_1_4_12_val141_load               |   in|   32|     ap_none|                                        G_1_4_12_val141_load|        scalar|
|G_1_5_28_val189_load               |   in|   32|     ap_none|                                        G_1_5_28_val189_load|        scalar|
|G_1_5_12_val173_load               |   in|   32|     ap_none|                                        G_1_5_12_val173_load|        scalar|
|G_1_6_28_val221_load               |   in|   32|     ap_none|                                        G_1_6_28_val221_load|        scalar|
|G_1_6_12_val205_load               |   in|   32|     ap_none|                                        G_1_6_12_val205_load|        scalar|
|G_1_7_28_val253_load               |   in|   32|     ap_none|                                        G_1_7_28_val253_load|        scalar|
|G_1_7_12_val237_load               |   in|   32|     ap_none|                                        G_1_7_12_val237_load|        scalar|
|G_1_8_28_val285_load               |   in|   32|     ap_none|                                        G_1_8_28_val285_load|        scalar|
|G_1_8_12_val269_load               |   in|   32|     ap_none|                                        G_1_8_12_val269_load|        scalar|
|G_1_9_28_val317_load               |   in|   32|     ap_none|                                        G_1_9_28_val317_load|        scalar|
|G_1_9_12_val301_load               |   in|   32|     ap_none|                                        G_1_9_12_val301_load|        scalar|
|G_1_0_29_val30_load                |   in|   32|     ap_none|                                         G_1_0_29_val30_load|        scalar|
|G_1_0_13_val14_load                |   in|   32|     ap_none|                                         G_1_0_13_val14_load|        scalar|
|G_1_1_29_val62_load                |   in|   32|     ap_none|                                         G_1_1_29_val62_load|        scalar|
|G_1_1_13_val46_load                |   in|   32|     ap_none|                                         G_1_1_13_val46_load|        scalar|
|G_1_2_29_val94_load                |   in|   32|     ap_none|                                         G_1_2_29_val94_load|        scalar|
|G_1_2_13_val78_load                |   in|   32|     ap_none|                                         G_1_2_13_val78_load|        scalar|
|G_1_3_29_val126_load               |   in|   32|     ap_none|                                        G_1_3_29_val126_load|        scalar|
|G_1_3_13_val110_load               |   in|   32|     ap_none|                                        G_1_3_13_val110_load|        scalar|
|G_1_4_29_val158_load               |   in|   32|     ap_none|                                        G_1_4_29_val158_load|        scalar|
|G_1_4_13_val142_load               |   in|   32|     ap_none|                                        G_1_4_13_val142_load|        scalar|
|G_1_5_29_val190_load               |   in|   32|     ap_none|                                        G_1_5_29_val190_load|        scalar|
|G_1_5_13_val174_load               |   in|   32|     ap_none|                                        G_1_5_13_val174_load|        scalar|
|G_1_6_29_val222_load               |   in|   32|     ap_none|                                        G_1_6_29_val222_load|        scalar|
|G_1_6_13_val206_load               |   in|   32|     ap_none|                                        G_1_6_13_val206_load|        scalar|
|G_1_7_29_val254_load               |   in|   32|     ap_none|                                        G_1_7_29_val254_load|        scalar|
|G_1_7_13_val238_load               |   in|   32|     ap_none|                                        G_1_7_13_val238_load|        scalar|
|G_1_8_29_val286_load               |   in|   32|     ap_none|                                        G_1_8_29_val286_load|        scalar|
|G_1_8_13_val270_load               |   in|   32|     ap_none|                                        G_1_8_13_val270_load|        scalar|
|G_1_9_29_val318_load               |   in|   32|     ap_none|                                        G_1_9_29_val318_load|        scalar|
|G_1_9_13_val302_load               |   in|   32|     ap_none|                                        G_1_9_13_val302_load|        scalar|
|G_1_0_30_val31_load                |   in|   32|     ap_none|                                         G_1_0_30_val31_load|        scalar|
|G_1_0_14_val15_load                |   in|   32|     ap_none|                                         G_1_0_14_val15_load|        scalar|
|G_1_1_30_val63_load                |   in|   32|     ap_none|                                         G_1_1_30_val63_load|        scalar|
|G_1_1_14_val47_load                |   in|   32|     ap_none|                                         G_1_1_14_val47_load|        scalar|
|G_1_2_30_val95_load                |   in|   32|     ap_none|                                         G_1_2_30_val95_load|        scalar|
|G_1_2_14_val79_load                |   in|   32|     ap_none|                                         G_1_2_14_val79_load|        scalar|
|G_1_3_30_val127_load               |   in|   32|     ap_none|                                        G_1_3_30_val127_load|        scalar|
|G_1_3_14_val111_load               |   in|   32|     ap_none|                                        G_1_3_14_val111_load|        scalar|
|G_1_4_30_val159_load               |   in|   32|     ap_none|                                        G_1_4_30_val159_load|        scalar|
|G_1_4_14_val143_load               |   in|   32|     ap_none|                                        G_1_4_14_val143_load|        scalar|
|G_1_5_30_val191_load               |   in|   32|     ap_none|                                        G_1_5_30_val191_load|        scalar|
|G_1_5_14_val175_load               |   in|   32|     ap_none|                                        G_1_5_14_val175_load|        scalar|
|G_1_6_30_val223_load               |   in|   32|     ap_none|                                        G_1_6_30_val223_load|        scalar|
|G_1_6_14_val207_load               |   in|   32|     ap_none|                                        G_1_6_14_val207_load|        scalar|
|G_1_7_30_val255_load               |   in|   32|     ap_none|                                        G_1_7_30_val255_load|        scalar|
|G_1_7_14_val239_load               |   in|   32|     ap_none|                                        G_1_7_14_val239_load|        scalar|
|G_1_8_30_val287_load               |   in|   32|     ap_none|                                        G_1_8_30_val287_load|        scalar|
|G_1_8_14_val271_load               |   in|   32|     ap_none|                                        G_1_8_14_val271_load|        scalar|
|G_1_9_30_val319_load               |   in|   32|     ap_none|                                        G_1_9_30_val319_load|        scalar|
|G_1_9_14_val303_load               |   in|   32|     ap_none|                                        G_1_9_14_val303_load|        scalar|
|G_1_0_31_val32_load                |   in|   32|     ap_none|                                         G_1_0_31_val32_load|        scalar|
|G_1_0_15_val16_load                |   in|   32|     ap_none|                                         G_1_0_15_val16_load|        scalar|
|G_1_1_31_val64_load                |   in|   32|     ap_none|                                         G_1_1_31_val64_load|        scalar|
|G_1_1_15_val48_load                |   in|   32|     ap_none|                                         G_1_1_15_val48_load|        scalar|
|G_1_2_31_val96_load                |   in|   32|     ap_none|                                         G_1_2_31_val96_load|        scalar|
|G_1_2_15_val80_load                |   in|   32|     ap_none|                                         G_1_2_15_val80_load|        scalar|
|G_1_3_31_val128_load               |   in|   32|     ap_none|                                        G_1_3_31_val128_load|        scalar|
|G_1_3_15_val112_load               |   in|   32|     ap_none|                                        G_1_3_15_val112_load|        scalar|
|G_1_4_31_val160_load               |   in|   32|     ap_none|                                        G_1_4_31_val160_load|        scalar|
|G_1_4_15_val144_load               |   in|   32|     ap_none|                                        G_1_4_15_val144_load|        scalar|
|G_1_5_31_val192_load               |   in|   32|     ap_none|                                        G_1_5_31_val192_load|        scalar|
|G_1_5_15_val176_load               |   in|   32|     ap_none|                                        G_1_5_15_val176_load|        scalar|
|G_1_6_31_val224_load               |   in|   32|     ap_none|                                        G_1_6_31_val224_load|        scalar|
|G_1_6_15_val208_load               |   in|   32|     ap_none|                                        G_1_6_15_val208_load|        scalar|
|G_1_7_31_val256_load               |   in|   32|     ap_none|                                        G_1_7_31_val256_load|        scalar|
|G_1_7_15_val240_load               |   in|   32|     ap_none|                                        G_1_7_15_val240_load|        scalar|
|G_1_8_31_val288_load               |   in|   32|     ap_none|                                        G_1_8_31_val288_load|        scalar|
|G_1_8_15_val272_load               |   in|   32|     ap_none|                                        G_1_8_15_val272_load|        scalar|
|G_1_9_31_val320_load               |   in|   32|     ap_none|                                        G_1_9_31_val320_load|        scalar|
|G_1_9_15_val304_load               |   in|   32|     ap_none|                                        G_1_9_15_val304_load|        scalar|
+-----------------------------------+-----+-----+------------+------------------------------------------------------------+--------------+

