

================================================================
== Vitis HLS Report for 'write_E_FT0'
================================================================
* Date:           Thu Dec  5 15:29:56 2024

* Version:        2023.2 (Build 4023990 on Oct 11 2023)
* Project:        kernel_nlp_slr0
* Solution:       solution (Vitis Kernel Flow Target)
* Product family: virtexuplusHBM
* Target device:  xcu55c-fsvh2892-2L-e


================================================================
== Performance Estimates
================================================================
+ Timing: 
    * Summary: 
    +--------+---------+----------+------------+
    |  Clock |  Target | Estimated| Uncertainty|
    +--------+---------+----------+------------+
    |ap_clk  |  4.55 ns|  2.232 ns|     1.23 ns|
    +--------+---------+----------+------------+

+ Latency: 
    * Summary: 
    +---------+---------+-----------+-----------+-----+-----+---------+
    |  Latency (cycles) |   Latency (absolute)  |  Interval | Pipeline|
    |   min   |   max   |    min    |    max    | min | max |   Type  |
    +---------+---------+-----------+-----------+-----+-----+---------+
    |       22|       22|  99.990 ns|  99.990 ns|   22|   22|       no|
    +---------+---------+-----------+-----------+-----+-----+---------+

    + Detail: 
        * Instance: 
        N/A

        * Loop: 
        +---------------------------------------+---------+---------+----------+-----------+-----------+------+----------+
        |                                       |  Latency (cycles) | Iteration|  Initiation Interval  | Trip |          |
        |               Loop Name               |   min   |   max   |  Latency |  achieved |   target  | Count| Pipelined|
        +---------------------------------------+---------+---------+----------+-----------+-----------+------+----------+
        |- VITIS_LOOP_1320_1_VITIS_LOOP_1321_2  |       20|       20|         2|          1|          1|    20|       yes|
        +---------------------------------------+---------+---------+----------+-----------+-----------+------+----------+



================================================================
== Utilization Estimates
================================================================
* Summary: 
+---------------------+---------+------+---------+---------+-----+
|         Name        | BRAM_18K|  DSP |    FF   |   LUT   | URAM|
+---------------------+---------+------+---------+---------+-----+
|DSP                  |        -|     -|        -|        -|    -|
|Expression           |        -|     -|        0|     5196|    -|
|FIFO                 |        -|     -|        -|        -|    -|
|Instance             |        -|     -|        0|      864|    -|
|Memory               |        -|     -|        -|        -|    -|
|Multiplexer          |        -|     -|        -|       81|    -|
|Register             |        -|     -|      530|        -|    -|
+---------------------+---------+------+---------+---------+-----+
|Total                |        0|     0|      530|     6141|    0|
+---------------------+---------+------+---------+---------+-----+
|Available SLR        |     1344|  3008|   869120|   434560|  320|
+---------------------+---------+------+---------+---------+-----+
|Utilization SLR (%)  |        0|     0|       ~0|        1|    0|
+---------------------+---------+------+---------+---------+-----+
|Available            |     4032|  9024|  2607360|  1303680|  960|
+---------------------+---------+------+---------+---------+-----+
|Utilization (%)      |        0|     0|       ~0|       ~0|    0|
+---------------------+---------+------+---------+---------+-----+

+ Detail: 
    * Instance: 
    +-----------------------------+-----------------------+---------+----+---+----+-----+
    |           Instance          |         Module        | BRAM_18K| DSP| FF| LUT| URAM|
    +-----------------------------+-----------------------+---------+----+---+----+-----+
    |sparsemux_21_4_32_1_1_U5630  |sparsemux_21_4_32_1_1  |        0|   0|  0|  54|    0|
    |sparsemux_21_4_32_1_1_U5631  |sparsemux_21_4_32_1_1  |        0|   0|  0|  54|    0|
    |sparsemux_21_4_32_1_1_U5632  |sparsemux_21_4_32_1_1  |        0|   0|  0|  54|    0|
    |sparsemux_21_4_32_1_1_U5633  |sparsemux_21_4_32_1_1  |        0|   0|  0|  54|    0|
    |sparsemux_21_4_32_1_1_U5634  |sparsemux_21_4_32_1_1  |        0|   0|  0|  54|    0|
    |sparsemux_21_4_32_1_1_U5635  |sparsemux_21_4_32_1_1  |        0|   0|  0|  54|    0|
    |sparsemux_21_4_32_1_1_U5636  |sparsemux_21_4_32_1_1  |        0|   0|  0|  54|    0|
    |sparsemux_21_4_32_1_1_U5637  |sparsemux_21_4_32_1_1  |        0|   0|  0|  54|    0|
    |sparsemux_21_4_32_1_1_U5638  |sparsemux_21_4_32_1_1  |        0|   0|  0|  54|    0|
    |sparsemux_21_4_32_1_1_U5639  |sparsemux_21_4_32_1_1  |        0|   0|  0|  54|    0|
    |sparsemux_21_4_32_1_1_U5640  |sparsemux_21_4_32_1_1  |        0|   0|  0|  54|    0|
    |sparsemux_21_4_32_1_1_U5641  |sparsemux_21_4_32_1_1  |        0|   0|  0|  54|    0|
    |sparsemux_21_4_32_1_1_U5642  |sparsemux_21_4_32_1_1  |        0|   0|  0|  54|    0|
    |sparsemux_21_4_32_1_1_U5643  |sparsemux_21_4_32_1_1  |        0|   0|  0|  54|    0|
    |sparsemux_21_4_32_1_1_U5644  |sparsemux_21_4_32_1_1  |        0|   0|  0|  54|    0|
    |sparsemux_21_4_32_1_1_U5645  |sparsemux_21_4_32_1_1  |        0|   0|  0|  54|    0|
    +-----------------------------+-----------------------+---------+----+---+----+-----+
    |Total                        |                       |        0|   0|  0| 864|    0|
    +-----------------------------+-----------------------+---------+----+---+----+-----+

    * DSP: 
    N/A

    * Memory: 
    N/A

    * FIFO: 
    N/A

    * Expression: 
    +----------------------------+----------+----+---+----+------------+------------+
    |        Variable Name       | Operation| DSP| FF| LUT| Bitwidth P0| Bitwidth P1|
    +----------------------------+----------+----+---+----+------------+------------+
    |add_ln1320_3_fu_2673_p2     |         +|   0|  0|  12|           5|           1|
    |add_ln1320_fu_2685_p2       |         +|   0|  0|  12|           4|           1|
    |add_ln1321_fu_4773_p2       |         +|   0|  0|  13|           6|           5|
    |ap_block_pp0_stage0_01001   |       and|   0|  0|   2|           1|           1|
    |icmp_ln1320_fu_2667_p2      |      icmp|   0|  0|  12|           5|           5|
    |icmp_ln1324_fu_2719_p2      |      icmp|   0|  0|  13|           5|           6|
    |select_ln1320_3_fu_2707_p3  |    select|   0|  0|   4|           1|           4|
    |select_ln1320_fu_2699_p3    |    select|   0|  0|   6|           1|           1|
    |tmp_31_fu_2933_p10          |    select|   0|  0|  32|           1|          32|
    |tmp_31_fu_2933_p12          |    select|   0|  0|  32|           1|          32|
    |tmp_31_fu_2933_p14          |    select|   0|  0|  32|           1|          32|
    |tmp_31_fu_2933_p16          |    select|   0|  0|  32|           1|          32|
    |tmp_31_fu_2933_p18          |    select|   0|  0|  32|           1|          32|
    |tmp_31_fu_2933_p2           |    select|   0|  0|  32|           1|          32|
    |tmp_31_fu_2933_p20          |    select|   0|  0|  32|           1|          32|
    |tmp_31_fu_2933_p4           |    select|   0|  0|  32|           1|          32|
    |tmp_31_fu_2933_p6           |    select|   0|  0|  32|           1|          32|
    |tmp_31_fu_2933_p8           |    select|   0|  0|  32|           1|          32|
    |tmp_32_fu_3061_p10          |    select|   0|  0|  32|           1|          32|
    |tmp_32_fu_3061_p12          |    select|   0|  0|  32|           1|          32|
    |tmp_32_fu_3061_p14          |    select|   0|  0|  32|           1|          32|
    |tmp_32_fu_3061_p16          |    select|   0|  0|  32|           1|          32|
    |tmp_32_fu_3061_p18          |    select|   0|  0|  32|           1|          32|
    |tmp_32_fu_3061_p2           |    select|   0|  0|  32|           1|          32|
    |tmp_32_fu_3061_p20          |    select|   0|  0|  32|           1|          32|
    |tmp_32_fu_3061_p4           |    select|   0|  0|  32|           1|          32|
    |tmp_32_fu_3061_p6           |    select|   0|  0|  32|           1|          32|
    |tmp_32_fu_3061_p8           |    select|   0|  0|  32|           1|          32|
    |tmp_33_fu_3189_p10          |    select|   0|  0|  32|           1|          32|
    |tmp_33_fu_3189_p12          |    select|   0|  0|  32|           1|          32|
    |tmp_33_fu_3189_p14          |    select|   0|  0|  32|           1|          32|
    |tmp_33_fu_3189_p16          |    select|   0|  0|  32|           1|          32|
    |tmp_33_fu_3189_p18          |    select|   0|  0|  32|           1|          32|
    |tmp_33_fu_3189_p2           |    select|   0|  0|  32|           1|          32|
    |tmp_33_fu_3189_p20          |    select|   0|  0|  32|           1|          32|
    |tmp_33_fu_3189_p4           |    select|   0|  0|  32|           1|          32|
    |tmp_33_fu_3189_p6           |    select|   0|  0|  32|           1|          32|
    |tmp_33_fu_3189_p8           |    select|   0|  0|  32|           1|          32|
    |tmp_34_fu_3317_p10          |    select|   0|  0|  32|           1|          32|
    |tmp_34_fu_3317_p12          |    select|   0|  0|  32|           1|          32|
    |tmp_34_fu_3317_p14          |    select|   0|  0|  32|           1|          32|
    |tmp_34_fu_3317_p16          |    select|   0|  0|  32|           1|          32|
    |tmp_34_fu_3317_p18          |    select|   0|  0|  32|           1|          32|
    |tmp_34_fu_3317_p2           |    select|   0|  0|  32|           1|          32|
    |tmp_34_fu_3317_p20          |    select|   0|  0|  32|           1|          32|
    |tmp_34_fu_3317_p4           |    select|   0|  0|  32|           1|          32|
    |tmp_34_fu_3317_p6           |    select|   0|  0|  32|           1|          32|
    |tmp_34_fu_3317_p8           |    select|   0|  0|  32|           1|          32|
    |tmp_35_fu_3445_p10          |    select|   0|  0|  32|           1|          32|
    |tmp_35_fu_3445_p12          |    select|   0|  0|  32|           1|          32|
    |tmp_35_fu_3445_p14          |    select|   0|  0|  32|           1|          32|
    |tmp_35_fu_3445_p16          |    select|   0|  0|  32|           1|          32|
    |tmp_35_fu_3445_p18          |    select|   0|  0|  32|           1|          32|
    |tmp_35_fu_3445_p2           |    select|   0|  0|  32|           1|          32|
    |tmp_35_fu_3445_p20          |    select|   0|  0|  32|           1|          32|
    |tmp_35_fu_3445_p4           |    select|   0|  0|  32|           1|          32|
    |tmp_35_fu_3445_p6           |    select|   0|  0|  32|           1|          32|
    |tmp_35_fu_3445_p8           |    select|   0|  0|  32|           1|          32|
    |tmp_36_fu_3573_p10          |    select|   0|  0|  32|           1|          32|
    |tmp_36_fu_3573_p12          |    select|   0|  0|  32|           1|          32|
    |tmp_36_fu_3573_p14          |    select|   0|  0|  32|           1|          32|
    |tmp_36_fu_3573_p16          |    select|   0|  0|  32|           1|          32|
    |tmp_36_fu_3573_p18          |    select|   0|  0|  32|           1|          32|
    |tmp_36_fu_3573_p2           |    select|   0|  0|  32|           1|          32|
    |tmp_36_fu_3573_p20          |    select|   0|  0|  32|           1|          32|
    |tmp_36_fu_3573_p4           |    select|   0|  0|  32|           1|          32|
    |tmp_36_fu_3573_p6           |    select|   0|  0|  32|           1|          32|
    |tmp_36_fu_3573_p8           |    select|   0|  0|  32|           1|          32|
    |tmp_37_fu_3701_p10          |    select|   0|  0|  32|           1|          32|
    |tmp_37_fu_3701_p12          |    select|   0|  0|  32|           1|          32|
    |tmp_37_fu_3701_p14          |    select|   0|  0|  32|           1|          32|
    |tmp_37_fu_3701_p16          |    select|   0|  0|  32|           1|          32|
    |tmp_37_fu_3701_p18          |    select|   0|  0|  32|           1|          32|
    |tmp_37_fu_3701_p2           |    select|   0|  0|  32|           1|          32|
    |tmp_37_fu_3701_p20          |    select|   0|  0|  32|           1|          32|
    |tmp_37_fu_3701_p4           |    select|   0|  0|  32|           1|          32|
    |tmp_37_fu_3701_p6           |    select|   0|  0|  32|           1|          32|
    |tmp_37_fu_3701_p8           |    select|   0|  0|  32|           1|          32|
    |tmp_38_fu_3829_p10          |    select|   0|  0|  32|           1|          32|
    |tmp_38_fu_3829_p12          |    select|   0|  0|  32|           1|          32|
    |tmp_38_fu_3829_p14          |    select|   0|  0|  32|           1|          32|
    |tmp_38_fu_3829_p16          |    select|   0|  0|  32|           1|          32|
    |tmp_38_fu_3829_p18          |    select|   0|  0|  32|           1|          32|
    |tmp_38_fu_3829_p2           |    select|   0|  0|  32|           1|          32|
    |tmp_38_fu_3829_p20          |    select|   0|  0|  32|           1|          32|
    |tmp_38_fu_3829_p4           |    select|   0|  0|  32|           1|          32|
    |tmp_38_fu_3829_p6           |    select|   0|  0|  32|           1|          32|
    |tmp_38_fu_3829_p8           |    select|   0|  0|  32|           1|          32|
    |tmp_39_fu_3957_p10          |    select|   0|  0|  32|           1|          32|
    |tmp_39_fu_3957_p12          |    select|   0|  0|  32|           1|          32|
    |tmp_39_fu_3957_p14          |    select|   0|  0|  32|           1|          32|
    |tmp_39_fu_3957_p16          |    select|   0|  0|  32|           1|          32|
    |tmp_39_fu_3957_p18          |    select|   0|  0|  32|           1|          32|
    |tmp_39_fu_3957_p2           |    select|   0|  0|  32|           1|          32|
    |tmp_39_fu_3957_p20          |    select|   0|  0|  32|           1|          32|
    |tmp_39_fu_3957_p4           |    select|   0|  0|  32|           1|          32|
    |tmp_39_fu_3957_p6           |    select|   0|  0|  32|           1|          32|
    |tmp_39_fu_3957_p8           |    select|   0|  0|  32|           1|          32|
    |tmp_40_fu_4085_p10          |    select|   0|  0|  32|           1|          32|
    |tmp_40_fu_4085_p12          |    select|   0|  0|  32|           1|          32|
    |tmp_40_fu_4085_p14          |    select|   0|  0|  32|           1|          32|
    |tmp_40_fu_4085_p16          |    select|   0|  0|  32|           1|          32|
    |tmp_40_fu_4085_p18          |    select|   0|  0|  32|           1|          32|
    |tmp_40_fu_4085_p2           |    select|   0|  0|  32|           1|          32|
    |tmp_40_fu_4085_p20          |    select|   0|  0|  32|           1|          32|
    |tmp_40_fu_4085_p4           |    select|   0|  0|  32|           1|          32|
    |tmp_40_fu_4085_p6           |    select|   0|  0|  32|           1|          32|
    |tmp_40_fu_4085_p8           |    select|   0|  0|  32|           1|          32|
    |tmp_41_fu_4213_p10          |    select|   0|  0|  32|           1|          32|
    |tmp_41_fu_4213_p12          |    select|   0|  0|  32|           1|          32|
    |tmp_41_fu_4213_p14          |    select|   0|  0|  32|           1|          32|
    |tmp_41_fu_4213_p16          |    select|   0|  0|  32|           1|          32|
    |tmp_41_fu_4213_p18          |    select|   0|  0|  32|           1|          32|
    |tmp_41_fu_4213_p2           |    select|   0|  0|  32|           1|          32|
    |tmp_41_fu_4213_p20          |    select|   0|  0|  32|           1|          32|
    |tmp_41_fu_4213_p4           |    select|   0|  0|  32|           1|          32|
    |tmp_41_fu_4213_p6           |    select|   0|  0|  32|           1|          32|
    |tmp_41_fu_4213_p8           |    select|   0|  0|  32|           1|          32|
    |tmp_42_fu_4341_p10          |    select|   0|  0|  32|           1|          32|
    |tmp_42_fu_4341_p12          |    select|   0|  0|  32|           1|          32|
    |tmp_42_fu_4341_p14          |    select|   0|  0|  32|           1|          32|
    |tmp_42_fu_4341_p16          |    select|   0|  0|  32|           1|          32|
    |tmp_42_fu_4341_p18          |    select|   0|  0|  32|           1|          32|
    |tmp_42_fu_4341_p2           |    select|   0|  0|  32|           1|          32|
    |tmp_42_fu_4341_p20          |    select|   0|  0|  32|           1|          32|
    |tmp_42_fu_4341_p4           |    select|   0|  0|  32|           1|          32|
    |tmp_42_fu_4341_p6           |    select|   0|  0|  32|           1|          32|
    |tmp_42_fu_4341_p8           |    select|   0|  0|  32|           1|          32|
    |tmp_43_fu_4469_p10          |    select|   0|  0|  32|           1|          32|
    |tmp_43_fu_4469_p12          |    select|   0|  0|  32|           1|          32|
    |tmp_43_fu_4469_p14          |    select|   0|  0|  32|           1|          32|
    |tmp_43_fu_4469_p16          |    select|   0|  0|  32|           1|          32|
    |tmp_43_fu_4469_p18          |    select|   0|  0|  32|           1|          32|
    |tmp_43_fu_4469_p2           |    select|   0|  0|  32|           1|          32|
    |tmp_43_fu_4469_p20          |    select|   0|  0|  32|           1|          32|
    |tmp_43_fu_4469_p4           |    select|   0|  0|  32|           1|          32|
    |tmp_43_fu_4469_p6           |    select|   0|  0|  32|           1|          32|
    |tmp_43_fu_4469_p8           |    select|   0|  0|  32|           1|          32|
    |tmp_44_fu_4597_p10          |    select|   0|  0|  32|           1|          32|
    |tmp_44_fu_4597_p12          |    select|   0|  0|  32|           1|          32|
    |tmp_44_fu_4597_p14          |    select|   0|  0|  32|           1|          32|
    |tmp_44_fu_4597_p16          |    select|   0|  0|  32|           1|          32|
    |tmp_44_fu_4597_p18          |    select|   0|  0|  32|           1|          32|
    |tmp_44_fu_4597_p2           |    select|   0|  0|  32|           1|          32|
    |tmp_44_fu_4597_p20          |    select|   0|  0|  32|           1|          32|
    |tmp_44_fu_4597_p4           |    select|   0|  0|  32|           1|          32|
    |tmp_44_fu_4597_p6           |    select|   0|  0|  32|           1|          32|
    |tmp_44_fu_4597_p8           |    select|   0|  0|  32|           1|          32|
    |tmp_45_fu_4725_p10          |    select|   0|  0|  32|           1|          32|
    |tmp_45_fu_4725_p12          |    select|   0|  0|  32|           1|          32|
    |tmp_45_fu_4725_p14          |    select|   0|  0|  32|           1|          32|
    |tmp_45_fu_4725_p16          |    select|   0|  0|  32|           1|          32|
    |tmp_45_fu_4725_p18          |    select|   0|  0|  32|           1|          32|
    |tmp_45_fu_4725_p2           |    select|   0|  0|  32|           1|          32|
    |tmp_45_fu_4725_p20          |    select|   0|  0|  32|           1|          32|
    |tmp_45_fu_4725_p4           |    select|   0|  0|  32|           1|          32|
    |tmp_45_fu_4725_p6           |    select|   0|  0|  32|           1|          32|
    |tmp_45_fu_4725_p8           |    select|   0|  0|  32|           1|          32|
    |tmp_s_fu_2805_p10           |    select|   0|  0|  32|           1|          32|
    |tmp_s_fu_2805_p12           |    select|   0|  0|  32|           1|          32|
    |tmp_s_fu_2805_p14           |    select|   0|  0|  32|           1|          32|
    |tmp_s_fu_2805_p16           |    select|   0|  0|  32|           1|          32|
    |tmp_s_fu_2805_p18           |    select|   0|  0|  32|           1|          32|
    |tmp_s_fu_2805_p2            |    select|   0|  0|  32|           1|          32|
    |tmp_s_fu_2805_p20           |    select|   0|  0|  32|           1|          32|
    |tmp_s_fu_2805_p4            |    select|   0|  0|  32|           1|          32|
    |tmp_s_fu_2805_p6            |    select|   0|  0|  32|           1|          32|
    |tmp_s_fu_2805_p8            |    select|   0|  0|  32|           1|          32|
    |ap_enable_pp0               |       xor|   0|  0|   2|           1|           2|
    +----------------------------+----------+----+---+----+------------+------------+
    |Total                       |          |   0|  0|5196|         189|        5146|
    +----------------------------+----------+----+---+----+------------+------------+

    * Multiplexer: 
    +--------------------------------------+----+-----------+-----+-----------+
    |                 Name                 | LUT| Input Size| Bits| Total Bits|
    +--------------------------------------+----+-----------+-----+-----------+
    |ap_done_int                           |   9|          2|    1|          2|
    |ap_enable_reg_pp0_iter1               |   9|          2|    1|          2|
    |ap_sig_allocacmp_d0_load              |   9|          2|    4|          8|
    |ap_sig_allocacmp_d1_load              |   9|          2|    6|         12|
    |ap_sig_allocacmp_indvar_flatten_load  |   9|          2|    5|         10|
    |d0_fu_714                             |   9|          2|    4|          8|
    |d1_fu_710                             |   9|          2|    6|         12|
    |fifo_E_from_task1_to_task5_blk_n      |   9|          2|    1|          2|
    |indvar_flatten_fu_718                 |   9|          2|    5|         10|
    +--------------------------------------+----+-----------+-----+-----------+
    |Total                                 |  81|         18|   33|         66|
    +--------------------------------------+----+-----------+-----+-----------+

    * Register: 
    +-------------------------+----+----+-----+-----------+
    |           Name          | FF | LUT| Bits| Const Bits|
    +-------------------------+----+----+-----+-----------+
    |ap_CS_fsm                |   1|   0|    1|          0|
    |ap_done_reg              |   1|   0|    1|          0|
    |ap_enable_reg_pp0_iter1  |   1|   0|    1|          0|
    |d0_fu_714                |   4|   0|    4|          0|
    |d1_fu_710                |   6|   0|    6|          0|
    |indvar_flatten_fu_718    |   5|   0|    5|          0|
    |tmp_31_reg_4908          |  32|   0|   32|          0|
    |tmp_32_reg_4913          |  32|   0|   32|          0|
    |tmp_33_reg_4918          |  32|   0|   32|          0|
    |tmp_34_reg_4923          |  32|   0|   32|          0|
    |tmp_35_reg_4928          |  32|   0|   32|          0|
    |tmp_36_reg_4933          |  32|   0|   32|          0|
    |tmp_37_reg_4938          |  32|   0|   32|          0|
    |tmp_38_reg_4943          |  32|   0|   32|          0|
    |tmp_39_reg_4948          |  32|   0|   32|          0|
    |tmp_40_reg_4953          |  32|   0|   32|          0|
    |tmp_41_reg_4958          |  32|   0|   32|          0|
    |tmp_42_reg_4963          |  32|   0|   32|          0|
    |tmp_43_reg_4968          |  32|   0|   32|          0|
    |tmp_44_reg_4973          |  32|   0|   32|          0|
    |tmp_45_reg_4978          |  32|   0|   32|          0|
    |tmp_s_reg_4903           |  32|   0|   32|          0|
    +-------------------------+----+----+-----+-----------+
    |Total                    | 530|   0|  530|          0|
    +-------------------------+----+----+-----+-----------+



================================================================
== Interface
================================================================
* Summary: 
+-------------------------------------------+-----+-----+------------+----------------------------+--------------+
|                 RTL Ports                 | Dir | Bits|  Protocol  |        Source Object       |    C Type    |
+-------------------------------------------+-----+-----+------------+----------------------------+--------------+
|ap_clk                                     |   in|    1|  ap_ctrl_hs|                 write_E_FT0|  return value|
|ap_rst                                     |   in|    1|  ap_ctrl_hs|                 write_E_FT0|  return value|
|ap_start                                   |   in|    1|  ap_ctrl_hs|                 write_E_FT0|  return value|
|ap_done                                    |  out|    1|  ap_ctrl_hs|                 write_E_FT0|  return value|
|ap_idle                                    |  out|    1|  ap_ctrl_hs|                 write_E_FT0|  return value|
|ap_ready                                   |  out|    1|  ap_ctrl_hs|                 write_E_FT0|  return value|
|fifo_E_from_task1_to_task5_din             |  out|  512|     ap_fifo|  fifo_E_from_task1_to_task5|       pointer|
|fifo_E_from_task1_to_task5_num_data_valid  |   in|   11|     ap_fifo|  fifo_E_from_task1_to_task5|       pointer|
|fifo_E_from_task1_to_task5_fifo_cap        |   in|   11|     ap_fifo|  fifo_E_from_task1_to_task5|       pointer|
|fifo_E_from_task1_to_task5_full_n          |   in|    1|     ap_fifo|  fifo_E_from_task1_to_task5|       pointer|
|fifo_E_from_task1_to_task5_write           |  out|    1|     ap_fifo|  fifo_E_from_task1_to_task5|       pointer|
|E_0_0_val                                  |   in|   32|     ap_none|                   E_0_0_val|        scalar|
|E_0_1_val                                  |   in|   32|     ap_none|                   E_0_1_val|        scalar|
|E_0_2_val                                  |   in|   32|     ap_none|                   E_0_2_val|        scalar|
|E_0_3_val                                  |   in|   32|     ap_none|                   E_0_3_val|        scalar|
|E_0_4_val                                  |   in|   32|     ap_none|                   E_0_4_val|        scalar|
|E_0_5_val                                  |   in|   32|     ap_none|                   E_0_5_val|        scalar|
|E_0_6_val                                  |   in|   32|     ap_none|                   E_0_6_val|        scalar|
|E_0_7_val                                  |   in|   32|     ap_none|                   E_0_7_val|        scalar|
|E_0_8_val                                  |   in|   32|     ap_none|                   E_0_8_val|        scalar|
|E_0_9_val                                  |   in|   32|     ap_none|                   E_0_9_val|        scalar|
|E_0_10_val                                 |   in|   32|     ap_none|                  E_0_10_val|        scalar|
|E_0_11_val                                 |   in|   32|     ap_none|                  E_0_11_val|        scalar|
|E_0_12_val                                 |   in|   32|     ap_none|                  E_0_12_val|        scalar|
|E_0_13_val                                 |   in|   32|     ap_none|                  E_0_13_val|        scalar|
|E_0_14_val                                 |   in|   32|     ap_none|                  E_0_14_val|        scalar|
|E_0_15_val                                 |   in|   32|     ap_none|                  E_0_15_val|        scalar|
|E_0_16_val                                 |   in|   32|     ap_none|                  E_0_16_val|        scalar|
|E_0_17_val                                 |   in|   32|     ap_none|                  E_0_17_val|        scalar|
|E_0_18_val                                 |   in|   32|     ap_none|                  E_0_18_val|        scalar|
|E_0_19_val                                 |   in|   32|     ap_none|                  E_0_19_val|        scalar|
|E_0_20_val                                 |   in|   32|     ap_none|                  E_0_20_val|        scalar|
|E_0_21_val                                 |   in|   32|     ap_none|                  E_0_21_val|        scalar|
|E_0_22_val                                 |   in|   32|     ap_none|                  E_0_22_val|        scalar|
|E_0_23_val                                 |   in|   32|     ap_none|                  E_0_23_val|        scalar|
|E_0_24_val                                 |   in|   32|     ap_none|                  E_0_24_val|        scalar|
|E_0_25_val                                 |   in|   32|     ap_none|                  E_0_25_val|        scalar|
|E_0_26_val                                 |   in|   32|     ap_none|                  E_0_26_val|        scalar|
|E_0_27_val                                 |   in|   32|     ap_none|                  E_0_27_val|        scalar|
|E_0_28_val                                 |   in|   32|     ap_none|                  E_0_28_val|        scalar|
|E_0_29_val                                 |   in|   32|     ap_none|                  E_0_29_val|        scalar|
|E_0_30_val                                 |   in|   32|     ap_none|                  E_0_30_val|        scalar|
|E_0_31_val                                 |   in|   32|     ap_none|                  E_0_31_val|        scalar|
|E_1_0_val                                  |   in|   32|     ap_none|                   E_1_0_val|        scalar|
|E_1_1_val                                  |   in|   32|     ap_none|                   E_1_1_val|        scalar|
|E_1_2_val                                  |   in|   32|     ap_none|                   E_1_2_val|        scalar|
|E_1_3_val                                  |   in|   32|     ap_none|                   E_1_3_val|        scalar|
|E_1_4_val                                  |   in|   32|     ap_none|                   E_1_4_val|        scalar|
|E_1_5_val                                  |   in|   32|     ap_none|                   E_1_5_val|        scalar|
|E_1_6_val                                  |   in|   32|     ap_none|                   E_1_6_val|        scalar|
|E_1_7_val                                  |   in|   32|     ap_none|                   E_1_7_val|        scalar|
|E_1_8_val                                  |   in|   32|     ap_none|                   E_1_8_val|        scalar|
|E_1_9_val                                  |   in|   32|     ap_none|                   E_1_9_val|        scalar|
|E_1_10_val                                 |   in|   32|     ap_none|                  E_1_10_val|        scalar|
|E_1_11_val                                 |   in|   32|     ap_none|                  E_1_11_val|        scalar|
|E_1_12_val                                 |   in|   32|     ap_none|                  E_1_12_val|        scalar|
|E_1_13_val                                 |   in|   32|     ap_none|                  E_1_13_val|        scalar|
|E_1_14_val                                 |   in|   32|     ap_none|                  E_1_14_val|        scalar|
|E_1_15_val                                 |   in|   32|     ap_none|                  E_1_15_val|        scalar|
|E_1_16_val                                 |   in|   32|     ap_none|                  E_1_16_val|        scalar|
|E_1_17_val                                 |   in|   32|     ap_none|                  E_1_17_val|        scalar|
|E_1_18_val                                 |   in|   32|     ap_none|                  E_1_18_val|        scalar|
|E_1_19_val                                 |   in|   32|     ap_none|                  E_1_19_val|        scalar|
|E_1_20_val                                 |   in|   32|     ap_none|                  E_1_20_val|        scalar|
|E_1_21_val                                 |   in|   32|     ap_none|                  E_1_21_val|        scalar|
|E_1_22_val                                 |   in|   32|     ap_none|                  E_1_22_val|        scalar|
|E_1_23_val                                 |   in|   32|     ap_none|                  E_1_23_val|        scalar|
|E_1_24_val                                 |   in|   32|     ap_none|                  E_1_24_val|        scalar|
|E_1_25_val                                 |   in|   32|     ap_none|                  E_1_25_val|        scalar|
|E_1_26_val                                 |   in|   32|     ap_none|                  E_1_26_val|        scalar|
|E_1_27_val                                 |   in|   32|     ap_none|                  E_1_27_val|        scalar|
|E_1_28_val                                 |   in|   32|     ap_none|                  E_1_28_val|        scalar|
|E_1_29_val                                 |   in|   32|     ap_none|                  E_1_29_val|        scalar|
|E_1_30_val                                 |   in|   32|     ap_none|                  E_1_30_val|        scalar|
|E_1_31_val                                 |   in|   32|     ap_none|                  E_1_31_val|        scalar|
|E_2_0_val                                  |   in|   32|     ap_none|                   E_2_0_val|        scalar|
|E_2_1_val                                  |   in|   32|     ap_none|                   E_2_1_val|        scalar|
|E_2_2_val                                  |   in|   32|     ap_none|                   E_2_2_val|        scalar|
|E_2_3_val                                  |   in|   32|     ap_none|                   E_2_3_val|        scalar|
|E_2_4_val                                  |   in|   32|     ap_none|                   E_2_4_val|        scalar|
|E_2_5_val                                  |   in|   32|     ap_none|                   E_2_5_val|        scalar|
|E_2_6_val                                  |   in|   32|     ap_none|                   E_2_6_val|        scalar|
|E_2_7_val                                  |   in|   32|     ap_none|                   E_2_7_val|        scalar|
|E_2_8_val                                  |   in|   32|     ap_none|                   E_2_8_val|        scalar|
|E_2_9_val                                  |   in|   32|     ap_none|                   E_2_9_val|        scalar|
|E_2_10_val                                 |   in|   32|     ap_none|                  E_2_10_val|        scalar|
|E_2_11_val                                 |   in|   32|     ap_none|                  E_2_11_val|        scalar|
|E_2_12_val                                 |   in|   32|     ap_none|                  E_2_12_val|        scalar|
|E_2_13_val                                 |   in|   32|     ap_none|                  E_2_13_val|        scalar|
|E_2_14_val                                 |   in|   32|     ap_none|                  E_2_14_val|        scalar|
|E_2_15_val                                 |   in|   32|     ap_none|                  E_2_15_val|        scalar|
|E_2_16_val                                 |   in|   32|     ap_none|                  E_2_16_val|        scalar|
|E_2_17_val                                 |   in|   32|     ap_none|                  E_2_17_val|        scalar|
|E_2_18_val                                 |   in|   32|     ap_none|                  E_2_18_val|        scalar|
|E_2_19_val                                 |   in|   32|     ap_none|                  E_2_19_val|        scalar|
|E_2_20_val                                 |   in|   32|     ap_none|                  E_2_20_val|        scalar|
|E_2_21_val                                 |   in|   32|     ap_none|                  E_2_21_val|        scalar|
|E_2_22_val                                 |   in|   32|     ap_none|                  E_2_22_val|        scalar|
|E_2_23_val                                 |   in|   32|     ap_none|                  E_2_23_val|        scalar|
|E_2_24_val                                 |   in|   32|     ap_none|                  E_2_24_val|        scalar|
|E_2_25_val                                 |   in|   32|     ap_none|                  E_2_25_val|        scalar|
|E_2_26_val                                 |   in|   32|     ap_none|                  E_2_26_val|        scalar|
|E_2_27_val                                 |   in|   32|     ap_none|                  E_2_27_val|        scalar|
|E_2_28_val                                 |   in|   32|     ap_none|                  E_2_28_val|        scalar|
|E_2_29_val                                 |   in|   32|     ap_none|                  E_2_29_val|        scalar|
|E_2_30_val                                 |   in|   32|     ap_none|                  E_2_30_val|        scalar|
|E_2_31_val                                 |   in|   32|     ap_none|                  E_2_31_val|        scalar|
|E_3_0_val                                  |   in|   32|     ap_none|                   E_3_0_val|        scalar|
|E_3_1_val                                  |   in|   32|     ap_none|                   E_3_1_val|        scalar|
|E_3_2_val                                  |   in|   32|     ap_none|                   E_3_2_val|        scalar|
|E_3_3_val                                  |   in|   32|     ap_none|                   E_3_3_val|        scalar|
|E_3_4_val                                  |   in|   32|     ap_none|                   E_3_4_val|        scalar|
|E_3_5_val                                  |   in|   32|     ap_none|                   E_3_5_val|        scalar|
|E_3_6_val                                  |   in|   32|     ap_none|                   E_3_6_val|        scalar|
|E_3_7_val                                  |   in|   32|     ap_none|                   E_3_7_val|        scalar|
|E_3_8_val                                  |   in|   32|     ap_none|                   E_3_8_val|        scalar|
|E_3_9_val                                  |   in|   32|     ap_none|                   E_3_9_val|        scalar|
|E_3_10_val                                 |   in|   32|     ap_none|                  E_3_10_val|        scalar|
|E_3_11_val                                 |   in|   32|     ap_none|                  E_3_11_val|        scalar|
|E_3_12_val                                 |   in|   32|     ap_none|                  E_3_12_val|        scalar|
|E_3_13_val                                 |   in|   32|     ap_none|                  E_3_13_val|        scalar|
|E_3_14_val                                 |   in|   32|     ap_none|                  E_3_14_val|        scalar|
|E_3_15_val                                 |   in|   32|     ap_none|                  E_3_15_val|        scalar|
|E_3_16_val                                 |   in|   32|     ap_none|                  E_3_16_val|        scalar|
|E_3_17_val                                 |   in|   32|     ap_none|                  E_3_17_val|        scalar|
|E_3_18_val                                 |   in|   32|     ap_none|                  E_3_18_val|        scalar|
|E_3_19_val                                 |   in|   32|     ap_none|                  E_3_19_val|        scalar|
|E_3_20_val                                 |   in|   32|     ap_none|                  E_3_20_val|        scalar|
|E_3_21_val                                 |   in|   32|     ap_none|                  E_3_21_val|        scalar|
|E_3_22_val                                 |   in|   32|     ap_none|                  E_3_22_val|        scalar|
|E_3_23_val                                 |   in|   32|     ap_none|                  E_3_23_val|        scalar|
|E_3_24_val                                 |   in|   32|     ap_none|                  E_3_24_val|        scalar|
|E_3_25_val                                 |   in|   32|     ap_none|                  E_3_25_val|        scalar|
|E_3_26_val                                 |   in|   32|     ap_none|                  E_3_26_val|        scalar|
|E_3_27_val                                 |   in|   32|     ap_none|                  E_3_27_val|        scalar|
|E_3_28_val                                 |   in|   32|     ap_none|                  E_3_28_val|        scalar|
|E_3_29_val                                 |   in|   32|     ap_none|                  E_3_29_val|        scalar|
|E_3_30_val                                 |   in|   32|     ap_none|                  E_3_30_val|        scalar|
|E_3_31_val                                 |   in|   32|     ap_none|                  E_3_31_val|        scalar|
|E_4_0_val                                  |   in|   32|     ap_none|                   E_4_0_val|        scalar|
|E_4_1_val                                  |   in|   32|     ap_none|                   E_4_1_val|        scalar|
|E_4_2_val                                  |   in|   32|     ap_none|                   E_4_2_val|        scalar|
|E_4_3_val                                  |   in|   32|     ap_none|                   E_4_3_val|        scalar|
|E_4_4_val                                  |   in|   32|     ap_none|                   E_4_4_val|        scalar|
|E_4_5_val                                  |   in|   32|     ap_none|                   E_4_5_val|        scalar|
|E_4_6_val                                  |   in|   32|     ap_none|                   E_4_6_val|        scalar|
|E_4_7_val                                  |   in|   32|     ap_none|                   E_4_7_val|        scalar|
|E_4_8_val                                  |   in|   32|     ap_none|                   E_4_8_val|        scalar|
|E_4_9_val                                  |   in|   32|     ap_none|                   E_4_9_val|        scalar|
|E_4_10_val                                 |   in|   32|     ap_none|                  E_4_10_val|        scalar|
|E_4_11_val                                 |   in|   32|     ap_none|                  E_4_11_val|        scalar|
|E_4_12_val                                 |   in|   32|     ap_none|                  E_4_12_val|        scalar|
|E_4_13_val                                 |   in|   32|     ap_none|                  E_4_13_val|        scalar|
|E_4_14_val                                 |   in|   32|     ap_none|                  E_4_14_val|        scalar|
|E_4_15_val                                 |   in|   32|     ap_none|                  E_4_15_val|        scalar|
|E_4_16_val                                 |   in|   32|     ap_none|                  E_4_16_val|        scalar|
|E_4_17_val                                 |   in|   32|     ap_none|                  E_4_17_val|        scalar|
|E_4_18_val                                 |   in|   32|     ap_none|                  E_4_18_val|        scalar|
|E_4_19_val                                 |   in|   32|     ap_none|                  E_4_19_val|        scalar|
|E_4_20_val                                 |   in|   32|     ap_none|                  E_4_20_val|        scalar|
|E_4_21_val                                 |   in|   32|     ap_none|                  E_4_21_val|        scalar|
|E_4_22_val                                 |   in|   32|     ap_none|                  E_4_22_val|        scalar|
|E_4_23_val                                 |   in|   32|     ap_none|                  E_4_23_val|        scalar|
|E_4_24_val                                 |   in|   32|     ap_none|                  E_4_24_val|        scalar|
|E_4_25_val                                 |   in|   32|     ap_none|                  E_4_25_val|        scalar|
|E_4_26_val                                 |   in|   32|     ap_none|                  E_4_26_val|        scalar|
|E_4_27_val                                 |   in|   32|     ap_none|                  E_4_27_val|        scalar|
|E_4_28_val                                 |   in|   32|     ap_none|                  E_4_28_val|        scalar|
|E_4_29_val                                 |   in|   32|     ap_none|                  E_4_29_val|        scalar|
|E_4_30_val                                 |   in|   32|     ap_none|                  E_4_30_val|        scalar|
|E_4_31_val                                 |   in|   32|     ap_none|                  E_4_31_val|        scalar|
|E_5_0_val                                  |   in|   32|     ap_none|                   E_5_0_val|        scalar|
|E_5_1_val                                  |   in|   32|     ap_none|                   E_5_1_val|        scalar|
|E_5_2_val                                  |   in|   32|     ap_none|                   E_5_2_val|        scalar|
|E_5_3_val                                  |   in|   32|     ap_none|                   E_5_3_val|        scalar|
|E_5_4_val                                  |   in|   32|     ap_none|                   E_5_4_val|        scalar|
|E_5_5_val                                  |   in|   32|     ap_none|                   E_5_5_val|        scalar|
|E_5_6_val                                  |   in|   32|     ap_none|                   E_5_6_val|        scalar|
|E_5_7_val                                  |   in|   32|     ap_none|                   E_5_7_val|        scalar|
|E_5_8_val                                  |   in|   32|     ap_none|                   E_5_8_val|        scalar|
|E_5_9_val                                  |   in|   32|     ap_none|                   E_5_9_val|        scalar|
|E_5_10_val                                 |   in|   32|     ap_none|                  E_5_10_val|        scalar|
|E_5_11_val                                 |   in|   32|     ap_none|                  E_5_11_val|        scalar|
|E_5_12_val                                 |   in|   32|     ap_none|                  E_5_12_val|        scalar|
|E_5_13_val                                 |   in|   32|     ap_none|                  E_5_13_val|        scalar|
|E_5_14_val                                 |   in|   32|     ap_none|                  E_5_14_val|        scalar|
|E_5_15_val                                 |   in|   32|     ap_none|                  E_5_15_val|        scalar|
|E_5_16_val                                 |   in|   32|     ap_none|                  E_5_16_val|        scalar|
|E_5_17_val                                 |   in|   32|     ap_none|                  E_5_17_val|        scalar|
|E_5_18_val                                 |   in|   32|     ap_none|                  E_5_18_val|        scalar|
|E_5_19_val                                 |   in|   32|     ap_none|                  E_5_19_val|        scalar|
|E_5_20_val                                 |   in|   32|     ap_none|                  E_5_20_val|        scalar|
|E_5_21_val                                 |   in|   32|     ap_none|                  E_5_21_val|        scalar|
|E_5_22_val                                 |   in|   32|     ap_none|                  E_5_22_val|        scalar|
|E_5_23_val                                 |   in|   32|     ap_none|                  E_5_23_val|        scalar|
|E_5_24_val                                 |   in|   32|     ap_none|                  E_5_24_val|        scalar|
|E_5_25_val                                 |   in|   32|     ap_none|                  E_5_25_val|        scalar|
|E_5_26_val                                 |   in|   32|     ap_none|                  E_5_26_val|        scalar|
|E_5_27_val                                 |   in|   32|     ap_none|                  E_5_27_val|        scalar|
|E_5_28_val                                 |   in|   32|     ap_none|                  E_5_28_val|        scalar|
|E_5_29_val                                 |   in|   32|     ap_none|                  E_5_29_val|        scalar|
|E_5_30_val                                 |   in|   32|     ap_none|                  E_5_30_val|        scalar|
|E_5_31_val                                 |   in|   32|     ap_none|                  E_5_31_val|        scalar|
|E_6_0_val                                  |   in|   32|     ap_none|                   E_6_0_val|        scalar|
|E_6_1_val                                  |   in|   32|     ap_none|                   E_6_1_val|        scalar|
|E_6_2_val                                  |   in|   32|     ap_none|                   E_6_2_val|        scalar|
|E_6_3_val                                  |   in|   32|     ap_none|                   E_6_3_val|        scalar|
|E_6_4_val                                  |   in|   32|     ap_none|                   E_6_4_val|        scalar|
|E_6_5_val                                  |   in|   32|     ap_none|                   E_6_5_val|        scalar|
|E_6_6_val                                  |   in|   32|     ap_none|                   E_6_6_val|        scalar|
|E_6_7_val                                  |   in|   32|     ap_none|                   E_6_7_val|        scalar|
|E_6_8_val                                  |   in|   32|     ap_none|                   E_6_8_val|        scalar|
|E_6_9_val                                  |   in|   32|     ap_none|                   E_6_9_val|        scalar|
|E_6_10_val                                 |   in|   32|     ap_none|                  E_6_10_val|        scalar|
|E_6_11_val                                 |   in|   32|     ap_none|                  E_6_11_val|        scalar|
|E_6_12_val                                 |   in|   32|     ap_none|                  E_6_12_val|        scalar|
|E_6_13_val                                 |   in|   32|     ap_none|                  E_6_13_val|        scalar|
|E_6_14_val                                 |   in|   32|     ap_none|                  E_6_14_val|        scalar|
|E_6_15_val                                 |   in|   32|     ap_none|                  E_6_15_val|        scalar|
|E_6_16_val                                 |   in|   32|     ap_none|                  E_6_16_val|        scalar|
|E_6_17_val                                 |   in|   32|     ap_none|                  E_6_17_val|        scalar|
|E_6_18_val                                 |   in|   32|     ap_none|                  E_6_18_val|        scalar|
|E_6_19_val                                 |   in|   32|     ap_none|                  E_6_19_val|        scalar|
|E_6_20_val                                 |   in|   32|     ap_none|                  E_6_20_val|        scalar|
|E_6_21_val                                 |   in|   32|     ap_none|                  E_6_21_val|        scalar|
|E_6_22_val                                 |   in|   32|     ap_none|                  E_6_22_val|        scalar|
|E_6_23_val                                 |   in|   32|     ap_none|                  E_6_23_val|        scalar|
|E_6_24_val                                 |   in|   32|     ap_none|                  E_6_24_val|        scalar|
|E_6_25_val                                 |   in|   32|     ap_none|                  E_6_25_val|        scalar|
|E_6_26_val                                 |   in|   32|     ap_none|                  E_6_26_val|        scalar|
|E_6_27_val                                 |   in|   32|     ap_none|                  E_6_27_val|        scalar|
|E_6_28_val                                 |   in|   32|     ap_none|                  E_6_28_val|        scalar|
|E_6_29_val                                 |   in|   32|     ap_none|                  E_6_29_val|        scalar|
|E_6_30_val                                 |   in|   32|     ap_none|                  E_6_30_val|        scalar|
|E_6_31_val                                 |   in|   32|     ap_none|                  E_6_31_val|        scalar|
|E_7_0_val                                  |   in|   32|     ap_none|                   E_7_0_val|        scalar|
|E_7_1_val                                  |   in|   32|     ap_none|                   E_7_1_val|        scalar|
|E_7_2_val                                  |   in|   32|     ap_none|                   E_7_2_val|        scalar|
|E_7_3_val                                  |   in|   32|     ap_none|                   E_7_3_val|        scalar|
|E_7_4_val                                  |   in|   32|     ap_none|                   E_7_4_val|        scalar|
|E_7_5_val                                  |   in|   32|     ap_none|                   E_7_5_val|        scalar|
|E_7_6_val                                  |   in|   32|     ap_none|                   E_7_6_val|        scalar|
|E_7_7_val                                  |   in|   32|     ap_none|                   E_7_7_val|        scalar|
|E_7_8_val                                  |   in|   32|     ap_none|                   E_7_8_val|        scalar|
|E_7_9_val                                  |   in|   32|     ap_none|                   E_7_9_val|        scalar|
|E_7_10_val                                 |   in|   32|     ap_none|                  E_7_10_val|        scalar|
|E_7_11_val                                 |   in|   32|     ap_none|                  E_7_11_val|        scalar|
|E_7_12_val                                 |   in|   32|     ap_none|                  E_7_12_val|        scalar|
|E_7_13_val                                 |   in|   32|     ap_none|                  E_7_13_val|        scalar|
|E_7_14_val                                 |   in|   32|     ap_none|                  E_7_14_val|        scalar|
|E_7_15_val                                 |   in|   32|     ap_none|                  E_7_15_val|        scalar|
|E_7_16_val                                 |   in|   32|     ap_none|                  E_7_16_val|        scalar|
|E_7_17_val                                 |   in|   32|     ap_none|                  E_7_17_val|        scalar|
|E_7_18_val                                 |   in|   32|     ap_none|                  E_7_18_val|        scalar|
|E_7_19_val                                 |   in|   32|     ap_none|                  E_7_19_val|        scalar|
|E_7_20_val                                 |   in|   32|     ap_none|                  E_7_20_val|        scalar|
|E_7_21_val                                 |   in|   32|     ap_none|                  E_7_21_val|        scalar|
|E_7_22_val                                 |   in|   32|     ap_none|                  E_7_22_val|        scalar|
|E_7_23_val                                 |   in|   32|     ap_none|                  E_7_23_val|        scalar|
|E_7_24_val                                 |   in|   32|     ap_none|                  E_7_24_val|        scalar|
|E_7_25_val                                 |   in|   32|     ap_none|                  E_7_25_val|        scalar|
|E_7_26_val                                 |   in|   32|     ap_none|                  E_7_26_val|        scalar|
|E_7_27_val                                 |   in|   32|     ap_none|                  E_7_27_val|        scalar|
|E_7_28_val                                 |   in|   32|     ap_none|                  E_7_28_val|        scalar|
|E_7_29_val                                 |   in|   32|     ap_none|                  E_7_29_val|        scalar|
|E_7_30_val                                 |   in|   32|     ap_none|                  E_7_30_val|        scalar|
|E_7_31_val                                 |   in|   32|     ap_none|                  E_7_31_val|        scalar|
|E_8_0_val                                  |   in|   32|     ap_none|                   E_8_0_val|        scalar|
|E_8_1_val                                  |   in|   32|     ap_none|                   E_8_1_val|        scalar|
|E_8_2_val                                  |   in|   32|     ap_none|                   E_8_2_val|        scalar|
|E_8_3_val                                  |   in|   32|     ap_none|                   E_8_3_val|        scalar|
|E_8_4_val                                  |   in|   32|     ap_none|                   E_8_4_val|        scalar|
|E_8_5_val                                  |   in|   32|     ap_none|                   E_8_5_val|        scalar|
|E_8_6_val                                  |   in|   32|     ap_none|                   E_8_6_val|        scalar|
|E_8_7_val                                  |   in|   32|     ap_none|                   E_8_7_val|        scalar|
|E_8_8_val                                  |   in|   32|     ap_none|                   E_8_8_val|        scalar|
|E_8_9_val                                  |   in|   32|     ap_none|                   E_8_9_val|        scalar|
|E_8_10_val                                 |   in|   32|     ap_none|                  E_8_10_val|        scalar|
|E_8_11_val                                 |   in|   32|     ap_none|                  E_8_11_val|        scalar|
|E_8_12_val                                 |   in|   32|     ap_none|                  E_8_12_val|        scalar|
|E_8_13_val                                 |   in|   32|     ap_none|                  E_8_13_val|        scalar|
|E_8_14_val                                 |   in|   32|     ap_none|                  E_8_14_val|        scalar|
|E_8_15_val                                 |   in|   32|     ap_none|                  E_8_15_val|        scalar|
|E_8_16_val                                 |   in|   32|     ap_none|                  E_8_16_val|        scalar|
|E_8_17_val                                 |   in|   32|     ap_none|                  E_8_17_val|        scalar|
|E_8_18_val                                 |   in|   32|     ap_none|                  E_8_18_val|        scalar|
|E_8_19_val                                 |   in|   32|     ap_none|                  E_8_19_val|        scalar|
|E_8_20_val                                 |   in|   32|     ap_none|                  E_8_20_val|        scalar|
|E_8_21_val                                 |   in|   32|     ap_none|                  E_8_21_val|        scalar|
|E_8_22_val                                 |   in|   32|     ap_none|                  E_8_22_val|        scalar|
|E_8_23_val                                 |   in|   32|     ap_none|                  E_8_23_val|        scalar|
|E_8_24_val                                 |   in|   32|     ap_none|                  E_8_24_val|        scalar|
|E_8_25_val                                 |   in|   32|     ap_none|                  E_8_25_val|        scalar|
|E_8_26_val                                 |   in|   32|     ap_none|                  E_8_26_val|        scalar|
|E_8_27_val                                 |   in|   32|     ap_none|                  E_8_27_val|        scalar|
|E_8_28_val                                 |   in|   32|     ap_none|                  E_8_28_val|        scalar|
|E_8_29_val                                 |   in|   32|     ap_none|                  E_8_29_val|        scalar|
|E_8_30_val                                 |   in|   32|     ap_none|                  E_8_30_val|        scalar|
|E_8_31_val                                 |   in|   32|     ap_none|                  E_8_31_val|        scalar|
|E_9_0_val                                  |   in|   32|     ap_none|                   E_9_0_val|        scalar|
|E_9_1_val                                  |   in|   32|     ap_none|                   E_9_1_val|        scalar|
|E_9_2_val                                  |   in|   32|     ap_none|                   E_9_2_val|        scalar|
|E_9_3_val                                  |   in|   32|     ap_none|                   E_9_3_val|        scalar|
|E_9_4_val                                  |   in|   32|     ap_none|                   E_9_4_val|        scalar|
|E_9_5_val                                  |   in|   32|     ap_none|                   E_9_5_val|        scalar|
|E_9_6_val                                  |   in|   32|     ap_none|                   E_9_6_val|        scalar|
|E_9_7_val                                  |   in|   32|     ap_none|                   E_9_7_val|        scalar|
|E_9_8_val                                  |   in|   32|     ap_none|                   E_9_8_val|        scalar|
|E_9_9_val                                  |   in|   32|     ap_none|                   E_9_9_val|        scalar|
|E_9_10_val                                 |   in|   32|     ap_none|                  E_9_10_val|        scalar|
|E_9_11_val                                 |   in|   32|     ap_none|                  E_9_11_val|        scalar|
|E_9_12_val                                 |   in|   32|     ap_none|                  E_9_12_val|        scalar|
|E_9_13_val                                 |   in|   32|     ap_none|                  E_9_13_val|        scalar|
|E_9_14_val                                 |   in|   32|     ap_none|                  E_9_14_val|        scalar|
|E_9_15_val                                 |   in|   32|     ap_none|                  E_9_15_val|        scalar|
|E_9_16_val                                 |   in|   32|     ap_none|                  E_9_16_val|        scalar|
|E_9_17_val                                 |   in|   32|     ap_none|                  E_9_17_val|        scalar|
|E_9_18_val                                 |   in|   32|     ap_none|                  E_9_18_val|        scalar|
|E_9_19_val                                 |   in|   32|     ap_none|                  E_9_19_val|        scalar|
|E_9_20_val                                 |   in|   32|     ap_none|                  E_9_20_val|        scalar|
|E_9_21_val                                 |   in|   32|     ap_none|                  E_9_21_val|        scalar|
|E_9_22_val                                 |   in|   32|     ap_none|                  E_9_22_val|        scalar|
|E_9_23_val                                 |   in|   32|     ap_none|                  E_9_23_val|        scalar|
|E_9_24_val                                 |   in|   32|     ap_none|                  E_9_24_val|        scalar|
|E_9_25_val                                 |   in|   32|     ap_none|                  E_9_25_val|        scalar|
|E_9_26_val                                 |   in|   32|     ap_none|                  E_9_26_val|        scalar|
|E_9_27_val                                 |   in|   32|     ap_none|                  E_9_27_val|        scalar|
|E_9_28_val                                 |   in|   32|     ap_none|                  E_9_28_val|        scalar|
|E_9_29_val                                 |   in|   32|     ap_none|                  E_9_29_val|        scalar|
|E_9_30_val                                 |   in|   32|     ap_none|                  E_9_30_val|        scalar|
|E_9_31_val                                 |   in|   32|     ap_none|                  E_9_31_val|        scalar|
+-------------------------------------------+-----+-----+------------+----------------------------+--------------+

