

================================================================
== Vitis HLS Report for 'kernel_nlp_Pipeline_VITIS_LOOP_61_4'
================================================================
* Date:           Wed Dec 18 08:04:15 2024

* Version:        2023.2 (Build 4023990 on Oct 11 2023)
* Project:        kernel_nlp
* Solution:       solution (Vitis Kernel Flow Target)
* Product family: virtexuplusHBM
* Target device:  xcu55c-fsvh2892-2L-e


================================================================
== Performance Estimates
================================================================
+ Timing: 
    * Summary: 
    +--------+---------+----------+------------+
    |  Clock |  Target | Estimated| Uncertainty|
    +--------+---------+----------+------------+
    |ap_clk  |  4.00 ns|  2.920 ns|     1.08 ns|
    +--------+---------+----------+------------+

+ Latency: 
    * Summary: 
    +---------+---------+----------+----------+-----+-----+---------+
    |  Latency (cycles) |  Latency (absolute) |  Interval | Pipeline|
    |   min   |   max   |    min   |    max   | min | max |   Type  |
    +---------+---------+----------+----------+-----+-----+---------+
    |      228|      228|  0.912 us|  0.912 us|  228|  228|       no|
    +---------+---------+----------+----------+-----+-----+---------+

    + Detail: 
        * Instance: 
        N/A

        * Loop: 
        +-------------------+---------+---------+----------+-----------+-----------+------+----------+
        |                   |  Latency (cycles) | Iteration|  Initiation Interval  | Trip |          |
        |     Loop Name     |   min   |   max   |  Latency |  achieved |   target  | Count| Pipelined|
        +-------------------+---------+---------+----------+-----------+-----------+------+----------+
        |- VITIS_LOOP_61_4  |      226|      226|        27|          8|          1|    26|       yes|
        +-------------------+---------+---------+----------+-----------+-----------+------+----------+



================================================================
== Utilization Estimates
================================================================
* Summary: 
+---------------------+---------+------+---------+---------+-----+
|         Name        | BRAM_18K|  DSP |    FF   |   LUT   | URAM|
+---------------------+---------+------+---------+---------+-----+
|DSP                  |        -|     -|        -|        -|    -|
|Expression           |        -|     -|        0|      283|    -|
|FIFO                 |        -|     -|        -|        -|    -|
|Instance             |        -|    13|     3055|     2028|    -|
|Memory               |        -|     -|        -|        -|    -|
|Multiplexer          |        -|     -|        -|     1128|    -|
|Register             |        -|     -|     1272|      128|    -|
+---------------------+---------+------+---------+---------+-----+
|Total                |        0|    13|     4327|     3567|    0|
+---------------------+---------+------+---------+---------+-----+
|Available SLR        |     1344|  3008|   869120|   434560|  320|
+---------------------+---------+------+---------+---------+-----+
|Utilization SLR (%)  |        0|    ~0|       ~0|       ~0|    0|
+---------------------+---------+------+---------+---------+-----+
|Available            |     4032|  9024|  2607360|  1303680|  960|
+---------------------+---------+------+---------+---------+-----+
|Utilization (%)      |        0|    ~0|       ~0|       ~0|    0|
+---------------------+---------+------+---------+---------+-----+

+ Detail: 
    * Instance: 
    +--------------------------+---------------------+---------+----+-----+-----+-----+
    |         Instance         |        Module       | BRAM_18K| DSP|  FF | LUT | URAM|
    +--------------------------+---------------------+---------+----+-----+-----+-----+
    |mul_9ns_11ns_19_1_1_U200  |mul_9ns_11ns_19_1_1  |        0|   1|    0|    6|    0|
    |mul_9ns_11ns_19_1_1_U201  |mul_9ns_11ns_19_1_1  |        0|   1|    0|    6|    0|
    |mul_9ns_11ns_19_1_1_U202  |mul_9ns_11ns_19_1_1  |        0|   1|    0|    6|    0|
    |mul_9ns_11ns_19_1_1_U203  |mul_9ns_11ns_19_1_1  |        0|   1|    0|    6|    0|
    |mul_9ns_11ns_19_1_1_U204  |mul_9ns_11ns_19_1_1  |        0|   1|    0|    6|    0|
    |mul_9ns_11ns_19_1_1_U205  |mul_9ns_11ns_19_1_1  |        0|   1|    0|    6|    0|
    |mul_9ns_11ns_19_1_1_U206  |mul_9ns_11ns_19_1_1  |        0|   1|    0|    6|    0|
    |mul_9ns_11ns_19_1_1_U207  |mul_9ns_11ns_19_1_1  |        0|   1|    0|    6|    0|
    |mul_9ns_11ns_19_1_1_U208  |mul_9ns_11ns_19_1_1  |        0|   1|    0|    6|    0|
    |mul_9ns_11ns_19_1_1_U209  |mul_9ns_11ns_19_1_1  |        0|   1|    0|    6|    0|
    |mul_9ns_11ns_19_1_1_U210  |mul_9ns_11ns_19_1_1  |        0|   1|    0|    6|    0|
    |mul_9ns_11ns_19_1_1_U211  |mul_9ns_11ns_19_1_1  |        0|   1|    0|    6|    0|
    |mul_9ns_11ns_19_1_1_U212  |mul_9ns_11ns_19_1_1  |        0|   1|    0|    6|    0|
    |urem_9ns_4ns_3_13_1_U189  |urem_9ns_4ns_3_13_1  |        0|   0|  235|  150|    0|
    |urem_9ns_4ns_3_13_1_U190  |urem_9ns_4ns_3_13_1  |        0|   0|  235|  150|    0|
    |urem_9ns_4ns_3_13_1_U191  |urem_9ns_4ns_3_13_1  |        0|   0|  235|  150|    0|
    |urem_9ns_4ns_3_13_1_U192  |urem_9ns_4ns_3_13_1  |        0|   0|  235|  150|    0|
    |urem_9ns_4ns_3_13_1_U193  |urem_9ns_4ns_3_13_1  |        0|   0|  235|  150|    0|
    |urem_9ns_4ns_3_13_1_U194  |urem_9ns_4ns_3_13_1  |        0|   0|  235|  150|    0|
    |urem_9ns_4ns_3_13_1_U195  |urem_9ns_4ns_3_13_1  |        0|   0|  235|  150|    0|
    |urem_9ns_4ns_3_13_1_U196  |urem_9ns_4ns_3_13_1  |        0|   0|  235|  150|    0|
    |urem_9ns_4ns_3_13_1_U197  |urem_9ns_4ns_3_13_1  |        0|   0|  235|  150|    0|
    |urem_9ns_4ns_3_13_1_U198  |urem_9ns_4ns_3_13_1  |        0|   0|  235|  150|    0|
    |urem_9ns_4ns_3_13_1_U199  |urem_9ns_4ns_3_13_1  |        0|   0|  235|  150|    0|
    |urem_9ns_4ns_3_13_1_U213  |urem_9ns_4ns_3_13_1  |        0|   0|  235|  150|    0|
    |urem_9ns_4ns_3_13_1_U214  |urem_9ns_4ns_3_13_1  |        0|   0|  235|  150|    0|
    +--------------------------+---------------------+---------+----+-----+-----+-----+
    |Total                     |                     |        0|  13| 3055| 2028|    0|
    +--------------------------+---------------------+---------+----+-----+-----+-----+

    * DSP: 
    N/A

    * Memory: 
    N/A

    * FIFO: 
    N/A

    * Expression: 
    +---------------------------+----------+----+---+----+------------+------------+
    |       Variable Name       | Operation| DSP| FF| LUT| Bitwidth P0| Bitwidth P1|
    +---------------------------+----------+----+---+----+------------+------------+
    |add_ln61_1_fu_912_p2       |         +|   0|  0|  12|           5|           1|
    |add_ln61_fu_1076_p2        |         +|   0|  0|  16|           9|           5|
    |add_ln64_1_fu_1730_p2      |         +|   0|  0|  14|           7|           2|
    |add_ln64_2_fu_1799_p2      |         +|   0|  0|  14|           7|           2|
    |add_ln64_fu_1598_p2        |         +|   0|  0|  14|           7|           1|
    |ap_block_pp0_stage1_11001  |       and|   0|  0|   2|           1|           1|
    |icmp_ln61_fu_906_p2        |      icmp|   0|  0|  12|           5|           4|
    |icmp_ln64_1_fu_1019_p2     |      icmp|   0|  0|  16|           9|           8|
    |icmp_ln64_2_fu_1036_p2     |      icmp|   0|  0|  16|           9|           8|
    |icmp_ln64_3_fu_1053_p2     |      icmp|   0|  0|  16|           9|           8|
    |icmp_ln64_4_fu_1070_p2     |      icmp|   0|  0|  16|           9|           8|
    |icmp_ln64_fu_948_p2        |      icmp|   0|  0|  16|           9|           8|
    |grp_fu_1002_p0             |        or|   0|  0|   9|           9|           4|
    |grp_fu_1625_p0             |        or|   0|  0|   9|           9|           2|
    |grp_fu_1637_p0             |        or|   0|  0|   9|           9|           3|
    |grp_fu_924_p0              |        or|   0|  0|   9|           9|           1|
    |grp_fu_936_p0              |        or|   0|  0|   9|           9|           2|
    |grp_fu_969_p0              |        or|   0|  0|   9|           9|           3|
    |grp_fu_980_p0              |        or|   0|  0|   9|           9|           3|
    |grp_fu_991_p0              |        or|   0|  0|   9|           9|           4|
    |or_ln64_10_fu_1025_p2      |        or|   0|  0|   9|           9|           4|
    |or_ln64_11_fu_1042_p2      |        or|   0|  0|   9|           9|           4|
    |or_ln64_12_fu_1059_p2      |        or|   0|  0|   9|           9|           4|
    |or_ln64_8_fu_942_p2        |        or|   0|  0|   9|           9|           4|
    |or_ln64_9_fu_1008_p2       |        or|   0|  0|   9|           9|           4|
    |ap_enable_pp0              |       xor|   0|  0|   2|           1|           2|
    +---------------------------+----------+----+---+----+------------+------------+
    |Total                      |          |   0|  0| 283|         204|         100|
    +---------------------------+----------+----+---+----+------------+------------+

    * Multiplexer: 
    +----------------------------------+----+-----------+-----+-----------+
    |               Name               | LUT| Input Size| Bits| Total Bits|
    +----------------------------------+----+-----------+-----+-----------+
    |ap_NS_fsm                         |  49|          9|    1|          9|
    |ap_done_int                       |   9|          2|    1|          2|
    |ap_enable_reg_pp0_iter0           |   9|          2|    1|          2|
    |ap_enable_reg_pp0_iter1           |   9|          2|    1|          2|
    |ap_enable_reg_pp0_iter3           |   9|          2|    1|          2|
    |ap_loop_exit_ready_pp0_iter1_reg  |   9|          2|    1|          2|
    |ap_loop_exit_ready_pp0_iter2_reg  |   9|          2|    1|          2|
    |ap_sig_allocacmp_i                |   9|          2|    9|         18|
    |ap_sig_allocacmp_indvar65_load    |   9|          2|    5|         10|
    |gmem1_blk_n_R                     |   9|          2|    1|          2|
    |i_1_fu_182                        |   9|          2|    9|         18|
    |indvar65_fu_186                   |   9|          2|    5|         10|
    |v1_1_address0                     |  49|          9|    7|         63|
    |v1_1_address1                     |  49|          9|    7|         63|
    |v1_1_d0                           |  49|          9|   32|        288|
    |v1_1_d1                           |  49|          9|   32|        288|
    |v1_2_address0                     |  49|          9|    7|         63|
    |v1_2_address1                     |  49|          9|    7|         63|
    |v1_2_d0                           |  49|          9|   32|        288|
    |v1_2_d1                           |  49|          9|   32|        288|
    |v1_3_address0                     |  49|          9|    7|         63|
    |v1_3_address1                     |  49|          9|    7|         63|
    |v1_3_d0                           |  49|          9|   32|        288|
    |v1_3_d1                           |  49|          9|   32|        288|
    |v1_4_address0                     |  49|          9|    7|         63|
    |v1_4_address1                     |  49|          9|    7|         63|
    |v1_4_d0                           |  49|          9|   32|        288|
    |v1_4_d1                           |  49|          9|   32|        288|
    |v1_address0                       |  49|          9|    7|         63|
    |v1_address1                       |  49|          9|    7|         63|
    |v1_d0                             |  49|          9|   32|        288|
    |v1_d1                             |  49|          9|   32|        288|
    +----------------------------------+----+-----------+-----+-----------+
    |Total                             |1128|        211|  426|       3589|
    +----------------------------------+----+-----------+-----+-----------+

    * Register: 
    +--------------------------------------+----+----+-----+-----------+
    |                 Name                 | FF | LUT| Bits| Const Bits|
    +--------------------------------------+----+----+-----+-----------+
    |ap_CS_fsm                             |   8|   0|    8|          0|
    |ap_done_reg                           |   1|   0|    1|          0|
    |ap_enable_reg_pp0_iter0_reg           |   1|   0|    1|          0|
    |ap_enable_reg_pp0_iter1               |   1|   0|    1|          0|
    |ap_enable_reg_pp0_iter2               |   1|   0|    1|          0|
    |ap_enable_reg_pp0_iter3               |   1|   0|    1|          0|
    |ap_loop_exit_ready_pp0_iter1_reg      |   1|   0|    1|          0|
    |ap_loop_exit_ready_pp0_iter2_reg      |   1|   0|    1|          0|
    |bitcast_ln65_12_reg_2154              |  32|   0|   32|          0|
    |bitcast_ln65_13_reg_2167              |  32|   0|   32|          0|
    |bitcast_ln65_14_reg_2180              |  32|   0|   32|          0|
    |bitcast_ln65_5_reg_2104               |  32|   0|   32|          0|
    |i_1_fu_182                            |   9|   0|    9|          0|
    |i_reg_1840                            |   9|   0|    9|          0|
    |i_reg_1840_pp0_iter1_reg              |   9|   0|    9|          0|
    |icmp_ln61_reg_1857                    |   1|   0|    1|          0|
    |icmp_ln64_1_reg_1907                  |   1|   0|    1|          0|
    |icmp_ln64_1_reg_1907_pp0_iter1_reg    |   1|   0|    1|          0|
    |icmp_ln64_2_reg_1917                  |   1|   0|    1|          0|
    |icmp_ln64_2_reg_1917_pp0_iter1_reg    |   1|   0|    1|          0|
    |icmp_ln64_3_reg_1927                  |   1|   0|    1|          0|
    |icmp_ln64_3_reg_1927_pp0_iter1_reg    |   1|   0|    1|          0|
    |icmp_ln64_4_reg_1937                  |   1|   0|    1|          0|
    |icmp_ln64_reg_1873                    |   1|   0|    1|          0|
    |indvar65_fu_186                       |   5|   0|    5|          0|
    |or_ln64_10_reg_1911                   |   7|   0|    9|          2|
    |or_ln64_11_reg_1921                   |   6|   0|    9|          3|
    |or_ln64_12_reg_1931                   |   6|   0|    9|          3|
    |or_ln64_1_reg_1867                    |   8|   0|    9|          1|
    |or_ln64_2_reg_2130                    |   7|   0|    9|          2|
    |or_ln64_3_reg_2136                    |   8|   0|    9|          1|
    |or_ln64_4_reg_1877                    |   7|   0|    9|          2|
    |or_ln64_5_reg_1883                    |   6|   0|    9|          3|
    |or_ln64_6_reg_1889                    |   8|   0|    9|          1|
    |or_ln64_7_reg_1895                    |   7|   0|    9|          2|
    |or_ln64_9_reg_1901                    |   6|   0|    9|          3|
    |or_ln64_reg_1861                      |   8|   0|    9|          1|
    |tmp_27_reg_1941                       |   7|   0|    7|          0|
    |tmp_28_reg_1946                       |   7|   0|    7|          0|
    |tmp_29_reg_2031                       |   7|   0|    7|          0|
    |tmp_30_reg_2036                       |   7|   0|    7|          0|
    |tmp_31_reg_2049                       |   7|   0|    7|          0|
    |tmp_32_reg_2054                       |   7|   0|    7|          0|
    |tmp_33_reg_2059                       |   7|   0|    7|          0|
    |tmp_34_reg_2072                       |   7|   0|    7|          0|
    |tmp_35_reg_2077                       |   7|   0|    7|          0|
    |tmp_36_reg_2090                       |   7|   0|    7|          0|
    |tmp_37_reg_2095                       |   7|   0|    7|          0|
    |tmp_38_reg_2117                       |   7|   0|    7|          0|
    |tmp_reg_2041                          |   7|   0|    7|          0|
    |tmp_reg_2041_pp0_iter2_reg            |   7|   0|    7|          0|
    |trunc_ln62_10_reg_2006                |  32|   0|   32|          0|
    |trunc_ln62_10_reg_2006_pp0_iter2_reg  |  32|   0|   32|          0|
    |trunc_ln62_11_reg_2011                |  32|   0|   32|          0|
    |trunc_ln62_12_reg_2016                |  32|   0|   32|          0|
    |trunc_ln62_13_reg_2021                |  32|   0|   32|          0|
    |trunc_ln62_13_reg_2021_pp0_iter2_reg  |  32|   0|   32|          0|
    |trunc_ln62_14_reg_2026                |  32|   0|   32|          0|
    |trunc_ln62_1_reg_1956                 |  32|   0|   32|          0|
    |trunc_ln62_2_reg_1961                 |  32|   0|   32|          0|
    |trunc_ln62_3_reg_1966                 |  32|   0|   32|          0|
    |trunc_ln62_4_reg_1971                 |  32|   0|   32|          0|
    |trunc_ln62_5_reg_1976                 |  32|   0|   32|          0|
    |trunc_ln62_6_reg_1981                 |  32|   0|   32|          0|
    |trunc_ln62_7_reg_1986                 |  32|   0|   32|          0|
    |trunc_ln62_8_reg_1991                 |  32|   0|   32|          0|
    |trunc_ln62_9_reg_1996                 |  32|   0|   32|          0|
    |trunc_ln62_reg_1951                   |  32|   0|   32|          0|
    |trunc_ln62_s_reg_2001                 |  32|   0|   32|          0|
    |trunc_ln62_s_reg_2001_pp0_iter2_reg   |  32|   0|   32|          0|
    |trunc_ln64_1_reg_2150                 |   3|   0|    3|          0|
    |trunc_ln64_2_reg_2163                 |   3|   0|    3|          0|
    |trunc_ln64_3_reg_2176                 |   3|   0|    3|          0|
    |trunc_ln64_reg_2146                   |   3|   0|    3|          0|
    |trunc_ln65_1_reg_2064                 |   3|   0|    3|          0|
    |trunc_ln65_2_reg_2068                 |   3|   0|    3|          0|
    |trunc_ln65_3_reg_2082                 |   3|   0|    3|          0|
    |trunc_ln65_4_reg_2086                 |   3|   0|    3|          0|
    |trunc_ln65_5_reg_2113                 |   3|   0|    3|          0|
    |trunc_ln65_6_reg_2122                 |   3|   0|    3|          0|
    |trunc_ln65_7_reg_2126                 |   3|   0|    3|          0|
    |trunc_ln65_8_reg_2142                 |   3|   0|    3|          0|
    |trunc_ln65_reg_2100                   |   3|   0|    3|          0|
    |trunc_ln65_reg_2100_pp0_iter2_reg     |   3|   0|    3|          0|
    |icmp_ln61_reg_1857                    |  64|  32|    1|          0|
    |icmp_ln64_4_reg_1937                  |  64|  32|    1|          0|
    |icmp_ln64_reg_1873                    |  64|  32|    1|          0|
    |trunc_ln62_14_reg_2026                |  64|  32|   32|          0|
    +--------------------------------------+----+----+-----+-----------+
    |Total                                 |1272| 128| 1075|         24|
    +--------------------------------------+----+----+-----+-----------+



================================================================
== Interface
================================================================
* Summary: 
+----------------------+-----+-----+------------+-------------------------------------+--------------+
|       RTL Ports      | Dir | Bits|  Protocol  |            Source Object            |    C Type    |
+----------------------+-----+-----+------------+-------------------------------------+--------------+
|ap_clk                |   in|    1|  ap_ctrl_hs|  kernel_nlp_Pipeline_VITIS_LOOP_61_4|  return value|
|ap_rst                |   in|    1|  ap_ctrl_hs|  kernel_nlp_Pipeline_VITIS_LOOP_61_4|  return value|
|ap_start              |   in|    1|  ap_ctrl_hs|  kernel_nlp_Pipeline_VITIS_LOOP_61_4|  return value|
|ap_done               |  out|    1|  ap_ctrl_hs|  kernel_nlp_Pipeline_VITIS_LOOP_61_4|  return value|
|ap_idle               |  out|    1|  ap_ctrl_hs|  kernel_nlp_Pipeline_VITIS_LOOP_61_4|  return value|
|ap_ready              |  out|    1|  ap_ctrl_hs|  kernel_nlp_Pipeline_VITIS_LOOP_61_4|  return value|
|m_axi_gmem1_AWVALID   |  out|    1|       m_axi|                                gmem1|       pointer|
|m_axi_gmem1_AWREADY   |   in|    1|       m_axi|                                gmem1|       pointer|
|m_axi_gmem1_AWADDR    |  out|   64|       m_axi|                                gmem1|       pointer|
|m_axi_gmem1_AWID      |  out|    1|       m_axi|                                gmem1|       pointer|
|m_axi_gmem1_AWLEN     |  out|   32|       m_axi|                                gmem1|       pointer|
|m_axi_gmem1_AWSIZE    |  out|    3|       m_axi|                                gmem1|       pointer|
|m_axi_gmem1_AWBURST   |  out|    2|       m_axi|                                gmem1|       pointer|
|m_axi_gmem1_AWLOCK    |  out|    2|       m_axi|                                gmem1|       pointer|
|m_axi_gmem1_AWCACHE   |  out|    4|       m_axi|                                gmem1|       pointer|
|m_axi_gmem1_AWPROT    |  out|    3|       m_axi|                                gmem1|       pointer|
|m_axi_gmem1_AWQOS     |  out|    4|       m_axi|                                gmem1|       pointer|
|m_axi_gmem1_AWREGION  |  out|    4|       m_axi|                                gmem1|       pointer|
|m_axi_gmem1_AWUSER    |  out|    1|       m_axi|                                gmem1|       pointer|
|m_axi_gmem1_WVALID    |  out|    1|       m_axi|                                gmem1|       pointer|
|m_axi_gmem1_WREADY    |   in|    1|       m_axi|                                gmem1|       pointer|
|m_axi_gmem1_WDATA     |  out|  512|       m_axi|                                gmem1|       pointer|
|m_axi_gmem1_WSTRB     |  out|   64|       m_axi|                                gmem1|       pointer|
|m_axi_gmem1_WLAST     |  out|    1|       m_axi|                                gmem1|       pointer|
|m_axi_gmem1_WID       |  out|    1|       m_axi|                                gmem1|       pointer|
|m_axi_gmem1_WUSER     |  out|    1|       m_axi|                                gmem1|       pointer|
|m_axi_gmem1_ARVALID   |  out|    1|       m_axi|                                gmem1|       pointer|
|m_axi_gmem1_ARREADY   |   in|    1|       m_axi|                                gmem1|       pointer|
|m_axi_gmem1_ARADDR    |  out|   64|       m_axi|                                gmem1|       pointer|
|m_axi_gmem1_ARID      |  out|    1|       m_axi|                                gmem1|       pointer|
|m_axi_gmem1_ARLEN     |  out|   32|       m_axi|                                gmem1|       pointer|
|m_axi_gmem1_ARSIZE    |  out|    3|       m_axi|                                gmem1|       pointer|
|m_axi_gmem1_ARBURST   |  out|    2|       m_axi|                                gmem1|       pointer|
|m_axi_gmem1_ARLOCK    |  out|    2|       m_axi|                                gmem1|       pointer|
|m_axi_gmem1_ARCACHE   |  out|    4|       m_axi|                                gmem1|       pointer|
|m_axi_gmem1_ARPROT    |  out|    3|       m_axi|                                gmem1|       pointer|
|m_axi_gmem1_ARQOS     |  out|    4|       m_axi|                                gmem1|       pointer|
|m_axi_gmem1_ARREGION  |  out|    4|       m_axi|                                gmem1|       pointer|
|m_axi_gmem1_ARUSER    |  out|    1|       m_axi|                                gmem1|       pointer|
|m_axi_gmem1_RVALID    |   in|    1|       m_axi|                                gmem1|       pointer|
|m_axi_gmem1_RREADY    |  out|    1|       m_axi|                                gmem1|       pointer|
|m_axi_gmem1_RDATA     |   in|  512|       m_axi|                                gmem1|       pointer|
|m_axi_gmem1_RLAST     |   in|    1|       m_axi|                                gmem1|       pointer|
|m_axi_gmem1_RID       |   in|    1|       m_axi|                                gmem1|       pointer|
|m_axi_gmem1_RFIFONUM  |   in|    9|       m_axi|                                gmem1|       pointer|
|m_axi_gmem1_RUSER     |   in|    1|       m_axi|                                gmem1|       pointer|
|m_axi_gmem1_RRESP     |   in|    2|       m_axi|                                gmem1|       pointer|
|m_axi_gmem1_BVALID    |   in|    1|       m_axi|                                gmem1|       pointer|
|m_axi_gmem1_BREADY    |  out|    1|       m_axi|                                gmem1|       pointer|
|m_axi_gmem1_BRESP     |   in|    2|       m_axi|                                gmem1|       pointer|
|m_axi_gmem1_BID       |   in|    1|       m_axi|                                gmem1|       pointer|
|m_axi_gmem1_BUSER     |   in|    1|       m_axi|                                gmem1|       pointer|
|v1_address0           |  out|    7|   ap_memory|                                   v1|         array|
|v1_ce0                |  out|    1|   ap_memory|                                   v1|         array|
|v1_we0                |  out|    1|   ap_memory|                                   v1|         array|
|v1_d0                 |  out|   32|   ap_memory|                                   v1|         array|
|v1_address1           |  out|    7|   ap_memory|                                   v1|         array|
|v1_ce1                |  out|    1|   ap_memory|                                   v1|         array|
|v1_we1                |  out|    1|   ap_memory|                                   v1|         array|
|v1_d1                 |  out|   32|   ap_memory|                                   v1|         array|
|v1_1_address0         |  out|    7|   ap_memory|                                 v1_1|         array|
|v1_1_ce0              |  out|    1|   ap_memory|                                 v1_1|         array|
|v1_1_we0              |  out|    1|   ap_memory|                                 v1_1|         array|
|v1_1_d0               |  out|   32|   ap_memory|                                 v1_1|         array|
|v1_1_address1         |  out|    7|   ap_memory|                                 v1_1|         array|
|v1_1_ce1              |  out|    1|   ap_memory|                                 v1_1|         array|
|v1_1_we1              |  out|    1|   ap_memory|                                 v1_1|         array|
|v1_1_d1               |  out|   32|   ap_memory|                                 v1_1|         array|
|v1_2_address0         |  out|    7|   ap_memory|                                 v1_2|         array|
|v1_2_ce0              |  out|    1|   ap_memory|                                 v1_2|         array|
|v1_2_we0              |  out|    1|   ap_memory|                                 v1_2|         array|
|v1_2_d0               |  out|   32|   ap_memory|                                 v1_2|         array|
|v1_2_address1         |  out|    7|   ap_memory|                                 v1_2|         array|
|v1_2_ce1              |  out|    1|   ap_memory|                                 v1_2|         array|
|v1_2_we1              |  out|    1|   ap_memory|                                 v1_2|         array|
|v1_2_d1               |  out|   32|   ap_memory|                                 v1_2|         array|
|v1_3_address0         |  out|    7|   ap_memory|                                 v1_3|         array|
|v1_3_ce0              |  out|    1|   ap_memory|                                 v1_3|         array|
|v1_3_we0              |  out|    1|   ap_memory|                                 v1_3|         array|
|v1_3_d0               |  out|   32|   ap_memory|                                 v1_3|         array|
|v1_3_address1         |  out|    7|   ap_memory|                                 v1_3|         array|
|v1_3_ce1              |  out|    1|   ap_memory|                                 v1_3|         array|
|v1_3_we1              |  out|    1|   ap_memory|                                 v1_3|         array|
|v1_3_d1               |  out|   32|   ap_memory|                                 v1_3|         array|
|v1_4_address0         |  out|    7|   ap_memory|                                 v1_4|         array|
|v1_4_ce0              |  out|    1|   ap_memory|                                 v1_4|         array|
|v1_4_we0              |  out|    1|   ap_memory|                                 v1_4|         array|
|v1_4_d0               |  out|   32|   ap_memory|                                 v1_4|         array|
|v1_4_address1         |  out|    7|   ap_memory|                                 v1_4|         array|
|v1_4_ce1              |  out|    1|   ap_memory|                                 v1_4|         array|
|v1_4_we1              |  out|    1|   ap_memory|                                 v1_4|         array|
|v1_4_d1               |  out|   32|   ap_memory|                                 v1_4|         array|
|sext_ln61             |   in|   58|     ap_none|                            sext_ln61|        scalar|
+----------------------+-----+-----+------------+-------------------------------------+--------------+

