

================================================================
== Vitis HLS Report for 'write_tmp_FT0'
================================================================
* Date:           Thu Dec 19 17:50:19 2024

* Version:        2023.2 (Build 4023990 on Oct 11 2023)
* Project:        kernel_nlp_slr0
* Solution:       solution (Vitis Kernel Flow Target)
* Product family: virtexuplusHBM
* Target device:  xcu55c-fsvh2892-2L-e


================================================================
== Performance Estimates
================================================================
+ Timing: 
    * Summary: 
    +--------+---------+----------+------------+
    |  Clock |  Target | Estimated| Uncertainty|
    +--------+---------+----------+------------+
    |ap_clk  |  4.55 ns|  2.016 ns|     1.23 ns|
    +--------+---------+----------+------------+

+ Latency: 
    * Summary: 
    +---------+---------+----------+-----------+-----+-----+---------+
    |  Latency (cycles) |  Latency (absolute)  |  Interval | Pipeline|
    |   min   |   max   |    min   |    max    | min | max |   Type  |
    +---------+---------+----------+-----------+-----+-----+---------+
    |        1|       10|  4.545 ns|  45.450 ns|    1|   10|       no|
    +---------+---------+----------+-----------+-----+-----+---------+

    + Detail: 
        * Instance: 
        +----------------------------------------------------+-----------------------------------------+---------+---------+-----------+-----------+-----+-----+---------+
        |                                                    |                                         |  Latency (cycles) |   Latency (absolute)  |  Interval | Pipeline|
        |                      Instance                      |                  Module                 |   min   |   max   |    min    |    max    | min | max |   Type  |
        +----------------------------------------------------+-----------------------------------------+---------+---------+-----------+-----------+-----+-----+---------+
        |grp_write_tmp_FT0_Pipeline_VITIS_LOOP_650_1_fu_490  |write_tmp_FT0_Pipeline_VITIS_LOOP_650_1  |        9|        9|  40.905 ns|  40.905 ns|    9|    9|       no|
        +----------------------------------------------------+-----------------------------------------+---------+---------+-----------+-----------+-----+-----+---------+

        * Loop: 
        N/A



================================================================
== Utilization Estimates
================================================================
* Summary: 
+---------------------+---------+------+---------+---------+-----+
|         Name        | BRAM_18K|  DSP |    FF   |   LUT   | URAM|
+---------------------+---------+------+---------+---------+-----+
|DSP                  |        -|     -|        -|        -|    -|
|Expression           |        -|     -|        0|        4|    -|
|FIFO                 |        -|     -|        -|        -|    -|
|Instance             |        -|     -|      265|      371|    -|
|Memory               |        -|     -|        -|        -|    -|
|Multiplexer          |        -|     -|        -|      536|    -|
|Register             |        -|     -|     1797|        -|    -|
+---------------------+---------+------+---------+---------+-----+
|Total                |        0|     0|     2062|      911|    0|
+---------------------+---------+------+---------+---------+-----+
|Available SLR        |     1344|  3008|   869120|   434560|  320|
+---------------------+---------+------+---------+---------+-----+
|Utilization SLR (%)  |        0|     0|       ~0|       ~0|    0|
+---------------------+---------+------+---------+---------+-----+
|Available            |     4032|  9024|  2607360|  1303680|  960|
+---------------------+---------+------+---------+---------+-----+
|Utilization (%)      |        0|     0|       ~0|       ~0|    0|
+---------------------+---------+------+---------+---------+-----+

+ Detail: 
    * Instance: 
    +----------------------------------------------------+-----------------------------------------+---------+----+-----+-----+-----+
    |                      Instance                      |                  Module                 | BRAM_18K| DSP|  FF | LUT | URAM|
    +----------------------------------------------------+-----------------------------------------+---------+----+-----+-----+-----+
    |grp_write_tmp_FT0_Pipeline_VITIS_LOOP_650_1_fu_490  |write_tmp_FT0_Pipeline_VITIS_LOOP_650_1  |        0|   0|  265|  371|    0|
    +----------------------------------------------------+-----------------------------------------+---------+----+-----+-----+-----+
    |Total                                               |                                         |        0|   0|  265|  371|    0|
    +----------------------------------------------------+-----------------------------------------+---------+----+-----+-----+-----+

    * DSP: 
    N/A

    * Memory: 
    N/A

    * FIFO: 
    N/A

    * Expression: 
    +---------------------------------+----------+----+---+----+------------+------------+
    |          Variable Name          | Operation| DSP| FF| LUT| Bitwidth P0| Bitwidth P1|
    +---------------------------------+----------+----+---+----+------------+------------+
    |ap_block_state2_on_subcall_done  |       and|   0|  0|   2|           1|           1|
    |ap_block_state1                  |        or|   0|  0|   2|           1|           1|
    +---------------------------------+----------+----+---+----+------------+------------+
    |Total                            |          |   0|  0|   4|           2|           2|
    +---------------------------------+----------+----+---+----+------------+------------+

    * Multiplexer: 
    +------------------------------------+----+-----------+-----+-----------+
    |                Name                | LUT| Input Size| Bits| Total Bits|
    +------------------------------------+----+-----------+-----+-----------+
    |ap_NS_fsm                           |  14|          3|    1|          3|
    |ap_done                             |   9|          2|    1|          2|
    |fifo_tmp_from_task1_to_task3_write  |   9|          2|    1|          2|
    |tmp_1_0_val3_blk_n                  |   9|          2|    1|          2|
    |tmp_1_10_val23_blk_n                |   9|          2|    1|          2|
    |tmp_1_11_val25_blk_n                |   9|          2|    1|          2|
    |tmp_1_12_val27_blk_n                |   9|          2|    1|          2|
    |tmp_1_13_val29_blk_n                |   9|          2|    1|          2|
    |tmp_1_14_val31_blk_n                |   9|          2|    1|          2|
    |tmp_1_15_val33_blk_n                |   9|          2|    1|          2|
    |tmp_1_16_val35_blk_n                |   9|          2|    1|          2|
    |tmp_1_17_val37_blk_n                |   9|          2|    1|          2|
    |tmp_1_18_val39_blk_n                |   9|          2|    1|          2|
    |tmp_1_19_val41_blk_n                |   9|          2|    1|          2|
    |tmp_1_1_val5_blk_n                  |   9|          2|    1|          2|
    |tmp_1_20_val43_blk_n                |   9|          2|    1|          2|
    |tmp_1_21_val45_blk_n                |   9|          2|    1|          2|
    |tmp_1_22_val47_blk_n                |   9|          2|    1|          2|
    |tmp_1_23_val49_blk_n                |   9|          2|    1|          2|
    |tmp_1_24_val51_blk_n                |   9|          2|    1|          2|
    |tmp_1_25_val53_blk_n                |   9|          2|    1|          2|
    |tmp_1_26_val55_blk_n                |   9|          2|    1|          2|
    |tmp_1_27_val57_blk_n                |   9|          2|    1|          2|
    |tmp_1_28_val59_blk_n                |   9|          2|    1|          2|
    |tmp_1_29_val61_blk_n                |   9|          2|    1|          2|
    |tmp_1_2_val7_blk_n                  |   9|          2|    1|          2|
    |tmp_1_30_val63_blk_n                |   9|          2|    1|          2|
    |tmp_1_31_val65_blk_n                |   9|          2|    1|          2|
    |tmp_1_32_val67_blk_n                |   9|          2|    1|          2|
    |tmp_1_33_val69_blk_n                |   9|          2|    1|          2|
    |tmp_1_34_val71_blk_n                |   9|          2|    1|          2|
    |tmp_1_35_val73_blk_n                |   9|          2|    1|          2|
    |tmp_1_36_val75_blk_n                |   9|          2|    1|          2|
    |tmp_1_37_val77_blk_n                |   9|          2|    1|          2|
    |tmp_1_38_val79_blk_n                |   9|          2|    1|          2|
    |tmp_1_39_val81_blk_n                |   9|          2|    1|          2|
    |tmp_1_3_val9_blk_n                  |   9|          2|    1|          2|
    |tmp_1_40_val83_blk_n                |   9|          2|    1|          2|
    |tmp_1_41_val85_blk_n                |   9|          2|    1|          2|
    |tmp_1_42_val87_blk_n                |   9|          2|    1|          2|
    |tmp_1_43_val89_blk_n                |   9|          2|    1|          2|
    |tmp_1_44_val91_blk_n                |   9|          2|    1|          2|
    |tmp_1_45_val93_blk_n                |   9|          2|    1|          2|
    |tmp_1_46_val95_blk_n                |   9|          2|    1|          2|
    |tmp_1_47_val97_blk_n                |   9|          2|    1|          2|
    |tmp_1_48_val99_blk_n                |   9|          2|    1|          2|
    |tmp_1_49_val101_blk_n               |   9|          2|    1|          2|
    |tmp_1_4_val11_blk_n                 |   9|          2|    1|          2|
    |tmp_1_50_val103_blk_n               |   9|          2|    1|          2|
    |tmp_1_51_val105_blk_n               |   9|          2|    1|          2|
    |tmp_1_52_val107_blk_n               |   9|          2|    1|          2|
    |tmp_1_53_val109_blk_n               |   9|          2|    1|          2|
    |tmp_1_54_val111_blk_n               |   9|          2|    1|          2|
    |tmp_1_55_val113_blk_n               |   9|          2|    1|          2|
    |tmp_1_5_val13_blk_n                 |   9|          2|    1|          2|
    |tmp_1_6_val15_blk_n                 |   9|          2|    1|          2|
    |tmp_1_7_val17_blk_n                 |   9|          2|    1|          2|
    |tmp_1_8_val19_blk_n                 |   9|          2|    1|          2|
    |tmp_1_9_val21_blk_n                 |   9|          2|    1|          2|
    +------------------------------------+----+-----------+-----+-----------+
    |Total                               | 536|        119|   59|        119|
    +------------------------------------+----+-----------+-----+-----------+

    * Register: 
    +-----------------------------------------------------------------+----+----+-----+-----------+
    |                               Name                              | FF | LUT| Bits| Const Bits|
    +-----------------------------------------------------------------+----+----+-----+-----------+
    |ap_CS_fsm                                                        |   2|   0|    2|          0|
    |ap_done_reg                                                      |   1|   0|    1|          0|
    |grp_write_tmp_FT0_Pipeline_VITIS_LOOP_650_1_fu_490_ap_start_reg  |   1|   0|    1|          0|
    |tmp_1_0_val3_read_reg_891                                        |  32|   0|   32|          0|
    |tmp_1_10_val23_read_reg_841                                      |  32|   0|   32|          0|
    |tmp_1_11_val25_read_reg_836                                      |  32|   0|   32|          0|
    |tmp_1_12_val27_read_reg_831                                      |  32|   0|   32|          0|
    |tmp_1_13_val29_read_reg_826                                      |  32|   0|   32|          0|
    |tmp_1_14_val31_read_reg_821                                      |  32|   0|   32|          0|
    |tmp_1_15_val33_read_reg_816                                      |  32|   0|   32|          0|
    |tmp_1_16_val35_read_reg_811                                      |  32|   0|   32|          0|
    |tmp_1_17_val37_read_reg_806                                      |  32|   0|   32|          0|
    |tmp_1_18_val39_read_reg_801                                      |  32|   0|   32|          0|
    |tmp_1_19_val41_read_reg_796                                      |  32|   0|   32|          0|
    |tmp_1_1_val5_read_reg_886                                        |  32|   0|   32|          0|
    |tmp_1_20_val43_read_reg_791                                      |  32|   0|   32|          0|
    |tmp_1_21_val45_read_reg_786                                      |  32|   0|   32|          0|
    |tmp_1_22_val47_read_reg_781                                      |  32|   0|   32|          0|
    |tmp_1_23_val49_read_reg_776                                      |  32|   0|   32|          0|
    |tmp_1_24_val51_read_reg_771                                      |  32|   0|   32|          0|
    |tmp_1_25_val53_read_reg_766                                      |  32|   0|   32|          0|
    |tmp_1_26_val55_read_reg_761                                      |  32|   0|   32|          0|
    |tmp_1_27_val57_read_reg_756                                      |  32|   0|   32|          0|
    |tmp_1_28_val59_read_reg_751                                      |  32|   0|   32|          0|
    |tmp_1_29_val61_read_reg_746                                      |  32|   0|   32|          0|
    |tmp_1_2_val7_read_reg_881                                        |  32|   0|   32|          0|
    |tmp_1_30_val63_read_reg_741                                      |  32|   0|   32|          0|
    |tmp_1_31_val65_read_reg_736                                      |  32|   0|   32|          0|
    |tmp_1_32_val67_read_reg_731                                      |  32|   0|   32|          0|
    |tmp_1_33_val69_read_reg_726                                      |  32|   0|   32|          0|
    |tmp_1_34_val71_read_reg_721                                      |  32|   0|   32|          0|
    |tmp_1_35_val73_read_reg_716                                      |  32|   0|   32|          0|
    |tmp_1_36_val75_read_reg_711                                      |  32|   0|   32|          0|
    |tmp_1_37_val77_read_reg_706                                      |  32|   0|   32|          0|
    |tmp_1_38_val79_read_reg_701                                      |  32|   0|   32|          0|
    |tmp_1_39_val81_read_reg_696                                      |  32|   0|   32|          0|
    |tmp_1_3_val9_read_reg_876                                        |  32|   0|   32|          0|
    |tmp_1_40_val83_read_reg_691                                      |  32|   0|   32|          0|
    |tmp_1_41_val85_read_reg_686                                      |  32|   0|   32|          0|
    |tmp_1_42_val87_read_reg_681                                      |  32|   0|   32|          0|
    |tmp_1_43_val89_read_reg_676                                      |  32|   0|   32|          0|
    |tmp_1_44_val91_read_reg_671                                      |  32|   0|   32|          0|
    |tmp_1_45_val93_read_reg_666                                      |  32|   0|   32|          0|
    |tmp_1_46_val95_read_reg_661                                      |  32|   0|   32|          0|
    |tmp_1_47_val97_read_reg_656                                      |  32|   0|   32|          0|
    |tmp_1_48_val99_read_reg_651                                      |  32|   0|   32|          0|
    |tmp_1_49_val101_read_reg_646                                     |  32|   0|   32|          0|
    |tmp_1_4_val11_read_reg_871                                       |  32|   0|   32|          0|
    |tmp_1_50_val103_read_reg_641                                     |  32|   0|   32|          0|
    |tmp_1_51_val105_read_reg_636                                     |  32|   0|   32|          0|
    |tmp_1_52_val107_read_reg_631                                     |  32|   0|   32|          0|
    |tmp_1_53_val109_read_reg_626                                     |  32|   0|   32|          0|
    |tmp_1_54_val111_read_reg_621                                     |  32|   0|   32|          0|
    |tmp_1_55_val113_read_reg_616                                     |  32|   0|   32|          0|
    |tmp_1_5_val13_read_reg_866                                       |  32|   0|   32|          0|
    |tmp_1_6_val15_read_reg_861                                       |  32|   0|   32|          0|
    |tmp_1_7_val17_read_reg_856                                       |  32|   0|   32|          0|
    |tmp_1_8_val19_read_reg_851                                       |  32|   0|   32|          0|
    |tmp_1_9_val21_read_reg_846                                       |  32|   0|   32|          0|
    |tmp_reg_896                                                      |   1|   0|    1|          0|
    +-----------------------------------------------------------------+----+----+-----+-----------+
    |Total                                                            |1797|   0| 1797|          0|
    +-----------------------------------------------------------------+----+----+-----+-----------+



================================================================
== Interface
================================================================
* Summary: 
+---------------------------------------------+-----+-----+------------+------------------------------+--------------+
|                  RTL Ports                  | Dir | Bits|  Protocol  |         Source Object        |    C Type    |
+---------------------------------------------+-----+-----+------------+------------------------------+--------------+
|ap_clk                                       |   in|    1|  ap_ctrl_hs|                 write_tmp_FT0|  return value|
|ap_rst                                       |   in|    1|  ap_ctrl_hs|                 write_tmp_FT0|  return value|
|ap_start                                     |   in|    1|  ap_ctrl_hs|                 write_tmp_FT0|  return value|
|ap_done                                      |  out|    1|  ap_ctrl_hs|                 write_tmp_FT0|  return value|
|ap_continue                                  |   in|    1|  ap_ctrl_hs|                 write_tmp_FT0|  return value|
|ap_idle                                      |  out|    1|  ap_ctrl_hs|                 write_tmp_FT0|  return value|
|ap_ready                                     |  out|    1|  ap_ctrl_hs|                 write_tmp_FT0|  return value|
|tmp_1_0_val3_dout                            |   in|   32|     ap_fifo|                  tmp_1_0_val3|       pointer|
|tmp_1_0_val3_num_data_valid                  |   in|    3|     ap_fifo|                  tmp_1_0_val3|       pointer|
|tmp_1_0_val3_fifo_cap                        |   in|    3|     ap_fifo|                  tmp_1_0_val3|       pointer|
|tmp_1_0_val3_empty_n                         |   in|    1|     ap_fifo|                  tmp_1_0_val3|       pointer|
|tmp_1_0_val3_read                            |  out|    1|     ap_fifo|                  tmp_1_0_val3|       pointer|
|tmp_1_1_val5_dout                            |   in|   32|     ap_fifo|                  tmp_1_1_val5|       pointer|
|tmp_1_1_val5_num_data_valid                  |   in|    3|     ap_fifo|                  tmp_1_1_val5|       pointer|
|tmp_1_1_val5_fifo_cap                        |   in|    3|     ap_fifo|                  tmp_1_1_val5|       pointer|
|tmp_1_1_val5_empty_n                         |   in|    1|     ap_fifo|                  tmp_1_1_val5|       pointer|
|tmp_1_1_val5_read                            |  out|    1|     ap_fifo|                  tmp_1_1_val5|       pointer|
|tmp_1_2_val7_dout                            |   in|   32|     ap_fifo|                  tmp_1_2_val7|       pointer|
|tmp_1_2_val7_num_data_valid                  |   in|    3|     ap_fifo|                  tmp_1_2_val7|       pointer|
|tmp_1_2_val7_fifo_cap                        |   in|    3|     ap_fifo|                  tmp_1_2_val7|       pointer|
|tmp_1_2_val7_empty_n                         |   in|    1|     ap_fifo|                  tmp_1_2_val7|       pointer|
|tmp_1_2_val7_read                            |  out|    1|     ap_fifo|                  tmp_1_2_val7|       pointer|
|tmp_1_3_val9_dout                            |   in|   32|     ap_fifo|                  tmp_1_3_val9|       pointer|
|tmp_1_3_val9_num_data_valid                  |   in|    3|     ap_fifo|                  tmp_1_3_val9|       pointer|
|tmp_1_3_val9_fifo_cap                        |   in|    3|     ap_fifo|                  tmp_1_3_val9|       pointer|
|tmp_1_3_val9_empty_n                         |   in|    1|     ap_fifo|                  tmp_1_3_val9|       pointer|
|tmp_1_3_val9_read                            |  out|    1|     ap_fifo|                  tmp_1_3_val9|       pointer|
|tmp_1_4_val11_dout                           |   in|   32|     ap_fifo|                 tmp_1_4_val11|       pointer|
|tmp_1_4_val11_num_data_valid                 |   in|    3|     ap_fifo|                 tmp_1_4_val11|       pointer|
|tmp_1_4_val11_fifo_cap                       |   in|    3|     ap_fifo|                 tmp_1_4_val11|       pointer|
|tmp_1_4_val11_empty_n                        |   in|    1|     ap_fifo|                 tmp_1_4_val11|       pointer|
|tmp_1_4_val11_read                           |  out|    1|     ap_fifo|                 tmp_1_4_val11|       pointer|
|tmp_1_5_val13_dout                           |   in|   32|     ap_fifo|                 tmp_1_5_val13|       pointer|
|tmp_1_5_val13_num_data_valid                 |   in|    3|     ap_fifo|                 tmp_1_5_val13|       pointer|
|tmp_1_5_val13_fifo_cap                       |   in|    3|     ap_fifo|                 tmp_1_5_val13|       pointer|
|tmp_1_5_val13_empty_n                        |   in|    1|     ap_fifo|                 tmp_1_5_val13|       pointer|
|tmp_1_5_val13_read                           |  out|    1|     ap_fifo|                 tmp_1_5_val13|       pointer|
|tmp_1_6_val15_dout                           |   in|   32|     ap_fifo|                 tmp_1_6_val15|       pointer|
|tmp_1_6_val15_num_data_valid                 |   in|    3|     ap_fifo|                 tmp_1_6_val15|       pointer|
|tmp_1_6_val15_fifo_cap                       |   in|    3|     ap_fifo|                 tmp_1_6_val15|       pointer|
|tmp_1_6_val15_empty_n                        |   in|    1|     ap_fifo|                 tmp_1_6_val15|       pointer|
|tmp_1_6_val15_read                           |  out|    1|     ap_fifo|                 tmp_1_6_val15|       pointer|
|tmp_1_7_val17_dout                           |   in|   32|     ap_fifo|                 tmp_1_7_val17|       pointer|
|tmp_1_7_val17_num_data_valid                 |   in|    3|     ap_fifo|                 tmp_1_7_val17|       pointer|
|tmp_1_7_val17_fifo_cap                       |   in|    3|     ap_fifo|                 tmp_1_7_val17|       pointer|
|tmp_1_7_val17_empty_n                        |   in|    1|     ap_fifo|                 tmp_1_7_val17|       pointer|
|tmp_1_7_val17_read                           |  out|    1|     ap_fifo|                 tmp_1_7_val17|       pointer|
|tmp_1_8_val19_dout                           |   in|   32|     ap_fifo|                 tmp_1_8_val19|       pointer|
|tmp_1_8_val19_num_data_valid                 |   in|    3|     ap_fifo|                 tmp_1_8_val19|       pointer|
|tmp_1_8_val19_fifo_cap                       |   in|    3|     ap_fifo|                 tmp_1_8_val19|       pointer|
|tmp_1_8_val19_empty_n                        |   in|    1|     ap_fifo|                 tmp_1_8_val19|       pointer|
|tmp_1_8_val19_read                           |  out|    1|     ap_fifo|                 tmp_1_8_val19|       pointer|
|tmp_1_9_val21_dout                           |   in|   32|     ap_fifo|                 tmp_1_9_val21|       pointer|
|tmp_1_9_val21_num_data_valid                 |   in|    3|     ap_fifo|                 tmp_1_9_val21|       pointer|
|tmp_1_9_val21_fifo_cap                       |   in|    3|     ap_fifo|                 tmp_1_9_val21|       pointer|
|tmp_1_9_val21_empty_n                        |   in|    1|     ap_fifo|                 tmp_1_9_val21|       pointer|
|tmp_1_9_val21_read                           |  out|    1|     ap_fifo|                 tmp_1_9_val21|       pointer|
|tmp_1_10_val23_dout                          |   in|   32|     ap_fifo|                tmp_1_10_val23|       pointer|
|tmp_1_10_val23_num_data_valid                |   in|    3|     ap_fifo|                tmp_1_10_val23|       pointer|
|tmp_1_10_val23_fifo_cap                      |   in|    3|     ap_fifo|                tmp_1_10_val23|       pointer|
|tmp_1_10_val23_empty_n                       |   in|    1|     ap_fifo|                tmp_1_10_val23|       pointer|
|tmp_1_10_val23_read                          |  out|    1|     ap_fifo|                tmp_1_10_val23|       pointer|
|tmp_1_11_val25_dout                          |   in|   32|     ap_fifo|                tmp_1_11_val25|       pointer|
|tmp_1_11_val25_num_data_valid                |   in|    3|     ap_fifo|                tmp_1_11_val25|       pointer|
|tmp_1_11_val25_fifo_cap                      |   in|    3|     ap_fifo|                tmp_1_11_val25|       pointer|
|tmp_1_11_val25_empty_n                       |   in|    1|     ap_fifo|                tmp_1_11_val25|       pointer|
|tmp_1_11_val25_read                          |  out|    1|     ap_fifo|                tmp_1_11_val25|       pointer|
|tmp_1_12_val27_dout                          |   in|   32|     ap_fifo|                tmp_1_12_val27|       pointer|
|tmp_1_12_val27_num_data_valid                |   in|    3|     ap_fifo|                tmp_1_12_val27|       pointer|
|tmp_1_12_val27_fifo_cap                      |   in|    3|     ap_fifo|                tmp_1_12_val27|       pointer|
|tmp_1_12_val27_empty_n                       |   in|    1|     ap_fifo|                tmp_1_12_val27|       pointer|
|tmp_1_12_val27_read                          |  out|    1|     ap_fifo|                tmp_1_12_val27|       pointer|
|tmp_1_13_val29_dout                          |   in|   32|     ap_fifo|                tmp_1_13_val29|       pointer|
|tmp_1_13_val29_num_data_valid                |   in|    3|     ap_fifo|                tmp_1_13_val29|       pointer|
|tmp_1_13_val29_fifo_cap                      |   in|    3|     ap_fifo|                tmp_1_13_val29|       pointer|
|tmp_1_13_val29_empty_n                       |   in|    1|     ap_fifo|                tmp_1_13_val29|       pointer|
|tmp_1_13_val29_read                          |  out|    1|     ap_fifo|                tmp_1_13_val29|       pointer|
|tmp_1_14_val31_dout                          |   in|   32|     ap_fifo|                tmp_1_14_val31|       pointer|
|tmp_1_14_val31_num_data_valid                |   in|    3|     ap_fifo|                tmp_1_14_val31|       pointer|
|tmp_1_14_val31_fifo_cap                      |   in|    3|     ap_fifo|                tmp_1_14_val31|       pointer|
|tmp_1_14_val31_empty_n                       |   in|    1|     ap_fifo|                tmp_1_14_val31|       pointer|
|tmp_1_14_val31_read                          |  out|    1|     ap_fifo|                tmp_1_14_val31|       pointer|
|tmp_1_15_val33_dout                          |   in|   32|     ap_fifo|                tmp_1_15_val33|       pointer|
|tmp_1_15_val33_num_data_valid                |   in|    3|     ap_fifo|                tmp_1_15_val33|       pointer|
|tmp_1_15_val33_fifo_cap                      |   in|    3|     ap_fifo|                tmp_1_15_val33|       pointer|
|tmp_1_15_val33_empty_n                       |   in|    1|     ap_fifo|                tmp_1_15_val33|       pointer|
|tmp_1_15_val33_read                          |  out|    1|     ap_fifo|                tmp_1_15_val33|       pointer|
|tmp_1_16_val35_dout                          |   in|   32|     ap_fifo|                tmp_1_16_val35|       pointer|
|tmp_1_16_val35_num_data_valid                |   in|    3|     ap_fifo|                tmp_1_16_val35|       pointer|
|tmp_1_16_val35_fifo_cap                      |   in|    3|     ap_fifo|                tmp_1_16_val35|       pointer|
|tmp_1_16_val35_empty_n                       |   in|    1|     ap_fifo|                tmp_1_16_val35|       pointer|
|tmp_1_16_val35_read                          |  out|    1|     ap_fifo|                tmp_1_16_val35|       pointer|
|tmp_1_17_val37_dout                          |   in|   32|     ap_fifo|                tmp_1_17_val37|       pointer|
|tmp_1_17_val37_num_data_valid                |   in|    3|     ap_fifo|                tmp_1_17_val37|       pointer|
|tmp_1_17_val37_fifo_cap                      |   in|    3|     ap_fifo|                tmp_1_17_val37|       pointer|
|tmp_1_17_val37_empty_n                       |   in|    1|     ap_fifo|                tmp_1_17_val37|       pointer|
|tmp_1_17_val37_read                          |  out|    1|     ap_fifo|                tmp_1_17_val37|       pointer|
|tmp_1_18_val39_dout                          |   in|   32|     ap_fifo|                tmp_1_18_val39|       pointer|
|tmp_1_18_val39_num_data_valid                |   in|    3|     ap_fifo|                tmp_1_18_val39|       pointer|
|tmp_1_18_val39_fifo_cap                      |   in|    3|     ap_fifo|                tmp_1_18_val39|       pointer|
|tmp_1_18_val39_empty_n                       |   in|    1|     ap_fifo|                tmp_1_18_val39|       pointer|
|tmp_1_18_val39_read                          |  out|    1|     ap_fifo|                tmp_1_18_val39|       pointer|
|tmp_1_19_val41_dout                          |   in|   32|     ap_fifo|                tmp_1_19_val41|       pointer|
|tmp_1_19_val41_num_data_valid                |   in|    3|     ap_fifo|                tmp_1_19_val41|       pointer|
|tmp_1_19_val41_fifo_cap                      |   in|    3|     ap_fifo|                tmp_1_19_val41|       pointer|
|tmp_1_19_val41_empty_n                       |   in|    1|     ap_fifo|                tmp_1_19_val41|       pointer|
|tmp_1_19_val41_read                          |  out|    1|     ap_fifo|                tmp_1_19_val41|       pointer|
|tmp_1_20_val43_dout                          |   in|   32|     ap_fifo|                tmp_1_20_val43|       pointer|
|tmp_1_20_val43_num_data_valid                |   in|    3|     ap_fifo|                tmp_1_20_val43|       pointer|
|tmp_1_20_val43_fifo_cap                      |   in|    3|     ap_fifo|                tmp_1_20_val43|       pointer|
|tmp_1_20_val43_empty_n                       |   in|    1|     ap_fifo|                tmp_1_20_val43|       pointer|
|tmp_1_20_val43_read                          |  out|    1|     ap_fifo|                tmp_1_20_val43|       pointer|
|tmp_1_21_val45_dout                          |   in|   32|     ap_fifo|                tmp_1_21_val45|       pointer|
|tmp_1_21_val45_num_data_valid                |   in|    3|     ap_fifo|                tmp_1_21_val45|       pointer|
|tmp_1_21_val45_fifo_cap                      |   in|    3|     ap_fifo|                tmp_1_21_val45|       pointer|
|tmp_1_21_val45_empty_n                       |   in|    1|     ap_fifo|                tmp_1_21_val45|       pointer|
|tmp_1_21_val45_read                          |  out|    1|     ap_fifo|                tmp_1_21_val45|       pointer|
|tmp_1_22_val47_dout                          |   in|   32|     ap_fifo|                tmp_1_22_val47|       pointer|
|tmp_1_22_val47_num_data_valid                |   in|    3|     ap_fifo|                tmp_1_22_val47|       pointer|
|tmp_1_22_val47_fifo_cap                      |   in|    3|     ap_fifo|                tmp_1_22_val47|       pointer|
|tmp_1_22_val47_empty_n                       |   in|    1|     ap_fifo|                tmp_1_22_val47|       pointer|
|tmp_1_22_val47_read                          |  out|    1|     ap_fifo|                tmp_1_22_val47|       pointer|
|tmp_1_23_val49_dout                          |   in|   32|     ap_fifo|                tmp_1_23_val49|       pointer|
|tmp_1_23_val49_num_data_valid                |   in|    3|     ap_fifo|                tmp_1_23_val49|       pointer|
|tmp_1_23_val49_fifo_cap                      |   in|    3|     ap_fifo|                tmp_1_23_val49|       pointer|
|tmp_1_23_val49_empty_n                       |   in|    1|     ap_fifo|                tmp_1_23_val49|       pointer|
|tmp_1_23_val49_read                          |  out|    1|     ap_fifo|                tmp_1_23_val49|       pointer|
|tmp_1_24_val51_dout                          |   in|   32|     ap_fifo|                tmp_1_24_val51|       pointer|
|tmp_1_24_val51_num_data_valid                |   in|    3|     ap_fifo|                tmp_1_24_val51|       pointer|
|tmp_1_24_val51_fifo_cap                      |   in|    3|     ap_fifo|                tmp_1_24_val51|       pointer|
|tmp_1_24_val51_empty_n                       |   in|    1|     ap_fifo|                tmp_1_24_val51|       pointer|
|tmp_1_24_val51_read                          |  out|    1|     ap_fifo|                tmp_1_24_val51|       pointer|
|tmp_1_25_val53_dout                          |   in|   32|     ap_fifo|                tmp_1_25_val53|       pointer|
|tmp_1_25_val53_num_data_valid                |   in|    3|     ap_fifo|                tmp_1_25_val53|       pointer|
|tmp_1_25_val53_fifo_cap                      |   in|    3|     ap_fifo|                tmp_1_25_val53|       pointer|
|tmp_1_25_val53_empty_n                       |   in|    1|     ap_fifo|                tmp_1_25_val53|       pointer|
|tmp_1_25_val53_read                          |  out|    1|     ap_fifo|                tmp_1_25_val53|       pointer|
|tmp_1_26_val55_dout                          |   in|   32|     ap_fifo|                tmp_1_26_val55|       pointer|
|tmp_1_26_val55_num_data_valid                |   in|    3|     ap_fifo|                tmp_1_26_val55|       pointer|
|tmp_1_26_val55_fifo_cap                      |   in|    3|     ap_fifo|                tmp_1_26_val55|       pointer|
|tmp_1_26_val55_empty_n                       |   in|    1|     ap_fifo|                tmp_1_26_val55|       pointer|
|tmp_1_26_val55_read                          |  out|    1|     ap_fifo|                tmp_1_26_val55|       pointer|
|tmp_1_27_val57_dout                          |   in|   32|     ap_fifo|                tmp_1_27_val57|       pointer|
|tmp_1_27_val57_num_data_valid                |   in|    3|     ap_fifo|                tmp_1_27_val57|       pointer|
|tmp_1_27_val57_fifo_cap                      |   in|    3|     ap_fifo|                tmp_1_27_val57|       pointer|
|tmp_1_27_val57_empty_n                       |   in|    1|     ap_fifo|                tmp_1_27_val57|       pointer|
|tmp_1_27_val57_read                          |  out|    1|     ap_fifo|                tmp_1_27_val57|       pointer|
|tmp_1_28_val59_dout                          |   in|   32|     ap_fifo|                tmp_1_28_val59|       pointer|
|tmp_1_28_val59_num_data_valid                |   in|    3|     ap_fifo|                tmp_1_28_val59|       pointer|
|tmp_1_28_val59_fifo_cap                      |   in|    3|     ap_fifo|                tmp_1_28_val59|       pointer|
|tmp_1_28_val59_empty_n                       |   in|    1|     ap_fifo|                tmp_1_28_val59|       pointer|
|tmp_1_28_val59_read                          |  out|    1|     ap_fifo|                tmp_1_28_val59|       pointer|
|tmp_1_29_val61_dout                          |   in|   32|     ap_fifo|                tmp_1_29_val61|       pointer|
|tmp_1_29_val61_num_data_valid                |   in|    3|     ap_fifo|                tmp_1_29_val61|       pointer|
|tmp_1_29_val61_fifo_cap                      |   in|    3|     ap_fifo|                tmp_1_29_val61|       pointer|
|tmp_1_29_val61_empty_n                       |   in|    1|     ap_fifo|                tmp_1_29_val61|       pointer|
|tmp_1_29_val61_read                          |  out|    1|     ap_fifo|                tmp_1_29_val61|       pointer|
|tmp_1_30_val63_dout                          |   in|   32|     ap_fifo|                tmp_1_30_val63|       pointer|
|tmp_1_30_val63_num_data_valid                |   in|    3|     ap_fifo|                tmp_1_30_val63|       pointer|
|tmp_1_30_val63_fifo_cap                      |   in|    3|     ap_fifo|                tmp_1_30_val63|       pointer|
|tmp_1_30_val63_empty_n                       |   in|    1|     ap_fifo|                tmp_1_30_val63|       pointer|
|tmp_1_30_val63_read                          |  out|    1|     ap_fifo|                tmp_1_30_val63|       pointer|
|tmp_1_31_val65_dout                          |   in|   32|     ap_fifo|                tmp_1_31_val65|       pointer|
|tmp_1_31_val65_num_data_valid                |   in|    3|     ap_fifo|                tmp_1_31_val65|       pointer|
|tmp_1_31_val65_fifo_cap                      |   in|    3|     ap_fifo|                tmp_1_31_val65|       pointer|
|tmp_1_31_val65_empty_n                       |   in|    1|     ap_fifo|                tmp_1_31_val65|       pointer|
|tmp_1_31_val65_read                          |  out|    1|     ap_fifo|                tmp_1_31_val65|       pointer|
|tmp_1_32_val67_dout                          |   in|   32|     ap_fifo|                tmp_1_32_val67|       pointer|
|tmp_1_32_val67_num_data_valid                |   in|    3|     ap_fifo|                tmp_1_32_val67|       pointer|
|tmp_1_32_val67_fifo_cap                      |   in|    3|     ap_fifo|                tmp_1_32_val67|       pointer|
|tmp_1_32_val67_empty_n                       |   in|    1|     ap_fifo|                tmp_1_32_val67|       pointer|
|tmp_1_32_val67_read                          |  out|    1|     ap_fifo|                tmp_1_32_val67|       pointer|
|tmp_1_33_val69_dout                          |   in|   32|     ap_fifo|                tmp_1_33_val69|       pointer|
|tmp_1_33_val69_num_data_valid                |   in|    3|     ap_fifo|                tmp_1_33_val69|       pointer|
|tmp_1_33_val69_fifo_cap                      |   in|    3|     ap_fifo|                tmp_1_33_val69|       pointer|
|tmp_1_33_val69_empty_n                       |   in|    1|     ap_fifo|                tmp_1_33_val69|       pointer|
|tmp_1_33_val69_read                          |  out|    1|     ap_fifo|                tmp_1_33_val69|       pointer|
|tmp_1_34_val71_dout                          |   in|   32|     ap_fifo|                tmp_1_34_val71|       pointer|
|tmp_1_34_val71_num_data_valid                |   in|    3|     ap_fifo|                tmp_1_34_val71|       pointer|
|tmp_1_34_val71_fifo_cap                      |   in|    3|     ap_fifo|                tmp_1_34_val71|       pointer|
|tmp_1_34_val71_empty_n                       |   in|    1|     ap_fifo|                tmp_1_34_val71|       pointer|
|tmp_1_34_val71_read                          |  out|    1|     ap_fifo|                tmp_1_34_val71|       pointer|
|tmp_1_35_val73_dout                          |   in|   32|     ap_fifo|                tmp_1_35_val73|       pointer|
|tmp_1_35_val73_num_data_valid                |   in|    3|     ap_fifo|                tmp_1_35_val73|       pointer|
|tmp_1_35_val73_fifo_cap                      |   in|    3|     ap_fifo|                tmp_1_35_val73|       pointer|
|tmp_1_35_val73_empty_n                       |   in|    1|     ap_fifo|                tmp_1_35_val73|       pointer|
|tmp_1_35_val73_read                          |  out|    1|     ap_fifo|                tmp_1_35_val73|       pointer|
|tmp_1_36_val75_dout                          |   in|   32|     ap_fifo|                tmp_1_36_val75|       pointer|
|tmp_1_36_val75_num_data_valid                |   in|    3|     ap_fifo|                tmp_1_36_val75|       pointer|
|tmp_1_36_val75_fifo_cap                      |   in|    3|     ap_fifo|                tmp_1_36_val75|       pointer|
|tmp_1_36_val75_empty_n                       |   in|    1|     ap_fifo|                tmp_1_36_val75|       pointer|
|tmp_1_36_val75_read                          |  out|    1|     ap_fifo|                tmp_1_36_val75|       pointer|
|tmp_1_37_val77_dout                          |   in|   32|     ap_fifo|                tmp_1_37_val77|       pointer|
|tmp_1_37_val77_num_data_valid                |   in|    3|     ap_fifo|                tmp_1_37_val77|       pointer|
|tmp_1_37_val77_fifo_cap                      |   in|    3|     ap_fifo|                tmp_1_37_val77|       pointer|
|tmp_1_37_val77_empty_n                       |   in|    1|     ap_fifo|                tmp_1_37_val77|       pointer|
|tmp_1_37_val77_read                          |  out|    1|     ap_fifo|                tmp_1_37_val77|       pointer|
|tmp_1_38_val79_dout                          |   in|   32|     ap_fifo|                tmp_1_38_val79|       pointer|
|tmp_1_38_val79_num_data_valid                |   in|    3|     ap_fifo|                tmp_1_38_val79|       pointer|
|tmp_1_38_val79_fifo_cap                      |   in|    3|     ap_fifo|                tmp_1_38_val79|       pointer|
|tmp_1_38_val79_empty_n                       |   in|    1|     ap_fifo|                tmp_1_38_val79|       pointer|
|tmp_1_38_val79_read                          |  out|    1|     ap_fifo|                tmp_1_38_val79|       pointer|
|tmp_1_39_val81_dout                          |   in|   32|     ap_fifo|                tmp_1_39_val81|       pointer|
|tmp_1_39_val81_num_data_valid                |   in|    3|     ap_fifo|                tmp_1_39_val81|       pointer|
|tmp_1_39_val81_fifo_cap                      |   in|    3|     ap_fifo|                tmp_1_39_val81|       pointer|
|tmp_1_39_val81_empty_n                       |   in|    1|     ap_fifo|                tmp_1_39_val81|       pointer|
|tmp_1_39_val81_read                          |  out|    1|     ap_fifo|                tmp_1_39_val81|       pointer|
|tmp_1_40_val83_dout                          |   in|   32|     ap_fifo|                tmp_1_40_val83|       pointer|
|tmp_1_40_val83_num_data_valid                |   in|    3|     ap_fifo|                tmp_1_40_val83|       pointer|
|tmp_1_40_val83_fifo_cap                      |   in|    3|     ap_fifo|                tmp_1_40_val83|       pointer|
|tmp_1_40_val83_empty_n                       |   in|    1|     ap_fifo|                tmp_1_40_val83|       pointer|
|tmp_1_40_val83_read                          |  out|    1|     ap_fifo|                tmp_1_40_val83|       pointer|
|tmp_1_41_val85_dout                          |   in|   32|     ap_fifo|                tmp_1_41_val85|       pointer|
|tmp_1_41_val85_num_data_valid                |   in|    3|     ap_fifo|                tmp_1_41_val85|       pointer|
|tmp_1_41_val85_fifo_cap                      |   in|    3|     ap_fifo|                tmp_1_41_val85|       pointer|
|tmp_1_41_val85_empty_n                       |   in|    1|     ap_fifo|                tmp_1_41_val85|       pointer|
|tmp_1_41_val85_read                          |  out|    1|     ap_fifo|                tmp_1_41_val85|       pointer|
|tmp_1_42_val87_dout                          |   in|   32|     ap_fifo|                tmp_1_42_val87|       pointer|
|tmp_1_42_val87_num_data_valid                |   in|    3|     ap_fifo|                tmp_1_42_val87|       pointer|
|tmp_1_42_val87_fifo_cap                      |   in|    3|     ap_fifo|                tmp_1_42_val87|       pointer|
|tmp_1_42_val87_empty_n                       |   in|    1|     ap_fifo|                tmp_1_42_val87|       pointer|
|tmp_1_42_val87_read                          |  out|    1|     ap_fifo|                tmp_1_42_val87|       pointer|
|tmp_1_43_val89_dout                          |   in|   32|     ap_fifo|                tmp_1_43_val89|       pointer|
|tmp_1_43_val89_num_data_valid                |   in|    3|     ap_fifo|                tmp_1_43_val89|       pointer|
|tmp_1_43_val89_fifo_cap                      |   in|    3|     ap_fifo|                tmp_1_43_val89|       pointer|
|tmp_1_43_val89_empty_n                       |   in|    1|     ap_fifo|                tmp_1_43_val89|       pointer|
|tmp_1_43_val89_read                          |  out|    1|     ap_fifo|                tmp_1_43_val89|       pointer|
|tmp_1_44_val91_dout                          |   in|   32|     ap_fifo|                tmp_1_44_val91|       pointer|
|tmp_1_44_val91_num_data_valid                |   in|    3|     ap_fifo|                tmp_1_44_val91|       pointer|
|tmp_1_44_val91_fifo_cap                      |   in|    3|     ap_fifo|                tmp_1_44_val91|       pointer|
|tmp_1_44_val91_empty_n                       |   in|    1|     ap_fifo|                tmp_1_44_val91|       pointer|
|tmp_1_44_val91_read                          |  out|    1|     ap_fifo|                tmp_1_44_val91|       pointer|
|tmp_1_45_val93_dout                          |   in|   32|     ap_fifo|                tmp_1_45_val93|       pointer|
|tmp_1_45_val93_num_data_valid                |   in|    3|     ap_fifo|                tmp_1_45_val93|       pointer|
|tmp_1_45_val93_fifo_cap                      |   in|    3|     ap_fifo|                tmp_1_45_val93|       pointer|
|tmp_1_45_val93_empty_n                       |   in|    1|     ap_fifo|                tmp_1_45_val93|       pointer|
|tmp_1_45_val93_read                          |  out|    1|     ap_fifo|                tmp_1_45_val93|       pointer|
|tmp_1_46_val95_dout                          |   in|   32|     ap_fifo|                tmp_1_46_val95|       pointer|
|tmp_1_46_val95_num_data_valid                |   in|    3|     ap_fifo|                tmp_1_46_val95|       pointer|
|tmp_1_46_val95_fifo_cap                      |   in|    3|     ap_fifo|                tmp_1_46_val95|       pointer|
|tmp_1_46_val95_empty_n                       |   in|    1|     ap_fifo|                tmp_1_46_val95|       pointer|
|tmp_1_46_val95_read                          |  out|    1|     ap_fifo|                tmp_1_46_val95|       pointer|
|tmp_1_47_val97_dout                          |   in|   32|     ap_fifo|                tmp_1_47_val97|       pointer|
|tmp_1_47_val97_num_data_valid                |   in|    3|     ap_fifo|                tmp_1_47_val97|       pointer|
|tmp_1_47_val97_fifo_cap                      |   in|    3|     ap_fifo|                tmp_1_47_val97|       pointer|
|tmp_1_47_val97_empty_n                       |   in|    1|     ap_fifo|                tmp_1_47_val97|       pointer|
|tmp_1_47_val97_read                          |  out|    1|     ap_fifo|                tmp_1_47_val97|       pointer|
|tmp_1_48_val99_dout                          |   in|   32|     ap_fifo|                tmp_1_48_val99|       pointer|
|tmp_1_48_val99_num_data_valid                |   in|    3|     ap_fifo|                tmp_1_48_val99|       pointer|
|tmp_1_48_val99_fifo_cap                      |   in|    3|     ap_fifo|                tmp_1_48_val99|       pointer|
|tmp_1_48_val99_empty_n                       |   in|    1|     ap_fifo|                tmp_1_48_val99|       pointer|
|tmp_1_48_val99_read                          |  out|    1|     ap_fifo|                tmp_1_48_val99|       pointer|
|tmp_1_49_val101_dout                         |   in|   32|     ap_fifo|               tmp_1_49_val101|       pointer|
|tmp_1_49_val101_num_data_valid               |   in|    3|     ap_fifo|               tmp_1_49_val101|       pointer|
|tmp_1_49_val101_fifo_cap                     |   in|    3|     ap_fifo|               tmp_1_49_val101|       pointer|
|tmp_1_49_val101_empty_n                      |   in|    1|     ap_fifo|               tmp_1_49_val101|       pointer|
|tmp_1_49_val101_read                         |  out|    1|     ap_fifo|               tmp_1_49_val101|       pointer|
|tmp_1_50_val103_dout                         |   in|   32|     ap_fifo|               tmp_1_50_val103|       pointer|
|tmp_1_50_val103_num_data_valid               |   in|    3|     ap_fifo|               tmp_1_50_val103|       pointer|
|tmp_1_50_val103_fifo_cap                     |   in|    3|     ap_fifo|               tmp_1_50_val103|       pointer|
|tmp_1_50_val103_empty_n                      |   in|    1|     ap_fifo|               tmp_1_50_val103|       pointer|
|tmp_1_50_val103_read                         |  out|    1|     ap_fifo|               tmp_1_50_val103|       pointer|
|tmp_1_51_val105_dout                         |   in|   32|     ap_fifo|               tmp_1_51_val105|       pointer|
|tmp_1_51_val105_num_data_valid               |   in|    3|     ap_fifo|               tmp_1_51_val105|       pointer|
|tmp_1_51_val105_fifo_cap                     |   in|    3|     ap_fifo|               tmp_1_51_val105|       pointer|
|tmp_1_51_val105_empty_n                      |   in|    1|     ap_fifo|               tmp_1_51_val105|       pointer|
|tmp_1_51_val105_read                         |  out|    1|     ap_fifo|               tmp_1_51_val105|       pointer|
|tmp_1_52_val107_dout                         |   in|   32|     ap_fifo|               tmp_1_52_val107|       pointer|
|tmp_1_52_val107_num_data_valid               |   in|    3|     ap_fifo|               tmp_1_52_val107|       pointer|
|tmp_1_52_val107_fifo_cap                     |   in|    3|     ap_fifo|               tmp_1_52_val107|       pointer|
|tmp_1_52_val107_empty_n                      |   in|    1|     ap_fifo|               tmp_1_52_val107|       pointer|
|tmp_1_52_val107_read                         |  out|    1|     ap_fifo|               tmp_1_52_val107|       pointer|
|tmp_1_53_val109_dout                         |   in|   32|     ap_fifo|               tmp_1_53_val109|       pointer|
|tmp_1_53_val109_num_data_valid               |   in|    3|     ap_fifo|               tmp_1_53_val109|       pointer|
|tmp_1_53_val109_fifo_cap                     |   in|    3|     ap_fifo|               tmp_1_53_val109|       pointer|
|tmp_1_53_val109_empty_n                      |   in|    1|     ap_fifo|               tmp_1_53_val109|       pointer|
|tmp_1_53_val109_read                         |  out|    1|     ap_fifo|               tmp_1_53_val109|       pointer|
|tmp_1_54_val111_dout                         |   in|   32|     ap_fifo|               tmp_1_54_val111|       pointer|
|tmp_1_54_val111_num_data_valid               |   in|    3|     ap_fifo|               tmp_1_54_val111|       pointer|
|tmp_1_54_val111_fifo_cap                     |   in|    3|     ap_fifo|               tmp_1_54_val111|       pointer|
|tmp_1_54_val111_empty_n                      |   in|    1|     ap_fifo|               tmp_1_54_val111|       pointer|
|tmp_1_54_val111_read                         |  out|    1|     ap_fifo|               tmp_1_54_val111|       pointer|
|tmp_1_55_val113_dout                         |   in|   32|     ap_fifo|               tmp_1_55_val113|       pointer|
|tmp_1_55_val113_num_data_valid               |   in|    3|     ap_fifo|               tmp_1_55_val113|       pointer|
|tmp_1_55_val113_fifo_cap                     |   in|    3|     ap_fifo|               tmp_1_55_val113|       pointer|
|tmp_1_55_val113_empty_n                      |   in|    1|     ap_fifo|               tmp_1_55_val113|       pointer|
|tmp_1_55_val113_read                         |  out|    1|     ap_fifo|               tmp_1_55_val113|       pointer|
|fifo_tmp_from_task1_to_task3_din             |  out|  256|     ap_fifo|  fifo_tmp_from_task1_to_task3|       pointer|
|fifo_tmp_from_task1_to_task3_num_data_valid  |   in|   11|     ap_fifo|  fifo_tmp_from_task1_to_task3|       pointer|
|fifo_tmp_from_task1_to_task3_fifo_cap        |   in|   11|     ap_fifo|  fifo_tmp_from_task1_to_task3|       pointer|
|fifo_tmp_from_task1_to_task3_full_n          |   in|    1|     ap_fifo|  fifo_tmp_from_task1_to_task3|       pointer|
|fifo_tmp_from_task1_to_task3_write           |  out|    1|     ap_fifo|  fifo_tmp_from_task1_to_task3|       pointer|
|p_read                                       |   in|    4|     ap_none|                        p_read|        scalar|
+---------------------------------------------+-----+-----+------------+------------------------------+--------------+

