

================================================================
== Vitis HLS Report for 'read_E_FT2_2'
================================================================
* Date:           Fri Jan 10 12:37:02 2025

* Version:        2023.2 (Build 4023990 on Oct 11 2023)
* Project:        kernel_nlp_slr1
* Solution:       solution (Vitis Kernel Flow Target)
* Product family: virtexuplusHBM
* Target device:  xcu55c-fsvh2892-2L-e


================================================================
== Performance Estimates
================================================================
+ Timing: 
    * Summary: 
    +--------+---------+----------+------------+
    |  Clock |  Target | Estimated| Uncertainty|
    +--------+---------+----------+------------+
    |ap_clk  |  4.55 ns|  3.178 ns|     1.23 ns|
    +--------+---------+----------+------------+

+ Latency: 
    * Summary: 
    +---------+---------+----------+----------+-----+-----+---------+
    |  Latency (cycles) |  Latency (absolute) |  Interval | Pipeline|
    |   min   |   max   |    min   |    max   | min | max |   Type  |
    +---------+---------+----------+----------+-----+-----+---------+
    |        1|      244|  4.545 ns|  1.109 us|    1|  244|       no|
    +---------+---------+----------+----------+-----+-----+---------+

    + Detail: 
        * Instance: 
        +-------------------------------------------------------------------------------------+--------------------------------------------------------------------------+---------+---------+----------+----------+-----+-----+---------+
        |                                                                                     |                                                                          |  Latency (cycles) |  Latency (absolute) |  Interval | Pipeline|
        |                                       Instance                                      |                                  Module                                  |   min   |   max   |    min   |    max   | min | max |   Type  |
        +-------------------------------------------------------------------------------------+--------------------------------------------------------------------------+---------+---------+----------+----------+-----+-----+---------+
        |grp_read_E_FT2_2_Pipeline_VITIS_LOOP_275_1_VITIS_LOOP_277_2_VITIS_LOOP_279_3_fu_122  |read_E_FT2_2_Pipeline_VITIS_LOOP_275_1_VITIS_LOOP_277_2_VITIS_LOOP_279_3  |      243|      243|  1.104 us|  1.104 us|  243|  243|       no|
        +-------------------------------------------------------------------------------------+--------------------------------------------------------------------------+---------+---------+----------+----------+-----+-----+---------+

        * Loop: 
        N/A



================================================================
== Utilization Estimates
================================================================
* Summary: 
+---------------------+---------+------+---------+---------+-----+
|         Name        | BRAM_18K|  DSP |    FF   |   LUT   | URAM|
+---------------------+---------+------+---------+---------+-----+
|DSP                  |        -|     -|        -|        -|    -|
|Expression           |        -|     -|        0|       14|    -|
|FIFO                 |        -|     -|        -|        -|    -|
|Instance             |        -|     -|      452|     2597|    -|
|Memory               |        -|     -|        -|        -|    -|
|Multiplexer          |        -|     -|        -|       23|    -|
|Register             |        -|     -|        4|        -|    -|
+---------------------+---------+------+---------+---------+-----+
|Total                |        0|     0|      456|     2634|    0|
+---------------------+---------+------+---------+---------+-----+
|Available SLR        |     1344|  3008|   869120|   434560|  320|
+---------------------+---------+------+---------+---------+-----+
|Utilization SLR (%)  |        0|     0|       ~0|       ~0|    0|
+---------------------+---------+------+---------+---------+-----+
|Available            |     4032|  9024|  2607360|  1303680|  960|
+---------------------+---------+------+---------+---------+-----+
|Utilization (%)      |        0|     0|       ~0|       ~0|    0|
+---------------------+---------+------+---------+---------+-----+

+ Detail: 
    * Instance: 
    +-------------------------------------------------------------------------------------+--------------------------------------------------------------------------+---------+----+-----+------+-----+
    |                                       Instance                                      |                                  Module                                  | BRAM_18K| DSP|  FF |  LUT | URAM|
    +-------------------------------------------------------------------------------------+--------------------------------------------------------------------------+---------+----+-----+------+-----+
    |grp_read_E_FT2_2_Pipeline_VITIS_LOOP_275_1_VITIS_LOOP_277_2_VITIS_LOOP_279_3_fu_122  |read_E_FT2_2_Pipeline_VITIS_LOOP_275_1_VITIS_LOOP_277_2_VITIS_LOOP_279_3  |        0|   0|  452|  2597|    0|
    +-------------------------------------------------------------------------------------+--------------------------------------------------------------------------+---------+----+-----+------+-----+
    |Total                                                                                |                                                                          |        0|   0|  452|  2597|    0|
    +-------------------------------------------------------------------------------------+--------------------------------------------------------------------------+---------+----+-----+------+-----+

    * DSP: 
    N/A

    * Memory: 
    N/A

    * FIFO: 
    N/A

    * Expression: 
    +---------------------------------+----------+----+---+----+------------+------------+
    |          Variable Name          | Operation| DSP| FF| LUT| Bitwidth P0| Bitwidth P1|
    +---------------------------------+----------+----+---+----+------------+------------+
    |ap_block_state2_on_subcall_done  |       and|   0|  0|   2|           1|           1|
    |icmp_ln272_fu_214_p2             |      icmp|   0|  0|  12|           4|           1|
    +---------------------------------+----------+----+---+----+------------+------------+
    |Total                            |          |   0|  0|  14|           5|           2|
    +---------------------------------+----------+----+---+----+------------+------------+

    * Multiplexer: 
    +-----------------------------------+----+-----------+-----+-----------+
    |                Name               | LUT| Input Size| Bits| Total Bits|
    +-----------------------------------+----+-----------+-----+-----------+
    |ap_NS_fsm                          |  14|          3|    1|          3|
    |fifo_E_from_task1_to_task5_TREADY  |   9|          2|    1|          2|
    +-----------------------------------+----+-----------+-----+-----------+
    |Total                              |  23|          5|    2|          5|
    +-----------------------------------+----+-----------+-----+-----------+

    * Register: 
    +--------------------------------------------------------------------------------------------------+---+----+-----+-----------+
    |                                               Name                                               | FF| LUT| Bits| Const Bits|
    +--------------------------------------------------------------------------------------------------+---+----+-----+-----------+
    |ap_CS_fsm                                                                                         |  2|   0|    2|          0|
    |grp_read_E_FT2_2_Pipeline_VITIS_LOOP_275_1_VITIS_LOOP_277_2_VITIS_LOOP_279_3_fu_122_ap_start_reg  |  1|   0|    1|          0|
    |icmp_ln272_reg_220                                                                                |  1|   0|    1|          0|
    +--------------------------------------------------------------------------------------------------+---+----+-----+-----------+
    |Total                                                                                             |  4|   0|    4|          0|
    +--------------------------------------------------------------------------------------------------+---+----+-----+-----------+



================================================================
== Interface
================================================================
* Summary: 
+-----------------------------------+-----+-----+------------+-------------------------------------+--------------+
|             RTL Ports             | Dir | Bits|  Protocol  |            Source Object            |    C Type    |
+-----------------------------------+-----+-----+------------+-------------------------------------+--------------+
|ap_clk                             |   in|    1|  ap_ctrl_hs|                         read_E_FT2.2|  return value|
|ap_rst                             |   in|    1|  ap_ctrl_hs|                         read_E_FT2.2|  return value|
|ap_start                           |   in|    1|  ap_ctrl_hs|                         read_E_FT2.2|  return value|
|ap_done                            |  out|    1|  ap_ctrl_hs|                         read_E_FT2.2|  return value|
|ap_idle                            |  out|    1|  ap_ctrl_hs|                         read_E_FT2.2|  return value|
|ap_ready                           |  out|    1|  ap_ctrl_hs|                         read_E_FT2.2|  return value|
|E_0_0_address0                     |  out|   10|   ap_memory|                                E_0_0|         array|
|E_0_0_ce0                          |  out|    1|   ap_memory|                                E_0_0|         array|
|E_0_0_we0                          |  out|    1|   ap_memory|                                E_0_0|         array|
|E_0_0_d0                           |  out|   32|   ap_memory|                                E_0_0|         array|
|E_0_0_address1                     |  out|   10|   ap_memory|                                E_0_0|         array|
|E_0_0_ce1                          |  out|    1|   ap_memory|                                E_0_0|         array|
|E_0_0_we1                          |  out|    1|   ap_memory|                                E_0_0|         array|
|E_0_0_d1                           |  out|   32|   ap_memory|                                E_0_0|         array|
|E_0_1_address0                     |  out|   10|   ap_memory|                                E_0_1|         array|
|E_0_1_ce0                          |  out|    1|   ap_memory|                                E_0_1|         array|
|E_0_1_we0                          |  out|    1|   ap_memory|                                E_0_1|         array|
|E_0_1_d0                           |  out|   32|   ap_memory|                                E_0_1|         array|
|E_0_1_address1                     |  out|   10|   ap_memory|                                E_0_1|         array|
|E_0_1_ce1                          |  out|    1|   ap_memory|                                E_0_1|         array|
|E_0_1_we1                          |  out|    1|   ap_memory|                                E_0_1|         array|
|E_0_1_d1                           |  out|   32|   ap_memory|                                E_0_1|         array|
|E_0_2_address0                     |  out|   10|   ap_memory|                                E_0_2|         array|
|E_0_2_ce0                          |  out|    1|   ap_memory|                                E_0_2|         array|
|E_0_2_we0                          |  out|    1|   ap_memory|                                E_0_2|         array|
|E_0_2_d0                           |  out|   32|   ap_memory|                                E_0_2|         array|
|E_0_2_address1                     |  out|   10|   ap_memory|                                E_0_2|         array|
|E_0_2_ce1                          |  out|    1|   ap_memory|                                E_0_2|         array|
|E_0_2_we1                          |  out|    1|   ap_memory|                                E_0_2|         array|
|E_0_2_d1                           |  out|   32|   ap_memory|                                E_0_2|         array|
|E_0_3_address0                     |  out|   10|   ap_memory|                                E_0_3|         array|
|E_0_3_ce0                          |  out|    1|   ap_memory|                                E_0_3|         array|
|E_0_3_we0                          |  out|    1|   ap_memory|                                E_0_3|         array|
|E_0_3_d0                           |  out|   32|   ap_memory|                                E_0_3|         array|
|E_0_3_address1                     |  out|   10|   ap_memory|                                E_0_3|         array|
|E_0_3_ce1                          |  out|    1|   ap_memory|                                E_0_3|         array|
|E_0_3_we1                          |  out|    1|   ap_memory|                                E_0_3|         array|
|E_0_3_d1                           |  out|   32|   ap_memory|                                E_0_3|         array|
|E_1_0_address0                     |  out|   10|   ap_memory|                                E_1_0|         array|
|E_1_0_ce0                          |  out|    1|   ap_memory|                                E_1_0|         array|
|E_1_0_we0                          |  out|    1|   ap_memory|                                E_1_0|         array|
|E_1_0_d0                           |  out|   32|   ap_memory|                                E_1_0|         array|
|E_1_0_address1                     |  out|   10|   ap_memory|                                E_1_0|         array|
|E_1_0_ce1                          |  out|    1|   ap_memory|                                E_1_0|         array|
|E_1_0_we1                          |  out|    1|   ap_memory|                                E_1_0|         array|
|E_1_0_d1                           |  out|   32|   ap_memory|                                E_1_0|         array|
|E_1_1_address0                     |  out|   10|   ap_memory|                                E_1_1|         array|
|E_1_1_ce0                          |  out|    1|   ap_memory|                                E_1_1|         array|
|E_1_1_we0                          |  out|    1|   ap_memory|                                E_1_1|         array|
|E_1_1_d0                           |  out|   32|   ap_memory|                                E_1_1|         array|
|E_1_1_address1                     |  out|   10|   ap_memory|                                E_1_1|         array|
|E_1_1_ce1                          |  out|    1|   ap_memory|                                E_1_1|         array|
|E_1_1_we1                          |  out|    1|   ap_memory|                                E_1_1|         array|
|E_1_1_d1                           |  out|   32|   ap_memory|                                E_1_1|         array|
|E_1_2_address0                     |  out|   10|   ap_memory|                                E_1_2|         array|
|E_1_2_ce0                          |  out|    1|   ap_memory|                                E_1_2|         array|
|E_1_2_we0                          |  out|    1|   ap_memory|                                E_1_2|         array|
|E_1_2_d0                           |  out|   32|   ap_memory|                                E_1_2|         array|
|E_1_2_address1                     |  out|   10|   ap_memory|                                E_1_2|         array|
|E_1_2_ce1                          |  out|    1|   ap_memory|                                E_1_2|         array|
|E_1_2_we1                          |  out|    1|   ap_memory|                                E_1_2|         array|
|E_1_2_d1                           |  out|   32|   ap_memory|                                E_1_2|         array|
|E_1_3_address0                     |  out|   10|   ap_memory|                                E_1_3|         array|
|E_1_3_ce0                          |  out|    1|   ap_memory|                                E_1_3|         array|
|E_1_3_we0                          |  out|    1|   ap_memory|                                E_1_3|         array|
|E_1_3_d0                           |  out|   32|   ap_memory|                                E_1_3|         array|
|E_1_3_address1                     |  out|   10|   ap_memory|                                E_1_3|         array|
|E_1_3_ce1                          |  out|    1|   ap_memory|                                E_1_3|         array|
|E_1_3_we1                          |  out|    1|   ap_memory|                                E_1_3|         array|
|E_1_3_d1                           |  out|   32|   ap_memory|                                E_1_3|         array|
|E_2_0_address0                     |  out|   10|   ap_memory|                                E_2_0|         array|
|E_2_0_ce0                          |  out|    1|   ap_memory|                                E_2_0|         array|
|E_2_0_we0                          |  out|    1|   ap_memory|                                E_2_0|         array|
|E_2_0_d0                           |  out|   32|   ap_memory|                                E_2_0|         array|
|E_2_0_address1                     |  out|   10|   ap_memory|                                E_2_0|         array|
|E_2_0_ce1                          |  out|    1|   ap_memory|                                E_2_0|         array|
|E_2_0_we1                          |  out|    1|   ap_memory|                                E_2_0|         array|
|E_2_0_d1                           |  out|   32|   ap_memory|                                E_2_0|         array|
|E_2_1_address0                     |  out|   10|   ap_memory|                                E_2_1|         array|
|E_2_1_ce0                          |  out|    1|   ap_memory|                                E_2_1|         array|
|E_2_1_we0                          |  out|    1|   ap_memory|                                E_2_1|         array|
|E_2_1_d0                           |  out|   32|   ap_memory|                                E_2_1|         array|
|E_2_1_address1                     |  out|   10|   ap_memory|                                E_2_1|         array|
|E_2_1_ce1                          |  out|    1|   ap_memory|                                E_2_1|         array|
|E_2_1_we1                          |  out|    1|   ap_memory|                                E_2_1|         array|
|E_2_1_d1                           |  out|   32|   ap_memory|                                E_2_1|         array|
|E_2_2_address0                     |  out|   10|   ap_memory|                                E_2_2|         array|
|E_2_2_ce0                          |  out|    1|   ap_memory|                                E_2_2|         array|
|E_2_2_we0                          |  out|    1|   ap_memory|                                E_2_2|         array|
|E_2_2_d0                           |  out|   32|   ap_memory|                                E_2_2|         array|
|E_2_2_address1                     |  out|   10|   ap_memory|                                E_2_2|         array|
|E_2_2_ce1                          |  out|    1|   ap_memory|                                E_2_2|         array|
|E_2_2_we1                          |  out|    1|   ap_memory|                                E_2_2|         array|
|E_2_2_d1                           |  out|   32|   ap_memory|                                E_2_2|         array|
|E_2_3_address0                     |  out|   10|   ap_memory|                                E_2_3|         array|
|E_2_3_ce0                          |  out|    1|   ap_memory|                                E_2_3|         array|
|E_2_3_we0                          |  out|    1|   ap_memory|                                E_2_3|         array|
|E_2_3_d0                           |  out|   32|   ap_memory|                                E_2_3|         array|
|E_2_3_address1                     |  out|   10|   ap_memory|                                E_2_3|         array|
|E_2_3_ce1                          |  out|    1|   ap_memory|                                E_2_3|         array|
|E_2_3_we1                          |  out|    1|   ap_memory|                                E_2_3|         array|
|E_2_3_d1                           |  out|   32|   ap_memory|                                E_2_3|         array|
|E_3_0_address0                     |  out|   10|   ap_memory|                                E_3_0|         array|
|E_3_0_ce0                          |  out|    1|   ap_memory|                                E_3_0|         array|
|E_3_0_we0                          |  out|    1|   ap_memory|                                E_3_0|         array|
|E_3_0_d0                           |  out|   32|   ap_memory|                                E_3_0|         array|
|E_3_0_address1                     |  out|   10|   ap_memory|                                E_3_0|         array|
|E_3_0_ce1                          |  out|    1|   ap_memory|                                E_3_0|         array|
|E_3_0_we1                          |  out|    1|   ap_memory|                                E_3_0|         array|
|E_3_0_d1                           |  out|   32|   ap_memory|                                E_3_0|         array|
|E_3_1_address0                     |  out|   10|   ap_memory|                                E_3_1|         array|
|E_3_1_ce0                          |  out|    1|   ap_memory|                                E_3_1|         array|
|E_3_1_we0                          |  out|    1|   ap_memory|                                E_3_1|         array|
|E_3_1_d0                           |  out|   32|   ap_memory|                                E_3_1|         array|
|E_3_1_address1                     |  out|   10|   ap_memory|                                E_3_1|         array|
|E_3_1_ce1                          |  out|    1|   ap_memory|                                E_3_1|         array|
|E_3_1_we1                          |  out|    1|   ap_memory|                                E_3_1|         array|
|E_3_1_d1                           |  out|   32|   ap_memory|                                E_3_1|         array|
|E_3_2_address0                     |  out|   10|   ap_memory|                                E_3_2|         array|
|E_3_2_ce0                          |  out|    1|   ap_memory|                                E_3_2|         array|
|E_3_2_we0                          |  out|    1|   ap_memory|                                E_3_2|         array|
|E_3_2_d0                           |  out|   32|   ap_memory|                                E_3_2|         array|
|E_3_2_address1                     |  out|   10|   ap_memory|                                E_3_2|         array|
|E_3_2_ce1                          |  out|    1|   ap_memory|                                E_3_2|         array|
|E_3_2_we1                          |  out|    1|   ap_memory|                                E_3_2|         array|
|E_3_2_d1                           |  out|   32|   ap_memory|                                E_3_2|         array|
|E_3_3_address0                     |  out|   10|   ap_memory|                                E_3_3|         array|
|E_3_3_ce0                          |  out|    1|   ap_memory|                                E_3_3|         array|
|E_3_3_we0                          |  out|    1|   ap_memory|                                E_3_3|         array|
|E_3_3_d0                           |  out|   32|   ap_memory|                                E_3_3|         array|
|E_3_3_address1                     |  out|   10|   ap_memory|                                E_3_3|         array|
|E_3_3_ce1                          |  out|    1|   ap_memory|                                E_3_3|         array|
|E_3_3_we1                          |  out|    1|   ap_memory|                                E_3_3|         array|
|E_3_3_d1                           |  out|   32|   ap_memory|                                E_3_3|         array|
|E_4_0_address0                     |  out|   10|   ap_memory|                                E_4_0|         array|
|E_4_0_ce0                          |  out|    1|   ap_memory|                                E_4_0|         array|
|E_4_0_we0                          |  out|    1|   ap_memory|                                E_4_0|         array|
|E_4_0_d0                           |  out|   32|   ap_memory|                                E_4_0|         array|
|E_4_0_address1                     |  out|   10|   ap_memory|                                E_4_0|         array|
|E_4_0_ce1                          |  out|    1|   ap_memory|                                E_4_0|         array|
|E_4_0_we1                          |  out|    1|   ap_memory|                                E_4_0|         array|
|E_4_0_d1                           |  out|   32|   ap_memory|                                E_4_0|         array|
|E_4_1_address0                     |  out|   10|   ap_memory|                                E_4_1|         array|
|E_4_1_ce0                          |  out|    1|   ap_memory|                                E_4_1|         array|
|E_4_1_we0                          |  out|    1|   ap_memory|                                E_4_1|         array|
|E_4_1_d0                           |  out|   32|   ap_memory|                                E_4_1|         array|
|E_4_1_address1                     |  out|   10|   ap_memory|                                E_4_1|         array|
|E_4_1_ce1                          |  out|    1|   ap_memory|                                E_4_1|         array|
|E_4_1_we1                          |  out|    1|   ap_memory|                                E_4_1|         array|
|E_4_1_d1                           |  out|   32|   ap_memory|                                E_4_1|         array|
|E_4_2_address0                     |  out|   10|   ap_memory|                                E_4_2|         array|
|E_4_2_ce0                          |  out|    1|   ap_memory|                                E_4_2|         array|
|E_4_2_we0                          |  out|    1|   ap_memory|                                E_4_2|         array|
|E_4_2_d0                           |  out|   32|   ap_memory|                                E_4_2|         array|
|E_4_2_address1                     |  out|   10|   ap_memory|                                E_4_2|         array|
|E_4_2_ce1                          |  out|    1|   ap_memory|                                E_4_2|         array|
|E_4_2_we1                          |  out|    1|   ap_memory|                                E_4_2|         array|
|E_4_2_d1                           |  out|   32|   ap_memory|                                E_4_2|         array|
|E_4_3_address0                     |  out|   10|   ap_memory|                                E_4_3|         array|
|E_4_3_ce0                          |  out|    1|   ap_memory|                                E_4_3|         array|
|E_4_3_we0                          |  out|    1|   ap_memory|                                E_4_3|         array|
|E_4_3_d0                           |  out|   32|   ap_memory|                                E_4_3|         array|
|E_4_3_address1                     |  out|   10|   ap_memory|                                E_4_3|         array|
|E_4_3_ce1                          |  out|    1|   ap_memory|                                E_4_3|         array|
|E_4_3_we1                          |  out|    1|   ap_memory|                                E_4_3|         array|
|E_4_3_d1                           |  out|   32|   ap_memory|                                E_4_3|         array|
|E_5_0_address0                     |  out|   10|   ap_memory|                                E_5_0|         array|
|E_5_0_ce0                          |  out|    1|   ap_memory|                                E_5_0|         array|
|E_5_0_we0                          |  out|    1|   ap_memory|                                E_5_0|         array|
|E_5_0_d0                           |  out|   32|   ap_memory|                                E_5_0|         array|
|E_5_0_address1                     |  out|   10|   ap_memory|                                E_5_0|         array|
|E_5_0_ce1                          |  out|    1|   ap_memory|                                E_5_0|         array|
|E_5_0_we1                          |  out|    1|   ap_memory|                                E_5_0|         array|
|E_5_0_d1                           |  out|   32|   ap_memory|                                E_5_0|         array|
|E_5_1_address0                     |  out|   10|   ap_memory|                                E_5_1|         array|
|E_5_1_ce0                          |  out|    1|   ap_memory|                                E_5_1|         array|
|E_5_1_we0                          |  out|    1|   ap_memory|                                E_5_1|         array|
|E_5_1_d0                           |  out|   32|   ap_memory|                                E_5_1|         array|
|E_5_1_address1                     |  out|   10|   ap_memory|                                E_5_1|         array|
|E_5_1_ce1                          |  out|    1|   ap_memory|                                E_5_1|         array|
|E_5_1_we1                          |  out|    1|   ap_memory|                                E_5_1|         array|
|E_5_1_d1                           |  out|   32|   ap_memory|                                E_5_1|         array|
|E_5_2_address0                     |  out|   10|   ap_memory|                                E_5_2|         array|
|E_5_2_ce0                          |  out|    1|   ap_memory|                                E_5_2|         array|
|E_5_2_we0                          |  out|    1|   ap_memory|                                E_5_2|         array|
|E_5_2_d0                           |  out|   32|   ap_memory|                                E_5_2|         array|
|E_5_2_address1                     |  out|   10|   ap_memory|                                E_5_2|         array|
|E_5_2_ce1                          |  out|    1|   ap_memory|                                E_5_2|         array|
|E_5_2_we1                          |  out|    1|   ap_memory|                                E_5_2|         array|
|E_5_2_d1                           |  out|   32|   ap_memory|                                E_5_2|         array|
|E_5_3_address0                     |  out|   10|   ap_memory|                                E_5_3|         array|
|E_5_3_ce0                          |  out|    1|   ap_memory|                                E_5_3|         array|
|E_5_3_we0                          |  out|    1|   ap_memory|                                E_5_3|         array|
|E_5_3_d0                           |  out|   32|   ap_memory|                                E_5_3|         array|
|E_5_3_address1                     |  out|   10|   ap_memory|                                E_5_3|         array|
|E_5_3_ce1                          |  out|    1|   ap_memory|                                E_5_3|         array|
|E_5_3_we1                          |  out|    1|   ap_memory|                                E_5_3|         array|
|E_5_3_d1                           |  out|   32|   ap_memory|                                E_5_3|         array|
|E_6_0_address0                     |  out|   10|   ap_memory|                                E_6_0|         array|
|E_6_0_ce0                          |  out|    1|   ap_memory|                                E_6_0|         array|
|E_6_0_we0                          |  out|    1|   ap_memory|                                E_6_0|         array|
|E_6_0_d0                           |  out|   32|   ap_memory|                                E_6_0|         array|
|E_6_0_address1                     |  out|   10|   ap_memory|                                E_6_0|         array|
|E_6_0_ce1                          |  out|    1|   ap_memory|                                E_6_0|         array|
|E_6_0_we1                          |  out|    1|   ap_memory|                                E_6_0|         array|
|E_6_0_d1                           |  out|   32|   ap_memory|                                E_6_0|         array|
|E_6_1_address0                     |  out|   10|   ap_memory|                                E_6_1|         array|
|E_6_1_ce0                          |  out|    1|   ap_memory|                                E_6_1|         array|
|E_6_1_we0                          |  out|    1|   ap_memory|                                E_6_1|         array|
|E_6_1_d0                           |  out|   32|   ap_memory|                                E_6_1|         array|
|E_6_1_address1                     |  out|   10|   ap_memory|                                E_6_1|         array|
|E_6_1_ce1                          |  out|    1|   ap_memory|                                E_6_1|         array|
|E_6_1_we1                          |  out|    1|   ap_memory|                                E_6_1|         array|
|E_6_1_d1                           |  out|   32|   ap_memory|                                E_6_1|         array|
|E_6_2_address0                     |  out|   10|   ap_memory|                                E_6_2|         array|
|E_6_2_ce0                          |  out|    1|   ap_memory|                                E_6_2|         array|
|E_6_2_we0                          |  out|    1|   ap_memory|                                E_6_2|         array|
|E_6_2_d0                           |  out|   32|   ap_memory|                                E_6_2|         array|
|E_6_2_address1                     |  out|   10|   ap_memory|                                E_6_2|         array|
|E_6_2_ce1                          |  out|    1|   ap_memory|                                E_6_2|         array|
|E_6_2_we1                          |  out|    1|   ap_memory|                                E_6_2|         array|
|E_6_2_d1                           |  out|   32|   ap_memory|                                E_6_2|         array|
|E_6_3_address0                     |  out|   10|   ap_memory|                                E_6_3|         array|
|E_6_3_ce0                          |  out|    1|   ap_memory|                                E_6_3|         array|
|E_6_3_we0                          |  out|    1|   ap_memory|                                E_6_3|         array|
|E_6_3_d0                           |  out|   32|   ap_memory|                                E_6_3|         array|
|E_6_3_address1                     |  out|   10|   ap_memory|                                E_6_3|         array|
|E_6_3_ce1                          |  out|    1|   ap_memory|                                E_6_3|         array|
|E_6_3_we1                          |  out|    1|   ap_memory|                                E_6_3|         array|
|E_6_3_d1                           |  out|   32|   ap_memory|                                E_6_3|         array|
|E_7_0_address0                     |  out|   10|   ap_memory|                                E_7_0|         array|
|E_7_0_ce0                          |  out|    1|   ap_memory|                                E_7_0|         array|
|E_7_0_we0                          |  out|    1|   ap_memory|                                E_7_0|         array|
|E_7_0_d0                           |  out|   32|   ap_memory|                                E_7_0|         array|
|E_7_0_address1                     |  out|   10|   ap_memory|                                E_7_0|         array|
|E_7_0_ce1                          |  out|    1|   ap_memory|                                E_7_0|         array|
|E_7_0_we1                          |  out|    1|   ap_memory|                                E_7_0|         array|
|E_7_0_d1                           |  out|   32|   ap_memory|                                E_7_0|         array|
|E_7_1_address0                     |  out|   10|   ap_memory|                                E_7_1|         array|
|E_7_1_ce0                          |  out|    1|   ap_memory|                                E_7_1|         array|
|E_7_1_we0                          |  out|    1|   ap_memory|                                E_7_1|         array|
|E_7_1_d0                           |  out|   32|   ap_memory|                                E_7_1|         array|
|E_7_1_address1                     |  out|   10|   ap_memory|                                E_7_1|         array|
|E_7_1_ce1                          |  out|    1|   ap_memory|                                E_7_1|         array|
|E_7_1_we1                          |  out|    1|   ap_memory|                                E_7_1|         array|
|E_7_1_d1                           |  out|   32|   ap_memory|                                E_7_1|         array|
|E_7_2_address0                     |  out|   10|   ap_memory|                                E_7_2|         array|
|E_7_2_ce0                          |  out|    1|   ap_memory|                                E_7_2|         array|
|E_7_2_we0                          |  out|    1|   ap_memory|                                E_7_2|         array|
|E_7_2_d0                           |  out|   32|   ap_memory|                                E_7_2|         array|
|E_7_2_address1                     |  out|   10|   ap_memory|                                E_7_2|         array|
|E_7_2_ce1                          |  out|    1|   ap_memory|                                E_7_2|         array|
|E_7_2_we1                          |  out|    1|   ap_memory|                                E_7_2|         array|
|E_7_2_d1                           |  out|   32|   ap_memory|                                E_7_2|         array|
|E_7_3_address0                     |  out|   10|   ap_memory|                                E_7_3|         array|
|E_7_3_ce0                          |  out|    1|   ap_memory|                                E_7_3|         array|
|E_7_3_we0                          |  out|    1|   ap_memory|                                E_7_3|         array|
|E_7_3_d0                           |  out|   32|   ap_memory|                                E_7_3|         array|
|E_7_3_address1                     |  out|   10|   ap_memory|                                E_7_3|         array|
|E_7_3_ce1                          |  out|    1|   ap_memory|                                E_7_3|         array|
|E_7_3_we1                          |  out|    1|   ap_memory|                                E_7_3|         array|
|E_7_3_d1                           |  out|   32|   ap_memory|                                E_7_3|         array|
|E_8_0_address0                     |  out|   10|   ap_memory|                                E_8_0|         array|
|E_8_0_ce0                          |  out|    1|   ap_memory|                                E_8_0|         array|
|E_8_0_we0                          |  out|    1|   ap_memory|                                E_8_0|         array|
|E_8_0_d0                           |  out|   32|   ap_memory|                                E_8_0|         array|
|E_8_0_address1                     |  out|   10|   ap_memory|                                E_8_0|         array|
|E_8_0_ce1                          |  out|    1|   ap_memory|                                E_8_0|         array|
|E_8_0_we1                          |  out|    1|   ap_memory|                                E_8_0|         array|
|E_8_0_d1                           |  out|   32|   ap_memory|                                E_8_0|         array|
|E_8_1_address0                     |  out|   10|   ap_memory|                                E_8_1|         array|
|E_8_1_ce0                          |  out|    1|   ap_memory|                                E_8_1|         array|
|E_8_1_we0                          |  out|    1|   ap_memory|                                E_8_1|         array|
|E_8_1_d0                           |  out|   32|   ap_memory|                                E_8_1|         array|
|E_8_1_address1                     |  out|   10|   ap_memory|                                E_8_1|         array|
|E_8_1_ce1                          |  out|    1|   ap_memory|                                E_8_1|         array|
|E_8_1_we1                          |  out|    1|   ap_memory|                                E_8_1|         array|
|E_8_1_d1                           |  out|   32|   ap_memory|                                E_8_1|         array|
|E_8_2_address0                     |  out|   10|   ap_memory|                                E_8_2|         array|
|E_8_2_ce0                          |  out|    1|   ap_memory|                                E_8_2|         array|
|E_8_2_we0                          |  out|    1|   ap_memory|                                E_8_2|         array|
|E_8_2_d0                           |  out|   32|   ap_memory|                                E_8_2|         array|
|E_8_2_address1                     |  out|   10|   ap_memory|                                E_8_2|         array|
|E_8_2_ce1                          |  out|    1|   ap_memory|                                E_8_2|         array|
|E_8_2_we1                          |  out|    1|   ap_memory|                                E_8_2|         array|
|E_8_2_d1                           |  out|   32|   ap_memory|                                E_8_2|         array|
|E_8_3_address0                     |  out|   10|   ap_memory|                                E_8_3|         array|
|E_8_3_ce0                          |  out|    1|   ap_memory|                                E_8_3|         array|
|E_8_3_we0                          |  out|    1|   ap_memory|                                E_8_3|         array|
|E_8_3_d0                           |  out|   32|   ap_memory|                                E_8_3|         array|
|E_8_3_address1                     |  out|   10|   ap_memory|                                E_8_3|         array|
|E_8_3_ce1                          |  out|    1|   ap_memory|                                E_8_3|         array|
|E_8_3_we1                          |  out|    1|   ap_memory|                                E_8_3|         array|
|E_8_3_d1                           |  out|   32|   ap_memory|                                E_8_3|         array|
|E_9_0_address0                     |  out|   10|   ap_memory|                                E_9_0|         array|
|E_9_0_ce0                          |  out|    1|   ap_memory|                                E_9_0|         array|
|E_9_0_we0                          |  out|    1|   ap_memory|                                E_9_0|         array|
|E_9_0_d0                           |  out|   32|   ap_memory|                                E_9_0|         array|
|E_9_0_address1                     |  out|   10|   ap_memory|                                E_9_0|         array|
|E_9_0_ce1                          |  out|    1|   ap_memory|                                E_9_0|         array|
|E_9_0_we1                          |  out|    1|   ap_memory|                                E_9_0|         array|
|E_9_0_d1                           |  out|   32|   ap_memory|                                E_9_0|         array|
|E_9_1_address0                     |  out|   10|   ap_memory|                                E_9_1|         array|
|E_9_1_ce0                          |  out|    1|   ap_memory|                                E_9_1|         array|
|E_9_1_we0                          |  out|    1|   ap_memory|                                E_9_1|         array|
|E_9_1_d0                           |  out|   32|   ap_memory|                                E_9_1|         array|
|E_9_1_address1                     |  out|   10|   ap_memory|                                E_9_1|         array|
|E_9_1_ce1                          |  out|    1|   ap_memory|                                E_9_1|         array|
|E_9_1_we1                          |  out|    1|   ap_memory|                                E_9_1|         array|
|E_9_1_d1                           |  out|   32|   ap_memory|                                E_9_1|         array|
|E_9_2_address0                     |  out|   10|   ap_memory|                                E_9_2|         array|
|E_9_2_ce0                          |  out|    1|   ap_memory|                                E_9_2|         array|
|E_9_2_we0                          |  out|    1|   ap_memory|                                E_9_2|         array|
|E_9_2_d0                           |  out|   32|   ap_memory|                                E_9_2|         array|
|E_9_2_address1                     |  out|   10|   ap_memory|                                E_9_2|         array|
|E_9_2_ce1                          |  out|    1|   ap_memory|                                E_9_2|         array|
|E_9_2_we1                          |  out|    1|   ap_memory|                                E_9_2|         array|
|E_9_2_d1                           |  out|   32|   ap_memory|                                E_9_2|         array|
|E_9_3_address0                     |  out|   10|   ap_memory|                                E_9_3|         array|
|E_9_3_ce0                          |  out|    1|   ap_memory|                                E_9_3|         array|
|E_9_3_we0                          |  out|    1|   ap_memory|                                E_9_3|         array|
|E_9_3_d0                           |  out|   32|   ap_memory|                                E_9_3|         array|
|E_9_3_address1                     |  out|   10|   ap_memory|                                E_9_3|         array|
|E_9_3_ce1                          |  out|    1|   ap_memory|                                E_9_3|         array|
|E_9_3_we1                          |  out|    1|   ap_memory|                                E_9_3|         array|
|E_9_3_d1                           |  out|   32|   ap_memory|                                E_9_3|         array|
|fifo_E_from_task1_to_task5_TDATA   |   in|  512|        axis|  fifo_E_from_task1_to_task5_V_data_V|       pointer|
|fifo_E_from_task1_to_task5_TVALID  |   in|    1|        axis|  fifo_E_from_task1_to_task5_V_last_V|       pointer|
|fifo_E_from_task1_to_task5_TREADY  |  out|    1|        axis|  fifo_E_from_task1_to_task5_V_last_V|       pointer|
|fifo_E_from_task1_to_task5_TLAST   |   in|    1|        axis|  fifo_E_from_task1_to_task5_V_last_V|       pointer|
|fifo_E_from_task1_to_task5_TKEEP   |   in|   64|        axis|  fifo_E_from_task1_to_task5_V_keep_V|       pointer|
|fifo_E_from_task1_to_task5_TSTRB   |   in|   64|        axis|  fifo_E_from_task1_to_task5_V_strb_V|       pointer|
|j0                                 |   in|    4|     ap_none|                                   j0|        scalar|
+-----------------------------------+-----+-----+------------+-------------------------------------+--------------+

