

================================================================
== Vitis HLS Report for 'read_F_FT2_Pipeline_VITIS_LOOP_171_1_VITIS_LOOP_173_2_VITIS_LOOP_175_3'
================================================================
* Date:           Fri Jan 10 12:37:01 2025

* Version:        2023.2 (Build 4023990 on Oct 11 2023)
* Project:        kernel_nlp_slr1
* Solution:       solution (Vitis Kernel Flow Target)
* Product family: virtexuplusHBM
* Target device:  xcu55c-fsvh2892-2L-e


================================================================
== Performance Estimates
================================================================
+ Timing: 
    * Summary: 
    +--------+---------+----------+------------+
    |  Clock |  Target | Estimated| Uncertainty|
    +--------+---------+----------+------------+
    |ap_clk  |  4.55 ns|  3.210 ns|     1.23 ns|
    +--------+---------+----------+------------+

+ Latency: 
    * Summary: 
    +---------+---------+----------+----------+-----+-----+---------+
    |  Latency (cycles) |  Latency (absolute) |  Interval | Pipeline|
    |   min   |   max   |    min   |    max   | min | max |   Type  |
    +---------+---------+----------+----------+-----+-----+---------+
    |      572|      572|  2.600 us|  2.600 us|  572|  572|       no|
    +---------+---------+----------+----------+-----+-----+---------+

    + Detail: 
        * Instance: 
        N/A

        * Loop: 
        +------------------------------------------------------+---------+---------+----------+-----------+-----------+------+----------+
        |                                                      |  Latency (cycles) | Iteration|  Initiation Interval  | Trip |          |
        |                       Loop Name                      |   min   |   max   |  Latency |  achieved |   target  | Count| Pipelined|
        +------------------------------------------------------+---------+---------+----------+-----------+-----------+------+----------+
        |- VITIS_LOOP_171_1_VITIS_LOOP_173_2_VITIS_LOOP_175_3  |      570|      570|         2|          1|          1|   570|       yes|
        +------------------------------------------------------+---------+---------+----------+-----------+-----------+------+----------+



================================================================
== Utilization Estimates
================================================================
* Summary: 
+---------------------+---------+------+---------+---------+-----+
|         Name        | BRAM_18K|  DSP |    FF   |   LUT   | URAM|
+---------------------+---------+------+---------+---------+-----+
|DSP                  |        -|     -|        -|        -|    -|
|Expression           |        -|     -|        0|      173|    -|
|FIFO                 |        -|     -|        -|        -|    -|
|Instance             |        -|     -|        -|        -|    -|
|Memory               |        -|     -|        -|        -|    -|
|Multiplexer          |        -|     -|        -|      117|    -|
|Register             |        -|     -|      306|        -|    -|
+---------------------+---------+------+---------+---------+-----+
|Total                |        0|     0|      306|      290|    0|
+---------------------+---------+------+---------+---------+-----+
|Available SLR        |     1344|  3008|   869120|   434560|  320|
+---------------------+---------+------+---------+---------+-----+
|Utilization SLR (%)  |        0|     0|       ~0|       ~0|    0|
+---------------------+---------+------+---------+---------+-----+
|Available            |     4032|  9024|  2607360|  1303680|  960|
+---------------------+---------+------+---------+---------+-----+
|Utilization (%)      |        0|     0|       ~0|       ~0|    0|
+---------------------+---------+------+---------+---------+-----+

+ Detail: 
    * Instance: 
    N/A

    * DSP: 
    N/A

    * Memory: 
    N/A

    * FIFO: 
    N/A

    * Expression: 
    +----------------------------------+----------+----+---+----+------------+------------+
    |           Variable Name          | Operation| DSP| FF| LUT| Bitwidth P0| Bitwidth P1|
    +----------------------------------+----------+----+---+----+------------+------------+
    |add_ln171_1_fu_1627_p2            |         +|   0|  0|  17|          10|           1|
    |add_ln171_fu_1642_p2              |         +|   0|  0|  12|           5|           1|
    |add_ln173_1_fu_1822_p2            |         +|   0|  0|  13|           6|           1|
    |add_ln173_fu_1688_p2              |         +|   0|  0|  12|           4|           1|
    |add_ln175_fu_1816_p2              |         +|   0|  0|  12|           5|           4|
    |empty_fu_1871_p2                  |         +|   0|  0|  15|           8|           8|
    |tmp_fu_1732_p2                    |         +|   0|  0|  14|           7|           7|
    |and_ln171_fu_1674_p2              |       and|   0|  0|   2|           1|           1|
    |ap_block_pp0_stage0_11001         |       and|   0|  0|   2|           1|           1|
    |ap_block_state1_pp0_stage0_iter0  |       and|   0|  0|   2|           1|           1|
    |icmp_ln171_fu_1621_p2             |      icmp|   0|  0|  17|          10|          10|
    |icmp_ln173_fu_1648_p2             |      icmp|   0|  0|  13|           6|           5|
    |icmp_ln175_fu_1668_p2             |      icmp|   0|  0|  12|           5|           5|
    |or_ln173_fu_1694_p2               |        or|   0|  0|   2|           1|           1|
    |select_ln171_1_fu_1680_p3         |    select|   0|  0|   5|           1|           5|
    |select_ln171_fu_1654_p3           |    select|   0|  0|   4|           1|           1|
    |select_ln173_1_fu_1708_p3         |    select|   0|  0|   4|           1|           4|
    |select_ln173_2_fu_1828_p3         |    select|   0|  0|   6|           1|           1|
    |select_ln173_fu_1700_p3           |    select|   0|  0|   5|           1|           1|
    |ap_enable_pp0                     |       xor|   0|  0|   2|           1|           2|
    |xor_ln171_fu_1662_p2              |       xor|   0|  0|   2|           1|           2|
    +----------------------------------+----------+----+---+----+------------+------------+
    |Total                             |          |   0|  0| 173|          77|          63|
    +----------------------------------+----------+----+---+----+------------+------------+

    * Multiplexer: 
    +----------------------------------------+----+-----------+-----+-----------+
    |                  Name                  | LUT| Input Size| Bits| Total Bits|
    +----------------------------------------+----+-----------+-----+-----------+
    |ap_done_int                             |   9|          2|    1|          2|
    |ap_enable_reg_pp0_iter1                 |   9|          2|    1|          2|
    |ap_sig_allocacmp_d0_0_load              |   9|          2|    5|         10|
    |ap_sig_allocacmp_d0_1_load              |   9|          2|    4|          8|
    |ap_sig_allocacmp_d1_1_load              |   9|          2|    5|         10|
    |ap_sig_allocacmp_indvar_flatten12_load  |   9|          2|   10|         20|
    |ap_sig_allocacmp_indvar_flatten_load    |   9|          2|    6|         12|
    |d0_0_fu_322                             |   9|          2|    5|         10|
    |d0_1_fu_314                             |   9|          2|    4|          8|
    |d1_1_fu_310                             |   9|          2|    5|         10|
    |fifo_F_from_task3_to_task5_TDATA_blk_n  |   9|          2|    1|          2|
    |indvar_flatten12_fu_326                 |   9|          2|   10|         20|
    |indvar_flatten_fu_318                   |   9|          2|    6|         12|
    +----------------------------------------+----+-----------+-----+-----------+
    |Total                                   | 117|         26|   63|        126|
    +----------------------------------------+----+-----------+-----+-----------+

    * Register: 
    +-------------------------+----+----+-----+-----------+
    |           Name          | FF | LUT| Bits| Const Bits|
    +-------------------------+----+----+-----+-----------+
    |ap_CS_fsm                |   1|   0|    1|          0|
    |ap_done_reg              |   1|   0|    1|          0|
    |ap_enable_reg_pp0_iter1  |   1|   0|    1|          0|
    |d0_0_fu_322              |   5|   0|    5|          0|
    |d0_1_fu_314              |   4|   0|    4|          0|
    |d1_1_fu_310              |   5|   0|    5|          0|
    |indvar_flatten12_fu_326  |  10|   0|   10|          0|
    |indvar_flatten_fu_318    |   6|   0|    6|          0|
    |select_ln171_1_reg_2149  |   5|   0|    5|          0|
    |select_ln173_reg_2154    |   5|   0|    5|          0|
    |tmp_0_reg_2163           |  32|   0|   32|          0|
    |tmp_1_reg_2168           |  32|   0|   32|          0|
    |tmp_2_reg_2173           |  32|   0|   32|          0|
    |tmp_3_reg_2178           |  32|   0|   32|          0|
    |tmp_4_reg_2183           |  32|   0|   32|          0|
    |tmp_5_reg_2188           |  32|   0|   32|          0|
    |tmp_6_reg_2193           |  32|   0|   32|          0|
    |tmp_7_reg_2198           |  32|   0|   32|          0|
    |tmp_reg_2158             |   7|   0|    7|          0|
    +-------------------------+----+----+-----+-----------+
    |Total                    | 306|   0|  306|          0|
    +-------------------------+----+----+-----+-----------+



================================================================
== Interface
================================================================
* Summary: 
+-----------------------------------+-----+-----+------------+------------------------------------------------------------------------+--------------+
|             RTL Ports             | Dir | Bits|  Protocol  |                              Source Object                             |    C Type    |
+-----------------------------------+-----+-----+------------+------------------------------------------------------------------------+--------------+
|ap_clk                             |   in|    1|  ap_ctrl_hs|  read_F_FT2_Pipeline_VITIS_LOOP_171_1_VITIS_LOOP_173_2_VITIS_LOOP_175_3|  return value|
|ap_rst                             |   in|    1|  ap_ctrl_hs|  read_F_FT2_Pipeline_VITIS_LOOP_171_1_VITIS_LOOP_173_2_VITIS_LOOP_175_3|  return value|
|ap_start                           |   in|    1|  ap_ctrl_hs|  read_F_FT2_Pipeline_VITIS_LOOP_171_1_VITIS_LOOP_173_2_VITIS_LOOP_175_3|  return value|
|ap_done                            |  out|    1|  ap_ctrl_hs|  read_F_FT2_Pipeline_VITIS_LOOP_171_1_VITIS_LOOP_173_2_VITIS_LOOP_175_3|  return value|
|ap_idle                            |  out|    1|  ap_ctrl_hs|  read_F_FT2_Pipeline_VITIS_LOOP_171_1_VITIS_LOOP_173_2_VITIS_LOOP_175_3|  return value|
|ap_ready                           |  out|    1|  ap_ctrl_hs|  read_F_FT2_Pipeline_VITIS_LOOP_171_1_VITIS_LOOP_173_2_VITIS_LOOP_175_3|  return value|
|fifo_F_from_task3_to_task5_TVALID  |   in|    1|        axis|                                     fifo_F_from_task3_to_task5_V_data_V|       pointer|
|fifo_F_from_task3_to_task5_TDATA   |   in|  256|        axis|                                     fifo_F_from_task3_to_task5_V_data_V|       pointer|
|F_0_0_address0                     |  out|    6|   ap_memory|                                                                   F_0_0|         array|
|F_0_0_ce0                          |  out|    1|   ap_memory|                                                                   F_0_0|         array|
|F_0_0_we0                          |  out|    1|   ap_memory|                                                                   F_0_0|         array|
|F_0_0_d0                           |  out|   32|   ap_memory|                                                                   F_0_0|         array|
|F_0_1_address0                     |  out|    6|   ap_memory|                                                                   F_0_1|         array|
|F_0_1_ce0                          |  out|    1|   ap_memory|                                                                   F_0_1|         array|
|F_0_1_we0                          |  out|    1|   ap_memory|                                                                   F_0_1|         array|
|F_0_1_d0                           |  out|   32|   ap_memory|                                                                   F_0_1|         array|
|F_0_2_address0                     |  out|    6|   ap_memory|                                                                   F_0_2|         array|
|F_0_2_ce0                          |  out|    1|   ap_memory|                                                                   F_0_2|         array|
|F_0_2_we0                          |  out|    1|   ap_memory|                                                                   F_0_2|         array|
|F_0_2_d0                           |  out|   32|   ap_memory|                                                                   F_0_2|         array|
|F_0_3_address0                     |  out|    6|   ap_memory|                                                                   F_0_3|         array|
|F_0_3_ce0                          |  out|    1|   ap_memory|                                                                   F_0_3|         array|
|F_0_3_we0                          |  out|    1|   ap_memory|                                                                   F_0_3|         array|
|F_0_3_d0                           |  out|   32|   ap_memory|                                                                   F_0_3|         array|
|F_0_4_address0                     |  out|    6|   ap_memory|                                                                   F_0_4|         array|
|F_0_4_ce0                          |  out|    1|   ap_memory|                                                                   F_0_4|         array|
|F_0_4_we0                          |  out|    1|   ap_memory|                                                                   F_0_4|         array|
|F_0_4_d0                           |  out|   32|   ap_memory|                                                                   F_0_4|         array|
|F_0_5_address0                     |  out|    6|   ap_memory|                                                                   F_0_5|         array|
|F_0_5_ce0                          |  out|    1|   ap_memory|                                                                   F_0_5|         array|
|F_0_5_we0                          |  out|    1|   ap_memory|                                                                   F_0_5|         array|
|F_0_5_d0                           |  out|   32|   ap_memory|                                                                   F_0_5|         array|
|F_0_6_address0                     |  out|    6|   ap_memory|                                                                   F_0_6|         array|
|F_0_6_ce0                          |  out|    1|   ap_memory|                                                                   F_0_6|         array|
|F_0_6_we0                          |  out|    1|   ap_memory|                                                                   F_0_6|         array|
|F_0_6_d0                           |  out|   32|   ap_memory|                                                                   F_0_6|         array|
|F_0_7_address0                     |  out|    6|   ap_memory|                                                                   F_0_7|         array|
|F_0_7_ce0                          |  out|    1|   ap_memory|                                                                   F_0_7|         array|
|F_0_7_we0                          |  out|    1|   ap_memory|                                                                   F_0_7|         array|
|F_0_7_d0                           |  out|   32|   ap_memory|                                                                   F_0_7|         array|
|F_0_8_address0                     |  out|    6|   ap_memory|                                                                   F_0_8|         array|
|F_0_8_ce0                          |  out|    1|   ap_memory|                                                                   F_0_8|         array|
|F_0_8_we0                          |  out|    1|   ap_memory|                                                                   F_0_8|         array|
|F_0_8_d0                           |  out|   32|   ap_memory|                                                                   F_0_8|         array|
|F_0_9_address0                     |  out|    6|   ap_memory|                                                                   F_0_9|         array|
|F_0_9_ce0                          |  out|    1|   ap_memory|                                                                   F_0_9|         array|
|F_0_9_we0                          |  out|    1|   ap_memory|                                                                   F_0_9|         array|
|F_0_9_d0                           |  out|   32|   ap_memory|                                                                   F_0_9|         array|
|F_0_10_address0                    |  out|    6|   ap_memory|                                                                  F_0_10|         array|
|F_0_10_ce0                         |  out|    1|   ap_memory|                                                                  F_0_10|         array|
|F_0_10_we0                         |  out|    1|   ap_memory|                                                                  F_0_10|         array|
|F_0_10_d0                          |  out|   32|   ap_memory|                                                                  F_0_10|         array|
|F_0_11_address0                    |  out|    6|   ap_memory|                                                                  F_0_11|         array|
|F_0_11_ce0                         |  out|    1|   ap_memory|                                                                  F_0_11|         array|
|F_0_11_we0                         |  out|    1|   ap_memory|                                                                  F_0_11|         array|
|F_0_11_d0                          |  out|   32|   ap_memory|                                                                  F_0_11|         array|
|F_0_12_address0                    |  out|    6|   ap_memory|                                                                  F_0_12|         array|
|F_0_12_ce0                         |  out|    1|   ap_memory|                                                                  F_0_12|         array|
|F_0_12_we0                         |  out|    1|   ap_memory|                                                                  F_0_12|         array|
|F_0_12_d0                          |  out|   32|   ap_memory|                                                                  F_0_12|         array|
|F_0_13_address0                    |  out|    6|   ap_memory|                                                                  F_0_13|         array|
|F_0_13_ce0                         |  out|    1|   ap_memory|                                                                  F_0_13|         array|
|F_0_13_we0                         |  out|    1|   ap_memory|                                                                  F_0_13|         array|
|F_0_13_d0                          |  out|   32|   ap_memory|                                                                  F_0_13|         array|
|F_0_14_address0                    |  out|    6|   ap_memory|                                                                  F_0_14|         array|
|F_0_14_ce0                         |  out|    1|   ap_memory|                                                                  F_0_14|         array|
|F_0_14_we0                         |  out|    1|   ap_memory|                                                                  F_0_14|         array|
|F_0_14_d0                          |  out|   32|   ap_memory|                                                                  F_0_14|         array|
|F_0_15_address0                    |  out|    6|   ap_memory|                                                                  F_0_15|         array|
|F_0_15_ce0                         |  out|    1|   ap_memory|                                                                  F_0_15|         array|
|F_0_15_we0                         |  out|    1|   ap_memory|                                                                  F_0_15|         array|
|F_0_15_d0                          |  out|   32|   ap_memory|                                                                  F_0_15|         array|
|F_0_16_address0                    |  out|    6|   ap_memory|                                                                  F_0_16|         array|
|F_0_16_ce0                         |  out|    1|   ap_memory|                                                                  F_0_16|         array|
|F_0_16_we0                         |  out|    1|   ap_memory|                                                                  F_0_16|         array|
|F_0_16_d0                          |  out|   32|   ap_memory|                                                                  F_0_16|         array|
|F_0_17_address0                    |  out|    6|   ap_memory|                                                                  F_0_17|         array|
|F_0_17_ce0                         |  out|    1|   ap_memory|                                                                  F_0_17|         array|
|F_0_17_we0                         |  out|    1|   ap_memory|                                                                  F_0_17|         array|
|F_0_17_d0                          |  out|   32|   ap_memory|                                                                  F_0_17|         array|
|F_0_18_address0                    |  out|    6|   ap_memory|                                                                  F_0_18|         array|
|F_0_18_ce0                         |  out|    1|   ap_memory|                                                                  F_0_18|         array|
|F_0_18_we0                         |  out|    1|   ap_memory|                                                                  F_0_18|         array|
|F_0_18_d0                          |  out|   32|   ap_memory|                                                                  F_0_18|         array|
|F_0_19_address0                    |  out|    6|   ap_memory|                                                                  F_0_19|         array|
|F_0_19_ce0                         |  out|    1|   ap_memory|                                                                  F_0_19|         array|
|F_0_19_we0                         |  out|    1|   ap_memory|                                                                  F_0_19|         array|
|F_0_19_d0                          |  out|   32|   ap_memory|                                                                  F_0_19|         array|
|F_0_20_address0                    |  out|    6|   ap_memory|                                                                  F_0_20|         array|
|F_0_20_ce0                         |  out|    1|   ap_memory|                                                                  F_0_20|         array|
|F_0_20_we0                         |  out|    1|   ap_memory|                                                                  F_0_20|         array|
|F_0_20_d0                          |  out|   32|   ap_memory|                                                                  F_0_20|         array|
|F_0_21_address0                    |  out|    6|   ap_memory|                                                                  F_0_21|         array|
|F_0_21_ce0                         |  out|    1|   ap_memory|                                                                  F_0_21|         array|
|F_0_21_we0                         |  out|    1|   ap_memory|                                                                  F_0_21|         array|
|F_0_21_d0                          |  out|   32|   ap_memory|                                                                  F_0_21|         array|
|F_0_22_address0                    |  out|    6|   ap_memory|                                                                  F_0_22|         array|
|F_0_22_ce0                         |  out|    1|   ap_memory|                                                                  F_0_22|         array|
|F_0_22_we0                         |  out|    1|   ap_memory|                                                                  F_0_22|         array|
|F_0_22_d0                          |  out|   32|   ap_memory|                                                                  F_0_22|         array|
|F_0_23_address0                    |  out|    6|   ap_memory|                                                                  F_0_23|         array|
|F_0_23_ce0                         |  out|    1|   ap_memory|                                                                  F_0_23|         array|
|F_0_23_we0                         |  out|    1|   ap_memory|                                                                  F_0_23|         array|
|F_0_23_d0                          |  out|   32|   ap_memory|                                                                  F_0_23|         array|
|F_1_0_address0                     |  out|    6|   ap_memory|                                                                   F_1_0|         array|
|F_1_0_ce0                          |  out|    1|   ap_memory|                                                                   F_1_0|         array|
|F_1_0_we0                          |  out|    1|   ap_memory|                                                                   F_1_0|         array|
|F_1_0_d0                           |  out|   32|   ap_memory|                                                                   F_1_0|         array|
|F_1_1_address0                     |  out|    6|   ap_memory|                                                                   F_1_1|         array|
|F_1_1_ce0                          |  out|    1|   ap_memory|                                                                   F_1_1|         array|
|F_1_1_we0                          |  out|    1|   ap_memory|                                                                   F_1_1|         array|
|F_1_1_d0                           |  out|   32|   ap_memory|                                                                   F_1_1|         array|
|F_1_2_address0                     |  out|    6|   ap_memory|                                                                   F_1_2|         array|
|F_1_2_ce0                          |  out|    1|   ap_memory|                                                                   F_1_2|         array|
|F_1_2_we0                          |  out|    1|   ap_memory|                                                                   F_1_2|         array|
|F_1_2_d0                           |  out|   32|   ap_memory|                                                                   F_1_2|         array|
|F_1_3_address0                     |  out|    6|   ap_memory|                                                                   F_1_3|         array|
|F_1_3_ce0                          |  out|    1|   ap_memory|                                                                   F_1_3|         array|
|F_1_3_we0                          |  out|    1|   ap_memory|                                                                   F_1_3|         array|
|F_1_3_d0                           |  out|   32|   ap_memory|                                                                   F_1_3|         array|
|F_1_4_address0                     |  out|    6|   ap_memory|                                                                   F_1_4|         array|
|F_1_4_ce0                          |  out|    1|   ap_memory|                                                                   F_1_4|         array|
|F_1_4_we0                          |  out|    1|   ap_memory|                                                                   F_1_4|         array|
|F_1_4_d0                           |  out|   32|   ap_memory|                                                                   F_1_4|         array|
|F_1_5_address0                     |  out|    6|   ap_memory|                                                                   F_1_5|         array|
|F_1_5_ce0                          |  out|    1|   ap_memory|                                                                   F_1_5|         array|
|F_1_5_we0                          |  out|    1|   ap_memory|                                                                   F_1_5|         array|
|F_1_5_d0                           |  out|   32|   ap_memory|                                                                   F_1_5|         array|
|F_1_6_address0                     |  out|    6|   ap_memory|                                                                   F_1_6|         array|
|F_1_6_ce0                          |  out|    1|   ap_memory|                                                                   F_1_6|         array|
|F_1_6_we0                          |  out|    1|   ap_memory|                                                                   F_1_6|         array|
|F_1_6_d0                           |  out|   32|   ap_memory|                                                                   F_1_6|         array|
|F_1_7_address0                     |  out|    6|   ap_memory|                                                                   F_1_7|         array|
|F_1_7_ce0                          |  out|    1|   ap_memory|                                                                   F_1_7|         array|
|F_1_7_we0                          |  out|    1|   ap_memory|                                                                   F_1_7|         array|
|F_1_7_d0                           |  out|   32|   ap_memory|                                                                   F_1_7|         array|
|F_1_8_address0                     |  out|    6|   ap_memory|                                                                   F_1_8|         array|
|F_1_8_ce0                          |  out|    1|   ap_memory|                                                                   F_1_8|         array|
|F_1_8_we0                          |  out|    1|   ap_memory|                                                                   F_1_8|         array|
|F_1_8_d0                           |  out|   32|   ap_memory|                                                                   F_1_8|         array|
|F_1_9_address0                     |  out|    6|   ap_memory|                                                                   F_1_9|         array|
|F_1_9_ce0                          |  out|    1|   ap_memory|                                                                   F_1_9|         array|
|F_1_9_we0                          |  out|    1|   ap_memory|                                                                   F_1_9|         array|
|F_1_9_d0                           |  out|   32|   ap_memory|                                                                   F_1_9|         array|
|F_1_10_address0                    |  out|    6|   ap_memory|                                                                  F_1_10|         array|
|F_1_10_ce0                         |  out|    1|   ap_memory|                                                                  F_1_10|         array|
|F_1_10_we0                         |  out|    1|   ap_memory|                                                                  F_1_10|         array|
|F_1_10_d0                          |  out|   32|   ap_memory|                                                                  F_1_10|         array|
|F_1_11_address0                    |  out|    6|   ap_memory|                                                                  F_1_11|         array|
|F_1_11_ce0                         |  out|    1|   ap_memory|                                                                  F_1_11|         array|
|F_1_11_we0                         |  out|    1|   ap_memory|                                                                  F_1_11|         array|
|F_1_11_d0                          |  out|   32|   ap_memory|                                                                  F_1_11|         array|
|F_1_12_address0                    |  out|    6|   ap_memory|                                                                  F_1_12|         array|
|F_1_12_ce0                         |  out|    1|   ap_memory|                                                                  F_1_12|         array|
|F_1_12_we0                         |  out|    1|   ap_memory|                                                                  F_1_12|         array|
|F_1_12_d0                          |  out|   32|   ap_memory|                                                                  F_1_12|         array|
|F_1_13_address0                    |  out|    6|   ap_memory|                                                                  F_1_13|         array|
|F_1_13_ce0                         |  out|    1|   ap_memory|                                                                  F_1_13|         array|
|F_1_13_we0                         |  out|    1|   ap_memory|                                                                  F_1_13|         array|
|F_1_13_d0                          |  out|   32|   ap_memory|                                                                  F_1_13|         array|
|F_1_14_address0                    |  out|    6|   ap_memory|                                                                  F_1_14|         array|
|F_1_14_ce0                         |  out|    1|   ap_memory|                                                                  F_1_14|         array|
|F_1_14_we0                         |  out|    1|   ap_memory|                                                                  F_1_14|         array|
|F_1_14_d0                          |  out|   32|   ap_memory|                                                                  F_1_14|         array|
|F_1_15_address0                    |  out|    6|   ap_memory|                                                                  F_1_15|         array|
|F_1_15_ce0                         |  out|    1|   ap_memory|                                                                  F_1_15|         array|
|F_1_15_we0                         |  out|    1|   ap_memory|                                                                  F_1_15|         array|
|F_1_15_d0                          |  out|   32|   ap_memory|                                                                  F_1_15|         array|
|F_1_16_address0                    |  out|    6|   ap_memory|                                                                  F_1_16|         array|
|F_1_16_ce0                         |  out|    1|   ap_memory|                                                                  F_1_16|         array|
|F_1_16_we0                         |  out|    1|   ap_memory|                                                                  F_1_16|         array|
|F_1_16_d0                          |  out|   32|   ap_memory|                                                                  F_1_16|         array|
|F_1_17_address0                    |  out|    6|   ap_memory|                                                                  F_1_17|         array|
|F_1_17_ce0                         |  out|    1|   ap_memory|                                                                  F_1_17|         array|
|F_1_17_we0                         |  out|    1|   ap_memory|                                                                  F_1_17|         array|
|F_1_17_d0                          |  out|   32|   ap_memory|                                                                  F_1_17|         array|
|F_1_18_address0                    |  out|    6|   ap_memory|                                                                  F_1_18|         array|
|F_1_18_ce0                         |  out|    1|   ap_memory|                                                                  F_1_18|         array|
|F_1_18_we0                         |  out|    1|   ap_memory|                                                                  F_1_18|         array|
|F_1_18_d0                          |  out|   32|   ap_memory|                                                                  F_1_18|         array|
|F_1_19_address0                    |  out|    6|   ap_memory|                                                                  F_1_19|         array|
|F_1_19_ce0                         |  out|    1|   ap_memory|                                                                  F_1_19|         array|
|F_1_19_we0                         |  out|    1|   ap_memory|                                                                  F_1_19|         array|
|F_1_19_d0                          |  out|   32|   ap_memory|                                                                  F_1_19|         array|
|F_1_20_address0                    |  out|    6|   ap_memory|                                                                  F_1_20|         array|
|F_1_20_ce0                         |  out|    1|   ap_memory|                                                                  F_1_20|         array|
|F_1_20_we0                         |  out|    1|   ap_memory|                                                                  F_1_20|         array|
|F_1_20_d0                          |  out|   32|   ap_memory|                                                                  F_1_20|         array|
|F_1_21_address0                    |  out|    6|   ap_memory|                                                                  F_1_21|         array|
|F_1_21_ce0                         |  out|    1|   ap_memory|                                                                  F_1_21|         array|
|F_1_21_we0                         |  out|    1|   ap_memory|                                                                  F_1_21|         array|
|F_1_21_d0                          |  out|   32|   ap_memory|                                                                  F_1_21|         array|
|F_1_22_address0                    |  out|    6|   ap_memory|                                                                  F_1_22|         array|
|F_1_22_ce0                         |  out|    1|   ap_memory|                                                                  F_1_22|         array|
|F_1_22_we0                         |  out|    1|   ap_memory|                                                                  F_1_22|         array|
|F_1_22_d0                          |  out|   32|   ap_memory|                                                                  F_1_22|         array|
|F_1_23_address0                    |  out|    6|   ap_memory|                                                                  F_1_23|         array|
|F_1_23_ce0                         |  out|    1|   ap_memory|                                                                  F_1_23|         array|
|F_1_23_we0                         |  out|    1|   ap_memory|                                                                  F_1_23|         array|
|F_1_23_d0                          |  out|   32|   ap_memory|                                                                  F_1_23|         array|
|F_2_0_address0                     |  out|    6|   ap_memory|                                                                   F_2_0|         array|
|F_2_0_ce0                          |  out|    1|   ap_memory|                                                                   F_2_0|         array|
|F_2_0_we0                          |  out|    1|   ap_memory|                                                                   F_2_0|         array|
|F_2_0_d0                           |  out|   32|   ap_memory|                                                                   F_2_0|         array|
|F_2_1_address0                     |  out|    6|   ap_memory|                                                                   F_2_1|         array|
|F_2_1_ce0                          |  out|    1|   ap_memory|                                                                   F_2_1|         array|
|F_2_1_we0                          |  out|    1|   ap_memory|                                                                   F_2_1|         array|
|F_2_1_d0                           |  out|   32|   ap_memory|                                                                   F_2_1|         array|
|F_2_2_address0                     |  out|    6|   ap_memory|                                                                   F_2_2|         array|
|F_2_2_ce0                          |  out|    1|   ap_memory|                                                                   F_2_2|         array|
|F_2_2_we0                          |  out|    1|   ap_memory|                                                                   F_2_2|         array|
|F_2_2_d0                           |  out|   32|   ap_memory|                                                                   F_2_2|         array|
|F_2_3_address0                     |  out|    6|   ap_memory|                                                                   F_2_3|         array|
|F_2_3_ce0                          |  out|    1|   ap_memory|                                                                   F_2_3|         array|
|F_2_3_we0                          |  out|    1|   ap_memory|                                                                   F_2_3|         array|
|F_2_3_d0                           |  out|   32|   ap_memory|                                                                   F_2_3|         array|
|F_2_4_address0                     |  out|    6|   ap_memory|                                                                   F_2_4|         array|
|F_2_4_ce0                          |  out|    1|   ap_memory|                                                                   F_2_4|         array|
|F_2_4_we0                          |  out|    1|   ap_memory|                                                                   F_2_4|         array|
|F_2_4_d0                           |  out|   32|   ap_memory|                                                                   F_2_4|         array|
|F_2_5_address0                     |  out|    6|   ap_memory|                                                                   F_2_5|         array|
|F_2_5_ce0                          |  out|    1|   ap_memory|                                                                   F_2_5|         array|
|F_2_5_we0                          |  out|    1|   ap_memory|                                                                   F_2_5|         array|
|F_2_5_d0                           |  out|   32|   ap_memory|                                                                   F_2_5|         array|
|F_2_6_address0                     |  out|    6|   ap_memory|                                                                   F_2_6|         array|
|F_2_6_ce0                          |  out|    1|   ap_memory|                                                                   F_2_6|         array|
|F_2_6_we0                          |  out|    1|   ap_memory|                                                                   F_2_6|         array|
|F_2_6_d0                           |  out|   32|   ap_memory|                                                                   F_2_6|         array|
|F_2_7_address0                     |  out|    6|   ap_memory|                                                                   F_2_7|         array|
|F_2_7_ce0                          |  out|    1|   ap_memory|                                                                   F_2_7|         array|
|F_2_7_we0                          |  out|    1|   ap_memory|                                                                   F_2_7|         array|
|F_2_7_d0                           |  out|   32|   ap_memory|                                                                   F_2_7|         array|
|F_2_8_address0                     |  out|    6|   ap_memory|                                                                   F_2_8|         array|
|F_2_8_ce0                          |  out|    1|   ap_memory|                                                                   F_2_8|         array|
|F_2_8_we0                          |  out|    1|   ap_memory|                                                                   F_2_8|         array|
|F_2_8_d0                           |  out|   32|   ap_memory|                                                                   F_2_8|         array|
|F_2_9_address0                     |  out|    6|   ap_memory|                                                                   F_2_9|         array|
|F_2_9_ce0                          |  out|    1|   ap_memory|                                                                   F_2_9|         array|
|F_2_9_we0                          |  out|    1|   ap_memory|                                                                   F_2_9|         array|
|F_2_9_d0                           |  out|   32|   ap_memory|                                                                   F_2_9|         array|
|F_2_10_address0                    |  out|    6|   ap_memory|                                                                  F_2_10|         array|
|F_2_10_ce0                         |  out|    1|   ap_memory|                                                                  F_2_10|         array|
|F_2_10_we0                         |  out|    1|   ap_memory|                                                                  F_2_10|         array|
|F_2_10_d0                          |  out|   32|   ap_memory|                                                                  F_2_10|         array|
|F_2_11_address0                    |  out|    6|   ap_memory|                                                                  F_2_11|         array|
|F_2_11_ce0                         |  out|    1|   ap_memory|                                                                  F_2_11|         array|
|F_2_11_we0                         |  out|    1|   ap_memory|                                                                  F_2_11|         array|
|F_2_11_d0                          |  out|   32|   ap_memory|                                                                  F_2_11|         array|
|F_2_12_address0                    |  out|    6|   ap_memory|                                                                  F_2_12|         array|
|F_2_12_ce0                         |  out|    1|   ap_memory|                                                                  F_2_12|         array|
|F_2_12_we0                         |  out|    1|   ap_memory|                                                                  F_2_12|         array|
|F_2_12_d0                          |  out|   32|   ap_memory|                                                                  F_2_12|         array|
|F_2_13_address0                    |  out|    6|   ap_memory|                                                                  F_2_13|         array|
|F_2_13_ce0                         |  out|    1|   ap_memory|                                                                  F_2_13|         array|
|F_2_13_we0                         |  out|    1|   ap_memory|                                                                  F_2_13|         array|
|F_2_13_d0                          |  out|   32|   ap_memory|                                                                  F_2_13|         array|
|F_2_14_address0                    |  out|    6|   ap_memory|                                                                  F_2_14|         array|
|F_2_14_ce0                         |  out|    1|   ap_memory|                                                                  F_2_14|         array|
|F_2_14_we0                         |  out|    1|   ap_memory|                                                                  F_2_14|         array|
|F_2_14_d0                          |  out|   32|   ap_memory|                                                                  F_2_14|         array|
|F_2_15_address0                    |  out|    6|   ap_memory|                                                                  F_2_15|         array|
|F_2_15_ce0                         |  out|    1|   ap_memory|                                                                  F_2_15|         array|
|F_2_15_we0                         |  out|    1|   ap_memory|                                                                  F_2_15|         array|
|F_2_15_d0                          |  out|   32|   ap_memory|                                                                  F_2_15|         array|
|F_2_16_address0                    |  out|    6|   ap_memory|                                                                  F_2_16|         array|
|F_2_16_ce0                         |  out|    1|   ap_memory|                                                                  F_2_16|         array|
|F_2_16_we0                         |  out|    1|   ap_memory|                                                                  F_2_16|         array|
|F_2_16_d0                          |  out|   32|   ap_memory|                                                                  F_2_16|         array|
|F_2_17_address0                    |  out|    6|   ap_memory|                                                                  F_2_17|         array|
|F_2_17_ce0                         |  out|    1|   ap_memory|                                                                  F_2_17|         array|
|F_2_17_we0                         |  out|    1|   ap_memory|                                                                  F_2_17|         array|
|F_2_17_d0                          |  out|   32|   ap_memory|                                                                  F_2_17|         array|
|F_2_18_address0                    |  out|    6|   ap_memory|                                                                  F_2_18|         array|
|F_2_18_ce0                         |  out|    1|   ap_memory|                                                                  F_2_18|         array|
|F_2_18_we0                         |  out|    1|   ap_memory|                                                                  F_2_18|         array|
|F_2_18_d0                          |  out|   32|   ap_memory|                                                                  F_2_18|         array|
|F_2_19_address0                    |  out|    6|   ap_memory|                                                                  F_2_19|         array|
|F_2_19_ce0                         |  out|    1|   ap_memory|                                                                  F_2_19|         array|
|F_2_19_we0                         |  out|    1|   ap_memory|                                                                  F_2_19|         array|
|F_2_19_d0                          |  out|   32|   ap_memory|                                                                  F_2_19|         array|
|F_2_20_address0                    |  out|    6|   ap_memory|                                                                  F_2_20|         array|
|F_2_20_ce0                         |  out|    1|   ap_memory|                                                                  F_2_20|         array|
|F_2_20_we0                         |  out|    1|   ap_memory|                                                                  F_2_20|         array|
|F_2_20_d0                          |  out|   32|   ap_memory|                                                                  F_2_20|         array|
|F_2_21_address0                    |  out|    6|   ap_memory|                                                                  F_2_21|         array|
|F_2_21_ce0                         |  out|    1|   ap_memory|                                                                  F_2_21|         array|
|F_2_21_we0                         |  out|    1|   ap_memory|                                                                  F_2_21|         array|
|F_2_21_d0                          |  out|   32|   ap_memory|                                                                  F_2_21|         array|
|F_2_22_address0                    |  out|    6|   ap_memory|                                                                  F_2_22|         array|
|F_2_22_ce0                         |  out|    1|   ap_memory|                                                                  F_2_22|         array|
|F_2_22_we0                         |  out|    1|   ap_memory|                                                                  F_2_22|         array|
|F_2_22_d0                          |  out|   32|   ap_memory|                                                                  F_2_22|         array|
|F_2_23_address0                    |  out|    6|   ap_memory|                                                                  F_2_23|         array|
|F_2_23_ce0                         |  out|    1|   ap_memory|                                                                  F_2_23|         array|
|F_2_23_we0                         |  out|    1|   ap_memory|                                                                  F_2_23|         array|
|F_2_23_d0                          |  out|   32|   ap_memory|                                                                  F_2_23|         array|
|F_3_0_address0                     |  out|    6|   ap_memory|                                                                   F_3_0|         array|
|F_3_0_ce0                          |  out|    1|   ap_memory|                                                                   F_3_0|         array|
|F_3_0_we0                          |  out|    1|   ap_memory|                                                                   F_3_0|         array|
|F_3_0_d0                           |  out|   32|   ap_memory|                                                                   F_3_0|         array|
|F_3_1_address0                     |  out|    6|   ap_memory|                                                                   F_3_1|         array|
|F_3_1_ce0                          |  out|    1|   ap_memory|                                                                   F_3_1|         array|
|F_3_1_we0                          |  out|    1|   ap_memory|                                                                   F_3_1|         array|
|F_3_1_d0                           |  out|   32|   ap_memory|                                                                   F_3_1|         array|
|F_3_2_address0                     |  out|    6|   ap_memory|                                                                   F_3_2|         array|
|F_3_2_ce0                          |  out|    1|   ap_memory|                                                                   F_3_2|         array|
|F_3_2_we0                          |  out|    1|   ap_memory|                                                                   F_3_2|         array|
|F_3_2_d0                           |  out|   32|   ap_memory|                                                                   F_3_2|         array|
|F_3_3_address0                     |  out|    6|   ap_memory|                                                                   F_3_3|         array|
|F_3_3_ce0                          |  out|    1|   ap_memory|                                                                   F_3_3|         array|
|F_3_3_we0                          |  out|    1|   ap_memory|                                                                   F_3_3|         array|
|F_3_3_d0                           |  out|   32|   ap_memory|                                                                   F_3_3|         array|
|F_3_4_address0                     |  out|    6|   ap_memory|                                                                   F_3_4|         array|
|F_3_4_ce0                          |  out|    1|   ap_memory|                                                                   F_3_4|         array|
|F_3_4_we0                          |  out|    1|   ap_memory|                                                                   F_3_4|         array|
|F_3_4_d0                           |  out|   32|   ap_memory|                                                                   F_3_4|         array|
|F_3_5_address0                     |  out|    6|   ap_memory|                                                                   F_3_5|         array|
|F_3_5_ce0                          |  out|    1|   ap_memory|                                                                   F_3_5|         array|
|F_3_5_we0                          |  out|    1|   ap_memory|                                                                   F_3_5|         array|
|F_3_5_d0                           |  out|   32|   ap_memory|                                                                   F_3_5|         array|
|F_3_6_address0                     |  out|    6|   ap_memory|                                                                   F_3_6|         array|
|F_3_6_ce0                          |  out|    1|   ap_memory|                                                                   F_3_6|         array|
|F_3_6_we0                          |  out|    1|   ap_memory|                                                                   F_3_6|         array|
|F_3_6_d0                           |  out|   32|   ap_memory|                                                                   F_3_6|         array|
|F_3_7_address0                     |  out|    6|   ap_memory|                                                                   F_3_7|         array|
|F_3_7_ce0                          |  out|    1|   ap_memory|                                                                   F_3_7|         array|
|F_3_7_we0                          |  out|    1|   ap_memory|                                                                   F_3_7|         array|
|F_3_7_d0                           |  out|   32|   ap_memory|                                                                   F_3_7|         array|
|F_3_8_address0                     |  out|    6|   ap_memory|                                                                   F_3_8|         array|
|F_3_8_ce0                          |  out|    1|   ap_memory|                                                                   F_3_8|         array|
|F_3_8_we0                          |  out|    1|   ap_memory|                                                                   F_3_8|         array|
|F_3_8_d0                           |  out|   32|   ap_memory|                                                                   F_3_8|         array|
|F_3_9_address0                     |  out|    6|   ap_memory|                                                                   F_3_9|         array|
|F_3_9_ce0                          |  out|    1|   ap_memory|                                                                   F_3_9|         array|
|F_3_9_we0                          |  out|    1|   ap_memory|                                                                   F_3_9|         array|
|F_3_9_d0                           |  out|   32|   ap_memory|                                                                   F_3_9|         array|
|F_3_10_address0                    |  out|    6|   ap_memory|                                                                  F_3_10|         array|
|F_3_10_ce0                         |  out|    1|   ap_memory|                                                                  F_3_10|         array|
|F_3_10_we0                         |  out|    1|   ap_memory|                                                                  F_3_10|         array|
|F_3_10_d0                          |  out|   32|   ap_memory|                                                                  F_3_10|         array|
|F_3_11_address0                    |  out|    6|   ap_memory|                                                                  F_3_11|         array|
|F_3_11_ce0                         |  out|    1|   ap_memory|                                                                  F_3_11|         array|
|F_3_11_we0                         |  out|    1|   ap_memory|                                                                  F_3_11|         array|
|F_3_11_d0                          |  out|   32|   ap_memory|                                                                  F_3_11|         array|
|F_3_12_address0                    |  out|    6|   ap_memory|                                                                  F_3_12|         array|
|F_3_12_ce0                         |  out|    1|   ap_memory|                                                                  F_3_12|         array|
|F_3_12_we0                         |  out|    1|   ap_memory|                                                                  F_3_12|         array|
|F_3_12_d0                          |  out|   32|   ap_memory|                                                                  F_3_12|         array|
|F_3_13_address0                    |  out|    6|   ap_memory|                                                                  F_3_13|         array|
|F_3_13_ce0                         |  out|    1|   ap_memory|                                                                  F_3_13|         array|
|F_3_13_we0                         |  out|    1|   ap_memory|                                                                  F_3_13|         array|
|F_3_13_d0                          |  out|   32|   ap_memory|                                                                  F_3_13|         array|
|F_3_14_address0                    |  out|    6|   ap_memory|                                                                  F_3_14|         array|
|F_3_14_ce0                         |  out|    1|   ap_memory|                                                                  F_3_14|         array|
|F_3_14_we0                         |  out|    1|   ap_memory|                                                                  F_3_14|         array|
|F_3_14_d0                          |  out|   32|   ap_memory|                                                                  F_3_14|         array|
|F_3_15_address0                    |  out|    6|   ap_memory|                                                                  F_3_15|         array|
|F_3_15_ce0                         |  out|    1|   ap_memory|                                                                  F_3_15|         array|
|F_3_15_we0                         |  out|    1|   ap_memory|                                                                  F_3_15|         array|
|F_3_15_d0                          |  out|   32|   ap_memory|                                                                  F_3_15|         array|
|F_3_16_address0                    |  out|    6|   ap_memory|                                                                  F_3_16|         array|
|F_3_16_ce0                         |  out|    1|   ap_memory|                                                                  F_3_16|         array|
|F_3_16_we0                         |  out|    1|   ap_memory|                                                                  F_3_16|         array|
|F_3_16_d0                          |  out|   32|   ap_memory|                                                                  F_3_16|         array|
|F_3_17_address0                    |  out|    6|   ap_memory|                                                                  F_3_17|         array|
|F_3_17_ce0                         |  out|    1|   ap_memory|                                                                  F_3_17|         array|
|F_3_17_we0                         |  out|    1|   ap_memory|                                                                  F_3_17|         array|
|F_3_17_d0                          |  out|   32|   ap_memory|                                                                  F_3_17|         array|
|F_3_18_address0                    |  out|    6|   ap_memory|                                                                  F_3_18|         array|
|F_3_18_ce0                         |  out|    1|   ap_memory|                                                                  F_3_18|         array|
|F_3_18_we0                         |  out|    1|   ap_memory|                                                                  F_3_18|         array|
|F_3_18_d0                          |  out|   32|   ap_memory|                                                                  F_3_18|         array|
|F_3_19_address0                    |  out|    6|   ap_memory|                                                                  F_3_19|         array|
|F_3_19_ce0                         |  out|    1|   ap_memory|                                                                  F_3_19|         array|
|F_3_19_we0                         |  out|    1|   ap_memory|                                                                  F_3_19|         array|
|F_3_19_d0                          |  out|   32|   ap_memory|                                                                  F_3_19|         array|
|F_3_20_address0                    |  out|    6|   ap_memory|                                                                  F_3_20|         array|
|F_3_20_ce0                         |  out|    1|   ap_memory|                                                                  F_3_20|         array|
|F_3_20_we0                         |  out|    1|   ap_memory|                                                                  F_3_20|         array|
|F_3_20_d0                          |  out|   32|   ap_memory|                                                                  F_3_20|         array|
|F_3_21_address0                    |  out|    6|   ap_memory|                                                                  F_3_21|         array|
|F_3_21_ce0                         |  out|    1|   ap_memory|                                                                  F_3_21|         array|
|F_3_21_we0                         |  out|    1|   ap_memory|                                                                  F_3_21|         array|
|F_3_21_d0                          |  out|   32|   ap_memory|                                                                  F_3_21|         array|
|F_3_22_address0                    |  out|    6|   ap_memory|                                                                  F_3_22|         array|
|F_3_22_ce0                         |  out|    1|   ap_memory|                                                                  F_3_22|         array|
|F_3_22_we0                         |  out|    1|   ap_memory|                                                                  F_3_22|         array|
|F_3_22_d0                          |  out|   32|   ap_memory|                                                                  F_3_22|         array|
|F_3_23_address0                    |  out|    6|   ap_memory|                                                                  F_3_23|         array|
|F_3_23_ce0                         |  out|    1|   ap_memory|                                                                  F_3_23|         array|
|F_3_23_we0                         |  out|    1|   ap_memory|                                                                  F_3_23|         array|
|F_3_23_d0                          |  out|   32|   ap_memory|                                                                  F_3_23|         array|
|fifo_F_from_task3_to_task5_TREADY  |  out|    1|        axis|                                     fifo_F_from_task3_to_task5_V_last_V|       pointer|
|fifo_F_from_task3_to_task5_TLAST   |   in|    1|        axis|                                     fifo_F_from_task3_to_task5_V_last_V|       pointer|
|fifo_F_from_task3_to_task5_TKEEP   |   in|   32|        axis|                                     fifo_F_from_task3_to_task5_V_keep_V|       pointer|
|fifo_F_from_task3_to_task5_TSTRB   |   in|   32|        axis|                                     fifo_F_from_task3_to_task5_V_strb_V|       pointer|
+-----------------------------------+-----+-----+------------+------------------------------------------------------------------------+--------------+

