

================================================================
== Vitis HLS Report for 'read_E_FT2_2_Pipeline_VITIS_LOOP_275_1_VITIS_LOOP_277_2_VITIS_LOOP_279_3'
================================================================
* Date:           Fri Jan 10 12:37:02 2025

* Version:        2023.2 (Build 4023990 on Oct 11 2023)
* Project:        kernel_nlp_slr1
* Solution:       solution (Vitis Kernel Flow Target)
* Product family: virtexuplusHBM
* Target device:  xcu55c-fsvh2892-2L-e


================================================================
== Performance Estimates
================================================================
+ Timing: 
    * Summary: 
    +--------+---------+----------+------------+
    |  Clock |  Target | Estimated| Uncertainty|
    +--------+---------+----------+------------+
    |ap_clk  |  4.55 ns|  3.178 ns|     1.23 ns|
    +--------+---------+----------+------------+

+ Latency: 
    * Summary: 
    +---------+---------+----------+----------+-----+-----+---------+
    |  Latency (cycles) |  Latency (absolute) |  Interval | Pipeline|
    |   min   |   max   |    min   |    max   | min | max |   Type  |
    +---------+---------+----------+----------+-----+-----+---------+
    |      243|      243|  1.104 us|  1.104 us|  243|  243|       no|
    +---------+---------+----------+----------+-----+-----+---------+

    + Detail: 
        * Instance: 
        N/A

        * Loop: 
        +------------------------------------------------------+---------+---------+----------+-----------+-----------+------+----------+
        |                                                      |  Latency (cycles) | Iteration|  Initiation Interval  | Trip |          |
        |                       Loop Name                      |   min   |   max   |  Latency |  achieved |   target  | Count| Pipelined|
        +------------------------------------------------------+---------+---------+----------+-----------+-----------+------+----------+
        |- VITIS_LOOP_275_1_VITIS_LOOP_277_2_VITIS_LOOP_279_3  |      241|      241|         4|          2|          1|   120|       yes|
        +------------------------------------------------------+---------+---------+----------+-----------+-----------+------+----------+



================================================================
== Utilization Estimates
================================================================
* Summary: 
+---------------------+---------+------+---------+---------+-----+
|         Name        | BRAM_18K|  DSP |    FF   |   LUT   | URAM|
+---------------------+---------+------+---------+---------+-----+
|DSP                  |        -|     -|        -|        -|    -|
|Expression           |        -|     -|        0|      226|    -|
|FIFO                 |        -|     -|        -|        -|    -|
|Instance             |        -|     -|        -|        -|    -|
|Memory               |        -|     -|        -|        -|    -|
|Multiplexer          |        -|     -|        -|     2371|    -|
|Register             |        -|     -|      452|        -|    -|
+---------------------+---------+------+---------+---------+-----+
|Total                |        0|     0|      452|     2597|    0|
+---------------------+---------+------+---------+---------+-----+
|Available SLR        |     1344|  3008|   869120|   434560|  320|
+---------------------+---------+------+---------+---------+-----+
|Utilization SLR (%)  |        0|     0|       ~0|       ~0|    0|
+---------------------+---------+------+---------+---------+-----+
|Available            |     4032|  9024|  2607360|  1303680|  960|
+---------------------+---------+------+---------+---------+-----+
|Utilization (%)      |        0|     0|       ~0|       ~0|    0|
+---------------------+---------+------+---------+---------+-----+

+ Detail: 
    * Instance: 
    N/A

    * DSP: 
    N/A

    * Memory: 
    N/A

    * FIFO: 
    N/A

    * Expression: 
    +----------------------------------+----------+----+---+----+------------+------------+
    |           Variable Name          | Operation| DSP| FF| LUT| Bitwidth P0| Bitwidth P1|
    +----------------------------------+----------+----+---+----+------------+------------+
    |add_ln275_1_fu_1955_p2            |         +|   0|  0|  14|           7|           1|
    |add_ln275_fu_2016_p2              |         +|   0|  0|  10|           3|           1|
    |add_ln277_1_fu_2400_p2            |         +|   0|  0|  13|           6|           1|
    |add_ln277_fu_1999_p2              |         +|   0|  0|  12|           4|           1|
    |add_ln279_fu_2394_p2              |         +|   0|  0|  13|           6|           5|
    |add_ln282_fu_2100_p2              |         +|   0|  0|  18|           9|           9|
    |add_ln283_fu_2120_p2              |         +|   0|  0|  16|           7|           7|
    |empty_41_fu_2072_p2               |         -|   0|  0|  18|           9|           9|
    |p_udiv1_fu_2090_p2                |         -|   0|  0|  16|           7|           7|
    |and_ln275_fu_1993_p2              |       and|   0|  0|   2|           1|           1|
    |ap_block_pp0_stage1_11001         |       and|   0|  0|   2|           1|           1|
    |ap_block_state2_pp0_stage1_iter0  |       and|   0|  0|   2|           1|           1|
    |icmp_ln275_fu_1949_p2             |      icmp|   0|  0|  14|           7|           5|
    |icmp_ln277_fu_1967_p2             |      icmp|   0|  0|  13|           6|           5|
    |icmp_ln279_fu_1987_p2             |      icmp|   0|  0|  13|           6|           6|
    |or_ln277_fu_2029_p2               |        or|   0|  0|   2|           1|           1|
    |or_ln302_fu_2448_p2               |        or|   0|  0|   7|           7|           1|
    |or_ln318_fu_2553_p2               |        or|   0|  0|   7|           7|           2|
    |or_ln334_fu_2658_p2               |        or|   0|  0|   7|           7|           2|
    |select_ln275_1_fu_2022_p3         |    select|   0|  0|   3|           1|           3|
    |select_ln275_fu_1973_p3           |    select|   0|  0|   4|           1|           1|
    |select_ln277_1_fu_2005_p3         |    select|   0|  0|   4|           1|           4|
    |select_ln277_2_fu_2405_p3         |    select|   0|  0|   6|           1|           1|
    |select_ln277_fu_2033_p3           |    select|   0|  0|   6|           1|           1|
    |ap_enable_pp0                     |       xor|   0|  0|   2|           1|           2|
    |xor_ln275_fu_1981_p2              |       xor|   0|  0|   2|           1|           2|
    +----------------------------------+----------+----+---+----+------------+------------+
    |Total                             |          |   0|  0| 226|         109|          80|
    +----------------------------------+----------+----+---+----+------------+------------+

    * Multiplexer: 
    +----------------------------------------+----+-----------+-----+-----------+
    |                  Name                  | LUT| Input Size| Bits| Total Bits|
    +----------------------------------------+----+-----------+-----+-----------+
    |E_0_0_address0                          |  14|          3|   10|         30|
    |E_0_0_address1                          |  14|          3|   10|         30|
    |E_0_0_d0                                |  14|          3|   32|         96|
    |E_0_0_d1                                |  14|          3|   32|         96|
    |E_0_1_address0                          |  14|          3|   10|         30|
    |E_0_1_address1                          |  14|          3|   10|         30|
    |E_0_1_d0                                |  14|          3|   32|         96|
    |E_0_1_d1                                |  14|          3|   32|         96|
    |E_0_2_address0                          |  14|          3|   10|         30|
    |E_0_2_address1                          |  14|          3|   10|         30|
    |E_0_2_d0                                |  14|          3|   32|         96|
    |E_0_2_d1                                |  14|          3|   32|         96|
    |E_0_3_address0                          |  14|          3|   10|         30|
    |E_0_3_address1                          |  14|          3|   10|         30|
    |E_0_3_d0                                |  14|          3|   32|         96|
    |E_0_3_d1                                |  14|          3|   32|         96|
    |E_1_0_address0                          |  14|          3|   10|         30|
    |E_1_0_address1                          |  14|          3|   10|         30|
    |E_1_0_d0                                |  14|          3|   32|         96|
    |E_1_0_d1                                |  14|          3|   32|         96|
    |E_1_1_address0                          |  14|          3|   10|         30|
    |E_1_1_address1                          |  14|          3|   10|         30|
    |E_1_1_d0                                |  14|          3|   32|         96|
    |E_1_1_d1                                |  14|          3|   32|         96|
    |E_1_2_address0                          |  14|          3|   10|         30|
    |E_1_2_address1                          |  14|          3|   10|         30|
    |E_1_2_d0                                |  14|          3|   32|         96|
    |E_1_2_d1                                |  14|          3|   32|         96|
    |E_1_3_address0                          |  14|          3|   10|         30|
    |E_1_3_address1                          |  14|          3|   10|         30|
    |E_1_3_d0                                |  14|          3|   32|         96|
    |E_1_3_d1                                |  14|          3|   32|         96|
    |E_2_0_address0                          |  14|          3|   10|         30|
    |E_2_0_address1                          |  14|          3|   10|         30|
    |E_2_0_d0                                |  14|          3|   32|         96|
    |E_2_0_d1                                |  14|          3|   32|         96|
    |E_2_1_address0                          |  14|          3|   10|         30|
    |E_2_1_address1                          |  14|          3|   10|         30|
    |E_2_1_d0                                |  14|          3|   32|         96|
    |E_2_1_d1                                |  14|          3|   32|         96|
    |E_2_2_address0                          |  14|          3|   10|         30|
    |E_2_2_address1                          |  14|          3|   10|         30|
    |E_2_2_d0                                |  14|          3|   32|         96|
    |E_2_2_d1                                |  14|          3|   32|         96|
    |E_2_3_address0                          |  14|          3|   10|         30|
    |E_2_3_address1                          |  14|          3|   10|         30|
    |E_2_3_d0                                |  14|          3|   32|         96|
    |E_2_3_d1                                |  14|          3|   32|         96|
    |E_3_0_address0                          |  14|          3|   10|         30|
    |E_3_0_address1                          |  14|          3|   10|         30|
    |E_3_0_d0                                |  14|          3|   32|         96|
    |E_3_0_d1                                |  14|          3|   32|         96|
    |E_3_1_address0                          |  14|          3|   10|         30|
    |E_3_1_address1                          |  14|          3|   10|         30|
    |E_3_1_d0                                |  14|          3|   32|         96|
    |E_3_1_d1                                |  14|          3|   32|         96|
    |E_3_2_address0                          |  14|          3|   10|         30|
    |E_3_2_address1                          |  14|          3|   10|         30|
    |E_3_2_d0                                |  14|          3|   32|         96|
    |E_3_2_d1                                |  14|          3|   32|         96|
    |E_3_3_address0                          |  14|          3|   10|         30|
    |E_3_3_address1                          |  14|          3|   10|         30|
    |E_3_3_d0                                |  14|          3|   32|         96|
    |E_3_3_d1                                |  14|          3|   32|         96|
    |E_4_0_address0                          |  14|          3|   10|         30|
    |E_4_0_address1                          |  14|          3|   10|         30|
    |E_4_0_d0                                |  14|          3|   32|         96|
    |E_4_0_d1                                |  14|          3|   32|         96|
    |E_4_1_address0                          |  14|          3|   10|         30|
    |E_4_1_address1                          |  14|          3|   10|         30|
    |E_4_1_d0                                |  14|          3|   32|         96|
    |E_4_1_d1                                |  14|          3|   32|         96|
    |E_4_2_address0                          |  14|          3|   10|         30|
    |E_4_2_address1                          |  14|          3|   10|         30|
    |E_4_2_d0                                |  14|          3|   32|         96|
    |E_4_2_d1                                |  14|          3|   32|         96|
    |E_4_3_address0                          |  14|          3|   10|         30|
    |E_4_3_address1                          |  14|          3|   10|         30|
    |E_4_3_d0                                |  14|          3|   32|         96|
    |E_4_3_d1                                |  14|          3|   32|         96|
    |E_5_0_address0                          |  14|          3|   10|         30|
    |E_5_0_address1                          |  14|          3|   10|         30|
    |E_5_0_d0                                |  14|          3|   32|         96|
    |E_5_0_d1                                |  14|          3|   32|         96|
    |E_5_1_address0                          |  14|          3|   10|         30|
    |E_5_1_address1                          |  14|          3|   10|         30|
    |E_5_1_d0                                |  14|          3|   32|         96|
    |E_5_1_d1                                |  14|          3|   32|         96|
    |E_5_2_address0                          |  14|          3|   10|         30|
    |E_5_2_address1                          |  14|          3|   10|         30|
    |E_5_2_d0                                |  14|          3|   32|         96|
    |E_5_2_d1                                |  14|          3|   32|         96|
    |E_5_3_address0                          |  14|          3|   10|         30|
    |E_5_3_address1                          |  14|          3|   10|         30|
    |E_5_3_d0                                |  14|          3|   32|         96|
    |E_5_3_d1                                |  14|          3|   32|         96|
    |E_6_0_address0                          |  14|          3|   10|         30|
    |E_6_0_address1                          |  14|          3|   10|         30|
    |E_6_0_d0                                |  14|          3|   32|         96|
    |E_6_0_d1                                |  14|          3|   32|         96|
    |E_6_1_address0                          |  14|          3|   10|         30|
    |E_6_1_address1                          |  14|          3|   10|         30|
    |E_6_1_d0                                |  14|          3|   32|         96|
    |E_6_1_d1                                |  14|          3|   32|         96|
    |E_6_2_address0                          |  14|          3|   10|         30|
    |E_6_2_address1                          |  14|          3|   10|         30|
    |E_6_2_d0                                |  14|          3|   32|         96|
    |E_6_2_d1                                |  14|          3|   32|         96|
    |E_6_3_address0                          |  14|          3|   10|         30|
    |E_6_3_address1                          |  14|          3|   10|         30|
    |E_6_3_d0                                |  14|          3|   32|         96|
    |E_6_3_d1                                |  14|          3|   32|         96|
    |E_7_0_address0                          |  14|          3|   10|         30|
    |E_7_0_address1                          |  14|          3|   10|         30|
    |E_7_0_d0                                |  14|          3|   32|         96|
    |E_7_0_d1                                |  14|          3|   32|         96|
    |E_7_1_address0                          |  14|          3|   10|         30|
    |E_7_1_address1                          |  14|          3|   10|         30|
    |E_7_1_d0                                |  14|          3|   32|         96|
    |E_7_1_d1                                |  14|          3|   32|         96|
    |E_7_2_address0                          |  14|          3|   10|         30|
    |E_7_2_address1                          |  14|          3|   10|         30|
    |E_7_2_d0                                |  14|          3|   32|         96|
    |E_7_2_d1                                |  14|          3|   32|         96|
    |E_7_3_address0                          |  14|          3|   10|         30|
    |E_7_3_address1                          |  14|          3|   10|         30|
    |E_7_3_d0                                |  14|          3|   32|         96|
    |E_7_3_d1                                |  14|          3|   32|         96|
    |E_8_0_address0                          |  14|          3|   10|         30|
    |E_8_0_address1                          |  14|          3|   10|         30|
    |E_8_0_d0                                |  14|          3|   32|         96|
    |E_8_0_d1                                |  14|          3|   32|         96|
    |E_8_1_address0                          |  14|          3|   10|         30|
    |E_8_1_address1                          |  14|          3|   10|         30|
    |E_8_1_d0                                |  14|          3|   32|         96|
    |E_8_1_d1                                |  14|          3|   32|         96|
    |E_8_2_address0                          |  14|          3|   10|         30|
    |E_8_2_address1                          |  14|          3|   10|         30|
    |E_8_2_d0                                |  14|          3|   32|         96|
    |E_8_2_d1                                |  14|          3|   32|         96|
    |E_8_3_address0                          |  14|          3|   10|         30|
    |E_8_3_address1                          |  14|          3|   10|         30|
    |E_8_3_d0                                |  14|          3|   32|         96|
    |E_8_3_d1                                |  14|          3|   32|         96|
    |E_9_0_address0                          |  14|          3|   10|         30|
    |E_9_0_address1                          |  14|          3|   10|         30|
    |E_9_0_d0                                |  14|          3|   32|         96|
    |E_9_0_d1                                |  14|          3|   32|         96|
    |E_9_1_address0                          |  14|          3|   10|         30|
    |E_9_1_address1                          |  14|          3|   10|         30|
    |E_9_1_d0                                |  14|          3|   32|         96|
    |E_9_1_d1                                |  14|          3|   32|         96|
    |E_9_2_address0                          |  14|          3|   10|         30|
    |E_9_2_address1                          |  14|          3|   10|         30|
    |E_9_2_d0                                |  14|          3|   32|         96|
    |E_9_2_d1                                |  14|          3|   32|         96|
    |E_9_3_address0                          |  14|          3|   10|         30|
    |E_9_3_address1                          |  14|          3|   10|         30|
    |E_9_3_d0                                |  14|          3|   32|         96|
    |E_9_3_d1                                |  14|          3|   32|         96|
    |ap_NS_fsm                               |  14|          3|    1|          3|
    |ap_done_int                             |   9|          2|    1|          2|
    |ap_enable_reg_pp0_iter0                 |   9|          2|    1|          2|
    |ap_enable_reg_pp0_iter1                 |   9|          2|    1|          2|
    |ap_sig_allocacmp_d0_1_load              |   9|          2|    4|          8|
    |ap_sig_allocacmp_d1_1_load              |   9|          2|    6|         12|
    |ap_sig_allocacmp_indvar_flatten12_load  |   9|          2|    7|         14|
    |ap_sig_allocacmp_indvar_flatten_load    |   9|          2|    6|         12|
    |d0_1_fu_250                             |   9|          2|    4|          8|
    |d1_0_fu_258                             |   9|          2|    3|          6|
    |d1_1_fu_246                             |   9|          2|    6|         12|
    |fifo_E_from_task1_to_task5_TDATA_blk_n  |   9|          2|    1|          2|
    |indvar_flatten12_fu_262                 |   9|          2|    7|         14|
    |indvar_flatten_fu_254                   |   9|          2|    6|         12|
    +----------------------------------------+----+-----------+-----+-----------+
    |Total                                   |2371|        509| 3414|      10189|
    +----------------------------------------+----+-----------+-----+-----------+

    * Register: 
    +---------------------------------------+----+----+-----+-----------+
    |                  Name                 | FF | LUT| Bits| Const Bits|
    +---------------------------------------+----+----+-----+-----------+
    |add_ln275_1_reg_2794                   |   7|   0|    7|          0|
    |and_ln275_reg_2811                     |   1|   0|    1|          0|
    |ap_CS_fsm                              |   2|   0|    2|          0|
    |ap_done_reg                            |   1|   0|    1|          0|
    |ap_enable_reg_pp0_iter0_reg            |   1|   0|    1|          0|
    |ap_enable_reg_pp0_iter1                |   1|   0|    1|          0|
    |d0_1_fu_250                            |   4|   0|    4|          0|
    |d1_0_fu_258                            |   3|   0|    3|          0|
    |d1_1_fu_246                            |   6|   0|    6|          0|
    |d1_1_load_reg_2799                     |   6|   0|    6|          0|
    |icmp_ln275_reg_2790                    |   1|   0|    1|          0|
    |icmp_ln277_reg_2804                    |   1|   0|    1|          0|
    |indvar_flatten12_fu_262                |   7|   0|    7|          0|
    |indvar_flatten_fu_254                  |   6|   0|    6|          0|
    |indvar_flatten_load_reg_2785           |   6|   0|    6|          0|
    |select_ln277_1_reg_2816                |   4|   0|    4|          0|
    |select_ln277_1_reg_2816_pp0_iter1_reg  |   4|   0|    4|          0|
    |tmp_10_reg_2858                        |  32|   0|   32|          0|
    |tmp_11_reg_2863                        |  32|   0|   32|          0|
    |tmp_12_reg_2868                        |  32|   0|   32|          0|
    |tmp_13_reg_2873                        |  32|   0|   32|          0|
    |tmp_14_reg_2878                        |  32|   0|   32|          0|
    |tmp_15_reg_2883                        |  32|   0|   32|          0|
    |tmp_4_reg_2821                         |  32|   0|   32|          0|
    |tmp_5_reg_2833                         |  32|   0|   32|          0|
    |tmp_6_reg_2838                         |  32|   0|   32|          0|
    |tmp_7_reg_2843                         |  32|   0|   32|          0|
    |tmp_8_reg_2848                         |  32|   0|   32|          0|
    |tmp_9_reg_2853                         |  32|   0|   32|          0|
    |trunc_ln_reg_2826                      |   7|   0|    7|          0|
    +---------------------------------------+----+----+-----+-----------+
    |Total                                  | 452|   0|  452|          0|
    +---------------------------------------+----+----+-----+-----------+



================================================================
== Interface
================================================================
* Summary: 
+-----------------------------------+-----+-----+------------+--------------------------------------------------------------------------+--------------+
|             RTL Ports             | Dir | Bits|  Protocol  |                               Source Object                              |    C Type    |
+-----------------------------------+-----+-----+------------+--------------------------------------------------------------------------+--------------+
|ap_clk                             |   in|    1|  ap_ctrl_hs|  read_E_FT2.2_Pipeline_VITIS_LOOP_275_1_VITIS_LOOP_277_2_VITIS_LOOP_279_3|  return value|
|ap_rst                             |   in|    1|  ap_ctrl_hs|  read_E_FT2.2_Pipeline_VITIS_LOOP_275_1_VITIS_LOOP_277_2_VITIS_LOOP_279_3|  return value|
|ap_start                           |   in|    1|  ap_ctrl_hs|  read_E_FT2.2_Pipeline_VITIS_LOOP_275_1_VITIS_LOOP_277_2_VITIS_LOOP_279_3|  return value|
|ap_done                            |  out|    1|  ap_ctrl_hs|  read_E_FT2.2_Pipeline_VITIS_LOOP_275_1_VITIS_LOOP_277_2_VITIS_LOOP_279_3|  return value|
|ap_idle                            |  out|    1|  ap_ctrl_hs|  read_E_FT2.2_Pipeline_VITIS_LOOP_275_1_VITIS_LOOP_277_2_VITIS_LOOP_279_3|  return value|
|ap_ready                           |  out|    1|  ap_ctrl_hs|  read_E_FT2.2_Pipeline_VITIS_LOOP_275_1_VITIS_LOOP_277_2_VITIS_LOOP_279_3|  return value|
|fifo_E_from_task1_to_task5_TVALID  |   in|    1|        axis|                                       fifo_E_from_task1_to_task5_V_data_V|       pointer|
|fifo_E_from_task1_to_task5_TDATA   |   in|  512|        axis|                                       fifo_E_from_task1_to_task5_V_data_V|       pointer|
|E_9_3_address0                     |  out|   10|   ap_memory|                                                                     E_9_3|         array|
|E_9_3_ce0                          |  out|    1|   ap_memory|                                                                     E_9_3|         array|
|E_9_3_we0                          |  out|    1|   ap_memory|                                                                     E_9_3|         array|
|E_9_3_d0                           |  out|   32|   ap_memory|                                                                     E_9_3|         array|
|E_9_3_address1                     |  out|   10|   ap_memory|                                                                     E_9_3|         array|
|E_9_3_ce1                          |  out|    1|   ap_memory|                                                                     E_9_3|         array|
|E_9_3_we1                          |  out|    1|   ap_memory|                                                                     E_9_3|         array|
|E_9_3_d1                           |  out|   32|   ap_memory|                                                                     E_9_3|         array|
|E_9_2_address0                     |  out|   10|   ap_memory|                                                                     E_9_2|         array|
|E_9_2_ce0                          |  out|    1|   ap_memory|                                                                     E_9_2|         array|
|E_9_2_we0                          |  out|    1|   ap_memory|                                                                     E_9_2|         array|
|E_9_2_d0                           |  out|   32|   ap_memory|                                                                     E_9_2|         array|
|E_9_2_address1                     |  out|   10|   ap_memory|                                                                     E_9_2|         array|
|E_9_2_ce1                          |  out|    1|   ap_memory|                                                                     E_9_2|         array|
|E_9_2_we1                          |  out|    1|   ap_memory|                                                                     E_9_2|         array|
|E_9_2_d1                           |  out|   32|   ap_memory|                                                                     E_9_2|         array|
|E_9_1_address0                     |  out|   10|   ap_memory|                                                                     E_9_1|         array|
|E_9_1_ce0                          |  out|    1|   ap_memory|                                                                     E_9_1|         array|
|E_9_1_we0                          |  out|    1|   ap_memory|                                                                     E_9_1|         array|
|E_9_1_d0                           |  out|   32|   ap_memory|                                                                     E_9_1|         array|
|E_9_1_address1                     |  out|   10|   ap_memory|                                                                     E_9_1|         array|
|E_9_1_ce1                          |  out|    1|   ap_memory|                                                                     E_9_1|         array|
|E_9_1_we1                          |  out|    1|   ap_memory|                                                                     E_9_1|         array|
|E_9_1_d1                           |  out|   32|   ap_memory|                                                                     E_9_1|         array|
|E_9_0_address0                     |  out|   10|   ap_memory|                                                                     E_9_0|         array|
|E_9_0_ce0                          |  out|    1|   ap_memory|                                                                     E_9_0|         array|
|E_9_0_we0                          |  out|    1|   ap_memory|                                                                     E_9_0|         array|
|E_9_0_d0                           |  out|   32|   ap_memory|                                                                     E_9_0|         array|
|E_9_0_address1                     |  out|   10|   ap_memory|                                                                     E_9_0|         array|
|E_9_0_ce1                          |  out|    1|   ap_memory|                                                                     E_9_0|         array|
|E_9_0_we1                          |  out|    1|   ap_memory|                                                                     E_9_0|         array|
|E_9_0_d1                           |  out|   32|   ap_memory|                                                                     E_9_0|         array|
|E_8_3_address0                     |  out|   10|   ap_memory|                                                                     E_8_3|         array|
|E_8_3_ce0                          |  out|    1|   ap_memory|                                                                     E_8_3|         array|
|E_8_3_we0                          |  out|    1|   ap_memory|                                                                     E_8_3|         array|
|E_8_3_d0                           |  out|   32|   ap_memory|                                                                     E_8_3|         array|
|E_8_3_address1                     |  out|   10|   ap_memory|                                                                     E_8_3|         array|
|E_8_3_ce1                          |  out|    1|   ap_memory|                                                                     E_8_3|         array|
|E_8_3_we1                          |  out|    1|   ap_memory|                                                                     E_8_3|         array|
|E_8_3_d1                           |  out|   32|   ap_memory|                                                                     E_8_3|         array|
|E_8_2_address0                     |  out|   10|   ap_memory|                                                                     E_8_2|         array|
|E_8_2_ce0                          |  out|    1|   ap_memory|                                                                     E_8_2|         array|
|E_8_2_we0                          |  out|    1|   ap_memory|                                                                     E_8_2|         array|
|E_8_2_d0                           |  out|   32|   ap_memory|                                                                     E_8_2|         array|
|E_8_2_address1                     |  out|   10|   ap_memory|                                                                     E_8_2|         array|
|E_8_2_ce1                          |  out|    1|   ap_memory|                                                                     E_8_2|         array|
|E_8_2_we1                          |  out|    1|   ap_memory|                                                                     E_8_2|         array|
|E_8_2_d1                           |  out|   32|   ap_memory|                                                                     E_8_2|         array|
|E_8_1_address0                     |  out|   10|   ap_memory|                                                                     E_8_1|         array|
|E_8_1_ce0                          |  out|    1|   ap_memory|                                                                     E_8_1|         array|
|E_8_1_we0                          |  out|    1|   ap_memory|                                                                     E_8_1|         array|
|E_8_1_d0                           |  out|   32|   ap_memory|                                                                     E_8_1|         array|
|E_8_1_address1                     |  out|   10|   ap_memory|                                                                     E_8_1|         array|
|E_8_1_ce1                          |  out|    1|   ap_memory|                                                                     E_8_1|         array|
|E_8_1_we1                          |  out|    1|   ap_memory|                                                                     E_8_1|         array|
|E_8_1_d1                           |  out|   32|   ap_memory|                                                                     E_8_1|         array|
|E_8_0_address0                     |  out|   10|   ap_memory|                                                                     E_8_0|         array|
|E_8_0_ce0                          |  out|    1|   ap_memory|                                                                     E_8_0|         array|
|E_8_0_we0                          |  out|    1|   ap_memory|                                                                     E_8_0|         array|
|E_8_0_d0                           |  out|   32|   ap_memory|                                                                     E_8_0|         array|
|E_8_0_address1                     |  out|   10|   ap_memory|                                                                     E_8_0|         array|
|E_8_0_ce1                          |  out|    1|   ap_memory|                                                                     E_8_0|         array|
|E_8_0_we1                          |  out|    1|   ap_memory|                                                                     E_8_0|         array|
|E_8_0_d1                           |  out|   32|   ap_memory|                                                                     E_8_0|         array|
|E_7_3_address0                     |  out|   10|   ap_memory|                                                                     E_7_3|         array|
|E_7_3_ce0                          |  out|    1|   ap_memory|                                                                     E_7_3|         array|
|E_7_3_we0                          |  out|    1|   ap_memory|                                                                     E_7_3|         array|
|E_7_3_d0                           |  out|   32|   ap_memory|                                                                     E_7_3|         array|
|E_7_3_address1                     |  out|   10|   ap_memory|                                                                     E_7_3|         array|
|E_7_3_ce1                          |  out|    1|   ap_memory|                                                                     E_7_3|         array|
|E_7_3_we1                          |  out|    1|   ap_memory|                                                                     E_7_3|         array|
|E_7_3_d1                           |  out|   32|   ap_memory|                                                                     E_7_3|         array|
|E_7_2_address0                     |  out|   10|   ap_memory|                                                                     E_7_2|         array|
|E_7_2_ce0                          |  out|    1|   ap_memory|                                                                     E_7_2|         array|
|E_7_2_we0                          |  out|    1|   ap_memory|                                                                     E_7_2|         array|
|E_7_2_d0                           |  out|   32|   ap_memory|                                                                     E_7_2|         array|
|E_7_2_address1                     |  out|   10|   ap_memory|                                                                     E_7_2|         array|
|E_7_2_ce1                          |  out|    1|   ap_memory|                                                                     E_7_2|         array|
|E_7_2_we1                          |  out|    1|   ap_memory|                                                                     E_7_2|         array|
|E_7_2_d1                           |  out|   32|   ap_memory|                                                                     E_7_2|         array|
|E_7_1_address0                     |  out|   10|   ap_memory|                                                                     E_7_1|         array|
|E_7_1_ce0                          |  out|    1|   ap_memory|                                                                     E_7_1|         array|
|E_7_1_we0                          |  out|    1|   ap_memory|                                                                     E_7_1|         array|
|E_7_1_d0                           |  out|   32|   ap_memory|                                                                     E_7_1|         array|
|E_7_1_address1                     |  out|   10|   ap_memory|                                                                     E_7_1|         array|
|E_7_1_ce1                          |  out|    1|   ap_memory|                                                                     E_7_1|         array|
|E_7_1_we1                          |  out|    1|   ap_memory|                                                                     E_7_1|         array|
|E_7_1_d1                           |  out|   32|   ap_memory|                                                                     E_7_1|         array|
|E_7_0_address0                     |  out|   10|   ap_memory|                                                                     E_7_0|         array|
|E_7_0_ce0                          |  out|    1|   ap_memory|                                                                     E_7_0|         array|
|E_7_0_we0                          |  out|    1|   ap_memory|                                                                     E_7_0|         array|
|E_7_0_d0                           |  out|   32|   ap_memory|                                                                     E_7_0|         array|
|E_7_0_address1                     |  out|   10|   ap_memory|                                                                     E_7_0|         array|
|E_7_0_ce1                          |  out|    1|   ap_memory|                                                                     E_7_0|         array|
|E_7_0_we1                          |  out|    1|   ap_memory|                                                                     E_7_0|         array|
|E_7_0_d1                           |  out|   32|   ap_memory|                                                                     E_7_0|         array|
|E_6_3_address0                     |  out|   10|   ap_memory|                                                                     E_6_3|         array|
|E_6_3_ce0                          |  out|    1|   ap_memory|                                                                     E_6_3|         array|
|E_6_3_we0                          |  out|    1|   ap_memory|                                                                     E_6_3|         array|
|E_6_3_d0                           |  out|   32|   ap_memory|                                                                     E_6_3|         array|
|E_6_3_address1                     |  out|   10|   ap_memory|                                                                     E_6_3|         array|
|E_6_3_ce1                          |  out|    1|   ap_memory|                                                                     E_6_3|         array|
|E_6_3_we1                          |  out|    1|   ap_memory|                                                                     E_6_3|         array|
|E_6_3_d1                           |  out|   32|   ap_memory|                                                                     E_6_3|         array|
|E_6_2_address0                     |  out|   10|   ap_memory|                                                                     E_6_2|         array|
|E_6_2_ce0                          |  out|    1|   ap_memory|                                                                     E_6_2|         array|
|E_6_2_we0                          |  out|    1|   ap_memory|                                                                     E_6_2|         array|
|E_6_2_d0                           |  out|   32|   ap_memory|                                                                     E_6_2|         array|
|E_6_2_address1                     |  out|   10|   ap_memory|                                                                     E_6_2|         array|
|E_6_2_ce1                          |  out|    1|   ap_memory|                                                                     E_6_2|         array|
|E_6_2_we1                          |  out|    1|   ap_memory|                                                                     E_6_2|         array|
|E_6_2_d1                           |  out|   32|   ap_memory|                                                                     E_6_2|         array|
|E_6_1_address0                     |  out|   10|   ap_memory|                                                                     E_6_1|         array|
|E_6_1_ce0                          |  out|    1|   ap_memory|                                                                     E_6_1|         array|
|E_6_1_we0                          |  out|    1|   ap_memory|                                                                     E_6_1|         array|
|E_6_1_d0                           |  out|   32|   ap_memory|                                                                     E_6_1|         array|
|E_6_1_address1                     |  out|   10|   ap_memory|                                                                     E_6_1|         array|
|E_6_1_ce1                          |  out|    1|   ap_memory|                                                                     E_6_1|         array|
|E_6_1_we1                          |  out|    1|   ap_memory|                                                                     E_6_1|         array|
|E_6_1_d1                           |  out|   32|   ap_memory|                                                                     E_6_1|         array|
|E_6_0_address0                     |  out|   10|   ap_memory|                                                                     E_6_0|         array|
|E_6_0_ce0                          |  out|    1|   ap_memory|                                                                     E_6_0|         array|
|E_6_0_we0                          |  out|    1|   ap_memory|                                                                     E_6_0|         array|
|E_6_0_d0                           |  out|   32|   ap_memory|                                                                     E_6_0|         array|
|E_6_0_address1                     |  out|   10|   ap_memory|                                                                     E_6_0|         array|
|E_6_0_ce1                          |  out|    1|   ap_memory|                                                                     E_6_0|         array|
|E_6_0_we1                          |  out|    1|   ap_memory|                                                                     E_6_0|         array|
|E_6_0_d1                           |  out|   32|   ap_memory|                                                                     E_6_0|         array|
|E_5_3_address0                     |  out|   10|   ap_memory|                                                                     E_5_3|         array|
|E_5_3_ce0                          |  out|    1|   ap_memory|                                                                     E_5_3|         array|
|E_5_3_we0                          |  out|    1|   ap_memory|                                                                     E_5_3|         array|
|E_5_3_d0                           |  out|   32|   ap_memory|                                                                     E_5_3|         array|
|E_5_3_address1                     |  out|   10|   ap_memory|                                                                     E_5_3|         array|
|E_5_3_ce1                          |  out|    1|   ap_memory|                                                                     E_5_3|         array|
|E_5_3_we1                          |  out|    1|   ap_memory|                                                                     E_5_3|         array|
|E_5_3_d1                           |  out|   32|   ap_memory|                                                                     E_5_3|         array|
|E_5_2_address0                     |  out|   10|   ap_memory|                                                                     E_5_2|         array|
|E_5_2_ce0                          |  out|    1|   ap_memory|                                                                     E_5_2|         array|
|E_5_2_we0                          |  out|    1|   ap_memory|                                                                     E_5_2|         array|
|E_5_2_d0                           |  out|   32|   ap_memory|                                                                     E_5_2|         array|
|E_5_2_address1                     |  out|   10|   ap_memory|                                                                     E_5_2|         array|
|E_5_2_ce1                          |  out|    1|   ap_memory|                                                                     E_5_2|         array|
|E_5_2_we1                          |  out|    1|   ap_memory|                                                                     E_5_2|         array|
|E_5_2_d1                           |  out|   32|   ap_memory|                                                                     E_5_2|         array|
|E_5_1_address0                     |  out|   10|   ap_memory|                                                                     E_5_1|         array|
|E_5_1_ce0                          |  out|    1|   ap_memory|                                                                     E_5_1|         array|
|E_5_1_we0                          |  out|    1|   ap_memory|                                                                     E_5_1|         array|
|E_5_1_d0                           |  out|   32|   ap_memory|                                                                     E_5_1|         array|
|E_5_1_address1                     |  out|   10|   ap_memory|                                                                     E_5_1|         array|
|E_5_1_ce1                          |  out|    1|   ap_memory|                                                                     E_5_1|         array|
|E_5_1_we1                          |  out|    1|   ap_memory|                                                                     E_5_1|         array|
|E_5_1_d1                           |  out|   32|   ap_memory|                                                                     E_5_1|         array|
|E_5_0_address0                     |  out|   10|   ap_memory|                                                                     E_5_0|         array|
|E_5_0_ce0                          |  out|    1|   ap_memory|                                                                     E_5_0|         array|
|E_5_0_we0                          |  out|    1|   ap_memory|                                                                     E_5_0|         array|
|E_5_0_d0                           |  out|   32|   ap_memory|                                                                     E_5_0|         array|
|E_5_0_address1                     |  out|   10|   ap_memory|                                                                     E_5_0|         array|
|E_5_0_ce1                          |  out|    1|   ap_memory|                                                                     E_5_0|         array|
|E_5_0_we1                          |  out|    1|   ap_memory|                                                                     E_5_0|         array|
|E_5_0_d1                           |  out|   32|   ap_memory|                                                                     E_5_0|         array|
|E_4_3_address0                     |  out|   10|   ap_memory|                                                                     E_4_3|         array|
|E_4_3_ce0                          |  out|    1|   ap_memory|                                                                     E_4_3|         array|
|E_4_3_we0                          |  out|    1|   ap_memory|                                                                     E_4_3|         array|
|E_4_3_d0                           |  out|   32|   ap_memory|                                                                     E_4_3|         array|
|E_4_3_address1                     |  out|   10|   ap_memory|                                                                     E_4_3|         array|
|E_4_3_ce1                          |  out|    1|   ap_memory|                                                                     E_4_3|         array|
|E_4_3_we1                          |  out|    1|   ap_memory|                                                                     E_4_3|         array|
|E_4_3_d1                           |  out|   32|   ap_memory|                                                                     E_4_3|         array|
|E_4_2_address0                     |  out|   10|   ap_memory|                                                                     E_4_2|         array|
|E_4_2_ce0                          |  out|    1|   ap_memory|                                                                     E_4_2|         array|
|E_4_2_we0                          |  out|    1|   ap_memory|                                                                     E_4_2|         array|
|E_4_2_d0                           |  out|   32|   ap_memory|                                                                     E_4_2|         array|
|E_4_2_address1                     |  out|   10|   ap_memory|                                                                     E_4_2|         array|
|E_4_2_ce1                          |  out|    1|   ap_memory|                                                                     E_4_2|         array|
|E_4_2_we1                          |  out|    1|   ap_memory|                                                                     E_4_2|         array|
|E_4_2_d1                           |  out|   32|   ap_memory|                                                                     E_4_2|         array|
|E_4_1_address0                     |  out|   10|   ap_memory|                                                                     E_4_1|         array|
|E_4_1_ce0                          |  out|    1|   ap_memory|                                                                     E_4_1|         array|
|E_4_1_we0                          |  out|    1|   ap_memory|                                                                     E_4_1|         array|
|E_4_1_d0                           |  out|   32|   ap_memory|                                                                     E_4_1|         array|
|E_4_1_address1                     |  out|   10|   ap_memory|                                                                     E_4_1|         array|
|E_4_1_ce1                          |  out|    1|   ap_memory|                                                                     E_4_1|         array|
|E_4_1_we1                          |  out|    1|   ap_memory|                                                                     E_4_1|         array|
|E_4_1_d1                           |  out|   32|   ap_memory|                                                                     E_4_1|         array|
|E_4_0_address0                     |  out|   10|   ap_memory|                                                                     E_4_0|         array|
|E_4_0_ce0                          |  out|    1|   ap_memory|                                                                     E_4_0|         array|
|E_4_0_we0                          |  out|    1|   ap_memory|                                                                     E_4_0|         array|
|E_4_0_d0                           |  out|   32|   ap_memory|                                                                     E_4_0|         array|
|E_4_0_address1                     |  out|   10|   ap_memory|                                                                     E_4_0|         array|
|E_4_0_ce1                          |  out|    1|   ap_memory|                                                                     E_4_0|         array|
|E_4_0_we1                          |  out|    1|   ap_memory|                                                                     E_4_0|         array|
|E_4_0_d1                           |  out|   32|   ap_memory|                                                                     E_4_0|         array|
|E_3_3_address0                     |  out|   10|   ap_memory|                                                                     E_3_3|         array|
|E_3_3_ce0                          |  out|    1|   ap_memory|                                                                     E_3_3|         array|
|E_3_3_we0                          |  out|    1|   ap_memory|                                                                     E_3_3|         array|
|E_3_3_d0                           |  out|   32|   ap_memory|                                                                     E_3_3|         array|
|E_3_3_address1                     |  out|   10|   ap_memory|                                                                     E_3_3|         array|
|E_3_3_ce1                          |  out|    1|   ap_memory|                                                                     E_3_3|         array|
|E_3_3_we1                          |  out|    1|   ap_memory|                                                                     E_3_3|         array|
|E_3_3_d1                           |  out|   32|   ap_memory|                                                                     E_3_3|         array|
|E_3_2_address0                     |  out|   10|   ap_memory|                                                                     E_3_2|         array|
|E_3_2_ce0                          |  out|    1|   ap_memory|                                                                     E_3_2|         array|
|E_3_2_we0                          |  out|    1|   ap_memory|                                                                     E_3_2|         array|
|E_3_2_d0                           |  out|   32|   ap_memory|                                                                     E_3_2|         array|
|E_3_2_address1                     |  out|   10|   ap_memory|                                                                     E_3_2|         array|
|E_3_2_ce1                          |  out|    1|   ap_memory|                                                                     E_3_2|         array|
|E_3_2_we1                          |  out|    1|   ap_memory|                                                                     E_3_2|         array|
|E_3_2_d1                           |  out|   32|   ap_memory|                                                                     E_3_2|         array|
|E_3_1_address0                     |  out|   10|   ap_memory|                                                                     E_3_1|         array|
|E_3_1_ce0                          |  out|    1|   ap_memory|                                                                     E_3_1|         array|
|E_3_1_we0                          |  out|    1|   ap_memory|                                                                     E_3_1|         array|
|E_3_1_d0                           |  out|   32|   ap_memory|                                                                     E_3_1|         array|
|E_3_1_address1                     |  out|   10|   ap_memory|                                                                     E_3_1|         array|
|E_3_1_ce1                          |  out|    1|   ap_memory|                                                                     E_3_1|         array|
|E_3_1_we1                          |  out|    1|   ap_memory|                                                                     E_3_1|         array|
|E_3_1_d1                           |  out|   32|   ap_memory|                                                                     E_3_1|         array|
|E_3_0_address0                     |  out|   10|   ap_memory|                                                                     E_3_0|         array|
|E_3_0_ce0                          |  out|    1|   ap_memory|                                                                     E_3_0|         array|
|E_3_0_we0                          |  out|    1|   ap_memory|                                                                     E_3_0|         array|
|E_3_0_d0                           |  out|   32|   ap_memory|                                                                     E_3_0|         array|
|E_3_0_address1                     |  out|   10|   ap_memory|                                                                     E_3_0|         array|
|E_3_0_ce1                          |  out|    1|   ap_memory|                                                                     E_3_0|         array|
|E_3_0_we1                          |  out|    1|   ap_memory|                                                                     E_3_0|         array|
|E_3_0_d1                           |  out|   32|   ap_memory|                                                                     E_3_0|         array|
|E_2_3_address0                     |  out|   10|   ap_memory|                                                                     E_2_3|         array|
|E_2_3_ce0                          |  out|    1|   ap_memory|                                                                     E_2_3|         array|
|E_2_3_we0                          |  out|    1|   ap_memory|                                                                     E_2_3|         array|
|E_2_3_d0                           |  out|   32|   ap_memory|                                                                     E_2_3|         array|
|E_2_3_address1                     |  out|   10|   ap_memory|                                                                     E_2_3|         array|
|E_2_3_ce1                          |  out|    1|   ap_memory|                                                                     E_2_3|         array|
|E_2_3_we1                          |  out|    1|   ap_memory|                                                                     E_2_3|         array|
|E_2_3_d1                           |  out|   32|   ap_memory|                                                                     E_2_3|         array|
|E_2_2_address0                     |  out|   10|   ap_memory|                                                                     E_2_2|         array|
|E_2_2_ce0                          |  out|    1|   ap_memory|                                                                     E_2_2|         array|
|E_2_2_we0                          |  out|    1|   ap_memory|                                                                     E_2_2|         array|
|E_2_2_d0                           |  out|   32|   ap_memory|                                                                     E_2_2|         array|
|E_2_2_address1                     |  out|   10|   ap_memory|                                                                     E_2_2|         array|
|E_2_2_ce1                          |  out|    1|   ap_memory|                                                                     E_2_2|         array|
|E_2_2_we1                          |  out|    1|   ap_memory|                                                                     E_2_2|         array|
|E_2_2_d1                           |  out|   32|   ap_memory|                                                                     E_2_2|         array|
|E_2_1_address0                     |  out|   10|   ap_memory|                                                                     E_2_1|         array|
|E_2_1_ce0                          |  out|    1|   ap_memory|                                                                     E_2_1|         array|
|E_2_1_we0                          |  out|    1|   ap_memory|                                                                     E_2_1|         array|
|E_2_1_d0                           |  out|   32|   ap_memory|                                                                     E_2_1|         array|
|E_2_1_address1                     |  out|   10|   ap_memory|                                                                     E_2_1|         array|
|E_2_1_ce1                          |  out|    1|   ap_memory|                                                                     E_2_1|         array|
|E_2_1_we1                          |  out|    1|   ap_memory|                                                                     E_2_1|         array|
|E_2_1_d1                           |  out|   32|   ap_memory|                                                                     E_2_1|         array|
|E_2_0_address0                     |  out|   10|   ap_memory|                                                                     E_2_0|         array|
|E_2_0_ce0                          |  out|    1|   ap_memory|                                                                     E_2_0|         array|
|E_2_0_we0                          |  out|    1|   ap_memory|                                                                     E_2_0|         array|
|E_2_0_d0                           |  out|   32|   ap_memory|                                                                     E_2_0|         array|
|E_2_0_address1                     |  out|   10|   ap_memory|                                                                     E_2_0|         array|
|E_2_0_ce1                          |  out|    1|   ap_memory|                                                                     E_2_0|         array|
|E_2_0_we1                          |  out|    1|   ap_memory|                                                                     E_2_0|         array|
|E_2_0_d1                           |  out|   32|   ap_memory|                                                                     E_2_0|         array|
|E_1_3_address0                     |  out|   10|   ap_memory|                                                                     E_1_3|         array|
|E_1_3_ce0                          |  out|    1|   ap_memory|                                                                     E_1_3|         array|
|E_1_3_we0                          |  out|    1|   ap_memory|                                                                     E_1_3|         array|
|E_1_3_d0                           |  out|   32|   ap_memory|                                                                     E_1_3|         array|
|E_1_3_address1                     |  out|   10|   ap_memory|                                                                     E_1_3|         array|
|E_1_3_ce1                          |  out|    1|   ap_memory|                                                                     E_1_3|         array|
|E_1_3_we1                          |  out|    1|   ap_memory|                                                                     E_1_3|         array|
|E_1_3_d1                           |  out|   32|   ap_memory|                                                                     E_1_3|         array|
|E_1_2_address0                     |  out|   10|   ap_memory|                                                                     E_1_2|         array|
|E_1_2_ce0                          |  out|    1|   ap_memory|                                                                     E_1_2|         array|
|E_1_2_we0                          |  out|    1|   ap_memory|                                                                     E_1_2|         array|
|E_1_2_d0                           |  out|   32|   ap_memory|                                                                     E_1_2|         array|
|E_1_2_address1                     |  out|   10|   ap_memory|                                                                     E_1_2|         array|
|E_1_2_ce1                          |  out|    1|   ap_memory|                                                                     E_1_2|         array|
|E_1_2_we1                          |  out|    1|   ap_memory|                                                                     E_1_2|         array|
|E_1_2_d1                           |  out|   32|   ap_memory|                                                                     E_1_2|         array|
|E_1_1_address0                     |  out|   10|   ap_memory|                                                                     E_1_1|         array|
|E_1_1_ce0                          |  out|    1|   ap_memory|                                                                     E_1_1|         array|
|E_1_1_we0                          |  out|    1|   ap_memory|                                                                     E_1_1|         array|
|E_1_1_d0                           |  out|   32|   ap_memory|                                                                     E_1_1|         array|
|E_1_1_address1                     |  out|   10|   ap_memory|                                                                     E_1_1|         array|
|E_1_1_ce1                          |  out|    1|   ap_memory|                                                                     E_1_1|         array|
|E_1_1_we1                          |  out|    1|   ap_memory|                                                                     E_1_1|         array|
|E_1_1_d1                           |  out|   32|   ap_memory|                                                                     E_1_1|         array|
|E_1_0_address0                     |  out|   10|   ap_memory|                                                                     E_1_0|         array|
|E_1_0_ce0                          |  out|    1|   ap_memory|                                                                     E_1_0|         array|
|E_1_0_we0                          |  out|    1|   ap_memory|                                                                     E_1_0|         array|
|E_1_0_d0                           |  out|   32|   ap_memory|                                                                     E_1_0|         array|
|E_1_0_address1                     |  out|   10|   ap_memory|                                                                     E_1_0|         array|
|E_1_0_ce1                          |  out|    1|   ap_memory|                                                                     E_1_0|         array|
|E_1_0_we1                          |  out|    1|   ap_memory|                                                                     E_1_0|         array|
|E_1_0_d1                           |  out|   32|   ap_memory|                                                                     E_1_0|         array|
|E_0_3_address0                     |  out|   10|   ap_memory|                                                                     E_0_3|         array|
|E_0_3_ce0                          |  out|    1|   ap_memory|                                                                     E_0_3|         array|
|E_0_3_we0                          |  out|    1|   ap_memory|                                                                     E_0_3|         array|
|E_0_3_d0                           |  out|   32|   ap_memory|                                                                     E_0_3|         array|
|E_0_3_address1                     |  out|   10|   ap_memory|                                                                     E_0_3|         array|
|E_0_3_ce1                          |  out|    1|   ap_memory|                                                                     E_0_3|         array|
|E_0_3_we1                          |  out|    1|   ap_memory|                                                                     E_0_3|         array|
|E_0_3_d1                           |  out|   32|   ap_memory|                                                                     E_0_3|         array|
|E_0_2_address0                     |  out|   10|   ap_memory|                                                                     E_0_2|         array|
|E_0_2_ce0                          |  out|    1|   ap_memory|                                                                     E_0_2|         array|
|E_0_2_we0                          |  out|    1|   ap_memory|                                                                     E_0_2|         array|
|E_0_2_d0                           |  out|   32|   ap_memory|                                                                     E_0_2|         array|
|E_0_2_address1                     |  out|   10|   ap_memory|                                                                     E_0_2|         array|
|E_0_2_ce1                          |  out|    1|   ap_memory|                                                                     E_0_2|         array|
|E_0_2_we1                          |  out|    1|   ap_memory|                                                                     E_0_2|         array|
|E_0_2_d1                           |  out|   32|   ap_memory|                                                                     E_0_2|         array|
|E_0_1_address0                     |  out|   10|   ap_memory|                                                                     E_0_1|         array|
|E_0_1_ce0                          |  out|    1|   ap_memory|                                                                     E_0_1|         array|
|E_0_1_we0                          |  out|    1|   ap_memory|                                                                     E_0_1|         array|
|E_0_1_d0                           |  out|   32|   ap_memory|                                                                     E_0_1|         array|
|E_0_1_address1                     |  out|   10|   ap_memory|                                                                     E_0_1|         array|
|E_0_1_ce1                          |  out|    1|   ap_memory|                                                                     E_0_1|         array|
|E_0_1_we1                          |  out|    1|   ap_memory|                                                                     E_0_1|         array|
|E_0_1_d1                           |  out|   32|   ap_memory|                                                                     E_0_1|         array|
|E_0_0_address0                     |  out|   10|   ap_memory|                                                                     E_0_0|         array|
|E_0_0_ce0                          |  out|    1|   ap_memory|                                                                     E_0_0|         array|
|E_0_0_we0                          |  out|    1|   ap_memory|                                                                     E_0_0|         array|
|E_0_0_d0                           |  out|   32|   ap_memory|                                                                     E_0_0|         array|
|E_0_0_address1                     |  out|   10|   ap_memory|                                                                     E_0_0|         array|
|E_0_0_ce1                          |  out|    1|   ap_memory|                                                                     E_0_0|         array|
|E_0_0_we1                          |  out|    1|   ap_memory|                                                                     E_0_0|         array|
|E_0_0_d1                           |  out|   32|   ap_memory|                                                                     E_0_0|         array|
|fifo_E_from_task1_to_task5_TREADY  |  out|    1|        axis|                                       fifo_E_from_task1_to_task5_V_last_V|       pointer|
|fifo_E_from_task1_to_task5_TLAST   |   in|    1|        axis|                                       fifo_E_from_task1_to_task5_V_last_V|       pointer|
|fifo_E_from_task1_to_task5_TKEEP   |   in|   64|        axis|                                       fifo_E_from_task1_to_task5_V_keep_V|       pointer|
|fifo_E_from_task1_to_task5_TSTRB   |   in|   64|        axis|                                       fifo_E_from_task1_to_task5_V_strb_V|       pointer|
+-----------------------------------+-----+-----+------------+--------------------------------------------------------------------------+--------------+

