

================================================================
== Vitis HLS Report for 'read_E_FT2_Pipeline_VITIS_LOOP_275_1_VITIS_LOOP_277_2_VITIS_LOOP_279_3'
================================================================
* Date:           Fri Jan 10 12:37:03 2025

* Version:        2023.2 (Build 4023990 on Oct 11 2023)
* Project:        kernel_nlp_slr1
* Solution:       solution (Vitis Kernel Flow Target)
* Product family: virtexuplusHBM
* Target device:  xcu55c-fsvh2892-2L-e


================================================================
== Performance Estimates
================================================================
+ Timing: 
    * Summary: 
    +--------+---------+----------+------------+
    |  Clock |  Target | Estimated| Uncertainty|
    +--------+---------+----------+------------+
    |ap_clk  |  4.55 ns|  3.277 ns|     1.23 ns|
    +--------+---------+----------+------------+

+ Latency: 
    * Summary: 
    +---------+---------+----------+----------+-----+-----+---------+
    |  Latency (cycles) |  Latency (absolute) |  Interval | Pipeline|
    |   min   |   max   |    min   |    max   | min | max |   Type  |
    +---------+---------+----------+----------+-----+-----+---------+
    |      255|      255|  1.159 us|  1.159 us|  255|  255|       no|
    +---------+---------+----------+----------+-----+-----+---------+

    + Detail: 
        * Instance: 
        N/A

        * Loop: 
        +------------------------------------------------------+---------+---------+----------+-----------+-----------+------+----------+
        |                                                      |  Latency (cycles) | Iteration|  Initiation Interval  | Trip |          |
        |                       Loop Name                      |   min   |   max   |  Latency |  achieved |   target  | Count| Pipelined|
        +------------------------------------------------------+---------+---------+----------+-----------+-----------+------+----------+
        |- VITIS_LOOP_275_1_VITIS_LOOP_277_2_VITIS_LOOP_279_3  |      253|      253|        16|          2|          1|   120|       yes|
        +------------------------------------------------------+---------+---------+----------+-----------+-----------+------+----------+



================================================================
== Utilization Estimates
================================================================
* Summary: 
+---------------------+---------+------+---------+---------+-----+
|         Name        | BRAM_18K|  DSP |    FF   |   LUT   | URAM|
+---------------------+---------+------+---------+---------+-----+
|DSP                  |        -|     -|        -|        -|    -|
|Expression           |        -|     -|        0|      340|    -|
|FIFO                 |        -|     -|        -|        -|    -|
|Instance             |        -|     0|      189|      168|    -|
|Memory               |        -|     -|        -|        -|    -|
|Multiplexer          |        -|     -|        -|     2371|    -|
|Register             |        -|     -|     1985|      672|    -|
+---------------------+---------+------+---------+---------+-----+
|Total                |        0|     0|     2174|     3551|    0|
+---------------------+---------+------+---------+---------+-----+
|Available SLR        |     1344|  3008|   869120|   434560|  320|
+---------------------+---------+------+---------+---------+-----+
|Utilization SLR (%)  |        0|     0|       ~0|       ~0|    0|
+---------------------+---------+------+---------+---------+-----+
|Available            |     4032|  9024|  2607360|  1303680|  960|
+---------------------+---------+------+---------+---------+-----+
|Utilization (%)      |        0|     0|       ~0|       ~0|    0|
+---------------------+---------+------+---------+---------+-----+

+ Detail: 
    * Instance: 
    +--------------------------+---------------------+---------+----+-----+-----+-----+
    |         Instance         |        Module       | BRAM_18K| DSP|  FF | LUT | URAM|
    +--------------------------+---------------------+---------+----+-----+-----+-----+
    |mul_8ns_10ns_17_1_1_U774  |mul_8ns_10ns_17_1_1  |        0|   0|    0|   62|    0|
    |urem_8ns_5ns_4_12_1_U775  |urem_8ns_5ns_4_12_1  |        0|   0|  189|  106|    0|
    +--------------------------+---------------------+---------+----+-----+-----+-----+
    |Total                     |                     |        0|   0|  189|  168|    0|
    +--------------------------+---------------------+---------+----+-----+-----+-----+

    * DSP: 
    N/A

    * Memory: 
    N/A

    * FIFO: 
    N/A

    * Expression: 
    +----------------------------------+----------+----+---+----+------------+------------+
    |           Variable Name          | Operation| DSP| FF| LUT| Bitwidth P0| Bitwidth P1|
    +----------------------------------+----------+----+---+----+------------+------------+
    |add_ln275_1_fu_1997_p2            |         +|   0|  0|  14|           7|           1|
    |add_ln275_fu_2326_p2              |         +|   0|  0|  10|           3|           1|
    |add_ln277_1_fu_2293_p2            |         +|   0|  0|  13|           6|           1|
    |add_ln277_fu_2041_p2              |         +|   0|  0|  12|           4|           1|
    |add_ln279_fu_2287_p2              |         +|   0|  0|  13|           6|           5|
    |add_ln282_fu_2424_p2              |         +|   0|  0|  18|           9|           9|
    |add_ln283_fu_2433_p2              |         +|   0|  0|  16|           7|           7|
    |add_ln286_fu_2443_p2              |         +|   0|  0|  17|          10|          10|
    |add_ln302_fu_2582_p2              |         +|   0|  0|  17|          10|          10|
    |add_ln318_fu_2692_p2              |         +|   0|  0|  17|          10|          10|
    |add_ln334_fu_2789_p2              |         +|   0|  0|  17|          10|          10|
    |empty_39_fu_2078_p2               |         +|   0|  0|  15|           8|           8|
    |tmp_fu_2069_p2                    |         +|   0|  0|  14|           7|           7|
    |empty_38_fu_2369_p2               |         -|   0|  0|  18|           9|           9|
    |p_udiv1_i_fu_2387_p2              |         -|   0|  0|  16|           7|           7|
    |sub_ln286_fu_2411_p2              |         -|   0|  0|  17|          10|          10|
    |and_ln275_fu_2035_p2              |       and|   0|  0|   2|           1|           1|
    |ap_block_pp0_stage1_11001         |       and|   0|  0|   2|           1|           1|
    |ap_block_state2_pp0_stage1_iter0  |       and|   0|  0|   2|           1|           1|
    |icmp_ln275_fu_1991_p2             |      icmp|   0|  0|  14|           7|           5|
    |icmp_ln277_fu_2009_p2             |      icmp|   0|  0|  13|           6|           5|
    |icmp_ln279_fu_2029_p2             |      icmp|   0|  0|  13|           6|           6|
    |or_ln277_fu_2055_p2               |        or|   0|  0|   2|           1|           1|
    |or_ln302_fu_2573_p2               |        or|   0|  0|   7|           7|           1|
    |or_ln318_fu_2683_p2               |        or|   0|  0|   7|           7|           2|
    |or_ln334_fu_2780_p2               |        or|   0|  0|   7|           7|           2|
    |select_ln275_1_fu_2332_p3         |    select|   0|  0|   3|           1|           3|
    |select_ln275_fu_2015_p3           |    select|   0|  0|   4|           1|           1|
    |select_ln277_1_fu_2047_p3         |    select|   0|  0|   4|           1|           4|
    |select_ln277_2_fu_2298_p3         |    select|   0|  0|   6|           1|           1|
    |select_ln277_fu_2059_p3           |    select|   0|  0|   6|           1|           1|
    |ap_enable_pp0                     |       xor|   0|  0|   2|           1|           2|
    |xor_ln275_fu_2023_p2              |       xor|   0|  0|   2|           1|           2|
    +----------------------------------+----------+----+---+----+------------+------------+
    |Total                             |          |   0|  0| 340|         174|         145|
    +----------------------------------+----------+----+---+----+------------+------------+

    * Multiplexer: 
    +----------------------------------------+----+-----------+-----+-----------+
    |                  Name                  | LUT| Input Size| Bits| Total Bits|
    +----------------------------------------+----+-----------+-----+-----------+
    |E_1_0_0_address0                        |  14|          3|   10|         30|
    |E_1_0_0_address1                        |  14|          3|   10|         30|
    |E_1_0_0_d0                              |  14|          3|   32|         96|
    |E_1_0_0_d1                              |  14|          3|   32|         96|
    |E_1_0_1_address0                        |  14|          3|   10|         30|
    |E_1_0_1_address1                        |  14|          3|   10|         30|
    |E_1_0_1_d0                              |  14|          3|   32|         96|
    |E_1_0_1_d1                              |  14|          3|   32|         96|
    |E_1_0_2_address0                        |  14|          3|   10|         30|
    |E_1_0_2_address1                        |  14|          3|   10|         30|
    |E_1_0_2_d0                              |  14|          3|   32|         96|
    |E_1_0_2_d1                              |  14|          3|   32|         96|
    |E_1_0_3_address0                        |  14|          3|   10|         30|
    |E_1_0_3_address1                        |  14|          3|   10|         30|
    |E_1_0_3_d0                              |  14|          3|   32|         96|
    |E_1_0_3_d1                              |  14|          3|   32|         96|
    |E_1_1_0_address0                        |  14|          3|   10|         30|
    |E_1_1_0_address1                        |  14|          3|   10|         30|
    |E_1_1_0_d0                              |  14|          3|   32|         96|
    |E_1_1_0_d1                              |  14|          3|   32|         96|
    |E_1_1_1_address0                        |  14|          3|   10|         30|
    |E_1_1_1_address1                        |  14|          3|   10|         30|
    |E_1_1_1_d0                              |  14|          3|   32|         96|
    |E_1_1_1_d1                              |  14|          3|   32|         96|
    |E_1_1_2_address0                        |  14|          3|   10|         30|
    |E_1_1_2_address1                        |  14|          3|   10|         30|
    |E_1_1_2_d0                              |  14|          3|   32|         96|
    |E_1_1_2_d1                              |  14|          3|   32|         96|
    |E_1_1_3_address0                        |  14|          3|   10|         30|
    |E_1_1_3_address1                        |  14|          3|   10|         30|
    |E_1_1_3_d0                              |  14|          3|   32|         96|
    |E_1_1_3_d1                              |  14|          3|   32|         96|
    |E_1_2_0_address0                        |  14|          3|   10|         30|
    |E_1_2_0_address1                        |  14|          3|   10|         30|
    |E_1_2_0_d0                              |  14|          3|   32|         96|
    |E_1_2_0_d1                              |  14|          3|   32|         96|
    |E_1_2_1_address0                        |  14|          3|   10|         30|
    |E_1_2_1_address1                        |  14|          3|   10|         30|
    |E_1_2_1_d0                              |  14|          3|   32|         96|
    |E_1_2_1_d1                              |  14|          3|   32|         96|
    |E_1_2_2_address0                        |  14|          3|   10|         30|
    |E_1_2_2_address1                        |  14|          3|   10|         30|
    |E_1_2_2_d0                              |  14|          3|   32|         96|
    |E_1_2_2_d1                              |  14|          3|   32|         96|
    |E_1_2_3_address0                        |  14|          3|   10|         30|
    |E_1_2_3_address1                        |  14|          3|   10|         30|
    |E_1_2_3_d0                              |  14|          3|   32|         96|
    |E_1_2_3_d1                              |  14|          3|   32|         96|
    |E_1_3_0_address0                        |  14|          3|   10|         30|
    |E_1_3_0_address1                        |  14|          3|   10|         30|
    |E_1_3_0_d0                              |  14|          3|   32|         96|
    |E_1_3_0_d1                              |  14|          3|   32|         96|
    |E_1_3_1_address0                        |  14|          3|   10|         30|
    |E_1_3_1_address1                        |  14|          3|   10|         30|
    |E_1_3_1_d0                              |  14|          3|   32|         96|
    |E_1_3_1_d1                              |  14|          3|   32|         96|
    |E_1_3_2_address0                        |  14|          3|   10|         30|
    |E_1_3_2_address1                        |  14|          3|   10|         30|
    |E_1_3_2_d0                              |  14|          3|   32|         96|
    |E_1_3_2_d1                              |  14|          3|   32|         96|
    |E_1_3_3_address0                        |  14|          3|   10|         30|
    |E_1_3_3_address1                        |  14|          3|   10|         30|
    |E_1_3_3_d0                              |  14|          3|   32|         96|
    |E_1_3_3_d1                              |  14|          3|   32|         96|
    |E_1_4_0_address0                        |  14|          3|   10|         30|
    |E_1_4_0_address1                        |  14|          3|   10|         30|
    |E_1_4_0_d0                              |  14|          3|   32|         96|
    |E_1_4_0_d1                              |  14|          3|   32|         96|
    |E_1_4_1_address0                        |  14|          3|   10|         30|
    |E_1_4_1_address1                        |  14|          3|   10|         30|
    |E_1_4_1_d0                              |  14|          3|   32|         96|
    |E_1_4_1_d1                              |  14|          3|   32|         96|
    |E_1_4_2_address0                        |  14|          3|   10|         30|
    |E_1_4_2_address1                        |  14|          3|   10|         30|
    |E_1_4_2_d0                              |  14|          3|   32|         96|
    |E_1_4_2_d1                              |  14|          3|   32|         96|
    |E_1_4_3_address0                        |  14|          3|   10|         30|
    |E_1_4_3_address1                        |  14|          3|   10|         30|
    |E_1_4_3_d0                              |  14|          3|   32|         96|
    |E_1_4_3_d1                              |  14|          3|   32|         96|
    |E_1_5_0_address0                        |  14|          3|   10|         30|
    |E_1_5_0_address1                        |  14|          3|   10|         30|
    |E_1_5_0_d0                              |  14|          3|   32|         96|
    |E_1_5_0_d1                              |  14|          3|   32|         96|
    |E_1_5_1_address0                        |  14|          3|   10|         30|
    |E_1_5_1_address1                        |  14|          3|   10|         30|
    |E_1_5_1_d0                              |  14|          3|   32|         96|
    |E_1_5_1_d1                              |  14|          3|   32|         96|
    |E_1_5_2_address0                        |  14|          3|   10|         30|
    |E_1_5_2_address1                        |  14|          3|   10|         30|
    |E_1_5_2_d0                              |  14|          3|   32|         96|
    |E_1_5_2_d1                              |  14|          3|   32|         96|
    |E_1_5_3_address0                        |  14|          3|   10|         30|
    |E_1_5_3_address1                        |  14|          3|   10|         30|
    |E_1_5_3_d0                              |  14|          3|   32|         96|
    |E_1_5_3_d1                              |  14|          3|   32|         96|
    |E_1_6_0_address0                        |  14|          3|   10|         30|
    |E_1_6_0_address1                        |  14|          3|   10|         30|
    |E_1_6_0_d0                              |  14|          3|   32|         96|
    |E_1_6_0_d1                              |  14|          3|   32|         96|
    |E_1_6_1_address0                        |  14|          3|   10|         30|
    |E_1_6_1_address1                        |  14|          3|   10|         30|
    |E_1_6_1_d0                              |  14|          3|   32|         96|
    |E_1_6_1_d1                              |  14|          3|   32|         96|
    |E_1_6_2_address0                        |  14|          3|   10|         30|
    |E_1_6_2_address1                        |  14|          3|   10|         30|
    |E_1_6_2_d0                              |  14|          3|   32|         96|
    |E_1_6_2_d1                              |  14|          3|   32|         96|
    |E_1_6_3_address0                        |  14|          3|   10|         30|
    |E_1_6_3_address1                        |  14|          3|   10|         30|
    |E_1_6_3_d0                              |  14|          3|   32|         96|
    |E_1_6_3_d1                              |  14|          3|   32|         96|
    |E_1_7_0_address0                        |  14|          3|   10|         30|
    |E_1_7_0_address1                        |  14|          3|   10|         30|
    |E_1_7_0_d0                              |  14|          3|   32|         96|
    |E_1_7_0_d1                              |  14|          3|   32|         96|
    |E_1_7_1_address0                        |  14|          3|   10|         30|
    |E_1_7_1_address1                        |  14|          3|   10|         30|
    |E_1_7_1_d0                              |  14|          3|   32|         96|
    |E_1_7_1_d1                              |  14|          3|   32|         96|
    |E_1_7_2_address0                        |  14|          3|   10|         30|
    |E_1_7_2_address1                        |  14|          3|   10|         30|
    |E_1_7_2_d0                              |  14|          3|   32|         96|
    |E_1_7_2_d1                              |  14|          3|   32|         96|
    |E_1_7_3_address0                        |  14|          3|   10|         30|
    |E_1_7_3_address1                        |  14|          3|   10|         30|
    |E_1_7_3_d0                              |  14|          3|   32|         96|
    |E_1_7_3_d1                              |  14|          3|   32|         96|
    |E_1_8_0_address0                        |  14|          3|   10|         30|
    |E_1_8_0_address1                        |  14|          3|   10|         30|
    |E_1_8_0_d0                              |  14|          3|   32|         96|
    |E_1_8_0_d1                              |  14|          3|   32|         96|
    |E_1_8_1_address0                        |  14|          3|   10|         30|
    |E_1_8_1_address1                        |  14|          3|   10|         30|
    |E_1_8_1_d0                              |  14|          3|   32|         96|
    |E_1_8_1_d1                              |  14|          3|   32|         96|
    |E_1_8_2_address0                        |  14|          3|   10|         30|
    |E_1_8_2_address1                        |  14|          3|   10|         30|
    |E_1_8_2_d0                              |  14|          3|   32|         96|
    |E_1_8_2_d1                              |  14|          3|   32|         96|
    |E_1_8_3_address0                        |  14|          3|   10|         30|
    |E_1_8_3_address1                        |  14|          3|   10|         30|
    |E_1_8_3_d0                              |  14|          3|   32|         96|
    |E_1_8_3_d1                              |  14|          3|   32|         96|
    |E_1_9_0_address0                        |  14|          3|   10|         30|
    |E_1_9_0_address1                        |  14|          3|   10|         30|
    |E_1_9_0_d0                              |  14|          3|   32|         96|
    |E_1_9_0_d1                              |  14|          3|   32|         96|
    |E_1_9_1_address0                        |  14|          3|   10|         30|
    |E_1_9_1_address1                        |  14|          3|   10|         30|
    |E_1_9_1_d0                              |  14|          3|   32|         96|
    |E_1_9_1_d1                              |  14|          3|   32|         96|
    |E_1_9_2_address0                        |  14|          3|   10|         30|
    |E_1_9_2_address1                        |  14|          3|   10|         30|
    |E_1_9_2_d0                              |  14|          3|   32|         96|
    |E_1_9_2_d1                              |  14|          3|   32|         96|
    |E_1_9_3_address0                        |  14|          3|   10|         30|
    |E_1_9_3_address1                        |  14|          3|   10|         30|
    |E_1_9_3_d0                              |  14|          3|   32|         96|
    |E_1_9_3_d1                              |  14|          3|   32|         96|
    |ap_NS_fsm                               |  14|          3|    1|          3|
    |ap_done_int                             |   9|          2|    1|          2|
    |ap_enable_reg_pp0_iter0                 |   9|          2|    1|          2|
    |ap_enable_reg_pp0_iter1                 |   9|          2|    1|          2|
    |ap_sig_allocacmp_d0_1_load              |   9|          2|    4|          8|
    |ap_sig_allocacmp_d1_1_load              |   9|          2|    6|         12|
    |ap_sig_allocacmp_indvar_flatten12_load  |   9|          2|    7|         14|
    |ap_sig_allocacmp_indvar_flatten_load    |   9|          2|    6|         12|
    |d0_1_fu_276                             |   9|          2|    4|          8|
    |d1_0_fu_284                             |   9|          2|    3|          6|
    |d1_1_fu_272                             |   9|          2|    6|         12|
    |fifo_E_from_task1_to_task5_TDATA_blk_n  |   9|          2|    1|          2|
    |indvar_flatten12_fu_288                 |   9|          2|    7|         14|
    |indvar_flatten_fu_280                   |   9|          2|    6|         12|
    +----------------------------------------+----+-----------+-----+-----------+
    |Total                                   |2371|        509| 3414|      10189|
    +----------------------------------------+----+-----------+-----+-----------+

    * Register: 
    +------------------------------------+----+----+-----+-----------+
    |                Name                | FF | LUT| Bits| Const Bits|
    +------------------------------------+----+----+-----+-----------+
    |add_ln275_1_reg_2943                |   7|   0|    7|          0|
    |add_ln275_reg_3081                  |   3|   0|    3|          0|
    |add_ln334_reg_3104                  |   8|   0|   10|          2|
    |and_ln275_reg_2960                  |   1|   0|    1|          0|
    |ap_CS_fsm                           |   2|   0|    2|          0|
    |ap_done_reg                         |   1|   0|    1|          0|
    |ap_enable_reg_pp0_iter0_reg         |   1|   0|    1|          0|
    |ap_enable_reg_pp0_iter1             |   1|   0|    1|          0|
    |ap_enable_reg_pp0_iter2             |   1|   0|    1|          0|
    |ap_enable_reg_pp0_iter3             |   1|   0|    1|          0|
    |ap_enable_reg_pp0_iter4             |   1|   0|    1|          0|
    |ap_enable_reg_pp0_iter5             |   1|   0|    1|          0|
    |ap_enable_reg_pp0_iter6             |   1|   0|    1|          0|
    |ap_enable_reg_pp0_iter7             |   1|   0|    1|          0|
    |ap_loop_exit_ready_pp0_iter1_reg    |   1|   0|    1|          0|
    |ap_loop_exit_ready_pp0_iter2_reg    |   1|   0|    1|          0|
    |ap_loop_exit_ready_pp0_iter3_reg    |   1|   0|    1|          0|
    |ap_loop_exit_ready_pp0_iter4_reg    |   1|   0|    1|          0|
    |ap_loop_exit_ready_pp0_iter5_reg    |   1|   0|    1|          0|
    |ap_loop_exit_ready_pp0_iter6_reg    |   1|   0|    1|          0|
    |d0_1_fu_276                         |   4|   0|    4|          0|
    |d1_0_fu_284                         |   3|   0|    3|          0|
    |d1_0_load_reg_3076                  |   3|   0|    3|          0|
    |d1_1_fu_272                         |   6|   0|    6|          0|
    |d1_1_load_reg_2948                  |   6|   0|    6|          0|
    |icmp_ln275_reg_2939                 |   1|   0|    1|          0|
    |icmp_ln277_reg_2953                 |   1|   0|    1|          0|
    |indvar_flatten12_fu_288             |   7|   0|    7|          0|
    |indvar_flatten_fu_280               |   6|   0|    6|          0|
    |indvar_flatten_load_reg_2934        |   6|   0|    6|          0|
    |lshr_ln_reg_2991                    |   4|   0|    4|          0|
    |select_ln277_1_reg_2965             |   4|   0|    4|          0|
    |select_ln277_reg_2971               |   6|   0|    6|          0|
    |sub_ln286_reg_3086                  |   6|   0|   10|          4|
    |tmp_0_reg_2996                      |  32|   0|   32|          0|
    |tmp_10_reg_3046                     |  32|   0|   32|          0|
    |tmp_11_reg_3051                     |  32|   0|   32|          0|
    |tmp_12_reg_3056                     |  32|   0|   32|          0|
    |tmp_13_reg_3061                     |  32|   0|   32|          0|
    |tmp_14_reg_3066                     |  32|   0|   32|          0|
    |tmp_15_reg_3071                     |  32|   0|   32|          0|
    |tmp_1_reg_3001                      |  32|   0|   32|          0|
    |tmp_2_reg_3006                      |  32|   0|   32|          0|
    |tmp_3_reg_3011                      |  32|   0|   32|          0|
    |tmp_4_reg_3016                      |  32|   0|   32|          0|
    |tmp_507_cast1_reg_2981              |   5|   0|    5|          0|
    |tmp_507_cast_reg_2986               |   4|   0|    4|          0|
    |tmp_5_reg_3021                      |  32|   0|   32|          0|
    |tmp_6_reg_3026                      |  32|   0|   32|          0|
    |tmp_7_reg_3031                      |  32|   0|   32|          0|
    |tmp_8_reg_3036                      |  32|   0|   32|          0|
    |tmp_9_reg_3041                      |  32|   0|   32|          0|
    |trunc_ln1_reg_3097                  |   7|   0|    7|          0|
    |trunc_ln279_reg_3093                |   4|   0|    4|          0|
    |trunc_ln279_reg_3093_pp0_iter7_reg  |   4|   0|    4|          0|
    |zext_ln275_cast_reg_2929            |   6|   0|    7|          1|
    |icmp_ln277_reg_2953                 |  64|  32|    1|          0|
    |lshr_ln_reg_2991                    |  64|  32|    4|          0|
    |select_ln277_reg_2971               |  64|  32|    6|          0|
    |tmp_0_reg_2996                      |  64|  32|   32|          0|
    |tmp_10_reg_3046                     |  64|  32|   32|          0|
    |tmp_11_reg_3051                     |  64|  32|   32|          0|
    |tmp_12_reg_3056                     |  64|  32|   32|          0|
    |tmp_13_reg_3061                     |  64|  32|   32|          0|
    |tmp_14_reg_3066                     |  64|  32|   32|          0|
    |tmp_15_reg_3071                     |  64|  32|   32|          0|
    |tmp_1_reg_3001                      |  64|  32|   32|          0|
    |tmp_2_reg_3006                      |  64|  32|   32|          0|
    |tmp_3_reg_3011                      |  64|  32|   32|          0|
    |tmp_4_reg_3016                      |  64|  32|   32|          0|
    |tmp_507_cast1_reg_2981              |  64|  32|    5|          0|
    |tmp_507_cast_reg_2986               |  64|  32|    4|          0|
    |tmp_5_reg_3021                      |  64|  32|   32|          0|
    |tmp_6_reg_3026                      |  64|  32|   32|          0|
    |tmp_7_reg_3031                      |  64|  32|   32|          0|
    |tmp_8_reg_3036                      |  64|  32|   32|          0|
    |tmp_9_reg_3041                      |  64|  32|   32|          0|
    +------------------------------------+----+----+-----+-----------+
    |Total                               |1985| 672| 1180|          7|
    +------------------------------------+----+----+-----+-----------+



================================================================
== Interface
================================================================
* Summary: 
+-----------------------------------+-----+-----+------------+------------------------------------------------------------------------+--------------+
|             RTL Ports             | Dir | Bits|  Protocol  |                              Source Object                             |    C Type    |
+-----------------------------------+-----+-----+------------+------------------------------------------------------------------------+--------------+
|ap_clk                             |   in|    1|  ap_ctrl_hs|  read_E_FT2_Pipeline_VITIS_LOOP_275_1_VITIS_LOOP_277_2_VITIS_LOOP_279_3|  return value|
|ap_rst                             |   in|    1|  ap_ctrl_hs|  read_E_FT2_Pipeline_VITIS_LOOP_275_1_VITIS_LOOP_277_2_VITIS_LOOP_279_3|  return value|
|ap_start                           |   in|    1|  ap_ctrl_hs|  read_E_FT2_Pipeline_VITIS_LOOP_275_1_VITIS_LOOP_277_2_VITIS_LOOP_279_3|  return value|
|ap_done                            |  out|    1|  ap_ctrl_hs|  read_E_FT2_Pipeline_VITIS_LOOP_275_1_VITIS_LOOP_277_2_VITIS_LOOP_279_3|  return value|
|ap_idle                            |  out|    1|  ap_ctrl_hs|  read_E_FT2_Pipeline_VITIS_LOOP_275_1_VITIS_LOOP_277_2_VITIS_LOOP_279_3|  return value|
|ap_ready                           |  out|    1|  ap_ctrl_hs|  read_E_FT2_Pipeline_VITIS_LOOP_275_1_VITIS_LOOP_277_2_VITIS_LOOP_279_3|  return value|
|fifo_E_from_task1_to_task5_TVALID  |   in|    1|        axis|                                     fifo_E_from_task1_to_task5_V_data_V|       pointer|
|fifo_E_from_task1_to_task5_TDATA   |   in|  512|        axis|                                     fifo_E_from_task1_to_task5_V_data_V|       pointer|
|zext_ln275                         |   in|    6|     ap_none|                                                              zext_ln275|        scalar|
|p_shl_i                            |   in|    8|     ap_none|                                                                 p_shl_i|        scalar|
|E_1_9_3_address0                   |  out|   10|   ap_memory|                                                                 E_1_9_3|         array|
|E_1_9_3_ce0                        |  out|    1|   ap_memory|                                                                 E_1_9_3|         array|
|E_1_9_3_we0                        |  out|    1|   ap_memory|                                                                 E_1_9_3|         array|
|E_1_9_3_d0                         |  out|   32|   ap_memory|                                                                 E_1_9_3|         array|
|E_1_9_3_address1                   |  out|   10|   ap_memory|                                                                 E_1_9_3|         array|
|E_1_9_3_ce1                        |  out|    1|   ap_memory|                                                                 E_1_9_3|         array|
|E_1_9_3_we1                        |  out|    1|   ap_memory|                                                                 E_1_9_3|         array|
|E_1_9_3_d1                         |  out|   32|   ap_memory|                                                                 E_1_9_3|         array|
|E_1_9_2_address0                   |  out|   10|   ap_memory|                                                                 E_1_9_2|         array|
|E_1_9_2_ce0                        |  out|    1|   ap_memory|                                                                 E_1_9_2|         array|
|E_1_9_2_we0                        |  out|    1|   ap_memory|                                                                 E_1_9_2|         array|
|E_1_9_2_d0                         |  out|   32|   ap_memory|                                                                 E_1_9_2|         array|
|E_1_9_2_address1                   |  out|   10|   ap_memory|                                                                 E_1_9_2|         array|
|E_1_9_2_ce1                        |  out|    1|   ap_memory|                                                                 E_1_9_2|         array|
|E_1_9_2_we1                        |  out|    1|   ap_memory|                                                                 E_1_9_2|         array|
|E_1_9_2_d1                         |  out|   32|   ap_memory|                                                                 E_1_9_2|         array|
|E_1_9_1_address0                   |  out|   10|   ap_memory|                                                                 E_1_9_1|         array|
|E_1_9_1_ce0                        |  out|    1|   ap_memory|                                                                 E_1_9_1|         array|
|E_1_9_1_we0                        |  out|    1|   ap_memory|                                                                 E_1_9_1|         array|
|E_1_9_1_d0                         |  out|   32|   ap_memory|                                                                 E_1_9_1|         array|
|E_1_9_1_address1                   |  out|   10|   ap_memory|                                                                 E_1_9_1|         array|
|E_1_9_1_ce1                        |  out|    1|   ap_memory|                                                                 E_1_9_1|         array|
|E_1_9_1_we1                        |  out|    1|   ap_memory|                                                                 E_1_9_1|         array|
|E_1_9_1_d1                         |  out|   32|   ap_memory|                                                                 E_1_9_1|         array|
|E_1_9_0_address0                   |  out|   10|   ap_memory|                                                                 E_1_9_0|         array|
|E_1_9_0_ce0                        |  out|    1|   ap_memory|                                                                 E_1_9_0|         array|
|E_1_9_0_we0                        |  out|    1|   ap_memory|                                                                 E_1_9_0|         array|
|E_1_9_0_d0                         |  out|   32|   ap_memory|                                                                 E_1_9_0|         array|
|E_1_9_0_address1                   |  out|   10|   ap_memory|                                                                 E_1_9_0|         array|
|E_1_9_0_ce1                        |  out|    1|   ap_memory|                                                                 E_1_9_0|         array|
|E_1_9_0_we1                        |  out|    1|   ap_memory|                                                                 E_1_9_0|         array|
|E_1_9_0_d1                         |  out|   32|   ap_memory|                                                                 E_1_9_0|         array|
|E_1_8_3_address0                   |  out|   10|   ap_memory|                                                                 E_1_8_3|         array|
|E_1_8_3_ce0                        |  out|    1|   ap_memory|                                                                 E_1_8_3|         array|
|E_1_8_3_we0                        |  out|    1|   ap_memory|                                                                 E_1_8_3|         array|
|E_1_8_3_d0                         |  out|   32|   ap_memory|                                                                 E_1_8_3|         array|
|E_1_8_3_address1                   |  out|   10|   ap_memory|                                                                 E_1_8_3|         array|
|E_1_8_3_ce1                        |  out|    1|   ap_memory|                                                                 E_1_8_3|         array|
|E_1_8_3_we1                        |  out|    1|   ap_memory|                                                                 E_1_8_3|         array|
|E_1_8_3_d1                         |  out|   32|   ap_memory|                                                                 E_1_8_3|         array|
|E_1_8_2_address0                   |  out|   10|   ap_memory|                                                                 E_1_8_2|         array|
|E_1_8_2_ce0                        |  out|    1|   ap_memory|                                                                 E_1_8_2|         array|
|E_1_8_2_we0                        |  out|    1|   ap_memory|                                                                 E_1_8_2|         array|
|E_1_8_2_d0                         |  out|   32|   ap_memory|                                                                 E_1_8_2|         array|
|E_1_8_2_address1                   |  out|   10|   ap_memory|                                                                 E_1_8_2|         array|
|E_1_8_2_ce1                        |  out|    1|   ap_memory|                                                                 E_1_8_2|         array|
|E_1_8_2_we1                        |  out|    1|   ap_memory|                                                                 E_1_8_2|         array|
|E_1_8_2_d1                         |  out|   32|   ap_memory|                                                                 E_1_8_2|         array|
|E_1_8_1_address0                   |  out|   10|   ap_memory|                                                                 E_1_8_1|         array|
|E_1_8_1_ce0                        |  out|    1|   ap_memory|                                                                 E_1_8_1|         array|
|E_1_8_1_we0                        |  out|    1|   ap_memory|                                                                 E_1_8_1|         array|
|E_1_8_1_d0                         |  out|   32|   ap_memory|                                                                 E_1_8_1|         array|
|E_1_8_1_address1                   |  out|   10|   ap_memory|                                                                 E_1_8_1|         array|
|E_1_8_1_ce1                        |  out|    1|   ap_memory|                                                                 E_1_8_1|         array|
|E_1_8_1_we1                        |  out|    1|   ap_memory|                                                                 E_1_8_1|         array|
|E_1_8_1_d1                         |  out|   32|   ap_memory|                                                                 E_1_8_1|         array|
|E_1_8_0_address0                   |  out|   10|   ap_memory|                                                                 E_1_8_0|         array|
|E_1_8_0_ce0                        |  out|    1|   ap_memory|                                                                 E_1_8_0|         array|
|E_1_8_0_we0                        |  out|    1|   ap_memory|                                                                 E_1_8_0|         array|
|E_1_8_0_d0                         |  out|   32|   ap_memory|                                                                 E_1_8_0|         array|
|E_1_8_0_address1                   |  out|   10|   ap_memory|                                                                 E_1_8_0|         array|
|E_1_8_0_ce1                        |  out|    1|   ap_memory|                                                                 E_1_8_0|         array|
|E_1_8_0_we1                        |  out|    1|   ap_memory|                                                                 E_1_8_0|         array|
|E_1_8_0_d1                         |  out|   32|   ap_memory|                                                                 E_1_8_0|         array|
|E_1_7_3_address0                   |  out|   10|   ap_memory|                                                                 E_1_7_3|         array|
|E_1_7_3_ce0                        |  out|    1|   ap_memory|                                                                 E_1_7_3|         array|
|E_1_7_3_we0                        |  out|    1|   ap_memory|                                                                 E_1_7_3|         array|
|E_1_7_3_d0                         |  out|   32|   ap_memory|                                                                 E_1_7_3|         array|
|E_1_7_3_address1                   |  out|   10|   ap_memory|                                                                 E_1_7_3|         array|
|E_1_7_3_ce1                        |  out|    1|   ap_memory|                                                                 E_1_7_3|         array|
|E_1_7_3_we1                        |  out|    1|   ap_memory|                                                                 E_1_7_3|         array|
|E_1_7_3_d1                         |  out|   32|   ap_memory|                                                                 E_1_7_3|         array|
|E_1_7_2_address0                   |  out|   10|   ap_memory|                                                                 E_1_7_2|         array|
|E_1_7_2_ce0                        |  out|    1|   ap_memory|                                                                 E_1_7_2|         array|
|E_1_7_2_we0                        |  out|    1|   ap_memory|                                                                 E_1_7_2|         array|
|E_1_7_2_d0                         |  out|   32|   ap_memory|                                                                 E_1_7_2|         array|
|E_1_7_2_address1                   |  out|   10|   ap_memory|                                                                 E_1_7_2|         array|
|E_1_7_2_ce1                        |  out|    1|   ap_memory|                                                                 E_1_7_2|         array|
|E_1_7_2_we1                        |  out|    1|   ap_memory|                                                                 E_1_7_2|         array|
|E_1_7_2_d1                         |  out|   32|   ap_memory|                                                                 E_1_7_2|         array|
|E_1_7_1_address0                   |  out|   10|   ap_memory|                                                                 E_1_7_1|         array|
|E_1_7_1_ce0                        |  out|    1|   ap_memory|                                                                 E_1_7_1|         array|
|E_1_7_1_we0                        |  out|    1|   ap_memory|                                                                 E_1_7_1|         array|
|E_1_7_1_d0                         |  out|   32|   ap_memory|                                                                 E_1_7_1|         array|
|E_1_7_1_address1                   |  out|   10|   ap_memory|                                                                 E_1_7_1|         array|
|E_1_7_1_ce1                        |  out|    1|   ap_memory|                                                                 E_1_7_1|         array|
|E_1_7_1_we1                        |  out|    1|   ap_memory|                                                                 E_1_7_1|         array|
|E_1_7_1_d1                         |  out|   32|   ap_memory|                                                                 E_1_7_1|         array|
|E_1_7_0_address0                   |  out|   10|   ap_memory|                                                                 E_1_7_0|         array|
|E_1_7_0_ce0                        |  out|    1|   ap_memory|                                                                 E_1_7_0|         array|
|E_1_7_0_we0                        |  out|    1|   ap_memory|                                                                 E_1_7_0|         array|
|E_1_7_0_d0                         |  out|   32|   ap_memory|                                                                 E_1_7_0|         array|
|E_1_7_0_address1                   |  out|   10|   ap_memory|                                                                 E_1_7_0|         array|
|E_1_7_0_ce1                        |  out|    1|   ap_memory|                                                                 E_1_7_0|         array|
|E_1_7_0_we1                        |  out|    1|   ap_memory|                                                                 E_1_7_0|         array|
|E_1_7_0_d1                         |  out|   32|   ap_memory|                                                                 E_1_7_0|         array|
|E_1_6_3_address0                   |  out|   10|   ap_memory|                                                                 E_1_6_3|         array|
|E_1_6_3_ce0                        |  out|    1|   ap_memory|                                                                 E_1_6_3|         array|
|E_1_6_3_we0                        |  out|    1|   ap_memory|                                                                 E_1_6_3|         array|
|E_1_6_3_d0                         |  out|   32|   ap_memory|                                                                 E_1_6_3|         array|
|E_1_6_3_address1                   |  out|   10|   ap_memory|                                                                 E_1_6_3|         array|
|E_1_6_3_ce1                        |  out|    1|   ap_memory|                                                                 E_1_6_3|         array|
|E_1_6_3_we1                        |  out|    1|   ap_memory|                                                                 E_1_6_3|         array|
|E_1_6_3_d1                         |  out|   32|   ap_memory|                                                                 E_1_6_3|         array|
|E_1_6_2_address0                   |  out|   10|   ap_memory|                                                                 E_1_6_2|         array|
|E_1_6_2_ce0                        |  out|    1|   ap_memory|                                                                 E_1_6_2|         array|
|E_1_6_2_we0                        |  out|    1|   ap_memory|                                                                 E_1_6_2|         array|
|E_1_6_2_d0                         |  out|   32|   ap_memory|                                                                 E_1_6_2|         array|
|E_1_6_2_address1                   |  out|   10|   ap_memory|                                                                 E_1_6_2|         array|
|E_1_6_2_ce1                        |  out|    1|   ap_memory|                                                                 E_1_6_2|         array|
|E_1_6_2_we1                        |  out|    1|   ap_memory|                                                                 E_1_6_2|         array|
|E_1_6_2_d1                         |  out|   32|   ap_memory|                                                                 E_1_6_2|         array|
|E_1_6_1_address0                   |  out|   10|   ap_memory|                                                                 E_1_6_1|         array|
|E_1_6_1_ce0                        |  out|    1|   ap_memory|                                                                 E_1_6_1|         array|
|E_1_6_1_we0                        |  out|    1|   ap_memory|                                                                 E_1_6_1|         array|
|E_1_6_1_d0                         |  out|   32|   ap_memory|                                                                 E_1_6_1|         array|
|E_1_6_1_address1                   |  out|   10|   ap_memory|                                                                 E_1_6_1|         array|
|E_1_6_1_ce1                        |  out|    1|   ap_memory|                                                                 E_1_6_1|         array|
|E_1_6_1_we1                        |  out|    1|   ap_memory|                                                                 E_1_6_1|         array|
|E_1_6_1_d1                         |  out|   32|   ap_memory|                                                                 E_1_6_1|         array|
|E_1_6_0_address0                   |  out|   10|   ap_memory|                                                                 E_1_6_0|         array|
|E_1_6_0_ce0                        |  out|    1|   ap_memory|                                                                 E_1_6_0|         array|
|E_1_6_0_we0                        |  out|    1|   ap_memory|                                                                 E_1_6_0|         array|
|E_1_6_0_d0                         |  out|   32|   ap_memory|                                                                 E_1_6_0|         array|
|E_1_6_0_address1                   |  out|   10|   ap_memory|                                                                 E_1_6_0|         array|
|E_1_6_0_ce1                        |  out|    1|   ap_memory|                                                                 E_1_6_0|         array|
|E_1_6_0_we1                        |  out|    1|   ap_memory|                                                                 E_1_6_0|         array|
|E_1_6_0_d1                         |  out|   32|   ap_memory|                                                                 E_1_6_0|         array|
|E_1_5_3_address0                   |  out|   10|   ap_memory|                                                                 E_1_5_3|         array|
|E_1_5_3_ce0                        |  out|    1|   ap_memory|                                                                 E_1_5_3|         array|
|E_1_5_3_we0                        |  out|    1|   ap_memory|                                                                 E_1_5_3|         array|
|E_1_5_3_d0                         |  out|   32|   ap_memory|                                                                 E_1_5_3|         array|
|E_1_5_3_address1                   |  out|   10|   ap_memory|                                                                 E_1_5_3|         array|
|E_1_5_3_ce1                        |  out|    1|   ap_memory|                                                                 E_1_5_3|         array|
|E_1_5_3_we1                        |  out|    1|   ap_memory|                                                                 E_1_5_3|         array|
|E_1_5_3_d1                         |  out|   32|   ap_memory|                                                                 E_1_5_3|         array|
|E_1_5_2_address0                   |  out|   10|   ap_memory|                                                                 E_1_5_2|         array|
|E_1_5_2_ce0                        |  out|    1|   ap_memory|                                                                 E_1_5_2|         array|
|E_1_5_2_we0                        |  out|    1|   ap_memory|                                                                 E_1_5_2|         array|
|E_1_5_2_d0                         |  out|   32|   ap_memory|                                                                 E_1_5_2|         array|
|E_1_5_2_address1                   |  out|   10|   ap_memory|                                                                 E_1_5_2|         array|
|E_1_5_2_ce1                        |  out|    1|   ap_memory|                                                                 E_1_5_2|         array|
|E_1_5_2_we1                        |  out|    1|   ap_memory|                                                                 E_1_5_2|         array|
|E_1_5_2_d1                         |  out|   32|   ap_memory|                                                                 E_1_5_2|         array|
|E_1_5_1_address0                   |  out|   10|   ap_memory|                                                                 E_1_5_1|         array|
|E_1_5_1_ce0                        |  out|    1|   ap_memory|                                                                 E_1_5_1|         array|
|E_1_5_1_we0                        |  out|    1|   ap_memory|                                                                 E_1_5_1|         array|
|E_1_5_1_d0                         |  out|   32|   ap_memory|                                                                 E_1_5_1|         array|
|E_1_5_1_address1                   |  out|   10|   ap_memory|                                                                 E_1_5_1|         array|
|E_1_5_1_ce1                        |  out|    1|   ap_memory|                                                                 E_1_5_1|         array|
|E_1_5_1_we1                        |  out|    1|   ap_memory|                                                                 E_1_5_1|         array|
|E_1_5_1_d1                         |  out|   32|   ap_memory|                                                                 E_1_5_1|         array|
|E_1_5_0_address0                   |  out|   10|   ap_memory|                                                                 E_1_5_0|         array|
|E_1_5_0_ce0                        |  out|    1|   ap_memory|                                                                 E_1_5_0|         array|
|E_1_5_0_we0                        |  out|    1|   ap_memory|                                                                 E_1_5_0|         array|
|E_1_5_0_d0                         |  out|   32|   ap_memory|                                                                 E_1_5_0|         array|
|E_1_5_0_address1                   |  out|   10|   ap_memory|                                                                 E_1_5_0|         array|
|E_1_5_0_ce1                        |  out|    1|   ap_memory|                                                                 E_1_5_0|         array|
|E_1_5_0_we1                        |  out|    1|   ap_memory|                                                                 E_1_5_0|         array|
|E_1_5_0_d1                         |  out|   32|   ap_memory|                                                                 E_1_5_0|         array|
|E_1_4_3_address0                   |  out|   10|   ap_memory|                                                                 E_1_4_3|         array|
|E_1_4_3_ce0                        |  out|    1|   ap_memory|                                                                 E_1_4_3|         array|
|E_1_4_3_we0                        |  out|    1|   ap_memory|                                                                 E_1_4_3|         array|
|E_1_4_3_d0                         |  out|   32|   ap_memory|                                                                 E_1_4_3|         array|
|E_1_4_3_address1                   |  out|   10|   ap_memory|                                                                 E_1_4_3|         array|
|E_1_4_3_ce1                        |  out|    1|   ap_memory|                                                                 E_1_4_3|         array|
|E_1_4_3_we1                        |  out|    1|   ap_memory|                                                                 E_1_4_3|         array|
|E_1_4_3_d1                         |  out|   32|   ap_memory|                                                                 E_1_4_3|         array|
|E_1_4_2_address0                   |  out|   10|   ap_memory|                                                                 E_1_4_2|         array|
|E_1_4_2_ce0                        |  out|    1|   ap_memory|                                                                 E_1_4_2|         array|
|E_1_4_2_we0                        |  out|    1|   ap_memory|                                                                 E_1_4_2|         array|
|E_1_4_2_d0                         |  out|   32|   ap_memory|                                                                 E_1_4_2|         array|
|E_1_4_2_address1                   |  out|   10|   ap_memory|                                                                 E_1_4_2|         array|
|E_1_4_2_ce1                        |  out|    1|   ap_memory|                                                                 E_1_4_2|         array|
|E_1_4_2_we1                        |  out|    1|   ap_memory|                                                                 E_1_4_2|         array|
|E_1_4_2_d1                         |  out|   32|   ap_memory|                                                                 E_1_4_2|         array|
|E_1_4_1_address0                   |  out|   10|   ap_memory|                                                                 E_1_4_1|         array|
|E_1_4_1_ce0                        |  out|    1|   ap_memory|                                                                 E_1_4_1|         array|
|E_1_4_1_we0                        |  out|    1|   ap_memory|                                                                 E_1_4_1|         array|
|E_1_4_1_d0                         |  out|   32|   ap_memory|                                                                 E_1_4_1|         array|
|E_1_4_1_address1                   |  out|   10|   ap_memory|                                                                 E_1_4_1|         array|
|E_1_4_1_ce1                        |  out|    1|   ap_memory|                                                                 E_1_4_1|         array|
|E_1_4_1_we1                        |  out|    1|   ap_memory|                                                                 E_1_4_1|         array|
|E_1_4_1_d1                         |  out|   32|   ap_memory|                                                                 E_1_4_1|         array|
|E_1_4_0_address0                   |  out|   10|   ap_memory|                                                                 E_1_4_0|         array|
|E_1_4_0_ce0                        |  out|    1|   ap_memory|                                                                 E_1_4_0|         array|
|E_1_4_0_we0                        |  out|    1|   ap_memory|                                                                 E_1_4_0|         array|
|E_1_4_0_d0                         |  out|   32|   ap_memory|                                                                 E_1_4_0|         array|
|E_1_4_0_address1                   |  out|   10|   ap_memory|                                                                 E_1_4_0|         array|
|E_1_4_0_ce1                        |  out|    1|   ap_memory|                                                                 E_1_4_0|         array|
|E_1_4_0_we1                        |  out|    1|   ap_memory|                                                                 E_1_4_0|         array|
|E_1_4_0_d1                         |  out|   32|   ap_memory|                                                                 E_1_4_0|         array|
|E_1_3_3_address0                   |  out|   10|   ap_memory|                                                                 E_1_3_3|         array|
|E_1_3_3_ce0                        |  out|    1|   ap_memory|                                                                 E_1_3_3|         array|
|E_1_3_3_we0                        |  out|    1|   ap_memory|                                                                 E_1_3_3|         array|
|E_1_3_3_d0                         |  out|   32|   ap_memory|                                                                 E_1_3_3|         array|
|E_1_3_3_address1                   |  out|   10|   ap_memory|                                                                 E_1_3_3|         array|
|E_1_3_3_ce1                        |  out|    1|   ap_memory|                                                                 E_1_3_3|         array|
|E_1_3_3_we1                        |  out|    1|   ap_memory|                                                                 E_1_3_3|         array|
|E_1_3_3_d1                         |  out|   32|   ap_memory|                                                                 E_1_3_3|         array|
|E_1_3_2_address0                   |  out|   10|   ap_memory|                                                                 E_1_3_2|         array|
|E_1_3_2_ce0                        |  out|    1|   ap_memory|                                                                 E_1_3_2|         array|
|E_1_3_2_we0                        |  out|    1|   ap_memory|                                                                 E_1_3_2|         array|
|E_1_3_2_d0                         |  out|   32|   ap_memory|                                                                 E_1_3_2|         array|
|E_1_3_2_address1                   |  out|   10|   ap_memory|                                                                 E_1_3_2|         array|
|E_1_3_2_ce1                        |  out|    1|   ap_memory|                                                                 E_1_3_2|         array|
|E_1_3_2_we1                        |  out|    1|   ap_memory|                                                                 E_1_3_2|         array|
|E_1_3_2_d1                         |  out|   32|   ap_memory|                                                                 E_1_3_2|         array|
|E_1_3_1_address0                   |  out|   10|   ap_memory|                                                                 E_1_3_1|         array|
|E_1_3_1_ce0                        |  out|    1|   ap_memory|                                                                 E_1_3_1|         array|
|E_1_3_1_we0                        |  out|    1|   ap_memory|                                                                 E_1_3_1|         array|
|E_1_3_1_d0                         |  out|   32|   ap_memory|                                                                 E_1_3_1|         array|
|E_1_3_1_address1                   |  out|   10|   ap_memory|                                                                 E_1_3_1|         array|
|E_1_3_1_ce1                        |  out|    1|   ap_memory|                                                                 E_1_3_1|         array|
|E_1_3_1_we1                        |  out|    1|   ap_memory|                                                                 E_1_3_1|         array|
|E_1_3_1_d1                         |  out|   32|   ap_memory|                                                                 E_1_3_1|         array|
|E_1_3_0_address0                   |  out|   10|   ap_memory|                                                                 E_1_3_0|         array|
|E_1_3_0_ce0                        |  out|    1|   ap_memory|                                                                 E_1_3_0|         array|
|E_1_3_0_we0                        |  out|    1|   ap_memory|                                                                 E_1_3_0|         array|
|E_1_3_0_d0                         |  out|   32|   ap_memory|                                                                 E_1_3_0|         array|
|E_1_3_0_address1                   |  out|   10|   ap_memory|                                                                 E_1_3_0|         array|
|E_1_3_0_ce1                        |  out|    1|   ap_memory|                                                                 E_1_3_0|         array|
|E_1_3_0_we1                        |  out|    1|   ap_memory|                                                                 E_1_3_0|         array|
|E_1_3_0_d1                         |  out|   32|   ap_memory|                                                                 E_1_3_0|         array|
|E_1_2_3_address0                   |  out|   10|   ap_memory|                                                                 E_1_2_3|         array|
|E_1_2_3_ce0                        |  out|    1|   ap_memory|                                                                 E_1_2_3|         array|
|E_1_2_3_we0                        |  out|    1|   ap_memory|                                                                 E_1_2_3|         array|
|E_1_2_3_d0                         |  out|   32|   ap_memory|                                                                 E_1_2_3|         array|
|E_1_2_3_address1                   |  out|   10|   ap_memory|                                                                 E_1_2_3|         array|
|E_1_2_3_ce1                        |  out|    1|   ap_memory|                                                                 E_1_2_3|         array|
|E_1_2_3_we1                        |  out|    1|   ap_memory|                                                                 E_1_2_3|         array|
|E_1_2_3_d1                         |  out|   32|   ap_memory|                                                                 E_1_2_3|         array|
|E_1_2_2_address0                   |  out|   10|   ap_memory|                                                                 E_1_2_2|         array|
|E_1_2_2_ce0                        |  out|    1|   ap_memory|                                                                 E_1_2_2|         array|
|E_1_2_2_we0                        |  out|    1|   ap_memory|                                                                 E_1_2_2|         array|
|E_1_2_2_d0                         |  out|   32|   ap_memory|                                                                 E_1_2_2|         array|
|E_1_2_2_address1                   |  out|   10|   ap_memory|                                                                 E_1_2_2|         array|
|E_1_2_2_ce1                        |  out|    1|   ap_memory|                                                                 E_1_2_2|         array|
|E_1_2_2_we1                        |  out|    1|   ap_memory|                                                                 E_1_2_2|         array|
|E_1_2_2_d1                         |  out|   32|   ap_memory|                                                                 E_1_2_2|         array|
|E_1_2_1_address0                   |  out|   10|   ap_memory|                                                                 E_1_2_1|         array|
|E_1_2_1_ce0                        |  out|    1|   ap_memory|                                                                 E_1_2_1|         array|
|E_1_2_1_we0                        |  out|    1|   ap_memory|                                                                 E_1_2_1|         array|
|E_1_2_1_d0                         |  out|   32|   ap_memory|                                                                 E_1_2_1|         array|
|E_1_2_1_address1                   |  out|   10|   ap_memory|                                                                 E_1_2_1|         array|
|E_1_2_1_ce1                        |  out|    1|   ap_memory|                                                                 E_1_2_1|         array|
|E_1_2_1_we1                        |  out|    1|   ap_memory|                                                                 E_1_2_1|         array|
|E_1_2_1_d1                         |  out|   32|   ap_memory|                                                                 E_1_2_1|         array|
|E_1_2_0_address0                   |  out|   10|   ap_memory|                                                                 E_1_2_0|         array|
|E_1_2_0_ce0                        |  out|    1|   ap_memory|                                                                 E_1_2_0|         array|
|E_1_2_0_we0                        |  out|    1|   ap_memory|                                                                 E_1_2_0|         array|
|E_1_2_0_d0                         |  out|   32|   ap_memory|                                                                 E_1_2_0|         array|
|E_1_2_0_address1                   |  out|   10|   ap_memory|                                                                 E_1_2_0|         array|
|E_1_2_0_ce1                        |  out|    1|   ap_memory|                                                                 E_1_2_0|         array|
|E_1_2_0_we1                        |  out|    1|   ap_memory|                                                                 E_1_2_0|         array|
|E_1_2_0_d1                         |  out|   32|   ap_memory|                                                                 E_1_2_0|         array|
|E_1_1_3_address0                   |  out|   10|   ap_memory|                                                                 E_1_1_3|         array|
|E_1_1_3_ce0                        |  out|    1|   ap_memory|                                                                 E_1_1_3|         array|
|E_1_1_3_we0                        |  out|    1|   ap_memory|                                                                 E_1_1_3|         array|
|E_1_1_3_d0                         |  out|   32|   ap_memory|                                                                 E_1_1_3|         array|
|E_1_1_3_address1                   |  out|   10|   ap_memory|                                                                 E_1_1_3|         array|
|E_1_1_3_ce1                        |  out|    1|   ap_memory|                                                                 E_1_1_3|         array|
|E_1_1_3_we1                        |  out|    1|   ap_memory|                                                                 E_1_1_3|         array|
|E_1_1_3_d1                         |  out|   32|   ap_memory|                                                                 E_1_1_3|         array|
|E_1_1_2_address0                   |  out|   10|   ap_memory|                                                                 E_1_1_2|         array|
|E_1_1_2_ce0                        |  out|    1|   ap_memory|                                                                 E_1_1_2|         array|
|E_1_1_2_we0                        |  out|    1|   ap_memory|                                                                 E_1_1_2|         array|
|E_1_1_2_d0                         |  out|   32|   ap_memory|                                                                 E_1_1_2|         array|
|E_1_1_2_address1                   |  out|   10|   ap_memory|                                                                 E_1_1_2|         array|
|E_1_1_2_ce1                        |  out|    1|   ap_memory|                                                                 E_1_1_2|         array|
|E_1_1_2_we1                        |  out|    1|   ap_memory|                                                                 E_1_1_2|         array|
|E_1_1_2_d1                         |  out|   32|   ap_memory|                                                                 E_1_1_2|         array|
|E_1_1_1_address0                   |  out|   10|   ap_memory|                                                                 E_1_1_1|         array|
|E_1_1_1_ce0                        |  out|    1|   ap_memory|                                                                 E_1_1_1|         array|
|E_1_1_1_we0                        |  out|    1|   ap_memory|                                                                 E_1_1_1|         array|
|E_1_1_1_d0                         |  out|   32|   ap_memory|                                                                 E_1_1_1|         array|
|E_1_1_1_address1                   |  out|   10|   ap_memory|                                                                 E_1_1_1|         array|
|E_1_1_1_ce1                        |  out|    1|   ap_memory|                                                                 E_1_1_1|         array|
|E_1_1_1_we1                        |  out|    1|   ap_memory|                                                                 E_1_1_1|         array|
|E_1_1_1_d1                         |  out|   32|   ap_memory|                                                                 E_1_1_1|         array|
|E_1_1_0_address0                   |  out|   10|   ap_memory|                                                                 E_1_1_0|         array|
|E_1_1_0_ce0                        |  out|    1|   ap_memory|                                                                 E_1_1_0|         array|
|E_1_1_0_we0                        |  out|    1|   ap_memory|                                                                 E_1_1_0|         array|
|E_1_1_0_d0                         |  out|   32|   ap_memory|                                                                 E_1_1_0|         array|
|E_1_1_0_address1                   |  out|   10|   ap_memory|                                                                 E_1_1_0|         array|
|E_1_1_0_ce1                        |  out|    1|   ap_memory|                                                                 E_1_1_0|         array|
|E_1_1_0_we1                        |  out|    1|   ap_memory|                                                                 E_1_1_0|         array|
|E_1_1_0_d1                         |  out|   32|   ap_memory|                                                                 E_1_1_0|         array|
|E_1_0_3_address0                   |  out|   10|   ap_memory|                                                                 E_1_0_3|         array|
|E_1_0_3_ce0                        |  out|    1|   ap_memory|                                                                 E_1_0_3|         array|
|E_1_0_3_we0                        |  out|    1|   ap_memory|                                                                 E_1_0_3|         array|
|E_1_0_3_d0                         |  out|   32|   ap_memory|                                                                 E_1_0_3|         array|
|E_1_0_3_address1                   |  out|   10|   ap_memory|                                                                 E_1_0_3|         array|
|E_1_0_3_ce1                        |  out|    1|   ap_memory|                                                                 E_1_0_3|         array|
|E_1_0_3_we1                        |  out|    1|   ap_memory|                                                                 E_1_0_3|         array|
|E_1_0_3_d1                         |  out|   32|   ap_memory|                                                                 E_1_0_3|         array|
|E_1_0_2_address0                   |  out|   10|   ap_memory|                                                                 E_1_0_2|         array|
|E_1_0_2_ce0                        |  out|    1|   ap_memory|                                                                 E_1_0_2|         array|
|E_1_0_2_we0                        |  out|    1|   ap_memory|                                                                 E_1_0_2|         array|
|E_1_0_2_d0                         |  out|   32|   ap_memory|                                                                 E_1_0_2|         array|
|E_1_0_2_address1                   |  out|   10|   ap_memory|                                                                 E_1_0_2|         array|
|E_1_0_2_ce1                        |  out|    1|   ap_memory|                                                                 E_1_0_2|         array|
|E_1_0_2_we1                        |  out|    1|   ap_memory|                                                                 E_1_0_2|         array|
|E_1_0_2_d1                         |  out|   32|   ap_memory|                                                                 E_1_0_2|         array|
|E_1_0_1_address0                   |  out|   10|   ap_memory|                                                                 E_1_0_1|         array|
|E_1_0_1_ce0                        |  out|    1|   ap_memory|                                                                 E_1_0_1|         array|
|E_1_0_1_we0                        |  out|    1|   ap_memory|                                                                 E_1_0_1|         array|
|E_1_0_1_d0                         |  out|   32|   ap_memory|                                                                 E_1_0_1|         array|
|E_1_0_1_address1                   |  out|   10|   ap_memory|                                                                 E_1_0_1|         array|
|E_1_0_1_ce1                        |  out|    1|   ap_memory|                                                                 E_1_0_1|         array|
|E_1_0_1_we1                        |  out|    1|   ap_memory|                                                                 E_1_0_1|         array|
|E_1_0_1_d1                         |  out|   32|   ap_memory|                                                                 E_1_0_1|         array|
|E_1_0_0_address0                   |  out|   10|   ap_memory|                                                                 E_1_0_0|         array|
|E_1_0_0_ce0                        |  out|    1|   ap_memory|                                                                 E_1_0_0|         array|
|E_1_0_0_we0                        |  out|    1|   ap_memory|                                                                 E_1_0_0|         array|
|E_1_0_0_d0                         |  out|   32|   ap_memory|                                                                 E_1_0_0|         array|
|E_1_0_0_address1                   |  out|   10|   ap_memory|                                                                 E_1_0_0|         array|
|E_1_0_0_ce1                        |  out|    1|   ap_memory|                                                                 E_1_0_0|         array|
|E_1_0_0_we1                        |  out|    1|   ap_memory|                                                                 E_1_0_0|         array|
|E_1_0_0_d1                         |  out|   32|   ap_memory|                                                                 E_1_0_0|         array|
|fifo_E_from_task1_to_task5_TREADY  |  out|    1|        axis|                                     fifo_E_from_task1_to_task5_V_last_V|       pointer|
|fifo_E_from_task1_to_task5_TLAST   |   in|    1|        axis|                                     fifo_E_from_task1_to_task5_V_last_V|       pointer|
|fifo_E_from_task1_to_task5_TKEEP   |   in|   64|        axis|                                     fifo_E_from_task1_to_task5_V_keep_V|       pointer|
|fifo_E_from_task1_to_task5_TSTRB   |   in|   64|        axis|                                     fifo_E_from_task1_to_task5_V_strb_V|       pointer|
+-----------------------------------+-----+-----+------------+------------------------------------------------------------------------+--------------+

