

================================================================
== Vitis HLS Report for 'write_G_FT2_1_Pipeline_VITIS_LOOP_381_1_VITIS_LOOP_382_2'
================================================================
* Date:           Fri Jan 10 12:37:13 2025

* Version:        2023.2 (Build 4023990 on Oct 11 2023)
* Project:        kernel_nlp_slr1
* Solution:       solution (Vitis Kernel Flow Target)
* Product family: virtexuplusHBM
* Target device:  xcu55c-fsvh2892-2L-e


================================================================
== Performance Estimates
================================================================
+ Timing: 
    * Summary: 
    +--------+---------+----------+------------+
    |  Clock |  Target | Estimated| Uncertainty|
    +--------+---------+----------+------------+
    |ap_clk  |  4.55 ns|  2.466 ns|     1.23 ns|
    +--------+---------+----------+------------+

+ Latency: 
    * Summary: 
    +---------+---------+----------+----------+-----+-----+---------+
    |  Latency (cycles) |  Latency (absolute) |  Interval | Pipeline|
    |   min   |   max   |    min   |    max   | min | max |   Type  |
    +---------+---------+----------+----------+-----+-----+---------+
    |       32|       32|  0.145 us|  0.145 us|   32|   32|       no|
    +---------+---------+----------+----------+-----+-----+---------+

    + Detail: 
        * Instance: 
        N/A

        * Loop: 
        +-------------------------------------+---------+---------+----------+-----------+-----------+------+----------+
        |                                     |  Latency (cycles) | Iteration|  Initiation Interval  | Trip |          |
        |              Loop Name              |   min   |   max   |  Latency |  achieved |   target  | Count| Pipelined|
        +-------------------------------------+---------+---------+----------+-----------+-----------+------+----------+
        |- VITIS_LOOP_381_1_VITIS_LOOP_382_2  |       30|       30|         2|          1|          1|    30|       yes|
        +-------------------------------------+---------+---------+----------+-----------+-----------+------+----------+



================================================================
== Utilization Estimates
================================================================
* Summary: 
+---------------------+---------+------+---------+---------+-----+
|         Name        | BRAM_18K|  DSP |    FF   |   LUT   | URAM|
+---------------------+---------+------+---------+---------+-----+
|DSP                  |        -|     -|        -|        -|    -|
|Expression           |        -|     -|        0|       75|    -|
|FIFO                 |        -|     -|        -|        -|    -|
|Instance             |        -|     -|        0|     1552|    -|
|Memory               |        -|     -|        -|        -|    -|
|Multiplexer          |        -|     -|        -|       81|    -|
|Register             |        -|     -|      273|        -|    -|
+---------------------+---------+------+---------+---------+-----+
|Total                |        0|     0|      273|     1708|    0|
+---------------------+---------+------+---------+---------+-----+
|Available SLR        |     1344|  3008|   869120|   434560|  320|
+---------------------+---------+------+---------+---------+-----+
|Utilization SLR (%)  |        0|     0|       ~0|       ~0|    0|
+---------------------+---------+------+---------+---------+-----+
|Available            |     4032|  9024|  2607360|  1303680|  960|
+---------------------+---------+------+---------+---------+-----+
|Utilization (%)      |        0|     0|       ~0|       ~0|    0|
+---------------------+---------+------+---------+---------+-----+

+ Detail: 
    * Instance: 
    +-----------------------------+-----------------------+---------+----+---+----+-----+
    |           Instance          |         Module        | BRAM_18K| DSP| FF| LUT| URAM|
    +-----------------------------+-----------------------+---------+----+---+----+-----+
    |sparsemux_21_4_32_1_1_U2778  |sparsemux_21_4_32_1_1  |        0|   0|  0|  54|    0|
    |sparsemux_21_4_32_1_1_U2789  |sparsemux_21_4_32_1_1  |        0|   0|  0|  54|    0|
    |sparsemux_21_4_32_1_1_U2800  |sparsemux_21_4_32_1_1  |        0|   0|  0|  54|    0|
    |sparsemux_21_4_32_1_1_U2811  |sparsemux_21_4_32_1_1  |        0|   0|  0|  54|    0|
    |sparsemux_21_4_32_1_1_U2822  |sparsemux_21_4_32_1_1  |        0|   0|  0|  54|    0|
    |sparsemux_21_4_32_1_1_U2833  |sparsemux_21_4_32_1_1  |        0|   0|  0|  54|    0|
    |sparsemux_21_4_32_1_1_U2844  |sparsemux_21_4_32_1_1  |        0|   0|  0|  54|    0|
    |sparsemux_21_4_32_1_1_U2855  |sparsemux_21_4_32_1_1  |        0|   0|  0|  54|    0|
    |sparsemux_7_5_32_1_1_U2768   |sparsemux_7_5_32_1_1   |        0|   0|  0|  14|    0|
    |sparsemux_7_5_32_1_1_U2769   |sparsemux_7_5_32_1_1   |        0|   0|  0|  14|    0|
    |sparsemux_7_5_32_1_1_U2770   |sparsemux_7_5_32_1_1   |        0|   0|  0|  14|    0|
    |sparsemux_7_5_32_1_1_U2771   |sparsemux_7_5_32_1_1   |        0|   0|  0|  14|    0|
    |sparsemux_7_5_32_1_1_U2772   |sparsemux_7_5_32_1_1   |        0|   0|  0|  14|    0|
    |sparsemux_7_5_32_1_1_U2773   |sparsemux_7_5_32_1_1   |        0|   0|  0|  14|    0|
    |sparsemux_7_5_32_1_1_U2774   |sparsemux_7_5_32_1_1   |        0|   0|  0|  14|    0|
    |sparsemux_7_5_32_1_1_U2775   |sparsemux_7_5_32_1_1   |        0|   0|  0|  14|    0|
    |sparsemux_7_5_32_1_1_U2776   |sparsemux_7_5_32_1_1   |        0|   0|  0|  14|    0|
    |sparsemux_7_5_32_1_1_U2777   |sparsemux_7_5_32_1_1   |        0|   0|  0|  14|    0|
    |sparsemux_7_5_32_1_1_U2779   |sparsemux_7_5_32_1_1   |        0|   0|  0|  14|    0|
    |sparsemux_7_5_32_1_1_U2780   |sparsemux_7_5_32_1_1   |        0|   0|  0|  14|    0|
    |sparsemux_7_5_32_1_1_U2781   |sparsemux_7_5_32_1_1   |        0|   0|  0|  14|    0|
    |sparsemux_7_5_32_1_1_U2782   |sparsemux_7_5_32_1_1   |        0|   0|  0|  14|    0|
    |sparsemux_7_5_32_1_1_U2783   |sparsemux_7_5_32_1_1   |        0|   0|  0|  14|    0|
    |sparsemux_7_5_32_1_1_U2784   |sparsemux_7_5_32_1_1   |        0|   0|  0|  14|    0|
    |sparsemux_7_5_32_1_1_U2785   |sparsemux_7_5_32_1_1   |        0|   0|  0|  14|    0|
    |sparsemux_7_5_32_1_1_U2786   |sparsemux_7_5_32_1_1   |        0|   0|  0|  14|    0|
    |sparsemux_7_5_32_1_1_U2787   |sparsemux_7_5_32_1_1   |        0|   0|  0|  14|    0|
    |sparsemux_7_5_32_1_1_U2788   |sparsemux_7_5_32_1_1   |        0|   0|  0|  14|    0|
    |sparsemux_7_5_32_1_1_U2790   |sparsemux_7_5_32_1_1   |        0|   0|  0|  14|    0|
    |sparsemux_7_5_32_1_1_U2791   |sparsemux_7_5_32_1_1   |        0|   0|  0|  14|    0|
    |sparsemux_7_5_32_1_1_U2792   |sparsemux_7_5_32_1_1   |        0|   0|  0|  14|    0|
    |sparsemux_7_5_32_1_1_U2793   |sparsemux_7_5_32_1_1   |        0|   0|  0|  14|    0|
    |sparsemux_7_5_32_1_1_U2794   |sparsemux_7_5_32_1_1   |        0|   0|  0|  14|    0|
    |sparsemux_7_5_32_1_1_U2795   |sparsemux_7_5_32_1_1   |        0|   0|  0|  14|    0|
    |sparsemux_7_5_32_1_1_U2796   |sparsemux_7_5_32_1_1   |        0|   0|  0|  14|    0|
    |sparsemux_7_5_32_1_1_U2797   |sparsemux_7_5_32_1_1   |        0|   0|  0|  14|    0|
    |sparsemux_7_5_32_1_1_U2798   |sparsemux_7_5_32_1_1   |        0|   0|  0|  14|    0|
    |sparsemux_7_5_32_1_1_U2799   |sparsemux_7_5_32_1_1   |        0|   0|  0|  14|    0|
    |sparsemux_7_5_32_1_1_U2801   |sparsemux_7_5_32_1_1   |        0|   0|  0|  14|    0|
    |sparsemux_7_5_32_1_1_U2802   |sparsemux_7_5_32_1_1   |        0|   0|  0|  14|    0|
    |sparsemux_7_5_32_1_1_U2803   |sparsemux_7_5_32_1_1   |        0|   0|  0|  14|    0|
    |sparsemux_7_5_32_1_1_U2804   |sparsemux_7_5_32_1_1   |        0|   0|  0|  14|    0|
    |sparsemux_7_5_32_1_1_U2805   |sparsemux_7_5_32_1_1   |        0|   0|  0|  14|    0|
    |sparsemux_7_5_32_1_1_U2806   |sparsemux_7_5_32_1_1   |        0|   0|  0|  14|    0|
    |sparsemux_7_5_32_1_1_U2807   |sparsemux_7_5_32_1_1   |        0|   0|  0|  14|    0|
    |sparsemux_7_5_32_1_1_U2808   |sparsemux_7_5_32_1_1   |        0|   0|  0|  14|    0|
    |sparsemux_7_5_32_1_1_U2809   |sparsemux_7_5_32_1_1   |        0|   0|  0|  14|    0|
    |sparsemux_7_5_32_1_1_U2810   |sparsemux_7_5_32_1_1   |        0|   0|  0|  14|    0|
    |sparsemux_7_5_32_1_1_U2812   |sparsemux_7_5_32_1_1   |        0|   0|  0|  14|    0|
    |sparsemux_7_5_32_1_1_U2813   |sparsemux_7_5_32_1_1   |        0|   0|  0|  14|    0|
    |sparsemux_7_5_32_1_1_U2814   |sparsemux_7_5_32_1_1   |        0|   0|  0|  14|    0|
    |sparsemux_7_5_32_1_1_U2815   |sparsemux_7_5_32_1_1   |        0|   0|  0|  14|    0|
    |sparsemux_7_5_32_1_1_U2816   |sparsemux_7_5_32_1_1   |        0|   0|  0|  14|    0|
    |sparsemux_7_5_32_1_1_U2817   |sparsemux_7_5_32_1_1   |        0|   0|  0|  14|    0|
    |sparsemux_7_5_32_1_1_U2818   |sparsemux_7_5_32_1_1   |        0|   0|  0|  14|    0|
    |sparsemux_7_5_32_1_1_U2819   |sparsemux_7_5_32_1_1   |        0|   0|  0|  14|    0|
    |sparsemux_7_5_32_1_1_U2820   |sparsemux_7_5_32_1_1   |        0|   0|  0|  14|    0|
    |sparsemux_7_5_32_1_1_U2821   |sparsemux_7_5_32_1_1   |        0|   0|  0|  14|    0|
    |sparsemux_7_5_32_1_1_U2823   |sparsemux_7_5_32_1_1   |        0|   0|  0|  14|    0|
    |sparsemux_7_5_32_1_1_U2824   |sparsemux_7_5_32_1_1   |        0|   0|  0|  14|    0|
    |sparsemux_7_5_32_1_1_U2825   |sparsemux_7_5_32_1_1   |        0|   0|  0|  14|    0|
    |sparsemux_7_5_32_1_1_U2826   |sparsemux_7_5_32_1_1   |        0|   0|  0|  14|    0|
    |sparsemux_7_5_32_1_1_U2827   |sparsemux_7_5_32_1_1   |        0|   0|  0|  14|    0|
    |sparsemux_7_5_32_1_1_U2828   |sparsemux_7_5_32_1_1   |        0|   0|  0|  14|    0|
    |sparsemux_7_5_32_1_1_U2829   |sparsemux_7_5_32_1_1   |        0|   0|  0|  14|    0|
    |sparsemux_7_5_32_1_1_U2830   |sparsemux_7_5_32_1_1   |        0|   0|  0|  14|    0|
    |sparsemux_7_5_32_1_1_U2831   |sparsemux_7_5_32_1_1   |        0|   0|  0|  14|    0|
    |sparsemux_7_5_32_1_1_U2832   |sparsemux_7_5_32_1_1   |        0|   0|  0|  14|    0|
    |sparsemux_7_5_32_1_1_U2834   |sparsemux_7_5_32_1_1   |        0|   0|  0|  14|    0|
    |sparsemux_7_5_32_1_1_U2835   |sparsemux_7_5_32_1_1   |        0|   0|  0|  14|    0|
    |sparsemux_7_5_32_1_1_U2836   |sparsemux_7_5_32_1_1   |        0|   0|  0|  14|    0|
    |sparsemux_7_5_32_1_1_U2837   |sparsemux_7_5_32_1_1   |        0|   0|  0|  14|    0|
    |sparsemux_7_5_32_1_1_U2838   |sparsemux_7_5_32_1_1   |        0|   0|  0|  14|    0|
    |sparsemux_7_5_32_1_1_U2839   |sparsemux_7_5_32_1_1   |        0|   0|  0|  14|    0|
    |sparsemux_7_5_32_1_1_U2840   |sparsemux_7_5_32_1_1   |        0|   0|  0|  14|    0|
    |sparsemux_7_5_32_1_1_U2841   |sparsemux_7_5_32_1_1   |        0|   0|  0|  14|    0|
    |sparsemux_7_5_32_1_1_U2842   |sparsemux_7_5_32_1_1   |        0|   0|  0|  14|    0|
    |sparsemux_7_5_32_1_1_U2843   |sparsemux_7_5_32_1_1   |        0|   0|  0|  14|    0|
    |sparsemux_7_5_32_1_1_U2845   |sparsemux_7_5_32_1_1   |        0|   0|  0|  14|    0|
    |sparsemux_7_5_32_1_1_U2846   |sparsemux_7_5_32_1_1   |        0|   0|  0|  14|    0|
    |sparsemux_7_5_32_1_1_U2847   |sparsemux_7_5_32_1_1   |        0|   0|  0|  14|    0|
    |sparsemux_7_5_32_1_1_U2848   |sparsemux_7_5_32_1_1   |        0|   0|  0|  14|    0|
    |sparsemux_7_5_32_1_1_U2849   |sparsemux_7_5_32_1_1   |        0|   0|  0|  14|    0|
    |sparsemux_7_5_32_1_1_U2850   |sparsemux_7_5_32_1_1   |        0|   0|  0|  14|    0|
    |sparsemux_7_5_32_1_1_U2851   |sparsemux_7_5_32_1_1   |        0|   0|  0|  14|    0|
    |sparsemux_7_5_32_1_1_U2852   |sparsemux_7_5_32_1_1   |        0|   0|  0|  14|    0|
    |sparsemux_7_5_32_1_1_U2853   |sparsemux_7_5_32_1_1   |        0|   0|  0|  14|    0|
    |sparsemux_7_5_32_1_1_U2854   |sparsemux_7_5_32_1_1   |        0|   0|  0|  14|    0|
    +-----------------------------+-----------------------+---------+----+---+----+-----+
    |Total                        |                       |        0|   0|  0|1552|    0|
    +-----------------------------+-----------------------+---------+----+---+----+-----+

    * DSP: 
    N/A

    * Memory: 
    N/A

    * FIFO: 
    N/A

    * Expression: 
    +---------------------------+----------+----+---+----+------------+------------+
    |       Variable Name       | Operation| DSP| FF| LUT| Bitwidth P0| Bitwidth P1|
    +---------------------------+----------+----+---+----+------------+------------+
    |add_ln381_1_fu_2061_p2     |         +|   0|  0|  12|           5|           1|
    |add_ln381_fu_2073_p2       |         +|   0|  0|  12|           4|           1|
    |add_ln382_fu_4085_p2       |         +|   0|  0|  12|           5|           4|
    |ap_block_pp0_stage0_01001  |       and|   0|  0|   2|           1|           1|
    |ap_block_pp0_stage0_11001  |       and|   0|  0|   2|           1|           1|
    |icmp_ln381_fu_2055_p2      |      icmp|   0|  0|  12|           5|           3|
    |icmp_ln382_fu_2079_p2      |      icmp|   0|  0|  12|           5|           5|
    |select_ln381_1_fu_2093_p3  |    select|   0|  0|   4|           1|           4|
    |select_ln381_fu_2085_p3    |    select|   0|  0|   5|           1|           1|
    |ap_enable_pp0              |       xor|   0|  0|   2|           1|           2|
    +---------------------------+----------+----+---+----+------------+------------+
    |Total                      |          |   0|  0|  75|          29|          23|
    +---------------------------+----------+----+---+----+------------+------------+

    * Multiplexer: 
    +--------------------------------------+----+-----------+-----+-----------+
    |                 Name                 | LUT| Input Size| Bits| Total Bits|
    +--------------------------------------+----+-----------+-----+-----------+
    |ap_done_int                           |   9|          2|    1|          2|
    |ap_enable_reg_pp0_iter1               |   9|          2|    1|          2|
    |ap_sig_allocacmp_d0_load              |   9|          2|    4|          8|
    |ap_sig_allocacmp_d1_load              |   9|          2|    5|         10|
    |ap_sig_allocacmp_indvar_flatten_load  |   9|          2|    5|         10|
    |d0_fu_570                             |   9|          2|    4|          8|
    |d1_fu_566                             |   9|          2|    5|         10|
    |fifo_G_to_off_chip_TDATA_blk_n        |   9|          2|    1|          2|
    |indvar_flatten_fu_574                 |   9|          2|    5|         10|
    +--------------------------------------+----+-----------+-----+-----------+
    |Total                                 |  81|         18|   31|         62|
    +--------------------------------------+----+-----------+-----+-----------+

    * Register: 
    +-------------------------+----+----+-----+-----------+
    |           Name          | FF | LUT| Bits| Const Bits|
    +-------------------------+----+----+-----+-----------+
    |ap_CS_fsm                |   1|   0|    1|          0|
    |ap_done_reg              |   1|   0|    1|          0|
    |ap_enable_reg_pp0_iter1  |   1|   0|    1|          0|
    |d0_fu_570                |   4|   0|    4|          0|
    |d1_fu_566                |   5|   0|    5|          0|
    |indvar_flatten_fu_574    |   5|   0|    5|          0|
    |tmp_0_reg_4175           |  32|   0|   32|          0|
    |tmp_1_reg_4180           |  32|   0|   32|          0|
    |tmp_2_reg_4185           |  32|   0|   32|          0|
    |tmp_3_reg_4190           |  32|   0|   32|          0|
    |tmp_4_reg_4195           |  32|   0|   32|          0|
    |tmp_5_reg_4200           |  32|   0|   32|          0|
    |tmp_6_reg_4205           |  32|   0|   32|          0|
    |tmp_7_reg_4210           |  32|   0|   32|          0|
    +-------------------------+----+----+-----+-----------+
    |Total                    | 273|   0|  273|          0|
    +-------------------------+----+----+-----+-----------+



================================================================
== Interface
================================================================
* Summary: 
+---------------------------+-----+-----+------------+----------------------------------------------------------+--------------+
|         RTL Ports         | Dir | Bits|  Protocol  |                       Source Object                      |    C Type    |
+---------------------------+-----+-----+------------+----------------------------------------------------------+--------------+
|ap_clk                     |   in|    1|  ap_ctrl_hs|  write_G_FT2.1_Pipeline_VITIS_LOOP_381_1_VITIS_LOOP_382_2|  return value|
|ap_rst                     |   in|    1|  ap_ctrl_hs|  write_G_FT2.1_Pipeline_VITIS_LOOP_381_1_VITIS_LOOP_382_2|  return value|
|ap_start                   |   in|    1|  ap_ctrl_hs|  write_G_FT2.1_Pipeline_VITIS_LOOP_381_1_VITIS_LOOP_382_2|  return value|
|ap_done                    |  out|    1|  ap_ctrl_hs|  write_G_FT2.1_Pipeline_VITIS_LOOP_381_1_VITIS_LOOP_382_2|  return value|
|ap_idle                    |  out|    1|  ap_ctrl_hs|  write_G_FT2.1_Pipeline_VITIS_LOOP_381_1_VITIS_LOOP_382_2|  return value|
|ap_ready                   |  out|    1|  ap_ctrl_hs|  write_G_FT2.1_Pipeline_VITIS_LOOP_381_1_VITIS_LOOP_382_2|  return value|
|fifo_G_to_off_chip_TREADY  |   in|    1|        axis|                               fifo_G_to_off_chip_V_data_V|       pointer|
|fifo_G_to_off_chip_TDATA   |  out|  256|        axis|                               fifo_G_to_off_chip_V_data_V|       pointer|
|G_1_0_0_val1_load          |   in|   32|     ap_none|                                         G_1_0_0_val1_load|        scalar|
|G_1_0_8_val9_load          |   in|   32|     ap_none|                                         G_1_0_8_val9_load|        scalar|
|G_1_0_16_val17_load        |   in|   32|     ap_none|                                       G_1_0_16_val17_load|        scalar|
|G_1_1_0_val25_load         |   in|   32|     ap_none|                                        G_1_1_0_val25_load|        scalar|
|G_1_1_8_val33_load         |   in|   32|     ap_none|                                        G_1_1_8_val33_load|        scalar|
|G_1_1_16_val41_load        |   in|   32|     ap_none|                                       G_1_1_16_val41_load|        scalar|
|G_1_2_0_val49_load         |   in|   32|     ap_none|                                        G_1_2_0_val49_load|        scalar|
|G_1_2_8_val57_load         |   in|   32|     ap_none|                                        G_1_2_8_val57_load|        scalar|
|G_1_2_16_val65_load        |   in|   32|     ap_none|                                       G_1_2_16_val65_load|        scalar|
|G_1_3_0_val73_load         |   in|   32|     ap_none|                                        G_1_3_0_val73_load|        scalar|
|G_1_3_8_val81_load         |   in|   32|     ap_none|                                        G_1_3_8_val81_load|        scalar|
|G_1_3_16_val89_load        |   in|   32|     ap_none|                                       G_1_3_16_val89_load|        scalar|
|G_1_4_0_val97_load         |   in|   32|     ap_none|                                        G_1_4_0_val97_load|        scalar|
|G_1_4_8_val105_load        |   in|   32|     ap_none|                                       G_1_4_8_val105_load|        scalar|
|G_1_4_16_val113_load       |   in|   32|     ap_none|                                      G_1_4_16_val113_load|        scalar|
|G_1_5_0_val121_load        |   in|   32|     ap_none|                                       G_1_5_0_val121_load|        scalar|
|G_1_5_8_val129_load        |   in|   32|     ap_none|                                       G_1_5_8_val129_load|        scalar|
|G_1_5_16_val137_load       |   in|   32|     ap_none|                                      G_1_5_16_val137_load|        scalar|
|G_1_6_0_val145_load        |   in|   32|     ap_none|                                       G_1_6_0_val145_load|        scalar|
|G_1_6_8_val153_load        |   in|   32|     ap_none|                                       G_1_6_8_val153_load|        scalar|
|G_1_6_16_val161_load       |   in|   32|     ap_none|                                      G_1_6_16_val161_load|        scalar|
|G_1_7_0_val169_load        |   in|   32|     ap_none|                                       G_1_7_0_val169_load|        scalar|
|G_1_7_8_val177_load        |   in|   32|     ap_none|                                       G_1_7_8_val177_load|        scalar|
|G_1_7_16_val185_load       |   in|   32|     ap_none|                                      G_1_7_16_val185_load|        scalar|
|G_1_8_0_val193_load        |   in|   32|     ap_none|                                       G_1_8_0_val193_load|        scalar|
|G_1_8_8_val201_load        |   in|   32|     ap_none|                                       G_1_8_8_val201_load|        scalar|
|G_1_8_16_val209_load       |   in|   32|     ap_none|                                      G_1_8_16_val209_load|        scalar|
|G_1_9_0_val217_load        |   in|   32|     ap_none|                                       G_1_9_0_val217_load|        scalar|
|G_1_9_8_val225_load        |   in|   32|     ap_none|                                       G_1_9_8_val225_load|        scalar|
|G_1_9_16_val233_load       |   in|   32|     ap_none|                                      G_1_9_16_val233_load|        scalar|
|G_1_0_1_val2_load          |   in|   32|     ap_none|                                         G_1_0_1_val2_load|        scalar|
|G_1_0_9_val10_load         |   in|   32|     ap_none|                                        G_1_0_9_val10_load|        scalar|
|G_1_0_17_val18_load        |   in|   32|     ap_none|                                       G_1_0_17_val18_load|        scalar|
|G_1_1_1_val26_load         |   in|   32|     ap_none|                                        G_1_1_1_val26_load|        scalar|
|G_1_1_9_val34_load         |   in|   32|     ap_none|                                        G_1_1_9_val34_load|        scalar|
|G_1_1_17_val42_load        |   in|   32|     ap_none|                                       G_1_1_17_val42_load|        scalar|
|G_1_2_1_val50_load         |   in|   32|     ap_none|                                        G_1_2_1_val50_load|        scalar|
|G_1_2_9_val58_load         |   in|   32|     ap_none|                                        G_1_2_9_val58_load|        scalar|
|G_1_2_17_val66_load        |   in|   32|     ap_none|                                       G_1_2_17_val66_load|        scalar|
|G_1_3_1_val74_load         |   in|   32|     ap_none|                                        G_1_3_1_val74_load|        scalar|
|G_1_3_9_val82_load         |   in|   32|     ap_none|                                        G_1_3_9_val82_load|        scalar|
|G_1_3_17_val90_load        |   in|   32|     ap_none|                                       G_1_3_17_val90_load|        scalar|
|G_1_4_1_val98_load         |   in|   32|     ap_none|                                        G_1_4_1_val98_load|        scalar|
|G_1_4_9_val106_load        |   in|   32|     ap_none|                                       G_1_4_9_val106_load|        scalar|
|G_1_4_17_val114_load       |   in|   32|     ap_none|                                      G_1_4_17_val114_load|        scalar|
|G_1_5_1_val122_load        |   in|   32|     ap_none|                                       G_1_5_1_val122_load|        scalar|
|G_1_5_9_val130_load        |   in|   32|     ap_none|                                       G_1_5_9_val130_load|        scalar|
|G_1_5_17_val138_load       |   in|   32|     ap_none|                                      G_1_5_17_val138_load|        scalar|
|G_1_6_1_val146_load        |   in|   32|     ap_none|                                       G_1_6_1_val146_load|        scalar|
|G_1_6_9_val154_load        |   in|   32|     ap_none|                                       G_1_6_9_val154_load|        scalar|
|G_1_6_17_val162_load       |   in|   32|     ap_none|                                      G_1_6_17_val162_load|        scalar|
|G_1_7_1_val170_load        |   in|   32|     ap_none|                                       G_1_7_1_val170_load|        scalar|
|G_1_7_9_val178_load        |   in|   32|     ap_none|                                       G_1_7_9_val178_load|        scalar|
|G_1_7_17_val186_load       |   in|   32|     ap_none|                                      G_1_7_17_val186_load|        scalar|
|G_1_8_1_val194_load        |   in|   32|     ap_none|                                       G_1_8_1_val194_load|        scalar|
|G_1_8_9_val202_load        |   in|   32|     ap_none|                                       G_1_8_9_val202_load|        scalar|
|G_1_8_17_val210_load       |   in|   32|     ap_none|                                      G_1_8_17_val210_load|        scalar|
|G_1_9_1_val218_load        |   in|   32|     ap_none|                                       G_1_9_1_val218_load|        scalar|
|G_1_9_9_val226_load        |   in|   32|     ap_none|                                       G_1_9_9_val226_load|        scalar|
|G_1_9_17_val234_load       |   in|   32|     ap_none|                                      G_1_9_17_val234_load|        scalar|
|G_1_0_2_val3_load          |   in|   32|     ap_none|                                         G_1_0_2_val3_load|        scalar|
|G_1_0_10_val11_load        |   in|   32|     ap_none|                                       G_1_0_10_val11_load|        scalar|
|G_1_0_18_val19_load        |   in|   32|     ap_none|                                       G_1_0_18_val19_load|        scalar|
|G_1_1_2_val27_load         |   in|   32|     ap_none|                                        G_1_1_2_val27_load|        scalar|
|G_1_1_10_val35_load        |   in|   32|     ap_none|                                       G_1_1_10_val35_load|        scalar|
|G_1_1_18_val43_load        |   in|   32|     ap_none|                                       G_1_1_18_val43_load|        scalar|
|G_1_2_2_val51_load         |   in|   32|     ap_none|                                        G_1_2_2_val51_load|        scalar|
|G_1_2_10_val59_load        |   in|   32|     ap_none|                                       G_1_2_10_val59_load|        scalar|
|G_1_2_18_val67_load        |   in|   32|     ap_none|                                       G_1_2_18_val67_load|        scalar|
|G_1_3_2_val75_load         |   in|   32|     ap_none|                                        G_1_3_2_val75_load|        scalar|
|G_1_3_10_val83_load        |   in|   32|     ap_none|                                       G_1_3_10_val83_load|        scalar|
|G_1_3_18_val91_load        |   in|   32|     ap_none|                                       G_1_3_18_val91_load|        scalar|
|G_1_4_2_val99_load         |   in|   32|     ap_none|                                        G_1_4_2_val99_load|        scalar|
|G_1_4_10_val107_load       |   in|   32|     ap_none|                                      G_1_4_10_val107_load|        scalar|
|G_1_4_18_val115_load       |   in|   32|     ap_none|                                      G_1_4_18_val115_load|        scalar|
|G_1_5_2_val123_load        |   in|   32|     ap_none|                                       G_1_5_2_val123_load|        scalar|
|G_1_5_10_val131_load       |   in|   32|     ap_none|                                      G_1_5_10_val131_load|        scalar|
|G_1_5_18_val139_load       |   in|   32|     ap_none|                                      G_1_5_18_val139_load|        scalar|
|G_1_6_2_val147_load        |   in|   32|     ap_none|                                       G_1_6_2_val147_load|        scalar|
|G_1_6_10_val155_load       |   in|   32|     ap_none|                                      G_1_6_10_val155_load|        scalar|
|G_1_6_18_val163_load       |   in|   32|     ap_none|                                      G_1_6_18_val163_load|        scalar|
|G_1_7_2_val171_load        |   in|   32|     ap_none|                                       G_1_7_2_val171_load|        scalar|
|G_1_7_10_val179_load       |   in|   32|     ap_none|                                      G_1_7_10_val179_load|        scalar|
|G_1_7_18_val187_load       |   in|   32|     ap_none|                                      G_1_7_18_val187_load|        scalar|
|G_1_8_2_val195_load        |   in|   32|     ap_none|                                       G_1_8_2_val195_load|        scalar|
|G_1_8_10_val203_load       |   in|   32|     ap_none|                                      G_1_8_10_val203_load|        scalar|
|G_1_8_18_val211_load       |   in|   32|     ap_none|                                      G_1_8_18_val211_load|        scalar|
|G_1_9_2_val219_load        |   in|   32|     ap_none|                                       G_1_9_2_val219_load|        scalar|
|G_1_9_10_val227_load       |   in|   32|     ap_none|                                      G_1_9_10_val227_load|        scalar|
|G_1_9_18_val235_load       |   in|   32|     ap_none|                                      G_1_9_18_val235_load|        scalar|
|G_1_0_3_val4_load          |   in|   32|     ap_none|                                         G_1_0_3_val4_load|        scalar|
|G_1_0_11_val12_load        |   in|   32|     ap_none|                                       G_1_0_11_val12_load|        scalar|
|G_1_0_19_val20_load        |   in|   32|     ap_none|                                       G_1_0_19_val20_load|        scalar|
|G_1_1_3_val28_load         |   in|   32|     ap_none|                                        G_1_1_3_val28_load|        scalar|
|G_1_1_11_val36_load        |   in|   32|     ap_none|                                       G_1_1_11_val36_load|        scalar|
|G_1_1_19_val44_load        |   in|   32|     ap_none|                                       G_1_1_19_val44_load|        scalar|
|G_1_2_3_val52_load         |   in|   32|     ap_none|                                        G_1_2_3_val52_load|        scalar|
|G_1_2_11_val60_load        |   in|   32|     ap_none|                                       G_1_2_11_val60_load|        scalar|
|G_1_2_19_val68_load        |   in|   32|     ap_none|                                       G_1_2_19_val68_load|        scalar|
|G_1_3_3_val76_load         |   in|   32|     ap_none|                                        G_1_3_3_val76_load|        scalar|
|G_1_3_11_val84_load        |   in|   32|     ap_none|                                       G_1_3_11_val84_load|        scalar|
|G_1_3_19_val92_load        |   in|   32|     ap_none|                                       G_1_3_19_val92_load|        scalar|
|G_1_4_3_val100_load        |   in|   32|     ap_none|                                       G_1_4_3_val100_load|        scalar|
|G_1_4_11_val108_load       |   in|   32|     ap_none|                                      G_1_4_11_val108_load|        scalar|
|G_1_4_19_val116_load       |   in|   32|     ap_none|                                      G_1_4_19_val116_load|        scalar|
|G_1_5_3_val124_load        |   in|   32|     ap_none|                                       G_1_5_3_val124_load|        scalar|
|G_1_5_11_val132_load       |   in|   32|     ap_none|                                      G_1_5_11_val132_load|        scalar|
|G_1_5_19_val140_load       |   in|   32|     ap_none|                                      G_1_5_19_val140_load|        scalar|
|G_1_6_3_val148_load        |   in|   32|     ap_none|                                       G_1_6_3_val148_load|        scalar|
|G_1_6_11_val156_load       |   in|   32|     ap_none|                                      G_1_6_11_val156_load|        scalar|
|G_1_6_19_val164_load       |   in|   32|     ap_none|                                      G_1_6_19_val164_load|        scalar|
|G_1_7_3_val172_load        |   in|   32|     ap_none|                                       G_1_7_3_val172_load|        scalar|
|G_1_7_11_val180_load       |   in|   32|     ap_none|                                      G_1_7_11_val180_load|        scalar|
|G_1_7_19_val188_load       |   in|   32|     ap_none|                                      G_1_7_19_val188_load|        scalar|
|G_1_8_3_val196_load        |   in|   32|     ap_none|                                       G_1_8_3_val196_load|        scalar|
|G_1_8_11_val204_load       |   in|   32|     ap_none|                                      G_1_8_11_val204_load|        scalar|
|G_1_8_19_val212_load       |   in|   32|     ap_none|                                      G_1_8_19_val212_load|        scalar|
|G_1_9_3_val220_load        |   in|   32|     ap_none|                                       G_1_9_3_val220_load|        scalar|
|G_1_9_11_val228_load       |   in|   32|     ap_none|                                      G_1_9_11_val228_load|        scalar|
|G_1_9_19_val236_load       |   in|   32|     ap_none|                                      G_1_9_19_val236_load|        scalar|
|G_1_0_4_val5_load          |   in|   32|     ap_none|                                         G_1_0_4_val5_load|        scalar|
|G_1_0_12_val13_load        |   in|   32|     ap_none|                                       G_1_0_12_val13_load|        scalar|
|G_1_0_20_val21_load        |   in|   32|     ap_none|                                       G_1_0_20_val21_load|        scalar|
|G_1_1_4_val29_load         |   in|   32|     ap_none|                                        G_1_1_4_val29_load|        scalar|
|G_1_1_12_val37_load        |   in|   32|     ap_none|                                       G_1_1_12_val37_load|        scalar|
|G_1_1_20_val45_load        |   in|   32|     ap_none|                                       G_1_1_20_val45_load|        scalar|
|G_1_2_4_val53_load         |   in|   32|     ap_none|                                        G_1_2_4_val53_load|        scalar|
|G_1_2_12_val61_load        |   in|   32|     ap_none|                                       G_1_2_12_val61_load|        scalar|
|G_1_2_20_val69_load        |   in|   32|     ap_none|                                       G_1_2_20_val69_load|        scalar|
|G_1_3_4_val77_load         |   in|   32|     ap_none|                                        G_1_3_4_val77_load|        scalar|
|G_1_3_12_val85_load        |   in|   32|     ap_none|                                       G_1_3_12_val85_load|        scalar|
|G_1_3_20_val93_load        |   in|   32|     ap_none|                                       G_1_3_20_val93_load|        scalar|
|G_1_4_4_val101_load        |   in|   32|     ap_none|                                       G_1_4_4_val101_load|        scalar|
|G_1_4_12_val109_load       |   in|   32|     ap_none|                                      G_1_4_12_val109_load|        scalar|
|G_1_4_20_val117_load       |   in|   32|     ap_none|                                      G_1_4_20_val117_load|        scalar|
|G_1_5_4_val125_load        |   in|   32|     ap_none|                                       G_1_5_4_val125_load|        scalar|
|G_1_5_12_val133_load       |   in|   32|     ap_none|                                      G_1_5_12_val133_load|        scalar|
|G_1_5_20_val141_load       |   in|   32|     ap_none|                                      G_1_5_20_val141_load|        scalar|
|G_1_6_4_val149_load        |   in|   32|     ap_none|                                       G_1_6_4_val149_load|        scalar|
|G_1_6_12_val157_load       |   in|   32|     ap_none|                                      G_1_6_12_val157_load|        scalar|
|G_1_6_20_val165_load       |   in|   32|     ap_none|                                      G_1_6_20_val165_load|        scalar|
|G_1_7_4_val173_load        |   in|   32|     ap_none|                                       G_1_7_4_val173_load|        scalar|
|G_1_7_12_val181_load       |   in|   32|     ap_none|                                      G_1_7_12_val181_load|        scalar|
|G_1_7_20_val189_load       |   in|   32|     ap_none|                                      G_1_7_20_val189_load|        scalar|
|G_1_8_4_val197_load        |   in|   32|     ap_none|                                       G_1_8_4_val197_load|        scalar|
|G_1_8_12_val205_load       |   in|   32|     ap_none|                                      G_1_8_12_val205_load|        scalar|
|G_1_8_20_val213_load       |   in|   32|     ap_none|                                      G_1_8_20_val213_load|        scalar|
|G_1_9_4_val221_load        |   in|   32|     ap_none|                                       G_1_9_4_val221_load|        scalar|
|G_1_9_12_val229_load       |   in|   32|     ap_none|                                      G_1_9_12_val229_load|        scalar|
|G_1_9_20_val237_load       |   in|   32|     ap_none|                                      G_1_9_20_val237_load|        scalar|
|G_1_0_5_val6_load          |   in|   32|     ap_none|                                         G_1_0_5_val6_load|        scalar|
|G_1_0_13_val14_load        |   in|   32|     ap_none|                                       G_1_0_13_val14_load|        scalar|
|G_1_0_21_val22_load        |   in|   32|     ap_none|                                       G_1_0_21_val22_load|        scalar|
|G_1_1_5_val30_load         |   in|   32|     ap_none|                                        G_1_1_5_val30_load|        scalar|
|G_1_1_13_val38_load        |   in|   32|     ap_none|                                       G_1_1_13_val38_load|        scalar|
|G_1_1_21_val46_load        |   in|   32|     ap_none|                                       G_1_1_21_val46_load|        scalar|
|G_1_2_5_val54_load         |   in|   32|     ap_none|                                        G_1_2_5_val54_load|        scalar|
|G_1_2_13_val62_load        |   in|   32|     ap_none|                                       G_1_2_13_val62_load|        scalar|
|G_1_2_21_val70_load        |   in|   32|     ap_none|                                       G_1_2_21_val70_load|        scalar|
|G_1_3_5_val78_load         |   in|   32|     ap_none|                                        G_1_3_5_val78_load|        scalar|
|G_1_3_13_val86_load        |   in|   32|     ap_none|                                       G_1_3_13_val86_load|        scalar|
|G_1_3_21_val94_load        |   in|   32|     ap_none|                                       G_1_3_21_val94_load|        scalar|
|G_1_4_5_val102_load        |   in|   32|     ap_none|                                       G_1_4_5_val102_load|        scalar|
|G_1_4_13_val110_load       |   in|   32|     ap_none|                                      G_1_4_13_val110_load|        scalar|
|G_1_4_21_val118_load       |   in|   32|     ap_none|                                      G_1_4_21_val118_load|        scalar|
|G_1_5_5_val126_load        |   in|   32|     ap_none|                                       G_1_5_5_val126_load|        scalar|
|G_1_5_13_val134_load       |   in|   32|     ap_none|                                      G_1_5_13_val134_load|        scalar|
|G_1_5_21_val142_load       |   in|   32|     ap_none|                                      G_1_5_21_val142_load|        scalar|
|G_1_6_5_val150_load        |   in|   32|     ap_none|                                       G_1_6_5_val150_load|        scalar|
|G_1_6_13_val158_load       |   in|   32|     ap_none|                                      G_1_6_13_val158_load|        scalar|
|G_1_6_21_val166_load       |   in|   32|     ap_none|                                      G_1_6_21_val166_load|        scalar|
|G_1_7_5_val174_load        |   in|   32|     ap_none|                                       G_1_7_5_val174_load|        scalar|
|G_1_7_13_val182_load       |   in|   32|     ap_none|                                      G_1_7_13_val182_load|        scalar|
|G_1_7_21_val190_load       |   in|   32|     ap_none|                                      G_1_7_21_val190_load|        scalar|
|G_1_8_5_val198_load        |   in|   32|     ap_none|                                       G_1_8_5_val198_load|        scalar|
|G_1_8_13_val206_load       |   in|   32|     ap_none|                                      G_1_8_13_val206_load|        scalar|
|G_1_8_21_val214_load       |   in|   32|     ap_none|                                      G_1_8_21_val214_load|        scalar|
|G_1_9_5_val222_load        |   in|   32|     ap_none|                                       G_1_9_5_val222_load|        scalar|
|G_1_9_13_val230_load       |   in|   32|     ap_none|                                      G_1_9_13_val230_load|        scalar|
|G_1_9_21_val238_load       |   in|   32|     ap_none|                                      G_1_9_21_val238_load|        scalar|
|G_1_0_6_val7_load          |   in|   32|     ap_none|                                         G_1_0_6_val7_load|        scalar|
|G_1_0_14_val15_load        |   in|   32|     ap_none|                                       G_1_0_14_val15_load|        scalar|
|G_1_0_22_val23_load        |   in|   32|     ap_none|                                       G_1_0_22_val23_load|        scalar|
|G_1_1_6_val31_load         |   in|   32|     ap_none|                                        G_1_1_6_val31_load|        scalar|
|G_1_1_14_val39_load        |   in|   32|     ap_none|                                       G_1_1_14_val39_load|        scalar|
|G_1_1_22_val47_load        |   in|   32|     ap_none|                                       G_1_1_22_val47_load|        scalar|
|G_1_2_6_val55_load         |   in|   32|     ap_none|                                        G_1_2_6_val55_load|        scalar|
|G_1_2_14_val63_load        |   in|   32|     ap_none|                                       G_1_2_14_val63_load|        scalar|
|G_1_2_22_val71_load        |   in|   32|     ap_none|                                       G_1_2_22_val71_load|        scalar|
|G_1_3_6_val79_load         |   in|   32|     ap_none|                                        G_1_3_6_val79_load|        scalar|
|G_1_3_14_val87_load        |   in|   32|     ap_none|                                       G_1_3_14_val87_load|        scalar|
|G_1_3_22_val95_load        |   in|   32|     ap_none|                                       G_1_3_22_val95_load|        scalar|
|G_1_4_6_val103_load        |   in|   32|     ap_none|                                       G_1_4_6_val103_load|        scalar|
|G_1_4_14_val111_load       |   in|   32|     ap_none|                                      G_1_4_14_val111_load|        scalar|
|G_1_4_22_val119_load       |   in|   32|     ap_none|                                      G_1_4_22_val119_load|        scalar|
|G_1_5_6_val127_load        |   in|   32|     ap_none|                                       G_1_5_6_val127_load|        scalar|
|G_1_5_14_val135_load       |   in|   32|     ap_none|                                      G_1_5_14_val135_load|        scalar|
|G_1_5_22_val143_load       |   in|   32|     ap_none|                                      G_1_5_22_val143_load|        scalar|
|G_1_6_6_val151_load        |   in|   32|     ap_none|                                       G_1_6_6_val151_load|        scalar|
|G_1_6_14_val159_load       |   in|   32|     ap_none|                                      G_1_6_14_val159_load|        scalar|
|G_1_6_22_val167_load       |   in|   32|     ap_none|                                      G_1_6_22_val167_load|        scalar|
|G_1_7_6_val175_load        |   in|   32|     ap_none|                                       G_1_7_6_val175_load|        scalar|
|G_1_7_14_val183_load       |   in|   32|     ap_none|                                      G_1_7_14_val183_load|        scalar|
|G_1_7_22_val191_load       |   in|   32|     ap_none|                                      G_1_7_22_val191_load|        scalar|
|G_1_8_6_val199_load        |   in|   32|     ap_none|                                       G_1_8_6_val199_load|        scalar|
|G_1_8_14_val207_load       |   in|   32|     ap_none|                                      G_1_8_14_val207_load|        scalar|
|G_1_8_22_val215_load       |   in|   32|     ap_none|                                      G_1_8_22_val215_load|        scalar|
|G_1_9_6_val223_load        |   in|   32|     ap_none|                                       G_1_9_6_val223_load|        scalar|
|G_1_9_14_val231_load       |   in|   32|     ap_none|                                      G_1_9_14_val231_load|        scalar|
|G_1_9_22_val239_load       |   in|   32|     ap_none|                                      G_1_9_22_val239_load|        scalar|
|G_1_0_7_val8_load          |   in|   32|     ap_none|                                         G_1_0_7_val8_load|        scalar|
|G_1_0_15_val16_load        |   in|   32|     ap_none|                                       G_1_0_15_val16_load|        scalar|
|G_1_0_23_val24_load        |   in|   32|     ap_none|                                       G_1_0_23_val24_load|        scalar|
|G_1_1_7_val32_load         |   in|   32|     ap_none|                                        G_1_1_7_val32_load|        scalar|
|G_1_1_15_val40_load        |   in|   32|     ap_none|                                       G_1_1_15_val40_load|        scalar|
|G_1_1_23_val48_load        |   in|   32|     ap_none|                                       G_1_1_23_val48_load|        scalar|
|G_1_2_7_val56_load         |   in|   32|     ap_none|                                        G_1_2_7_val56_load|        scalar|
|G_1_2_15_val64_load        |   in|   32|     ap_none|                                       G_1_2_15_val64_load|        scalar|
|G_1_2_23_val72_load        |   in|   32|     ap_none|                                       G_1_2_23_val72_load|        scalar|
|G_1_3_7_val80_load         |   in|   32|     ap_none|                                        G_1_3_7_val80_load|        scalar|
|G_1_3_15_val88_load        |   in|   32|     ap_none|                                       G_1_3_15_val88_load|        scalar|
|G_1_3_23_val96_load        |   in|   32|     ap_none|                                       G_1_3_23_val96_load|        scalar|
|G_1_4_7_val104_load        |   in|   32|     ap_none|                                       G_1_4_7_val104_load|        scalar|
|G_1_4_15_val112_load       |   in|   32|     ap_none|                                      G_1_4_15_val112_load|        scalar|
|G_1_4_23_val120_load       |   in|   32|     ap_none|                                      G_1_4_23_val120_load|        scalar|
|G_1_5_7_val128_load        |   in|   32|     ap_none|                                       G_1_5_7_val128_load|        scalar|
|G_1_5_15_val136_load       |   in|   32|     ap_none|                                      G_1_5_15_val136_load|        scalar|
|G_1_5_23_val144_load       |   in|   32|     ap_none|                                      G_1_5_23_val144_load|        scalar|
|G_1_6_7_val152_load        |   in|   32|     ap_none|                                       G_1_6_7_val152_load|        scalar|
|G_1_6_15_val160_load       |   in|   32|     ap_none|                                      G_1_6_15_val160_load|        scalar|
|G_1_6_23_val168_load       |   in|   32|     ap_none|                                      G_1_6_23_val168_load|        scalar|
|G_1_7_7_val176_load        |   in|   32|     ap_none|                                       G_1_7_7_val176_load|        scalar|
|G_1_7_15_val184_load       |   in|   32|     ap_none|                                      G_1_7_15_val184_load|        scalar|
|G_1_7_23_val192_load       |   in|   32|     ap_none|                                      G_1_7_23_val192_load|        scalar|
|G_1_8_7_val200_load        |   in|   32|     ap_none|                                       G_1_8_7_val200_load|        scalar|
|G_1_8_15_val208_load       |   in|   32|     ap_none|                                      G_1_8_15_val208_load|        scalar|
|G_1_8_23_val216_load       |   in|   32|     ap_none|                                      G_1_8_23_val216_load|        scalar|
|G_1_9_7_val224_load        |   in|   32|     ap_none|                                       G_1_9_7_val224_load|        scalar|
|G_1_9_15_val232_load       |   in|   32|     ap_none|                                      G_1_9_15_val232_load|        scalar|
|G_1_9_23_val240_load       |   in|   32|     ap_none|                                      G_1_9_23_val240_load|        scalar|
|fifo_G_to_off_chip_TVALID  |  out|    1|        axis|                               fifo_G_to_off_chip_V_last_V|       pointer|
|fifo_G_to_off_chip_TLAST   |  out|    1|        axis|                               fifo_G_to_off_chip_V_last_V|       pointer|
|fifo_G_to_off_chip_TKEEP   |  out|   32|        axis|                               fifo_G_to_off_chip_V_keep_V|       pointer|
|fifo_G_to_off_chip_TSTRB   |  out|   32|        axis|                               fifo_G_to_off_chip_V_strb_V|       pointer|
+---------------------------+-----+-----+------------+----------------------------------------------------------+--------------+

