

================================================================
== Vitis HLS Report for 'Loop_VITIS_LOOP_131_1_proc'
================================================================
* Date:           Tue Dec 17 08:47:47 2024

* Version:        2023.2 (Build 4023990 on Oct 11 2023)
* Project:        kernel_nlp
* Solution:       solution (Vitis Kernel Flow Target)
* Product family: virtexuplusHBM
* Target device:  xcu55c-fsvh2892-2L-e


================================================================
== Performance Estimates
================================================================
+ Timing: 
    * Summary: 
    +--------+---------+----------+------------+
    |  Clock |  Target | Estimated| Uncertainty|
    +--------+---------+----------+------------+
    |ap_clk  |  4.00 ns|  2.948 ns|     1.08 ns|
    +--------+---------+----------+------------+

+ Latency: 
    * Summary: 
    +---------+---------+-----------+-----------+------+------+---------+
    |  Latency (cycles) |   Latency (absolute)  |   Interval  | Pipeline|
    |   min   |   max   |    min    |    max    |  min |  max |   Type  |
    +---------+---------+-----------+-----------+------+------+---------+
    |     3194|     3194|  12.776 us|  12.776 us|  3194|  3194|       no|
    +---------+---------+-----------+-----------+------+------+---------+

    + Detail: 
        * Instance: 
        N/A

        * Loop: 
        +-------------------------------------+---------+---------+----------+-----------+-----------+------+----------+
        |                                     |  Latency (cycles) | Iteration|  Initiation Interval  | Trip |          |
        |              Loop Name              |   min   |   max   |  Latency |  achieved |   target  | Count| Pipelined|
        +-------------------------------------+---------+---------+----------+-----------+-----------+------+----------+
        |- VITIS_LOOP_131_1_VITIS_LOOP_132_2  |     3192|     3192|        74|          1|          1|  3120|       yes|
        +-------------------------------------+---------+---------+----------+-----------+-----------+------+----------+



================================================================
== Utilization Estimates
================================================================
* Summary: 
+---------------------+---------+------+---------+---------+-----+
|         Name        | BRAM_18K|  DSP |    FF   |   LUT   | URAM|
+---------------------+---------+------+---------+---------+-----+
|DSP                  |        -|     -|        -|        -|    -|
|Expression           |        -|     -|        0|      194|    -|
|FIFO                 |        -|     -|        -|        -|    -|
|Instance             |        -|     0|        0|       40|    -|
|Memory               |        -|     -|        -|        -|    -|
|Multiplexer          |        -|     -|        -|      108|    -|
|Register             |        -|     -|      908|       32|    -|
+---------------------+---------+------+---------+---------+-----+
|Total                |        0|     0|      908|      374|    0|
+---------------------+---------+------+---------+---------+-----+
|Available SLR        |     1344|  3008|   869120|   434560|  320|
+---------------------+---------+------+---------+---------+-----+
|Utilization SLR (%)  |        0|     0|       ~0|       ~0|    0|
+---------------------+---------+------+---------+---------+-----+
|Available            |     4032|  9024|  2607360|  1303680|  960|
+---------------------+---------+------+---------+---------+-----+
|Utilization (%)      |        0|     0|       ~0|       ~0|    0|
+---------------------+---------+------+---------+---------+-----+

+ Detail: 
    * Instance: 
    +-----------------------+--------------------+---------+----+---+----+-----+
    |        Instance       |       Module       | BRAM_18K| DSP| FF| LUT| URAM|
    +-----------------------+--------------------+---------+----+---+----+-----+
    |mul_8ns_6ns_13_1_1_U1  |mul_8ns_6ns_13_1_1  |        0|   0|  0|  40|    0|
    +-----------------------+--------------------+---------+----+---+----+-----+
    |Total                  |                    |        0|   0|  0|  40|    0|
    +-----------------------+--------------------+---------+----+---+----+-----+

    * DSP: 
    N/A

    * Memory: 
    N/A

    * FIFO: 
    N/A

    * Expression: 
    +------------------------------------+----------+----+---+----+------------+------------+
    |            Variable Name           | Operation| DSP| FF| LUT| Bitwidth P0| Bitwidth P1|
    +------------------------------------+----------+----+---+----+------------+------------+
    |add_ln131_1_fu_435_p2               |         +|   0|  0|  19|          12|           1|
    |add_ln131_fu_472_p2                 |         +|   0|  0|  15|           8|           1|
    |add_ln132_1_fu_656_p2               |         +|   0|  0|  12|           4|           1|
    |add_ln132_fu_824_p2                 |         +|   0|  0|  15|           8|           5|
    |add_ln136_1_fu_769_p2               |         +|   0|  0|  20|          13|          13|
    |add_ln136_fu_710_p2                 |         +|   0|  0|  20|          13|          13|
    |ap_block_state2_io                  |       and|   0|  0|   2|           1|           1|
    |ap_block_state73_pp0_stage0_iter72  |       and|   0|  0|   2|           1|           1|
    |ap_condition_1068                   |       and|   0|  0|   2|           1|           1|
    |ap_condition_1492                   |       and|   0|  0|   2|           1|           1|
    |ap_predicate_op99_readreq_state2    |       and|   0|  0|   2|           1|           1|
    |icmp_ln131_fu_429_p2                |      icmp|   0|  0|  19|          12|          11|
    |icmp_ln132_fu_478_p2                |      icmp|   0|  0|  12|           4|           3|
    |icmp_ln135_fu_786_p2                |      icmp|   0|  0|  15|           8|           7|
    |ap_block_pp0_stage0_11001           |        or|   0|  0|   2|           1|           1|
    |or_ln133_fu_690_p2                  |        or|   0|  0|   8|           8|           4|
    |or_ln135_fu_759_p2                  |        or|   0|  0|   5|           5|           1|
    |select_ln131_1_fu_484_p3            |    select|   0|  0|   8|           1|           8|
    |select_ln131_fu_683_p3              |    select|   0|  0|   8|           1|           1|
    |select_ln132_fu_662_p3              |    select|   0|  0|   4|           1|           1|
    |ap_enable_pp0                       |       xor|   0|  0|   2|           1|           2|
    +------------------------------------+----------+----+---+----+------------+------------+
    |Total                               |          |   0|  0| 194|         105|          78|
    +------------------------------------+----------+----+---+----+------------+------------+

    * Multiplexer: 
    +--------------------------------------+----+-----------+-----+-----------+
    |                 Name                 | LUT| Input Size| Bits| Total Bits|
    +--------------------------------------+----+-----------+-----+-----------+
    |ap_done_int                           |   9|          2|    1|          2|
    |ap_enable_reg_pp0_iter73              |   9|          2|    1|          2|
    |ap_sig_allocacmp_i_load               |   9|          2|    8|         16|
    |ap_sig_allocacmp_indvar_flatten_load  |   9|          2|   12|         24|
    |ap_sig_allocacmp_indvar_load          |   9|          2|    4|          8|
    |ap_sig_allocacmp_j_load               |   9|          2|    8|         16|
    |gmem0_blk_n_AR                        |   9|          2|    1|          2|
    |gmem0_blk_n_R                         |   9|          2|    1|          2|
    |i_fu_168                              |   9|          2|    8|         16|
    |indvar_flatten_fu_172                 |   9|          2|   12|         24|
    |indvar_fu_164                         |   9|          2|    4|          8|
    |j_fu_160                              |   9|          2|    8|         16|
    +--------------------------------------+----+-----------+-----+-----------+
    |Total                                 | 108|         24|   68|        136|
    +--------------------------------------+----+-----------+-----+-----------+

    * Register: 
    +-----------------------------------+----+----+-----+-----------+
    |                Name               | FF | LUT| Bits| Const Bits|
    +-----------------------------------+----+----+-----+-----------+
    |ap_CS_fsm                          |   1|   0|    1|          0|
    |ap_done_reg                        |   1|   0|    1|          0|
    |ap_enable_reg_pp0_iter1            |   1|   0|    1|          0|
    |ap_enable_reg_pp0_iter10           |   1|   0|    1|          0|
    |ap_enable_reg_pp0_iter11           |   1|   0|    1|          0|
    |ap_enable_reg_pp0_iter12           |   1|   0|    1|          0|
    |ap_enable_reg_pp0_iter13           |   1|   0|    1|          0|
    |ap_enable_reg_pp0_iter14           |   1|   0|    1|          0|
    |ap_enable_reg_pp0_iter15           |   1|   0|    1|          0|
    |ap_enable_reg_pp0_iter16           |   1|   0|    1|          0|
    |ap_enable_reg_pp0_iter17           |   1|   0|    1|          0|
    |ap_enable_reg_pp0_iter18           |   1|   0|    1|          0|
    |ap_enable_reg_pp0_iter19           |   1|   0|    1|          0|
    |ap_enable_reg_pp0_iter2            |   1|   0|    1|          0|
    |ap_enable_reg_pp0_iter20           |   1|   0|    1|          0|
    |ap_enable_reg_pp0_iter21           |   1|   0|    1|          0|
    |ap_enable_reg_pp0_iter22           |   1|   0|    1|          0|
    |ap_enable_reg_pp0_iter23           |   1|   0|    1|          0|
    |ap_enable_reg_pp0_iter24           |   1|   0|    1|          0|
    |ap_enable_reg_pp0_iter25           |   1|   0|    1|          0|
    |ap_enable_reg_pp0_iter26           |   1|   0|    1|          0|
    |ap_enable_reg_pp0_iter27           |   1|   0|    1|          0|
    |ap_enable_reg_pp0_iter28           |   1|   0|    1|          0|
    |ap_enable_reg_pp0_iter29           |   1|   0|    1|          0|
    |ap_enable_reg_pp0_iter3            |   1|   0|    1|          0|
    |ap_enable_reg_pp0_iter30           |   1|   0|    1|          0|
    |ap_enable_reg_pp0_iter31           |   1|   0|    1|          0|
    |ap_enable_reg_pp0_iter32           |   1|   0|    1|          0|
    |ap_enable_reg_pp0_iter33           |   1|   0|    1|          0|
    |ap_enable_reg_pp0_iter34           |   1|   0|    1|          0|
    |ap_enable_reg_pp0_iter35           |   1|   0|    1|          0|
    |ap_enable_reg_pp0_iter36           |   1|   0|    1|          0|
    |ap_enable_reg_pp0_iter37           |   1|   0|    1|          0|
    |ap_enable_reg_pp0_iter38           |   1|   0|    1|          0|
    |ap_enable_reg_pp0_iter39           |   1|   0|    1|          0|
    |ap_enable_reg_pp0_iter4            |   1|   0|    1|          0|
    |ap_enable_reg_pp0_iter40           |   1|   0|    1|          0|
    |ap_enable_reg_pp0_iter41           |   1|   0|    1|          0|
    |ap_enable_reg_pp0_iter42           |   1|   0|    1|          0|
    |ap_enable_reg_pp0_iter43           |   1|   0|    1|          0|
    |ap_enable_reg_pp0_iter44           |   1|   0|    1|          0|
    |ap_enable_reg_pp0_iter45           |   1|   0|    1|          0|
    |ap_enable_reg_pp0_iter46           |   1|   0|    1|          0|
    |ap_enable_reg_pp0_iter47           |   1|   0|    1|          0|
    |ap_enable_reg_pp0_iter48           |   1|   0|    1|          0|
    |ap_enable_reg_pp0_iter49           |   1|   0|    1|          0|
    |ap_enable_reg_pp0_iter5            |   1|   0|    1|          0|
    |ap_enable_reg_pp0_iter50           |   1|   0|    1|          0|
    |ap_enable_reg_pp0_iter51           |   1|   0|    1|          0|
    |ap_enable_reg_pp0_iter52           |   1|   0|    1|          0|
    |ap_enable_reg_pp0_iter53           |   1|   0|    1|          0|
    |ap_enable_reg_pp0_iter54           |   1|   0|    1|          0|
    |ap_enable_reg_pp0_iter55           |   1|   0|    1|          0|
    |ap_enable_reg_pp0_iter56           |   1|   0|    1|          0|
    |ap_enable_reg_pp0_iter57           |   1|   0|    1|          0|
    |ap_enable_reg_pp0_iter58           |   1|   0|    1|          0|
    |ap_enable_reg_pp0_iter59           |   1|   0|    1|          0|
    |ap_enable_reg_pp0_iter6            |   1|   0|    1|          0|
    |ap_enable_reg_pp0_iter60           |   1|   0|    1|          0|
    |ap_enable_reg_pp0_iter61           |   1|   0|    1|          0|
    |ap_enable_reg_pp0_iter62           |   1|   0|    1|          0|
    |ap_enable_reg_pp0_iter63           |   1|   0|    1|          0|
    |ap_enable_reg_pp0_iter64           |   1|   0|    1|          0|
    |ap_enable_reg_pp0_iter65           |   1|   0|    1|          0|
    |ap_enable_reg_pp0_iter66           |   1|   0|    1|          0|
    |ap_enable_reg_pp0_iter67           |   1|   0|    1|          0|
    |ap_enable_reg_pp0_iter68           |   1|   0|    1|          0|
    |ap_enable_reg_pp0_iter69           |   1|   0|    1|          0|
    |ap_enable_reg_pp0_iter7            |   1|   0|    1|          0|
    |ap_enable_reg_pp0_iter70           |   1|   0|    1|          0|
    |ap_enable_reg_pp0_iter71           |   1|   0|    1|          0|
    |ap_enable_reg_pp0_iter72           |   1|   0|    1|          0|
    |ap_enable_reg_pp0_iter73           |   1|   0|    1|          0|
    |ap_enable_reg_pp0_iter8            |   1|   0|    1|          0|
    |ap_enable_reg_pp0_iter9            |   1|   0|    1|          0|
    |ap_loop_exit_ready_pp0_iter10_reg  |   1|   0|    1|          0|
    |ap_loop_exit_ready_pp0_iter11_reg  |   1|   0|    1|          0|
    |ap_loop_exit_ready_pp0_iter12_reg  |   1|   0|    1|          0|
    |ap_loop_exit_ready_pp0_iter13_reg  |   1|   0|    1|          0|
    |ap_loop_exit_ready_pp0_iter14_reg  |   1|   0|    1|          0|
    |ap_loop_exit_ready_pp0_iter15_reg  |   1|   0|    1|          0|
    |ap_loop_exit_ready_pp0_iter16_reg  |   1|   0|    1|          0|
    |ap_loop_exit_ready_pp0_iter17_reg  |   1|   0|    1|          0|
    |ap_loop_exit_ready_pp0_iter18_reg  |   1|   0|    1|          0|
    |ap_loop_exit_ready_pp0_iter19_reg  |   1|   0|    1|          0|
    |ap_loop_exit_ready_pp0_iter1_reg   |   1|   0|    1|          0|
    |ap_loop_exit_ready_pp0_iter20_reg  |   1|   0|    1|          0|
    |ap_loop_exit_ready_pp0_iter21_reg  |   1|   0|    1|          0|
    |ap_loop_exit_ready_pp0_iter22_reg  |   1|   0|    1|          0|
    |ap_loop_exit_ready_pp0_iter23_reg  |   1|   0|    1|          0|
    |ap_loop_exit_ready_pp0_iter24_reg  |   1|   0|    1|          0|
    |ap_loop_exit_ready_pp0_iter25_reg  |   1|   0|    1|          0|
    |ap_loop_exit_ready_pp0_iter26_reg  |   1|   0|    1|          0|
    |ap_loop_exit_ready_pp0_iter27_reg  |   1|   0|    1|          0|
    |ap_loop_exit_ready_pp0_iter28_reg  |   1|   0|    1|          0|
    |ap_loop_exit_ready_pp0_iter29_reg  |   1|   0|    1|          0|
    |ap_loop_exit_ready_pp0_iter2_reg   |   1|   0|    1|          0|
    |ap_loop_exit_ready_pp0_iter30_reg  |   1|   0|    1|          0|
    |ap_loop_exit_ready_pp0_iter31_reg  |   1|   0|    1|          0|
    |ap_loop_exit_ready_pp0_iter32_reg  |   1|   0|    1|          0|
    |ap_loop_exit_ready_pp0_iter33_reg  |   1|   0|    1|          0|
    |ap_loop_exit_ready_pp0_iter34_reg  |   1|   0|    1|          0|
    |ap_loop_exit_ready_pp0_iter35_reg  |   1|   0|    1|          0|
    |ap_loop_exit_ready_pp0_iter36_reg  |   1|   0|    1|          0|
    |ap_loop_exit_ready_pp0_iter37_reg  |   1|   0|    1|          0|
    |ap_loop_exit_ready_pp0_iter38_reg  |   1|   0|    1|          0|
    |ap_loop_exit_ready_pp0_iter39_reg  |   1|   0|    1|          0|
    |ap_loop_exit_ready_pp0_iter3_reg   |   1|   0|    1|          0|
    |ap_loop_exit_ready_pp0_iter40_reg  |   1|   0|    1|          0|
    |ap_loop_exit_ready_pp0_iter41_reg  |   1|   0|    1|          0|
    |ap_loop_exit_ready_pp0_iter42_reg  |   1|   0|    1|          0|
    |ap_loop_exit_ready_pp0_iter43_reg  |   1|   0|    1|          0|
    |ap_loop_exit_ready_pp0_iter44_reg  |   1|   0|    1|          0|
    |ap_loop_exit_ready_pp0_iter45_reg  |   1|   0|    1|          0|
    |ap_loop_exit_ready_pp0_iter46_reg  |   1|   0|    1|          0|
    |ap_loop_exit_ready_pp0_iter47_reg  |   1|   0|    1|          0|
    |ap_loop_exit_ready_pp0_iter48_reg  |   1|   0|    1|          0|
    |ap_loop_exit_ready_pp0_iter49_reg  |   1|   0|    1|          0|
    |ap_loop_exit_ready_pp0_iter4_reg   |   1|   0|    1|          0|
    |ap_loop_exit_ready_pp0_iter50_reg  |   1|   0|    1|          0|
    |ap_loop_exit_ready_pp0_iter51_reg  |   1|   0|    1|          0|
    |ap_loop_exit_ready_pp0_iter52_reg  |   1|   0|    1|          0|
    |ap_loop_exit_ready_pp0_iter53_reg  |   1|   0|    1|          0|
    |ap_loop_exit_ready_pp0_iter54_reg  |   1|   0|    1|          0|
    |ap_loop_exit_ready_pp0_iter55_reg  |   1|   0|    1|          0|
    |ap_loop_exit_ready_pp0_iter56_reg  |   1|   0|    1|          0|
    |ap_loop_exit_ready_pp0_iter57_reg  |   1|   0|    1|          0|
    |ap_loop_exit_ready_pp0_iter58_reg  |   1|   0|    1|          0|
    |ap_loop_exit_ready_pp0_iter59_reg  |   1|   0|    1|          0|
    |ap_loop_exit_ready_pp0_iter5_reg   |   1|   0|    1|          0|
    |ap_loop_exit_ready_pp0_iter60_reg  |   1|   0|    1|          0|
    |ap_loop_exit_ready_pp0_iter61_reg  |   1|   0|    1|          0|
    |ap_loop_exit_ready_pp0_iter62_reg  |   1|   0|    1|          0|
    |ap_loop_exit_ready_pp0_iter63_reg  |   1|   0|    1|          0|
    |ap_loop_exit_ready_pp0_iter64_reg  |   1|   0|    1|          0|
    |ap_loop_exit_ready_pp0_iter65_reg  |   1|   0|    1|          0|
    |ap_loop_exit_ready_pp0_iter66_reg  |   1|   0|    1|          0|
    |ap_loop_exit_ready_pp0_iter67_reg  |   1|   0|    1|          0|
    |ap_loop_exit_ready_pp0_iter68_reg  |   1|   0|    1|          0|
    |ap_loop_exit_ready_pp0_iter69_reg  |   1|   0|    1|          0|
    |ap_loop_exit_ready_pp0_iter6_reg   |   1|   0|    1|          0|
    |ap_loop_exit_ready_pp0_iter70_reg  |   1|   0|    1|          0|
    |ap_loop_exit_ready_pp0_iter71_reg  |   1|   0|    1|          0|
    |ap_loop_exit_ready_pp0_iter72_reg  |   1|   0|    1|          0|
    |ap_loop_exit_ready_pp0_iter7_reg   |   1|   0|    1|          0|
    |ap_loop_exit_ready_pp0_iter8_reg   |   1|   0|    1|          0|
    |ap_loop_exit_ready_pp0_iter9_reg   |   1|   0|    1|          0|
    |ap_loop_init_pp0_iter10_reg        |   1|   0|    1|          0|
    |ap_loop_init_pp0_iter11_reg        |   1|   0|    1|          0|
    |ap_loop_init_pp0_iter12_reg        |   1|   0|    1|          0|
    |ap_loop_init_pp0_iter13_reg        |   1|   0|    1|          0|
    |ap_loop_init_pp0_iter14_reg        |   1|   0|    1|          0|
    |ap_loop_init_pp0_iter15_reg        |   1|   0|    1|          0|
    |ap_loop_init_pp0_iter16_reg        |   1|   0|    1|          0|
    |ap_loop_init_pp0_iter17_reg        |   1|   0|    1|          0|
    |ap_loop_init_pp0_iter18_reg        |   1|   0|    1|          0|
    |ap_loop_init_pp0_iter19_reg        |   1|   0|    1|          0|
    |ap_loop_init_pp0_iter1_reg         |   1|   0|    1|          0|
    |ap_loop_init_pp0_iter20_reg        |   1|   0|    1|          0|
    |ap_loop_init_pp0_iter21_reg        |   1|   0|    1|          0|
    |ap_loop_init_pp0_iter22_reg        |   1|   0|    1|          0|
    |ap_loop_init_pp0_iter23_reg        |   1|   0|    1|          0|
    |ap_loop_init_pp0_iter24_reg        |   1|   0|    1|          0|
    |ap_loop_init_pp0_iter25_reg        |   1|   0|    1|          0|
    |ap_loop_init_pp0_iter26_reg        |   1|   0|    1|          0|
    |ap_loop_init_pp0_iter27_reg        |   1|   0|    1|          0|
    |ap_loop_init_pp0_iter28_reg        |   1|   0|    1|          0|
    |ap_loop_init_pp0_iter29_reg        |   1|   0|    1|          0|
    |ap_loop_init_pp0_iter2_reg         |   1|   0|    1|          0|
    |ap_loop_init_pp0_iter30_reg        |   1|   0|    1|          0|
    |ap_loop_init_pp0_iter31_reg        |   1|   0|    1|          0|
    |ap_loop_init_pp0_iter32_reg        |   1|   0|    1|          0|
    |ap_loop_init_pp0_iter33_reg        |   1|   0|    1|          0|
    |ap_loop_init_pp0_iter34_reg        |   1|   0|    1|          0|
    |ap_loop_init_pp0_iter35_reg        |   1|   0|    1|          0|
    |ap_loop_init_pp0_iter36_reg        |   1|   0|    1|          0|
    |ap_loop_init_pp0_iter37_reg        |   1|   0|    1|          0|
    |ap_loop_init_pp0_iter38_reg        |   1|   0|    1|          0|
    |ap_loop_init_pp0_iter39_reg        |   1|   0|    1|          0|
    |ap_loop_init_pp0_iter3_reg         |   1|   0|    1|          0|
    |ap_loop_init_pp0_iter40_reg        |   1|   0|    1|          0|
    |ap_loop_init_pp0_iter41_reg        |   1|   0|    1|          0|
    |ap_loop_init_pp0_iter42_reg        |   1|   0|    1|          0|
    |ap_loop_init_pp0_iter43_reg        |   1|   0|    1|          0|
    |ap_loop_init_pp0_iter44_reg        |   1|   0|    1|          0|
    |ap_loop_init_pp0_iter45_reg        |   1|   0|    1|          0|
    |ap_loop_init_pp0_iter46_reg        |   1|   0|    1|          0|
    |ap_loop_init_pp0_iter47_reg        |   1|   0|    1|          0|
    |ap_loop_init_pp0_iter48_reg        |   1|   0|    1|          0|
    |ap_loop_init_pp0_iter49_reg        |   1|   0|    1|          0|
    |ap_loop_init_pp0_iter4_reg         |   1|   0|    1|          0|
    |ap_loop_init_pp0_iter50_reg        |   1|   0|    1|          0|
    |ap_loop_init_pp0_iter51_reg        |   1|   0|    1|          0|
    |ap_loop_init_pp0_iter52_reg        |   1|   0|    1|          0|
    |ap_loop_init_pp0_iter53_reg        |   1|   0|    1|          0|
    |ap_loop_init_pp0_iter54_reg        |   1|   0|    1|          0|
    |ap_loop_init_pp0_iter55_reg        |   1|   0|    1|          0|
    |ap_loop_init_pp0_iter56_reg        |   1|   0|    1|          0|
    |ap_loop_init_pp0_iter57_reg        |   1|   0|    1|          0|
    |ap_loop_init_pp0_iter58_reg        |   1|   0|    1|          0|
    |ap_loop_init_pp0_iter59_reg        |   1|   0|    1|          0|
    |ap_loop_init_pp0_iter5_reg         |   1|   0|    1|          0|
    |ap_loop_init_pp0_iter60_reg        |   1|   0|    1|          0|
    |ap_loop_init_pp0_iter61_reg        |   1|   0|    1|          0|
    |ap_loop_init_pp0_iter62_reg        |   1|   0|    1|          0|
    |ap_loop_init_pp0_iter63_reg        |   1|   0|    1|          0|
    |ap_loop_init_pp0_iter64_reg        |   1|   0|    1|          0|
    |ap_loop_init_pp0_iter65_reg        |   1|   0|    1|          0|
    |ap_loop_init_pp0_iter66_reg        |   1|   0|    1|          0|
    |ap_loop_init_pp0_iter67_reg        |   1|   0|    1|          0|
    |ap_loop_init_pp0_iter68_reg        |   1|   0|    1|          0|
    |ap_loop_init_pp0_iter69_reg        |   1|   0|    1|          0|
    |ap_loop_init_pp0_iter6_reg         |   1|   0|    1|          0|
    |ap_loop_init_pp0_iter70_reg        |   1|   0|    1|          0|
    |ap_loop_init_pp0_iter71_reg        |   1|   0|    1|          0|
    |ap_loop_init_pp0_iter72_reg        |   1|   0|    1|          0|
    |ap_loop_init_pp0_iter73_reg        |   1|   0|    1|          0|
    |ap_loop_init_pp0_iter7_reg         |   1|   0|    1|          0|
    |ap_loop_init_pp0_iter8_reg         |   1|   0|    1|          0|
    |ap_loop_init_pp0_iter9_reg         |   1|   0|    1|          0|
    |first_iter_0_reg_394               |   1|   0|    1|          0|
    |i_fu_168                           |   8|   0|    8|          0|
    |icmp_ln131_reg_868                 |   1|   0|    1|          0|
    |icmp_ln132_reg_878                 |   1|   0|    1|          0|
    |indvar_flatten_fu_172              |  12|   0|   12|          0|
    |indvar_fu_164                      |   4|   0|    4|          0|
    |j_fu_160                           |   8|   0|    8|          0|
    |mul_ln136_reg_883                  |  13|   0|   13|          0|
    |trunc_ln133_10_reg_944             |  32|   0|   32|          0|
    |trunc_ln133_11_reg_949             |  32|   0|   32|          0|
    |trunc_ln133_12_reg_954             |  32|   0|   32|          0|
    |trunc_ln133_13_reg_959             |  32|   0|   32|          0|
    |trunc_ln133_14_reg_964             |  32|   0|   32|          0|
    |trunc_ln133_1_reg_894              |  32|   0|   32|          0|
    |trunc_ln133_2_reg_899              |  32|   0|   32|          0|
    |trunc_ln133_3_reg_904              |  32|   0|   32|          0|
    |trunc_ln133_4_reg_909              |  32|   0|   32|          0|
    |trunc_ln133_5_reg_914              |  32|   0|   32|          0|
    |trunc_ln133_6_reg_919              |  32|   0|   32|          0|
    |trunc_ln133_7_reg_924              |  32|   0|   32|          0|
    |trunc_ln133_8_reg_929              |  32|   0|   32|          0|
    |trunc_ln133_9_reg_934              |  32|   0|   32|          0|
    |trunc_ln133_reg_889                |  32|   0|   32|          0|
    |trunc_ln133_s_reg_939              |  32|   0|   32|          0|
    |vv28_read_reg_863                  |  64|   0|   64|          0|
    |icmp_ln131_reg_868                 |  64|  32|    1|          0|
    +-----------------------------------+----+----+-----+-----------+
    |Total                              | 908|  32|  845|          0|
    +-----------------------------------+----+----+-----+-----------+



================================================================
== Interface
================================================================
* Summary: 
+----------------------+-----+-----+------------+----------------------------+--------------+
|       RTL Ports      | Dir | Bits|  Protocol  |        Source Object       |    C Type    |
+----------------------+-----+-----+------------+----------------------------+--------------+
|ap_clk                |   in|    1|  ap_ctrl_hs|  Loop_VITIS_LOOP_131_1_proc|  return value|
|ap_rst                |   in|    1|  ap_ctrl_hs|  Loop_VITIS_LOOP_131_1_proc|  return value|
|ap_start              |   in|    1|  ap_ctrl_hs|  Loop_VITIS_LOOP_131_1_proc|  return value|
|ap_done               |  out|    1|  ap_ctrl_hs|  Loop_VITIS_LOOP_131_1_proc|  return value|
|ap_continue           |   in|    1|  ap_ctrl_hs|  Loop_VITIS_LOOP_131_1_proc|  return value|
|ap_idle               |  out|    1|  ap_ctrl_hs|  Loop_VITIS_LOOP_131_1_proc|  return value|
|ap_ready              |  out|    1|  ap_ctrl_hs|  Loop_VITIS_LOOP_131_1_proc|  return value|
|m_axi_gmem0_AWVALID   |  out|    1|       m_axi|                       gmem0|       pointer|
|m_axi_gmem0_AWREADY   |   in|    1|       m_axi|                       gmem0|       pointer|
|m_axi_gmem0_AWADDR    |  out|   64|       m_axi|                       gmem0|       pointer|
|m_axi_gmem0_AWID      |  out|    1|       m_axi|                       gmem0|       pointer|
|m_axi_gmem0_AWLEN     |  out|   32|       m_axi|                       gmem0|       pointer|
|m_axi_gmem0_AWSIZE    |  out|    3|       m_axi|                       gmem0|       pointer|
|m_axi_gmem0_AWBURST   |  out|    2|       m_axi|                       gmem0|       pointer|
|m_axi_gmem0_AWLOCK    |  out|    2|       m_axi|                       gmem0|       pointer|
|m_axi_gmem0_AWCACHE   |  out|    4|       m_axi|                       gmem0|       pointer|
|m_axi_gmem0_AWPROT    |  out|    3|       m_axi|                       gmem0|       pointer|
|m_axi_gmem0_AWQOS     |  out|    4|       m_axi|                       gmem0|       pointer|
|m_axi_gmem0_AWREGION  |  out|    4|       m_axi|                       gmem0|       pointer|
|m_axi_gmem0_AWUSER    |  out|    1|       m_axi|                       gmem0|       pointer|
|m_axi_gmem0_WVALID    |  out|    1|       m_axi|                       gmem0|       pointer|
|m_axi_gmem0_WREADY    |   in|    1|       m_axi|                       gmem0|       pointer|
|m_axi_gmem0_WDATA     |  out|  512|       m_axi|                       gmem0|       pointer|
|m_axi_gmem0_WSTRB     |  out|   64|       m_axi|                       gmem0|       pointer|
|m_axi_gmem0_WLAST     |  out|    1|       m_axi|                       gmem0|       pointer|
|m_axi_gmem0_WID       |  out|    1|       m_axi|                       gmem0|       pointer|
|m_axi_gmem0_WUSER     |  out|    1|       m_axi|                       gmem0|       pointer|
|m_axi_gmem0_ARVALID   |  out|    1|       m_axi|                       gmem0|       pointer|
|m_axi_gmem0_ARREADY   |   in|    1|       m_axi|                       gmem0|       pointer|
|m_axi_gmem0_ARADDR    |  out|   64|       m_axi|                       gmem0|       pointer|
|m_axi_gmem0_ARID      |  out|    1|       m_axi|                       gmem0|       pointer|
|m_axi_gmem0_ARLEN     |  out|   32|       m_axi|                       gmem0|       pointer|
|m_axi_gmem0_ARSIZE    |  out|    3|       m_axi|                       gmem0|       pointer|
|m_axi_gmem0_ARBURST   |  out|    2|       m_axi|                       gmem0|       pointer|
|m_axi_gmem0_ARLOCK    |  out|    2|       m_axi|                       gmem0|       pointer|
|m_axi_gmem0_ARCACHE   |  out|    4|       m_axi|                       gmem0|       pointer|
|m_axi_gmem0_ARPROT    |  out|    3|       m_axi|                       gmem0|       pointer|
|m_axi_gmem0_ARQOS     |  out|    4|       m_axi|                       gmem0|       pointer|
|m_axi_gmem0_ARREGION  |  out|    4|       m_axi|                       gmem0|       pointer|
|m_axi_gmem0_ARUSER    |  out|    1|       m_axi|                       gmem0|       pointer|
|m_axi_gmem0_RVALID    |   in|    1|       m_axi|                       gmem0|       pointer|
|m_axi_gmem0_RREADY    |  out|    1|       m_axi|                       gmem0|       pointer|
|m_axi_gmem0_RDATA     |   in|  512|       m_axi|                       gmem0|       pointer|
|m_axi_gmem0_RLAST     |   in|    1|       m_axi|                       gmem0|       pointer|
|m_axi_gmem0_RID       |   in|    1|       m_axi|                       gmem0|       pointer|
|m_axi_gmem0_RFIFONUM  |   in|    9|       m_axi|                       gmem0|       pointer|
|m_axi_gmem0_RUSER     |   in|    1|       m_axi|                       gmem0|       pointer|
|m_axi_gmem0_RRESP     |   in|    2|       m_axi|                       gmem0|       pointer|
|m_axi_gmem0_BVALID    |   in|    1|       m_axi|                       gmem0|       pointer|
|m_axi_gmem0_BREADY    |  out|    1|       m_axi|                       gmem0|       pointer|
|m_axi_gmem0_BRESP     |   in|    2|       m_axi|                       gmem0|       pointer|
|m_axi_gmem0_BID       |   in|    1|       m_axi|                       gmem0|       pointer|
|m_axi_gmem0_BUSER     |   in|    1|       m_axi|                       gmem0|       pointer|
|vv28                  |   in|   64|     ap_none|                        vv28|        scalar|
|v28_7_address0        |  out|   13|   ap_memory|                       v28_7|         array|
|v28_7_ce0             |  out|    1|   ap_memory|                       v28_7|         array|
|v28_7_we0             |  out|    1|   ap_memory|                       v28_7|         array|
|v28_7_d0              |  out|   32|   ap_memory|                       v28_7|         array|
|v28_7_address1        |  out|   13|   ap_memory|                       v28_7|         array|
|v28_7_ce1             |  out|    1|   ap_memory|                       v28_7|         array|
|v28_7_we1             |  out|    1|   ap_memory|                       v28_7|         array|
|v28_7_d1              |  out|   32|   ap_memory|                       v28_7|         array|
|v28_6_address0        |  out|   13|   ap_memory|                       v28_6|         array|
|v28_6_ce0             |  out|    1|   ap_memory|                       v28_6|         array|
|v28_6_we0             |  out|    1|   ap_memory|                       v28_6|         array|
|v28_6_d0              |  out|   32|   ap_memory|                       v28_6|         array|
|v28_6_address1        |  out|   13|   ap_memory|                       v28_6|         array|
|v28_6_ce1             |  out|    1|   ap_memory|                       v28_6|         array|
|v28_6_we1             |  out|    1|   ap_memory|                       v28_6|         array|
|v28_6_d1              |  out|   32|   ap_memory|                       v28_6|         array|
|v28_5_address0        |  out|   13|   ap_memory|                       v28_5|         array|
|v28_5_ce0             |  out|    1|   ap_memory|                       v28_5|         array|
|v28_5_we0             |  out|    1|   ap_memory|                       v28_5|         array|
|v28_5_d0              |  out|   32|   ap_memory|                       v28_5|         array|
|v28_5_address1        |  out|   13|   ap_memory|                       v28_5|         array|
|v28_5_ce1             |  out|    1|   ap_memory|                       v28_5|         array|
|v28_5_we1             |  out|    1|   ap_memory|                       v28_5|         array|
|v28_5_d1              |  out|   32|   ap_memory|                       v28_5|         array|
|v28_4_address0        |  out|   13|   ap_memory|                       v28_4|         array|
|v28_4_ce0             |  out|    1|   ap_memory|                       v28_4|         array|
|v28_4_we0             |  out|    1|   ap_memory|                       v28_4|         array|
|v28_4_d0              |  out|   32|   ap_memory|                       v28_4|         array|
|v28_4_address1        |  out|   13|   ap_memory|                       v28_4|         array|
|v28_4_ce1             |  out|    1|   ap_memory|                       v28_4|         array|
|v28_4_we1             |  out|    1|   ap_memory|                       v28_4|         array|
|v28_4_d1              |  out|   32|   ap_memory|                       v28_4|         array|
|v28_3_address0        |  out|   13|   ap_memory|                       v28_3|         array|
|v28_3_ce0             |  out|    1|   ap_memory|                       v28_3|         array|
|v28_3_we0             |  out|    1|   ap_memory|                       v28_3|         array|
|v28_3_d0              |  out|   32|   ap_memory|                       v28_3|         array|
|v28_3_address1        |  out|   13|   ap_memory|                       v28_3|         array|
|v28_3_ce1             |  out|    1|   ap_memory|                       v28_3|         array|
|v28_3_we1             |  out|    1|   ap_memory|                       v28_3|         array|
|v28_3_d1              |  out|   32|   ap_memory|                       v28_3|         array|
|v28_2_address0        |  out|   13|   ap_memory|                       v28_2|         array|
|v28_2_ce0             |  out|    1|   ap_memory|                       v28_2|         array|
|v28_2_we0             |  out|    1|   ap_memory|                       v28_2|         array|
|v28_2_d0              |  out|   32|   ap_memory|                       v28_2|         array|
|v28_2_address1        |  out|   13|   ap_memory|                       v28_2|         array|
|v28_2_ce1             |  out|    1|   ap_memory|                       v28_2|         array|
|v28_2_we1             |  out|    1|   ap_memory|                       v28_2|         array|
|v28_2_d1              |  out|   32|   ap_memory|                       v28_2|         array|
|v28_1_address0        |  out|   13|   ap_memory|                       v28_1|         array|
|v28_1_ce0             |  out|    1|   ap_memory|                       v28_1|         array|
|v28_1_we0             |  out|    1|   ap_memory|                       v28_1|         array|
|v28_1_d0              |  out|   32|   ap_memory|                       v28_1|         array|
|v28_1_address1        |  out|   13|   ap_memory|                       v28_1|         array|
|v28_1_ce1             |  out|    1|   ap_memory|                       v28_1|         array|
|v28_1_we1             |  out|    1|   ap_memory|                       v28_1|         array|
|v28_1_d1              |  out|   32|   ap_memory|                       v28_1|         array|
|v28_address0          |  out|   13|   ap_memory|                         v28|         array|
|v28_ce0               |  out|    1|   ap_memory|                         v28|         array|
|v28_we0               |  out|    1|   ap_memory|                         v28|         array|
|v28_d0                |  out|   32|   ap_memory|                         v28|         array|
|v28_address1          |  out|   13|   ap_memory|                         v28|         array|
|v28_ce1               |  out|    1|   ap_memory|                         v28|         array|
|v28_we1               |  out|    1|   ap_memory|                         v28|         array|
|v28_d1                |  out|   32|   ap_memory|                         v28|         array|
+----------------------+-----+-----+------------+----------------------------+--------------+

