

================================================================
== Vitis HLS Report for 'kernel_nlp_Pipeline_VITIS_LOOP_68_1_VITIS_LOOP_69_2'
================================================================
* Date:           Wed Dec 18 08:07:26 2024

* Version:        2023.2 (Build 4023990 on Oct 11 2023)
* Project:        kernel_nlp
* Solution:       solution (Vitis Kernel Flow Target)
* Product family: virtexuplusHBM
* Target device:  xcu55c-fsvh2892-2L-e


================================================================
== Performance Estimates
================================================================
+ Timing: 
    * Summary: 
    +--------+---------+----------+------------+
    |  Clock |  Target | Estimated| Uncertainty|
    +--------+---------+----------+------------+
    |ap_clk  |  4.00 ns|  2.920 ns|     1.08 ns|
    +--------+---------+----------+------------+

+ Latency: 
    * Summary: 
    +---------+---------+-----------+-----------+------+------+---------+
    |  Latency (cycles) |   Latency (absolute)  |   Interval  | Pipeline|
    |   min   |   max   |    min    |    max    |  min |  max |   Type  |
    +---------+---------+-----------+-----------+------+------+---------+
    |     9373|     9373|  37.492 us|  37.492 us|  9373|  9373|       no|
    +---------+---------+-----------+-----------+------+------+---------+

    + Detail: 
        * Instance: 
        N/A

        * Loop: 
        +-----------------------------------+---------+---------+----------+-----------+-----------+------+----------+
        |                                   |  Latency (cycles) | Iteration|  Initiation Interval  | Trip |          |
        |             Loop Name             |   min   |   max   |  Latency |  achieved |   target  | Count| Pipelined|
        +-----------------------------------+---------+---------+----------+-----------+-----------+------+----------+
        |- VITIS_LOOP_68_1_VITIS_LOOP_69_2  |     9371|     9371|        16|          4|          1|  2340|       yes|
        +-----------------------------------+---------+---------+----------+-----------+-----------+------+----------+



================================================================
== Utilization Estimates
================================================================
* Summary: 
+---------------------+---------+------+---------+---------+-----+
|         Name        | BRAM_18K|  DSP |    FF   |   LUT   | URAM|
+---------------------+---------+------+---------+---------+-----+
|DSP                  |        -|     -|        -|        -|    -|
|Expression           |        -|     -|        0|      356|    -|
|FIFO                 |        -|     -|        -|        -|    -|
|Instance             |        -|     0|      189|      208|    -|
|Memory               |        -|     -|        -|        -|    -|
|Multiplexer          |        -|     -|        -|     2621|    -|
|Register             |        -|     -|     1016|       64|    -|
+---------------------+---------+------+---------+---------+-----+
|Total                |        0|     0|     1205|     3249|    0|
+---------------------+---------+------+---------+---------+-----+
|Available SLR        |     1344|  3008|   869120|   434560|  320|
+---------------------+---------+------+---------+---------+-----+
|Utilization SLR (%)  |        0|     0|       ~0|       ~0|    0|
+---------------------+---------+------+---------+---------+-----+
|Available            |     4032|  9024|  2607360|  1303680|  960|
+---------------------+---------+------+---------+---------+-----+
|Utilization (%)      |        0|     0|       ~0|       ~0|    0|
+---------------------+---------+------+---------+---------+-----+

+ Detail: 
    * Instance: 
    +------------------------+---------------------+---------+----+-----+-----+-----+
    |        Instance        |        Module       | BRAM_18K| DSP|  FF | LUT | URAM|
    +------------------------+---------------------+---------+----+-----+-----+-----+
    |mul_5ns_8ns_11_1_1_U3   |mul_5ns_8ns_11_1_1   |        0|   0|    0|   40|    0|
    |mul_8ns_10ns_17_1_1_U2  |mul_8ns_10ns_17_1_1  |        0|   0|    0|   62|    0|
    |urem_8ns_5ns_4_12_1_U1  |urem_8ns_5ns_4_12_1  |        0|   0|  189|  106|    0|
    +------------------------+---------------------+---------+----+-----+-----+-----+
    |Total                   |                     |        0|   0|  189|  208|    0|
    +------------------------+---------------------+---------+----+-----+-----+-----+

    * DSP: 
    N/A

    * Memory: 
    N/A

    * FIFO: 
    N/A

    * Expression: 
    +------------------------------+----------+----+---+----+------------+------------+
    |         Variable Name        | Operation| DSP| FF| LUT| Bitwidth P0| Bitwidth P1|
    +------------------------------+----------+----+---+----+------------+------------+
    |add_ln68_1_fu_2041_p2         |         +|   0|  0|  19|          12|           1|
    |add_ln68_fu_2050_p2           |         +|   0|  0|  15|           8|           1|
    |add_ln69_1_fu_2086_p2         |         +|   0|  0|  12|           4|           1|
    |add_ln69_fu_2491_p2           |         +|   0|  0|  15|           8|           5|
    |add_ln73_1_fu_2392_p2         |         +|   0|  0|  18|          11|          11|
    |add_ln73_2_fu_2511_p2         |         +|   0|  0|  18|          11|          11|
    |add_ln73_3_fu_2583_p2         |         +|   0|  0|  18|          11|          11|
    |add_ln73_4_fu_2655_p2         |         +|   0|  0|  18|          11|          11|
    |add_ln73_5_fu_2697_p2         |         +|   0|  0|  18|          11|          11|
    |add_ln73_6_fu_2739_p2         |         +|   0|  0|  18|          11|          11|
    |add_ln73_7_fu_2781_p2         |         +|   0|  0|  18|          11|          11|
    |add_ln73_fu_2319_p2           |         +|   0|  0|  18|          11|          11|
    |ap_block_pp0_stage1_11001     |       and|   0|  0|   2|           1|           1|
    |ap_predicate_pred773_state15  |       and|   0|  0|   2|           1|           1|
    |ap_predicate_pred795_state15  |       and|   0|  0|   2|           1|           1|
    |ap_predicate_pred809_state15  |       and|   0|  0|   2|           1|           1|
    |ap_predicate_pred823_state15  |       and|   0|  0|   2|           1|           1|
    |ap_predicate_pred837_state15  |       and|   0|  0|   2|           1|           1|
    |ap_predicate_pred851_state15  |       and|   0|  0|   2|           1|           1|
    |ap_predicate_pred865_state15  |       and|   0|  0|   2|           1|           1|
    |ap_predicate_pred879_state15  |       and|   0|  0|   2|           1|           1|
    |ap_predicate_pred893_state15  |       and|   0|  0|   2|           1|           1|
    |ap_predicate_pred907_state15  |       and|   0|  0|   2|           1|           1|
    |ap_predicate_pred920_state15  |       and|   0|  0|   2|           1|           1|
    |ap_predicate_pred953_state15  |       and|   0|  0|   2|           1|           1|
    |icmp_ln68_fu_2035_p2          |      icmp|   0|  0|  19|          12|          12|
    |icmp_ln69_fu_2056_p2          |      icmp|   0|  0|  12|           4|           3|
    |icmp_ln72_fu_2461_p2          |      icmp|   0|  0|  15|           8|           7|
    |or_ln72_1_fu_2502_p2          |        or|   0|  0|   7|           7|           2|
    |or_ln72_2_fu_2574_p2          |        or|   0|  0|   7|           7|           2|
    |or_ln72_3_fu_2455_p2          |        or|   0|  0|   8|           8|           4|
    |or_ln72_4_fu_2646_p2          |        or|   0|  0|   7|           7|           3|
    |or_ln72_5_fu_2688_p2          |        or|   0|  0|   7|           7|           3|
    |or_ln72_6_fu_2730_p2          |        or|   0|  0|   7|           7|           3|
    |or_ln72_7_fu_2772_p2          |        or|   0|  0|   7|           7|           3|
    |or_ln72_fu_2382_p2            |        or|   0|  0|   7|           7|           1|
    |grp_fu_2070_p0                |    select|   0|  0|   8|           1|           8|
    |select_ln68_fu_2298_p3        |    select|   0|  0|   8|           1|           1|
    |select_ln69_fu_2091_p3        |    select|   0|  0|   4|           1|           1|
    |ap_enable_pp0                 |       xor|   0|  0|   2|           1|           2|
    +------------------------------+----------+----+---+----+------------+------------+
    |Total                         |          |   0|  0| 356|         218|         164|
    +------------------------------+----------+----+---+----+------------+------------+

    * Multiplexer: 
    +--------------------------------------+----+-----------+-----+-----------+
    |                 Name                 | LUT| Input Size| Bits| Total Bits|
    +--------------------------------------+----+-----------+-----+-----------+
    |ap_NS_fsm                             |  26|          5|    1|          5|
    |ap_done_int                           |   9|          2|    1|          2|
    |ap_enable_reg_pp0_iter0               |   9|          2|    1|          2|
    |ap_enable_reg_pp0_iter1               |   9|          2|    1|          2|
    |ap_sig_allocacmp_i_load               |   9|          2|    8|         16|
    |ap_sig_allocacmp_indvar_flatten_load  |   9|          2|   12|         24|
    |ap_sig_allocacmp_indvar_load          |   9|          2|    4|          8|
    |gmem0_blk_n_R                         |   9|          2|    1|          2|
    |i_fu_234                              |   9|          2|    8|         16|
    |indvar_flatten_fu_238                 |   9|          2|   12|         24|
    |indvar_fu_230                         |   9|          2|    4|          8|
    |j_fu_226                              |   9|          2|    8|         16|
    |v0_10_address0                        |  26|          5|   11|         55|
    |v0_10_address1                        |  26|          5|   11|         55|
    |v0_10_d0                              |  26|          5|   32|        160|
    |v0_10_d1                              |  26|          5|   32|        160|
    |v0_11_address0                        |  26|          5|   11|         55|
    |v0_11_address1                        |  26|          5|   11|         55|
    |v0_11_d0                              |  26|          5|   32|        160|
    |v0_11_d1                              |  26|          5|   32|        160|
    |v0_12_address0                        |  26|          5|   11|         55|
    |v0_12_address1                        |  26|          5|   11|         55|
    |v0_12_d0                              |  26|          5|   32|        160|
    |v0_12_d1                              |  26|          5|   32|        160|
    |v0_13_address0                        |  26|          5|   11|         55|
    |v0_13_address1                        |  26|          5|   11|         55|
    |v0_13_d0                              |  26|          5|   32|        160|
    |v0_13_d1                              |  26|          5|   32|        160|
    |v0_14_address0                        |  26|          5|   11|         55|
    |v0_14_address1                        |  26|          5|   11|         55|
    |v0_14_d0                              |  26|          5|   32|        160|
    |v0_14_d1                              |  26|          5|   32|        160|
    |v0_15_address0                        |  26|          5|   11|         55|
    |v0_15_address1                        |  26|          5|   11|         55|
    |v0_15_d0                              |  26|          5|   32|        160|
    |v0_15_d1                              |  26|          5|   32|        160|
    |v0_16_address0                        |  26|          5|   11|         55|
    |v0_16_address1                        |  26|          5|   11|         55|
    |v0_16_d0                              |  26|          5|   32|        160|
    |v0_16_d1                              |  26|          5|   32|        160|
    |v0_17_address0                        |  26|          5|   11|         55|
    |v0_17_address1                        |  26|          5|   11|         55|
    |v0_17_d0                              |  26|          5|   32|        160|
    |v0_17_d1                              |  26|          5|   32|        160|
    |v0_18_address0                        |  26|          5|   11|         55|
    |v0_18_address1                        |  26|          5|   11|         55|
    |v0_18_d0                              |  26|          5|   32|        160|
    |v0_18_d1                              |  26|          5|   32|        160|
    |v0_19_address0                        |  26|          5|   11|         55|
    |v0_19_address1                        |  26|          5|   11|         55|
    |v0_19_d0                              |  26|          5|   32|        160|
    |v0_19_d1                              |  26|          5|   32|        160|
    |v0_1_address0                         |  26|          5|   11|         55|
    |v0_1_address1                         |  26|          5|   11|         55|
    |v0_1_d0                               |  26|          5|   32|        160|
    |v0_1_d1                               |  26|          5|   32|        160|
    |v0_20_address0                        |  26|          5|   11|         55|
    |v0_20_address1                        |  26|          5|   11|         55|
    |v0_20_d0                              |  26|          5|   32|        160|
    |v0_20_d1                              |  26|          5|   32|        160|
    |v0_21_address0                        |  26|          5|   11|         55|
    |v0_21_address1                        |  26|          5|   11|         55|
    |v0_21_d0                              |  26|          5|   32|        160|
    |v0_21_d1                              |  26|          5|   32|        160|
    |v0_22_address0                        |  26|          5|   11|         55|
    |v0_22_address1                        |  26|          5|   11|         55|
    |v0_22_d0                              |  26|          5|   32|        160|
    |v0_22_d1                              |  26|          5|   32|        160|
    |v0_23_address0                        |  26|          5|   11|         55|
    |v0_23_address1                        |  26|          5|   11|         55|
    |v0_23_d0                              |  26|          5|   32|        160|
    |v0_23_d1                              |  26|          5|   32|        160|
    |v0_2_address0                         |  26|          5|   11|         55|
    |v0_2_address1                         |  26|          5|   11|         55|
    |v0_2_d0                               |  26|          5|   32|        160|
    |v0_2_d1                               |  26|          5|   32|        160|
    |v0_3_address0                         |  26|          5|   11|         55|
    |v0_3_address1                         |  26|          5|   11|         55|
    |v0_3_d0                               |  26|          5|   32|        160|
    |v0_3_d1                               |  26|          5|   32|        160|
    |v0_4_address0                         |  26|          5|   11|         55|
    |v0_4_address1                         |  26|          5|   11|         55|
    |v0_4_d0                               |  26|          5|   32|        160|
    |v0_4_d1                               |  26|          5|   32|        160|
    |v0_5_address0                         |  26|          5|   11|         55|
    |v0_5_address1                         |  26|          5|   11|         55|
    |v0_5_d0                               |  26|          5|   32|        160|
    |v0_5_d1                               |  26|          5|   32|        160|
    |v0_6_address0                         |  26|          5|   11|         55|
    |v0_6_address1                         |  26|          5|   11|         55|
    |v0_6_d0                               |  26|          5|   32|        160|
    |v0_6_d1                               |  26|          5|   32|        160|
    |v0_7_address0                         |  26|          5|   11|         55|
    |v0_7_address1                         |  26|          5|   11|         55|
    |v0_7_d0                               |  26|          5|   32|        160|
    |v0_7_d1                               |  26|          5|   32|        160|
    |v0_8_address0                         |  26|          5|   11|         55|
    |v0_8_address1                         |  26|          5|   11|         55|
    |v0_8_d0                               |  26|          5|   32|        160|
    |v0_8_d1                               |  26|          5|   32|        160|
    |v0_9_address0                         |  26|          5|   11|         55|
    |v0_9_address1                         |  26|          5|   11|         55|
    |v0_9_d0                               |  26|          5|   32|        160|
    |v0_9_d1                               |  26|          5|   32|        160|
    |v0_address0                           |  26|          5|   11|         55|
    |v0_address1                           |  26|          5|   11|         55|
    |v0_d0                                 |  26|          5|   32|        160|
    |v0_d1                                 |  26|          5|   32|        160|
    +--------------------------------------+----+-----------+-----+-----------+
    |Total                                 |2621|        507| 2125|      10445|
    +--------------------------------------+----+-----------+-----+-----------+

    * Register: 
    +-----------------------------------+----+----+-----+-----------+
    |                Name               | FF | LUT| Bits| Const Bits|
    +-----------------------------------+----+----+-----+-----------+
    |ap_CS_fsm                          |   4|   0|    4|          0|
    |ap_done_reg                        |   1|   0|    1|          0|
    |ap_enable_reg_pp0_iter0_reg        |   1|   0|    1|          0|
    |ap_enable_reg_pp0_iter1            |   1|   0|    1|          0|
    |ap_enable_reg_pp0_iter2            |   1|   0|    1|          0|
    |ap_enable_reg_pp0_iter3            |   1|   0|    1|          0|
    |ap_loop_exit_ready_pp0_iter1_reg   |   1|   0|    1|          0|
    |ap_loop_exit_ready_pp0_iter2_reg   |   1|   0|    1|          0|
    |ap_predicate_pred773_state15       |   1|   0|    1|          0|
    |ap_predicate_pred773_state16       |   1|   0|    1|          0|
    |ap_predicate_pred795_state15       |   1|   0|    1|          0|
    |ap_predicate_pred795_state16       |   1|   0|    1|          0|
    |ap_predicate_pred809_state15       |   1|   0|    1|          0|
    |ap_predicate_pred809_state16       |   1|   0|    1|          0|
    |ap_predicate_pred823_state15       |   1|   0|    1|          0|
    |ap_predicate_pred823_state16       |   1|   0|    1|          0|
    |ap_predicate_pred837_state15       |   1|   0|    1|          0|
    |ap_predicate_pred837_state16       |   1|   0|    1|          0|
    |ap_predicate_pred851_state15       |   1|   0|    1|          0|
    |ap_predicate_pred851_state16       |   1|   0|    1|          0|
    |ap_predicate_pred865_state15       |   1|   0|    1|          0|
    |ap_predicate_pred865_state16       |   1|   0|    1|          0|
    |ap_predicate_pred879_state15       |   1|   0|    1|          0|
    |ap_predicate_pred879_state16       |   1|   0|    1|          0|
    |ap_predicate_pred893_state15       |   1|   0|    1|          0|
    |ap_predicate_pred893_state16       |   1|   0|    1|          0|
    |ap_predicate_pred907_state15       |   1|   0|    1|          0|
    |ap_predicate_pred907_state16       |   1|   0|    1|          0|
    |ap_predicate_pred920_state15       |   1|   0|    1|          0|
    |ap_predicate_pred920_state16       |   1|   0|    1|          0|
    |ap_predicate_pred953_state15       |   1|   0|    1|          0|
    |ap_predicate_pred953_state16       |   1|   0|    1|          0|
    |bitcast_ln73_10_reg_3015           |  32|   0|   32|          0|
    |bitcast_ln73_11_reg_3031           |  32|   0|   32|          0|
    |bitcast_ln73_12_reg_3047           |  32|   0|   32|          0|
    |bitcast_ln73_13_reg_3063           |  32|   0|   32|          0|
    |bitcast_ln73_14_reg_3079           |  32|   0|   32|          0|
    |bitcast_ln73_15_reg_3095           |  32|   0|   32|          0|
    |bitcast_ln73_8_reg_2983            |  32|   0|   32|          0|
    |bitcast_ln73_9_reg_2999            |  32|   0|   32|          0|
    |i_fu_234                           |   8|   0|    8|          0|
    |icmp_ln68_reg_2852                 |   1|   0|    1|          0|
    |icmp_ln69_reg_2856                 |   1|   0|    1|          0|
    |icmp_ln72_reg_2979                 |   1|   0|    1|          0|
    |indvar_flatten_fu_238              |  12|   0|   12|          0|
    |indvar_fu_230                      |   4|   0|    4|          0|
    |indvar_load_reg_2847               |   4|   0|    4|          0|
    |indvars_iv842_udiv_reg_2969        |   7|   0|    7|          0|
    |j_fu_226                           |   8|   0|    8|          0|
    |mul_ln68_1_reg_2873                |  11|   0|   11|          0|
    |mul_ln68_1_reg_2873_pp0_iter3_reg  |  11|   0|   11|          0|
    |select_ln68_1_reg_2862             |   8|   0|    8|          0|
    |tmp_reg_2868                       |   5|   0|    5|          0|
    |trunc_ln68_reg_2965                |   4|   0|    4|          0|
    |trunc_ln70_10_reg_2940             |  32|   0|   32|          0|
    |trunc_ln70_11_reg_2945             |  32|   0|   32|          0|
    |trunc_ln70_12_reg_2950             |  32|   0|   32|          0|
    |trunc_ln70_13_reg_2955             |  32|   0|   32|          0|
    |trunc_ln70_14_reg_2960             |  32|   0|   32|          0|
    |trunc_ln70_1_reg_2890              |  32|   0|   32|          0|
    |trunc_ln70_2_reg_2895              |  32|   0|   32|          0|
    |trunc_ln70_3_reg_2900              |  32|   0|   32|          0|
    |trunc_ln70_4_reg_2905              |  32|   0|   32|          0|
    |trunc_ln70_5_reg_2910              |  32|   0|   32|          0|
    |trunc_ln70_6_reg_2915              |  32|   0|   32|          0|
    |trunc_ln70_7_reg_2920              |  32|   0|   32|          0|
    |trunc_ln70_8_reg_2925              |  32|   0|   32|          0|
    |trunc_ln70_9_reg_2930              |  32|   0|   32|          0|
    |trunc_ln70_reg_2885                |  32|   0|   32|          0|
    |trunc_ln70_s_reg_2935              |  32|   0|   32|          0|
    |icmp_ln69_reg_2856                 |  64|  32|    1|          0|
    |select_ln68_1_reg_2862             |  64|  32|    8|          0|
    +-----------------------------------+----+----+-----+-----------+
    |Total                              |1016|  64|  897|          0|
    +-----------------------------------+----+----+-----+-----------+



================================================================
== Interface
================================================================
* Summary: 
+----------------------+-----+-----+------------+-----------------------------------------------------+--------------+
|       RTL Ports      | Dir | Bits|  Protocol  |                    Source Object                    |    C Type    |
+----------------------+-----+-----+------------+-----------------------------------------------------+--------------+
|ap_clk                |   in|    1|  ap_ctrl_hs|  kernel_nlp_Pipeline_VITIS_LOOP_68_1_VITIS_LOOP_69_2|  return value|
|ap_rst                |   in|    1|  ap_ctrl_hs|  kernel_nlp_Pipeline_VITIS_LOOP_68_1_VITIS_LOOP_69_2|  return value|
|ap_start              |   in|    1|  ap_ctrl_hs|  kernel_nlp_Pipeline_VITIS_LOOP_68_1_VITIS_LOOP_69_2|  return value|
|ap_done               |  out|    1|  ap_ctrl_hs|  kernel_nlp_Pipeline_VITIS_LOOP_68_1_VITIS_LOOP_69_2|  return value|
|ap_idle               |  out|    1|  ap_ctrl_hs|  kernel_nlp_Pipeline_VITIS_LOOP_68_1_VITIS_LOOP_69_2|  return value|
|ap_ready              |  out|    1|  ap_ctrl_hs|  kernel_nlp_Pipeline_VITIS_LOOP_68_1_VITIS_LOOP_69_2|  return value|
|m_axi_gmem0_AWVALID   |  out|    1|       m_axi|                                                gmem0|       pointer|
|m_axi_gmem0_AWREADY   |   in|    1|       m_axi|                                                gmem0|       pointer|
|m_axi_gmem0_AWADDR    |  out|   64|       m_axi|                                                gmem0|       pointer|
|m_axi_gmem0_AWID      |  out|    1|       m_axi|                                                gmem0|       pointer|
|m_axi_gmem0_AWLEN     |  out|   32|       m_axi|                                                gmem0|       pointer|
|m_axi_gmem0_AWSIZE    |  out|    3|       m_axi|                                                gmem0|       pointer|
|m_axi_gmem0_AWBURST   |  out|    2|       m_axi|                                                gmem0|       pointer|
|m_axi_gmem0_AWLOCK    |  out|    2|       m_axi|                                                gmem0|       pointer|
|m_axi_gmem0_AWCACHE   |  out|    4|       m_axi|                                                gmem0|       pointer|
|m_axi_gmem0_AWPROT    |  out|    3|       m_axi|                                                gmem0|       pointer|
|m_axi_gmem0_AWQOS     |  out|    4|       m_axi|                                                gmem0|       pointer|
|m_axi_gmem0_AWREGION  |  out|    4|       m_axi|                                                gmem0|       pointer|
|m_axi_gmem0_AWUSER    |  out|    1|       m_axi|                                                gmem0|       pointer|
|m_axi_gmem0_WVALID    |  out|    1|       m_axi|                                                gmem0|       pointer|
|m_axi_gmem0_WREADY    |   in|    1|       m_axi|                                                gmem0|       pointer|
|m_axi_gmem0_WDATA     |  out|  512|       m_axi|                                                gmem0|       pointer|
|m_axi_gmem0_WSTRB     |  out|   64|       m_axi|                                                gmem0|       pointer|
|m_axi_gmem0_WLAST     |  out|    1|       m_axi|                                                gmem0|       pointer|
|m_axi_gmem0_WID       |  out|    1|       m_axi|                                                gmem0|       pointer|
|m_axi_gmem0_WUSER     |  out|    1|       m_axi|                                                gmem0|       pointer|
|m_axi_gmem0_ARVALID   |  out|    1|       m_axi|                                                gmem0|       pointer|
|m_axi_gmem0_ARREADY   |   in|    1|       m_axi|                                                gmem0|       pointer|
|m_axi_gmem0_ARADDR    |  out|   64|       m_axi|                                                gmem0|       pointer|
|m_axi_gmem0_ARID      |  out|    1|       m_axi|                                                gmem0|       pointer|
|m_axi_gmem0_ARLEN     |  out|   32|       m_axi|                                                gmem0|       pointer|
|m_axi_gmem0_ARSIZE    |  out|    3|       m_axi|                                                gmem0|       pointer|
|m_axi_gmem0_ARBURST   |  out|    2|       m_axi|                                                gmem0|       pointer|
|m_axi_gmem0_ARLOCK    |  out|    2|       m_axi|                                                gmem0|       pointer|
|m_axi_gmem0_ARCACHE   |  out|    4|       m_axi|                                                gmem0|       pointer|
|m_axi_gmem0_ARPROT    |  out|    3|       m_axi|                                                gmem0|       pointer|
|m_axi_gmem0_ARQOS     |  out|    4|       m_axi|                                                gmem0|       pointer|
|m_axi_gmem0_ARREGION  |  out|    4|       m_axi|                                                gmem0|       pointer|
|m_axi_gmem0_ARUSER    |  out|    1|       m_axi|                                                gmem0|       pointer|
|m_axi_gmem0_RVALID    |   in|    1|       m_axi|                                                gmem0|       pointer|
|m_axi_gmem0_RREADY    |  out|    1|       m_axi|                                                gmem0|       pointer|
|m_axi_gmem0_RDATA     |   in|  512|       m_axi|                                                gmem0|       pointer|
|m_axi_gmem0_RLAST     |   in|    1|       m_axi|                                                gmem0|       pointer|
|m_axi_gmem0_RID       |   in|    1|       m_axi|                                                gmem0|       pointer|
|m_axi_gmem0_RFIFONUM  |   in|    9|       m_axi|                                                gmem0|       pointer|
|m_axi_gmem0_RUSER     |   in|    1|       m_axi|                                                gmem0|       pointer|
|m_axi_gmem0_RRESP     |   in|    2|       m_axi|                                                gmem0|       pointer|
|m_axi_gmem0_BVALID    |   in|    1|       m_axi|                                                gmem0|       pointer|
|m_axi_gmem0_BREADY    |  out|    1|       m_axi|                                                gmem0|       pointer|
|m_axi_gmem0_BRESP     |   in|    2|       m_axi|                                                gmem0|       pointer|
|m_axi_gmem0_BID       |   in|    1|       m_axi|                                                gmem0|       pointer|
|m_axi_gmem0_BUSER     |   in|    1|       m_axi|                                                gmem0|       pointer|
|v0_address0           |  out|   11|   ap_memory|                                                   v0|         array|
|v0_ce0                |  out|    1|   ap_memory|                                                   v0|         array|
|v0_we0                |  out|    1|   ap_memory|                                                   v0|         array|
|v0_d0                 |  out|   32|   ap_memory|                                                   v0|         array|
|v0_address1           |  out|   11|   ap_memory|                                                   v0|         array|
|v0_ce1                |  out|    1|   ap_memory|                                                   v0|         array|
|v0_we1                |  out|    1|   ap_memory|                                                   v0|         array|
|v0_d1                 |  out|   32|   ap_memory|                                                   v0|         array|
|v0_1_address0         |  out|   11|   ap_memory|                                                 v0_1|         array|
|v0_1_ce0              |  out|    1|   ap_memory|                                                 v0_1|         array|
|v0_1_we0              |  out|    1|   ap_memory|                                                 v0_1|         array|
|v0_1_d0               |  out|   32|   ap_memory|                                                 v0_1|         array|
|v0_1_address1         |  out|   11|   ap_memory|                                                 v0_1|         array|
|v0_1_ce1              |  out|    1|   ap_memory|                                                 v0_1|         array|
|v0_1_we1              |  out|    1|   ap_memory|                                                 v0_1|         array|
|v0_1_d1               |  out|   32|   ap_memory|                                                 v0_1|         array|
|v0_2_address0         |  out|   11|   ap_memory|                                                 v0_2|         array|
|v0_2_ce0              |  out|    1|   ap_memory|                                                 v0_2|         array|
|v0_2_we0              |  out|    1|   ap_memory|                                                 v0_2|         array|
|v0_2_d0               |  out|   32|   ap_memory|                                                 v0_2|         array|
|v0_2_address1         |  out|   11|   ap_memory|                                                 v0_2|         array|
|v0_2_ce1              |  out|    1|   ap_memory|                                                 v0_2|         array|
|v0_2_we1              |  out|    1|   ap_memory|                                                 v0_2|         array|
|v0_2_d1               |  out|   32|   ap_memory|                                                 v0_2|         array|
|v0_3_address0         |  out|   11|   ap_memory|                                                 v0_3|         array|
|v0_3_ce0              |  out|    1|   ap_memory|                                                 v0_3|         array|
|v0_3_we0              |  out|    1|   ap_memory|                                                 v0_3|         array|
|v0_3_d0               |  out|   32|   ap_memory|                                                 v0_3|         array|
|v0_3_address1         |  out|   11|   ap_memory|                                                 v0_3|         array|
|v0_3_ce1              |  out|    1|   ap_memory|                                                 v0_3|         array|
|v0_3_we1              |  out|    1|   ap_memory|                                                 v0_3|         array|
|v0_3_d1               |  out|   32|   ap_memory|                                                 v0_3|         array|
|v0_4_address0         |  out|   11|   ap_memory|                                                 v0_4|         array|
|v0_4_ce0              |  out|    1|   ap_memory|                                                 v0_4|         array|
|v0_4_we0              |  out|    1|   ap_memory|                                                 v0_4|         array|
|v0_4_d0               |  out|   32|   ap_memory|                                                 v0_4|         array|
|v0_4_address1         |  out|   11|   ap_memory|                                                 v0_4|         array|
|v0_4_ce1              |  out|    1|   ap_memory|                                                 v0_4|         array|
|v0_4_we1              |  out|    1|   ap_memory|                                                 v0_4|         array|
|v0_4_d1               |  out|   32|   ap_memory|                                                 v0_4|         array|
|v0_5_address0         |  out|   11|   ap_memory|                                                 v0_5|         array|
|v0_5_ce0              |  out|    1|   ap_memory|                                                 v0_5|         array|
|v0_5_we0              |  out|    1|   ap_memory|                                                 v0_5|         array|
|v0_5_d0               |  out|   32|   ap_memory|                                                 v0_5|         array|
|v0_5_address1         |  out|   11|   ap_memory|                                                 v0_5|         array|
|v0_5_ce1              |  out|    1|   ap_memory|                                                 v0_5|         array|
|v0_5_we1              |  out|    1|   ap_memory|                                                 v0_5|         array|
|v0_5_d1               |  out|   32|   ap_memory|                                                 v0_5|         array|
|v0_6_address0         |  out|   11|   ap_memory|                                                 v0_6|         array|
|v0_6_ce0              |  out|    1|   ap_memory|                                                 v0_6|         array|
|v0_6_we0              |  out|    1|   ap_memory|                                                 v0_6|         array|
|v0_6_d0               |  out|   32|   ap_memory|                                                 v0_6|         array|
|v0_6_address1         |  out|   11|   ap_memory|                                                 v0_6|         array|
|v0_6_ce1              |  out|    1|   ap_memory|                                                 v0_6|         array|
|v0_6_we1              |  out|    1|   ap_memory|                                                 v0_6|         array|
|v0_6_d1               |  out|   32|   ap_memory|                                                 v0_6|         array|
|v0_7_address0         |  out|   11|   ap_memory|                                                 v0_7|         array|
|v0_7_ce0              |  out|    1|   ap_memory|                                                 v0_7|         array|
|v0_7_we0              |  out|    1|   ap_memory|                                                 v0_7|         array|
|v0_7_d0               |  out|   32|   ap_memory|                                                 v0_7|         array|
|v0_7_address1         |  out|   11|   ap_memory|                                                 v0_7|         array|
|v0_7_ce1              |  out|    1|   ap_memory|                                                 v0_7|         array|
|v0_7_we1              |  out|    1|   ap_memory|                                                 v0_7|         array|
|v0_7_d1               |  out|   32|   ap_memory|                                                 v0_7|         array|
|v0_8_address0         |  out|   11|   ap_memory|                                                 v0_8|         array|
|v0_8_ce0              |  out|    1|   ap_memory|                                                 v0_8|         array|
|v0_8_we0              |  out|    1|   ap_memory|                                                 v0_8|         array|
|v0_8_d0               |  out|   32|   ap_memory|                                                 v0_8|         array|
|v0_8_address1         |  out|   11|   ap_memory|                                                 v0_8|         array|
|v0_8_ce1              |  out|    1|   ap_memory|                                                 v0_8|         array|
|v0_8_we1              |  out|    1|   ap_memory|                                                 v0_8|         array|
|v0_8_d1               |  out|   32|   ap_memory|                                                 v0_8|         array|
|v0_9_address0         |  out|   11|   ap_memory|                                                 v0_9|         array|
|v0_9_ce0              |  out|    1|   ap_memory|                                                 v0_9|         array|
|v0_9_we0              |  out|    1|   ap_memory|                                                 v0_9|         array|
|v0_9_d0               |  out|   32|   ap_memory|                                                 v0_9|         array|
|v0_9_address1         |  out|   11|   ap_memory|                                                 v0_9|         array|
|v0_9_ce1              |  out|    1|   ap_memory|                                                 v0_9|         array|
|v0_9_we1              |  out|    1|   ap_memory|                                                 v0_9|         array|
|v0_9_d1               |  out|   32|   ap_memory|                                                 v0_9|         array|
|v0_10_address0        |  out|   11|   ap_memory|                                                v0_10|         array|
|v0_10_ce0             |  out|    1|   ap_memory|                                                v0_10|         array|
|v0_10_we0             |  out|    1|   ap_memory|                                                v0_10|         array|
|v0_10_d0              |  out|   32|   ap_memory|                                                v0_10|         array|
|v0_10_address1        |  out|   11|   ap_memory|                                                v0_10|         array|
|v0_10_ce1             |  out|    1|   ap_memory|                                                v0_10|         array|
|v0_10_we1             |  out|    1|   ap_memory|                                                v0_10|         array|
|v0_10_d1              |  out|   32|   ap_memory|                                                v0_10|         array|
|v0_11_address0        |  out|   11|   ap_memory|                                                v0_11|         array|
|v0_11_ce0             |  out|    1|   ap_memory|                                                v0_11|         array|
|v0_11_we0             |  out|    1|   ap_memory|                                                v0_11|         array|
|v0_11_d0              |  out|   32|   ap_memory|                                                v0_11|         array|
|v0_11_address1        |  out|   11|   ap_memory|                                                v0_11|         array|
|v0_11_ce1             |  out|    1|   ap_memory|                                                v0_11|         array|
|v0_11_we1             |  out|    1|   ap_memory|                                                v0_11|         array|
|v0_11_d1              |  out|   32|   ap_memory|                                                v0_11|         array|
|v0_12_address0        |  out|   11|   ap_memory|                                                v0_12|         array|
|v0_12_ce0             |  out|    1|   ap_memory|                                                v0_12|         array|
|v0_12_we0             |  out|    1|   ap_memory|                                                v0_12|         array|
|v0_12_d0              |  out|   32|   ap_memory|                                                v0_12|         array|
|v0_12_address1        |  out|   11|   ap_memory|                                                v0_12|         array|
|v0_12_ce1             |  out|    1|   ap_memory|                                                v0_12|         array|
|v0_12_we1             |  out|    1|   ap_memory|                                                v0_12|         array|
|v0_12_d1              |  out|   32|   ap_memory|                                                v0_12|         array|
|v0_13_address0        |  out|   11|   ap_memory|                                                v0_13|         array|
|v0_13_ce0             |  out|    1|   ap_memory|                                                v0_13|         array|
|v0_13_we0             |  out|    1|   ap_memory|                                                v0_13|         array|
|v0_13_d0              |  out|   32|   ap_memory|                                                v0_13|         array|
|v0_13_address1        |  out|   11|   ap_memory|                                                v0_13|         array|
|v0_13_ce1             |  out|    1|   ap_memory|                                                v0_13|         array|
|v0_13_we1             |  out|    1|   ap_memory|                                                v0_13|         array|
|v0_13_d1              |  out|   32|   ap_memory|                                                v0_13|         array|
|v0_14_address0        |  out|   11|   ap_memory|                                                v0_14|         array|
|v0_14_ce0             |  out|    1|   ap_memory|                                                v0_14|         array|
|v0_14_we0             |  out|    1|   ap_memory|                                                v0_14|         array|
|v0_14_d0              |  out|   32|   ap_memory|                                                v0_14|         array|
|v0_14_address1        |  out|   11|   ap_memory|                                                v0_14|         array|
|v0_14_ce1             |  out|    1|   ap_memory|                                                v0_14|         array|
|v0_14_we1             |  out|    1|   ap_memory|                                                v0_14|         array|
|v0_14_d1              |  out|   32|   ap_memory|                                                v0_14|         array|
|v0_15_address0        |  out|   11|   ap_memory|                                                v0_15|         array|
|v0_15_ce0             |  out|    1|   ap_memory|                                                v0_15|         array|
|v0_15_we0             |  out|    1|   ap_memory|                                                v0_15|         array|
|v0_15_d0              |  out|   32|   ap_memory|                                                v0_15|         array|
|v0_15_address1        |  out|   11|   ap_memory|                                                v0_15|         array|
|v0_15_ce1             |  out|    1|   ap_memory|                                                v0_15|         array|
|v0_15_we1             |  out|    1|   ap_memory|                                                v0_15|         array|
|v0_15_d1              |  out|   32|   ap_memory|                                                v0_15|         array|
|v0_16_address0        |  out|   11|   ap_memory|                                                v0_16|         array|
|v0_16_ce0             |  out|    1|   ap_memory|                                                v0_16|         array|
|v0_16_we0             |  out|    1|   ap_memory|                                                v0_16|         array|
|v0_16_d0              |  out|   32|   ap_memory|                                                v0_16|         array|
|v0_16_address1        |  out|   11|   ap_memory|                                                v0_16|         array|
|v0_16_ce1             |  out|    1|   ap_memory|                                                v0_16|         array|
|v0_16_we1             |  out|    1|   ap_memory|                                                v0_16|         array|
|v0_16_d1              |  out|   32|   ap_memory|                                                v0_16|         array|
|v0_17_address0        |  out|   11|   ap_memory|                                                v0_17|         array|
|v0_17_ce0             |  out|    1|   ap_memory|                                                v0_17|         array|
|v0_17_we0             |  out|    1|   ap_memory|                                                v0_17|         array|
|v0_17_d0              |  out|   32|   ap_memory|                                                v0_17|         array|
|v0_17_address1        |  out|   11|   ap_memory|                                                v0_17|         array|
|v0_17_ce1             |  out|    1|   ap_memory|                                                v0_17|         array|
|v0_17_we1             |  out|    1|   ap_memory|                                                v0_17|         array|
|v0_17_d1              |  out|   32|   ap_memory|                                                v0_17|         array|
|v0_18_address0        |  out|   11|   ap_memory|                                                v0_18|         array|
|v0_18_ce0             |  out|    1|   ap_memory|                                                v0_18|         array|
|v0_18_we0             |  out|    1|   ap_memory|                                                v0_18|         array|
|v0_18_d0              |  out|   32|   ap_memory|                                                v0_18|         array|
|v0_18_address1        |  out|   11|   ap_memory|                                                v0_18|         array|
|v0_18_ce1             |  out|    1|   ap_memory|                                                v0_18|         array|
|v0_18_we1             |  out|    1|   ap_memory|                                                v0_18|         array|
|v0_18_d1              |  out|   32|   ap_memory|                                                v0_18|         array|
|v0_19_address0        |  out|   11|   ap_memory|                                                v0_19|         array|
|v0_19_ce0             |  out|    1|   ap_memory|                                                v0_19|         array|
|v0_19_we0             |  out|    1|   ap_memory|                                                v0_19|         array|
|v0_19_d0              |  out|   32|   ap_memory|                                                v0_19|         array|
|v0_19_address1        |  out|   11|   ap_memory|                                                v0_19|         array|
|v0_19_ce1             |  out|    1|   ap_memory|                                                v0_19|         array|
|v0_19_we1             |  out|    1|   ap_memory|                                                v0_19|         array|
|v0_19_d1              |  out|   32|   ap_memory|                                                v0_19|         array|
|v0_20_address0        |  out|   11|   ap_memory|                                                v0_20|         array|
|v0_20_ce0             |  out|    1|   ap_memory|                                                v0_20|         array|
|v0_20_we0             |  out|    1|   ap_memory|                                                v0_20|         array|
|v0_20_d0              |  out|   32|   ap_memory|                                                v0_20|         array|
|v0_20_address1        |  out|   11|   ap_memory|                                                v0_20|         array|
|v0_20_ce1             |  out|    1|   ap_memory|                                                v0_20|         array|
|v0_20_we1             |  out|    1|   ap_memory|                                                v0_20|         array|
|v0_20_d1              |  out|   32|   ap_memory|                                                v0_20|         array|
|v0_21_address0        |  out|   11|   ap_memory|                                                v0_21|         array|
|v0_21_ce0             |  out|    1|   ap_memory|                                                v0_21|         array|
|v0_21_we0             |  out|    1|   ap_memory|                                                v0_21|         array|
|v0_21_d0              |  out|   32|   ap_memory|                                                v0_21|         array|
|v0_21_address1        |  out|   11|   ap_memory|                                                v0_21|         array|
|v0_21_ce1             |  out|    1|   ap_memory|                                                v0_21|         array|
|v0_21_we1             |  out|    1|   ap_memory|                                                v0_21|         array|
|v0_21_d1              |  out|   32|   ap_memory|                                                v0_21|         array|
|v0_22_address0        |  out|   11|   ap_memory|                                                v0_22|         array|
|v0_22_ce0             |  out|    1|   ap_memory|                                                v0_22|         array|
|v0_22_we0             |  out|    1|   ap_memory|                                                v0_22|         array|
|v0_22_d0              |  out|   32|   ap_memory|                                                v0_22|         array|
|v0_22_address1        |  out|   11|   ap_memory|                                                v0_22|         array|
|v0_22_ce1             |  out|    1|   ap_memory|                                                v0_22|         array|
|v0_22_we1             |  out|    1|   ap_memory|                                                v0_22|         array|
|v0_22_d1              |  out|   32|   ap_memory|                                                v0_22|         array|
|v0_23_address0        |  out|   11|   ap_memory|                                                v0_23|         array|
|v0_23_ce0             |  out|    1|   ap_memory|                                                v0_23|         array|
|v0_23_we0             |  out|    1|   ap_memory|                                                v0_23|         array|
|v0_23_d0              |  out|   32|   ap_memory|                                                v0_23|         array|
|v0_23_address1        |  out|   11|   ap_memory|                                                v0_23|         array|
|v0_23_ce1             |  out|    1|   ap_memory|                                                v0_23|         array|
|v0_23_we1             |  out|    1|   ap_memory|                                                v0_23|         array|
|v0_23_d1              |  out|   32|   ap_memory|                                                v0_23|         array|
|sext_ln68             |   in|   58|     ap_none|                                            sext_ln68|        scalar|
+----------------------+-----+-----+------------+-----------------------------------------------------+--------------+

