

================================================================
== Vitis HLS Report for 'kernel_nlp_Pipeline_VITIS_LOOP_126_7_VITIS_LOOP_127_8'
================================================================
* Date:           Tue Dec 17 08:46:48 2024

* Version:        2023.2 (Build 4023990 on Oct 11 2023)
* Project:        kernel_nlp
* Solution:       solution (Vitis Kernel Flow Target)
* Product family: virtexuplusHBM
* Target device:  xcu55c-fsvh2892-2L-e


================================================================
== Performance Estimates
================================================================
+ Timing: 
    * Summary: 
    +--------+---------+----------+------------+
    |  Clock |  Target | Estimated| Uncertainty|
    +--------+---------+----------+------------+
    |ap_clk  |  4.00 ns|  2.920 ns|     1.08 ns|
    +--------+---------+----------+------------+

+ Latency: 
    * Summary: 
    +---------+---------+-----------+-----------+-------+-------+---------+
    |  Latency (cycles) |   Latency (absolute)  |    Interval   | Pipeline|
    |   min   |   max   |    min    |    max    |  min  |  max  |   Type  |
    +---------+---------+-----------+-----------+-------+-------+---------+
    |    24013|    24013|  96.052 us|  96.052 us|  24013|  24013|       no|
    +---------+---------+-----------+-----------+-------+-------+---------+

    + Detail: 
        * Instance: 
        N/A

        * Loop: 
        +-------------------------------------+---------+---------+----------+-----------+-----------+------+----------+
        |                                     |  Latency (cycles) | Iteration|  Initiation Interval  | Trip |          |
        |              Loop Name              |   min   |   max   |  Latency |  achieved |   target  | Count| Pipelined|
        +-------------------------------------+---------+---------+----------+-----------+-----------+------+----------+
        |- VITIS_LOOP_126_7_VITIS_LOOP_127_8  |    24011|    24011|        20|          8|          1|  3000|       yes|
        +-------------------------------------+---------+---------+----------+-----------+-----------+------+----------+



================================================================
== Utilization Estimates
================================================================
* Summary: 
+---------------------+---------+------+---------+---------+-----+
|         Name        | BRAM_18K|  DSP |    FF   |   LUT   | URAM|
+---------------------+---------+------+---------+---------+-----+
|DSP                  |        -|     -|        -|        -|    -|
|Expression           |        -|     -|        0|      559|    -|
|FIFO                 |        -|     -|        -|        -|    -|
|Instance             |        -|     0|     3024|     4240|    -|
|Memory               |        -|     -|        -|        -|    -|
|Multiplexer          |        -|     -|        -|     2126|    -|
|Register             |        -|     -|     2056|        -|    -|
+---------------------+---------+------+---------+---------+-----+
|Total                |        0|     0|     5080|     6925|    0|
+---------------------+---------+------+---------+---------+-----+
|Available SLR        |     1344|  3008|   869120|   434560|  320|
+---------------------+---------+------+---------+---------+-----+
|Utilization SLR (%)  |        0|     0|       ~0|        1|    0|
+---------------------+---------+------+---------+---------+-----+
|Available            |     4032|  9024|  2607360|  1303680|  960|
+---------------------+---------+------+---------+---------+-----+
|Utilization (%)      |        0|     0|       ~0|       ~0|    0|
+---------------------+---------+------+---------+---------+-----+

+ Detail: 
    * Instance: 
    +----------------------------+-----------------------+---------+----+-----+-----+-----+
    |          Instance          |         Module        | BRAM_18K| DSP|  FF | LUT | URAM|
    +----------------------------+-----------------------+---------+----+-----+-----+-----+
    |mul_8ns_10ns_17_1_1_U334    |mul_8ns_10ns_17_1_1    |        0|   0|    0|   62|    0|
    |mul_8ns_10ns_17_1_1_U335    |mul_8ns_10ns_17_1_1    |        0|   0|    0|   62|    0|
    |mul_8ns_10ns_17_1_1_U336    |mul_8ns_10ns_17_1_1    |        0|   0|    0|   62|    0|
    |mul_8ns_10ns_17_1_1_U337    |mul_8ns_10ns_17_1_1    |        0|   0|    0|   62|    0|
    |mul_8ns_10ns_17_1_1_U338    |mul_8ns_10ns_17_1_1    |        0|   0|    0|   62|    0|
    |mul_8ns_10ns_17_1_1_U339    |mul_8ns_10ns_17_1_1    |        0|   0|    0|   62|    0|
    |mul_8ns_10ns_17_1_1_U342    |mul_8ns_10ns_17_1_1    |        0|   0|    0|   62|    0|
    |mul_8ns_10ns_17_1_1_U343    |mul_8ns_10ns_17_1_1    |        0|   0|    0|   62|    0|
    |mul_8ns_10ns_17_1_1_U346    |mul_8ns_10ns_17_1_1    |        0|   0|    0|   62|    0|
    |mul_8ns_10ns_17_1_1_U347    |mul_8ns_10ns_17_1_1    |        0|   0|    0|   62|    0|
    |mul_8ns_10ns_17_1_1_U350    |mul_8ns_10ns_17_1_1    |        0|   0|    0|   62|    0|
    |mul_8ns_10ns_17_1_1_U351    |mul_8ns_10ns_17_1_1    |        0|   0|    0|   62|    0|
    |mul_8ns_10ns_17_1_1_U354    |mul_8ns_10ns_17_1_1    |        0|   0|    0|   62|    0|
    |mul_8ns_10ns_17_1_1_U355    |mul_8ns_10ns_17_1_1    |        0|   0|    0|   62|    0|
    |mul_8ns_10ns_17_1_1_U356    |mul_8ns_10ns_17_1_1    |        0|   0|    0|   62|    0|
    |mul_8ns_10ns_17_1_1_U357    |mul_8ns_10ns_17_1_1    |        0|   0|    0|   62|    0|
    |sparsemux_41_5_32_1_1_U340  |sparsemux_41_5_32_1_1  |        0|   0|    0|   97|    0|
    |sparsemux_41_5_32_1_1_U341  |sparsemux_41_5_32_1_1  |        0|   0|    0|   97|    0|
    |sparsemux_41_5_32_1_1_U344  |sparsemux_41_5_32_1_1  |        0|   0|    0|   97|    0|
    |sparsemux_41_5_32_1_1_U345  |sparsemux_41_5_32_1_1  |        0|   0|    0|   97|    0|
    |sparsemux_41_5_32_1_1_U348  |sparsemux_41_5_32_1_1  |        0|   0|    0|   97|    0|
    |sparsemux_41_5_32_1_1_U349  |sparsemux_41_5_32_1_1  |        0|   0|    0|   97|    0|
    |sparsemux_41_5_32_1_1_U352  |sparsemux_41_5_32_1_1  |        0|   0|    0|   97|    0|
    |sparsemux_41_5_32_1_1_U353  |sparsemux_41_5_32_1_1  |        0|   0|    0|   97|    0|
    |sparsemux_41_5_32_1_1_U358  |sparsemux_41_5_32_1_1  |        0|   0|    0|   97|    0|
    |sparsemux_41_5_32_1_1_U359  |sparsemux_41_5_32_1_1  |        0|   0|    0|   97|    0|
    |sparsemux_41_5_32_1_1_U360  |sparsemux_41_5_32_1_1  |        0|   0|    0|   97|    0|
    |sparsemux_41_5_32_1_1_U361  |sparsemux_41_5_32_1_1  |        0|   0|    0|   97|    0|
    |sparsemux_41_5_32_1_1_U362  |sparsemux_41_5_32_1_1  |        0|   0|    0|   97|    0|
    |sparsemux_41_5_32_1_1_U363  |sparsemux_41_5_32_1_1  |        0|   0|    0|   97|    0|
    |sparsemux_41_5_32_1_1_U364  |sparsemux_41_5_32_1_1  |        0|   0|    0|   97|    0|
    |sparsemux_41_5_32_1_1_U365  |sparsemux_41_5_32_1_1  |        0|   0|    0|   97|    0|
    |urem_8ns_6ns_5_12_1_U318    |urem_8ns_6ns_5_12_1    |        0|   0|  189|  106|    0|
    |urem_8ns_6ns_5_12_1_U319    |urem_8ns_6ns_5_12_1    |        0|   0|  189|  106|    0|
    |urem_8ns_6ns_5_12_1_U320    |urem_8ns_6ns_5_12_1    |        0|   0|  189|  106|    0|
    |urem_8ns_6ns_5_12_1_U321    |urem_8ns_6ns_5_12_1    |        0|   0|  189|  106|    0|
    |urem_8ns_6ns_5_12_1_U322    |urem_8ns_6ns_5_12_1    |        0|   0|  189|  106|    0|
    |urem_8ns_6ns_5_12_1_U323    |urem_8ns_6ns_5_12_1    |        0|   0|  189|  106|    0|
    |urem_8ns_6ns_5_12_1_U324    |urem_8ns_6ns_5_12_1    |        0|   0|  189|  106|    0|
    |urem_8ns_6ns_5_12_1_U325    |urem_8ns_6ns_5_12_1    |        0|   0|  189|  106|    0|
    |urem_8ns_6ns_5_12_1_U326    |urem_8ns_6ns_5_12_1    |        0|   0|  189|  106|    0|
    |urem_8ns_6ns_5_12_1_U327    |urem_8ns_6ns_5_12_1    |        0|   0|  189|  106|    0|
    |urem_8ns_6ns_5_12_1_U328    |urem_8ns_6ns_5_12_1    |        0|   0|  189|  106|    0|
    |urem_8ns_6ns_5_12_1_U329    |urem_8ns_6ns_5_12_1    |        0|   0|  189|  106|    0|
    |urem_8ns_6ns_5_12_1_U330    |urem_8ns_6ns_5_12_1    |        0|   0|  189|  106|    0|
    |urem_8ns_6ns_5_12_1_U331    |urem_8ns_6ns_5_12_1    |        0|   0|  189|  106|    0|
    |urem_8ns_6ns_5_12_1_U332    |urem_8ns_6ns_5_12_1    |        0|   0|  189|  106|    0|
    |urem_8ns_6ns_5_12_1_U333    |urem_8ns_6ns_5_12_1    |        0|   0|  189|  106|    0|
    +----------------------------+-----------------------+---------+----+-----+-----+-----+
    |Total                       |                       |        0|   0| 3024| 4240|    0|
    +----------------------------+-----------------------+---------+----+-----+-----+-----+

    * DSP: 
    N/A

    * Memory: 
    N/A

    * FIFO: 
    N/A

    * Expression: 
    +---------------------------+----------+----+---+----+------------+------------+
    |       Variable Name       | Operation| DSP| FF| LUT| Bitwidth P0| Bitwidth P1|
    +---------------------------+----------+----+---+----+------------+------------+
    |add_ln126_1_fu_3153_p2     |         +|   0|  0|  19|          12|           1|
    |add_ln126_fu_3386_p2       |         +|   0|  0|  15|           8|           1|
    |add_ln127_1_fu_3361_p2     |         +|   0|  0|  12|           4|           1|
    |add_ln127_fu_3356_p2       |         +|   0|  0|  15|           8|           5|
    |add_ln131_10_fu_4431_p2    |         +|   0|  0|  19|          12|          12|
    |add_ln131_11_fu_4463_p2    |         +|   0|  0|  19|          12|          12|
    |add_ln131_12_fu_4717_p2    |         +|   0|  0|  19|          12|          12|
    |add_ln131_13_fu_4749_p2    |         +|   0|  0|  19|          12|          12|
    |add_ln131_14_fu_5059_p2    |         +|   0|  0|  19|          12|          12|
    |add_ln131_15_fu_5091_p2    |         +|   0|  0|  19|          12|          12|
    |add_ln131_1_fu_4867_p2     |         +|   0|  0|  19|          12|          12|
    |add_ln131_2_fu_3471_p2     |         +|   0|  0|  19|          12|          12|
    |add_ln131_3_fu_3503_p2     |         +|   0|  0|  19|          12|          12|
    |add_ln131_4_fu_3573_p2     |         +|   0|  0|  19|          12|          12|
    |add_ln131_5_fu_3605_p2     |         +|   0|  0|  19|          12|          12|
    |add_ln131_6_fu_3859_p2     |         +|   0|  0|  19|          12|          12|
    |add_ln131_7_fu_3891_p2     |         +|   0|  0|  19|          12|          12|
    |add_ln131_8_fu_4145_p2     |         +|   0|  0|  19|          12|          12|
    |add_ln131_9_fu_4177_p2     |         +|   0|  0|  19|          12|          12|
    |add_ln131_fu_4839_p2       |         +|   0|  0|  19|          12|          12|
    |sub_ln131_fu_3419_p2       |         -|   0|  0|  19|          12|          12|
    |ap_block_pp0_stage3_11001  |       and|   0|  0|   2|           1|           1|
    |icmp_ln126_fu_3147_p2      |      icmp|   0|  0|  19|          12|          12|
    |icmp_ln127_fu_3165_p2      |      icmp|   0|  0|  12|           4|           2|
    |grp_fu_3191_p0             |        or|   0|  0|   8|           8|           1|
    |grp_fu_3207_p0             |        or|   0|  0|   8|           8|           2|
    |grp_fu_3218_p0             |        or|   0|  0|   8|           8|           2|
    |grp_fu_3229_p0             |        or|   0|  0|   8|           8|           3|
    |grp_fu_3240_p0             |        or|   0|  0|   8|           8|           3|
    |grp_fu_3251_p0             |        or|   0|  0|   8|           8|           3|
    |grp_fu_3262_p0             |        or|   0|  0|   8|           8|           3|
    |grp_fu_3273_p0             |        or|   0|  0|   8|           8|           4|
    |grp_fu_3284_p0             |        or|   0|  0|   8|           8|           4|
    |grp_fu_3295_p0             |        or|   0|  0|   8|           8|           4|
    |grp_fu_3306_p0             |        or|   0|  0|   8|           8|           4|
    |grp_fu_3317_p0             |        or|   0|  0|   8|           8|           4|
    |grp_fu_3328_p0             |        or|   0|  0|   8|           8|           4|
    |grp_fu_3339_p0             |        or|   0|  0|   8|           8|           4|
    |grp_fu_3350_p0             |        or|   0|  0|   8|           8|           4|
    |select_ln126_1_fu_3392_p3  |    select|   0|  0|   8|           1|           8|
    |select_ln126_fu_3171_p3    |    select|   0|  0|   8|           1|           1|
    |select_ln127_fu_3366_p3    |    select|   0|  0|   4|           1|           1|
    |ap_enable_pp0              |       xor|   0|  0|   2|           1|           2|
    +---------------------------+----------+----+---+----+------------+------------+
    |Total                      |          |   0|  0| 559|         377|         288|
    +---------------------------+----------+----+---+----+------------+------------+

    * Multiplexer: 
    +----------------------------------------+----+-----------+-----+-----------+
    |                  Name                  | LUT| Input Size| Bits| Total Bits|
    +----------------------------------------+----+-----------+-----+-----------+
    |ap_NS_fsm                               |  49|          9|    1|          9|
    |ap_done_int                             |   9|          2|    1|          2|
    |ap_enable_reg_pp0_iter0                 |   9|          2|    1|          2|
    |ap_enable_reg_pp0_iter1                 |   9|          2|    1|          2|
    |ap_enable_reg_pp0_iter2                 |   9|          2|    1|          2|
    |ap_loop_exit_ready_pp0_iter1_reg        |   9|          2|    1|          2|
    |ap_sig_allocacmp_indvar44_load          |   9|          2|    4|          8|
    |ap_sig_allocacmp_indvar_flatten13_load  |   9|          2|   12|         24|
    |ap_sig_allocacmp_j_load                 |   9|          2|    8|         16|
    |gmem1_blk_n_W                           |   9|          2|    1|          2|
    |i_fu_198                                |   9|          2|    8|         16|
    |indvar44_fu_194                         |   9|          2|    4|          8|
    |indvar_flatten13_fu_202                 |   9|          2|   12|         24|
    |j_fu_190                                |   9|          2|    8|         16|
    |v20_10_address0                         |  49|          9|   12|        108|
    |v20_10_address1                         |  49|          9|   12|        108|
    |v20_11_address0                         |  49|          9|   12|        108|
    |v20_11_address1                         |  49|          9|   12|        108|
    |v20_12_address0                         |  49|          9|   12|        108|
    |v20_12_address1                         |  49|          9|   12|        108|
    |v20_13_address0                         |  49|          9|   12|        108|
    |v20_13_address1                         |  49|          9|   12|        108|
    |v20_14_address0                         |  49|          9|   12|        108|
    |v20_14_address1                         |  49|          9|   12|        108|
    |v20_15_address0                         |  49|          9|   12|        108|
    |v20_15_address1                         |  49|          9|   12|        108|
    |v20_16_address0                         |  49|          9|   12|        108|
    |v20_16_address1                         |  49|          9|   12|        108|
    |v20_17_address0                         |  49|          9|   12|        108|
    |v20_17_address1                         |  49|          9|   12|        108|
    |v20_18_address0                         |  49|          9|   12|        108|
    |v20_18_address1                         |  49|          9|   12|        108|
    |v20_19_address0                         |  49|          9|   12|        108|
    |v20_19_address1                         |  49|          9|   12|        108|
    |v20_1_address0                          |  49|          9|   12|        108|
    |v20_1_address1                          |  49|          9|   12|        108|
    |v20_2_address0                          |  49|          9|   12|        108|
    |v20_2_address1                          |  49|          9|   12|        108|
    |v20_3_address0                          |  49|          9|   12|        108|
    |v20_3_address1                          |  49|          9|   12|        108|
    |v20_4_address0                          |  49|          9|   12|        108|
    |v20_4_address1                          |  49|          9|   12|        108|
    |v20_5_address0                          |  49|          9|   12|        108|
    |v20_5_address1                          |  49|          9|   12|        108|
    |v20_6_address0                          |  49|          9|   12|        108|
    |v20_6_address1                          |  49|          9|   12|        108|
    |v20_7_address0                          |  49|          9|   12|        108|
    |v20_7_address1                          |  49|          9|   12|        108|
    |v20_8_address0                          |  49|          9|   12|        108|
    |v20_8_address1                          |  49|          9|   12|        108|
    |v20_9_address0                          |  49|          9|   12|        108|
    |v20_9_address1                          |  49|          9|   12|        108|
    |v20_address0                            |  49|          9|   12|        108|
    |v20_address1                            |  49|          9|   12|        108|
    +----------------------------------------+----+-----------+-----+-----------+
    |Total                                   |2126|        395|  543|       4453|
    +----------------------------------------+----+-----------+-----+-----------+

    * Register: 
    +-------------------------------------+----+----+-----+-----------+
    |                 Name                | FF | LUT| Bits| Const Bits|
    +-------------------------------------+----+----+-----+-----------+
    |add_ln131_1_reg_7311                 |  12|   0|   12|          0|
    |add_ln131_reg_7306                   |  12|   0|   12|          0|
    |ap_CS_fsm                            |   8|   0|    8|          0|
    |ap_done_reg                          |   1|   0|    1|          0|
    |ap_enable_reg_pp0_iter0_reg          |   1|   0|    1|          0|
    |ap_enable_reg_pp0_iter1              |   1|   0|    1|          0|
    |ap_enable_reg_pp0_iter2              |   1|   0|    1|          0|
    |ap_loop_exit_ready_pp0_iter1_reg     |   1|   0|    1|          0|
    |i_fu_198                             |   8|   0|    8|          0|
    |icmp_ln126_reg_5840                  |   1|   0|    1|          0|
    |icmp_ln126_reg_5840_pp0_iter1_reg    |   1|   0|    1|          0|
    |icmp_ln127_reg_5849                  |   1|   0|    1|          0|
    |icmp_ln127_reg_5849_pp0_iter1_reg    |   1|   0|    1|          0|
    |indvar44_fu_194                      |   4|   0|    4|          0|
    |indvar44_load_reg_5844               |   4|   0|    4|          0|
    |indvar_flatten13_fu_202              |  12|   0|   12|          0|
    |j_fu_190                             |   8|   0|    8|          0|
    |or_ln131_10_reg_5936                 |   5|   0|    8|          3|
    |or_ln131_11_reg_5942                 |   6|   0|    8|          2|
    |or_ln131_12_reg_5948                 |   5|   0|    8|          3|
    |or_ln131_13_reg_5954                 |   5|   0|    8|          3|
    |or_ln131_14_reg_5960                 |   4|   0|    8|          4|
    |or_ln131_1_reg_5882                  |   7|   0|    8|          1|
    |or_ln131_2_reg_5888                  |   6|   0|    8|          2|
    |or_ln131_3_reg_5894                  |   7|   0|    8|          1|
    |or_ln131_4_reg_5900                  |   6|   0|    8|          2|
    |or_ln131_5_reg_5906                  |   6|   0|    8|          2|
    |or_ln131_6_reg_5912                  |   5|   0|    8|          3|
    |or_ln131_7_reg_5918                  |   7|   0|    8|          1|
    |or_ln131_8_reg_5924                  |   6|   0|    8|          2|
    |or_ln131_9_reg_5930                  |   6|   0|    8|          2|
    |or_ln131_reg_5876                    |   7|   0|    8|          1|
    |or_ln131_reg_5876_pp0_iter1_reg      |   7|   0|    8|          1|
    |reg_2960                             |  32|   0|   32|          0|
    |reg_2964                             |  32|   0|   32|          0|
    |reg_2968                             |  32|   0|   32|          0|
    |reg_2972                             |  32|   0|   32|          0|
    |reg_2976                             |  32|   0|   32|          0|
    |reg_2980                             |  32|   0|   32|          0|
    |reg_2984                             |  32|   0|   32|          0|
    |reg_2988                             |  32|   0|   32|          0|
    |reg_2992                             |  32|   0|   32|          0|
    |reg_2996                             |  32|   0|   32|          0|
    |reg_3000                             |  32|   0|   32|          0|
    |reg_3004                             |  32|   0|   32|          0|
    |reg_3008                             |  32|   0|   32|          0|
    |reg_3012                             |  32|   0|   32|          0|
    |reg_3016                             |  32|   0|   32|          0|
    |reg_3020                             |  32|   0|   32|          0|
    |reg_3024                             |  32|   0|   32|          0|
    |reg_3028                             |  32|   0|   32|          0|
    |reg_3032                             |  32|   0|   32|          0|
    |reg_3036                             |  32|   0|   32|          0|
    |reg_3040                             |  32|   0|   32|          0|
    |reg_3044                             |  32|   0|   32|          0|
    |reg_3048                             |  32|   0|   32|          0|
    |reg_3052                             |  32|   0|   32|          0|
    |reg_3056                             |  32|   0|   32|          0|
    |reg_3060                             |  32|   0|   32|          0|
    |reg_3064                             |  32|   0|   32|          0|
    |reg_3068                             |  32|   0|   32|          0|
    |reg_3072                             |  32|   0|   32|          0|
    |reg_3076                             |  32|   0|   32|          0|
    |reg_3080                             |  32|   0|   32|          0|
    |reg_3084                             |  32|   0|   32|          0|
    |reg_3088                             |  32|   0|   32|          0|
    |reg_3092                             |  32|   0|   32|          0|
    |reg_3096                             |  32|   0|   32|          0|
    |reg_3100                             |  32|   0|   32|          0|
    |reg_3104                             |  32|   0|   32|          0|
    |reg_3108                             |  32|   0|   32|          0|
    |reg_3112                             |  32|   0|   32|          0|
    |reg_3116                             |  32|   0|   32|          0|
    |select_ln126_reg_5855                |   8|   0|    8|          0|
    |select_ln126_reg_5855_pp0_iter1_reg  |   8|   0|    8|          0|
    |sub_ln131_reg_5966                   |  10|   0|   12|          2|
    |tmp_10_reg_7316                      |  32|   0|   32|          0|
    |tmp_11_reg_7321                      |  32|   0|   32|          0|
    |tmp_12_reg_7726                      |  32|   0|   32|          0|
    |tmp_13_reg_7731                      |  32|   0|   32|          0|
    |tmp_14_reg_7746                      |  32|   0|   32|          0|
    |tmp_15_reg_7751                      |  32|   0|   32|          0|
    |tmp_19_reg_5986                      |   4|   0|    4|          0|
    |tmp_1_reg_7741                       |  32|   0|   32|          0|
    |tmp_20_reg_5991                      |   4|   0|    4|          0|
    |tmp_21_reg_6196                      |   4|   0|    4|          0|
    |tmp_22_reg_6201                      |   4|   0|    4|          0|
    |tmp_23_reg_6416                      |   4|   0|    4|          0|
    |tmp_24_reg_6421                      |   4|   0|    4|          0|
    |tmp_25_reg_6636                      |   4|   0|    4|          0|
    |tmp_26_reg_6641                      |   4|   0|    4|          0|
    |tmp_27_reg_6856                      |   4|   0|    4|          0|
    |tmp_28_reg_6861                      |   4|   0|    4|          0|
    |tmp_29_reg_7076                      |   4|   0|    4|          0|
    |tmp_2_reg_6426                       |  32|   0|   32|          0|
    |tmp_30_reg_7081                      |   4|   0|    4|          0|
    |tmp_31_reg_7296                      |   4|   0|    4|          0|
    |tmp_32_reg_7301                      |   4|   0|    4|          0|
    |tmp_3_reg_6431                       |  32|   0|   32|          0|
    |tmp_4_reg_6646                       |  32|   0|   32|          0|
    |tmp_5_reg_6651                       |  32|   0|   32|          0|
    |tmp_6_reg_6866                       |  32|   0|   32|          0|
    |tmp_7_reg_6871                       |  32|   0|   32|          0|
    |tmp_8_reg_7086                       |  32|   0|   32|          0|
    |tmp_9_reg_7091                       |  32|   0|   32|          0|
    |tmp_s_reg_7736                       |  32|   0|   32|          0|
    |urem_ln131_1_reg_6211                |   5|   0|    5|          0|
    |urem_ln131_reg_6206                  |   5|   0|    5|          0|
    +-------------------------------------+----+----+-----+-----------+
    |Total                                |2056|   0| 2091|         35|
    +-------------------------------------+----+----+-----+-----------+



================================================================
== Interface
================================================================
* Summary: 
+----------------------+-----+-----+------------+-------------------------------------------------------+--------------+
|       RTL Ports      | Dir | Bits|  Protocol  |                     Source Object                     |    C Type    |
+----------------------+-----+-----+------------+-------------------------------------------------------+--------------+
|ap_clk                |   in|    1|  ap_ctrl_hs|  kernel_nlp_Pipeline_VITIS_LOOP_126_7_VITIS_LOOP_127_8|  return value|
|ap_rst                |   in|    1|  ap_ctrl_hs|  kernel_nlp_Pipeline_VITIS_LOOP_126_7_VITIS_LOOP_127_8|  return value|
|ap_start              |   in|    1|  ap_ctrl_hs|  kernel_nlp_Pipeline_VITIS_LOOP_126_7_VITIS_LOOP_127_8|  return value|
|ap_done               |  out|    1|  ap_ctrl_hs|  kernel_nlp_Pipeline_VITIS_LOOP_126_7_VITIS_LOOP_127_8|  return value|
|ap_idle               |  out|    1|  ap_ctrl_hs|  kernel_nlp_Pipeline_VITIS_LOOP_126_7_VITIS_LOOP_127_8|  return value|
|ap_ready              |  out|    1|  ap_ctrl_hs|  kernel_nlp_Pipeline_VITIS_LOOP_126_7_VITIS_LOOP_127_8|  return value|
|m_axi_gmem1_AWVALID   |  out|    1|       m_axi|                                                  gmem1|       pointer|
|m_axi_gmem1_AWREADY   |   in|    1|       m_axi|                                                  gmem1|       pointer|
|m_axi_gmem1_AWADDR    |  out|   64|       m_axi|                                                  gmem1|       pointer|
|m_axi_gmem1_AWID      |  out|    1|       m_axi|                                                  gmem1|       pointer|
|m_axi_gmem1_AWLEN     |  out|   32|       m_axi|                                                  gmem1|       pointer|
|m_axi_gmem1_AWSIZE    |  out|    3|       m_axi|                                                  gmem1|       pointer|
|m_axi_gmem1_AWBURST   |  out|    2|       m_axi|                                                  gmem1|       pointer|
|m_axi_gmem1_AWLOCK    |  out|    2|       m_axi|                                                  gmem1|       pointer|
|m_axi_gmem1_AWCACHE   |  out|    4|       m_axi|                                                  gmem1|       pointer|
|m_axi_gmem1_AWPROT    |  out|    3|       m_axi|                                                  gmem1|       pointer|
|m_axi_gmem1_AWQOS     |  out|    4|       m_axi|                                                  gmem1|       pointer|
|m_axi_gmem1_AWREGION  |  out|    4|       m_axi|                                                  gmem1|       pointer|
|m_axi_gmem1_AWUSER    |  out|    1|       m_axi|                                                  gmem1|       pointer|
|m_axi_gmem1_WVALID    |  out|    1|       m_axi|                                                  gmem1|       pointer|
|m_axi_gmem1_WREADY    |   in|    1|       m_axi|                                                  gmem1|       pointer|
|m_axi_gmem1_WDATA     |  out|  512|       m_axi|                                                  gmem1|       pointer|
|m_axi_gmem1_WSTRB     |  out|   64|       m_axi|                                                  gmem1|       pointer|
|m_axi_gmem1_WLAST     |  out|    1|       m_axi|                                                  gmem1|       pointer|
|m_axi_gmem1_WID       |  out|    1|       m_axi|                                                  gmem1|       pointer|
|m_axi_gmem1_WUSER     |  out|    1|       m_axi|                                                  gmem1|       pointer|
|m_axi_gmem1_ARVALID   |  out|    1|       m_axi|                                                  gmem1|       pointer|
|m_axi_gmem1_ARREADY   |   in|    1|       m_axi|                                                  gmem1|       pointer|
|m_axi_gmem1_ARADDR    |  out|   64|       m_axi|                                                  gmem1|       pointer|
|m_axi_gmem1_ARID      |  out|    1|       m_axi|                                                  gmem1|       pointer|
|m_axi_gmem1_ARLEN     |  out|   32|       m_axi|                                                  gmem1|       pointer|
|m_axi_gmem1_ARSIZE    |  out|    3|       m_axi|                                                  gmem1|       pointer|
|m_axi_gmem1_ARBURST   |  out|    2|       m_axi|                                                  gmem1|       pointer|
|m_axi_gmem1_ARLOCK    |  out|    2|       m_axi|                                                  gmem1|       pointer|
|m_axi_gmem1_ARCACHE   |  out|    4|       m_axi|                                                  gmem1|       pointer|
|m_axi_gmem1_ARPROT    |  out|    3|       m_axi|                                                  gmem1|       pointer|
|m_axi_gmem1_ARQOS     |  out|    4|       m_axi|                                                  gmem1|       pointer|
|m_axi_gmem1_ARREGION  |  out|    4|       m_axi|                                                  gmem1|       pointer|
|m_axi_gmem1_ARUSER    |  out|    1|       m_axi|                                                  gmem1|       pointer|
|m_axi_gmem1_RVALID    |   in|    1|       m_axi|                                                  gmem1|       pointer|
|m_axi_gmem1_RREADY    |  out|    1|       m_axi|                                                  gmem1|       pointer|
|m_axi_gmem1_RDATA     |   in|  512|       m_axi|                                                  gmem1|       pointer|
|m_axi_gmem1_RLAST     |   in|    1|       m_axi|                                                  gmem1|       pointer|
|m_axi_gmem1_RID       |   in|    1|       m_axi|                                                  gmem1|       pointer|
|m_axi_gmem1_RFIFONUM  |   in|    9|       m_axi|                                                  gmem1|       pointer|
|m_axi_gmem1_RUSER     |   in|    1|       m_axi|                                                  gmem1|       pointer|
|m_axi_gmem1_RRESP     |   in|    2|       m_axi|                                                  gmem1|       pointer|
|m_axi_gmem1_BVALID    |   in|    1|       m_axi|                                                  gmem1|       pointer|
|m_axi_gmem1_BREADY    |  out|    1|       m_axi|                                                  gmem1|       pointer|
|m_axi_gmem1_BRESP     |   in|    2|       m_axi|                                                  gmem1|       pointer|
|m_axi_gmem1_BID       |   in|    1|       m_axi|                                                  gmem1|       pointer|
|m_axi_gmem1_BUSER     |   in|    1|       m_axi|                                                  gmem1|       pointer|
|sext_ln103            |   in|   58|     ap_none|                                             sext_ln103|        scalar|
|v20_address0          |  out|   12|   ap_memory|                                                    v20|         array|
|v20_ce0               |  out|    1|   ap_memory|                                                    v20|         array|
|v20_q0                |   in|   32|   ap_memory|                                                    v20|         array|
|v20_address1          |  out|   12|   ap_memory|                                                    v20|         array|
|v20_ce1               |  out|    1|   ap_memory|                                                    v20|         array|
|v20_q1                |   in|   32|   ap_memory|                                                    v20|         array|
|v20_1_address0        |  out|   12|   ap_memory|                                                  v20_1|         array|
|v20_1_ce0             |  out|    1|   ap_memory|                                                  v20_1|         array|
|v20_1_q0              |   in|   32|   ap_memory|                                                  v20_1|         array|
|v20_1_address1        |  out|   12|   ap_memory|                                                  v20_1|         array|
|v20_1_ce1             |  out|    1|   ap_memory|                                                  v20_1|         array|
|v20_1_q1              |   in|   32|   ap_memory|                                                  v20_1|         array|
|v20_2_address0        |  out|   12|   ap_memory|                                                  v20_2|         array|
|v20_2_ce0             |  out|    1|   ap_memory|                                                  v20_2|         array|
|v20_2_q0              |   in|   32|   ap_memory|                                                  v20_2|         array|
|v20_2_address1        |  out|   12|   ap_memory|                                                  v20_2|         array|
|v20_2_ce1             |  out|    1|   ap_memory|                                                  v20_2|         array|
|v20_2_q1              |   in|   32|   ap_memory|                                                  v20_2|         array|
|v20_3_address0        |  out|   12|   ap_memory|                                                  v20_3|         array|
|v20_3_ce0             |  out|    1|   ap_memory|                                                  v20_3|         array|
|v20_3_q0              |   in|   32|   ap_memory|                                                  v20_3|         array|
|v20_3_address1        |  out|   12|   ap_memory|                                                  v20_3|         array|
|v20_3_ce1             |  out|    1|   ap_memory|                                                  v20_3|         array|
|v20_3_q1              |   in|   32|   ap_memory|                                                  v20_3|         array|
|v20_4_address0        |  out|   12|   ap_memory|                                                  v20_4|         array|
|v20_4_ce0             |  out|    1|   ap_memory|                                                  v20_4|         array|
|v20_4_q0              |   in|   32|   ap_memory|                                                  v20_4|         array|
|v20_4_address1        |  out|   12|   ap_memory|                                                  v20_4|         array|
|v20_4_ce1             |  out|    1|   ap_memory|                                                  v20_4|         array|
|v20_4_q1              |   in|   32|   ap_memory|                                                  v20_4|         array|
|v20_5_address0        |  out|   12|   ap_memory|                                                  v20_5|         array|
|v20_5_ce0             |  out|    1|   ap_memory|                                                  v20_5|         array|
|v20_5_q0              |   in|   32|   ap_memory|                                                  v20_5|         array|
|v20_5_address1        |  out|   12|   ap_memory|                                                  v20_5|         array|
|v20_5_ce1             |  out|    1|   ap_memory|                                                  v20_5|         array|
|v20_5_q1              |   in|   32|   ap_memory|                                                  v20_5|         array|
|v20_6_address0        |  out|   12|   ap_memory|                                                  v20_6|         array|
|v20_6_ce0             |  out|    1|   ap_memory|                                                  v20_6|         array|
|v20_6_q0              |   in|   32|   ap_memory|                                                  v20_6|         array|
|v20_6_address1        |  out|   12|   ap_memory|                                                  v20_6|         array|
|v20_6_ce1             |  out|    1|   ap_memory|                                                  v20_6|         array|
|v20_6_q1              |   in|   32|   ap_memory|                                                  v20_6|         array|
|v20_7_address0        |  out|   12|   ap_memory|                                                  v20_7|         array|
|v20_7_ce0             |  out|    1|   ap_memory|                                                  v20_7|         array|
|v20_7_q0              |   in|   32|   ap_memory|                                                  v20_7|         array|
|v20_7_address1        |  out|   12|   ap_memory|                                                  v20_7|         array|
|v20_7_ce1             |  out|    1|   ap_memory|                                                  v20_7|         array|
|v20_7_q1              |   in|   32|   ap_memory|                                                  v20_7|         array|
|v20_8_address0        |  out|   12|   ap_memory|                                                  v20_8|         array|
|v20_8_ce0             |  out|    1|   ap_memory|                                                  v20_8|         array|
|v20_8_q0              |   in|   32|   ap_memory|                                                  v20_8|         array|
|v20_8_address1        |  out|   12|   ap_memory|                                                  v20_8|         array|
|v20_8_ce1             |  out|    1|   ap_memory|                                                  v20_8|         array|
|v20_8_q1              |   in|   32|   ap_memory|                                                  v20_8|         array|
|v20_9_address0        |  out|   12|   ap_memory|                                                  v20_9|         array|
|v20_9_ce0             |  out|    1|   ap_memory|                                                  v20_9|         array|
|v20_9_q0              |   in|   32|   ap_memory|                                                  v20_9|         array|
|v20_9_address1        |  out|   12|   ap_memory|                                                  v20_9|         array|
|v20_9_ce1             |  out|    1|   ap_memory|                                                  v20_9|         array|
|v20_9_q1              |   in|   32|   ap_memory|                                                  v20_9|         array|
|v20_10_address0       |  out|   12|   ap_memory|                                                 v20_10|         array|
|v20_10_ce0            |  out|    1|   ap_memory|                                                 v20_10|         array|
|v20_10_q0             |   in|   32|   ap_memory|                                                 v20_10|         array|
|v20_10_address1       |  out|   12|   ap_memory|                                                 v20_10|         array|
|v20_10_ce1            |  out|    1|   ap_memory|                                                 v20_10|         array|
|v20_10_q1             |   in|   32|   ap_memory|                                                 v20_10|         array|
|v20_11_address0       |  out|   12|   ap_memory|                                                 v20_11|         array|
|v20_11_ce0            |  out|    1|   ap_memory|                                                 v20_11|         array|
|v20_11_q0             |   in|   32|   ap_memory|                                                 v20_11|         array|
|v20_11_address1       |  out|   12|   ap_memory|                                                 v20_11|         array|
|v20_11_ce1            |  out|    1|   ap_memory|                                                 v20_11|         array|
|v20_11_q1             |   in|   32|   ap_memory|                                                 v20_11|         array|
|v20_12_address0       |  out|   12|   ap_memory|                                                 v20_12|         array|
|v20_12_ce0            |  out|    1|   ap_memory|                                                 v20_12|         array|
|v20_12_q0             |   in|   32|   ap_memory|                                                 v20_12|         array|
|v20_12_address1       |  out|   12|   ap_memory|                                                 v20_12|         array|
|v20_12_ce1            |  out|    1|   ap_memory|                                                 v20_12|         array|
|v20_12_q1             |   in|   32|   ap_memory|                                                 v20_12|         array|
|v20_13_address0       |  out|   12|   ap_memory|                                                 v20_13|         array|
|v20_13_ce0            |  out|    1|   ap_memory|                                                 v20_13|         array|
|v20_13_q0             |   in|   32|   ap_memory|                                                 v20_13|         array|
|v20_13_address1       |  out|   12|   ap_memory|                                                 v20_13|         array|
|v20_13_ce1            |  out|    1|   ap_memory|                                                 v20_13|         array|
|v20_13_q1             |   in|   32|   ap_memory|                                                 v20_13|         array|
|v20_14_address0       |  out|   12|   ap_memory|                                                 v20_14|         array|
|v20_14_ce0            |  out|    1|   ap_memory|                                                 v20_14|         array|
|v20_14_q0             |   in|   32|   ap_memory|                                                 v20_14|         array|
|v20_14_address1       |  out|   12|   ap_memory|                                                 v20_14|         array|
|v20_14_ce1            |  out|    1|   ap_memory|                                                 v20_14|         array|
|v20_14_q1             |   in|   32|   ap_memory|                                                 v20_14|         array|
|v20_15_address0       |  out|   12|   ap_memory|                                                 v20_15|         array|
|v20_15_ce0            |  out|    1|   ap_memory|                                                 v20_15|         array|
|v20_15_q0             |   in|   32|   ap_memory|                                                 v20_15|         array|
|v20_15_address1       |  out|   12|   ap_memory|                                                 v20_15|         array|
|v20_15_ce1            |  out|    1|   ap_memory|                                                 v20_15|         array|
|v20_15_q1             |   in|   32|   ap_memory|                                                 v20_15|         array|
|v20_16_address0       |  out|   12|   ap_memory|                                                 v20_16|         array|
|v20_16_ce0            |  out|    1|   ap_memory|                                                 v20_16|         array|
|v20_16_q0             |   in|   32|   ap_memory|                                                 v20_16|         array|
|v20_16_address1       |  out|   12|   ap_memory|                                                 v20_16|         array|
|v20_16_ce1            |  out|    1|   ap_memory|                                                 v20_16|         array|
|v20_16_q1             |   in|   32|   ap_memory|                                                 v20_16|         array|
|v20_17_address0       |  out|   12|   ap_memory|                                                 v20_17|         array|
|v20_17_ce0            |  out|    1|   ap_memory|                                                 v20_17|         array|
|v20_17_q0             |   in|   32|   ap_memory|                                                 v20_17|         array|
|v20_17_address1       |  out|   12|   ap_memory|                                                 v20_17|         array|
|v20_17_ce1            |  out|    1|   ap_memory|                                                 v20_17|         array|
|v20_17_q1             |   in|   32|   ap_memory|                                                 v20_17|         array|
|v20_18_address0       |  out|   12|   ap_memory|                                                 v20_18|         array|
|v20_18_ce0            |  out|    1|   ap_memory|                                                 v20_18|         array|
|v20_18_q0             |   in|   32|   ap_memory|                                                 v20_18|         array|
|v20_18_address1       |  out|   12|   ap_memory|                                                 v20_18|         array|
|v20_18_ce1            |  out|    1|   ap_memory|                                                 v20_18|         array|
|v20_18_q1             |   in|   32|   ap_memory|                                                 v20_18|         array|
|v20_19_address0       |  out|   12|   ap_memory|                                                 v20_19|         array|
|v20_19_ce0            |  out|    1|   ap_memory|                                                 v20_19|         array|
|v20_19_q0             |   in|   32|   ap_memory|                                                 v20_19|         array|
|v20_19_address1       |  out|   12|   ap_memory|                                                 v20_19|         array|
|v20_19_ce1            |  out|    1|   ap_memory|                                                 v20_19|         array|
|v20_19_q1             |   in|   32|   ap_memory|                                                 v20_19|         array|
+----------------------+-----+-----+------------+-------------------------------------------------------+--------------+

