Thu Dec  5 15:19:37 2024: Running xcd server. This server was built by gradle.
Thu Dec  5 15:19:37 2024: Server was asked to start on port: '41655'
Thu Dec  5 15:19:37 2024: Server is using token UUID: '33dfadfb-06d7-4191-82cd-6cd20bc56995'
Thu Dec  5 15:19:37 2024: SESSION_MGR: creating session with session uuid: '6d04a3e9-ade5-4ab9-8d63-1f78fcd2ec76' and name 'default'
Thu Dec  5 15:19:37 2024: Attempting to start server on port '41655'
Thu Dec  5 15:19:37 2024: XCD main fifo: created main fifo '/tmp/xcdmain33dfadfb-06d7-4191-82cd-6cd20bc56995', fd read = 14
Thu Dec  5 15:19:37 2024: Running Dispatch Server
Thu Dec  5 15:19:37 2024: Version 2.2.0
Thu Dec  5 15:19:38 2024: Dispatch Server: Accepted socket connection from client
Thu Dec  5 15:19:38 2024: Starting Socket connection
Thu Dec  5 15:19:38 2024: EXCHANGE_TOKEN received, server token: 33dfadfb-06d7-4191-82cd-6cd20bc56995, passed token: 33dfadfb-06d7-4191-82cd-6cd20bc56995
Thu Dec  5 15:19:38 2024: DISPATCH_HANDLER: Adding handler from function makeHandler in library libxv_system_diagram
Thu Dec  5 15:19:38 2024: SESSION_MGR: creating session with session uuid: '0099026e-3092-4bfb-b9ae-8ce2e2b85567' and name 'v++_compile_workload-kernel_nlp_slr0-hw_emu'
Thu Dec  5 15:19:38 2024: KERNEL_SVC: creating session with uuid: '0099026e-3092-4bfb-b9ae-8ce2e2b85567' and name 'v++_compile_workload-kernel_nlp_slr0-hw_emu'
Thu Dec  5 15:19:38 2024: GUIDANCE_SMGR: creating guidance session with uuid: '0099026e-3092-4bfb-b9ae-8ce2e2b85567' and name 'v++_compile_workload-kernel_nlp_slr0-hw_emu'
Thu Dec  5 15:19:38 2024: SYSTEM_DIAGRAM: creating session with uuid: '0099026e-3092-4bfb-b9ae-8ce2e2b85567' and name 'v++_compile_workload-kernel_nlp_slr0-hw_emu'
Thu Dec  5 15:19:51 2024: Dispatch Server: Accepted socket connection from client
Thu Dec  5 15:19:51 2024: Starting Socket connection
Thu Dec  5 15:36:16 2024: SESSION_MGR: closing session for UUID '0099026e-3092-4bfb-b9ae-8ce2e2b85567' with name 'v++_compile_workload-kernel_nlp_slr0-hw_emu'
Thu Dec  5 15:36:16 2024: KERNEL_SVC: closing session for UUID '0099026e-3092-4bfb-b9ae-8ce2e2b85567' with name 'v++_compile_workload-kernel_nlp_slr0-hw_emu'
Thu Dec  5 15:36:16 2024: GUIDANCE_SMGR: closing session for UUID '0099026e-3092-4bfb-b9ae-8ce2e2b85567' with name 'v++_compile_workload-kernel_nlp_slr0-hw_emu'
Thu Dec  5 15:36:16 2024: SYSTEM_DIAGRAM: closing session for UUID '0099026e-3092-4bfb-b9ae-8ce2e2b85567' with name 'v++_compile_workload-kernel_nlp_slr0-hw_emu'
Thu Dec  5 15:36:16 2024: STOP_SERVER received, server token: 33dfadfb-06d7-4191-82cd-6cd20bc56995, passed token: 33dfadfb-06d7-4191-82cd-6cd20bc56995
Thu Dec  5 15:36:16 2024: Socket received request to stop server.
Thu Dec  5 15:36:16 2024: Dispatch Server: do_await_stop
Thu Dec  5 15:36:16 2024: Dispatch Server: stopping mainFifo_
Thu Dec  5 15:36:16 2024: XCD main fifo: Stopping
Thu Dec  5 15:36:16 2024: XCD main fifo: do_read error code: Operation canceled
Thu Dec  5 15:36:16 2024: XCD main fifo: bytes_transferred: 0
Thu Dec  5 15:36:16 2024: SERVER: destructor for server bound to port 41655
Thu Dec  5 15:36:16 2024: XCD main fifo: Good unlink of /tmp/xcdmain33dfadfb-06d7-4191-82cd-6cd20bc56995
Thu Dec  5 15:36:16 2024: Server exiting with status 0.
Thu Dec  5 15:36:16 2024: Closing log file.
Thu Dec  5 15:36:19 2024: Running xcd server. This server was built by gradle.
Thu Dec  5 15:36:19 2024: Server was asked to start on port: '44129'
Thu Dec  5 15:36:19 2024: Server is using token UUID: '8c645287-bb8a-4fbb-8300-9f3b57263239'
Thu Dec  5 15:36:19 2024: SESSION_MGR: creating session with session uuid: '6d04a3e9-ade5-4ab9-8d63-1f78fcd2ec76' and name 'default'
Thu Dec  5 15:36:19 2024: Attempting to start server on port '44129'
Thu Dec  5 15:36:19 2024: XCD main fifo: created main fifo '/tmp/xcdmain8c645287-bb8a-4fbb-8300-9f3b57263239', fd read = 13
Thu Dec  5 15:36:19 2024: Running Dispatch Server
Thu Dec  5 15:36:19 2024: Version 2.2.0
Thu Dec  5 15:36:21 2024: Dispatch Server: Accepted socket connection from client
Thu Dec  5 15:36:21 2024: Starting Socket connection
Thu Dec  5 15:36:21 2024: EXCHANGE_TOKEN received, server token: 8c645287-bb8a-4fbb-8300-9f3b57263239, passed token: 8c645287-bb8a-4fbb-8300-9f3b57263239
Thu Dec  5 15:36:21 2024: DISPATCH_HANDLER: Adding handler from function makeHandler in library libxv_system_diagram
Thu Dec  5 15:36:21 2024: SESSION_MGR: creating session with session uuid: '470fe75f-0fa4-4b66-b2f9-8f5df68d399b' and name 'v++_link_workload-hw_emu'
Thu Dec  5 15:36:21 2024: KERNEL_SVC: creating session with uuid: '470fe75f-0fa4-4b66-b2f9-8f5df68d399b' and name 'v++_link_workload-hw_emu'
Thu Dec  5 15:36:21 2024: GUIDANCE_SMGR: creating guidance session with uuid: '470fe75f-0fa4-4b66-b2f9-8f5df68d399b' and name 'v++_link_workload-hw_emu'
Thu Dec  5 15:36:21 2024: SYSTEM_DIAGRAM: creating session with uuid: '470fe75f-0fa4-4b66-b2f9-8f5df68d399b' and name 'v++_link_workload-hw_emu'
Thu Dec  5 15:36:52 2024: Dispatch Server: Accepted socket connection from client
Thu Dec  5 15:36:52 2024: Starting Socket connection
Thu Dec  5 15:37:06 2024: Dispatch Server: Accepted socket connection from client
Thu Dec  5 15:37:06 2024: Starting Socket connection
Thu Dec  5 15:52:00 2024: SESSION_MGR: closing session for UUID '470fe75f-0fa4-4b66-b2f9-8f5df68d399b' with name 'v++_link_workload-hw_emu'
Thu Dec  5 15:52:00 2024: KERNEL_SVC: closing session for UUID '470fe75f-0fa4-4b66-b2f9-8f5df68d399b' with name 'v++_link_workload-hw_emu'
Thu Dec  5 15:52:00 2024: GUIDANCE_SMGR: closing session for UUID '470fe75f-0fa4-4b66-b2f9-8f5df68d399b' with name 'v++_link_workload-hw_emu'
Thu Dec  5 15:52:00 2024: SYSTEM_DIAGRAM: closing session for UUID '470fe75f-0fa4-4b66-b2f9-8f5df68d399b' with name 'v++_link_workload-hw_emu'
Thu Dec  5 15:52:00 2024: STOP_SERVER received, server token: 8c645287-bb8a-4fbb-8300-9f3b57263239, passed token: 8c645287-bb8a-4fbb-8300-9f3b57263239
Thu Dec  5 15:52:00 2024: Socket received request to stop server.
Thu Dec  5 15:52:00 2024: Dispatch Server: do_await_stop
Thu Dec  5 15:52:00 2024: Dispatch Server: stopping mainFifo_
Thu Dec  5 15:52:00 2024: XCD main fifo: Stopping
Thu Dec  5 15:52:00 2024: XCD main fifo: do_read error code: Operation canceled
Thu Dec  5 15:52:00 2024: XCD main fifo: bytes_transferred: 0
Thu Dec  5 15:52:00 2024: SERVER: destructor for server bound to port 44129
Thu Dec  5 15:52:00 2024: XCD main fifo: Good unlink of /tmp/xcdmain8c645287-bb8a-4fbb-8300-9f3b57263239
Thu Dec  5 15:52:00 2024: Server exiting with status 0.
Thu Dec  5 15:52:00 2024: Closing log file.
