

================================================================
== Vitis HLS Report for 'kernel_nlp_Pipeline_VITIS_LOOP_63_1_VITIS_LOOP_64_2'
================================================================
* Date:           Tue Dec 17 08:43:23 2024

* Version:        2023.2 (Build 4023990 on Oct 11 2023)
* Project:        kernel_nlp
* Solution:       solution (Vitis Kernel Flow Target)
* Product family: virtexuplusHBM
* Target device:  xcu55c-fsvh2892-2L-e


================================================================
== Performance Estimates
================================================================
+ Timing: 
    * Summary: 
    +--------+---------+----------+------------+
    |  Clock |  Target | Estimated| Uncertainty|
    +--------+---------+----------+------------+
    |ap_clk  |  4.00 ns|  2.920 ns|     1.08 ns|
    +--------+---------+----------+------------+

+ Latency: 
    * Summary: 
    +---------+---------+-----------+-----------+-------+-------+---------+
    |  Latency (cycles) |   Latency (absolute)  |    Interval   | Pipeline|
    |   min   |   max   |    min    |    max    |  min  |  max  |   Type  |
    +---------+---------+-----------+-----------+-------+-------+---------+
    |    16013|    16013|  64.052 us|  64.052 us|  16013|  16013|       no|
    +---------+---------+-----------+-----------+-------+-------+---------+

    + Detail: 
        * Instance: 
        N/A

        * Loop: 
        +-----------------------------------+---------+---------+----------+-----------+-----------+------+----------+
        |                                   |  Latency (cycles) | Iteration|  Initiation Interval  | Trip |          |
        |             Loop Name             |   min   |   max   |  Latency |  achieved |   target  | Count| Pipelined|
        +-----------------------------------+---------+---------+----------+-----------+-----------+------+----------+
        |- VITIS_LOOP_63_1_VITIS_LOOP_64_2  |    16011|    16011|        16|          4|          1|  4000|       yes|
        +-----------------------------------+---------+---------+----------+-----------+-----------+------+----------+



================================================================
== Utilization Estimates
================================================================
* Summary: 
+---------------------+---------+------+---------+---------+-----+
|         Name        | BRAM_18K|  DSP |    FF   |   LUT   | URAM|
+---------------------+---------+------+---------+---------+-----+
|DSP                  |        -|     -|        -|        -|    -|
|Expression           |        -|     -|        0|      485|    -|
|FIFO                 |        -|     -|        -|        -|    -|
|Instance             |        -|     0|      189|      208|    -|
|Memory               |        -|     -|        -|        -|    -|
|Multiplexer          |        -|     -|        -|     2205|    -|
|Register             |        -|     -|     1040|       64|    -|
+---------------------+---------+------+---------+---------+-----+
|Total                |        0|     0|     1229|     2962|    0|
+---------------------+---------+------+---------+---------+-----+
|Available SLR        |     1344|  3008|   869120|   434560|  320|
+---------------------+---------+------+---------+---------+-----+
|Utilization SLR (%)  |        0|     0|       ~0|       ~0|    0|
+---------------------+---------+------+---------+---------+-----+
|Available            |     4032|  9024|  2607360|  1303680|  960|
+---------------------+---------+------+---------+---------+-----+
|Utilization (%)      |        0|     0|       ~0|       ~0|    0|
+---------------------+---------+------+---------+---------+-----+

+ Detail: 
    * Instance: 
    +------------------------+---------------------+---------+----+-----+-----+-----+
    |        Instance        |        Module       | BRAM_18K| DSP|  FF | LUT | URAM|
    +------------------------+---------------------+---------+----+-----+-----+-----+
    |mul_5ns_8ns_12_1_1_U3   |mul_5ns_8ns_12_1_1   |        0|   0|    0|   40|    0|
    |mul_8ns_10ns_17_1_1_U2  |mul_8ns_10ns_17_1_1  |        0|   0|    0|   62|    0|
    |urem_8ns_5ns_4_12_1_U1  |urem_8ns_5ns_4_12_1  |        0|   0|  189|  106|    0|
    +------------------------+---------------------+---------+----+-----+-----+-----+
    |Total                   |                     |        0|   0|  189|  208|    0|
    +------------------------+---------------------+---------+----+-----+-----+-----+

    * DSP: 
    N/A

    * Memory: 
    N/A

    * FIFO: 
    N/A

    * Expression: 
    +-------------------------------+----------+----+---+----+------------+------------+
    |         Variable Name         | Operation| DSP| FF| LUT| Bitwidth P0| Bitwidth P1|
    +-------------------------------+----------+----+---+----+------------+------------+
    |add_ln63_1_fu_1745_p2          |         +|   0|  0|  19|          12|           1|
    |add_ln63_fu_1754_p2            |         +|   0|  0|  15|           8|           1|
    |add_ln64_1_fu_1790_p2          |         +|   0|  0|  12|           5|           1|
    |add_ln64_fu_2207_p2            |         +|   0|  0|  16|           9|           5|
    |add_ln68_1_fu_2092_p2          |         +|   0|  0|  19|          12|          12|
    |add_ln68_2_fu_2227_p2          |         +|   0|  0|  19|          12|          12|
    |add_ln68_3_fu_2291_p2          |         +|   0|  0|  19|          12|          12|
    |add_ln68_4_fu_2355_p2          |         +|   0|  0|  19|          12|          12|
    |add_ln68_5_fu_2419_p2          |         +|   0|  0|  19|          12|          12|
    |add_ln68_6_fu_2457_p2          |         +|   0|  0|  19|          12|          12|
    |add_ln68_7_fu_2495_p2          |         +|   0|  0|  19|          12|          12|
    |add_ln68_fu_2027_p2            |         +|   0|  0|  19|          12|          12|
    |ap_block_pp0_stage1_11001      |       and|   0|  0|   2|           1|           1|
    |ap_predicate_pred1001_state15  |       and|   0|  0|   2|           1|           1|
    |ap_predicate_pred709_state15   |       and|   0|  0|   2|           1|           1|
    |ap_predicate_pred716_state16   |       and|   0|  0|   2|           1|           1|
    |ap_predicate_pred724_state16   |       and|   0|  0|   2|           1|           1|
    |ap_predicate_pred735_state15   |       and|   0|  0|   2|           1|           1|
    |ap_predicate_pred748_state15   |       and|   0|  0|   2|           1|           1|
    |ap_predicate_pred753_state16   |       and|   0|  0|   2|           1|           1|
    |ap_predicate_pred758_state16   |       and|   0|  0|   2|           1|           1|
    |ap_predicate_pred763_state15   |       and|   0|  0|   2|           1|           1|
    |ap_predicate_pred776_state15   |       and|   0|  0|   2|           1|           1|
    |ap_predicate_pred781_state16   |       and|   0|  0|   2|           1|           1|
    |ap_predicate_pred786_state16   |       and|   0|  0|   2|           1|           1|
    |ap_predicate_pred791_state15   |       and|   0|  0|   2|           1|           1|
    |ap_predicate_pred804_state15   |       and|   0|  0|   2|           1|           1|
    |ap_predicate_pred809_state16   |       and|   0|  0|   2|           1|           1|
    |ap_predicate_pred814_state16   |       and|   0|  0|   2|           1|           1|
    |ap_predicate_pred819_state15   |       and|   0|  0|   2|           1|           1|
    |ap_predicate_pred832_state15   |       and|   0|  0|   2|           1|           1|
    |ap_predicate_pred837_state16   |       and|   0|  0|   2|           1|           1|
    |ap_predicate_pred842_state16   |       and|   0|  0|   2|           1|           1|
    |ap_predicate_pred847_state15   |       and|   0|  0|   2|           1|           1|
    |ap_predicate_pred860_state15   |       and|   0|  0|   2|           1|           1|
    |ap_predicate_pred865_state16   |       and|   0|  0|   2|           1|           1|
    |ap_predicate_pred870_state16   |       and|   0|  0|   2|           1|           1|
    |ap_predicate_pred875_state15   |       and|   0|  0|   2|           1|           1|
    |ap_predicate_pred888_state15   |       and|   0|  0|   2|           1|           1|
    |ap_predicate_pred893_state16   |       and|   0|  0|   2|           1|           1|
    |ap_predicate_pred898_state16   |       and|   0|  0|   2|           1|           1|
    |ap_predicate_pred903_state15   |       and|   0|  0|   2|           1|           1|
    |ap_predicate_pred916_state15   |       and|   0|  0|   2|           1|           1|
    |ap_predicate_pred921_state16   |       and|   0|  0|   2|           1|           1|
    |ap_predicate_pred926_state16   |       and|   0|  0|   2|           1|           1|
    |ap_predicate_pred931_state15   |       and|   0|  0|   2|           1|           1|
    |ap_predicate_pred943_state15   |       and|   0|  0|   2|           1|           1|
    |ap_predicate_pred948_state16   |       and|   0|  0|   2|           1|           1|
    |ap_predicate_pred953_state16   |       and|   0|  0|   2|           1|           1|
    |ap_predicate_pred958_state15   |       and|   0|  0|   2|           1|           1|
    |ap_predicate_pred986_state15   |       and|   0|  0|   2|           1|           1|
    |ap_predicate_pred991_state16   |       and|   0|  0|   2|           1|           1|
    |ap_predicate_pred996_state16   |       and|   0|  0|   2|           1|           1|
    |icmp_ln63_fu_1739_p2           |      icmp|   0|  0|  19|          12|           8|
    |icmp_ln64_fu_1760_p2           |      icmp|   0|  0|  13|           5|           6|
    |icmp_ln67_1_fu_2162_p2         |      icmp|   0|  0|  15|           8|           4|
    |icmp_ln67_2_fu_2177_p2         |      icmp|   0|  0|  15|           8|           4|
    |icmp_ln67_3_fu_2195_p2         |      icmp|   0|  0|  15|           8|           4|
    |icmp_ln67_fu_2153_p2           |      icmp|   0|  0|  15|           8|           4|
    |or_ln67_1_fu_2218_p2           |        or|   0|  0|   7|           7|           2|
    |or_ln67_2_fu_2282_p2           |        or|   0|  0|   7|           7|           2|
    |or_ln67_3_fu_2346_p2           |        or|   0|  0|   7|           7|           3|
    |or_ln67_4_fu_2147_p2           |        or|   0|  0|   8|           8|           4|
    |or_ln67_5_fu_2410_p2           |        or|   0|  0|   7|           7|           3|
    |or_ln67_6_fu_2171_p2           |        or|   0|  0|   8|           8|           4|
    |or_ln67_7_fu_2448_p2           |        or|   0|  0|   7|           7|           3|
    |or_ln67_8_fu_2189_p2           |        or|   0|  0|   8|           8|           4|
    |or_ln67_9_fu_2486_p2           |        or|   0|  0|   7|           7|           3|
    |or_ln67_fu_2082_p2             |        or|   0|  0|   7|           7|           1|
    |grp_fu_1774_p0                 |    select|   0|  0|   8|           1|           8|
    |select_ln63_fu_2002_p3         |    select|   0|  0|   9|           1|           1|
    |select_ln64_fu_1795_p3         |    select|   0|  0|   5|           1|           1|
    |ap_enable_pp0                  |       xor|   0|  0|   2|           1|           2|
    +-------------------------------+----------+----+---+----+------------+------------+
    |Total                          |          |   0|  0| 485|         297|         216|
    +-------------------------------+----------+----+---+----+------------+------------+

    * Multiplexer: 
    +--------------------------------------+----+-----------+-----+-----------+
    |                 Name                 | LUT| Input Size| Bits| Total Bits|
    +--------------------------------------+----+-----------+-----+-----------+
    |ap_NS_fsm                             |  26|          5|    1|          5|
    |ap_done_int                           |   9|          2|    1|          2|
    |ap_enable_reg_pp0_iter0               |   9|          2|    1|          2|
    |ap_enable_reg_pp0_iter1               |   9|          2|    1|          2|
    |ap_sig_allocacmp_i_load               |   9|          2|    8|         16|
    |ap_sig_allocacmp_indvar_flatten_load  |   9|          2|   12|         24|
    |ap_sig_allocacmp_indvar_load          |   9|          2|    5|         10|
    |gmem2_blk_n_R                         |   9|          2|    1|          2|
    |i_fu_230                              |   9|          2|    8|         16|
    |indvar_flatten_fu_234                 |   9|          2|   12|         24|
    |indvar_fu_226                         |   9|          2|    5|         10|
    |j_fu_222                              |   9|          2|    9|         18|
    |v2_10_address0                        |  26|          5|   12|         60|
    |v2_10_address1                        |  26|          5|   12|         60|
    |v2_10_d0                              |  26|          5|   32|        160|
    |v2_10_d1                              |  26|          5|   32|        160|
    |v2_11_address0                        |  26|          5|   12|         60|
    |v2_11_address1                        |  26|          5|   12|         60|
    |v2_11_d0                              |  26|          5|   32|        160|
    |v2_11_d1                              |  26|          5|   32|        160|
    |v2_12_address0                        |  26|          5|   12|         60|
    |v2_12_address1                        |  26|          5|   12|         60|
    |v2_12_d0                              |  26|          5|   32|        160|
    |v2_12_d1                              |  26|          5|   32|        160|
    |v2_13_address0                        |  26|          5|   12|         60|
    |v2_13_address1                        |  26|          5|   12|         60|
    |v2_13_d0                              |  26|          5|   32|        160|
    |v2_13_d1                              |  26|          5|   32|        160|
    |v2_14_address0                        |  26|          5|   12|         60|
    |v2_14_address1                        |  26|          5|   12|         60|
    |v2_14_d0                              |  26|          5|   32|        160|
    |v2_14_d1                              |  26|          5|   32|        160|
    |v2_15_address0                        |  26|          5|   12|         60|
    |v2_15_address1                        |  26|          5|   12|         60|
    |v2_15_d0                              |  26|          5|   32|        160|
    |v2_15_d1                              |  26|          5|   32|        160|
    |v2_16_address0                        |  26|          5|   12|         60|
    |v2_16_address1                        |  26|          5|   12|         60|
    |v2_16_d0                              |  26|          5|   32|        160|
    |v2_16_d1                              |  26|          5|   32|        160|
    |v2_17_address0                        |  26|          5|   12|         60|
    |v2_17_address1                        |  26|          5|   12|         60|
    |v2_17_d0                              |  26|          5|   32|        160|
    |v2_17_d1                              |  26|          5|   32|        160|
    |v2_18_address0                        |  26|          5|   12|         60|
    |v2_18_address1                        |  26|          5|   12|         60|
    |v2_18_d0                              |  26|          5|   32|        160|
    |v2_18_d1                              |  26|          5|   32|        160|
    |v2_19_address0                        |  26|          5|   12|         60|
    |v2_19_address1                        |  26|          5|   12|         60|
    |v2_19_d0                              |  26|          5|   32|        160|
    |v2_19_d1                              |  26|          5|   32|        160|
    |v2_1_address0                         |  26|          5|   12|         60|
    |v2_1_address1                         |  26|          5|   12|         60|
    |v2_1_d0                               |  26|          5|   32|        160|
    |v2_1_d1                               |  26|          5|   32|        160|
    |v2_2_address0                         |  26|          5|   12|         60|
    |v2_2_address1                         |  26|          5|   12|         60|
    |v2_2_d0                               |  26|          5|   32|        160|
    |v2_2_d1                               |  26|          5|   32|        160|
    |v2_3_address0                         |  26|          5|   12|         60|
    |v2_3_address1                         |  26|          5|   12|         60|
    |v2_3_d0                               |  26|          5|   32|        160|
    |v2_3_d1                               |  26|          5|   32|        160|
    |v2_4_address0                         |  26|          5|   12|         60|
    |v2_4_address1                         |  26|          5|   12|         60|
    |v2_4_d0                               |  26|          5|   32|        160|
    |v2_4_d1                               |  26|          5|   32|        160|
    |v2_5_address0                         |  26|          5|   12|         60|
    |v2_5_address1                         |  26|          5|   12|         60|
    |v2_5_d0                               |  26|          5|   32|        160|
    |v2_5_d1                               |  26|          5|   32|        160|
    |v2_6_address0                         |  26|          5|   12|         60|
    |v2_6_address1                         |  26|          5|   12|         60|
    |v2_6_d0                               |  26|          5|   32|        160|
    |v2_6_d1                               |  26|          5|   32|        160|
    |v2_7_address0                         |  26|          5|   12|         60|
    |v2_7_address1                         |  26|          5|   12|         60|
    |v2_7_d0                               |  26|          5|   32|        160|
    |v2_7_d1                               |  26|          5|   32|        160|
    |v2_8_address0                         |  26|          5|   12|         60|
    |v2_8_address1                         |  26|          5|   12|         60|
    |v2_8_d0                               |  26|          5|   32|        160|
    |v2_8_d1                               |  26|          5|   32|        160|
    |v2_9_address0                         |  26|          5|   12|         60|
    |v2_9_address1                         |  26|          5|   12|         60|
    |v2_9_d0                               |  26|          5|   32|        160|
    |v2_9_d1                               |  26|          5|   32|        160|
    |v2_address0                           |  26|          5|   12|         60|
    |v2_address1                           |  26|          5|   12|         60|
    |v2_d0                                 |  26|          5|   32|        160|
    |v2_d1                                 |  26|          5|   32|        160|
    +--------------------------------------+----+-----------+-----+-----------+
    |Total                                 |2205|        427| 1824|       8931|
    +--------------------------------------+----+-----------+-----+-----------+

    * Register: 
    +-------------------------------------+----+----+-----+-----------+
    |                 Name                | FF | LUT| Bits| Const Bits|
    +-------------------------------------+----+----+-----+-----------+
    |ap_CS_fsm                            |   4|   0|    4|          0|
    |ap_done_reg                          |   1|   0|    1|          0|
    |ap_enable_reg_pp0_iter0_reg          |   1|   0|    1|          0|
    |ap_enable_reg_pp0_iter1              |   1|   0|    1|          0|
    |ap_enable_reg_pp0_iter2              |   1|   0|    1|          0|
    |ap_enable_reg_pp0_iter3              |   1|   0|    1|          0|
    |ap_loop_exit_ready_pp0_iter1_reg     |   1|   0|    1|          0|
    |ap_loop_exit_ready_pp0_iter2_reg     |   1|   0|    1|          0|
    |ap_predicate_pred1001_state15        |   1|   0|    1|          0|
    |ap_predicate_pred709_state15         |   1|   0|    1|          0|
    |ap_predicate_pred716_state16         |   1|   0|    1|          0|
    |ap_predicate_pred724_state16         |   1|   0|    1|          0|
    |ap_predicate_pred735_state15         |   1|   0|    1|          0|
    |ap_predicate_pred748_state15         |   1|   0|    1|          0|
    |ap_predicate_pred753_state16         |   1|   0|    1|          0|
    |ap_predicate_pred758_state16         |   1|   0|    1|          0|
    |ap_predicate_pred763_state15         |   1|   0|    1|          0|
    |ap_predicate_pred776_state15         |   1|   0|    1|          0|
    |ap_predicate_pred781_state16         |   1|   0|    1|          0|
    |ap_predicate_pred786_state16         |   1|   0|    1|          0|
    |ap_predicate_pred791_state15         |   1|   0|    1|          0|
    |ap_predicate_pred804_state15         |   1|   0|    1|          0|
    |ap_predicate_pred809_state16         |   1|   0|    1|          0|
    |ap_predicate_pred814_state16         |   1|   0|    1|          0|
    |ap_predicate_pred819_state15         |   1|   0|    1|          0|
    |ap_predicate_pred832_state15         |   1|   0|    1|          0|
    |ap_predicate_pred837_state16         |   1|   0|    1|          0|
    |ap_predicate_pred842_state16         |   1|   0|    1|          0|
    |ap_predicate_pred847_state15         |   1|   0|    1|          0|
    |ap_predicate_pred860_state15         |   1|   0|    1|          0|
    |ap_predicate_pred865_state16         |   1|   0|    1|          0|
    |ap_predicate_pred870_state16         |   1|   0|    1|          0|
    |ap_predicate_pred875_state15         |   1|   0|    1|          0|
    |ap_predicate_pred888_state15         |   1|   0|    1|          0|
    |ap_predicate_pred893_state16         |   1|   0|    1|          0|
    |ap_predicate_pred898_state16         |   1|   0|    1|          0|
    |ap_predicate_pred903_state15         |   1|   0|    1|          0|
    |ap_predicate_pred916_state15         |   1|   0|    1|          0|
    |ap_predicate_pred921_state16         |   1|   0|    1|          0|
    |ap_predicate_pred926_state16         |   1|   0|    1|          0|
    |ap_predicate_pred931_state15         |   1|   0|    1|          0|
    |ap_predicate_pred943_state15         |   1|   0|    1|          0|
    |ap_predicate_pred948_state16         |   1|   0|    1|          0|
    |ap_predicate_pred953_state16         |   1|   0|    1|          0|
    |ap_predicate_pred958_state15         |   1|   0|    1|          0|
    |ap_predicate_pred986_state15         |   1|   0|    1|          0|
    |ap_predicate_pred991_state16         |   1|   0|    1|          0|
    |ap_predicate_pred996_state16         |   1|   0|    1|          0|
    |bitcast_ln68_10_reg_2693             |  32|   0|   32|          0|
    |bitcast_ln68_11_reg_2711             |  32|   0|   32|          0|
    |bitcast_ln68_12_reg_2729             |  32|   0|   32|          0|
    |bitcast_ln68_13_reg_2743             |  32|   0|   32|          0|
    |bitcast_ln68_14_reg_2761             |  32|   0|   32|          0|
    |bitcast_ln68_15_reg_2775             |  32|   0|   32|          0|
    |i_fu_230                             |   8|   0|    8|          0|
    |icmp_ln63_reg_2562                   |   1|   0|    1|          0|
    |icmp_ln64_reg_2566                   |   1|   0|    1|          0|
    |icmp_ln67_1_reg_2707                 |   1|   0|    1|          0|
    |icmp_ln67_2_reg_2725                 |   1|   0|    1|          0|
    |icmp_ln67_3_reg_2757                 |   1|   0|    1|          0|
    |icmp_ln67_reg_2689                   |   1|   0|    1|          0|
    |indvar_flatten_fu_234                |  12|   0|   12|          0|
    |indvar_fu_226                        |   5|   0|    5|          0|
    |indvar_load_reg_2557                 |   5|   0|    5|          0|
    |indvars_iv220_udiv_reg_2679          |   7|   0|    7|          0|
    |j_fu_222                             |   9|   0|    9|          0|
    |mul_ln68_reg_2583                    |  12|   0|   12|          0|
    |mul_ln68_reg_2583_pp0_iter3_reg      |  12|   0|   12|          0|
    |select_ln63_1_reg_2572               |   8|   0|    8|          0|
    |tmp_reg_2578                         |   5|   0|    5|          0|
    |trunc_ln63_reg_2675                  |   4|   0|    4|          0|
    |trunc_ln65_10_reg_2650               |  32|   0|   32|          0|
    |trunc_ln65_11_reg_2655               |  32|   0|   32|          0|
    |trunc_ln65_12_reg_2660               |  32|   0|   32|          0|
    |trunc_ln65_13_reg_2665               |  32|   0|   32|          0|
    |trunc_ln65_14_reg_2670               |  32|   0|   32|          0|
    |trunc_ln65_1_reg_2600                |  32|   0|   32|          0|
    |trunc_ln65_2_reg_2605                |  32|   0|   32|          0|
    |trunc_ln65_3_reg_2610                |  32|   0|   32|          0|
    |trunc_ln65_4_reg_2615                |  32|   0|   32|          0|
    |trunc_ln65_5_reg_2620                |  32|   0|   32|          0|
    |trunc_ln65_6_reg_2625                |  32|   0|   32|          0|
    |trunc_ln65_7_reg_2630                |  32|   0|   32|          0|
    |trunc_ln65_8_reg_2635                |  32|   0|   32|          0|
    |trunc_ln65_8_reg_2635_pp0_iter3_reg  |  32|   0|   32|          0|
    |trunc_ln65_9_reg_2640                |  32|   0|   32|          0|
    |trunc_ln65_9_reg_2640_pp0_iter3_reg  |  32|   0|   32|          0|
    |trunc_ln65_reg_2595                  |  32|   0|   32|          0|
    |trunc_ln65_s_reg_2645                |  32|   0|   32|          0|
    |icmp_ln64_reg_2566                   |  64|  32|    1|          0|
    |select_ln63_1_reg_2572               |  64|  32|    8|          0|
    +-------------------------------------+----+----+-----+-----------+
    |Total                                |1040|  64|  921|          0|
    +-------------------------------------+----+----+-----+-----------+



================================================================
== Interface
================================================================
* Summary: 
+----------------------+-----+-----+------------+-----------------------------------------------------+--------------+
|       RTL Ports      | Dir | Bits|  Protocol  |                    Source Object                    |    C Type    |
+----------------------+-----+-----+------------+-----------------------------------------------------+--------------+
|ap_clk                |   in|    1|  ap_ctrl_hs|  kernel_nlp_Pipeline_VITIS_LOOP_63_1_VITIS_LOOP_64_2|  return value|
|ap_rst                |   in|    1|  ap_ctrl_hs|  kernel_nlp_Pipeline_VITIS_LOOP_63_1_VITIS_LOOP_64_2|  return value|
|ap_start              |   in|    1|  ap_ctrl_hs|  kernel_nlp_Pipeline_VITIS_LOOP_63_1_VITIS_LOOP_64_2|  return value|
|ap_done               |  out|    1|  ap_ctrl_hs|  kernel_nlp_Pipeline_VITIS_LOOP_63_1_VITIS_LOOP_64_2|  return value|
|ap_idle               |  out|    1|  ap_ctrl_hs|  kernel_nlp_Pipeline_VITIS_LOOP_63_1_VITIS_LOOP_64_2|  return value|
|ap_ready              |  out|    1|  ap_ctrl_hs|  kernel_nlp_Pipeline_VITIS_LOOP_63_1_VITIS_LOOP_64_2|  return value|
|m_axi_gmem2_AWVALID   |  out|    1|       m_axi|                                                gmem2|       pointer|
|m_axi_gmem2_AWREADY   |   in|    1|       m_axi|                                                gmem2|       pointer|
|m_axi_gmem2_AWADDR    |  out|   64|       m_axi|                                                gmem2|       pointer|
|m_axi_gmem2_AWID      |  out|    1|       m_axi|                                                gmem2|       pointer|
|m_axi_gmem2_AWLEN     |  out|   32|       m_axi|                                                gmem2|       pointer|
|m_axi_gmem2_AWSIZE    |  out|    3|       m_axi|                                                gmem2|       pointer|
|m_axi_gmem2_AWBURST   |  out|    2|       m_axi|                                                gmem2|       pointer|
|m_axi_gmem2_AWLOCK    |  out|    2|       m_axi|                                                gmem2|       pointer|
|m_axi_gmem2_AWCACHE   |  out|    4|       m_axi|                                                gmem2|       pointer|
|m_axi_gmem2_AWPROT    |  out|    3|       m_axi|                                                gmem2|       pointer|
|m_axi_gmem2_AWQOS     |  out|    4|       m_axi|                                                gmem2|       pointer|
|m_axi_gmem2_AWREGION  |  out|    4|       m_axi|                                                gmem2|       pointer|
|m_axi_gmem2_AWUSER    |  out|    1|       m_axi|                                                gmem2|       pointer|
|m_axi_gmem2_WVALID    |  out|    1|       m_axi|                                                gmem2|       pointer|
|m_axi_gmem2_WREADY    |   in|    1|       m_axi|                                                gmem2|       pointer|
|m_axi_gmem2_WDATA     |  out|  512|       m_axi|                                                gmem2|       pointer|
|m_axi_gmem2_WSTRB     |  out|   64|       m_axi|                                                gmem2|       pointer|
|m_axi_gmem2_WLAST     |  out|    1|       m_axi|                                                gmem2|       pointer|
|m_axi_gmem2_WID       |  out|    1|       m_axi|                                                gmem2|       pointer|
|m_axi_gmem2_WUSER     |  out|    1|       m_axi|                                                gmem2|       pointer|
|m_axi_gmem2_ARVALID   |  out|    1|       m_axi|                                                gmem2|       pointer|
|m_axi_gmem2_ARREADY   |   in|    1|       m_axi|                                                gmem2|       pointer|
|m_axi_gmem2_ARADDR    |  out|   64|       m_axi|                                                gmem2|       pointer|
|m_axi_gmem2_ARID      |  out|    1|       m_axi|                                                gmem2|       pointer|
|m_axi_gmem2_ARLEN     |  out|   32|       m_axi|                                                gmem2|       pointer|
|m_axi_gmem2_ARSIZE    |  out|    3|       m_axi|                                                gmem2|       pointer|
|m_axi_gmem2_ARBURST   |  out|    2|       m_axi|                                                gmem2|       pointer|
|m_axi_gmem2_ARLOCK    |  out|    2|       m_axi|                                                gmem2|       pointer|
|m_axi_gmem2_ARCACHE   |  out|    4|       m_axi|                                                gmem2|       pointer|
|m_axi_gmem2_ARPROT    |  out|    3|       m_axi|                                                gmem2|       pointer|
|m_axi_gmem2_ARQOS     |  out|    4|       m_axi|                                                gmem2|       pointer|
|m_axi_gmem2_ARREGION  |  out|    4|       m_axi|                                                gmem2|       pointer|
|m_axi_gmem2_ARUSER    |  out|    1|       m_axi|                                                gmem2|       pointer|
|m_axi_gmem2_RVALID    |   in|    1|       m_axi|                                                gmem2|       pointer|
|m_axi_gmem2_RREADY    |  out|    1|       m_axi|                                                gmem2|       pointer|
|m_axi_gmem2_RDATA     |   in|  512|       m_axi|                                                gmem2|       pointer|
|m_axi_gmem2_RLAST     |   in|    1|       m_axi|                                                gmem2|       pointer|
|m_axi_gmem2_RID       |   in|    1|       m_axi|                                                gmem2|       pointer|
|m_axi_gmem2_RFIFONUM  |   in|    9|       m_axi|                                                gmem2|       pointer|
|m_axi_gmem2_RUSER     |   in|    1|       m_axi|                                                gmem2|       pointer|
|m_axi_gmem2_RRESP     |   in|    2|       m_axi|                                                gmem2|       pointer|
|m_axi_gmem2_BVALID    |   in|    1|       m_axi|                                                gmem2|       pointer|
|m_axi_gmem2_BREADY    |  out|    1|       m_axi|                                                gmem2|       pointer|
|m_axi_gmem2_BRESP     |   in|    2|       m_axi|                                                gmem2|       pointer|
|m_axi_gmem2_BID       |   in|    1|       m_axi|                                                gmem2|       pointer|
|m_axi_gmem2_BUSER     |   in|    1|       m_axi|                                                gmem2|       pointer|
|v2_address0           |  out|   12|   ap_memory|                                                   v2|         array|
|v2_ce0                |  out|    1|   ap_memory|                                                   v2|         array|
|v2_we0                |  out|    1|   ap_memory|                                                   v2|         array|
|v2_d0                 |  out|   32|   ap_memory|                                                   v2|         array|
|v2_address1           |  out|   12|   ap_memory|                                                   v2|         array|
|v2_ce1                |  out|    1|   ap_memory|                                                   v2|         array|
|v2_we1                |  out|    1|   ap_memory|                                                   v2|         array|
|v2_d1                 |  out|   32|   ap_memory|                                                   v2|         array|
|v2_1_address0         |  out|   12|   ap_memory|                                                 v2_1|         array|
|v2_1_ce0              |  out|    1|   ap_memory|                                                 v2_1|         array|
|v2_1_we0              |  out|    1|   ap_memory|                                                 v2_1|         array|
|v2_1_d0               |  out|   32|   ap_memory|                                                 v2_1|         array|
|v2_1_address1         |  out|   12|   ap_memory|                                                 v2_1|         array|
|v2_1_ce1              |  out|    1|   ap_memory|                                                 v2_1|         array|
|v2_1_we1              |  out|    1|   ap_memory|                                                 v2_1|         array|
|v2_1_d1               |  out|   32|   ap_memory|                                                 v2_1|         array|
|v2_2_address0         |  out|   12|   ap_memory|                                                 v2_2|         array|
|v2_2_ce0              |  out|    1|   ap_memory|                                                 v2_2|         array|
|v2_2_we0              |  out|    1|   ap_memory|                                                 v2_2|         array|
|v2_2_d0               |  out|   32|   ap_memory|                                                 v2_2|         array|
|v2_2_address1         |  out|   12|   ap_memory|                                                 v2_2|         array|
|v2_2_ce1              |  out|    1|   ap_memory|                                                 v2_2|         array|
|v2_2_we1              |  out|    1|   ap_memory|                                                 v2_2|         array|
|v2_2_d1               |  out|   32|   ap_memory|                                                 v2_2|         array|
|v2_3_address0         |  out|   12|   ap_memory|                                                 v2_3|         array|
|v2_3_ce0              |  out|    1|   ap_memory|                                                 v2_3|         array|
|v2_3_we0              |  out|    1|   ap_memory|                                                 v2_3|         array|
|v2_3_d0               |  out|   32|   ap_memory|                                                 v2_3|         array|
|v2_3_address1         |  out|   12|   ap_memory|                                                 v2_3|         array|
|v2_3_ce1              |  out|    1|   ap_memory|                                                 v2_3|         array|
|v2_3_we1              |  out|    1|   ap_memory|                                                 v2_3|         array|
|v2_3_d1               |  out|   32|   ap_memory|                                                 v2_3|         array|
|v2_4_address0         |  out|   12|   ap_memory|                                                 v2_4|         array|
|v2_4_ce0              |  out|    1|   ap_memory|                                                 v2_4|         array|
|v2_4_we0              |  out|    1|   ap_memory|                                                 v2_4|         array|
|v2_4_d0               |  out|   32|   ap_memory|                                                 v2_4|         array|
|v2_4_address1         |  out|   12|   ap_memory|                                                 v2_4|         array|
|v2_4_ce1              |  out|    1|   ap_memory|                                                 v2_4|         array|
|v2_4_we1              |  out|    1|   ap_memory|                                                 v2_4|         array|
|v2_4_d1               |  out|   32|   ap_memory|                                                 v2_4|         array|
|v2_5_address0         |  out|   12|   ap_memory|                                                 v2_5|         array|
|v2_5_ce0              |  out|    1|   ap_memory|                                                 v2_5|         array|
|v2_5_we0              |  out|    1|   ap_memory|                                                 v2_5|         array|
|v2_5_d0               |  out|   32|   ap_memory|                                                 v2_5|         array|
|v2_5_address1         |  out|   12|   ap_memory|                                                 v2_5|         array|
|v2_5_ce1              |  out|    1|   ap_memory|                                                 v2_5|         array|
|v2_5_we1              |  out|    1|   ap_memory|                                                 v2_5|         array|
|v2_5_d1               |  out|   32|   ap_memory|                                                 v2_5|         array|
|v2_6_address0         |  out|   12|   ap_memory|                                                 v2_6|         array|
|v2_6_ce0              |  out|    1|   ap_memory|                                                 v2_6|         array|
|v2_6_we0              |  out|    1|   ap_memory|                                                 v2_6|         array|
|v2_6_d0               |  out|   32|   ap_memory|                                                 v2_6|         array|
|v2_6_address1         |  out|   12|   ap_memory|                                                 v2_6|         array|
|v2_6_ce1              |  out|    1|   ap_memory|                                                 v2_6|         array|
|v2_6_we1              |  out|    1|   ap_memory|                                                 v2_6|         array|
|v2_6_d1               |  out|   32|   ap_memory|                                                 v2_6|         array|
|v2_7_address0         |  out|   12|   ap_memory|                                                 v2_7|         array|
|v2_7_ce0              |  out|    1|   ap_memory|                                                 v2_7|         array|
|v2_7_we0              |  out|    1|   ap_memory|                                                 v2_7|         array|
|v2_7_d0               |  out|   32|   ap_memory|                                                 v2_7|         array|
|v2_7_address1         |  out|   12|   ap_memory|                                                 v2_7|         array|
|v2_7_ce1              |  out|    1|   ap_memory|                                                 v2_7|         array|
|v2_7_we1              |  out|    1|   ap_memory|                                                 v2_7|         array|
|v2_7_d1               |  out|   32|   ap_memory|                                                 v2_7|         array|
|v2_8_address0         |  out|   12|   ap_memory|                                                 v2_8|         array|
|v2_8_ce0              |  out|    1|   ap_memory|                                                 v2_8|         array|
|v2_8_we0              |  out|    1|   ap_memory|                                                 v2_8|         array|
|v2_8_d0               |  out|   32|   ap_memory|                                                 v2_8|         array|
|v2_8_address1         |  out|   12|   ap_memory|                                                 v2_8|         array|
|v2_8_ce1              |  out|    1|   ap_memory|                                                 v2_8|         array|
|v2_8_we1              |  out|    1|   ap_memory|                                                 v2_8|         array|
|v2_8_d1               |  out|   32|   ap_memory|                                                 v2_8|         array|
|v2_9_address0         |  out|   12|   ap_memory|                                                 v2_9|         array|
|v2_9_ce0              |  out|    1|   ap_memory|                                                 v2_9|         array|
|v2_9_we0              |  out|    1|   ap_memory|                                                 v2_9|         array|
|v2_9_d0               |  out|   32|   ap_memory|                                                 v2_9|         array|
|v2_9_address1         |  out|   12|   ap_memory|                                                 v2_9|         array|
|v2_9_ce1              |  out|    1|   ap_memory|                                                 v2_9|         array|
|v2_9_we1              |  out|    1|   ap_memory|                                                 v2_9|         array|
|v2_9_d1               |  out|   32|   ap_memory|                                                 v2_9|         array|
|v2_10_address0        |  out|   12|   ap_memory|                                                v2_10|         array|
|v2_10_ce0             |  out|    1|   ap_memory|                                                v2_10|         array|
|v2_10_we0             |  out|    1|   ap_memory|                                                v2_10|         array|
|v2_10_d0              |  out|   32|   ap_memory|                                                v2_10|         array|
|v2_10_address1        |  out|   12|   ap_memory|                                                v2_10|         array|
|v2_10_ce1             |  out|    1|   ap_memory|                                                v2_10|         array|
|v2_10_we1             |  out|    1|   ap_memory|                                                v2_10|         array|
|v2_10_d1              |  out|   32|   ap_memory|                                                v2_10|         array|
|v2_11_address0        |  out|   12|   ap_memory|                                                v2_11|         array|
|v2_11_ce0             |  out|    1|   ap_memory|                                                v2_11|         array|
|v2_11_we0             |  out|    1|   ap_memory|                                                v2_11|         array|
|v2_11_d0              |  out|   32|   ap_memory|                                                v2_11|         array|
|v2_11_address1        |  out|   12|   ap_memory|                                                v2_11|         array|
|v2_11_ce1             |  out|    1|   ap_memory|                                                v2_11|         array|
|v2_11_we1             |  out|    1|   ap_memory|                                                v2_11|         array|
|v2_11_d1              |  out|   32|   ap_memory|                                                v2_11|         array|
|v2_12_address0        |  out|   12|   ap_memory|                                                v2_12|         array|
|v2_12_ce0             |  out|    1|   ap_memory|                                                v2_12|         array|
|v2_12_we0             |  out|    1|   ap_memory|                                                v2_12|         array|
|v2_12_d0              |  out|   32|   ap_memory|                                                v2_12|         array|
|v2_12_address1        |  out|   12|   ap_memory|                                                v2_12|         array|
|v2_12_ce1             |  out|    1|   ap_memory|                                                v2_12|         array|
|v2_12_we1             |  out|    1|   ap_memory|                                                v2_12|         array|
|v2_12_d1              |  out|   32|   ap_memory|                                                v2_12|         array|
|v2_13_address0        |  out|   12|   ap_memory|                                                v2_13|         array|
|v2_13_ce0             |  out|    1|   ap_memory|                                                v2_13|         array|
|v2_13_we0             |  out|    1|   ap_memory|                                                v2_13|         array|
|v2_13_d0              |  out|   32|   ap_memory|                                                v2_13|         array|
|v2_13_address1        |  out|   12|   ap_memory|                                                v2_13|         array|
|v2_13_ce1             |  out|    1|   ap_memory|                                                v2_13|         array|
|v2_13_we1             |  out|    1|   ap_memory|                                                v2_13|         array|
|v2_13_d1              |  out|   32|   ap_memory|                                                v2_13|         array|
|v2_14_address0        |  out|   12|   ap_memory|                                                v2_14|         array|
|v2_14_ce0             |  out|    1|   ap_memory|                                                v2_14|         array|
|v2_14_we0             |  out|    1|   ap_memory|                                                v2_14|         array|
|v2_14_d0              |  out|   32|   ap_memory|                                                v2_14|         array|
|v2_14_address1        |  out|   12|   ap_memory|                                                v2_14|         array|
|v2_14_ce1             |  out|    1|   ap_memory|                                                v2_14|         array|
|v2_14_we1             |  out|    1|   ap_memory|                                                v2_14|         array|
|v2_14_d1              |  out|   32|   ap_memory|                                                v2_14|         array|
|v2_15_address0        |  out|   12|   ap_memory|                                                v2_15|         array|
|v2_15_ce0             |  out|    1|   ap_memory|                                                v2_15|         array|
|v2_15_we0             |  out|    1|   ap_memory|                                                v2_15|         array|
|v2_15_d0              |  out|   32|   ap_memory|                                                v2_15|         array|
|v2_15_address1        |  out|   12|   ap_memory|                                                v2_15|         array|
|v2_15_ce1             |  out|    1|   ap_memory|                                                v2_15|         array|
|v2_15_we1             |  out|    1|   ap_memory|                                                v2_15|         array|
|v2_15_d1              |  out|   32|   ap_memory|                                                v2_15|         array|
|v2_16_address0        |  out|   12|   ap_memory|                                                v2_16|         array|
|v2_16_ce0             |  out|    1|   ap_memory|                                                v2_16|         array|
|v2_16_we0             |  out|    1|   ap_memory|                                                v2_16|         array|
|v2_16_d0              |  out|   32|   ap_memory|                                                v2_16|         array|
|v2_16_address1        |  out|   12|   ap_memory|                                                v2_16|         array|
|v2_16_ce1             |  out|    1|   ap_memory|                                                v2_16|         array|
|v2_16_we1             |  out|    1|   ap_memory|                                                v2_16|         array|
|v2_16_d1              |  out|   32|   ap_memory|                                                v2_16|         array|
|v2_17_address0        |  out|   12|   ap_memory|                                                v2_17|         array|
|v2_17_ce0             |  out|    1|   ap_memory|                                                v2_17|         array|
|v2_17_we0             |  out|    1|   ap_memory|                                                v2_17|         array|
|v2_17_d0              |  out|   32|   ap_memory|                                                v2_17|         array|
|v2_17_address1        |  out|   12|   ap_memory|                                                v2_17|         array|
|v2_17_ce1             |  out|    1|   ap_memory|                                                v2_17|         array|
|v2_17_we1             |  out|    1|   ap_memory|                                                v2_17|         array|
|v2_17_d1              |  out|   32|   ap_memory|                                                v2_17|         array|
|v2_18_address0        |  out|   12|   ap_memory|                                                v2_18|         array|
|v2_18_ce0             |  out|    1|   ap_memory|                                                v2_18|         array|
|v2_18_we0             |  out|    1|   ap_memory|                                                v2_18|         array|
|v2_18_d0              |  out|   32|   ap_memory|                                                v2_18|         array|
|v2_18_address1        |  out|   12|   ap_memory|                                                v2_18|         array|
|v2_18_ce1             |  out|    1|   ap_memory|                                                v2_18|         array|
|v2_18_we1             |  out|    1|   ap_memory|                                                v2_18|         array|
|v2_18_d1              |  out|   32|   ap_memory|                                                v2_18|         array|
|v2_19_address0        |  out|   12|   ap_memory|                                                v2_19|         array|
|v2_19_ce0             |  out|    1|   ap_memory|                                                v2_19|         array|
|v2_19_we0             |  out|    1|   ap_memory|                                                v2_19|         array|
|v2_19_d0              |  out|   32|   ap_memory|                                                v2_19|         array|
|v2_19_address1        |  out|   12|   ap_memory|                                                v2_19|         array|
|v2_19_ce1             |  out|    1|   ap_memory|                                                v2_19|         array|
|v2_19_we1             |  out|    1|   ap_memory|                                                v2_19|         array|
|v2_19_d1              |  out|   32|   ap_memory|                                                v2_19|         array|
|sext_ln63             |   in|   58|     ap_none|                                            sext_ln63|        scalar|
+----------------------+-----+-----+------------+-----------------------------------------------------+--------------+

