================================================================
== Design Size Report
================================================================

* Total Instructions per Compilation Phase
+---------------+-----------------------------+--------------+----------------------------------------------------------------------------------------+
| Phase         | Step                        | Instructions | Description                                                                            |
+---------------+-----------------------------+--------------+----------------------------------------------------------------------------------------+
| Compile/Link  |                             |  4,619       | After all functions are compiled and linked into a single design                       |
|               |                             |              |                                                                                        |
| Unroll/Inline |                             |              | After user unroll and inline pragmas are applied                                       |
|               | (1) unroll                  |  4,351       | user unroll pragmas are applied                                                        |
|               | (2) simplification          |  1,833       | simplification of applied user unroll pragmas                                          |
|               | (3) inline                  |  1,748       | user inline pragmas are applied                                                        |
|               | (4) simplification          |  1,736       | simplification of applied user inline pragmas                                          |
|               |                             |              |                                                                                        |
| Array/Struct  |                             |              | After user array partition and struct aggregate/disaggregate pragmas are applied       |
|               | (1) array partition         | 39,647       | user array partition pragmas are applied                                               |
|               | (2) simplification          |  5,906       | simplification of applied user array partition & struct aggregate/disaggregate pragmas |
|               | (3) aggregate/disaggregate  |  6,442       | user struct aggregate/disaggregate pragmas are applied                                 |
|               | (4) array reshape           |  6,766       | apply array reshape pragmas                                                            |
|               | (5) access patterns         |  6,637       | array access pattern optmizations                                                      |
|               |                             |              |                                                                                        |
| Performance   |                             |              | After transformations are applied to meet performance pragma targets                   |
|               | (1) loop simplification     |  6,639       | loop and instruction simplification                                                    |
|               | (2) parallelization         | 26,281       | loops are unrolled or pipelined to meet performance targets                            |
|               | (3) array partition         | 26,261       | arrays are partitioned to meet performance targets                                     |
|               | (4) simplification          | 26,171       | simplification of design after performance transformations                             |
|               |                             |              |                                                                                        |
| HW Transforms |                             |              | After hardware transfomations                                                          |
|               | (1) lowering                | 25,988       | initial conversion to HW specific instructions                                         |
|               | (2) optimizations           | 25,574       | high level synthesis optimizations                                                     |
+---------------+-----------------------------+--------------+----------------------------------------------------------------------------------------+

* Instructions per Function for each Compilation Phase
+--------------+---------------+--------------+---------------+--------------+-------------+---------------+
| Function     | Location      | Compile/Link | Unroll/Inline | Array/Struct | Performance | HW Transforms |
+--------------+---------------+--------------+---------------+--------------+-------------+---------------+
|   kernel_nlp | output.cpp:31 | 4,619        | 1,736         | 6,637        | 26,171      | 25,574        |
+--------------+---------------+--------------+---------------+--------------+-------------+---------------+

* Design Size Message Settings
+---------------------------------------------+--------+------------------------------------------------------------------+
| Message Setting                             | Value  | Description                                                      |
+---------------------------------------------+--------+------------------------------------------------------------------+
| config_compile -design_size_maximum_warning | 100000 | Show a warning when total design instructions exceeds this value |
+---------------------------------------------+--------+------------------------------------------------------------------+


