Fri Jan 10 12:37:27 2025: Running xcd server. This server was built by gradle.
Fri Jan 10 12:37:27 2025: Server was asked to start on port: '39771'
Fri Jan 10 12:37:27 2025: Server is using token UUID: 'ca2a1d4f-99a9-46a0-a8d9-c55f68371c4e'
Fri Jan 10 12:37:27 2025: SESSION_MGR: creating session with session uuid: '6d04a3e9-ade5-4ab9-8d63-1f78fcd2ec76' and name 'default'
Fri Jan 10 12:37:27 2025: Attempting to start server on port '39771'
Fri Jan 10 12:37:27 2025: XCD main fifo: created main fifo '/tmp/xcdmainca2a1d4f-99a9-46a0-a8d9-c55f68371c4e', fd read = 14
Fri Jan 10 12:37:27 2025: Running Dispatch Server
Fri Jan 10 12:37:27 2025: Version 2.2.0
Fri Jan 10 12:37:28 2025: Dispatch Server: Accepted socket connection from client
Fri Jan 10 12:37:28 2025: Starting Socket connection
Fri Jan 10 12:37:28 2025: EXCHANGE_TOKEN received, server token: ca2a1d4f-99a9-46a0-a8d9-c55f68371c4e, passed token: ca2a1d4f-99a9-46a0-a8d9-c55f68371c4e
Fri Jan 10 12:37:28 2025: DISPATCH_HANDLER: Adding handler from function makeHandler in library libxv_system_diagram
Fri Jan 10 12:37:28 2025: SESSION_MGR: creating session with session uuid: 'a3dbdd8b-7a9c-46ae-9b5a-d8fe9b1a4bf7' and name 'v++_compile_workload-kernel_nlp_slr0-hw_emu'
Fri Jan 10 12:37:28 2025: KERNEL_SVC: creating session with uuid: 'a3dbdd8b-7a9c-46ae-9b5a-d8fe9b1a4bf7' and name 'v++_compile_workload-kernel_nlp_slr0-hw_emu'
Fri Jan 10 12:37:28 2025: GUIDANCE_SMGR: creating guidance session with uuid: 'a3dbdd8b-7a9c-46ae-9b5a-d8fe9b1a4bf7' and name 'v++_compile_workload-kernel_nlp_slr0-hw_emu'
Fri Jan 10 12:37:28 2025: SYSTEM_DIAGRAM: creating session with uuid: 'a3dbdd8b-7a9c-46ae-9b5a-d8fe9b1a4bf7' and name 'v++_compile_workload-kernel_nlp_slr0-hw_emu'
Fri Jan 10 12:37:42 2025: Dispatch Server: Accepted socket connection from client
Fri Jan 10 12:37:42 2025: Starting Socket connection
Fri Jan 10 13:01:51 2025: SESSION_MGR: closing session for UUID 'a3dbdd8b-7a9c-46ae-9b5a-d8fe9b1a4bf7' with name 'v++_compile_workload-kernel_nlp_slr0-hw_emu'
Fri Jan 10 13:01:51 2025: KERNEL_SVC: closing session for UUID 'a3dbdd8b-7a9c-46ae-9b5a-d8fe9b1a4bf7' with name 'v++_compile_workload-kernel_nlp_slr0-hw_emu'
Fri Jan 10 13:01:51 2025: GUIDANCE_SMGR: closing session for UUID 'a3dbdd8b-7a9c-46ae-9b5a-d8fe9b1a4bf7' with name 'v++_compile_workload-kernel_nlp_slr0-hw_emu'
Fri Jan 10 13:01:51 2025: SYSTEM_DIAGRAM: closing session for UUID 'a3dbdd8b-7a9c-46ae-9b5a-d8fe9b1a4bf7' with name 'v++_compile_workload-kernel_nlp_slr0-hw_emu'
Fri Jan 10 13:01:51 2025: STOP_SERVER received, server token: ca2a1d4f-99a9-46a0-a8d9-c55f68371c4e, passed token: ca2a1d4f-99a9-46a0-a8d9-c55f68371c4e
Fri Jan 10 13:01:51 2025: Socket received request to stop server.
Fri Jan 10 13:01:51 2025: Dispatch Server: do_await_stop
Fri Jan 10 13:01:51 2025: Dispatch Server: stopping mainFifo_
Fri Jan 10 13:01:51 2025: XCD main fifo: Stopping
Fri Jan 10 13:01:51 2025: XCD main fifo: do_read error code: Operation canceled
Fri Jan 10 13:01:51 2025: XCD main fifo: bytes_transferred: 0
Fri Jan 10 13:01:51 2025: SERVER: destructor for server bound to port 39771
Fri Jan 10 13:01:51 2025: XCD main fifo: Good unlink of /tmp/xcdmainca2a1d4f-99a9-46a0-a8d9-c55f68371c4e
Fri Jan 10 13:01:51 2025: Server exiting with status 0.
Fri Jan 10 13:01:51 2025: Closing log file.
Fri Jan 10 13:01:53 2025: Running xcd server. This server was built by gradle.
Fri Jan 10 13:01:53 2025: Server was asked to start on port: '44513'
Fri Jan 10 13:01:53 2025: Server is using token UUID: '0aa3d068-6cc6-4714-aa75-4b281cc7e2a3'
Fri Jan 10 13:01:53 2025: SESSION_MGR: creating session with session uuid: '6d04a3e9-ade5-4ab9-8d63-1f78fcd2ec76' and name 'default'
Fri Jan 10 13:01:53 2025: Attempting to start server on port '44513'
Fri Jan 10 13:01:53 2025: XCD main fifo: created main fifo '/tmp/xcdmain0aa3d068-6cc6-4714-aa75-4b281cc7e2a3', fd read = 13
Fri Jan 10 13:01:53 2025: Running Dispatch Server
Fri Jan 10 13:01:53 2025: Version 2.2.0
Fri Jan 10 13:01:55 2025: Dispatch Server: Accepted socket connection from client
Fri Jan 10 13:01:55 2025: Starting Socket connection
Fri Jan 10 13:01:55 2025: EXCHANGE_TOKEN received, server token: 0aa3d068-6cc6-4714-aa75-4b281cc7e2a3, passed token: 0aa3d068-6cc6-4714-aa75-4b281cc7e2a3
Fri Jan 10 13:01:55 2025: DISPATCH_HANDLER: Adding handler from function makeHandler in library libxv_system_diagram
Fri Jan 10 13:01:55 2025: SESSION_MGR: creating session with session uuid: 'fed84525-aaf7-4dbd-b5f2-54c761ed3bb9' and name 'v++_link_workload-hw_emu'
Fri Jan 10 13:01:55 2025: KERNEL_SVC: creating session with uuid: 'fed84525-aaf7-4dbd-b5f2-54c761ed3bb9' and name 'v++_link_workload-hw_emu'
Fri Jan 10 13:01:55 2025: GUIDANCE_SMGR: creating guidance session with uuid: 'fed84525-aaf7-4dbd-b5f2-54c761ed3bb9' and name 'v++_link_workload-hw_emu'
Fri Jan 10 13:01:55 2025: SYSTEM_DIAGRAM: creating session with uuid: 'fed84525-aaf7-4dbd-b5f2-54c761ed3bb9' and name 'v++_link_workload-hw_emu'
Fri Jan 10 13:02:26 2025: Dispatch Server: Accepted socket connection from client
Fri Jan 10 13:02:26 2025: Starting Socket connection
Fri Jan 10 13:02:40 2025: Dispatch Server: Accepted socket connection from client
Fri Jan 10 13:02:40 2025: Starting Socket connection
Fri Jan 10 13:22:51 2025: SESSION_MGR: closing session for UUID 'fed84525-aaf7-4dbd-b5f2-54c761ed3bb9' with name 'v++_link_workload-hw_emu'
Fri Jan 10 13:22:51 2025: KERNEL_SVC: closing session for UUID 'fed84525-aaf7-4dbd-b5f2-54c761ed3bb9' with name 'v++_link_workload-hw_emu'
Fri Jan 10 13:22:51 2025: GUIDANCE_SMGR: closing session for UUID 'fed84525-aaf7-4dbd-b5f2-54c761ed3bb9' with name 'v++_link_workload-hw_emu'
Fri Jan 10 13:22:51 2025: SYSTEM_DIAGRAM: closing session for UUID 'fed84525-aaf7-4dbd-b5f2-54c761ed3bb9' with name 'v++_link_workload-hw_emu'
Fri Jan 10 13:22:51 2025: STOP_SERVER received, server token: 0aa3d068-6cc6-4714-aa75-4b281cc7e2a3, passed token: 0aa3d068-6cc6-4714-aa75-4b281cc7e2a3
Fri Jan 10 13:22:51 2025: Socket received request to stop server.
Fri Jan 10 13:22:51 2025: Dispatch Server: do_await_stop
Fri Jan 10 13:22:51 2025: Dispatch Server: stopping mainFifo_
Fri Jan 10 13:22:51 2025: XCD main fifo: Stopping
Fri Jan 10 13:22:51 2025: XCD main fifo: do_read error code: Operation canceled
Fri Jan 10 13:22:51 2025: XCD main fifo: bytes_transferred: 0
Fri Jan 10 13:22:51 2025: SERVER: destructor for server bound to port 44513
Fri Jan 10 13:22:51 2025: XCD main fifo: Good unlink of /tmp/xcdmain0aa3d068-6cc6-4714-aa75-4b281cc7e2a3
Fri Jan 10 13:22:51 2025: Server exiting with status 0.
Fri Jan 10 13:22:51 2025: Closing log file.
