

================================================================
== Vitis HLS Report for 'kernel_nlp_Pipeline_VITIS_LOOP_68_4'
================================================================
* Date:           Tue Dec 17 08:34:28 2024

* Version:        2023.2 (Build 4023990 on Oct 11 2023)
* Project:        kernel_nlp
* Solution:       solution (Vitis Kernel Flow Target)
* Product family: virtexuplusHBM
* Target device:  xcu55c-fsvh2892-2L-e


================================================================
== Performance Estimates
================================================================
+ Timing: 
    * Summary: 
    +--------+---------+----------+------------+
    |  Clock |  Target | Estimated| Uncertainty|
    +--------+---------+----------+------------+
    |ap_clk  |  4.00 ns|  2.920 ns|     1.08 ns|
    +--------+---------+----------+------------+

+ Latency: 
    * Summary: 
    +---------+---------+----------+----------+-----+-----+---------+
    |  Latency (cycles) |  Latency (absolute) |  Interval | Pipeline|
    |   min   |   max   |    min   |    max   | min | max |   Type  |
    +---------+---------+----------+----------+-----+-----+---------+
    |      220|      220|  0.880 us|  0.880 us|  220|  220|       no|
    +---------+---------+----------+----------+-----+-----+---------+

    + Detail: 
        * Instance: 
        N/A

        * Loop: 
        +-------------------+---------+---------+----------+-----------+-----------+------+----------+
        |                   |  Latency (cycles) | Iteration|  Initiation Interval  | Trip |          |
        |     Loop Name     |   min   |   max   |  Latency |  achieved |   target  | Count| Pipelined|
        +-------------------+---------+---------+----------+-----------+-----------+------+----------+
        |- VITIS_LOOP_68_4  |      218|      218|        27|          8|          1|    25|       yes|
        +-------------------+---------+---------+----------+-----------+-----------+------+----------+



================================================================
== Utilization Estimates
================================================================
* Summary: 
+---------------------+---------+------+---------+---------+-----+
|         Name        | BRAM_18K|  DSP |    FF   |   LUT   | URAM|
+---------------------+---------+------+---------+---------+-----+
|DSP                  |        -|     -|        -|        -|    -|
|Expression           |        -|     -|        0|      474|    -|
|FIFO                 |        -|     -|        -|        -|    -|
|Instance             |        -|    15|     3525|     2340|    -|
|Memory               |        -|     -|        -|        -|    -|
|Multiplexer          |        -|     -|        -|     2108|    -|
|Register             |        -|     -|     1273|       96|    -|
+---------------------+---------+------+---------+---------+-----+
|Total                |        0|    15|     4798|     5018|    0|
+---------------------+---------+------+---------+---------+-----+
|Available SLR        |     1344|  3008|   869120|   434560|  320|
+---------------------+---------+------+---------+---------+-----+
|Utilization SLR (%)  |        0|    ~0|       ~0|        1|    0|
+---------------------+---------+------+---------+---------+-----+
|Available            |     4032|  9024|  2607360|  1303680|  960|
+---------------------+---------+------+---------+---------+-----+
|Utilization (%)      |        0|    ~0|       ~0|       ~0|    0|
+---------------------+---------+------+---------+---------+-----+

+ Detail: 
    * Instance: 
    +--------------------------+---------------------+---------+----+-----+-----+-----+
    |         Instance         |        Module       | BRAM_18K| DSP|  FF | LUT | URAM|
    +--------------------------+---------------------+---------+----+-----+-----+-----+
    |mul_9ns_11ns_19_1_1_U148  |mul_9ns_11ns_19_1_1  |        0|   1|    0|    6|    0|
    |mul_9ns_11ns_19_1_1_U149  |mul_9ns_11ns_19_1_1  |        0|   1|    0|    6|    0|
    |mul_9ns_11ns_19_1_1_U150  |mul_9ns_11ns_19_1_1  |        0|   1|    0|    6|    0|
    |mul_9ns_11ns_19_1_1_U151  |mul_9ns_11ns_19_1_1  |        0|   1|    0|    6|    0|
    |mul_9ns_11ns_19_1_1_U152  |mul_9ns_11ns_19_1_1  |        0|   1|    0|    6|    0|
    |mul_9ns_11ns_19_1_1_U153  |mul_9ns_11ns_19_1_1  |        0|   1|    0|    6|    0|
    |mul_9ns_11ns_19_1_1_U154  |mul_9ns_11ns_19_1_1  |        0|   1|    0|    6|    0|
    |mul_9ns_11ns_19_1_1_U155  |mul_9ns_11ns_19_1_1  |        0|   1|    0|    6|    0|
    |mul_9ns_11ns_19_1_1_U156  |mul_9ns_11ns_19_1_1  |        0|   1|    0|    6|    0|
    |mul_9ns_11ns_19_1_1_U157  |mul_9ns_11ns_19_1_1  |        0|   1|    0|    6|    0|
    |mul_9ns_11ns_19_1_1_U158  |mul_9ns_11ns_19_1_1  |        0|   1|    0|    6|    0|
    |mul_9ns_11ns_19_1_1_U159  |mul_9ns_11ns_19_1_1  |        0|   1|    0|    6|    0|
    |mul_9ns_11ns_19_1_1_U160  |mul_9ns_11ns_19_1_1  |        0|   1|    0|    6|    0|
    |mul_9ns_11ns_19_1_1_U161  |mul_9ns_11ns_19_1_1  |        0|   1|    0|    6|    0|
    |mul_9ns_11ns_19_1_1_U168  |mul_9ns_11ns_19_1_1  |        0|   1|    0|    6|    0|
    |urem_9ns_5ns_4_13_1_U139  |urem_9ns_5ns_4_13_1  |        0|   0|  235|  150|    0|
    |urem_9ns_5ns_4_13_1_U140  |urem_9ns_5ns_4_13_1  |        0|   0|  235|  150|    0|
    |urem_9ns_5ns_4_13_1_U141  |urem_9ns_5ns_4_13_1  |        0|   0|  235|  150|    0|
    |urem_9ns_5ns_4_13_1_U142  |urem_9ns_5ns_4_13_1  |        0|   0|  235|  150|    0|
    |urem_9ns_5ns_4_13_1_U143  |urem_9ns_5ns_4_13_1  |        0|   0|  235|  150|    0|
    |urem_9ns_5ns_4_13_1_U144  |urem_9ns_5ns_4_13_1  |        0|   0|  235|  150|    0|
    |urem_9ns_5ns_4_13_1_U145  |urem_9ns_5ns_4_13_1  |        0|   0|  235|  150|    0|
    |urem_9ns_5ns_4_13_1_U146  |urem_9ns_5ns_4_13_1  |        0|   0|  235|  150|    0|
    |urem_9ns_5ns_4_13_1_U147  |urem_9ns_5ns_4_13_1  |        0|   0|  235|  150|    0|
    |urem_9ns_5ns_4_13_1_U162  |urem_9ns_5ns_4_13_1  |        0|   0|  235|  150|    0|
    |urem_9ns_5ns_4_13_1_U163  |urem_9ns_5ns_4_13_1  |        0|   0|  235|  150|    0|
    |urem_9ns_5ns_4_13_1_U164  |urem_9ns_5ns_4_13_1  |        0|   0|  235|  150|    0|
    |urem_9ns_5ns_4_13_1_U165  |urem_9ns_5ns_4_13_1  |        0|   0|  235|  150|    0|
    |urem_9ns_5ns_4_13_1_U166  |urem_9ns_5ns_4_13_1  |        0|   0|  235|  150|    0|
    |urem_9ns_5ns_4_13_1_U167  |urem_9ns_5ns_4_13_1  |        0|   0|  235|  150|    0|
    +--------------------------+---------------------+---------+----+-----+-----+-----+
    |Total                     |                     |        0|  15| 3525| 2340|    0|
    +--------------------------+---------------------+---------+----+-----+-----+-----+

    * DSP: 
    N/A

    * Memory: 
    N/A

    * FIFO: 
    N/A

    * Expression: 
    +----------------------------------+----------+----+---+----+------------+------------+
    |           Variable Name          | Operation| DSP| FF| LUT| Bitwidth P0| Bitwidth P1|
    +----------------------------------+----------+----+---+----+------------+------------+
    |add_ln68_1_fu_1615_p2             |         +|   0|  0|  12|           5|           1|
    |add_ln68_fu_1757_p2               |         +|   0|  0|  16|           9|           5|
    |add_ln71_fu_2586_p2               |         +|   0|  0|  13|           6|           1|
    |ap_block_pp0_stage1_11001         |       and|   0|  0|   2|           1|           1|
    |ap_block_state7_pp0_stage1_iter1  |       and|   0|  0|   2|           1|           1|
    |ap_predicate_pred1004_state20     |       and|   0|  0|   2|           1|           1|
    |ap_predicate_pred1010_state20     |       and|   0|  0|   2|           1|           1|
    |ap_predicate_pred1016_state21     |       and|   0|  0|   2|           1|           1|
    |ap_predicate_pred1022_state21     |       and|   0|  0|   2|           1|           1|
    |ap_predicate_pred1028_state27     |       and|   0|  0|   2|           1|           1|
    |ap_predicate_pred1066_state19     |       and|   0|  0|   2|           1|           1|
    |ap_predicate_pred1072_state20     |       and|   0|  0|   2|           1|           1|
    |ap_predicate_pred1078_state20     |       and|   0|  0|   2|           1|           1|
    |ap_predicate_pred1084_state21     |       and|   0|  0|   2|           1|           1|
    |ap_predicate_pred1090_state21     |       and|   0|  0|   2|           1|           1|
    |ap_predicate_pred1096_state27     |       and|   0|  0|   2|           1|           1|
    |ap_predicate_pred1134_state19     |       and|   0|  0|   2|           1|           1|
    |ap_predicate_pred1140_state20     |       and|   0|  0|   2|           1|           1|
    |ap_predicate_pred1146_state20     |       and|   0|  0|   2|           1|           1|
    |ap_predicate_pred1152_state21     |       and|   0|  0|   2|           1|           1|
    |ap_predicate_pred1158_state21     |       and|   0|  0|   2|           1|           1|
    |ap_predicate_pred1164_state27     |       and|   0|  0|   2|           1|           1|
    |ap_predicate_pred1202_state19     |       and|   0|  0|   2|           1|           1|
    |ap_predicate_pred1208_state20     |       and|   0|  0|   2|           1|           1|
    |ap_predicate_pred1214_state20     |       and|   0|  0|   2|           1|           1|
    |ap_predicate_pred1220_state21     |       and|   0|  0|   2|           1|           1|
    |ap_predicate_pred1226_state21     |       and|   0|  0|   2|           1|           1|
    |ap_predicate_pred1232_state27     |       and|   0|  0|   2|           1|           1|
    |ap_predicate_pred1270_state19     |       and|   0|  0|   2|           1|           1|
    |ap_predicate_pred1276_state20     |       and|   0|  0|   2|           1|           1|
    |ap_predicate_pred1282_state20     |       and|   0|  0|   2|           1|           1|
    |ap_predicate_pred1288_state21     |       and|   0|  0|   2|           1|           1|
    |ap_predicate_pred1294_state21     |       and|   0|  0|   2|           1|           1|
    |ap_predicate_pred1300_state27     |       and|   0|  0|   2|           1|           1|
    |ap_predicate_pred1338_state19     |       and|   0|  0|   2|           1|           1|
    |ap_predicate_pred1344_state20     |       and|   0|  0|   2|           1|           1|
    |ap_predicate_pred1350_state20     |       and|   0|  0|   2|           1|           1|
    |ap_predicate_pred1356_state21     |       and|   0|  0|   2|           1|           1|
    |ap_predicate_pred1362_state21     |       and|   0|  0|   2|           1|           1|
    |ap_predicate_pred1368_state27     |       and|   0|  0|   2|           1|           1|
    |ap_predicate_pred1405_state19     |       and|   0|  0|   2|           1|           1|
    |ap_predicate_pred1411_state20     |       and|   0|  0|   2|           1|           1|
    |ap_predicate_pred1417_state20     |       and|   0|  0|   2|           1|           1|
    |ap_predicate_pred1423_state21     |       and|   0|  0|   2|           1|           1|
    |ap_predicate_pred1429_state21     |       and|   0|  0|   2|           1|           1|
    |ap_predicate_pred1435_state27     |       and|   0|  0|   2|           1|           1|
    |ap_predicate_pred1632_state19     |       and|   0|  0|   2|           1|           1|
    |ap_predicate_pred1654_state20     |       and|   0|  0|   2|           1|           1|
    |ap_predicate_pred1676_state20     |       and|   0|  0|   2|           1|           1|
    |ap_predicate_pred1698_state21     |       and|   0|  0|   2|           1|           1|
    |ap_predicate_pred1720_state21     |       and|   0|  0|   2|           1|           1|
    |ap_predicate_pred1742_state27     |       and|   0|  0|   2|           1|           1|
    |ap_predicate_pred847_state19      |       and|   0|  0|   2|           1|           1|
    |ap_predicate_pred856_state20      |       and|   0|  0|   2|           1|           1|
    |ap_predicate_pred864_state20      |       and|   0|  0|   2|           1|           1|
    |ap_predicate_pred873_state21      |       and|   0|  0|   2|           1|           1|
    |ap_predicate_pred881_state21      |       and|   0|  0|   2|           1|           1|
    |ap_predicate_pred890_state27      |       and|   0|  0|   2|           1|           1|
    |ap_predicate_pred930_state19      |       and|   0|  0|   2|           1|           1|
    |ap_predicate_pred936_state20      |       and|   0|  0|   2|           1|           1|
    |ap_predicate_pred942_state20      |       and|   0|  0|   2|           1|           1|
    |ap_predicate_pred948_state21      |       and|   0|  0|   2|           1|           1|
    |ap_predicate_pred954_state21      |       and|   0|  0|   2|           1|           1|
    |ap_predicate_pred960_state27      |       and|   0|  0|   2|           1|           1|
    |ap_predicate_pred998_state19      |       and|   0|  0|   2|           1|           1|
    |icmp_ln68_fu_1609_p2              |      icmp|   0|  0|  12|           5|           4|
    |icmp_ln71_1_fu_2562_p2            |      icmp|   0|  0|  16|           9|           8|
    |icmp_ln71_2_fu_2580_p2            |      icmp|   0|  0|  16|           9|           8|
    |icmp_ln71_3_fu_1666_p2            |      icmp|   0|  0|  16|           9|           8|
    |icmp_ln71_4_fu_2130_p2            |      icmp|   0|  0|  16|           9|           8|
    |icmp_ln71_5_fu_1683_p2            |      icmp|   0|  0|  16|           9|           8|
    |icmp_ln71_6_fu_1700_p2            |      icmp|   0|  0|  16|           9|           8|
    |icmp_ln71_7_fu_1717_p2            |      icmp|   0|  0|  16|           9|           8|
    |icmp_ln71_8_fu_1734_p2            |      icmp|   0|  0|  16|           9|           8|
    |icmp_ln71_9_fu_1751_p2            |      icmp|   0|  0|  16|           9|           8|
    |icmp_ln71_fu_2544_p2              |      icmp|   0|  0|  16|           9|           8|
    |grp_fu_1627_p0                    |        or|   0|  0|   9|           9|           1|
    |grp_fu_1639_p0                    |        or|   0|  0|   9|           9|           2|
    |grp_fu_2501_p0                    |        or|   0|  0|   9|           9|           2|
    |grp_fu_2513_p0                    |        or|   0|  0|   9|           9|           3|
    |grp_fu_2525_p0                    |        or|   0|  0|   9|           9|           3|
    |or_ln71_10_fu_1672_p2             |        or|   0|  0|   9|           9|           4|
    |or_ln71_11_fu_1689_p2             |        or|   0|  0|   9|           9|           4|
    |or_ln71_12_fu_1706_p2             |        or|   0|  0|   9|           9|           4|
    |or_ln71_13_fu_1723_p2             |        or|   0|  0|   9|           9|           4|
    |or_ln71_14_fu_1740_p2             |        or|   0|  0|   9|           9|           4|
    |or_ln71_5_fu_2532_p2              |        or|   0|  0|   9|           9|           3|
    |or_ln71_6_fu_2550_p2              |        or|   0|  0|   9|           9|           3|
    |or_ln71_7_fu_2568_p2              |        or|   0|  0|   9|           9|           4|
    |or_ln71_8_fu_1655_p2              |        or|   0|  0|   9|           9|           4|
    |or_ln71_9_fu_2125_p2              |        or|   0|  0|   9|           9|           4|
    |ap_enable_pp0                     |       xor|   0|  0|   2|           1|           2|
    +----------------------------------+----------+----+---+----+------------+------------+
    |Total                             |          |   0|  0| 474|         313|         204|
    +----------------------------------+----------+----+---+----+------------+------------+

    * Multiplexer: 
    +----------------------------------+----+-----------+-----+-----------+
    |               Name               | LUT| Input Size| Bits| Total Bits|
    +----------------------------------+----+-----------+-----+-----------+
    |ap_NS_fsm                         |  49|          9|    1|          9|
    |ap_done_int                       |   9|          2|    1|          2|
    |ap_enable_reg_pp0_iter0           |   9|          2|    1|          2|
    |ap_enable_reg_pp0_iter1           |   9|          2|    1|          2|
    |ap_enable_reg_pp0_iter3           |   9|          2|    1|          2|
    |ap_loop_exit_ready_pp0_iter1_reg  |   9|          2|    1|          2|
    |ap_loop_exit_ready_pp0_iter2_reg  |   9|          2|    1|          2|
    |ap_sig_allocacmp_i                |   9|          2|    9|         18|
    |ap_sig_allocacmp_indvar116_load   |   9|          2|    5|         10|
    |gmem1_blk_n_R                     |   9|          2|    1|          2|
    |i_1_fu_200                        |   9|          2|    9|         18|
    |indvar116_fu_204                  |   9|          2|    5|         10|
    |v1_1_address0                     |  49|          9|    6|         54|
    |v1_1_address1                     |  49|          9|    6|         54|
    |v1_1_d0                           |  49|          9|   32|        288|
    |v1_1_d1                           |  49|          9|   32|        288|
    |v1_2_address0                     |  49|          9|    6|         54|
    |v1_2_address1                     |  49|          9|    6|         54|
    |v1_2_d0                           |  49|          9|   32|        288|
    |v1_2_d1                           |  49|          9|   32|        288|
    |v1_3_address0                     |  49|          9|    6|         54|
    |v1_3_address1                     |  49|          9|    6|         54|
    |v1_3_d0                           |  49|          9|   32|        288|
    |v1_3_d1                           |  49|          9|   32|        288|
    |v1_4_address0                     |  49|          9|    6|         54|
    |v1_4_address1                     |  49|          9|    6|         54|
    |v1_4_d0                           |  49|          9|   32|        288|
    |v1_4_d1                           |  49|          9|   32|        288|
    |v1_5_address0                     |  49|          9|    6|         54|
    |v1_5_address1                     |  49|          9|    6|         54|
    |v1_5_d0                           |  49|          9|   32|        288|
    |v1_5_d1                           |  49|          9|   32|        288|
    |v1_6_address0                     |  49|          9|    6|         54|
    |v1_6_address1                     |  49|          9|    6|         54|
    |v1_6_d0                           |  49|          9|   32|        288|
    |v1_6_d1                           |  49|          9|   32|        288|
    |v1_7_address0                     |  49|          9|    6|         54|
    |v1_7_address1                     |  49|          9|    6|         54|
    |v1_7_d0                           |  49|          9|   32|        288|
    |v1_7_d1                           |  49|          9|   32|        288|
    |v1_8_address0                     |  49|          9|    6|         54|
    |v1_8_address1                     |  49|          9|    6|         54|
    |v1_8_d0                           |  49|          9|   32|        288|
    |v1_8_d1                           |  49|          9|   32|        288|
    |v1_9_address0                     |  49|          9|    6|         54|
    |v1_9_address1                     |  49|          9|    6|         54|
    |v1_9_d0                           |  49|          9|   32|        288|
    |v1_9_d1                           |  49|          9|   32|        288|
    |v1_address0                       |  49|          9|    6|         54|
    |v1_address1                       |  49|          9|    6|         54|
    |v1_d0                             |  49|          9|   32|        288|
    |v1_d1                             |  49|          9|   32|        288|
    +----------------------------------+----+-----------+-----+-----------+
    |Total                             |2108|        391|  796|       6919|
    +----------------------------------+----+-----------+-----+-----------+

    * Register: 
    +--------------------------------------+----+----+-----+-----------+
    |                 Name                 | FF | LUT| Bits| Const Bits|
    +--------------------------------------+----+----+-----+-----------+
    |ap_CS_fsm                             |   8|   0|    8|          0|
    |ap_done_reg                           |   1|   0|    1|          0|
    |ap_enable_reg_pp0_iter0_reg           |   1|   0|    1|          0|
    |ap_enable_reg_pp0_iter1               |   1|   0|    1|          0|
    |ap_enable_reg_pp0_iter2               |   1|   0|    1|          0|
    |ap_enable_reg_pp0_iter3               |   1|   0|    1|          0|
    |ap_loop_exit_ready_pp0_iter1_reg      |   1|   0|    1|          0|
    |ap_loop_exit_ready_pp0_iter2_reg      |   1|   0|    1|          0|
    |ap_predicate_pred1004_state20         |   1|   0|    1|          0|
    |ap_predicate_pred1010_state20         |   1|   0|    1|          0|
    |ap_predicate_pred1016_state21         |   1|   0|    1|          0|
    |ap_predicate_pred1022_state21         |   1|   0|    1|          0|
    |ap_predicate_pred1028_state27         |   1|   0|    1|          0|
    |ap_predicate_pred1066_state19         |   1|   0|    1|          0|
    |ap_predicate_pred1072_state20         |   1|   0|    1|          0|
    |ap_predicate_pred1078_state20         |   1|   0|    1|          0|
    |ap_predicate_pred1084_state21         |   1|   0|    1|          0|
    |ap_predicate_pred1090_state21         |   1|   0|    1|          0|
    |ap_predicate_pred1096_state27         |   1|   0|    1|          0|
    |ap_predicate_pred1134_state19         |   1|   0|    1|          0|
    |ap_predicate_pred1140_state20         |   1|   0|    1|          0|
    |ap_predicate_pred1146_state20         |   1|   0|    1|          0|
    |ap_predicate_pred1152_state21         |   1|   0|    1|          0|
    |ap_predicate_pred1158_state21         |   1|   0|    1|          0|
    |ap_predicate_pred1164_state27         |   1|   0|    1|          0|
    |ap_predicate_pred1202_state19         |   1|   0|    1|          0|
    |ap_predicate_pred1208_state20         |   1|   0|    1|          0|
    |ap_predicate_pred1214_state20         |   1|   0|    1|          0|
    |ap_predicate_pred1220_state21         |   1|   0|    1|          0|
    |ap_predicate_pred1226_state21         |   1|   0|    1|          0|
    |ap_predicate_pred1232_state27         |   1|   0|    1|          0|
    |ap_predicate_pred1270_state19         |   1|   0|    1|          0|
    |ap_predicate_pred1276_state20         |   1|   0|    1|          0|
    |ap_predicate_pred1282_state20         |   1|   0|    1|          0|
    |ap_predicate_pred1288_state21         |   1|   0|    1|          0|
    |ap_predicate_pred1294_state21         |   1|   0|    1|          0|
    |ap_predicate_pred1300_state27         |   1|   0|    1|          0|
    |ap_predicate_pred1338_state19         |   1|   0|    1|          0|
    |ap_predicate_pred1344_state20         |   1|   0|    1|          0|
    |ap_predicate_pred1350_state20         |   1|   0|    1|          0|
    |ap_predicate_pred1356_state21         |   1|   0|    1|          0|
    |ap_predicate_pred1362_state21         |   1|   0|    1|          0|
    |ap_predicate_pred1368_state27         |   1|   0|    1|          0|
    |ap_predicate_pred1405_state19         |   1|   0|    1|          0|
    |ap_predicate_pred1411_state20         |   1|   0|    1|          0|
    |ap_predicate_pred1417_state20         |   1|   0|    1|          0|
    |ap_predicate_pred1423_state21         |   1|   0|    1|          0|
    |ap_predicate_pred1429_state21         |   1|   0|    1|          0|
    |ap_predicate_pred1435_state27         |   1|   0|    1|          0|
    |ap_predicate_pred1632_state19         |   1|   0|    1|          0|
    |ap_predicate_pred1654_state20         |   1|   0|    1|          0|
    |ap_predicate_pred1676_state20         |   1|   0|    1|          0|
    |ap_predicate_pred1698_state21         |   1|   0|    1|          0|
    |ap_predicate_pred1720_state21         |   1|   0|    1|          0|
    |ap_predicate_pred1742_state27         |   1|   0|    1|          0|
    |ap_predicate_pred847_state19          |   1|   0|    1|          0|
    |ap_predicate_pred856_state20          |   1|   0|    1|          0|
    |ap_predicate_pred864_state20          |   1|   0|    1|          0|
    |ap_predicate_pred873_state21          |   1|   0|    1|          0|
    |ap_predicate_pred881_state21          |   1|   0|    1|          0|
    |ap_predicate_pred890_state27          |   1|   0|    1|          0|
    |ap_predicate_pred930_state19          |   1|   0|    1|          0|
    |ap_predicate_pred936_state20          |   1|   0|    1|          0|
    |ap_predicate_pred942_state20          |   1|   0|    1|          0|
    |ap_predicate_pred948_state21          |   1|   0|    1|          0|
    |ap_predicate_pred954_state21          |   1|   0|    1|          0|
    |ap_predicate_pred960_state27          |   1|   0|    1|          0|
    |ap_predicate_pred998_state19          |   1|   0|    1|          0|
    |bitcast_ln72_9_reg_3089               |  32|   0|   32|          0|
    |i_1_fu_200                            |   9|   0|    9|          0|
    |i_reg_2798                            |   9|   0|    9|          0|
    |i_reg_2798_pp0_iter1_reg              |   9|   0|    9|          0|
    |icmp_ln68_reg_2818                    |   1|   0|    1|          0|
    |icmp_ln71_1_reg_3145                  |   1|   0|    1|          0|
    |icmp_ln71_1_reg_3145_pp0_iter1_reg    |   1|   0|    1|          0|
    |icmp_ln71_2_reg_3155                  |   1|   0|    1|          0|
    |icmp_ln71_2_reg_3155_pp0_iter1_reg    |   1|   0|    1|          0|
    |icmp_ln71_3_reg_2840                  |   1|   0|    1|          0|
    |icmp_ln71_3_reg_2840_pp0_iter1_reg    |   1|   0|    1|          0|
    |icmp_ln71_4_reg_3033                  |   1|   0|    1|          0|
    |icmp_ln71_5_reg_2850                  |   1|   0|    1|          0|
    |icmp_ln71_5_reg_2850_pp0_iter1_reg    |   1|   0|    1|          0|
    |icmp_ln71_6_reg_2860                  |   1|   0|    1|          0|
    |icmp_ln71_6_reg_2860_pp0_iter1_reg    |   1|   0|    1|          0|
    |icmp_ln71_7_reg_2870                  |   1|   0|    1|          0|
    |icmp_ln71_7_reg_2870_pp0_iter1_reg    |   1|   0|    1|          0|
    |icmp_ln71_8_reg_2880                  |   1|   0|    1|          0|
    |icmp_ln71_8_reg_2880_pp0_iter1_reg    |   1|   0|    1|          0|
    |icmp_ln71_9_reg_2890                  |   1|   0|    1|          0|
    |icmp_ln71_reg_3135                    |   1|   0|    1|          0|
    |icmp_ln71_reg_3135_pp0_iter1_reg      |   1|   0|    1|          0|
    |indvar116_fu_204                      |   5|   0|    5|          0|
    |or_ln71_10_reg_2844                   |   6|   0|    9|          3|
    |or_ln71_11_reg_2854                   |   7|   0|    9|          2|
    |or_ln71_12_reg_2864                   |   6|   0|    9|          3|
    |or_ln71_13_reg_2874                   |   6|   0|    9|          3|
    |or_ln71_14_reg_2884                   |   5|   0|    9|          4|
    |or_ln71_14_reg_2884_pp0_iter1_reg     |   5|   0|    9|          4|
    |or_ln71_1_reg_2828                    |   8|   0|    9|          1|
    |or_ln71_2_reg_3111                    |   7|   0|    9|          2|
    |or_ln71_3_reg_3117                    |   8|   0|    9|          1|
    |or_ln71_4_reg_3123                    |   7|   0|    9|          2|
    |or_ln71_5_reg_3129                    |   7|   0|    9|          2|
    |or_ln71_6_reg_3139                    |   6|   0|    9|          3|
    |or_ln71_7_reg_3149                    |   8|   0|    9|          1|
    |or_ln71_8_reg_2834                    |   7|   0|    9|          2|
    |or_ln71_reg_2822                      |   8|   0|    9|          1|
    |tmp_61_reg_2894                       |   6|   0|    6|          0|
    |tmp_62_reg_2899                       |   6|   0|    6|          0|
    |tmp_63_reg_2984                       |   6|   0|    6|          0|
    |tmp_64_reg_2989                       |   6|   0|    6|          0|
    |tmp_65_reg_2994                       |   6|   0|    6|          0|
    |tmp_66_reg_2999                       |   6|   0|    6|          0|
    |tmp_67_reg_3004                       |   6|   0|    6|          0|
    |tmp_68_reg_3009                       |   6|   0|    6|          0|
    |tmp_69_reg_3028                       |   6|   0|    6|          0|
    |tmp_70_reg_3045                       |   6|   0|    6|          0|
    |tmp_71_reg_3050                       |   6|   0|    6|          0|
    |tmp_72_reg_3063                       |   6|   0|    6|          0|
    |tmp_73_reg_3068                       |   6|   0|    6|          0|
    |tmp_74_reg_3171                       |   6|   0|    6|          0|
    |tmp_reg_3014                          |   6|   0|    6|          0|
    |trunc_ln69_10_reg_2959                |  32|   0|   32|          0|
    |trunc_ln69_10_reg_2959_pp0_iter2_reg  |  32|   0|   32|          0|
    |trunc_ln69_11_reg_2964                |  32|   0|   32|          0|
    |trunc_ln69_11_reg_2964_pp0_iter2_reg  |  32|   0|   32|          0|
    |trunc_ln69_12_reg_2969                |  32|   0|   32|          0|
    |trunc_ln69_12_reg_2969_pp0_iter2_reg  |  32|   0|   32|          0|
    |trunc_ln69_13_reg_2974                |  32|   0|   32|          0|
    |trunc_ln69_13_reg_2974_pp0_iter2_reg  |  32|   0|   32|          0|
    |trunc_ln69_14_reg_2979                |  32|   0|   32|          0|
    |trunc_ln69_1_reg_2909                 |  32|   0|   32|          0|
    |trunc_ln69_2_reg_2914                 |  32|   0|   32|          0|
    |trunc_ln69_3_reg_2919                 |  32|   0|   32|          0|
    |trunc_ln69_4_reg_2924                 |  32|   0|   32|          0|
    |trunc_ln69_5_reg_2929                 |  32|   0|   32|          0|
    |trunc_ln69_6_reg_2934                 |  32|   0|   32|          0|
    |trunc_ln69_7_reg_2939                 |  32|   0|   32|          0|
    |trunc_ln69_8_reg_2944                 |  32|   0|   32|          0|
    |trunc_ln69_9_reg_2949                 |  32|   0|   32|          0|
    |trunc_ln69_reg_2904                   |  32|   0|   32|          0|
    |trunc_ln69_s_reg_2954                 |  32|   0|   32|          0|
    |trunc_ln69_s_reg_2954_pp0_iter2_reg   |  32|   0|   32|          0|
    |trunc_ln71_1_reg_3073                 |   4|   0|    4|          0|
    |trunc_ln71_2_reg_3077                 |   4|   0|    4|          0|
    |trunc_ln71_3_reg_3085                 |   4|   0|    4|          0|
    |trunc_ln71_4_reg_3103                 |   4|   0|    4|          0|
    |trunc_ln71_5_reg_3107                 |   4|   0|    4|          0|
    |trunc_ln71_6_reg_3159                 |   4|   0|    4|          0|
    |trunc_ln71_7_reg_3163                 |   4|   0|    4|          0|
    |trunc_ln71_8_reg_3167                 |   4|   0|    4|          0|
    |trunc_ln71_reg_3059                   |   4|   0|    4|          0|
    |trunc_ln72_1_reg_3020                 |   4|   0|    4|          0|
    |trunc_ln72_2_reg_3024                 |   4|   0|    4|          0|
    |trunc_ln72_3_reg_3037                 |   4|   0|    4|          0|
    |trunc_ln72_4_reg_3041                 |   4|   0|    4|          0|
    |trunc_ln72_5_reg_3055                 |   4|   0|    4|          0|
    |trunc_ln72_reg_3081                   |   4|   0|    4|          0|
    |icmp_ln68_reg_2818                    |  64|  32|    1|          0|
    |icmp_ln71_9_reg_2890                  |  64|  32|    1|          0|
    |trunc_ln69_14_reg_2979                |  64|  32|   32|          0|
    +--------------------------------------+----+----+-----+-----------+
    |Total                                 |1273|  96| 1149|         34|
    +--------------------------------------+----+----+-----+-----------+



================================================================
== Interface
================================================================
* Summary: 
+----------------------+-----+-----+------------+-------------------------------------+--------------+
|       RTL Ports      | Dir | Bits|  Protocol  |            Source Object            |    C Type    |
+----------------------+-----+-----+------------+-------------------------------------+--------------+
|ap_clk                |   in|    1|  ap_ctrl_hs|  kernel_nlp_Pipeline_VITIS_LOOP_68_4|  return value|
|ap_rst                |   in|    1|  ap_ctrl_hs|  kernel_nlp_Pipeline_VITIS_LOOP_68_4|  return value|
|ap_start              |   in|    1|  ap_ctrl_hs|  kernel_nlp_Pipeline_VITIS_LOOP_68_4|  return value|
|ap_done               |  out|    1|  ap_ctrl_hs|  kernel_nlp_Pipeline_VITIS_LOOP_68_4|  return value|
|ap_idle               |  out|    1|  ap_ctrl_hs|  kernel_nlp_Pipeline_VITIS_LOOP_68_4|  return value|
|ap_ready              |  out|    1|  ap_ctrl_hs|  kernel_nlp_Pipeline_VITIS_LOOP_68_4|  return value|
|m_axi_gmem1_AWVALID   |  out|    1|       m_axi|                                gmem1|       pointer|
|m_axi_gmem1_AWREADY   |   in|    1|       m_axi|                                gmem1|       pointer|
|m_axi_gmem1_AWADDR    |  out|   64|       m_axi|                                gmem1|       pointer|
|m_axi_gmem1_AWID      |  out|    1|       m_axi|                                gmem1|       pointer|
|m_axi_gmem1_AWLEN     |  out|   32|       m_axi|                                gmem1|       pointer|
|m_axi_gmem1_AWSIZE    |  out|    3|       m_axi|                                gmem1|       pointer|
|m_axi_gmem1_AWBURST   |  out|    2|       m_axi|                                gmem1|       pointer|
|m_axi_gmem1_AWLOCK    |  out|    2|       m_axi|                                gmem1|       pointer|
|m_axi_gmem1_AWCACHE   |  out|    4|       m_axi|                                gmem1|       pointer|
|m_axi_gmem1_AWPROT    |  out|    3|       m_axi|                                gmem1|       pointer|
|m_axi_gmem1_AWQOS     |  out|    4|       m_axi|                                gmem1|       pointer|
|m_axi_gmem1_AWREGION  |  out|    4|       m_axi|                                gmem1|       pointer|
|m_axi_gmem1_AWUSER    |  out|    1|       m_axi|                                gmem1|       pointer|
|m_axi_gmem1_WVALID    |  out|    1|       m_axi|                                gmem1|       pointer|
|m_axi_gmem1_WREADY    |   in|    1|       m_axi|                                gmem1|       pointer|
|m_axi_gmem1_WDATA     |  out|  512|       m_axi|                                gmem1|       pointer|
|m_axi_gmem1_WSTRB     |  out|   64|       m_axi|                                gmem1|       pointer|
|m_axi_gmem1_WLAST     |  out|    1|       m_axi|                                gmem1|       pointer|
|m_axi_gmem1_WID       |  out|    1|       m_axi|                                gmem1|       pointer|
|m_axi_gmem1_WUSER     |  out|    1|       m_axi|                                gmem1|       pointer|
|m_axi_gmem1_ARVALID   |  out|    1|       m_axi|                                gmem1|       pointer|
|m_axi_gmem1_ARREADY   |   in|    1|       m_axi|                                gmem1|       pointer|
|m_axi_gmem1_ARADDR    |  out|   64|       m_axi|                                gmem1|       pointer|
|m_axi_gmem1_ARID      |  out|    1|       m_axi|                                gmem1|       pointer|
|m_axi_gmem1_ARLEN     |  out|   32|       m_axi|                                gmem1|       pointer|
|m_axi_gmem1_ARSIZE    |  out|    3|       m_axi|                                gmem1|       pointer|
|m_axi_gmem1_ARBURST   |  out|    2|       m_axi|                                gmem1|       pointer|
|m_axi_gmem1_ARLOCK    |  out|    2|       m_axi|                                gmem1|       pointer|
|m_axi_gmem1_ARCACHE   |  out|    4|       m_axi|                                gmem1|       pointer|
|m_axi_gmem1_ARPROT    |  out|    3|       m_axi|                                gmem1|       pointer|
|m_axi_gmem1_ARQOS     |  out|    4|       m_axi|                                gmem1|       pointer|
|m_axi_gmem1_ARREGION  |  out|    4|       m_axi|                                gmem1|       pointer|
|m_axi_gmem1_ARUSER    |  out|    1|       m_axi|                                gmem1|       pointer|
|m_axi_gmem1_RVALID    |   in|    1|       m_axi|                                gmem1|       pointer|
|m_axi_gmem1_RREADY    |  out|    1|       m_axi|                                gmem1|       pointer|
|m_axi_gmem1_RDATA     |   in|  512|       m_axi|                                gmem1|       pointer|
|m_axi_gmem1_RLAST     |   in|    1|       m_axi|                                gmem1|       pointer|
|m_axi_gmem1_RID       |   in|    1|       m_axi|                                gmem1|       pointer|
|m_axi_gmem1_RFIFONUM  |   in|    9|       m_axi|                                gmem1|       pointer|
|m_axi_gmem1_RUSER     |   in|    1|       m_axi|                                gmem1|       pointer|
|m_axi_gmem1_RRESP     |   in|    2|       m_axi|                                gmem1|       pointer|
|m_axi_gmem1_BVALID    |   in|    1|       m_axi|                                gmem1|       pointer|
|m_axi_gmem1_BREADY    |  out|    1|       m_axi|                                gmem1|       pointer|
|m_axi_gmem1_BRESP     |   in|    2|       m_axi|                                gmem1|       pointer|
|m_axi_gmem1_BID       |   in|    1|       m_axi|                                gmem1|       pointer|
|m_axi_gmem1_BUSER     |   in|    1|       m_axi|                                gmem1|       pointer|
|v1_address0           |  out|    6|   ap_memory|                                   v1|         array|
|v1_ce0                |  out|    1|   ap_memory|                                   v1|         array|
|v1_we0                |  out|    1|   ap_memory|                                   v1|         array|
|v1_d0                 |  out|   32|   ap_memory|                                   v1|         array|
|v1_address1           |  out|    6|   ap_memory|                                   v1|         array|
|v1_ce1                |  out|    1|   ap_memory|                                   v1|         array|
|v1_we1                |  out|    1|   ap_memory|                                   v1|         array|
|v1_d1                 |  out|   32|   ap_memory|                                   v1|         array|
|v1_1_address0         |  out|    6|   ap_memory|                                 v1_1|         array|
|v1_1_ce0              |  out|    1|   ap_memory|                                 v1_1|         array|
|v1_1_we0              |  out|    1|   ap_memory|                                 v1_1|         array|
|v1_1_d0               |  out|   32|   ap_memory|                                 v1_1|         array|
|v1_1_address1         |  out|    6|   ap_memory|                                 v1_1|         array|
|v1_1_ce1              |  out|    1|   ap_memory|                                 v1_1|         array|
|v1_1_we1              |  out|    1|   ap_memory|                                 v1_1|         array|
|v1_1_d1               |  out|   32|   ap_memory|                                 v1_1|         array|
|v1_2_address0         |  out|    6|   ap_memory|                                 v1_2|         array|
|v1_2_ce0              |  out|    1|   ap_memory|                                 v1_2|         array|
|v1_2_we0              |  out|    1|   ap_memory|                                 v1_2|         array|
|v1_2_d0               |  out|   32|   ap_memory|                                 v1_2|         array|
|v1_2_address1         |  out|    6|   ap_memory|                                 v1_2|         array|
|v1_2_ce1              |  out|    1|   ap_memory|                                 v1_2|         array|
|v1_2_we1              |  out|    1|   ap_memory|                                 v1_2|         array|
|v1_2_d1               |  out|   32|   ap_memory|                                 v1_2|         array|
|v1_3_address0         |  out|    6|   ap_memory|                                 v1_3|         array|
|v1_3_ce0              |  out|    1|   ap_memory|                                 v1_3|         array|
|v1_3_we0              |  out|    1|   ap_memory|                                 v1_3|         array|
|v1_3_d0               |  out|   32|   ap_memory|                                 v1_3|         array|
|v1_3_address1         |  out|    6|   ap_memory|                                 v1_3|         array|
|v1_3_ce1              |  out|    1|   ap_memory|                                 v1_3|         array|
|v1_3_we1              |  out|    1|   ap_memory|                                 v1_3|         array|
|v1_3_d1               |  out|   32|   ap_memory|                                 v1_3|         array|
|v1_4_address0         |  out|    6|   ap_memory|                                 v1_4|         array|
|v1_4_ce0              |  out|    1|   ap_memory|                                 v1_4|         array|
|v1_4_we0              |  out|    1|   ap_memory|                                 v1_4|         array|
|v1_4_d0               |  out|   32|   ap_memory|                                 v1_4|         array|
|v1_4_address1         |  out|    6|   ap_memory|                                 v1_4|         array|
|v1_4_ce1              |  out|    1|   ap_memory|                                 v1_4|         array|
|v1_4_we1              |  out|    1|   ap_memory|                                 v1_4|         array|
|v1_4_d1               |  out|   32|   ap_memory|                                 v1_4|         array|
|v1_5_address0         |  out|    6|   ap_memory|                                 v1_5|         array|
|v1_5_ce0              |  out|    1|   ap_memory|                                 v1_5|         array|
|v1_5_we0              |  out|    1|   ap_memory|                                 v1_5|         array|
|v1_5_d0               |  out|   32|   ap_memory|                                 v1_5|         array|
|v1_5_address1         |  out|    6|   ap_memory|                                 v1_5|         array|
|v1_5_ce1              |  out|    1|   ap_memory|                                 v1_5|         array|
|v1_5_we1              |  out|    1|   ap_memory|                                 v1_5|         array|
|v1_5_d1               |  out|   32|   ap_memory|                                 v1_5|         array|
|v1_6_address0         |  out|    6|   ap_memory|                                 v1_6|         array|
|v1_6_ce0              |  out|    1|   ap_memory|                                 v1_6|         array|
|v1_6_we0              |  out|    1|   ap_memory|                                 v1_6|         array|
|v1_6_d0               |  out|   32|   ap_memory|                                 v1_6|         array|
|v1_6_address1         |  out|    6|   ap_memory|                                 v1_6|         array|
|v1_6_ce1              |  out|    1|   ap_memory|                                 v1_6|         array|
|v1_6_we1              |  out|    1|   ap_memory|                                 v1_6|         array|
|v1_6_d1               |  out|   32|   ap_memory|                                 v1_6|         array|
|v1_7_address0         |  out|    6|   ap_memory|                                 v1_7|         array|
|v1_7_ce0              |  out|    1|   ap_memory|                                 v1_7|         array|
|v1_7_we0              |  out|    1|   ap_memory|                                 v1_7|         array|
|v1_7_d0               |  out|   32|   ap_memory|                                 v1_7|         array|
|v1_7_address1         |  out|    6|   ap_memory|                                 v1_7|         array|
|v1_7_ce1              |  out|    1|   ap_memory|                                 v1_7|         array|
|v1_7_we1              |  out|    1|   ap_memory|                                 v1_7|         array|
|v1_7_d1               |  out|   32|   ap_memory|                                 v1_7|         array|
|v1_8_address0         |  out|    6|   ap_memory|                                 v1_8|         array|
|v1_8_ce0              |  out|    1|   ap_memory|                                 v1_8|         array|
|v1_8_we0              |  out|    1|   ap_memory|                                 v1_8|         array|
|v1_8_d0               |  out|   32|   ap_memory|                                 v1_8|         array|
|v1_8_address1         |  out|    6|   ap_memory|                                 v1_8|         array|
|v1_8_ce1              |  out|    1|   ap_memory|                                 v1_8|         array|
|v1_8_we1              |  out|    1|   ap_memory|                                 v1_8|         array|
|v1_8_d1               |  out|   32|   ap_memory|                                 v1_8|         array|
|v1_9_address0         |  out|    6|   ap_memory|                                 v1_9|         array|
|v1_9_ce0              |  out|    1|   ap_memory|                                 v1_9|         array|
|v1_9_we0              |  out|    1|   ap_memory|                                 v1_9|         array|
|v1_9_d0               |  out|   32|   ap_memory|                                 v1_9|         array|
|v1_9_address1         |  out|    6|   ap_memory|                                 v1_9|         array|
|v1_9_ce1              |  out|    1|   ap_memory|                                 v1_9|         array|
|v1_9_we1              |  out|    1|   ap_memory|                                 v1_9|         array|
|v1_9_d1               |  out|   32|   ap_memory|                                 v1_9|         array|
|sext_ln68             |   in|   58|     ap_none|                            sext_ln68|        scalar|
+----------------------+-----+-----+------------+-------------------------------------+--------------+

