

================================================================
== Vitis HLS Report for 'write_D_FT1'
================================================================
* Date:           Thu Dec  5 15:19:38 2024

* Version:        2023.2 (Build 4023990 on Oct 11 2023)
* Project:        kernel_nlp_slr0
* Solution:       solution (Vitis Kernel Flow Target)
* Product family: virtexuplusHBM
* Target device:  xcu55c-fsvh2892-2L-e


================================================================
== Performance Estimates
================================================================
+ Timing: 
    * Summary: 
    +--------+---------+----------+------------+
    |  Clock |  Target | Estimated| Uncertainty|
    +--------+---------+----------+------------+
    |ap_clk  |  4.55 ns|  2.232 ns|     1.23 ns|
    +--------+---------+----------+------------+

+ Latency: 
    * Summary: 
    +---------+---------+-----------+-----------+-----+-----+---------+
    |  Latency (cycles) |   Latency (absolute)  |  Interval | Pipeline|
    |   min   |   max   |    min    |    max    | min | max |   Type  |
    +---------+---------+-----------+-----------+-----+-----+---------+
    |       22|       22|  99.990 ns|  99.990 ns|   22|   22|       no|
    +---------+---------+-----------+-----------+-----+-----+---------+

    + Detail: 
        * Instance: 
        N/A

        * Loop: 
        +---------------------------------------+---------+---------+----------+-----------+-----------+------+----------+
        |                                       |  Latency (cycles) | Iteration|  Initiation Interval  | Trip |          |
        |               Loop Name               |   min   |   max   |  Latency |  achieved |   target  | Count| Pipelined|
        +---------------------------------------+---------+---------+----------+-----------+-----------+------+----------+
        |- VITIS_LOOP_1091_1_VITIS_LOOP_1092_2  |       20|       20|         2|          1|          1|    20|       yes|
        +---------------------------------------+---------+---------+----------+-----------+-----------+------+----------+



================================================================
== Utilization Estimates
================================================================
* Summary: 
+---------------------+---------+------+---------+---------+-----+
|         Name        | BRAM_18K|  DSP |    FF   |   LUT   | URAM|
+---------------------+---------+------+---------+---------+-----+
|DSP                  |        -|     -|        -|        -|    -|
|Expression           |        -|     -|        0|     5196|    -|
|FIFO                 |        -|     -|        -|        -|    -|
|Instance             |        -|     -|        0|      864|    -|
|Memory               |        -|     -|        -|        -|    -|
|Multiplexer          |        -|     -|        -|       81|    -|
|Register             |        -|     -|      530|        -|    -|
+---------------------+---------+------+---------+---------+-----+
|Total                |        0|     0|      530|     6141|    0|
+---------------------+---------+------+---------+---------+-----+
|Available SLR        |     1344|  3008|   869120|   434560|  320|
+---------------------+---------+------+---------+---------+-----+
|Utilization SLR (%)  |        0|     0|       ~0|        1|    0|
+---------------------+---------+------+---------+---------+-----+
|Available            |     4032|  9024|  2607360|  1303680|  960|
+---------------------+---------+------+---------+---------+-----+
|Utilization (%)      |        0|     0|       ~0|       ~0|    0|
+---------------------+---------+------+---------+---------+-----+

+ Detail: 
    * Instance: 
    +------------------------------+-----------------------+---------+----+---+----+-----+
    |           Instance           |         Module        | BRAM_18K| DSP| FF| LUT| URAM|
    +------------------------------+-----------------------+---------+----+---+----+-----+
    |sparsemux_21_4_32_1_1_U15818  |sparsemux_21_4_32_1_1  |        0|   0|  0|  54|    0|
    |sparsemux_21_4_32_1_1_U15819  |sparsemux_21_4_32_1_1  |        0|   0|  0|  54|    0|
    |sparsemux_21_4_32_1_1_U15820  |sparsemux_21_4_32_1_1  |        0|   0|  0|  54|    0|
    |sparsemux_21_4_32_1_1_U15821  |sparsemux_21_4_32_1_1  |        0|   0|  0|  54|    0|
    |sparsemux_21_4_32_1_1_U15822  |sparsemux_21_4_32_1_1  |        0|   0|  0|  54|    0|
    |sparsemux_21_4_32_1_1_U15823  |sparsemux_21_4_32_1_1  |        0|   0|  0|  54|    0|
    |sparsemux_21_4_32_1_1_U15824  |sparsemux_21_4_32_1_1  |        0|   0|  0|  54|    0|
    |sparsemux_21_4_32_1_1_U15825  |sparsemux_21_4_32_1_1  |        0|   0|  0|  54|    0|
    |sparsemux_21_4_32_1_1_U15826  |sparsemux_21_4_32_1_1  |        0|   0|  0|  54|    0|
    |sparsemux_21_4_32_1_1_U15827  |sparsemux_21_4_32_1_1  |        0|   0|  0|  54|    0|
    |sparsemux_21_4_32_1_1_U15828  |sparsemux_21_4_32_1_1  |        0|   0|  0|  54|    0|
    |sparsemux_21_4_32_1_1_U15829  |sparsemux_21_4_32_1_1  |        0|   0|  0|  54|    0|
    |sparsemux_21_4_32_1_1_U15830  |sparsemux_21_4_32_1_1  |        0|   0|  0|  54|    0|
    |sparsemux_21_4_32_1_1_U15831  |sparsemux_21_4_32_1_1  |        0|   0|  0|  54|    0|
    |sparsemux_21_4_32_1_1_U15832  |sparsemux_21_4_32_1_1  |        0|   0|  0|  54|    0|
    |sparsemux_21_4_32_1_1_U15833  |sparsemux_21_4_32_1_1  |        0|   0|  0|  54|    0|
    +------------------------------+-----------------------+---------+----+---+----+-----+
    |Total                         |                       |        0|   0|  0| 864|    0|
    +------------------------------+-----------------------+---------+----+---+----+-----+

    * DSP: 
    N/A

    * Memory: 
    N/A

    * FIFO: 
    N/A

    * Expression: 
    +----------------------------+----------+----+---+----+------------+------------+
    |        Variable Name       | Operation| DSP| FF| LUT| Bitwidth P0| Bitwidth P1|
    +----------------------------+----------+----+---+----+------------+------------+
    |add_ln1091_2_fu_2673_p2     |         +|   0|  0|  12|           5|           1|
    |add_ln1091_fu_2685_p2       |         +|   0|  0|  12|           4|           1|
    |add_ln1092_fu_4773_p2       |         +|   0|  0|  13|           6|           5|
    |ap_block_pp0_stage0_01001   |       and|   0|  0|   2|           1|           1|
    |icmp_ln1091_fu_2667_p2      |      icmp|   0|  0|  12|           5|           5|
    |icmp_ln1095_fu_2719_p2      |      icmp|   0|  0|  13|           5|           6|
    |select_ln1091_2_fu_2707_p3  |    select|   0|  0|   4|           1|           4|
    |select_ln1091_fu_2699_p3    |    select|   0|  0|   6|           1|           1|
    |tmp_16_fu_2933_p10          |    select|   0|  0|  32|           1|          32|
    |tmp_16_fu_2933_p12          |    select|   0|  0|  32|           1|          32|
    |tmp_16_fu_2933_p14          |    select|   0|  0|  32|           1|          32|
    |tmp_16_fu_2933_p16          |    select|   0|  0|  32|           1|          32|
    |tmp_16_fu_2933_p18          |    select|   0|  0|  32|           1|          32|
    |tmp_16_fu_2933_p2           |    select|   0|  0|  32|           1|          32|
    |tmp_16_fu_2933_p20          |    select|   0|  0|  32|           1|          32|
    |tmp_16_fu_2933_p4           |    select|   0|  0|  32|           1|          32|
    |tmp_16_fu_2933_p6           |    select|   0|  0|  32|           1|          32|
    |tmp_16_fu_2933_p8           |    select|   0|  0|  32|           1|          32|
    |tmp_17_fu_3061_p10          |    select|   0|  0|  32|           1|          32|
    |tmp_17_fu_3061_p12          |    select|   0|  0|  32|           1|          32|
    |tmp_17_fu_3061_p14          |    select|   0|  0|  32|           1|          32|
    |tmp_17_fu_3061_p16          |    select|   0|  0|  32|           1|          32|
    |tmp_17_fu_3061_p18          |    select|   0|  0|  32|           1|          32|
    |tmp_17_fu_3061_p2           |    select|   0|  0|  32|           1|          32|
    |tmp_17_fu_3061_p20          |    select|   0|  0|  32|           1|          32|
    |tmp_17_fu_3061_p4           |    select|   0|  0|  32|           1|          32|
    |tmp_17_fu_3061_p6           |    select|   0|  0|  32|           1|          32|
    |tmp_17_fu_3061_p8           |    select|   0|  0|  32|           1|          32|
    |tmp_18_fu_3189_p10          |    select|   0|  0|  32|           1|          32|
    |tmp_18_fu_3189_p12          |    select|   0|  0|  32|           1|          32|
    |tmp_18_fu_3189_p14          |    select|   0|  0|  32|           1|          32|
    |tmp_18_fu_3189_p16          |    select|   0|  0|  32|           1|          32|
    |tmp_18_fu_3189_p18          |    select|   0|  0|  32|           1|          32|
    |tmp_18_fu_3189_p2           |    select|   0|  0|  32|           1|          32|
    |tmp_18_fu_3189_p20          |    select|   0|  0|  32|           1|          32|
    |tmp_18_fu_3189_p4           |    select|   0|  0|  32|           1|          32|
    |tmp_18_fu_3189_p6           |    select|   0|  0|  32|           1|          32|
    |tmp_18_fu_3189_p8           |    select|   0|  0|  32|           1|          32|
    |tmp_19_fu_3317_p10          |    select|   0|  0|  32|           1|          32|
    |tmp_19_fu_3317_p12          |    select|   0|  0|  32|           1|          32|
    |tmp_19_fu_3317_p14          |    select|   0|  0|  32|           1|          32|
    |tmp_19_fu_3317_p16          |    select|   0|  0|  32|           1|          32|
    |tmp_19_fu_3317_p18          |    select|   0|  0|  32|           1|          32|
    |tmp_19_fu_3317_p2           |    select|   0|  0|  32|           1|          32|
    |tmp_19_fu_3317_p20          |    select|   0|  0|  32|           1|          32|
    |tmp_19_fu_3317_p4           |    select|   0|  0|  32|           1|          32|
    |tmp_19_fu_3317_p6           |    select|   0|  0|  32|           1|          32|
    |tmp_19_fu_3317_p8           |    select|   0|  0|  32|           1|          32|
    |tmp_20_fu_3445_p10          |    select|   0|  0|  32|           1|          32|
    |tmp_20_fu_3445_p12          |    select|   0|  0|  32|           1|          32|
    |tmp_20_fu_3445_p14          |    select|   0|  0|  32|           1|          32|
    |tmp_20_fu_3445_p16          |    select|   0|  0|  32|           1|          32|
    |tmp_20_fu_3445_p18          |    select|   0|  0|  32|           1|          32|
    |tmp_20_fu_3445_p2           |    select|   0|  0|  32|           1|          32|
    |tmp_20_fu_3445_p20          |    select|   0|  0|  32|           1|          32|
    |tmp_20_fu_3445_p4           |    select|   0|  0|  32|           1|          32|
    |tmp_20_fu_3445_p6           |    select|   0|  0|  32|           1|          32|
    |tmp_20_fu_3445_p8           |    select|   0|  0|  32|           1|          32|
    |tmp_21_fu_3573_p10          |    select|   0|  0|  32|           1|          32|
    |tmp_21_fu_3573_p12          |    select|   0|  0|  32|           1|          32|
    |tmp_21_fu_3573_p14          |    select|   0|  0|  32|           1|          32|
    |tmp_21_fu_3573_p16          |    select|   0|  0|  32|           1|          32|
    |tmp_21_fu_3573_p18          |    select|   0|  0|  32|           1|          32|
    |tmp_21_fu_3573_p2           |    select|   0|  0|  32|           1|          32|
    |tmp_21_fu_3573_p20          |    select|   0|  0|  32|           1|          32|
    |tmp_21_fu_3573_p4           |    select|   0|  0|  32|           1|          32|
    |tmp_21_fu_3573_p6           |    select|   0|  0|  32|           1|          32|
    |tmp_21_fu_3573_p8           |    select|   0|  0|  32|           1|          32|
    |tmp_22_fu_3701_p10          |    select|   0|  0|  32|           1|          32|
    |tmp_22_fu_3701_p12          |    select|   0|  0|  32|           1|          32|
    |tmp_22_fu_3701_p14          |    select|   0|  0|  32|           1|          32|
    |tmp_22_fu_3701_p16          |    select|   0|  0|  32|           1|          32|
    |tmp_22_fu_3701_p18          |    select|   0|  0|  32|           1|          32|
    |tmp_22_fu_3701_p2           |    select|   0|  0|  32|           1|          32|
    |tmp_22_fu_3701_p20          |    select|   0|  0|  32|           1|          32|
    |tmp_22_fu_3701_p4           |    select|   0|  0|  32|           1|          32|
    |tmp_22_fu_3701_p6           |    select|   0|  0|  32|           1|          32|
    |tmp_22_fu_3701_p8           |    select|   0|  0|  32|           1|          32|
    |tmp_23_fu_3829_p10          |    select|   0|  0|  32|           1|          32|
    |tmp_23_fu_3829_p12          |    select|   0|  0|  32|           1|          32|
    |tmp_23_fu_3829_p14          |    select|   0|  0|  32|           1|          32|
    |tmp_23_fu_3829_p16          |    select|   0|  0|  32|           1|          32|
    |tmp_23_fu_3829_p18          |    select|   0|  0|  32|           1|          32|
    |tmp_23_fu_3829_p2           |    select|   0|  0|  32|           1|          32|
    |tmp_23_fu_3829_p20          |    select|   0|  0|  32|           1|          32|
    |tmp_23_fu_3829_p4           |    select|   0|  0|  32|           1|          32|
    |tmp_23_fu_3829_p6           |    select|   0|  0|  32|           1|          32|
    |tmp_23_fu_3829_p8           |    select|   0|  0|  32|           1|          32|
    |tmp_24_fu_3957_p10          |    select|   0|  0|  32|           1|          32|
    |tmp_24_fu_3957_p12          |    select|   0|  0|  32|           1|          32|
    |tmp_24_fu_3957_p14          |    select|   0|  0|  32|           1|          32|
    |tmp_24_fu_3957_p16          |    select|   0|  0|  32|           1|          32|
    |tmp_24_fu_3957_p18          |    select|   0|  0|  32|           1|          32|
    |tmp_24_fu_3957_p2           |    select|   0|  0|  32|           1|          32|
    |tmp_24_fu_3957_p20          |    select|   0|  0|  32|           1|          32|
    |tmp_24_fu_3957_p4           |    select|   0|  0|  32|           1|          32|
    |tmp_24_fu_3957_p6           |    select|   0|  0|  32|           1|          32|
    |tmp_24_fu_3957_p8           |    select|   0|  0|  32|           1|          32|
    |tmp_25_fu_4085_p10          |    select|   0|  0|  32|           1|          32|
    |tmp_25_fu_4085_p12          |    select|   0|  0|  32|           1|          32|
    |tmp_25_fu_4085_p14          |    select|   0|  0|  32|           1|          32|
    |tmp_25_fu_4085_p16          |    select|   0|  0|  32|           1|          32|
    |tmp_25_fu_4085_p18          |    select|   0|  0|  32|           1|          32|
    |tmp_25_fu_4085_p2           |    select|   0|  0|  32|           1|          32|
    |tmp_25_fu_4085_p20          |    select|   0|  0|  32|           1|          32|
    |tmp_25_fu_4085_p4           |    select|   0|  0|  32|           1|          32|
    |tmp_25_fu_4085_p6           |    select|   0|  0|  32|           1|          32|
    |tmp_25_fu_4085_p8           |    select|   0|  0|  32|           1|          32|
    |tmp_26_fu_4213_p10          |    select|   0|  0|  32|           1|          32|
    |tmp_26_fu_4213_p12          |    select|   0|  0|  32|           1|          32|
    |tmp_26_fu_4213_p14          |    select|   0|  0|  32|           1|          32|
    |tmp_26_fu_4213_p16          |    select|   0|  0|  32|           1|          32|
    |tmp_26_fu_4213_p18          |    select|   0|  0|  32|           1|          32|
    |tmp_26_fu_4213_p2           |    select|   0|  0|  32|           1|          32|
    |tmp_26_fu_4213_p20          |    select|   0|  0|  32|           1|          32|
    |tmp_26_fu_4213_p4           |    select|   0|  0|  32|           1|          32|
    |tmp_26_fu_4213_p6           |    select|   0|  0|  32|           1|          32|
    |tmp_26_fu_4213_p8           |    select|   0|  0|  32|           1|          32|
    |tmp_27_fu_4341_p10          |    select|   0|  0|  32|           1|          32|
    |tmp_27_fu_4341_p12          |    select|   0|  0|  32|           1|          32|
    |tmp_27_fu_4341_p14          |    select|   0|  0|  32|           1|          32|
    |tmp_27_fu_4341_p16          |    select|   0|  0|  32|           1|          32|
    |tmp_27_fu_4341_p18          |    select|   0|  0|  32|           1|          32|
    |tmp_27_fu_4341_p2           |    select|   0|  0|  32|           1|          32|
    |tmp_27_fu_4341_p20          |    select|   0|  0|  32|           1|          32|
    |tmp_27_fu_4341_p4           |    select|   0|  0|  32|           1|          32|
    |tmp_27_fu_4341_p6           |    select|   0|  0|  32|           1|          32|
    |tmp_27_fu_4341_p8           |    select|   0|  0|  32|           1|          32|
    |tmp_28_fu_4469_p10          |    select|   0|  0|  32|           1|          32|
    |tmp_28_fu_4469_p12          |    select|   0|  0|  32|           1|          32|
    |tmp_28_fu_4469_p14          |    select|   0|  0|  32|           1|          32|
    |tmp_28_fu_4469_p16          |    select|   0|  0|  32|           1|          32|
    |tmp_28_fu_4469_p18          |    select|   0|  0|  32|           1|          32|
    |tmp_28_fu_4469_p2           |    select|   0|  0|  32|           1|          32|
    |tmp_28_fu_4469_p20          |    select|   0|  0|  32|           1|          32|
    |tmp_28_fu_4469_p4           |    select|   0|  0|  32|           1|          32|
    |tmp_28_fu_4469_p6           |    select|   0|  0|  32|           1|          32|
    |tmp_28_fu_4469_p8           |    select|   0|  0|  32|           1|          32|
    |tmp_29_fu_4597_p10          |    select|   0|  0|  32|           1|          32|
    |tmp_29_fu_4597_p12          |    select|   0|  0|  32|           1|          32|
    |tmp_29_fu_4597_p14          |    select|   0|  0|  32|           1|          32|
    |tmp_29_fu_4597_p16          |    select|   0|  0|  32|           1|          32|
    |tmp_29_fu_4597_p18          |    select|   0|  0|  32|           1|          32|
    |tmp_29_fu_4597_p2           |    select|   0|  0|  32|           1|          32|
    |tmp_29_fu_4597_p20          |    select|   0|  0|  32|           1|          32|
    |tmp_29_fu_4597_p4           |    select|   0|  0|  32|           1|          32|
    |tmp_29_fu_4597_p6           |    select|   0|  0|  32|           1|          32|
    |tmp_29_fu_4597_p8           |    select|   0|  0|  32|           1|          32|
    |tmp_30_fu_4725_p10          |    select|   0|  0|  32|           1|          32|
    |tmp_30_fu_4725_p12          |    select|   0|  0|  32|           1|          32|
    |tmp_30_fu_4725_p14          |    select|   0|  0|  32|           1|          32|
    |tmp_30_fu_4725_p16          |    select|   0|  0|  32|           1|          32|
    |tmp_30_fu_4725_p18          |    select|   0|  0|  32|           1|          32|
    |tmp_30_fu_4725_p2           |    select|   0|  0|  32|           1|          32|
    |tmp_30_fu_4725_p20          |    select|   0|  0|  32|           1|          32|
    |tmp_30_fu_4725_p4           |    select|   0|  0|  32|           1|          32|
    |tmp_30_fu_4725_p6           |    select|   0|  0|  32|           1|          32|
    |tmp_30_fu_4725_p8           |    select|   0|  0|  32|           1|          32|
    |tmp_s_fu_2805_p10           |    select|   0|  0|  32|           1|          32|
    |tmp_s_fu_2805_p12           |    select|   0|  0|  32|           1|          32|
    |tmp_s_fu_2805_p14           |    select|   0|  0|  32|           1|          32|
    |tmp_s_fu_2805_p16           |    select|   0|  0|  32|           1|          32|
    |tmp_s_fu_2805_p18           |    select|   0|  0|  32|           1|          32|
    |tmp_s_fu_2805_p2            |    select|   0|  0|  32|           1|          32|
    |tmp_s_fu_2805_p20           |    select|   0|  0|  32|           1|          32|
    |tmp_s_fu_2805_p4            |    select|   0|  0|  32|           1|          32|
    |tmp_s_fu_2805_p6            |    select|   0|  0|  32|           1|          32|
    |tmp_s_fu_2805_p8            |    select|   0|  0|  32|           1|          32|
    |ap_enable_pp0               |       xor|   0|  0|   2|           1|           2|
    +----------------------------+----------+----+---+----+------------+------------+
    |Total                       |          |   0|  0|5196|         189|        5146|
    +----------------------------+----------+----+---+----+------------+------------+

    * Multiplexer: 
    +--------------------------------------+----+-----------+-----+-----------+
    |                 Name                 | LUT| Input Size| Bits| Total Bits|
    +--------------------------------------+----+-----------+-----+-----------+
    |ap_done_int                           |   9|          2|    1|          2|
    |ap_enable_reg_pp0_iter1               |   9|          2|    1|          2|
    |ap_sig_allocacmp_d0_load              |   9|          2|    4|          8|
    |ap_sig_allocacmp_d1_load              |   9|          2|    6|         12|
    |ap_sig_allocacmp_indvar_flatten_load  |   9|          2|    5|         10|
    |d0_fu_714                             |   9|          2|    4|          8|
    |d1_fu_710                             |   9|          2|    6|         12|
    |fifo_D_to_off_chip_blk_n              |   9|          2|    1|          2|
    |indvar_flatten_fu_718                 |   9|          2|    5|         10|
    +--------------------------------------+----+-----------+-----+-----------+
    |Total                                 |  81|         18|   33|         66|
    +--------------------------------------+----+-----------+-----+-----------+

    * Register: 
    +-------------------------+----+----+-----+-----------+
    |           Name          | FF | LUT| Bits| Const Bits|
    +-------------------------+----+----+-----+-----------+
    |ap_CS_fsm                |   1|   0|    1|          0|
    |ap_done_reg              |   1|   0|    1|          0|
    |ap_enable_reg_pp0_iter1  |   1|   0|    1|          0|
    |d0_fu_714                |   4|   0|    4|          0|
    |d1_fu_710                |   6|   0|    6|          0|
    |indvar_flatten_fu_718    |   5|   0|    5|          0|
    |tmp_16_reg_4908          |  32|   0|   32|          0|
    |tmp_17_reg_4913          |  32|   0|   32|          0|
    |tmp_18_reg_4918          |  32|   0|   32|          0|
    |tmp_19_reg_4923          |  32|   0|   32|          0|
    |tmp_20_reg_4928          |  32|   0|   32|          0|
    |tmp_21_reg_4933          |  32|   0|   32|          0|
    |tmp_22_reg_4938          |  32|   0|   32|          0|
    |tmp_23_reg_4943          |  32|   0|   32|          0|
    |tmp_24_reg_4948          |  32|   0|   32|          0|
    |tmp_25_reg_4953          |  32|   0|   32|          0|
    |tmp_26_reg_4958          |  32|   0|   32|          0|
    |tmp_27_reg_4963          |  32|   0|   32|          0|
    |tmp_28_reg_4968          |  32|   0|   32|          0|
    |tmp_29_reg_4973          |  32|   0|   32|          0|
    |tmp_30_reg_4978          |  32|   0|   32|          0|
    |tmp_s_reg_4903           |  32|   0|   32|          0|
    +-------------------------+----+----+-----+-----------+
    |Total                    | 530|   0|  530|          0|
    +-------------------------+----+----+-----+-----------+



================================================================
== Interface
================================================================
* Summary: 
+-----------------------------------+-----+-----+------------+--------------------+--------------+
|             RTL Ports             | Dir | Bits|  Protocol  |    Source Object   |    C Type    |
+-----------------------------------+-----+-----+------------+--------------------+--------------+
|ap_clk                             |   in|    1|  ap_ctrl_hs|         write_D_FT1|  return value|
|ap_rst                             |   in|    1|  ap_ctrl_hs|         write_D_FT1|  return value|
|ap_start                           |   in|    1|  ap_ctrl_hs|         write_D_FT1|  return value|
|ap_done                            |  out|    1|  ap_ctrl_hs|         write_D_FT1|  return value|
|ap_idle                            |  out|    1|  ap_ctrl_hs|         write_D_FT1|  return value|
|ap_ready                           |  out|    1|  ap_ctrl_hs|         write_D_FT1|  return value|
|fifo_D_to_off_chip_din             |  out|  512|     ap_fifo|  fifo_D_to_off_chip|       pointer|
|fifo_D_to_off_chip_num_data_valid  |   in|   11|     ap_fifo|  fifo_D_to_off_chip|       pointer|
|fifo_D_to_off_chip_fifo_cap        |   in|   11|     ap_fifo|  fifo_D_to_off_chip|       pointer|
|fifo_D_to_off_chip_full_n          |   in|    1|     ap_fifo|  fifo_D_to_off_chip|       pointer|
|fifo_D_to_off_chip_write           |  out|    1|     ap_fifo|  fifo_D_to_off_chip|       pointer|
|D_0_0_val                          |   in|   32|     ap_none|           D_0_0_val|        scalar|
|D_0_1_val                          |   in|   32|     ap_none|           D_0_1_val|        scalar|
|D_0_2_val                          |   in|   32|     ap_none|           D_0_2_val|        scalar|
|D_0_3_val                          |   in|   32|     ap_none|           D_0_3_val|        scalar|
|D_0_4_val                          |   in|   32|     ap_none|           D_0_4_val|        scalar|
|D_0_5_val                          |   in|   32|     ap_none|           D_0_5_val|        scalar|
|D_0_6_val                          |   in|   32|     ap_none|           D_0_6_val|        scalar|
|D_0_7_val                          |   in|   32|     ap_none|           D_0_7_val|        scalar|
|D_0_8_val                          |   in|   32|     ap_none|           D_0_8_val|        scalar|
|D_0_9_val                          |   in|   32|     ap_none|           D_0_9_val|        scalar|
|D_0_10_val                         |   in|   32|     ap_none|          D_0_10_val|        scalar|
|D_0_11_val                         |   in|   32|     ap_none|          D_0_11_val|        scalar|
|D_0_12_val                         |   in|   32|     ap_none|          D_0_12_val|        scalar|
|D_0_13_val                         |   in|   32|     ap_none|          D_0_13_val|        scalar|
|D_0_14_val                         |   in|   32|     ap_none|          D_0_14_val|        scalar|
|D_0_15_val                         |   in|   32|     ap_none|          D_0_15_val|        scalar|
|D_0_16_val                         |   in|   32|     ap_none|          D_0_16_val|        scalar|
|D_0_17_val                         |   in|   32|     ap_none|          D_0_17_val|        scalar|
|D_0_18_val                         |   in|   32|     ap_none|          D_0_18_val|        scalar|
|D_0_19_val                         |   in|   32|     ap_none|          D_0_19_val|        scalar|
|D_0_20_val                         |   in|   32|     ap_none|          D_0_20_val|        scalar|
|D_0_21_val                         |   in|   32|     ap_none|          D_0_21_val|        scalar|
|D_0_22_val                         |   in|   32|     ap_none|          D_0_22_val|        scalar|
|D_0_23_val                         |   in|   32|     ap_none|          D_0_23_val|        scalar|
|D_0_24_val                         |   in|   32|     ap_none|          D_0_24_val|        scalar|
|D_0_25_val                         |   in|   32|     ap_none|          D_0_25_val|        scalar|
|D_0_26_val                         |   in|   32|     ap_none|          D_0_26_val|        scalar|
|D_0_27_val                         |   in|   32|     ap_none|          D_0_27_val|        scalar|
|D_0_28_val                         |   in|   32|     ap_none|          D_0_28_val|        scalar|
|D_0_29_val                         |   in|   32|     ap_none|          D_0_29_val|        scalar|
|D_0_30_val                         |   in|   32|     ap_none|          D_0_30_val|        scalar|
|D_0_31_val                         |   in|   32|     ap_none|          D_0_31_val|        scalar|
|D_1_0_val                          |   in|   32|     ap_none|           D_1_0_val|        scalar|
|D_1_1_val                          |   in|   32|     ap_none|           D_1_1_val|        scalar|
|D_1_2_val                          |   in|   32|     ap_none|           D_1_2_val|        scalar|
|D_1_3_val                          |   in|   32|     ap_none|           D_1_3_val|        scalar|
|D_1_4_val                          |   in|   32|     ap_none|           D_1_4_val|        scalar|
|D_1_5_val                          |   in|   32|     ap_none|           D_1_5_val|        scalar|
|D_1_6_val                          |   in|   32|     ap_none|           D_1_6_val|        scalar|
|D_1_7_val                          |   in|   32|     ap_none|           D_1_7_val|        scalar|
|D_1_8_val                          |   in|   32|     ap_none|           D_1_8_val|        scalar|
|D_1_9_val                          |   in|   32|     ap_none|           D_1_9_val|        scalar|
|D_1_10_val                         |   in|   32|     ap_none|          D_1_10_val|        scalar|
|D_1_11_val                         |   in|   32|     ap_none|          D_1_11_val|        scalar|
|D_1_12_val                         |   in|   32|     ap_none|          D_1_12_val|        scalar|
|D_1_13_val                         |   in|   32|     ap_none|          D_1_13_val|        scalar|
|D_1_14_val                         |   in|   32|     ap_none|          D_1_14_val|        scalar|
|D_1_15_val                         |   in|   32|     ap_none|          D_1_15_val|        scalar|
|D_1_16_val                         |   in|   32|     ap_none|          D_1_16_val|        scalar|
|D_1_17_val                         |   in|   32|     ap_none|          D_1_17_val|        scalar|
|D_1_18_val                         |   in|   32|     ap_none|          D_1_18_val|        scalar|
|D_1_19_val                         |   in|   32|     ap_none|          D_1_19_val|        scalar|
|D_1_20_val                         |   in|   32|     ap_none|          D_1_20_val|        scalar|
|D_1_21_val                         |   in|   32|     ap_none|          D_1_21_val|        scalar|
|D_1_22_val                         |   in|   32|     ap_none|          D_1_22_val|        scalar|
|D_1_23_val                         |   in|   32|     ap_none|          D_1_23_val|        scalar|
|D_1_24_val                         |   in|   32|     ap_none|          D_1_24_val|        scalar|
|D_1_25_val                         |   in|   32|     ap_none|          D_1_25_val|        scalar|
|D_1_26_val                         |   in|   32|     ap_none|          D_1_26_val|        scalar|
|D_1_27_val                         |   in|   32|     ap_none|          D_1_27_val|        scalar|
|D_1_28_val                         |   in|   32|     ap_none|          D_1_28_val|        scalar|
|D_1_29_val                         |   in|   32|     ap_none|          D_1_29_val|        scalar|
|D_1_30_val                         |   in|   32|     ap_none|          D_1_30_val|        scalar|
|D_1_31_val                         |   in|   32|     ap_none|          D_1_31_val|        scalar|
|D_2_0_val                          |   in|   32|     ap_none|           D_2_0_val|        scalar|
|D_2_1_val                          |   in|   32|     ap_none|           D_2_1_val|        scalar|
|D_2_2_val                          |   in|   32|     ap_none|           D_2_2_val|        scalar|
|D_2_3_val                          |   in|   32|     ap_none|           D_2_3_val|        scalar|
|D_2_4_val                          |   in|   32|     ap_none|           D_2_4_val|        scalar|
|D_2_5_val                          |   in|   32|     ap_none|           D_2_5_val|        scalar|
|D_2_6_val                          |   in|   32|     ap_none|           D_2_6_val|        scalar|
|D_2_7_val                          |   in|   32|     ap_none|           D_2_7_val|        scalar|
|D_2_8_val                          |   in|   32|     ap_none|           D_2_8_val|        scalar|
|D_2_9_val                          |   in|   32|     ap_none|           D_2_9_val|        scalar|
|D_2_10_val                         |   in|   32|     ap_none|          D_2_10_val|        scalar|
|D_2_11_val                         |   in|   32|     ap_none|          D_2_11_val|        scalar|
|D_2_12_val                         |   in|   32|     ap_none|          D_2_12_val|        scalar|
|D_2_13_val                         |   in|   32|     ap_none|          D_2_13_val|        scalar|
|D_2_14_val                         |   in|   32|     ap_none|          D_2_14_val|        scalar|
|D_2_15_val                         |   in|   32|     ap_none|          D_2_15_val|        scalar|
|D_2_16_val                         |   in|   32|     ap_none|          D_2_16_val|        scalar|
|D_2_17_val                         |   in|   32|     ap_none|          D_2_17_val|        scalar|
|D_2_18_val                         |   in|   32|     ap_none|          D_2_18_val|        scalar|
|D_2_19_val                         |   in|   32|     ap_none|          D_2_19_val|        scalar|
|D_2_20_val                         |   in|   32|     ap_none|          D_2_20_val|        scalar|
|D_2_21_val                         |   in|   32|     ap_none|          D_2_21_val|        scalar|
|D_2_22_val                         |   in|   32|     ap_none|          D_2_22_val|        scalar|
|D_2_23_val                         |   in|   32|     ap_none|          D_2_23_val|        scalar|
|D_2_24_val                         |   in|   32|     ap_none|          D_2_24_val|        scalar|
|D_2_25_val                         |   in|   32|     ap_none|          D_2_25_val|        scalar|
|D_2_26_val                         |   in|   32|     ap_none|          D_2_26_val|        scalar|
|D_2_27_val                         |   in|   32|     ap_none|          D_2_27_val|        scalar|
|D_2_28_val                         |   in|   32|     ap_none|          D_2_28_val|        scalar|
|D_2_29_val                         |   in|   32|     ap_none|          D_2_29_val|        scalar|
|D_2_30_val                         |   in|   32|     ap_none|          D_2_30_val|        scalar|
|D_2_31_val                         |   in|   32|     ap_none|          D_2_31_val|        scalar|
|D_3_0_val                          |   in|   32|     ap_none|           D_3_0_val|        scalar|
|D_3_1_val                          |   in|   32|     ap_none|           D_3_1_val|        scalar|
|D_3_2_val                          |   in|   32|     ap_none|           D_3_2_val|        scalar|
|D_3_3_val                          |   in|   32|     ap_none|           D_3_3_val|        scalar|
|D_3_4_val                          |   in|   32|     ap_none|           D_3_4_val|        scalar|
|D_3_5_val                          |   in|   32|     ap_none|           D_3_5_val|        scalar|
|D_3_6_val                          |   in|   32|     ap_none|           D_3_6_val|        scalar|
|D_3_7_val                          |   in|   32|     ap_none|           D_3_7_val|        scalar|
|D_3_8_val                          |   in|   32|     ap_none|           D_3_8_val|        scalar|
|D_3_9_val                          |   in|   32|     ap_none|           D_3_9_val|        scalar|
|D_3_10_val                         |   in|   32|     ap_none|          D_3_10_val|        scalar|
|D_3_11_val                         |   in|   32|     ap_none|          D_3_11_val|        scalar|
|D_3_12_val                         |   in|   32|     ap_none|          D_3_12_val|        scalar|
|D_3_13_val                         |   in|   32|     ap_none|          D_3_13_val|        scalar|
|D_3_14_val                         |   in|   32|     ap_none|          D_3_14_val|        scalar|
|D_3_15_val                         |   in|   32|     ap_none|          D_3_15_val|        scalar|
|D_3_16_val                         |   in|   32|     ap_none|          D_3_16_val|        scalar|
|D_3_17_val                         |   in|   32|     ap_none|          D_3_17_val|        scalar|
|D_3_18_val                         |   in|   32|     ap_none|          D_3_18_val|        scalar|
|D_3_19_val                         |   in|   32|     ap_none|          D_3_19_val|        scalar|
|D_3_20_val                         |   in|   32|     ap_none|          D_3_20_val|        scalar|
|D_3_21_val                         |   in|   32|     ap_none|          D_3_21_val|        scalar|
|D_3_22_val                         |   in|   32|     ap_none|          D_3_22_val|        scalar|
|D_3_23_val                         |   in|   32|     ap_none|          D_3_23_val|        scalar|
|D_3_24_val                         |   in|   32|     ap_none|          D_3_24_val|        scalar|
|D_3_25_val                         |   in|   32|     ap_none|          D_3_25_val|        scalar|
|D_3_26_val                         |   in|   32|     ap_none|          D_3_26_val|        scalar|
|D_3_27_val                         |   in|   32|     ap_none|          D_3_27_val|        scalar|
|D_3_28_val                         |   in|   32|     ap_none|          D_3_28_val|        scalar|
|D_3_29_val                         |   in|   32|     ap_none|          D_3_29_val|        scalar|
|D_3_30_val                         |   in|   32|     ap_none|          D_3_30_val|        scalar|
|D_3_31_val                         |   in|   32|     ap_none|          D_3_31_val|        scalar|
|D_4_0_val                          |   in|   32|     ap_none|           D_4_0_val|        scalar|
|D_4_1_val                          |   in|   32|     ap_none|           D_4_1_val|        scalar|
|D_4_2_val                          |   in|   32|     ap_none|           D_4_2_val|        scalar|
|D_4_3_val                          |   in|   32|     ap_none|           D_4_3_val|        scalar|
|D_4_4_val                          |   in|   32|     ap_none|           D_4_4_val|        scalar|
|D_4_5_val                          |   in|   32|     ap_none|           D_4_5_val|        scalar|
|D_4_6_val                          |   in|   32|     ap_none|           D_4_6_val|        scalar|
|D_4_7_val                          |   in|   32|     ap_none|           D_4_7_val|        scalar|
|D_4_8_val                          |   in|   32|     ap_none|           D_4_8_val|        scalar|
|D_4_9_val                          |   in|   32|     ap_none|           D_4_9_val|        scalar|
|D_4_10_val                         |   in|   32|     ap_none|          D_4_10_val|        scalar|
|D_4_11_val                         |   in|   32|     ap_none|          D_4_11_val|        scalar|
|D_4_12_val                         |   in|   32|     ap_none|          D_4_12_val|        scalar|
|D_4_13_val                         |   in|   32|     ap_none|          D_4_13_val|        scalar|
|D_4_14_val                         |   in|   32|     ap_none|          D_4_14_val|        scalar|
|D_4_15_val                         |   in|   32|     ap_none|          D_4_15_val|        scalar|
|D_4_16_val                         |   in|   32|     ap_none|          D_4_16_val|        scalar|
|D_4_17_val                         |   in|   32|     ap_none|          D_4_17_val|        scalar|
|D_4_18_val                         |   in|   32|     ap_none|          D_4_18_val|        scalar|
|D_4_19_val                         |   in|   32|     ap_none|          D_4_19_val|        scalar|
|D_4_20_val                         |   in|   32|     ap_none|          D_4_20_val|        scalar|
|D_4_21_val                         |   in|   32|     ap_none|          D_4_21_val|        scalar|
|D_4_22_val                         |   in|   32|     ap_none|          D_4_22_val|        scalar|
|D_4_23_val                         |   in|   32|     ap_none|          D_4_23_val|        scalar|
|D_4_24_val                         |   in|   32|     ap_none|          D_4_24_val|        scalar|
|D_4_25_val                         |   in|   32|     ap_none|          D_4_25_val|        scalar|
|D_4_26_val                         |   in|   32|     ap_none|          D_4_26_val|        scalar|
|D_4_27_val                         |   in|   32|     ap_none|          D_4_27_val|        scalar|
|D_4_28_val                         |   in|   32|     ap_none|          D_4_28_val|        scalar|
|D_4_29_val                         |   in|   32|     ap_none|          D_4_29_val|        scalar|
|D_4_30_val                         |   in|   32|     ap_none|          D_4_30_val|        scalar|
|D_4_31_val                         |   in|   32|     ap_none|          D_4_31_val|        scalar|
|D_5_0_val                          |   in|   32|     ap_none|           D_5_0_val|        scalar|
|D_5_1_val                          |   in|   32|     ap_none|           D_5_1_val|        scalar|
|D_5_2_val                          |   in|   32|     ap_none|           D_5_2_val|        scalar|
|D_5_3_val                          |   in|   32|     ap_none|           D_5_3_val|        scalar|
|D_5_4_val                          |   in|   32|     ap_none|           D_5_4_val|        scalar|
|D_5_5_val                          |   in|   32|     ap_none|           D_5_5_val|        scalar|
|D_5_6_val                          |   in|   32|     ap_none|           D_5_6_val|        scalar|
|D_5_7_val                          |   in|   32|     ap_none|           D_5_7_val|        scalar|
|D_5_8_val                          |   in|   32|     ap_none|           D_5_8_val|        scalar|
|D_5_9_val                          |   in|   32|     ap_none|           D_5_9_val|        scalar|
|D_5_10_val                         |   in|   32|     ap_none|          D_5_10_val|        scalar|
|D_5_11_val                         |   in|   32|     ap_none|          D_5_11_val|        scalar|
|D_5_12_val                         |   in|   32|     ap_none|          D_5_12_val|        scalar|
|D_5_13_val                         |   in|   32|     ap_none|          D_5_13_val|        scalar|
|D_5_14_val                         |   in|   32|     ap_none|          D_5_14_val|        scalar|
|D_5_15_val                         |   in|   32|     ap_none|          D_5_15_val|        scalar|
|D_5_16_val                         |   in|   32|     ap_none|          D_5_16_val|        scalar|
|D_5_17_val                         |   in|   32|     ap_none|          D_5_17_val|        scalar|
|D_5_18_val                         |   in|   32|     ap_none|          D_5_18_val|        scalar|
|D_5_19_val                         |   in|   32|     ap_none|          D_5_19_val|        scalar|
|D_5_20_val                         |   in|   32|     ap_none|          D_5_20_val|        scalar|
|D_5_21_val                         |   in|   32|     ap_none|          D_5_21_val|        scalar|
|D_5_22_val                         |   in|   32|     ap_none|          D_5_22_val|        scalar|
|D_5_23_val                         |   in|   32|     ap_none|          D_5_23_val|        scalar|
|D_5_24_val                         |   in|   32|     ap_none|          D_5_24_val|        scalar|
|D_5_25_val                         |   in|   32|     ap_none|          D_5_25_val|        scalar|
|D_5_26_val                         |   in|   32|     ap_none|          D_5_26_val|        scalar|
|D_5_27_val                         |   in|   32|     ap_none|          D_5_27_val|        scalar|
|D_5_28_val                         |   in|   32|     ap_none|          D_5_28_val|        scalar|
|D_5_29_val                         |   in|   32|     ap_none|          D_5_29_val|        scalar|
|D_5_30_val                         |   in|   32|     ap_none|          D_5_30_val|        scalar|
|D_5_31_val                         |   in|   32|     ap_none|          D_5_31_val|        scalar|
|D_6_0_val                          |   in|   32|     ap_none|           D_6_0_val|        scalar|
|D_6_1_val                          |   in|   32|     ap_none|           D_6_1_val|        scalar|
|D_6_2_val                          |   in|   32|     ap_none|           D_6_2_val|        scalar|
|D_6_3_val                          |   in|   32|     ap_none|           D_6_3_val|        scalar|
|D_6_4_val                          |   in|   32|     ap_none|           D_6_4_val|        scalar|
|D_6_5_val                          |   in|   32|     ap_none|           D_6_5_val|        scalar|
|D_6_6_val                          |   in|   32|     ap_none|           D_6_6_val|        scalar|
|D_6_7_val                          |   in|   32|     ap_none|           D_6_7_val|        scalar|
|D_6_8_val                          |   in|   32|     ap_none|           D_6_8_val|        scalar|
|D_6_9_val                          |   in|   32|     ap_none|           D_6_9_val|        scalar|
|D_6_10_val                         |   in|   32|     ap_none|          D_6_10_val|        scalar|
|D_6_11_val                         |   in|   32|     ap_none|          D_6_11_val|        scalar|
|D_6_12_val                         |   in|   32|     ap_none|          D_6_12_val|        scalar|
|D_6_13_val                         |   in|   32|     ap_none|          D_6_13_val|        scalar|
|D_6_14_val                         |   in|   32|     ap_none|          D_6_14_val|        scalar|
|D_6_15_val                         |   in|   32|     ap_none|          D_6_15_val|        scalar|
|D_6_16_val                         |   in|   32|     ap_none|          D_6_16_val|        scalar|
|D_6_17_val                         |   in|   32|     ap_none|          D_6_17_val|        scalar|
|D_6_18_val                         |   in|   32|     ap_none|          D_6_18_val|        scalar|
|D_6_19_val                         |   in|   32|     ap_none|          D_6_19_val|        scalar|
|D_6_20_val                         |   in|   32|     ap_none|          D_6_20_val|        scalar|
|D_6_21_val                         |   in|   32|     ap_none|          D_6_21_val|        scalar|
|D_6_22_val                         |   in|   32|     ap_none|          D_6_22_val|        scalar|
|D_6_23_val                         |   in|   32|     ap_none|          D_6_23_val|        scalar|
|D_6_24_val                         |   in|   32|     ap_none|          D_6_24_val|        scalar|
|D_6_25_val                         |   in|   32|     ap_none|          D_6_25_val|        scalar|
|D_6_26_val                         |   in|   32|     ap_none|          D_6_26_val|        scalar|
|D_6_27_val                         |   in|   32|     ap_none|          D_6_27_val|        scalar|
|D_6_28_val                         |   in|   32|     ap_none|          D_6_28_val|        scalar|
|D_6_29_val                         |   in|   32|     ap_none|          D_6_29_val|        scalar|
|D_6_30_val                         |   in|   32|     ap_none|          D_6_30_val|        scalar|
|D_6_31_val                         |   in|   32|     ap_none|          D_6_31_val|        scalar|
|D_7_0_val                          |   in|   32|     ap_none|           D_7_0_val|        scalar|
|D_7_1_val                          |   in|   32|     ap_none|           D_7_1_val|        scalar|
|D_7_2_val                          |   in|   32|     ap_none|           D_7_2_val|        scalar|
|D_7_3_val                          |   in|   32|     ap_none|           D_7_3_val|        scalar|
|D_7_4_val                          |   in|   32|     ap_none|           D_7_4_val|        scalar|
|D_7_5_val                          |   in|   32|     ap_none|           D_7_5_val|        scalar|
|D_7_6_val                          |   in|   32|     ap_none|           D_7_6_val|        scalar|
|D_7_7_val                          |   in|   32|     ap_none|           D_7_7_val|        scalar|
|D_7_8_val                          |   in|   32|     ap_none|           D_7_8_val|        scalar|
|D_7_9_val                          |   in|   32|     ap_none|           D_7_9_val|        scalar|
|D_7_10_val                         |   in|   32|     ap_none|          D_7_10_val|        scalar|
|D_7_11_val                         |   in|   32|     ap_none|          D_7_11_val|        scalar|
|D_7_12_val                         |   in|   32|     ap_none|          D_7_12_val|        scalar|
|D_7_13_val                         |   in|   32|     ap_none|          D_7_13_val|        scalar|
|D_7_14_val                         |   in|   32|     ap_none|          D_7_14_val|        scalar|
|D_7_15_val                         |   in|   32|     ap_none|          D_7_15_val|        scalar|
|D_7_16_val                         |   in|   32|     ap_none|          D_7_16_val|        scalar|
|D_7_17_val                         |   in|   32|     ap_none|          D_7_17_val|        scalar|
|D_7_18_val                         |   in|   32|     ap_none|          D_7_18_val|        scalar|
|D_7_19_val                         |   in|   32|     ap_none|          D_7_19_val|        scalar|
|D_7_20_val                         |   in|   32|     ap_none|          D_7_20_val|        scalar|
|D_7_21_val                         |   in|   32|     ap_none|          D_7_21_val|        scalar|
|D_7_22_val                         |   in|   32|     ap_none|          D_7_22_val|        scalar|
|D_7_23_val                         |   in|   32|     ap_none|          D_7_23_val|        scalar|
|D_7_24_val                         |   in|   32|     ap_none|          D_7_24_val|        scalar|
|D_7_25_val                         |   in|   32|     ap_none|          D_7_25_val|        scalar|
|D_7_26_val                         |   in|   32|     ap_none|          D_7_26_val|        scalar|
|D_7_27_val                         |   in|   32|     ap_none|          D_7_27_val|        scalar|
|D_7_28_val                         |   in|   32|     ap_none|          D_7_28_val|        scalar|
|D_7_29_val                         |   in|   32|     ap_none|          D_7_29_val|        scalar|
|D_7_30_val                         |   in|   32|     ap_none|          D_7_30_val|        scalar|
|D_7_31_val                         |   in|   32|     ap_none|          D_7_31_val|        scalar|
|D_8_0_val                          |   in|   32|     ap_none|           D_8_0_val|        scalar|
|D_8_1_val                          |   in|   32|     ap_none|           D_8_1_val|        scalar|
|D_8_2_val                          |   in|   32|     ap_none|           D_8_2_val|        scalar|
|D_8_3_val                          |   in|   32|     ap_none|           D_8_3_val|        scalar|
|D_8_4_val                          |   in|   32|     ap_none|           D_8_4_val|        scalar|
|D_8_5_val                          |   in|   32|     ap_none|           D_8_5_val|        scalar|
|D_8_6_val                          |   in|   32|     ap_none|           D_8_6_val|        scalar|
|D_8_7_val                          |   in|   32|     ap_none|           D_8_7_val|        scalar|
|D_8_8_val                          |   in|   32|     ap_none|           D_8_8_val|        scalar|
|D_8_9_val                          |   in|   32|     ap_none|           D_8_9_val|        scalar|
|D_8_10_val                         |   in|   32|     ap_none|          D_8_10_val|        scalar|
|D_8_11_val                         |   in|   32|     ap_none|          D_8_11_val|        scalar|
|D_8_12_val                         |   in|   32|     ap_none|          D_8_12_val|        scalar|
|D_8_13_val                         |   in|   32|     ap_none|          D_8_13_val|        scalar|
|D_8_14_val                         |   in|   32|     ap_none|          D_8_14_val|        scalar|
|D_8_15_val                         |   in|   32|     ap_none|          D_8_15_val|        scalar|
|D_8_16_val                         |   in|   32|     ap_none|          D_8_16_val|        scalar|
|D_8_17_val                         |   in|   32|     ap_none|          D_8_17_val|        scalar|
|D_8_18_val                         |   in|   32|     ap_none|          D_8_18_val|        scalar|
|D_8_19_val                         |   in|   32|     ap_none|          D_8_19_val|        scalar|
|D_8_20_val                         |   in|   32|     ap_none|          D_8_20_val|        scalar|
|D_8_21_val                         |   in|   32|     ap_none|          D_8_21_val|        scalar|
|D_8_22_val                         |   in|   32|     ap_none|          D_8_22_val|        scalar|
|D_8_23_val                         |   in|   32|     ap_none|          D_8_23_val|        scalar|
|D_8_24_val                         |   in|   32|     ap_none|          D_8_24_val|        scalar|
|D_8_25_val                         |   in|   32|     ap_none|          D_8_25_val|        scalar|
|D_8_26_val                         |   in|   32|     ap_none|          D_8_26_val|        scalar|
|D_8_27_val                         |   in|   32|     ap_none|          D_8_27_val|        scalar|
|D_8_28_val                         |   in|   32|     ap_none|          D_8_28_val|        scalar|
|D_8_29_val                         |   in|   32|     ap_none|          D_8_29_val|        scalar|
|D_8_30_val                         |   in|   32|     ap_none|          D_8_30_val|        scalar|
|D_8_31_val                         |   in|   32|     ap_none|          D_8_31_val|        scalar|
|D_9_0_val                          |   in|   32|     ap_none|           D_9_0_val|        scalar|
|D_9_1_val                          |   in|   32|     ap_none|           D_9_1_val|        scalar|
|D_9_2_val                          |   in|   32|     ap_none|           D_9_2_val|        scalar|
|D_9_3_val                          |   in|   32|     ap_none|           D_9_3_val|        scalar|
|D_9_4_val                          |   in|   32|     ap_none|           D_9_4_val|        scalar|
|D_9_5_val                          |   in|   32|     ap_none|           D_9_5_val|        scalar|
|D_9_6_val                          |   in|   32|     ap_none|           D_9_6_val|        scalar|
|D_9_7_val                          |   in|   32|     ap_none|           D_9_7_val|        scalar|
|D_9_8_val                          |   in|   32|     ap_none|           D_9_8_val|        scalar|
|D_9_9_val                          |   in|   32|     ap_none|           D_9_9_val|        scalar|
|D_9_10_val                         |   in|   32|     ap_none|          D_9_10_val|        scalar|
|D_9_11_val                         |   in|   32|     ap_none|          D_9_11_val|        scalar|
|D_9_12_val                         |   in|   32|     ap_none|          D_9_12_val|        scalar|
|D_9_13_val                         |   in|   32|     ap_none|          D_9_13_val|        scalar|
|D_9_14_val                         |   in|   32|     ap_none|          D_9_14_val|        scalar|
|D_9_15_val                         |   in|   32|     ap_none|          D_9_15_val|        scalar|
|D_9_16_val                         |   in|   32|     ap_none|          D_9_16_val|        scalar|
|D_9_17_val                         |   in|   32|     ap_none|          D_9_17_val|        scalar|
|D_9_18_val                         |   in|   32|     ap_none|          D_9_18_val|        scalar|
|D_9_19_val                         |   in|   32|     ap_none|          D_9_19_val|        scalar|
|D_9_20_val                         |   in|   32|     ap_none|          D_9_20_val|        scalar|
|D_9_21_val                         |   in|   32|     ap_none|          D_9_21_val|        scalar|
|D_9_22_val                         |   in|   32|     ap_none|          D_9_22_val|        scalar|
|D_9_23_val                         |   in|   32|     ap_none|          D_9_23_val|        scalar|
|D_9_24_val                         |   in|   32|     ap_none|          D_9_24_val|        scalar|
|D_9_25_val                         |   in|   32|     ap_none|          D_9_25_val|        scalar|
|D_9_26_val                         |   in|   32|     ap_none|          D_9_26_val|        scalar|
|D_9_27_val                         |   in|   32|     ap_none|          D_9_27_val|        scalar|
|D_9_28_val                         |   in|   32|     ap_none|          D_9_28_val|        scalar|
|D_9_29_val                         |   in|   32|     ap_none|          D_9_29_val|        scalar|
|D_9_30_val                         |   in|   32|     ap_none|          D_9_30_val|        scalar|
|D_9_31_val                         |   in|   32|     ap_none|          D_9_31_val|        scalar|
+-----------------------------------+-----+-----+------------+--------------------+--------------+

