Thu Dec 19 22:11:58 2024: Running xcd server. This server was built by gradle.
Thu Dec 19 22:11:58 2024: Server was asked to start on port: '36067'
Thu Dec 19 22:11:58 2024: Server is using token UUID: 'ce6dcd2c-c039-4ef4-ac14-edfac4fdc78d'
Thu Dec 19 22:11:58 2024: SESSION_MGR: creating session with session uuid: '6d04a3e9-ade5-4ab9-8d63-1f78fcd2ec76' and name 'default'
Thu Dec 19 22:11:58 2024: Attempting to start server on port '36067'
Thu Dec 19 22:11:58 2024: XCD main fifo: created main fifo '/tmp/xcdmaince6dcd2c-c039-4ef4-ac14-edfac4fdc78d', fd read = 14
Thu Dec 19 22:11:58 2024: Running Dispatch Server
Thu Dec 19 22:11:58 2024: Version 2.2.0
Thu Dec 19 22:12:00 2024: Dispatch Server: Accepted socket connection from client
Thu Dec 19 22:12:00 2024: Starting Socket connection
Thu Dec 19 22:12:00 2024: EXCHANGE_TOKEN received, server token: ce6dcd2c-c039-4ef4-ac14-edfac4fdc78d, passed token: ce6dcd2c-c039-4ef4-ac14-edfac4fdc78d
Thu Dec 19 22:12:00 2024: DISPATCH_HANDLER: Adding handler from function makeHandler in library libxv_system_diagram
Thu Dec 19 22:12:00 2024: SESSION_MGR: creating session with session uuid: '49b9a451-38d0-4154-a63f-203efcb1cb45' and name 'v++_compile_workload-kernel_nlp_slr0-hw'
Thu Dec 19 22:12:00 2024: KERNEL_SVC: creating session with uuid: '49b9a451-38d0-4154-a63f-203efcb1cb45' and name 'v++_compile_workload-kernel_nlp_slr0-hw'
Thu Dec 19 22:12:00 2024: GUIDANCE_SMGR: creating guidance session with uuid: '49b9a451-38d0-4154-a63f-203efcb1cb45' and name 'v++_compile_workload-kernel_nlp_slr0-hw'
Thu Dec 19 22:12:00 2024: SYSTEM_DIAGRAM: creating session with uuid: '49b9a451-38d0-4154-a63f-203efcb1cb45' and name 'v++_compile_workload-kernel_nlp_slr0-hw'
Thu Dec 19 22:12:13 2024: Dispatch Server: Accepted socket connection from client
Thu Dec 19 22:12:13 2024: Starting Socket connection
Thu Dec 19 22:14:36 2024: SESSION_MGR: closing session for UUID '49b9a451-38d0-4154-a63f-203efcb1cb45' with name 'v++_compile_workload-kernel_nlp_slr0-hw'
Thu Dec 19 22:14:36 2024: KERNEL_SVC: closing session for UUID '49b9a451-38d0-4154-a63f-203efcb1cb45' with name 'v++_compile_workload-kernel_nlp_slr0-hw'
Thu Dec 19 22:14:36 2024: GUIDANCE_SMGR: closing session for UUID '49b9a451-38d0-4154-a63f-203efcb1cb45' with name 'v++_compile_workload-kernel_nlp_slr0-hw'
Thu Dec 19 22:14:36 2024: SYSTEM_DIAGRAM: closing session for UUID '49b9a451-38d0-4154-a63f-203efcb1cb45' with name 'v++_compile_workload-kernel_nlp_slr0-hw'
Thu Dec 19 22:14:36 2024: STOP_SERVER received, server token: ce6dcd2c-c039-4ef4-ac14-edfac4fdc78d, passed token: ce6dcd2c-c039-4ef4-ac14-edfac4fdc78d
Thu Dec 19 22:14:36 2024: Socket received request to stop server.
Thu Dec 19 22:14:36 2024: Dispatch Server: do_await_stop
Thu Dec 19 22:14:36 2024: Dispatch Server: stopping mainFifo_
Thu Dec 19 22:14:36 2024: XCD main fifo: Stopping
Thu Dec 19 22:14:36 2024: XCD main fifo: do_read error code: Operation canceled
Thu Dec 19 22:14:36 2024: XCD main fifo: bytes_transferred: 0
Thu Dec 19 22:14:36 2024: SERVER: destructor for server bound to port 36067
Thu Dec 19 22:14:36 2024: XCD main fifo: Good unlink of /tmp/xcdmaince6dcd2c-c039-4ef4-ac14-edfac4fdc78d
Thu Dec 19 22:14:36 2024: Server exiting with status 0.
Thu Dec 19 22:14:36 2024: Closing log file.
