Thu Jan  2 11:38:22 2025: Running xcd server. This server was built by gradle.
Thu Jan  2 11:38:22 2025: Server was asked to start on port: '33199'
Thu Jan  2 11:38:22 2025: Server is using token UUID: '9d766062-6037-41b1-a453-21932d1afafd'
Thu Jan  2 11:38:22 2025: SESSION_MGR: creating session with session uuid: '6d04a3e9-ade5-4ab9-8d63-1f78fcd2ec76' and name 'default'
Thu Jan  2 11:38:22 2025: Attempting to start server on port '33199'
Thu Jan  2 11:38:22 2025: XCD main fifo: created main fifo '/tmp/xcdmain9d766062-6037-41b1-a453-21932d1afafd', fd read = 14
Thu Jan  2 11:38:22 2025: Running Dispatch Server
Thu Jan  2 11:38:22 2025: Version 2.2.0
Thu Jan  2 11:38:24 2025: Dispatch Server: Accepted socket connection from client
Thu Jan  2 11:38:24 2025: Starting Socket connection
Thu Jan  2 11:38:24 2025: EXCHANGE_TOKEN received, server token: 9d766062-6037-41b1-a453-21932d1afafd, passed token: 9d766062-6037-41b1-a453-21932d1afafd
Thu Jan  2 11:38:24 2025: DISPATCH_HANDLER: Adding handler from function makeHandler in library libxv_system_diagram
Thu Jan  2 11:38:24 2025: SESSION_MGR: creating session with session uuid: '630b9b44-9278-4f1f-8041-698a8e95e5d4' and name 'v++_compile_workload-kernel_nlp_slr0-hw'
Thu Jan  2 11:38:24 2025: KERNEL_SVC: creating session with uuid: '630b9b44-9278-4f1f-8041-698a8e95e5d4' and name 'v++_compile_workload-kernel_nlp_slr0-hw'
Thu Jan  2 11:38:24 2025: GUIDANCE_SMGR: creating guidance session with uuid: '630b9b44-9278-4f1f-8041-698a8e95e5d4' and name 'v++_compile_workload-kernel_nlp_slr0-hw'
Thu Jan  2 11:38:24 2025: SYSTEM_DIAGRAM: creating session with uuid: '630b9b44-9278-4f1f-8041-698a8e95e5d4' and name 'v++_compile_workload-kernel_nlp_slr0-hw'
Thu Jan  2 11:38:37 2025: Dispatch Server: Accepted socket connection from client
Thu Jan  2 11:38:37 2025: Starting Socket connection
Thu Jan  2 11:43:11 2025: SESSION_MGR: closing session for UUID '630b9b44-9278-4f1f-8041-698a8e95e5d4' with name 'v++_compile_workload-kernel_nlp_slr0-hw'
Thu Jan  2 11:43:11 2025: KERNEL_SVC: closing session for UUID '630b9b44-9278-4f1f-8041-698a8e95e5d4' with name 'v++_compile_workload-kernel_nlp_slr0-hw'
Thu Jan  2 11:43:11 2025: GUIDANCE_SMGR: closing session for UUID '630b9b44-9278-4f1f-8041-698a8e95e5d4' with name 'v++_compile_workload-kernel_nlp_slr0-hw'
Thu Jan  2 11:43:11 2025: SYSTEM_DIAGRAM: closing session for UUID '630b9b44-9278-4f1f-8041-698a8e95e5d4' with name 'v++_compile_workload-kernel_nlp_slr0-hw'
Thu Jan  2 11:43:11 2025: STOP_SERVER received, server token: 9d766062-6037-41b1-a453-21932d1afafd, passed token: 9d766062-6037-41b1-a453-21932d1afafd
Thu Jan  2 11:43:11 2025: Socket received request to stop server.
Thu Jan  2 11:43:11 2025: Dispatch Server: do_await_stop
Thu Jan  2 11:43:11 2025: Dispatch Server: stopping mainFifo_
Thu Jan  2 11:43:11 2025: XCD main fifo: Stopping
Thu Jan  2 11:43:11 2025: XCD main fifo: do_read error code: Operation canceled
Thu Jan  2 11:43:11 2025: XCD main fifo: bytes_transferred: 0
Thu Jan  2 11:43:11 2025: SERVER: destructor for server bound to port 33199
Thu Jan  2 11:43:11 2025: XCD main fifo: Good unlink of /tmp/xcdmain9d766062-6037-41b1-a453-21932d1afafd
Thu Jan  2 11:43:11 2025: Server exiting with status 0.
Thu Jan  2 11:43:11 2025: Closing log file.
