

================================================================
== Vitis HLS Report for 'write_y_FT1'
================================================================
* Date:           Fri Jan  3 21:48:17 2025

* Version:        2023.2 (Build 4023990 on Oct 11 2023)
* Project:        kernel_nlp_slr1
* Solution:       solution (Vitis Kernel Flow Target)
* Product family: virtexuplusHBM
* Target device:  xcu55c-fsvh2892-2L-e


================================================================
== Performance Estimates
================================================================
+ Timing: 
    * Summary: 
    +--------+---------+----------+------------+
    |  Clock |  Target | Estimated| Uncertainty|
    +--------+---------+----------+------------+
    |ap_clk  |  4.55 ns|  1.000 ns|     1.23 ns|
    +--------+---------+----------+------------+

+ Latency: 
    * Summary: 
    +---------+---------+----------+----------+-----+-----+---------+
    |  Latency (cycles) |  Latency (absolute) |  Interval | Pipeline|
    |   min   |   max   |    min   |    max   | min | max |   Type  |
    +---------+---------+----------+----------+-----+-----+---------+
    |        1|        1|  4.545 ns|  4.545 ns|    1|    1|       no|
    +---------+---------+----------+----------+-----+-----+---------+

    + Detail: 
        * Instance: 
        N/A

        * Loop: 
        N/A



================================================================
== Utilization Estimates
================================================================
* Summary: 
+---------------------+---------+------+---------+---------+-----+
|         Name        | BRAM_18K|  DSP |    FF   |   LUT   | URAM|
+---------------------+---------+------+---------+---------+-----+
|DSP                  |        -|     -|        -|        -|    -|
|Expression           |        -|     -|        0|        2|    -|
|FIFO                 |        -|     -|        -|        -|    -|
|Instance             |        -|     -|        -|        -|    -|
|Memory               |        -|     -|        -|        -|    -|
|Multiplexer          |        -|     -|        -|       23|    -|
|Register             |        -|     -|        2|        -|    -|
+---------------------+---------+------+---------+---------+-----+
|Total                |        0|     0|        2|       25|    0|
+---------------------+---------+------+---------+---------+-----+
|Available SLR        |     1344|  3008|   869120|   434560|  320|
+---------------------+---------+------+---------+---------+-----+
|Utilization SLR (%)  |        0|     0|       ~0|       ~0|    0|
+---------------------+---------+------+---------+---------+-----+
|Available            |     4032|  9024|  2607360|  1303680|  960|
+---------------------+---------+------+---------+---------+-----+
|Utilization (%)      |        0|     0|       ~0|       ~0|    0|
+---------------------+---------+------+---------+---------+-----+

+ Detail: 
    * Instance: 
    N/A

    * DSP: 
    N/A

    * Memory: 
    N/A

    * FIFO: 
    N/A

    * Expression: 
    +-----------------+----------+----+---+----+------------+------------+
    |  Variable Name  | Operation| DSP| FF| LUT| Bitwidth P0| Bitwidth P1|
    +-----------------+----------+----+---+----+------------+------------+
    |ap_block_state1  |        or|   0|  0|   2|           1|           1|
    +-----------------+----------+----+---+----+------------+------------+
    |Total            |          |   0|  0|   2|           1|           1|
    +-----------------+----------+----+---+----+------------+------------+

    * Multiplexer: 
    +--------------------------------+----+-----------+-----+-----------+
    |              Name              | LUT| Input Size| Bits| Total Bits|
    +--------------------------------+----+-----------+-----+-----------+
    |ap_NS_fsm                       |  14|          3|    1|          3|
    |fifo_y_to_off_chip_TDATA_blk_n  |   9|          2|    1|          2|
    +--------------------------------+----+-----------+-----+-----------+
    |Total                           |  23|          5|    2|          5|
    +--------------------------------+----+-----------+-----+-----------+

    * Register: 
    +-----------+---+----+-----+-----------+
    |    Name   | FF| LUT| Bits| Const Bits|
    +-----------+---+----+-----+-----------+
    |ap_CS_fsm  |  2|   0|    2|          0|
    +-----------+---+----+-----+-----------+
    |Total      |  2|   0|    2|          0|
    +-----------+---+----+-----+-----------+



================================================================
== Interface
================================================================
* Summary: 
+---------------------------+-----+-----+------------+-----------------------------+--------------+
|         RTL Ports         | Dir | Bits|  Protocol  |        Source Object        |    C Type    |
+---------------------------+-----+-----+------------+-----------------------------+--------------+
|ap_clk                     |   in|    1|  ap_ctrl_hs|                  write_y_FT1|  return value|
|ap_rst                     |   in|    1|  ap_ctrl_hs|                  write_y_FT1|  return value|
|ap_start                   |   in|    1|  ap_ctrl_hs|                  write_y_FT1|  return value|
|ap_done                    |  out|    1|  ap_ctrl_hs|                  write_y_FT1|  return value|
|ap_idle                    |  out|    1|  ap_ctrl_hs|                  write_y_FT1|  return value|
|ap_ready                   |  out|    1|  ap_ctrl_hs|                  write_y_FT1|  return value|
|y_0_val                    |   in|   32|     ap_none|                      y_0_val|        scalar|
|y_1_val                    |   in|   32|     ap_none|                      y_1_val|        scalar|
|y_2_val                    |   in|   32|     ap_none|                      y_2_val|        scalar|
|y_3_val                    |   in|   32|     ap_none|                      y_3_val|        scalar|
|y_4_val                    |   in|   32|     ap_none|                      y_4_val|        scalar|
|y_5_val                    |   in|   32|     ap_none|                      y_5_val|        scalar|
|y_6_val                    |   in|   32|     ap_none|                      y_6_val|        scalar|
|y_7_val                    |   in|   32|     ap_none|                      y_7_val|        scalar|
|y_8_val                    |   in|   32|     ap_none|                      y_8_val|        scalar|
|y_9_val                    |   in|   32|     ap_none|                      y_9_val|        scalar|
|y_10_val                   |   in|   32|     ap_none|                     y_10_val|        scalar|
|y_11_val                   |   in|   32|     ap_none|                     y_11_val|        scalar|
|y_12_val                   |   in|   32|     ap_none|                     y_12_val|        scalar|
|y_13_val                   |   in|   32|     ap_none|                     y_13_val|        scalar|
|y_14_val                   |   in|   32|     ap_none|                     y_14_val|        scalar|
|y_15_val                   |   in|   32|     ap_none|                     y_15_val|        scalar|
|fifo_y_to_off_chip_TDATA   |  out|  512|        axis|  fifo_y_to_off_chip_V_data_V|       pointer|
|fifo_y_to_off_chip_TREADY  |   in|    1|        axis|  fifo_y_to_off_chip_V_data_V|       pointer|
|fifo_y_to_off_chip_TVALID  |  out|    1|        axis|  fifo_y_to_off_chip_V_last_V|       pointer|
|fifo_y_to_off_chip_TLAST   |  out|    1|        axis|  fifo_y_to_off_chip_V_last_V|       pointer|
|fifo_y_to_off_chip_TKEEP   |  out|   64|        axis|  fifo_y_to_off_chip_V_keep_V|       pointer|
|fifo_y_to_off_chip_TSTRB   |  out|   64|        axis|  fifo_y_to_off_chip_V_strb_V|       pointer|
+---------------------------+-----+-----+------------+-----------------------------+--------------+

