================================================================
== Design Size Report
================================================================

* Total Instructions per Compilation Phase
+---------------+-----------------------------+--------------+----------------------------------------------------------------------------------------+
| Phase         | Step                        | Instructions | Description                                                                            |
+---------------+-----------------------------+--------------+----------------------------------------------------------------------------------------+
| Compile/Link  |                             |    23,781    | After all functions are compiled and linked into a single design                       |
|               |                             |              |                                                                                        |
| Unroll/Inline |                             |              | After user unroll and inline pragmas are applied                                       |
|               | (1) unroll                  |   101,985 *  | user unroll pragmas are applied                                                        |
|               | (2) simplification          |    57,555    | simplification of applied user unroll pragmas                                          |
|               | (3) inline                  |    53,388    | user inline pragmas are applied                                                        |
|               | (4) simplification          |    48,426    | simplification of applied user inline pragmas                                          |
|               |                             |              |                                                                                        |
| Array/Struct  |                             |              | After user array partition and struct aggregate/disaggregate pragmas are applied       |
|               | (1) array partition         | 2,102,642 *  | user array partition pragmas are applied                                               |
|               | (2) simplification          |    88,746    | simplification of applied user array partition & struct aggregate/disaggregate pragmas |
|               | (3) aggregate/disaggregate  |    88,827    | user struct aggregate/disaggregate pragmas are applied                                 |
|               | (4) array reshape           |    94,977    | apply array reshape pragmas                                                            |
|               | (5) access patterns         |    95,000    | array access pattern optmizations                                                      |
|               |                             |              |                                                                                        |
| Performance   |                             |              | After transformations are applied to meet performance pragma targets                   |
|               | (1) loop simplification     |    87,085    | loop and instruction simplification                                                    |
|               | (2) parallelization         |    84,354    | loops are unrolled or pipelined to meet performance targets                            |
|               | (3) array partition         |    84,354    | arrays are partitioned to meet performance targets                                     |
|               | (4) simplification          |    84,354    | simplification of design after performance transformations                             |
|               |                             |              |                                                                                        |
| HW Transforms |                             |              | After hardware transfomations                                                          |
|               | (1) lowering                |    84,078    | initial conversion to HW specific instructions                                         |
|               | (2) optimizations           |    86,446    | high level synthesis optimizations                                                     |
+---------------+-----------------------------+--------------+----------------------------------------------------------------------------------------+
    * - Exceeded design size warning message threshold

* Instructions per Function for each Compilation Phase
+-------------------------+---------------+------------------+------------------+-------------------+------------------+------------------+
| Function                | Location      | Compile/Link     | Unroll/Inline    | Array/Struct      | Performance      | HW Transforms    |
+-------------------------+---------------+------------------+------------------+-------------------+------------------+------------------+
| + kernel_nlp_slr0       | slr0.cpp:1988 | 23,781           | 48,426           | 95,000            | 84,354           | 86,446           |
|    load_vy_for_task1    | slr0.cpp:9    |    17            |    10            |   160             |   160            |   155            |
|    load_vx_for_task1    | slr0.cpp:44   |    17            |    10            |   160             |   160            |   155            |
|    load_vw_for_task3    | slr0.cpp:79   |    17            |    10            |    88             |    88            |    83            |
|    load_ve2_for_task0   | slr0.cpp:106  |    17            |    10            |   160             |   160            |   155            |
|    load_vA_for_task0    | slr0.cpp:141  |    17            |    10            |   160             |   160            |   155            |
|    load_ve1_for_task0   | slr0.cpp:176  |    17            |    10            |   160             |   160            |   155            |
|    load_vu2_for_task0   | slr0.cpp:211  |    17            |    10            |   160             |   160            |   155            |
|    load_vu1_for_task0   | slr0.cpp:246  |    17            |    10            |   160             |   160            |   155            |
|    load_vz_for_task2    | slr0.cpp:281  |    17            |    10            |   160             |   160            |   155            |
|  + FT0_level0           | slr0.cpp:453  | 14,342           | 32,186           | 62,720            | 52,370           | 53,654           |
|     read_u1_FT0         | slr0.cpp:807  |   310            |    91            | 1,484             | 1,483            | 1,518            |
|     read_u2_FT0         | slr0.cpp:872  |   310            |    91            | 1,484             | 1,483            | 1,518            |
|     read_e2_FT0         | slr0.cpp:937  |   310            |    91            |   138             |   137            |   172            |
|     read_e1_FT0         | slr0.cpp:1002 |   939 (3 calls)  |   219 (3 calls)  |   309 (3 calls)   |   306 (3 calls)  |   399 (3 calls)  |
|   + FT0_level1          | slr0.cpp:517  | 12,400 (2 calls) | 31,660 (2 calls) | 58,966 (2 calls)  | 48,590 (2 calls) | 49,672 (2 calls) |
|      read_A_FT0         | slr0.cpp:1073 |   744 (2 calls)  |   162 (2 calls)  | 2,832 (2 calls)   | 2,828 (2 calls)  | 2,900 (2 calls)  |
|    + compute_FT0_level1 | slr0.cpp:497  | 9,306 (6 calls)  | 30,948 (6 calls) | 47,664 (6 calls)  | 36,018 (6 calls) | 36,828 (6 calls) |
|       read_A_FT0        | slr0.cpp:1073 | 2,232 (6 calls)  |   486 (6 calls)  | 8,508 (6 calls)   | 8,496 (6 calls)  | 8,712 (6 calls)  |
|       task0_intra       | slr0.cpp:745  |   294 (6 calls)  | 28,896 (6 calls) | 25,302 (6 calls)  | 25,206 (6 calls) | 25,212 (6 calls) |
|       write_A_FT0       | slr0.cpp:1788 | 6,660 (18 calls) | 1,458 (18 calls) | 13,806 (18 calls) | 2,268 (18 calls) | 2,844 (18 calls) |
|      write_A_FT0        | slr0.cpp:1788 | 2,220 (6 calls)  |   486 (6 calls)  | 4,590 (6 calls)   |   744 (6 calls)  |   936 (6 calls)  |
|  + FT1_level0           | slr0.cpp:604  | 6,536            | 2,351            | 3,413             | 3,288            | 3,881            |
|     read_y_FT1          | slr0.cpp:1149 |   310            |    91            |   137             |   136            |   171            |
|     read_z_FT1          | slr0.cpp:1214 |   310            |    91            |   138             |   137            |   172            |
|     read_x_FT1          | slr0.cpp:1279 |   313            |    73            |   100             |    99            |   130            |
|     read_A_FT1          | slr0.cpp:1350 |   445            |    86            |   160             |   159            |   197            |
|   + compute_FT1_level0  | slr0.cpp:585  | 4,422 (3 calls)  | 1,815 (3 calls)  | 2,382 (3 calls)   | 2,229 (3 calls)  | 2,625 (3 calls)  |
|      read_x_FT1         | slr0.cpp:1279 |   939 (3 calls)  |   219 (3 calls)  |   309 (3 calls)   |   306 (3 calls)  |   399 (3 calls)  |
|      read_A_FT1         | slr0.cpp:1350 | 1,335 (3 calls)  |   258 (3 calls)  |   489 (3 calls)   |   483 (3 calls)  |   600 (3 calls)  |
|      task1_intra        | slr0.cpp:761  |   147 (3 calls)  |   453 (3 calls)  |   456 (3 calls)   |   408 (3 calls)  |   423 (3 calls)  |
|      task2_intra        | slr0.cpp:779  |    66 (3 calls)  |   384 (3 calls)  |   387 (3 calls)   |   387 (3 calls)  |   390 (3 calls)  |
|      write_x_FT1        | slr0.cpp:1866 | 1,866 (6 calls)  |   438 (6 calls)  |   714 (6 calls)   |   618 (6 calls)  |   780 (6 calls)  |
|     write_x_FT1         | slr0.cpp:1866 |   622 (2 calls)  |   146 (2 calls)  |   232 (2 calls)   |   200 (2 calls)  |   254 (2 calls)  |
|  + FT2_level0           | slr0.cpp:696  | 2,446            | 13,615           | 26,997            | 26,826           | 27,069           |
|     read_A_FT2          | slr0.cpp:1485 |   453            |   104            | 9,296             | 9,256            | 9,297            |
|     read_x_FT2          | slr0.cpp:1620 |   385            |    92            |   311             |   310            |   345            |
|     read_w_FT2          | slr0.cpp:1741 |   169            |    54            |   138             |   137            |   156            |
|   + compute_FT2_level0  | slr0.cpp:683  | 1,191 (3 calls)  | 13,275 (3 calls) | 13,746 (3 calls)  | 13,497 (3 calls) | 13,626 (3 calls) |
|      read_w_FT2         | slr0.cpp:1741 |   507 (3 calls)  |   162 (3 calls)  |   423 (3 calls)   |   417 (3 calls)  |   477 (3 calls)  |
|      task3_intra        | slr0.cpp:789  |   147 (3 calls)  | 12,915 (3 calls) | 12,978 (3 calls)  | 12,858 (3 calls) | 12,873 (3 calls) |
|      write_w_FT2        | slr0.cpp:1939 |   501 (3 calls)  |   162 (3 calls)  |   327 (3 calls)   |   204 (3 calls)  |   252 (3 calls)  |
|     write_w_FT2         | slr0.cpp:1939 |   167            |    54            |   106             |    66            |    81            |
|    store_vx_for_task1   | slr0.cpp:316  |    26            |    10            |   160             |   160            |   156            |
|    store_vA_for_task0   | slr0.cpp:367  |    26            |    10            |   160             |   160            |   156            |
|    store_vw_for_task3   | slr0.cpp:418  |    26            |    10            |    88             |    88            |    84            |
+-------------------------+---------------+------------------+------------------+-------------------+------------------+------------------+

* Design Size Message Settings
+---------------------------------------------+--------+------------------------------------------------------------------+
| Message Setting                             | Value  | Description                                                      |
+---------------------------------------------+--------+------------------------------------------------------------------+
| config_compile -design_size_maximum_warning | 100000 | Show a warning when total design instructions exceeds this value |
+---------------------------------------------+--------+------------------------------------------------------------------+


