

================================================================
== Vitis HLS Report for 'entry_proc26'
================================================================
* Date:           Thu Dec  5 15:42:42 2024

* Version:        2023.2 (Build 4023990 on Oct 11 2023)
* Project:        kernel_nlp_slr0
* Solution:       solution (Vitis Kernel Flow Target)
* Product family: virtexuplusHBM
* Target device:  xcu55c-fsvh2892-2L-e


================================================================
== Performance Estimates
================================================================
+ Timing: 
    * Summary: 
    +--------+---------+----------+------------+
    |  Clock |  Target | Estimated| Uncertainty|
    +--------+---------+----------+------------+
    |ap_clk  |  4.55 ns|  1.465 ns|     1.23 ns|
    +--------+---------+----------+------------+

+ Latency: 
    * Summary: 
    +---------+---------+----------+----------+-----+-----+---------+
    |  Latency (cycles) |  Latency (absolute) |  Interval | Pipeline|
    |   min   |   max   |    min   |    max   | min | max |   Type  |
    +---------+---------+----------+----------+-----+-----+---------+
    |        0|        0|      0 ns|      0 ns|    0|    0|       no|
    +---------+---------+----------+----------+-----+-----+---------+

    + Detail: 
        * Instance: 
        N/A

        * Loop: 
        N/A



================================================================
== Utilization Estimates
================================================================
* Summary: 
+---------------------+---------+------+---------+---------+-----+
|         Name        | BRAM_18K|  DSP |    FF   |   LUT   | URAM|
+---------------------+---------+------+---------+---------+-----+
|DSP                  |        -|     -|        -|        -|    -|
|Expression           |        -|     -|        0|        2|    -|
|FIFO                 |        -|     -|        -|        -|    -|
|Instance             |        -|     -|        -|        -|    -|
|Memory               |        -|     -|        -|        -|    -|
|Multiplexer          |        -|     -|        -|      297|    -|
|Register             |        -|     -|        2|        -|    -|
+---------------------+---------+------+---------+---------+-----+
|Total                |        0|     0|        2|      299|    0|
+---------------------+---------+------+---------+---------+-----+
|Available SLR        |     1344|  3008|   869120|   434560|  320|
+---------------------+---------+------+---------+---------+-----+
|Utilization SLR (%)  |        0|     0|       ~0|       ~0|    0|
+---------------------+---------+------+---------+---------+-----+
|Available            |     4032|  9024|  2607360|  1303680|  960|
+---------------------+---------+------+---------+---------+-----+
|Utilization (%)      |        0|     0|       ~0|       ~0|    0|
+---------------------+---------+------+---------+---------+-----+

+ Detail: 
    * Instance: 
    N/A

    * DSP: 
    N/A

    * Memory: 
    N/A

    * FIFO: 
    N/A

    * Expression: 
    +-----------------+----------+----+---+----+------------+------------+
    |  Variable Name  | Operation| DSP| FF| LUT| Bitwidth P0| Bitwidth P1|
    +-----------------+----------+----+---+----+------------+------------+
    |ap_block_state1  |        or|   0|  0|   2|           1|           1|
    +-----------------+----------+----+---+----+------------+------------+
    |Total            |          |   0|  0|   2|           1|           1|
    +-----------------+----------+----+---+----+------------+------------+

    * Multiplexer: 
    +------------------------+----+-----------+-----+-----------+
    |          Name          | LUT| Input Size| Bits| Total Bits|
    +------------------------+----+-----------+-----+-----------+
    |ap_done                 |   9|          2|    1|          2|
    |x_2_0_val3_c1_blk_n     |   9|          2|    1|          2|
    |x_2_0_val3_c_blk_n      |   9|          2|    1|          2|
    |x_2_10_val23_c11_blk_n  |   9|          2|    1|          2|
    |x_2_10_val23_c_blk_n    |   9|          2|    1|          2|
    |x_2_11_val25_c12_blk_n  |   9|          2|    1|          2|
    |x_2_11_val25_c_blk_n    |   9|          2|    1|          2|
    |x_2_12_val27_c13_blk_n  |   9|          2|    1|          2|
    |x_2_12_val27_c_blk_n    |   9|          2|    1|          2|
    |x_2_13_val29_c14_blk_n  |   9|          2|    1|          2|
    |x_2_13_val29_c_blk_n    |   9|          2|    1|          2|
    |x_2_14_val31_c15_blk_n  |   9|          2|    1|          2|
    |x_2_14_val31_c_blk_n    |   9|          2|    1|          2|
    |x_2_15_val33_c16_blk_n  |   9|          2|    1|          2|
    |x_2_15_val33_c_blk_n    |   9|          2|    1|          2|
    |x_2_1_val5_c2_blk_n     |   9|          2|    1|          2|
    |x_2_1_val5_c_blk_n      |   9|          2|    1|          2|
    |x_2_2_val7_c3_blk_n     |   9|          2|    1|          2|
    |x_2_2_val7_c_blk_n      |   9|          2|    1|          2|
    |x_2_3_val9_c4_blk_n     |   9|          2|    1|          2|
    |x_2_3_val9_c_blk_n      |   9|          2|    1|          2|
    |x_2_4_val11_c5_blk_n    |   9|          2|    1|          2|
    |x_2_4_val11_c_blk_n     |   9|          2|    1|          2|
    |x_2_5_val13_c6_blk_n    |   9|          2|    1|          2|
    |x_2_5_val13_c_blk_n     |   9|          2|    1|          2|
    |x_2_6_val15_c7_blk_n    |   9|          2|    1|          2|
    |x_2_6_val15_c_blk_n     |   9|          2|    1|          2|
    |x_2_7_val17_c8_blk_n    |   9|          2|    1|          2|
    |x_2_7_val17_c_blk_n     |   9|          2|    1|          2|
    |x_2_8_val19_c9_blk_n    |   9|          2|    1|          2|
    |x_2_8_val19_c_blk_n     |   9|          2|    1|          2|
    |x_2_9_val21_c10_blk_n   |   9|          2|    1|          2|
    |x_2_9_val21_c_blk_n     |   9|          2|    1|          2|
    +------------------------+----+-----------+-----+-----------+
    |Total                   | 297|         66|   33|         66|
    +------------------------+----+-----------+-----+-----------+

    * Register: 
    +-------------+---+----+-----+-----------+
    |     Name    | FF| LUT| Bits| Const Bits|
    +-------------+---+----+-----+-----------+
    |ap_CS_fsm    |  1|   0|    1|          0|
    |ap_done_reg  |  1|   0|    1|          0|
    +-------------+---+----+-----+-----------+
    |Total        |  2|   0|    2|          0|
    +-------------+---+----+-----+-----------+



================================================================
== Interface
================================================================
* Summary: 
+---------------------------------+-----+-----+------------+------------------+--------------+
|            RTL Ports            | Dir | Bits|  Protocol  |   Source Object  |    C Type    |
+---------------------------------+-----+-----+------------+------------------+--------------+
|ap_clk                           |   in|    1|  ap_ctrl_hs|      entry_proc26|  return value|
|ap_rst                           |   in|    1|  ap_ctrl_hs|      entry_proc26|  return value|
|ap_start                         |   in|    1|  ap_ctrl_hs|      entry_proc26|  return value|
|ap_done                          |  out|    1|  ap_ctrl_hs|      entry_proc26|  return value|
|ap_continue                      |   in|    1|  ap_ctrl_hs|      entry_proc26|  return value|
|ap_idle                          |  out|    1|  ap_ctrl_hs|      entry_proc26|  return value|
|ap_ready                         |  out|    1|  ap_ctrl_hs|      entry_proc26|  return value|
|x_2_0_val3                       |   in|   32|     ap_none|        x_2_0_val3|        scalar|
|x_2_0_val3_c_din                 |  out|   32|     ap_fifo|      x_2_0_val3_c|       pointer|
|x_2_0_val3_c_num_data_valid      |   in|    3|     ap_fifo|      x_2_0_val3_c|       pointer|
|x_2_0_val3_c_fifo_cap            |   in|    3|     ap_fifo|      x_2_0_val3_c|       pointer|
|x_2_0_val3_c_full_n              |   in|    1|     ap_fifo|      x_2_0_val3_c|       pointer|
|x_2_0_val3_c_write               |  out|    1|     ap_fifo|      x_2_0_val3_c|       pointer|
|x_2_0_val3_c1_din                |  out|   32|     ap_fifo|     x_2_0_val3_c1|       pointer|
|x_2_0_val3_c1_num_data_valid     |   in|    3|     ap_fifo|     x_2_0_val3_c1|       pointer|
|x_2_0_val3_c1_fifo_cap           |   in|    3|     ap_fifo|     x_2_0_val3_c1|       pointer|
|x_2_0_val3_c1_full_n             |   in|    1|     ap_fifo|     x_2_0_val3_c1|       pointer|
|x_2_0_val3_c1_write              |  out|    1|     ap_fifo|     x_2_0_val3_c1|       pointer|
|x_2_1_val5                       |   in|   32|     ap_none|        x_2_1_val5|        scalar|
|x_2_1_val5_c_din                 |  out|   32|     ap_fifo|      x_2_1_val5_c|       pointer|
|x_2_1_val5_c_num_data_valid      |   in|    3|     ap_fifo|      x_2_1_val5_c|       pointer|
|x_2_1_val5_c_fifo_cap            |   in|    3|     ap_fifo|      x_2_1_val5_c|       pointer|
|x_2_1_val5_c_full_n              |   in|    1|     ap_fifo|      x_2_1_val5_c|       pointer|
|x_2_1_val5_c_write               |  out|    1|     ap_fifo|      x_2_1_val5_c|       pointer|
|x_2_1_val5_c2_din                |  out|   32|     ap_fifo|     x_2_1_val5_c2|       pointer|
|x_2_1_val5_c2_num_data_valid     |   in|    3|     ap_fifo|     x_2_1_val5_c2|       pointer|
|x_2_1_val5_c2_fifo_cap           |   in|    3|     ap_fifo|     x_2_1_val5_c2|       pointer|
|x_2_1_val5_c2_full_n             |   in|    1|     ap_fifo|     x_2_1_val5_c2|       pointer|
|x_2_1_val5_c2_write              |  out|    1|     ap_fifo|     x_2_1_val5_c2|       pointer|
|x_2_2_val7                       |   in|   32|     ap_none|        x_2_2_val7|        scalar|
|x_2_2_val7_c_din                 |  out|   32|     ap_fifo|      x_2_2_val7_c|       pointer|
|x_2_2_val7_c_num_data_valid      |   in|    3|     ap_fifo|      x_2_2_val7_c|       pointer|
|x_2_2_val7_c_fifo_cap            |   in|    3|     ap_fifo|      x_2_2_val7_c|       pointer|
|x_2_2_val7_c_full_n              |   in|    1|     ap_fifo|      x_2_2_val7_c|       pointer|
|x_2_2_val7_c_write               |  out|    1|     ap_fifo|      x_2_2_val7_c|       pointer|
|x_2_2_val7_c3_din                |  out|   32|     ap_fifo|     x_2_2_val7_c3|       pointer|
|x_2_2_val7_c3_num_data_valid     |   in|    3|     ap_fifo|     x_2_2_val7_c3|       pointer|
|x_2_2_val7_c3_fifo_cap           |   in|    3|     ap_fifo|     x_2_2_val7_c3|       pointer|
|x_2_2_val7_c3_full_n             |   in|    1|     ap_fifo|     x_2_2_val7_c3|       pointer|
|x_2_2_val7_c3_write              |  out|    1|     ap_fifo|     x_2_2_val7_c3|       pointer|
|x_2_3_val9                       |   in|   32|     ap_none|        x_2_3_val9|        scalar|
|x_2_3_val9_c_din                 |  out|   32|     ap_fifo|      x_2_3_val9_c|       pointer|
|x_2_3_val9_c_num_data_valid      |   in|    3|     ap_fifo|      x_2_3_val9_c|       pointer|
|x_2_3_val9_c_fifo_cap            |   in|    3|     ap_fifo|      x_2_3_val9_c|       pointer|
|x_2_3_val9_c_full_n              |   in|    1|     ap_fifo|      x_2_3_val9_c|       pointer|
|x_2_3_val9_c_write               |  out|    1|     ap_fifo|      x_2_3_val9_c|       pointer|
|x_2_3_val9_c4_din                |  out|   32|     ap_fifo|     x_2_3_val9_c4|       pointer|
|x_2_3_val9_c4_num_data_valid     |   in|    3|     ap_fifo|     x_2_3_val9_c4|       pointer|
|x_2_3_val9_c4_fifo_cap           |   in|    3|     ap_fifo|     x_2_3_val9_c4|       pointer|
|x_2_3_val9_c4_full_n             |   in|    1|     ap_fifo|     x_2_3_val9_c4|       pointer|
|x_2_3_val9_c4_write              |  out|    1|     ap_fifo|     x_2_3_val9_c4|       pointer|
|x_2_4_val11                      |   in|   32|     ap_none|       x_2_4_val11|        scalar|
|x_2_4_val11_c_din                |  out|   32|     ap_fifo|     x_2_4_val11_c|       pointer|
|x_2_4_val11_c_num_data_valid     |   in|    3|     ap_fifo|     x_2_4_val11_c|       pointer|
|x_2_4_val11_c_fifo_cap           |   in|    3|     ap_fifo|     x_2_4_val11_c|       pointer|
|x_2_4_val11_c_full_n             |   in|    1|     ap_fifo|     x_2_4_val11_c|       pointer|
|x_2_4_val11_c_write              |  out|    1|     ap_fifo|     x_2_4_val11_c|       pointer|
|x_2_4_val11_c5_din               |  out|   32|     ap_fifo|    x_2_4_val11_c5|       pointer|
|x_2_4_val11_c5_num_data_valid    |   in|    3|     ap_fifo|    x_2_4_val11_c5|       pointer|
|x_2_4_val11_c5_fifo_cap          |   in|    3|     ap_fifo|    x_2_4_val11_c5|       pointer|
|x_2_4_val11_c5_full_n            |   in|    1|     ap_fifo|    x_2_4_val11_c5|       pointer|
|x_2_4_val11_c5_write             |  out|    1|     ap_fifo|    x_2_4_val11_c5|       pointer|
|x_2_5_val13                      |   in|   32|     ap_none|       x_2_5_val13|        scalar|
|x_2_5_val13_c_din                |  out|   32|     ap_fifo|     x_2_5_val13_c|       pointer|
|x_2_5_val13_c_num_data_valid     |   in|    3|     ap_fifo|     x_2_5_val13_c|       pointer|
|x_2_5_val13_c_fifo_cap           |   in|    3|     ap_fifo|     x_2_5_val13_c|       pointer|
|x_2_5_val13_c_full_n             |   in|    1|     ap_fifo|     x_2_5_val13_c|       pointer|
|x_2_5_val13_c_write              |  out|    1|     ap_fifo|     x_2_5_val13_c|       pointer|
|x_2_5_val13_c6_din               |  out|   32|     ap_fifo|    x_2_5_val13_c6|       pointer|
|x_2_5_val13_c6_num_data_valid    |   in|    3|     ap_fifo|    x_2_5_val13_c6|       pointer|
|x_2_5_val13_c6_fifo_cap          |   in|    3|     ap_fifo|    x_2_5_val13_c6|       pointer|
|x_2_5_val13_c6_full_n            |   in|    1|     ap_fifo|    x_2_5_val13_c6|       pointer|
|x_2_5_val13_c6_write             |  out|    1|     ap_fifo|    x_2_5_val13_c6|       pointer|
|x_2_6_val15                      |   in|   32|     ap_none|       x_2_6_val15|        scalar|
|x_2_6_val15_c_din                |  out|   32|     ap_fifo|     x_2_6_val15_c|       pointer|
|x_2_6_val15_c_num_data_valid     |   in|    3|     ap_fifo|     x_2_6_val15_c|       pointer|
|x_2_6_val15_c_fifo_cap           |   in|    3|     ap_fifo|     x_2_6_val15_c|       pointer|
|x_2_6_val15_c_full_n             |   in|    1|     ap_fifo|     x_2_6_val15_c|       pointer|
|x_2_6_val15_c_write              |  out|    1|     ap_fifo|     x_2_6_val15_c|       pointer|
|x_2_6_val15_c7_din               |  out|   32|     ap_fifo|    x_2_6_val15_c7|       pointer|
|x_2_6_val15_c7_num_data_valid    |   in|    3|     ap_fifo|    x_2_6_val15_c7|       pointer|
|x_2_6_val15_c7_fifo_cap          |   in|    3|     ap_fifo|    x_2_6_val15_c7|       pointer|
|x_2_6_val15_c7_full_n            |   in|    1|     ap_fifo|    x_2_6_val15_c7|       pointer|
|x_2_6_val15_c7_write             |  out|    1|     ap_fifo|    x_2_6_val15_c7|       pointer|
|x_2_7_val17                      |   in|   32|     ap_none|       x_2_7_val17|        scalar|
|x_2_7_val17_c_din                |  out|   32|     ap_fifo|     x_2_7_val17_c|       pointer|
|x_2_7_val17_c_num_data_valid     |   in|    3|     ap_fifo|     x_2_7_val17_c|       pointer|
|x_2_7_val17_c_fifo_cap           |   in|    3|     ap_fifo|     x_2_7_val17_c|       pointer|
|x_2_7_val17_c_full_n             |   in|    1|     ap_fifo|     x_2_7_val17_c|       pointer|
|x_2_7_val17_c_write              |  out|    1|     ap_fifo|     x_2_7_val17_c|       pointer|
|x_2_7_val17_c8_din               |  out|   32|     ap_fifo|    x_2_7_val17_c8|       pointer|
|x_2_7_val17_c8_num_data_valid    |   in|    3|     ap_fifo|    x_2_7_val17_c8|       pointer|
|x_2_7_val17_c8_fifo_cap          |   in|    3|     ap_fifo|    x_2_7_val17_c8|       pointer|
|x_2_7_val17_c8_full_n            |   in|    1|     ap_fifo|    x_2_7_val17_c8|       pointer|
|x_2_7_val17_c8_write             |  out|    1|     ap_fifo|    x_2_7_val17_c8|       pointer|
|x_2_8_val19                      |   in|   32|     ap_none|       x_2_8_val19|        scalar|
|x_2_8_val19_c_din                |  out|   32|     ap_fifo|     x_2_8_val19_c|       pointer|
|x_2_8_val19_c_num_data_valid     |   in|    3|     ap_fifo|     x_2_8_val19_c|       pointer|
|x_2_8_val19_c_fifo_cap           |   in|    3|     ap_fifo|     x_2_8_val19_c|       pointer|
|x_2_8_val19_c_full_n             |   in|    1|     ap_fifo|     x_2_8_val19_c|       pointer|
|x_2_8_val19_c_write              |  out|    1|     ap_fifo|     x_2_8_val19_c|       pointer|
|x_2_8_val19_c9_din               |  out|   32|     ap_fifo|    x_2_8_val19_c9|       pointer|
|x_2_8_val19_c9_num_data_valid    |   in|    3|     ap_fifo|    x_2_8_val19_c9|       pointer|
|x_2_8_val19_c9_fifo_cap          |   in|    3|     ap_fifo|    x_2_8_val19_c9|       pointer|
|x_2_8_val19_c9_full_n            |   in|    1|     ap_fifo|    x_2_8_val19_c9|       pointer|
|x_2_8_val19_c9_write             |  out|    1|     ap_fifo|    x_2_8_val19_c9|       pointer|
|x_2_9_val21                      |   in|   32|     ap_none|       x_2_9_val21|        scalar|
|x_2_9_val21_c_din                |  out|   32|     ap_fifo|     x_2_9_val21_c|       pointer|
|x_2_9_val21_c_num_data_valid     |   in|    3|     ap_fifo|     x_2_9_val21_c|       pointer|
|x_2_9_val21_c_fifo_cap           |   in|    3|     ap_fifo|     x_2_9_val21_c|       pointer|
|x_2_9_val21_c_full_n             |   in|    1|     ap_fifo|     x_2_9_val21_c|       pointer|
|x_2_9_val21_c_write              |  out|    1|     ap_fifo|     x_2_9_val21_c|       pointer|
|x_2_9_val21_c10_din              |  out|   32|     ap_fifo|   x_2_9_val21_c10|       pointer|
|x_2_9_val21_c10_num_data_valid   |   in|    3|     ap_fifo|   x_2_9_val21_c10|       pointer|
|x_2_9_val21_c10_fifo_cap         |   in|    3|     ap_fifo|   x_2_9_val21_c10|       pointer|
|x_2_9_val21_c10_full_n           |   in|    1|     ap_fifo|   x_2_9_val21_c10|       pointer|
|x_2_9_val21_c10_write            |  out|    1|     ap_fifo|   x_2_9_val21_c10|       pointer|
|x_2_10_val23                     |   in|   32|     ap_none|      x_2_10_val23|        scalar|
|x_2_10_val23_c_din               |  out|   32|     ap_fifo|    x_2_10_val23_c|       pointer|
|x_2_10_val23_c_num_data_valid    |   in|    3|     ap_fifo|    x_2_10_val23_c|       pointer|
|x_2_10_val23_c_fifo_cap          |   in|    3|     ap_fifo|    x_2_10_val23_c|       pointer|
|x_2_10_val23_c_full_n            |   in|    1|     ap_fifo|    x_2_10_val23_c|       pointer|
|x_2_10_val23_c_write             |  out|    1|     ap_fifo|    x_2_10_val23_c|       pointer|
|x_2_10_val23_c11_din             |  out|   32|     ap_fifo|  x_2_10_val23_c11|       pointer|
|x_2_10_val23_c11_num_data_valid  |   in|    3|     ap_fifo|  x_2_10_val23_c11|       pointer|
|x_2_10_val23_c11_fifo_cap        |   in|    3|     ap_fifo|  x_2_10_val23_c11|       pointer|
|x_2_10_val23_c11_full_n          |   in|    1|     ap_fifo|  x_2_10_val23_c11|       pointer|
|x_2_10_val23_c11_write           |  out|    1|     ap_fifo|  x_2_10_val23_c11|       pointer|
|x_2_11_val25                     |   in|   32|     ap_none|      x_2_11_val25|        scalar|
|x_2_11_val25_c_din               |  out|   32|     ap_fifo|    x_2_11_val25_c|       pointer|
|x_2_11_val25_c_num_data_valid    |   in|    3|     ap_fifo|    x_2_11_val25_c|       pointer|
|x_2_11_val25_c_fifo_cap          |   in|    3|     ap_fifo|    x_2_11_val25_c|       pointer|
|x_2_11_val25_c_full_n            |   in|    1|     ap_fifo|    x_2_11_val25_c|       pointer|
|x_2_11_val25_c_write             |  out|    1|     ap_fifo|    x_2_11_val25_c|       pointer|
|x_2_11_val25_c12_din             |  out|   32|     ap_fifo|  x_2_11_val25_c12|       pointer|
|x_2_11_val25_c12_num_data_valid  |   in|    3|     ap_fifo|  x_2_11_val25_c12|       pointer|
|x_2_11_val25_c12_fifo_cap        |   in|    3|     ap_fifo|  x_2_11_val25_c12|       pointer|
|x_2_11_val25_c12_full_n          |   in|    1|     ap_fifo|  x_2_11_val25_c12|       pointer|
|x_2_11_val25_c12_write           |  out|    1|     ap_fifo|  x_2_11_val25_c12|       pointer|
|x_2_12_val27                     |   in|   32|     ap_none|      x_2_12_val27|        scalar|
|x_2_12_val27_c_din               |  out|   32|     ap_fifo|    x_2_12_val27_c|       pointer|
|x_2_12_val27_c_num_data_valid    |   in|    3|     ap_fifo|    x_2_12_val27_c|       pointer|
|x_2_12_val27_c_fifo_cap          |   in|    3|     ap_fifo|    x_2_12_val27_c|       pointer|
|x_2_12_val27_c_full_n            |   in|    1|     ap_fifo|    x_2_12_val27_c|       pointer|
|x_2_12_val27_c_write             |  out|    1|     ap_fifo|    x_2_12_val27_c|       pointer|
|x_2_12_val27_c13_din             |  out|   32|     ap_fifo|  x_2_12_val27_c13|       pointer|
|x_2_12_val27_c13_num_data_valid  |   in|    3|     ap_fifo|  x_2_12_val27_c13|       pointer|
|x_2_12_val27_c13_fifo_cap        |   in|    3|     ap_fifo|  x_2_12_val27_c13|       pointer|
|x_2_12_val27_c13_full_n          |   in|    1|     ap_fifo|  x_2_12_val27_c13|       pointer|
|x_2_12_val27_c13_write           |  out|    1|     ap_fifo|  x_2_12_val27_c13|       pointer|
|x_2_13_val29                     |   in|   32|     ap_none|      x_2_13_val29|        scalar|
|x_2_13_val29_c_din               |  out|   32|     ap_fifo|    x_2_13_val29_c|       pointer|
|x_2_13_val29_c_num_data_valid    |   in|    3|     ap_fifo|    x_2_13_val29_c|       pointer|
|x_2_13_val29_c_fifo_cap          |   in|    3|     ap_fifo|    x_2_13_val29_c|       pointer|
|x_2_13_val29_c_full_n            |   in|    1|     ap_fifo|    x_2_13_val29_c|       pointer|
|x_2_13_val29_c_write             |  out|    1|     ap_fifo|    x_2_13_val29_c|       pointer|
|x_2_13_val29_c14_din             |  out|   32|     ap_fifo|  x_2_13_val29_c14|       pointer|
|x_2_13_val29_c14_num_data_valid  |   in|    3|     ap_fifo|  x_2_13_val29_c14|       pointer|
|x_2_13_val29_c14_fifo_cap        |   in|    3|     ap_fifo|  x_2_13_val29_c14|       pointer|
|x_2_13_val29_c14_full_n          |   in|    1|     ap_fifo|  x_2_13_val29_c14|       pointer|
|x_2_13_val29_c14_write           |  out|    1|     ap_fifo|  x_2_13_val29_c14|       pointer|
|x_2_14_val31                     |   in|   32|     ap_none|      x_2_14_val31|        scalar|
|x_2_14_val31_c_din               |  out|   32|     ap_fifo|    x_2_14_val31_c|       pointer|
|x_2_14_val31_c_num_data_valid    |   in|    3|     ap_fifo|    x_2_14_val31_c|       pointer|
|x_2_14_val31_c_fifo_cap          |   in|    3|     ap_fifo|    x_2_14_val31_c|       pointer|
|x_2_14_val31_c_full_n            |   in|    1|     ap_fifo|    x_2_14_val31_c|       pointer|
|x_2_14_val31_c_write             |  out|    1|     ap_fifo|    x_2_14_val31_c|       pointer|
|x_2_14_val31_c15_din             |  out|   32|     ap_fifo|  x_2_14_val31_c15|       pointer|
|x_2_14_val31_c15_num_data_valid  |   in|    3|     ap_fifo|  x_2_14_val31_c15|       pointer|
|x_2_14_val31_c15_fifo_cap        |   in|    3|     ap_fifo|  x_2_14_val31_c15|       pointer|
|x_2_14_val31_c15_full_n          |   in|    1|     ap_fifo|  x_2_14_val31_c15|       pointer|
|x_2_14_val31_c15_write           |  out|    1|     ap_fifo|  x_2_14_val31_c15|       pointer|
|x_2_15_val33                     |   in|   32|     ap_none|      x_2_15_val33|        scalar|
|x_2_15_val33_c_din               |  out|   32|     ap_fifo|    x_2_15_val33_c|       pointer|
|x_2_15_val33_c_num_data_valid    |   in|    3|     ap_fifo|    x_2_15_val33_c|       pointer|
|x_2_15_val33_c_fifo_cap          |   in|    3|     ap_fifo|    x_2_15_val33_c|       pointer|
|x_2_15_val33_c_full_n            |   in|    1|     ap_fifo|    x_2_15_val33_c|       pointer|
|x_2_15_val33_c_write             |  out|    1|     ap_fifo|    x_2_15_val33_c|       pointer|
|x_2_15_val33_c16_din             |  out|   32|     ap_fifo|  x_2_15_val33_c16|       pointer|
|x_2_15_val33_c16_num_data_valid  |   in|    3|     ap_fifo|  x_2_15_val33_c16|       pointer|
|x_2_15_val33_c16_fifo_cap        |   in|    3|     ap_fifo|  x_2_15_val33_c16|       pointer|
|x_2_15_val33_c16_full_n          |   in|    1|     ap_fifo|  x_2_15_val33_c16|       pointer|
|x_2_15_val33_c16_write           |  out|    1|     ap_fifo|  x_2_15_val33_c16|       pointer|
+---------------------------------+-----+-----+------------+------------------+--------------+

