

================================================================
== Vitis HLS Report for 'read_x_FT2'
================================================================
* Date:           Thu Dec  5 15:42:51 2024

* Version:        2023.2 (Build 4023990 on Oct 11 2023)
* Project:        kernel_nlp_slr0
* Solution:       solution (Vitis Kernel Flow Target)
* Product family: virtexuplusHBM
* Target device:  xcu55c-fsvh2892-2L-e


================================================================
== Performance Estimates
================================================================
+ Timing: 
    * Summary: 
    +--------+---------+----------+------------+
    |  Clock |  Target | Estimated| Uncertainty|
    +--------+---------+----------+------------+
    |ap_clk  |  4.55 ns|  2.559 ns|     1.23 ns|
    +--------+---------+----------+------------+

+ Latency: 
    * Summary: 
    +---------+---------+----------+----------+-----+-----+---------+
    |  Latency (cycles) |  Latency (absolute) |  Interval | Pipeline|
    |   min   |   max   |    min   |    max   | min | max |   Type  |
    +---------+---------+----------+----------+-----+-----+---------+
    |       27|       27|  0.123 us|  0.123 us|   27|   27|       no|
    +---------+---------+----------+----------+-----+-----+---------+

    + Detail: 
        * Instance: 
        N/A

        * Loop: 
        +---------------------+---------+---------+----------+-----------+-----------+------+----------+
        |                     |  Latency (cycles) | Iteration|  Initiation Interval  | Trip |          |
        |      Loop Name      |   min   |   max   |  Latency |  achieved |   target  | Count| Pipelined|
        +---------------------+---------+---------+----------+-----------+-----------+------+----------+
        |- VITIS_LOOP_1623_1  |       25|       25|         2|          1|          1|    25|       yes|
        +---------------------+---------+---------+----------+-----------+-----------+------+----------+



================================================================
== Utilization Estimates
================================================================
* Summary: 
+---------------------+---------+------+---------+---------+-----+
|         Name        | BRAM_18K|  DSP |    FF   |   LUT   | URAM|
+---------------------+---------+------+---------+---------+-----+
|DSP                  |        -|     -|        -|        -|    -|
|Expression           |        -|     -|        0|      196|    -|
|FIFO                 |        -|     -|        -|        -|    -|
|Instance             |        -|    15|        0|      139|    -|
|Memory               |        -|     -|        -|        -|    -|
|Multiplexer          |        -|     -|        -|     1103|    -|
|Register             |        -|     -|       21|        -|    -|
+---------------------+---------+------+---------+---------+-----+
|Total                |        0|    15|       21|     1438|    0|
+---------------------+---------+------+---------+---------+-----+
|Available SLR        |     1344|  3008|   869120|   434560|  320|
+---------------------+---------+------+---------+---------+-----+
|Utilization SLR (%)  |        0|    ~0|       ~0|       ~0|    0|
+---------------------+---------+------+---------+---------+-----+
|Available            |     4032|  9024|  2607360|  1303680|  960|
+---------------------+---------+------+---------+---------+-----+
|Utilization (%)      |        0|    ~0|       ~0|       ~0|    0|
+---------------------+---------+------+---------+---------+-----+

+ Detail: 
    * Instance: 
    +----------------------------+---------------------+---------+----+---+----+-----+
    |          Instance          |        Module       | BRAM_18K| DSP| FF| LUT| URAM|
    +----------------------------+---------------------+---------+----+---+----+-----+
    |mul_7ns_9ns_15_1_1_U18639   |mul_7ns_9ns_15_1_1   |        0|   0|  0|  49|    0|
    |mul_9ns_11ns_19_1_1_U18640  |mul_9ns_11ns_19_1_1  |        0|   1|  0|   6|    0|
    |mul_9ns_11ns_19_1_1_U18641  |mul_9ns_11ns_19_1_1  |        0|   1|  0|   6|    0|
    |mul_9ns_11ns_19_1_1_U18642  |mul_9ns_11ns_19_1_1  |        0|   1|  0|   6|    0|
    |mul_9ns_11ns_19_1_1_U18643  |mul_9ns_11ns_19_1_1  |        0|   1|  0|   6|    0|
    |mul_9ns_11ns_19_1_1_U18644  |mul_9ns_11ns_19_1_1  |        0|   1|  0|   6|    0|
    |mul_9ns_11ns_19_1_1_U18645  |mul_9ns_11ns_19_1_1  |        0|   1|  0|   6|    0|
    |mul_9ns_11ns_19_1_1_U18646  |mul_9ns_11ns_19_1_1  |        0|   1|  0|   6|    0|
    |mul_9ns_11ns_19_1_1_U18647  |mul_9ns_11ns_19_1_1  |        0|   1|  0|   6|    0|
    |mul_9ns_11ns_19_1_1_U18648  |mul_9ns_11ns_19_1_1  |        0|   1|  0|   6|    0|
    |mul_9ns_11ns_19_1_1_U18649  |mul_9ns_11ns_19_1_1  |        0|   1|  0|   6|    0|
    |mul_9ns_11ns_19_1_1_U18650  |mul_9ns_11ns_19_1_1  |        0|   1|  0|   6|    0|
    |mul_9ns_11ns_19_1_1_U18651  |mul_9ns_11ns_19_1_1  |        0|   1|  0|   6|    0|
    |mul_9ns_11ns_19_1_1_U18652  |mul_9ns_11ns_19_1_1  |        0|   1|  0|   6|    0|
    |mul_9ns_11ns_19_1_1_U18653  |mul_9ns_11ns_19_1_1  |        0|   1|  0|   6|    0|
    |mul_9ns_11ns_19_1_1_U18654  |mul_9ns_11ns_19_1_1  |        0|   1|  0|   6|    0|
    +----------------------------+---------------------+---------+----+---+----+-----+
    |Total                       |                     |        0|  15|  0| 139|    0|
    +----------------------------+---------------------+---------+----+---+----+-----+

    * DSP: 
    N/A

    * Memory: 
    N/A

    * FIFO: 
    N/A

    * Expression: 
    +---------------------------+----------+----+---+----+------------+------------+
    |       Variable Name       | Operation| DSP| FF| LUT| Bitwidth P0| Bitwidth P1|
    +---------------------------+----------+----+---+----+------------+------------+
    |add_ln1623_1_fu_984_p2     |         +|   0|  0|  12|           5|           1|
    |add_ln1623_fu_974_p2       |         +|   0|  0|  12|           5|           1|
    |ap_block_pp0_stage0_11001  |       and|   0|  0|   2|           1|           1|
    |ap_condition_199           |       and|   0|  0|   2|           1|           1|
    |ap_condition_352           |       and|   0|  0|   2|           1|           1|
    |icmp_ln1623_1_fu_990_p2    |      icmp|   0|  0|  12|           5|           3|
    |icmp_ln1623_fu_968_p2      |      icmp|   0|  0|  12|           5|           4|
    |or_ln1632_fu_1355_p2       |        or|   0|  0|   9|           9|           1|
    |or_ln1634_fu_1390_p2       |        or|   0|  0|   9|           9|           2|
    |or_ln1636_fu_1425_p2       |        or|   0|  0|   9|           9|           2|
    |or_ln1638_fu_1460_p2       |        or|   0|  0|   9|           9|           3|
    |or_ln1640_fu_1495_p2       |        or|   0|  0|   9|           9|           3|
    |or_ln1642_fu_1530_p2       |        or|   0|  0|   9|           9|           3|
    |or_ln1644_fu_1565_p2       |        or|   0|  0|   9|           9|           3|
    |or_ln1646_fu_1600_p2       |        or|   0|  0|   9|           9|           4|
    |or_ln1648_fu_1635_p2       |        or|   0|  0|   9|           9|           4|
    |or_ln1650_fu_1670_p2       |        or|   0|  0|   9|           9|           4|
    |or_ln1652_fu_1705_p2       |        or|   0|  0|   9|           9|           4|
    |or_ln1654_fu_1740_p2       |        or|   0|  0|   9|           9|           4|
    |or_ln1656_fu_1775_p2       |        or|   0|  0|   9|           9|           4|
    |or_ln1658_fu_1810_p2       |        or|   0|  0|   9|           9|           4|
    |or_ln1660_fu_1845_p2       |        or|   0|  0|   9|           9|           4|
    |select_ln1623_fu_996_p3    |    select|   0|  0|   5|           1|           5|
    |ap_enable_pp0              |       xor|   0|  0|   2|           1|           2|
    +---------------------------+----------+----+---+----+------------+------------+
    |Total                      |          |   0|  0| 196|         160|          68|
    +---------------------------+----------+----+---+----+------------+------------+

    * Multiplexer: 
    +----------------------------------+----+-----------+-----+-----------+
    |               Name               | LUT| Input Size| Bits| Total Bits|
    +----------------------------------+----+-----------+-----+-----------+
    |ap_done_int                       |   9|          2|    1|          2|
    |ap_enable_reg_pp0_iter1           |   9|          2|    1|          2|
    |ap_sig_allocacmp_d0_0_1           |   9|          2|    5|         10|
    |ap_sig_allocacmp_phi_urem_load    |   9|          2|    5|         10|
    |d0_0_fu_202                       |   9|          2|    5|         10|
    |fifo_x_from_task2_to_task3_blk_n  |   9|          2|    1|          2|
    |phi_urem_fu_198                   |   9|          2|    5|         10|
    |x_0_address0                      |  26|          5|    5|         25|
    |x_0_d0                            |  26|          5|   32|        160|
    |x_10_address0                     |  26|          5|    5|         25|
    |x_10_d0                           |  26|          5|   32|        160|
    |x_11_address0                     |  26|          5|    5|         25|
    |x_11_d0                           |  26|          5|   32|        160|
    |x_12_address0                     |  26|          5|    5|         25|
    |x_12_d0                           |  26|          5|   32|        160|
    |x_13_address0                     |  26|          5|    5|         25|
    |x_13_d0                           |  26|          5|   32|        160|
    |x_14_address0                     |  26|          5|    5|         25|
    |x_14_d0                           |  26|          5|   32|        160|
    |x_15_address0                     |  26|          5|    5|         25|
    |x_15_d0                           |  26|          5|   32|        160|
    |x_16_address0                     |  26|          5|    5|         25|
    |x_16_d0                           |  26|          5|   32|        160|
    |x_17_address0                     |  26|          5|    5|         25|
    |x_17_d0                           |  26|          5|   32|        160|
    |x_18_address0                     |  26|          5|    5|         25|
    |x_18_d0                           |  26|          5|   32|        160|
    |x_19_address0                     |  26|          5|    5|         25|
    |x_19_d0                           |  26|          5|   32|        160|
    |x_1_address0                      |  26|          5|    5|         25|
    |x_1_d0                            |  26|          5|   32|        160|
    |x_2_address0                      |  26|          5|    5|         25|
    |x_2_d0                            |  26|          5|   32|        160|
    |x_3_address0                      |  26|          5|    5|         25|
    |x_3_d0                            |  26|          5|   32|        160|
    |x_4_address0                      |  26|          5|    5|         25|
    |x_4_d0                            |  26|          5|   32|        160|
    |x_5_address0                      |  26|          5|    5|         25|
    |x_5_d0                            |  26|          5|   32|        160|
    |x_6_address0                      |  26|          5|    5|         25|
    |x_6_d0                            |  26|          5|   32|        160|
    |x_7_address0                      |  26|          5|    5|         25|
    |x_7_d0                            |  26|          5|   32|        160|
    |x_8_address0                      |  26|          5|    5|         25|
    |x_8_d0                            |  26|          5|   32|        160|
    |x_9_address0                      |  26|          5|    5|         25|
    |x_9_d0                            |  26|          5|   32|        160|
    +----------------------------------+----+-----------+-----+-----------+
    |Total                             |1103|        214|  763|       3746|
    +----------------------------------+----+-----------+-----+-----------+

    * Register: 
    +-------------------------+---+----+-----+-----------+
    |           Name          | FF| LUT| Bits| Const Bits|
    +-------------------------+---+----+-----+-----------+
    |ap_CS_fsm                |  1|   0|    1|          0|
    |ap_done_reg              |  1|   0|    1|          0|
    |ap_enable_reg_pp0_iter1  |  1|   0|    1|          0|
    |d0_0_1_reg_1894          |  5|   0|    5|          0|
    |d0_0_fu_202              |  5|   0|    5|          0|
    |phi_urem_fu_198          |  5|   0|    5|          0|
    |trunc_ln1628_reg_1903    |  3|   0|    3|          0|
    +-------------------------+---+----+-----+-----------+
    |Total                    | 21|   0|   21|          0|
    +-------------------------+---+----+-----+-----------+



================================================================
== Interface
================================================================
* Summary: 
+-------------------------------------------+-----+-----+------------+----------------------------+--------------+
|                 RTL Ports                 | Dir | Bits|  Protocol  |        Source Object       |    C Type    |
+-------------------------------------------+-----+-----+------------+----------------------------+--------------+
|ap_clk                                     |   in|    1|  ap_ctrl_hs|                  read_x_FT2|  return value|
|ap_rst                                     |   in|    1|  ap_ctrl_hs|                  read_x_FT2|  return value|
|ap_start                                   |   in|    1|  ap_ctrl_hs|                  read_x_FT2|  return value|
|ap_done                                    |  out|    1|  ap_ctrl_hs|                  read_x_FT2|  return value|
|ap_idle                                    |  out|    1|  ap_ctrl_hs|                  read_x_FT2|  return value|
|ap_ready                                   |  out|    1|  ap_ctrl_hs|                  read_x_FT2|  return value|
|fifo_x_from_task2_to_task3_dout            |   in|  512|     ap_fifo|  fifo_x_from_task2_to_task3|       pointer|
|fifo_x_from_task2_to_task3_num_data_valid  |   in|   11|     ap_fifo|  fifo_x_from_task2_to_task3|       pointer|
|fifo_x_from_task2_to_task3_fifo_cap        |   in|   11|     ap_fifo|  fifo_x_from_task2_to_task3|       pointer|
|fifo_x_from_task2_to_task3_empty_n         |   in|    1|     ap_fifo|  fifo_x_from_task2_to_task3|       pointer|
|fifo_x_from_task2_to_task3_read            |  out|    1|     ap_fifo|  fifo_x_from_task2_to_task3|       pointer|
|x_0_address0                               |  out|    5|   ap_memory|                         x_0|         array|
|x_0_ce0                                    |  out|    1|   ap_memory|                         x_0|         array|
|x_0_we0                                    |  out|    1|   ap_memory|                         x_0|         array|
|x_0_d0                                     |  out|   32|   ap_memory|                         x_0|         array|
|x_1_address0                               |  out|    5|   ap_memory|                         x_1|         array|
|x_1_ce0                                    |  out|    1|   ap_memory|                         x_1|         array|
|x_1_we0                                    |  out|    1|   ap_memory|                         x_1|         array|
|x_1_d0                                     |  out|   32|   ap_memory|                         x_1|         array|
|x_2_address0                               |  out|    5|   ap_memory|                         x_2|         array|
|x_2_ce0                                    |  out|    1|   ap_memory|                         x_2|         array|
|x_2_we0                                    |  out|    1|   ap_memory|                         x_2|         array|
|x_2_d0                                     |  out|   32|   ap_memory|                         x_2|         array|
|x_3_address0                               |  out|    5|   ap_memory|                         x_3|         array|
|x_3_ce0                                    |  out|    1|   ap_memory|                         x_3|         array|
|x_3_we0                                    |  out|    1|   ap_memory|                         x_3|         array|
|x_3_d0                                     |  out|   32|   ap_memory|                         x_3|         array|
|x_4_address0                               |  out|    5|   ap_memory|                         x_4|         array|
|x_4_ce0                                    |  out|    1|   ap_memory|                         x_4|         array|
|x_4_we0                                    |  out|    1|   ap_memory|                         x_4|         array|
|x_4_d0                                     |  out|   32|   ap_memory|                         x_4|         array|
|x_5_address0                               |  out|    5|   ap_memory|                         x_5|         array|
|x_5_ce0                                    |  out|    1|   ap_memory|                         x_5|         array|
|x_5_we0                                    |  out|    1|   ap_memory|                         x_5|         array|
|x_5_d0                                     |  out|   32|   ap_memory|                         x_5|         array|
|x_6_address0                               |  out|    5|   ap_memory|                         x_6|         array|
|x_6_ce0                                    |  out|    1|   ap_memory|                         x_6|         array|
|x_6_we0                                    |  out|    1|   ap_memory|                         x_6|         array|
|x_6_d0                                     |  out|   32|   ap_memory|                         x_6|         array|
|x_7_address0                               |  out|    5|   ap_memory|                         x_7|         array|
|x_7_ce0                                    |  out|    1|   ap_memory|                         x_7|         array|
|x_7_we0                                    |  out|    1|   ap_memory|                         x_7|         array|
|x_7_d0                                     |  out|   32|   ap_memory|                         x_7|         array|
|x_8_address0                               |  out|    5|   ap_memory|                         x_8|         array|
|x_8_ce0                                    |  out|    1|   ap_memory|                         x_8|         array|
|x_8_we0                                    |  out|    1|   ap_memory|                         x_8|         array|
|x_8_d0                                     |  out|   32|   ap_memory|                         x_8|         array|
|x_9_address0                               |  out|    5|   ap_memory|                         x_9|         array|
|x_9_ce0                                    |  out|    1|   ap_memory|                         x_9|         array|
|x_9_we0                                    |  out|    1|   ap_memory|                         x_9|         array|
|x_9_d0                                     |  out|   32|   ap_memory|                         x_9|         array|
|x_10_address0                              |  out|    5|   ap_memory|                        x_10|         array|
|x_10_ce0                                   |  out|    1|   ap_memory|                        x_10|         array|
|x_10_we0                                   |  out|    1|   ap_memory|                        x_10|         array|
|x_10_d0                                    |  out|   32|   ap_memory|                        x_10|         array|
|x_11_address0                              |  out|    5|   ap_memory|                        x_11|         array|
|x_11_ce0                                   |  out|    1|   ap_memory|                        x_11|         array|
|x_11_we0                                   |  out|    1|   ap_memory|                        x_11|         array|
|x_11_d0                                    |  out|   32|   ap_memory|                        x_11|         array|
|x_12_address0                              |  out|    5|   ap_memory|                        x_12|         array|
|x_12_ce0                                   |  out|    1|   ap_memory|                        x_12|         array|
|x_12_we0                                   |  out|    1|   ap_memory|                        x_12|         array|
|x_12_d0                                    |  out|   32|   ap_memory|                        x_12|         array|
|x_13_address0                              |  out|    5|   ap_memory|                        x_13|         array|
|x_13_ce0                                   |  out|    1|   ap_memory|                        x_13|         array|
|x_13_we0                                   |  out|    1|   ap_memory|                        x_13|         array|
|x_13_d0                                    |  out|   32|   ap_memory|                        x_13|         array|
|x_14_address0                              |  out|    5|   ap_memory|                        x_14|         array|
|x_14_ce0                                   |  out|    1|   ap_memory|                        x_14|         array|
|x_14_we0                                   |  out|    1|   ap_memory|                        x_14|         array|
|x_14_d0                                    |  out|   32|   ap_memory|                        x_14|         array|
|x_15_address0                              |  out|    5|   ap_memory|                        x_15|         array|
|x_15_ce0                                   |  out|    1|   ap_memory|                        x_15|         array|
|x_15_we0                                   |  out|    1|   ap_memory|                        x_15|         array|
|x_15_d0                                    |  out|   32|   ap_memory|                        x_15|         array|
|x_16_address0                              |  out|    5|   ap_memory|                        x_16|         array|
|x_16_ce0                                   |  out|    1|   ap_memory|                        x_16|         array|
|x_16_we0                                   |  out|    1|   ap_memory|                        x_16|         array|
|x_16_d0                                    |  out|   32|   ap_memory|                        x_16|         array|
|x_17_address0                              |  out|    5|   ap_memory|                        x_17|         array|
|x_17_ce0                                   |  out|    1|   ap_memory|                        x_17|         array|
|x_17_we0                                   |  out|    1|   ap_memory|                        x_17|         array|
|x_17_d0                                    |  out|   32|   ap_memory|                        x_17|         array|
|x_18_address0                              |  out|    5|   ap_memory|                        x_18|         array|
|x_18_ce0                                   |  out|    1|   ap_memory|                        x_18|         array|
|x_18_we0                                   |  out|    1|   ap_memory|                        x_18|         array|
|x_18_d0                                    |  out|   32|   ap_memory|                        x_18|         array|
|x_19_address0                              |  out|    5|   ap_memory|                        x_19|         array|
|x_19_ce0                                   |  out|    1|   ap_memory|                        x_19|         array|
|x_19_we0                                   |  out|    1|   ap_memory|                        x_19|         array|
|x_19_d0                                    |  out|   32|   ap_memory|                        x_19|         array|
+-------------------------------------------+-----+-----+------------+----------------------------+--------------+

