

================================================================
== Vitis HLS Report for 'read_x_FT1_10'
================================================================
* Date:           Thu Dec  5 15:42:43 2024

* Version:        2023.2 (Build 4023990 on Oct 11 2023)
* Project:        kernel_nlp_slr0
* Solution:       solution (Vitis Kernel Flow Target)
* Product family: virtexuplusHBM
* Target device:  xcu55c-fsvh2892-2L-e


================================================================
== Performance Estimates
================================================================
+ Timing: 
    * Summary: 
    +--------+---------+----------+------------+
    |  Clock |  Target | Estimated| Uncertainty|
    +--------+---------+----------+------------+
    |ap_clk  |  4.55 ns|  2.135 ns|     1.23 ns|
    +--------+---------+----------+------------+

+ Latency: 
    * Summary: 
    +---------+---------+----------+----------+-----+-----+---------+
    |  Latency (cycles) |  Latency (absolute) |  Interval | Pipeline|
    |   min   |   max   |    min   |    max   | min | max |   Type  |
    +---------+---------+----------+----------+-----+-----+---------+
    |        1|        1|  4.545 ns|  4.545 ns|    1|    1|       no|
    +---------+---------+----------+----------+-----+-----+---------+

    + Detail: 
        * Instance: 
        N/A

        * Loop: 
        N/A



================================================================
== Utilization Estimates
================================================================
* Summary: 
+---------------------+---------+------+---------+---------+-----+
|         Name        | BRAM_18K|  DSP |    FF   |   LUT   | URAM|
+---------------------+---------+------+---------+---------+-----+
|DSP                  |        -|     -|        -|        -|    -|
|Expression           |        -|     -|        0|       17|    -|
|FIFO                 |        -|     -|        -|        -|    -|
|Instance             |        -|     -|        -|        -|    -|
|Memory               |        -|     -|        -|        -|    -|
|Multiplexer          |        -|     -|        -|      176|    -|
|Register             |        -|     -|      516|        -|    -|
+---------------------+---------+------+---------+---------+-----+
|Total                |        0|     0|      516|      193|    0|
+---------------------+---------+------+---------+---------+-----+
|Available SLR        |     1344|  3008|   869120|   434560|  320|
+---------------------+---------+------+---------+---------+-----+
|Utilization SLR (%)  |        0|     0|       ~0|       ~0|    0|
+---------------------+---------+------+---------+---------+-----+
|Available            |     4032|  9024|  2607360|  1303680|  960|
+---------------------+---------+------+---------+---------+-----+
|Utilization (%)      |        0|     0|       ~0|       ~0|    0|
+---------------------+---------+------+---------+---------+-----+

+ Detail: 
    * Instance: 
    N/A

    * DSP: 
    N/A

    * Memory: 
    N/A

    * FIFO: 
    N/A

    * Expression: 
    +-----------------------+----------+----+---+----+------------+------------+
    |     Variable Name     | Operation| DSP| FF| LUT| Bitwidth P0| Bitwidth P1|
    +-----------------------+----------+----+---+----+------------+------------+
    |ap_block_state2        |       and|   0|  0|   2|           1|           1|
    |icmp_ln1282_fu_240_p2  |      icmp|   0|  0|  13|           6|           5|
    |ap_block_state1        |        or|   0|  0|   2|           1|           1|
    +-----------------------+----------+----+---+----+------------+------------+
    |Total                  |          |   0|  0|  17|           8|           7|
    +-----------------------+----------+----+---+----+------------+------------+

    * Multiplexer: 
    +----------------------------------+----+-----------+-----+-----------+
    |               Name               | LUT| Input Size| Bits| Total Bits|
    +----------------------------------+----+-----------+-----+-----------+
    |ap_NS_fsm                         |  14|          3|    1|          3|
    |ap_done                           |   9|          2|    1|          2|
    |fifo_x_from_off_chip_to_S1_blk_n  |   9|          2|    1|          2|
    |x_0_0                             |   9|          2|   32|         64|
    |x_0_1                             |   9|          2|   32|         64|
    |x_0_10                            |   9|          2|   32|         64|
    |x_0_11                            |   9|          2|   32|         64|
    |x_0_12                            |   9|          2|   32|         64|
    |x_0_13                            |   9|          2|   32|         64|
    |x_0_14                            |   9|          2|   32|         64|
    |x_0_15                            |   9|          2|   32|         64|
    |x_0_2                             |   9|          2|   32|         64|
    |x_0_3                             |   9|          2|   32|         64|
    |x_0_4                             |   9|          2|   32|         64|
    |x_0_5                             |   9|          2|   32|         64|
    |x_0_6                             |   9|          2|   32|         64|
    |x_0_7                             |   9|          2|   32|         64|
    |x_0_8                             |   9|          2|   32|         64|
    |x_0_9                             |   9|          2|   32|         64|
    +----------------------------------+----+-----------+-----+-----------+
    |Total                             | 176|         39|  515|       1031|
    +----------------------------------+----+-----------+-----+-----------+

    * Register: 
    +---------------------+----+----+-----+-----------+
    |         Name        | FF | LUT| Bits| Const Bits|
    +---------------------+----+----+-----+-----------+
    |ap_CS_fsm            |   2|   0|    2|          0|
    |ap_done_reg          |   1|   0|    1|          0|
    |icmp_ln1282_reg_480  |   1|   0|    1|          0|
    |x_0_0_preg           |  32|   0|   32|          0|
    |x_0_10_preg          |  32|   0|   32|          0|
    |x_0_11_preg          |  32|   0|   32|          0|
    |x_0_12_preg          |  32|   0|   32|          0|
    |x_0_13_preg          |  32|   0|   32|          0|
    |x_0_14_preg          |  32|   0|   32|          0|
    |x_0_15_preg          |  32|   0|   32|          0|
    |x_0_1_preg           |  32|   0|   32|          0|
    |x_0_2_preg           |  32|   0|   32|          0|
    |x_0_3_preg           |  32|   0|   32|          0|
    |x_0_4_preg           |  32|   0|   32|          0|
    |x_0_5_preg           |  32|   0|   32|          0|
    |x_0_6_preg           |  32|   0|   32|          0|
    |x_0_7_preg           |  32|   0|   32|          0|
    |x_0_8_preg           |  32|   0|   32|          0|
    |x_0_9_preg           |  32|   0|   32|          0|
    +---------------------+----+----+-----+-----------+
    |Total                | 516|   0|  516|          0|
    +---------------------+----+----+-----+-----------+



================================================================
== Interface
================================================================
* Summary: 
+-------------------------------------------+-----+-----+------------+----------------------------+--------------+
|                 RTL Ports                 | Dir | Bits|  Protocol  |        Source Object       |    C Type    |
+-------------------------------------------+-----+-----+------------+----------------------------+--------------+
|ap_clk                                     |   in|    1|  ap_ctrl_hs|               read_x_FT1.10|  return value|
|ap_rst                                     |   in|    1|  ap_ctrl_hs|               read_x_FT1.10|  return value|
|ap_start                                   |   in|    1|  ap_ctrl_hs|               read_x_FT1.10|  return value|
|ap_done                                    |  out|    1|  ap_ctrl_hs|               read_x_FT1.10|  return value|
|ap_continue                                |   in|    1|  ap_ctrl_hs|               read_x_FT1.10|  return value|
|ap_idle                                    |  out|    1|  ap_ctrl_hs|               read_x_FT1.10|  return value|
|ap_ready                                   |  out|    1|  ap_ctrl_hs|               read_x_FT1.10|  return value|
|x_0_0                                      |  out|   32|      ap_vld|                       x_0_0|       pointer|
|x_0_0_ap_vld                               |  out|    1|      ap_vld|                       x_0_0|       pointer|
|x_0_1                                      |  out|   32|      ap_vld|                       x_0_1|       pointer|
|x_0_1_ap_vld                               |  out|    1|      ap_vld|                       x_0_1|       pointer|
|x_0_2                                      |  out|   32|      ap_vld|                       x_0_2|       pointer|
|x_0_2_ap_vld                               |  out|    1|      ap_vld|                       x_0_2|       pointer|
|x_0_3                                      |  out|   32|      ap_vld|                       x_0_3|       pointer|
|x_0_3_ap_vld                               |  out|    1|      ap_vld|                       x_0_3|       pointer|
|x_0_4                                      |  out|   32|      ap_vld|                       x_0_4|       pointer|
|x_0_4_ap_vld                               |  out|    1|      ap_vld|                       x_0_4|       pointer|
|x_0_5                                      |  out|   32|      ap_vld|                       x_0_5|       pointer|
|x_0_5_ap_vld                               |  out|    1|      ap_vld|                       x_0_5|       pointer|
|x_0_6                                      |  out|   32|      ap_vld|                       x_0_6|       pointer|
|x_0_6_ap_vld                               |  out|    1|      ap_vld|                       x_0_6|       pointer|
|x_0_7                                      |  out|   32|      ap_vld|                       x_0_7|       pointer|
|x_0_7_ap_vld                               |  out|    1|      ap_vld|                       x_0_7|       pointer|
|x_0_8                                      |  out|   32|      ap_vld|                       x_0_8|       pointer|
|x_0_8_ap_vld                               |  out|    1|      ap_vld|                       x_0_8|       pointer|
|x_0_9                                      |  out|   32|      ap_vld|                       x_0_9|       pointer|
|x_0_9_ap_vld                               |  out|    1|      ap_vld|                       x_0_9|       pointer|
|x_0_10                                     |  out|   32|      ap_vld|                      x_0_10|       pointer|
|x_0_10_ap_vld                              |  out|    1|      ap_vld|                      x_0_10|       pointer|
|x_0_11                                     |  out|   32|      ap_vld|                      x_0_11|       pointer|
|x_0_11_ap_vld                              |  out|    1|      ap_vld|                      x_0_11|       pointer|
|x_0_12                                     |  out|   32|      ap_vld|                      x_0_12|       pointer|
|x_0_12_ap_vld                              |  out|    1|      ap_vld|                      x_0_12|       pointer|
|x_0_13                                     |  out|   32|      ap_vld|                      x_0_13|       pointer|
|x_0_13_ap_vld                              |  out|    1|      ap_vld|                      x_0_13|       pointer|
|x_0_14                                     |  out|   32|      ap_vld|                      x_0_14|       pointer|
|x_0_14_ap_vld                              |  out|    1|      ap_vld|                      x_0_14|       pointer|
|x_0_15                                     |  out|   32|      ap_vld|                      x_0_15|       pointer|
|x_0_15_ap_vld                              |  out|    1|      ap_vld|                      x_0_15|       pointer|
|fifo_x_from_off_chip_to_S1_dout            |   in|  512|     ap_fifo|  fifo_x_from_off_chip_to_S1|       pointer|
|fifo_x_from_off_chip_to_S1_num_data_valid  |   in|   11|     ap_fifo|  fifo_x_from_off_chip_to_S1|       pointer|
|fifo_x_from_off_chip_to_S1_fifo_cap        |   in|   11|     ap_fifo|  fifo_x_from_off_chip_to_S1|       pointer|
|fifo_x_from_off_chip_to_S1_empty_n         |   in|    1|     ap_fifo|  fifo_x_from_off_chip_to_S1|       pointer|
|fifo_x_from_off_chip_to_S1_read            |  out|    1|     ap_fifo|  fifo_x_from_off_chip_to_S1|       pointer|
|p_read                                     |   in|    6|     ap_none|                      p_read|        scalar|
+-------------------------------------------+-----+-----+------------+----------------------------+--------------+

