

================================================================
== Vitis HLS Report for 'write_w_FT2'
================================================================
* Date:           Thu Dec  5 15:43:01 2024

* Version:        2023.2 (Build 4023990 on Oct 11 2023)
* Project:        kernel_nlp_slr0
* Solution:       solution (Vitis Kernel Flow Target)
* Product family: virtexuplusHBM
* Target device:  xcu55c-fsvh2892-2L-e


================================================================
== Performance Estimates
================================================================
+ Timing: 
    * Summary: 
    +--------+---------+----------+------------+
    |  Clock |  Target | Estimated| Uncertainty|
    +--------+---------+----------+------------+
    |ap_clk  |  4.55 ns|  1.480 ns|     1.23 ns|
    +--------+---------+----------+------------+

+ Latency: 
    * Summary: 
    +---------+---------+-----------+-----------+-----+-----+---------+
    |  Latency (cycles) |   Latency (absolute)  |  Interval | Pipeline|
    |   min   |   max   |    min    |    max    | min | max |   Type  |
    +---------+---------+-----------+-----------+-----+-----+---------+
    |        7|        7|  31.815 ns|  31.815 ns|    7|    7|       no|
    +---------+---------+-----------+-----------+-----+-----+---------+

    + Detail: 
        * Instance: 
        N/A

        * Loop: 
        +---------------------+---------+---------+----------+-----------+-----------+------+----------+
        |                     |  Latency (cycles) | Iteration|  Initiation Interval  | Trip |          |
        |      Loop Name      |   min   |   max   |  Latency |  achieved |   target  | Count| Pipelined|
        +---------------------+---------+---------+----------+-----------+-----------+------+----------+
        |- VITIS_LOOP_1944_1  |        5|        5|         2|          1|          1|     5|       yes|
        +---------------------+---------+---------+----------+-----------+-----------+------+----------+



================================================================
== Utilization Estimates
================================================================
* Summary: 
+---------------------+---------+------+---------+---------+-----+
|         Name        | BRAM_18K|  DSP |    FF   |   LUT   | URAM|
+---------------------+---------+------+---------+---------+-----+
|DSP                  |        -|     -|        -|        -|    -|
|Expression           |        -|     -|        0|       30|    -|
|FIFO                 |        -|     -|        -|        -|    -|
|Instance             |        -|     -|        0|      208|    -|
|Memory               |        -|     -|        -|        -|    -|
|Multiplexer          |        -|     -|        -|       45|    -|
|Register             |        -|     -|      265|        -|    -|
+---------------------+---------+------+---------+---------+-----+
|Total                |        0|     0|      265|      283|    0|
+---------------------+---------+------+---------+---------+-----+
|Available SLR        |     1344|  3008|   869120|   434560|  320|
+---------------------+---------+------+---------+---------+-----+
|Utilization SLR (%)  |        0|     0|       ~0|       ~0|    0|
+---------------------+---------+------+---------+---------+-----+
|Available            |     4032|  9024|  2607360|  1303680|  960|
+---------------------+---------+------+---------+---------+-----+
|Utilization (%)      |        0|     0|       ~0|       ~0|    0|
+---------------------+---------+------+---------+---------+-----+

+ Detail: 
    * Instance: 
    +------------------------------+-----------------------+---------+----+---+----+-----+
    |           Instance           |         Module        | BRAM_18K| DSP| FF| LUT| URAM|
    +------------------------------+-----------------------+---------+----+---+----+-----+
    |sparsemux_11_6_32_1_1_U22426  |sparsemux_11_6_32_1_1  |        0|   0|  0|  26|    0|
    |sparsemux_11_6_32_1_1_U22427  |sparsemux_11_6_32_1_1  |        0|   0|  0|  26|    0|
    |sparsemux_11_6_32_1_1_U22428  |sparsemux_11_6_32_1_1  |        0|   0|  0|  26|    0|
    |sparsemux_11_6_32_1_1_U22429  |sparsemux_11_6_32_1_1  |        0|   0|  0|  26|    0|
    |sparsemux_11_6_32_1_1_U22430  |sparsemux_11_6_32_1_1  |        0|   0|  0|  26|    0|
    |sparsemux_11_6_32_1_1_U22431  |sparsemux_11_6_32_1_1  |        0|   0|  0|  26|    0|
    |sparsemux_11_6_32_1_1_U22432  |sparsemux_11_6_32_1_1  |        0|   0|  0|  26|    0|
    |sparsemux_11_6_32_1_1_U22433  |sparsemux_11_6_32_1_1  |        0|   0|  0|  26|    0|
    +------------------------------+-----------------------+---------+----+---+----+-----+
    |Total                         |                       |        0|   0|  0| 208|    0|
    +------------------------------+-----------------------+---------+----+---+----+-----+

    * DSP: 
    N/A

    * Memory: 
    N/A

    * FIFO: 
    N/A

    * Expression: 
    +---------------------------+----------+----+---+----+------------+------------+
    |       Variable Name       | Operation| DSP| FF| LUT| Bitwidth P0| Bitwidth P1|
    +---------------------------+----------+----+---+----+------------+------------+
    |add_ln1944_fu_615_p2       |         +|   0|  0|  13|           6|           4|
    |ap_block_pp0_stage0_01001  |       and|   0|  0|   2|           1|           1|
    |icmp_ln1944_fu_385_p2      |      icmp|   0|  0|  13|           6|           6|
    |ap_enable_pp0              |       xor|   0|  0|   2|           1|           2|
    +---------------------------+----------+----+---+----+------------+------------+
    |Total                      |          |   0|  0|  30|          14|          13|
    +---------------------------+----------+----+---+----+------------+------------+

    * Multiplexer: 
    +--------------------------+----+-----------+-----+-----------+
    |           Name           | LUT| Input Size| Bits| Total Bits|
    +--------------------------+----+-----------+-----+-----------+
    |ap_done_int               |   9|          2|    1|          2|
    |ap_enable_reg_pp0_iter1   |   9|          2|    1|          2|
    |ap_sig_allocacmp_d0_2     |   9|          2|    6|         12|
    |d0_fu_126                 |   9|          2|    6|         12|
    |fifo_w_to_off_chip_blk_n  |   9|          2|    1|          2|
    +--------------------------+----+-----------+-----+-----------+
    |Total                     |  45|         10|   15|         30|
    +--------------------------+----+-----------+-----+-----------+

    * Register: 
    +-------------------------+----+----+-----+-----------+
    |           Name          | FF | LUT| Bits| Const Bits|
    +-------------------------+----+----+-----+-----------+
    |ap_CS_fsm                |   1|   0|    1|          0|
    |ap_done_reg              |   1|   0|    1|          0|
    |ap_enable_reg_pp0_iter1  |   1|   0|    1|          0|
    |d0_fu_126                |   6|   0|    6|          0|
    |tmp_1_reg_706            |  32|   0|   32|          0|
    |tmp_2_reg_711            |  32|   0|   32|          0|
    |tmp_3_reg_716            |  32|   0|   32|          0|
    |tmp_7_reg_691            |  32|   0|   32|          0|
    |tmp_8_reg_696            |  32|   0|   32|          0|
    |tmp_9_reg_701            |  32|   0|   32|          0|
    |tmp_reg_681              |  32|   0|   32|          0|
    |tmp_s_reg_686            |  32|   0|   32|          0|
    +-------------------------+----+----+-----+-----------+
    |Total                    | 265|   0|  265|          0|
    +-------------------------+----+----+-----+-----------+



================================================================
== Interface
================================================================
* Summary: 
+-----------------------------------+-----+-----+------------+--------------------+--------------+
|             RTL Ports             | Dir | Bits|  Protocol  |    Source Object   |    C Type    |
+-----------------------------------+-----+-----+------------+--------------------+--------------+
|ap_clk                             |   in|    1|  ap_ctrl_hs|         write_w_FT2|  return value|
|ap_rst                             |   in|    1|  ap_ctrl_hs|         write_w_FT2|  return value|
|ap_start                           |   in|    1|  ap_ctrl_hs|         write_w_FT2|  return value|
|ap_done                            |  out|    1|  ap_ctrl_hs|         write_w_FT2|  return value|
|ap_idle                            |  out|    1|  ap_ctrl_hs|         write_w_FT2|  return value|
|ap_ready                           |  out|    1|  ap_ctrl_hs|         write_w_FT2|  return value|
|fifo_w_to_off_chip_din             |  out|  256|     ap_fifo|  fifo_w_to_off_chip|       pointer|
|fifo_w_to_off_chip_num_data_valid  |   in|   11|     ap_fifo|  fifo_w_to_off_chip|       pointer|
|fifo_w_to_off_chip_fifo_cap        |   in|   11|     ap_fifo|  fifo_w_to_off_chip|       pointer|
|fifo_w_to_off_chip_full_n          |   in|    1|     ap_fifo|  fifo_w_to_off_chip|       pointer|
|fifo_w_to_off_chip_write           |  out|    1|     ap_fifo|  fifo_w_to_off_chip|       pointer|
|w_0_val                            |   in|   32|     ap_none|             w_0_val|        scalar|
|w_1_val                            |   in|   32|     ap_none|             w_1_val|        scalar|
|w_2_val                            |   in|   32|     ap_none|             w_2_val|        scalar|
|w_3_val                            |   in|   32|     ap_none|             w_3_val|        scalar|
|w_4_val                            |   in|   32|     ap_none|             w_4_val|        scalar|
|w_5_val                            |   in|   32|     ap_none|             w_5_val|        scalar|
|w_6_val                            |   in|   32|     ap_none|             w_6_val|        scalar|
|w_7_val                            |   in|   32|     ap_none|             w_7_val|        scalar|
|w_8_val                            |   in|   32|     ap_none|             w_8_val|        scalar|
|w_9_val                            |   in|   32|     ap_none|             w_9_val|        scalar|
|w_10_val                           |   in|   32|     ap_none|            w_10_val|        scalar|
|w_11_val                           |   in|   32|     ap_none|            w_11_val|        scalar|
|w_12_val                           |   in|   32|     ap_none|            w_12_val|        scalar|
|w_13_val                           |   in|   32|     ap_none|            w_13_val|        scalar|
|w_14_val                           |   in|   32|     ap_none|            w_14_val|        scalar|
|w_15_val                           |   in|   32|     ap_none|            w_15_val|        scalar|
|w_16_val                           |   in|   32|     ap_none|            w_16_val|        scalar|
|w_17_val                           |   in|   32|     ap_none|            w_17_val|        scalar|
|w_18_val                           |   in|   32|     ap_none|            w_18_val|        scalar|
|w_19_val                           |   in|   32|     ap_none|            w_19_val|        scalar|
|w_20_val                           |   in|   32|     ap_none|            w_20_val|        scalar|
|w_21_val                           |   in|   32|     ap_none|            w_21_val|        scalar|
|w_22_val                           |   in|   32|     ap_none|            w_22_val|        scalar|
|w_23_val                           |   in|   32|     ap_none|            w_23_val|        scalar|
|w_24_val                           |   in|   32|     ap_none|            w_24_val|        scalar|
|w_25_val                           |   in|   32|     ap_none|            w_25_val|        scalar|
|w_26_val                           |   in|   32|     ap_none|            w_26_val|        scalar|
|w_27_val                           |   in|   32|     ap_none|            w_27_val|        scalar|
|w_28_val                           |   in|   32|     ap_none|            w_28_val|        scalar|
|w_29_val                           |   in|   32|     ap_none|            w_29_val|        scalar|
|w_30_val                           |   in|   32|     ap_none|            w_30_val|        scalar|
|w_31_val                           |   in|   32|     ap_none|            w_31_val|        scalar|
|w_32_val                           |   in|   32|     ap_none|            w_32_val|        scalar|
|w_33_val                           |   in|   32|     ap_none|            w_33_val|        scalar|
|w_34_val                           |   in|   32|     ap_none|            w_34_val|        scalar|
|w_35_val                           |   in|   32|     ap_none|            w_35_val|        scalar|
|w_36_val                           |   in|   32|     ap_none|            w_36_val|        scalar|
|w_37_val                           |   in|   32|     ap_none|            w_37_val|        scalar|
|w_38_val                           |   in|   32|     ap_none|            w_38_val|        scalar|
|w_39_val                           |   in|   32|     ap_none|            w_39_val|        scalar|
+-----------------------------------+-----+-----+------------+--------------------+--------------+

