

================================================================
== Vitis HLS Report for 'FT0_level0'
================================================================
* Date:           Thu Jan  2 11:39:37 2025

* Version:        2023.2 (Build 4023990 on Oct 11 2023)
* Project:        kernel_nlp_slr0
* Solution:       solution (Vitis Kernel Flow Target)
* Product family: virtexuplusHBM
* Target device:  xcu55c-fsvh2892-2L-e


================================================================
== Performance Estimates
================================================================
+ Timing: 
    * Summary: 
    +--------+---------+----------+------------+
    |  Clock |  Target | Estimated| Uncertainty|
    +--------+---------+----------+------------+
    |ap_clk  |  4.55 ns|  3.165 ns|     1.23 ns|
    +--------+---------+----------+------------+

+ Latency: 
    * Summary: 
    +---------+---------+----------+----------+-------+-------+---------+
    |  Latency (cycles) |  Latency (absolute) |    Interval   | Pipeline|
    |   min   |   max   |    min   |    max   |  min  |  max  |   Type  |
    +---------+---------+----------+----------+-------+-------+---------+
    |    79044|    79044|  0.359 ms|  0.359 ms|  79044|  79044|       no|
    +---------+---------+----------+----------+-------+-------+---------+

    + Detail: 
        * Instance: 
        +-----------------------+------------+---------+---------+-----------+-----------+------+------+---------+
        |                       |            |  Latency (cycles) |   Latency (absolute)  |   Interval  | Pipeline|
        |        Instance       |   Module   |   min   |   max   |    min    |    max    |  min |  max |   Type  |
        +-----------------------+------------+---------+---------+-----------+-----------+------+------+---------+
        |grp_read_B_FT0_fu_318  |read_B_FT0  |     2402|     2402|  10.917 us|  10.917 us|  2402|  2402|       no|
        |grp_read_A_FT0_fu_388  |read_A_FT0  |        1|      453|   4.545 ns|   2.059 us|     1|   453|       no|
        |grp_FT0_level1_fu_432  |FT0_level1  |     3830|     3830|  17.407 us|  17.407 us|  3830|  3830|       no|
        +-----------------------+------------+---------+---------+-----------+-----------+------+------+---------+

        * Loop: 
        +--------------------+---------+---------+----------+-----------+-----------+------+----------+
        |                    |  Latency (cycles) | Iteration|  Initiation Interval  | Trip |          |
        |      Loop Name     |   min   |   max   |  Latency |  achieved |   target  | Count| Pipelined|
        +--------------------+---------+---------+----------+-----------+-----------+------+----------+
        |- VITIS_LOOP_242_1  |    76640|    76640|      3832|          -|          -|    20|        no|
        +--------------------+---------+---------+----------+-----------+-----------+------+----------+



================================================================
== Utilization Estimates
================================================================
* Summary: 
+---------------------+---------+------+---------+---------+-----+
|         Name        | BRAM_18K|  DSP |    FF   |   LUT   | URAM|
+---------------------+---------+------+---------+---------+-----+
|DSP                  |        -|     -|        -|        -|    -|
|Expression           |        -|     -|        0|       30|    -|
|FIFO                 |        -|     -|        -|        -|    -|
|Instance             |        -|   384|   101467|    70525|    -|
|Memory               |      128|     -|     1152|     2340|    0|
|Multiplexer          |        -|     -|        -|     3519|    -|
|Register             |        -|     -|       20|        -|    -|
+---------------------+---------+------+---------+---------+-----+
|Total                |      128|   384|   102639|    76414|    0|
+---------------------+---------+------+---------+---------+-----+
|Available SLR        |     1344|  3008|   869120|   434560|  320|
+---------------------+---------+------+---------+---------+-----+
|Utilization SLR (%)  |        9|    12|       11|       17|    0|
+---------------------+---------+------+---------+---------+-----+
|Available            |     4032|  9024|  2607360|  1303680|  960|
+---------------------+---------+------+---------+---------+-----+
|Utilization (%)      |        3|     4|        3|        5|    0|
+---------------------+---------+------+---------+---------+-----+

+ Detail: 
    * Instance: 
    +-----------------------+------------+---------+-----+--------+-------+-----+
    |        Instance       |   Module   | BRAM_18K| DSP |   FF   |  LUT  | URAM|
    +-----------------------+------------+---------+-----+--------+-------+-----+
    |grp_FT0_level1_fu_432  |FT0_level1  |        0|  384|  101250|  69056|    0|
    |grp_read_A_FT0_fu_388  |read_A_FT0  |        0|    0|     186|   1269|    0|
    |grp_read_B_FT0_fu_318  |read_B_FT0  |        0|    0|      31|    200|    0|
    +-----------------------+------------+---------+-----+--------+-------+-----+
    |Total                  |            |        0|  384|  101467|  70525|    0|
    +-----------------------+------------+---------+-----+--------+-------+-----+

    * DSP: 
    N/A

    * Memory: 
    +----------+------------------------------+---------+----+----+-----+------+-----+------+-------------+
    |  Memory  |            Module            | BRAM_18K| FF | LUT| URAM| Words| Bits| Banks| W*Bits*Banks|
    +----------+------------------------------+---------+----+----+-----+------+-----+------+-------------+
    |A_0_U     |FT0_level0_A_0_RAM_AUTO_1R1W  |        0|  32|  65|    0|   100|   32|     1|         3200|
    |A_0_1_U   |FT0_level0_A_0_RAM_AUTO_1R1W  |        0|  32|  65|    0|   100|   32|     1|         3200|
    |A_0_2_U   |FT0_level0_A_0_RAM_AUTO_1R1W  |        0|  32|  65|    0|   100|   32|     1|         3200|
    |A_0_3_U   |FT0_level0_A_0_RAM_AUTO_1R1W  |        0|  32|  65|    0|   100|   32|     1|         3200|
    |A_0_4_U   |FT0_level0_A_0_RAM_AUTO_1R1W  |        0|  32|  65|    0|   100|   32|     1|         3200|
    |A_0_5_U   |FT0_level0_A_0_RAM_AUTO_1R1W  |        0|  32|  65|    0|   100|   32|     1|         3200|
    |A_0_6_U   |FT0_level0_A_0_RAM_AUTO_1R1W  |        0|  32|  65|    0|   100|   32|     1|         3200|
    |A_0_7_U   |FT0_level0_A_0_RAM_AUTO_1R1W  |        0|  32|  65|    0|   100|   32|     1|         3200|
    |A_0_8_U   |FT0_level0_A_0_RAM_AUTO_1R1W  |        0|  32|  65|    0|   100|   32|     1|         3200|
    |A_0_9_U   |FT0_level0_A_0_RAM_AUTO_1R1W  |        0|  32|  65|    0|   100|   32|     1|         3200|
    |A_0_10_U  |FT0_level0_A_0_RAM_AUTO_1R1W  |        0|  32|  65|    0|   100|   32|     1|         3200|
    |A_0_11_U  |FT0_level0_A_0_RAM_AUTO_1R1W  |        0|  32|  65|    0|   100|   32|     1|         3200|
    |A_0_12_U  |FT0_level0_A_0_RAM_AUTO_1R1W  |        0|  32|  65|    0|   100|   32|     1|         3200|
    |A_0_13_U  |FT0_level0_A_0_RAM_AUTO_1R1W  |        0|  32|  65|    0|   100|   32|     1|         3200|
    |A_0_14_U  |FT0_level0_A_0_RAM_AUTO_1R1W  |        0|  32|  65|    0|   100|   32|     1|         3200|
    |A_0_15_U  |FT0_level0_A_0_RAM_AUTO_1R1W  |        0|  32|  65|    0|   100|   32|     1|         3200|
    |A_0_16_U  |FT0_level0_A_0_RAM_AUTO_1R1W  |        0|  32|  65|    0|   100|   32|     1|         3200|
    |A_0_17_U  |FT0_level0_A_0_RAM_AUTO_1R1W  |        0|  32|  65|    0|   100|   32|     1|         3200|
    |A_1_U     |FT0_level0_A_0_RAM_AUTO_1R1W  |        0|  32|  65|    0|   100|   32|     1|         3200|
    |A_1_1_U   |FT0_level0_A_0_RAM_AUTO_1R1W  |        0|  32|  65|    0|   100|   32|     1|         3200|
    |A_1_2_U   |FT0_level0_A_0_RAM_AUTO_1R1W  |        0|  32|  65|    0|   100|   32|     1|         3200|
    |A_1_3_U   |FT0_level0_A_0_RAM_AUTO_1R1W  |        0|  32|  65|    0|   100|   32|     1|         3200|
    |A_1_4_U   |FT0_level0_A_0_RAM_AUTO_1R1W  |        0|  32|  65|    0|   100|   32|     1|         3200|
    |A_1_5_U   |FT0_level0_A_0_RAM_AUTO_1R1W  |        0|  32|  65|    0|   100|   32|     1|         3200|
    |A_1_6_U   |FT0_level0_A_0_RAM_AUTO_1R1W  |        0|  32|  65|    0|   100|   32|     1|         3200|
    |A_1_7_U   |FT0_level0_A_0_RAM_AUTO_1R1W  |        0|  32|  65|    0|   100|   32|     1|         3200|
    |A_1_8_U   |FT0_level0_A_0_RAM_AUTO_1R1W  |        0|  32|  65|    0|   100|   32|     1|         3200|
    |A_1_9_U   |FT0_level0_A_0_RAM_AUTO_1R1W  |        0|  32|  65|    0|   100|   32|     1|         3200|
    |A_1_10_U  |FT0_level0_A_0_RAM_AUTO_1R1W  |        0|  32|  65|    0|   100|   32|     1|         3200|
    |A_1_11_U  |FT0_level0_A_0_RAM_AUTO_1R1W  |        0|  32|  65|    0|   100|   32|     1|         3200|
    |A_1_12_U  |FT0_level0_A_0_RAM_AUTO_1R1W  |        0|  32|  65|    0|   100|   32|     1|         3200|
    |A_1_13_U  |FT0_level0_A_0_RAM_AUTO_1R1W  |        0|  32|  65|    0|   100|   32|     1|         3200|
    |A_1_14_U  |FT0_level0_A_0_RAM_AUTO_1R1W  |        0|  32|  65|    0|   100|   32|     1|         3200|
    |A_1_15_U  |FT0_level0_A_0_RAM_AUTO_1R1W  |        0|  32|  65|    0|   100|   32|     1|         3200|
    |A_1_16_U  |FT0_level0_A_0_RAM_AUTO_1R1W  |        0|  32|  65|    0|   100|   32|     1|         3200|
    |A_1_17_U  |FT0_level0_A_0_RAM_AUTO_1R1W  |        0|  32|  65|    0|   100|   32|     1|         3200|
    |B_U       |FT0_level0_B_RAM_AUTO_1R1W    |        4|   0|   0|    0|  1200|   32|     1|        38400|
    |B_1_U     |FT0_level0_B_RAM_AUTO_1R1W    |        4|   0|   0|    0|  1200|   32|     1|        38400|
    |B_2_U     |FT0_level0_B_RAM_AUTO_1R1W    |        4|   0|   0|    0|  1200|   32|     1|        38400|
    |B_3_U     |FT0_level0_B_RAM_AUTO_1R1W    |        4|   0|   0|    0|  1200|   32|     1|        38400|
    |B_4_U     |FT0_level0_B_RAM_AUTO_1R1W    |        4|   0|   0|    0|  1200|   32|     1|        38400|
    |B_5_U     |FT0_level0_B_RAM_AUTO_1R1W    |        4|   0|   0|    0|  1200|   32|     1|        38400|
    |B_6_U     |FT0_level0_B_RAM_AUTO_1R1W    |        4|   0|   0|    0|  1200|   32|     1|        38400|
    |B_7_U     |FT0_level0_B_RAM_AUTO_1R1W    |        4|   0|   0|    0|  1200|   32|     1|        38400|
    |B_8_U     |FT0_level0_B_RAM_AUTO_1R1W    |        4|   0|   0|    0|  1200|   32|     1|        38400|
    |B_9_U     |FT0_level0_B_RAM_AUTO_1R1W    |        4|   0|   0|    0|  1200|   32|     1|        38400|
    |B_10_U    |FT0_level0_B_RAM_AUTO_1R1W    |        4|   0|   0|    0|  1200|   32|     1|        38400|
    |B_11_U    |FT0_level0_B_RAM_AUTO_1R1W    |        4|   0|   0|    0|  1200|   32|     1|        38400|
    |B_12_U    |FT0_level0_B_RAM_AUTO_1R1W    |        4|   0|   0|    0|  1200|   32|     1|        38400|
    |B_13_U    |FT0_level0_B_RAM_AUTO_1R1W    |        4|   0|   0|    0|  1200|   32|     1|        38400|
    |B_14_U    |FT0_level0_B_RAM_AUTO_1R1W    |        4|   0|   0|    0|  1200|   32|     1|        38400|
    |B_15_U    |FT0_level0_B_RAM_AUTO_1R1W    |        4|   0|   0|    0|  1200|   32|     1|        38400|
    |B_16_U    |FT0_level0_B_RAM_AUTO_1R1W    |        4|   0|   0|    0|  1200|   32|     1|        38400|
    |B_17_U    |FT0_level0_B_RAM_AUTO_1R1W    |        4|   0|   0|    0|  1200|   32|     1|        38400|
    |B_18_U    |FT0_level0_B_RAM_AUTO_1R1W    |        4|   0|   0|    0|  1200|   32|     1|        38400|
    |B_19_U    |FT0_level0_B_RAM_AUTO_1R1W    |        4|   0|   0|    0|  1200|   32|     1|        38400|
    |B_20_U    |FT0_level0_B_RAM_AUTO_1R1W    |        4|   0|   0|    0|  1200|   32|     1|        38400|
    |B_21_U    |FT0_level0_B_RAM_AUTO_1R1W    |        4|   0|   0|    0|  1200|   32|     1|        38400|
    |B_22_U    |FT0_level0_B_RAM_AUTO_1R1W    |        4|   0|   0|    0|  1200|   32|     1|        38400|
    |B_23_U    |FT0_level0_B_RAM_AUTO_1R1W    |        4|   0|   0|    0|  1200|   32|     1|        38400|
    |B_24_U    |FT0_level0_B_RAM_AUTO_1R1W    |        4|   0|   0|    0|  1200|   32|     1|        38400|
    |B_25_U    |FT0_level0_B_RAM_AUTO_1R1W    |        4|   0|   0|    0|  1200|   32|     1|        38400|
    |B_26_U    |FT0_level0_B_RAM_AUTO_1R1W    |        4|   0|   0|    0|  1200|   32|     1|        38400|
    |B_27_U    |FT0_level0_B_RAM_AUTO_1R1W    |        4|   0|   0|    0|  1200|   32|     1|        38400|
    |B_28_U    |FT0_level0_B_RAM_AUTO_1R1W    |        4|   0|   0|    0|  1200|   32|     1|        38400|
    |B_29_U    |FT0_level0_B_RAM_AUTO_1R1W    |        4|   0|   0|    0|  1200|   32|     1|        38400|
    |B_30_U    |FT0_level0_B_RAM_AUTO_1R1W    |        4|   0|   0|    0|  1200|   32|     1|        38400|
    |B_31_U    |FT0_level0_B_RAM_AUTO_1R1W    |        4|   0|   0|    0|  1200|   32|     1|        38400|
    +----------+------------------------------+---------+----+----+-----+------+-----+------+-------------+
    |Total     |                              |      128|1152|2340|    0| 42000| 2176|    68|      1344000|
    +----------+------------------------------+---------+----+----+-----+------+-----+------+-------------+

    * FIFO: 
    N/A

    * Expression: 
    +---------------------------------+----------+----+---+----+------------+------------+
    |          Variable Name          | Operation| DSP| FF| LUT| Bitwidth P0| Bitwidth P1|
    +---------------------------------+----------+----+---+----+------------+------------+
    |i0_4_fu_504_p2                   |         +|   0|  0|  12|           5|           1|
    |icmp_ln242_fu_498_p2             |      icmp|   0|  0|  12|           5|           5|
    |ap_block_state1                  |        or|   0|  0|   2|           1|           1|
    |ap_block_state2_on_subcall_done  |        or|   0|  0|   2|           1|           1|
    |ap_block_state4_on_subcall_done  |        or|   0|  0|   2|           1|           1|
    +---------------------------------+----------+----+---+----+------------+------------+
    |Total                            |          |   0|  0|  30|          13|           9|
    +---------------------------------+----------+----+---+----+------------+------------+

    * Multiplexer: 
    +----------------------------------+----+-----------+-----+-----------+
    |               Name               | LUT| Input Size| Bits| Total Bits|
    +----------------------------------+----+-----------+-----+-----------+
    |A_0_10_address0                   |  14|          3|    7|         21|
    |A_0_10_ce0                        |  14|          3|    1|          3|
    |A_0_10_ce1                        |   9|          2|    1|          2|
    |A_0_10_we0                        |   9|          2|    1|          2|
    |A_0_10_we1                        |   9|          2|    1|          2|
    |A_0_11_address0                   |  14|          3|    7|         21|
    |A_0_11_ce0                        |  14|          3|    1|          3|
    |A_0_11_ce1                        |   9|          2|    1|          2|
    |A_0_11_we0                        |   9|          2|    1|          2|
    |A_0_11_we1                        |   9|          2|    1|          2|
    |A_0_12_address0                   |  14|          3|    7|         21|
    |A_0_12_ce0                        |  14|          3|    1|          3|
    |A_0_12_ce1                        |   9|          2|    1|          2|
    |A_0_12_we0                        |   9|          2|    1|          2|
    |A_0_12_we1                        |   9|          2|    1|          2|
    |A_0_13_address0                   |  14|          3|    7|         21|
    |A_0_13_ce0                        |  14|          3|    1|          3|
    |A_0_13_ce1                        |   9|          2|    1|          2|
    |A_0_13_we0                        |   9|          2|    1|          2|
    |A_0_13_we1                        |   9|          2|    1|          2|
    |A_0_14_address0                   |  14|          3|    7|         21|
    |A_0_14_ce0                        |  14|          3|    1|          3|
    |A_0_14_ce1                        |   9|          2|    1|          2|
    |A_0_14_we0                        |   9|          2|    1|          2|
    |A_0_14_we1                        |   9|          2|    1|          2|
    |A_0_15_address0                   |  14|          3|    7|         21|
    |A_0_15_ce0                        |  14|          3|    1|          3|
    |A_0_15_ce1                        |   9|          2|    1|          2|
    |A_0_15_we0                        |   9|          2|    1|          2|
    |A_0_15_we1                        |   9|          2|    1|          2|
    |A_0_16_address0                   |  14|          3|    7|         21|
    |A_0_16_ce0                        |  14|          3|    1|          3|
    |A_0_16_ce1                        |   9|          2|    1|          2|
    |A_0_16_we0                        |   9|          2|    1|          2|
    |A_0_16_we1                        |   9|          2|    1|          2|
    |A_0_17_address0                   |  14|          3|    7|         21|
    |A_0_17_ce0                        |  14|          3|    1|          3|
    |A_0_17_ce1                        |   9|          2|    1|          2|
    |A_0_17_we0                        |   9|          2|    1|          2|
    |A_0_17_we1                        |   9|          2|    1|          2|
    |A_0_1_address0                    |  14|          3|    7|         21|
    |A_0_1_ce0                         |  14|          3|    1|          3|
    |A_0_1_ce1                         |   9|          2|    1|          2|
    |A_0_1_we0                         |   9|          2|    1|          2|
    |A_0_1_we1                         |   9|          2|    1|          2|
    |A_0_2_address0                    |  14|          3|    7|         21|
    |A_0_2_ce0                         |  14|          3|    1|          3|
    |A_0_2_ce1                         |   9|          2|    1|          2|
    |A_0_2_we0                         |   9|          2|    1|          2|
    |A_0_2_we1                         |   9|          2|    1|          2|
    |A_0_3_address0                    |  14|          3|    7|         21|
    |A_0_3_ce0                         |  14|          3|    1|          3|
    |A_0_3_ce1                         |   9|          2|    1|          2|
    |A_0_3_we0                         |   9|          2|    1|          2|
    |A_0_3_we1                         |   9|          2|    1|          2|
    |A_0_4_address0                    |  14|          3|    7|         21|
    |A_0_4_ce0                         |  14|          3|    1|          3|
    |A_0_4_ce1                         |   9|          2|    1|          2|
    |A_0_4_we0                         |   9|          2|    1|          2|
    |A_0_4_we1                         |   9|          2|    1|          2|
    |A_0_5_address0                    |  14|          3|    7|         21|
    |A_0_5_ce0                         |  14|          3|    1|          3|
    |A_0_5_ce1                         |   9|          2|    1|          2|
    |A_0_5_we0                         |   9|          2|    1|          2|
    |A_0_5_we1                         |   9|          2|    1|          2|
    |A_0_6_address0                    |  14|          3|    7|         21|
    |A_0_6_ce0                         |  14|          3|    1|          3|
    |A_0_6_ce1                         |   9|          2|    1|          2|
    |A_0_6_we0                         |   9|          2|    1|          2|
    |A_0_6_we1                         |   9|          2|    1|          2|
    |A_0_7_address0                    |  14|          3|    7|         21|
    |A_0_7_ce0                         |  14|          3|    1|          3|
    |A_0_7_ce1                         |   9|          2|    1|          2|
    |A_0_7_we0                         |   9|          2|    1|          2|
    |A_0_7_we1                         |   9|          2|    1|          2|
    |A_0_8_address0                    |  14|          3|    7|         21|
    |A_0_8_ce0                         |  14|          3|    1|          3|
    |A_0_8_ce1                         |   9|          2|    1|          2|
    |A_0_8_we0                         |   9|          2|    1|          2|
    |A_0_8_we1                         |   9|          2|    1|          2|
    |A_0_9_address0                    |  14|          3|    7|         21|
    |A_0_9_ce0                         |  14|          3|    1|          3|
    |A_0_9_ce1                         |   9|          2|    1|          2|
    |A_0_9_we0                         |   9|          2|    1|          2|
    |A_0_9_we1                         |   9|          2|    1|          2|
    |A_0_address0                      |  14|          3|    7|         21|
    |A_0_ce0                           |  14|          3|    1|          3|
    |A_0_ce1                           |   9|          2|    1|          2|
    |A_0_we0                           |   9|          2|    1|          2|
    |A_0_we1                           |   9|          2|    1|          2|
    |A_1_10_address0                   |  14|          3|    7|         21|
    |A_1_10_ce0                        |  14|          3|    1|          3|
    |A_1_10_ce1                        |   9|          2|    1|          2|
    |A_1_10_we0                        |   9|          2|    1|          2|
    |A_1_10_we1                        |   9|          2|    1|          2|
    |A_1_11_address0                   |  14|          3|    7|         21|
    |A_1_11_ce0                        |  14|          3|    1|          3|
    |A_1_11_ce1                        |   9|          2|    1|          2|
    |A_1_11_we0                        |   9|          2|    1|          2|
    |A_1_11_we1                        |   9|          2|    1|          2|
    |A_1_12_address0                   |  14|          3|    7|         21|
    |A_1_12_ce0                        |  14|          3|    1|          3|
    |A_1_12_ce1                        |   9|          2|    1|          2|
    |A_1_12_we0                        |   9|          2|    1|          2|
    |A_1_12_we1                        |   9|          2|    1|          2|
    |A_1_13_address0                   |  14|          3|    7|         21|
    |A_1_13_ce0                        |  14|          3|    1|          3|
    |A_1_13_ce1                        |   9|          2|    1|          2|
    |A_1_13_we0                        |   9|          2|    1|          2|
    |A_1_13_we1                        |   9|          2|    1|          2|
    |A_1_14_address0                   |  14|          3|    7|         21|
    |A_1_14_ce0                        |  14|          3|    1|          3|
    |A_1_14_ce1                        |   9|          2|    1|          2|
    |A_1_14_we0                        |   9|          2|    1|          2|
    |A_1_14_we1                        |   9|          2|    1|          2|
    |A_1_15_address0                   |  14|          3|    7|         21|
    |A_1_15_ce0                        |  14|          3|    1|          3|
    |A_1_15_ce1                        |   9|          2|    1|          2|
    |A_1_15_we0                        |   9|          2|    1|          2|
    |A_1_15_we1                        |   9|          2|    1|          2|
    |A_1_16_address0                   |  14|          3|    7|         21|
    |A_1_16_ce0                        |  14|          3|    1|          3|
    |A_1_16_ce1                        |   9|          2|    1|          2|
    |A_1_16_we0                        |   9|          2|    1|          2|
    |A_1_16_we1                        |   9|          2|    1|          2|
    |A_1_17_address0                   |  14|          3|    7|         21|
    |A_1_17_ce0                        |  14|          3|    1|          3|
    |A_1_17_ce1                        |   9|          2|    1|          2|
    |A_1_17_we0                        |   9|          2|    1|          2|
    |A_1_17_we1                        |   9|          2|    1|          2|
    |A_1_1_address0                    |  14|          3|    7|         21|
    |A_1_1_ce0                         |  14|          3|    1|          3|
    |A_1_1_ce1                         |   9|          2|    1|          2|
    |A_1_1_we0                         |   9|          2|    1|          2|
    |A_1_1_we1                         |   9|          2|    1|          2|
    |A_1_2_address0                    |  14|          3|    7|         21|
    |A_1_2_ce0                         |  14|          3|    1|          3|
    |A_1_2_ce1                         |   9|          2|    1|          2|
    |A_1_2_we0                         |   9|          2|    1|          2|
    |A_1_2_we1                         |   9|          2|    1|          2|
    |A_1_3_address0                    |  14|          3|    7|         21|
    |A_1_3_ce0                         |  14|          3|    1|          3|
    |A_1_3_ce1                         |   9|          2|    1|          2|
    |A_1_3_we0                         |   9|          2|    1|          2|
    |A_1_3_we1                         |   9|          2|    1|          2|
    |A_1_4_address0                    |  14|          3|    7|         21|
    |A_1_4_ce0                         |  14|          3|    1|          3|
    |A_1_4_ce1                         |   9|          2|    1|          2|
    |A_1_4_we0                         |   9|          2|    1|          2|
    |A_1_4_we1                         |   9|          2|    1|          2|
    |A_1_5_address0                    |  14|          3|    7|         21|
    |A_1_5_ce0                         |  14|          3|    1|          3|
    |A_1_5_ce1                         |   9|          2|    1|          2|
    |A_1_5_we0                         |   9|          2|    1|          2|
    |A_1_5_we1                         |   9|          2|    1|          2|
    |A_1_6_address0                    |  14|          3|    7|         21|
    |A_1_6_ce0                         |  14|          3|    1|          3|
    |A_1_6_ce1                         |   9|          2|    1|          2|
    |A_1_6_we0                         |   9|          2|    1|          2|
    |A_1_6_we1                         |   9|          2|    1|          2|
    |A_1_7_address0                    |  14|          3|    7|         21|
    |A_1_7_ce0                         |  14|          3|    1|          3|
    |A_1_7_ce1                         |   9|          2|    1|          2|
    |A_1_7_we0                         |   9|          2|    1|          2|
    |A_1_7_we1                         |   9|          2|    1|          2|
    |A_1_8_address0                    |  14|          3|    7|         21|
    |A_1_8_ce0                         |  14|          3|    1|          3|
    |A_1_8_ce1                         |   9|          2|    1|          2|
    |A_1_8_we0                         |   9|          2|    1|          2|
    |A_1_8_we1                         |   9|          2|    1|          2|
    |A_1_9_address0                    |  14|          3|    7|         21|
    |A_1_9_ce0                         |  14|          3|    1|          3|
    |A_1_9_ce1                         |   9|          2|    1|          2|
    |A_1_9_we0                         |   9|          2|    1|          2|
    |A_1_9_we1                         |   9|          2|    1|          2|
    |A_1_address0                      |  14|          3|    7|         21|
    |A_1_ce0                           |  14|          3|    1|          3|
    |A_1_ce1                           |   9|          2|    1|          2|
    |A_1_we0                           |   9|          2|    1|          2|
    |A_1_we1                           |   9|          2|    1|          2|
    |B_10_address0                     |  14|          3|   11|         33|
    |B_10_ce0                          |  14|          3|    1|          3|
    |B_10_we0                          |   9|          2|    1|          2|
    |B_11_address0                     |  14|          3|   11|         33|
    |B_11_ce0                          |  14|          3|    1|          3|
    |B_11_we0                          |   9|          2|    1|          2|
    |B_12_address0                     |  14|          3|   11|         33|
    |B_12_ce0                          |  14|          3|    1|          3|
    |B_12_we0                          |   9|          2|    1|          2|
    |B_13_address0                     |  14|          3|   11|         33|
    |B_13_ce0                          |  14|          3|    1|          3|
    |B_13_we0                          |   9|          2|    1|          2|
    |B_14_address0                     |  14|          3|   11|         33|
    |B_14_ce0                          |  14|          3|    1|          3|
    |B_14_we0                          |   9|          2|    1|          2|
    |B_15_address0                     |  14|          3|   11|         33|
    |B_15_ce0                          |  14|          3|    1|          3|
    |B_15_we0                          |   9|          2|    1|          2|
    |B_16_address0                     |  14|          3|   11|         33|
    |B_16_ce0                          |  14|          3|    1|          3|
    |B_16_we0                          |   9|          2|    1|          2|
    |B_17_address0                     |  14|          3|   11|         33|
    |B_17_ce0                          |  14|          3|    1|          3|
    |B_17_we0                          |   9|          2|    1|          2|
    |B_18_address0                     |  14|          3|   11|         33|
    |B_18_ce0                          |  14|          3|    1|          3|
    |B_18_we0                          |   9|          2|    1|          2|
    |B_19_address0                     |  14|          3|   11|         33|
    |B_19_ce0                          |  14|          3|    1|          3|
    |B_19_we0                          |   9|          2|    1|          2|
    |B_1_address0                      |  14|          3|   11|         33|
    |B_1_ce0                           |  14|          3|    1|          3|
    |B_1_we0                           |   9|          2|    1|          2|
    |B_20_address0                     |  14|          3|   11|         33|
    |B_20_ce0                          |  14|          3|    1|          3|
    |B_20_we0                          |   9|          2|    1|          2|
    |B_21_address0                     |  14|          3|   11|         33|
    |B_21_ce0                          |  14|          3|    1|          3|
    |B_21_we0                          |   9|          2|    1|          2|
    |B_22_address0                     |  14|          3|   11|         33|
    |B_22_ce0                          |  14|          3|    1|          3|
    |B_22_we0                          |   9|          2|    1|          2|
    |B_23_address0                     |  14|          3|   11|         33|
    |B_23_ce0                          |  14|          3|    1|          3|
    |B_23_we0                          |   9|          2|    1|          2|
    |B_24_address0                     |  14|          3|   11|         33|
    |B_24_ce0                          |  14|          3|    1|          3|
    |B_24_we0                          |   9|          2|    1|          2|
    |B_25_address0                     |  14|          3|   11|         33|
    |B_25_ce0                          |  14|          3|    1|          3|
    |B_25_we0                          |   9|          2|    1|          2|
    |B_26_address0                     |  14|          3|   11|         33|
    |B_26_ce0                          |  14|          3|    1|          3|
    |B_26_we0                          |   9|          2|    1|          2|
    |B_27_address0                     |  14|          3|   11|         33|
    |B_27_ce0                          |  14|          3|    1|          3|
    |B_27_we0                          |   9|          2|    1|          2|
    |B_28_address0                     |  14|          3|   11|         33|
    |B_28_ce0                          |  14|          3|    1|          3|
    |B_28_we0                          |   9|          2|    1|          2|
    |B_29_address0                     |  14|          3|   11|         33|
    |B_29_ce0                          |  14|          3|    1|          3|
    |B_29_we0                          |   9|          2|    1|          2|
    |B_2_address0                      |  14|          3|   11|         33|
    |B_2_ce0                           |  14|          3|    1|          3|
    |B_2_we0                           |   9|          2|    1|          2|
    |B_30_address0                     |  14|          3|   11|         33|
    |B_30_ce0                          |  14|          3|    1|          3|
    |B_30_we0                          |   9|          2|    1|          2|
    |B_31_address0                     |  14|          3|   11|         33|
    |B_31_ce0                          |  14|          3|    1|          3|
    |B_31_we0                          |   9|          2|    1|          2|
    |B_3_address0                      |  14|          3|   11|         33|
    |B_3_ce0                           |  14|          3|    1|          3|
    |B_3_we0                           |   9|          2|    1|          2|
    |B_4_address0                      |  14|          3|   11|         33|
    |B_4_ce0                           |  14|          3|    1|          3|
    |B_4_we0                           |   9|          2|    1|          2|
    |B_5_address0                      |  14|          3|   11|         33|
    |B_5_ce0                           |  14|          3|    1|          3|
    |B_5_we0                           |   9|          2|    1|          2|
    |B_6_address0                      |  14|          3|   11|         33|
    |B_6_ce0                           |  14|          3|    1|          3|
    |B_6_we0                           |   9|          2|    1|          2|
    |B_7_address0                      |  14|          3|   11|         33|
    |B_7_ce0                           |  14|          3|    1|          3|
    |B_7_we0                           |   9|          2|    1|          2|
    |B_8_address0                      |  14|          3|   11|         33|
    |B_8_ce0                           |  14|          3|    1|          3|
    |B_8_we0                           |   9|          2|    1|          2|
    |B_9_address0                      |  14|          3|   11|         33|
    |B_9_ce0                           |  14|          3|    1|          3|
    |B_9_we0                           |   9|          2|    1|          2|
    |B_address0                        |  14|          3|   11|         33|
    |B_ce0                             |  14|          3|    1|          3|
    |B_we0                             |   9|          2|    1|          2|
    |ap_NS_fsm                         |  26|          5|    1|          5|
    |ap_done                           |   9|          2|    1|          2|
    |fifo_A_from_off_chip_to_S1_read   |   9|          2|    1|          2|
    |fifo_B_from_off_chip_to_S1_read   |   9|          2|    1|          2|
    |fifo_E_from_task1_to_task5_write  |   9|          2|    1|          2|
    |fifo_E_to_off_chip_write          |   9|          2|    1|          2|
    |grp_FT0_level1_fu_432_A_0_0_q0    |  14|          3|   32|         96|
    |grp_FT0_level1_fu_432_A_0_1_q0    |  14|          3|   32|         96|
    |grp_FT0_level1_fu_432_A_1_0_q0    |  14|          3|   32|         96|
    |grp_FT0_level1_fu_432_A_1_1_q0    |  14|          3|   32|         96|
    |grp_FT0_level1_fu_432_A_2_0_q0    |  14|          3|   32|         96|
    |grp_FT0_level1_fu_432_A_2_1_q0    |  14|          3|   32|         96|
    |grp_FT0_level1_fu_432_A_3_0_q0    |  14|          3|   32|         96|
    |grp_FT0_level1_fu_432_A_3_1_q0    |  14|          3|   32|         96|
    |grp_FT0_level1_fu_432_A_4_0_q0    |  14|          3|   32|         96|
    |grp_FT0_level1_fu_432_A_4_1_q0    |  14|          3|   32|         96|
    |grp_FT0_level1_fu_432_A_5_0_q0    |  14|          3|   32|         96|
    |grp_FT0_level1_fu_432_A_5_1_q0    |  14|          3|   32|         96|
    |grp_FT0_level1_fu_432_A_6_0_q0    |  14|          3|   32|         96|
    |grp_FT0_level1_fu_432_A_6_1_q0    |  14|          3|   32|         96|
    |grp_FT0_level1_fu_432_A_7_0_q0    |  14|          3|   32|         96|
    |grp_FT0_level1_fu_432_A_7_1_q0    |  14|          3|   32|         96|
    |grp_FT0_level1_fu_432_A_8_0_q0    |  14|          3|   32|         96|
    |grp_FT0_level1_fu_432_A_8_1_q0    |  14|          3|   32|         96|
    |grp_read_A_FT0_fu_388_i0          |  14|          3|    5|         15|
    |i0_01_fu_42                       |   9|          2|    5|         10|
    |real_start                        |   9|          2|    1|          2|
    +----------------------------------+----+-----------+-----+-----------+
    |Total                             |3519|        764| 1405|       4066|
    +----------------------------------+----+-----------+-----+-----------+

    * Register: 
    +------------------------------------+---+----+-----+-----------+
    |                Name                | FF| LUT| Bits| Const Bits|
    +------------------------------------+---+----+-----+-----------+
    |ap_CS_fsm                           |  4|   0|    4|          0|
    |ap_done_reg                         |  1|   0|    1|          0|
    |grp_FT0_level1_fu_432_ap_start_reg  |  1|   0|    1|          0|
    |grp_read_A_FT0_fu_388_ap_start_reg  |  1|   0|    1|          0|
    |grp_read_B_FT0_fu_318_ap_start_reg  |  1|   0|    1|          0|
    |i0_01_fu_42                         |  5|   0|    5|          0|
    |i0_4_reg_529                        |  5|   0|    5|          0|
    |start_once_reg                      |  1|   0|    1|          0|
    |trunc_ln242_reg_535                 |  1|   0|    1|          0|
    +------------------------------------+---+----+-----+-----------+
    |Total                               | 20|   0|   20|          0|
    +------------------------------------+---+----+-----+-----------+



================================================================
== Interface
================================================================
* Summary: 
+-------------------------------------------+-----+-----+------------+----------------------------+--------------+
|                 RTL Ports                 | Dir | Bits|  Protocol  |        Source Object       |    C Type    |
+-------------------------------------------+-----+-----+------------+----------------------------+--------------+
|ap_clk                                     |   in|    1|  ap_ctrl_hs|                  FT0_level0|  return value|
|ap_rst                                     |   in|    1|  ap_ctrl_hs|                  FT0_level0|  return value|
|ap_start                                   |   in|    1|  ap_ctrl_hs|                  FT0_level0|  return value|
|start_full_n                               |   in|    1|  ap_ctrl_hs|                  FT0_level0|  return value|
|ap_done                                    |  out|    1|  ap_ctrl_hs|                  FT0_level0|  return value|
|ap_continue                                |   in|    1|  ap_ctrl_hs|                  FT0_level0|  return value|
|ap_idle                                    |  out|    1|  ap_ctrl_hs|                  FT0_level0|  return value|
|ap_ready                                   |  out|    1|  ap_ctrl_hs|                  FT0_level0|  return value|
|start_out                                  |  out|    1|  ap_ctrl_hs|                  FT0_level0|  return value|
|start_write                                |  out|    1|  ap_ctrl_hs|                  FT0_level0|  return value|
|fifo_E_from_task1_to_task5_din             |  out|  512|     ap_fifo|  fifo_E_from_task1_to_task5|       pointer|
|fifo_E_from_task1_to_task5_num_data_valid  |   in|   11|     ap_fifo|  fifo_E_from_task1_to_task5|       pointer|
|fifo_E_from_task1_to_task5_fifo_cap        |   in|   11|     ap_fifo|  fifo_E_from_task1_to_task5|       pointer|
|fifo_E_from_task1_to_task5_full_n          |   in|    1|     ap_fifo|  fifo_E_from_task1_to_task5|       pointer|
|fifo_E_from_task1_to_task5_write           |  out|    1|     ap_fifo|  fifo_E_from_task1_to_task5|       pointer|
|fifo_A_from_off_chip_to_S1_dout            |   in|  256|     ap_fifo|  fifo_A_from_off_chip_to_S1|       pointer|
|fifo_A_from_off_chip_to_S1_num_data_valid  |   in|   11|     ap_fifo|  fifo_A_from_off_chip_to_S1|       pointer|
|fifo_A_from_off_chip_to_S1_fifo_cap        |   in|   11|     ap_fifo|  fifo_A_from_off_chip_to_S1|       pointer|
|fifo_A_from_off_chip_to_S1_empty_n         |   in|    1|     ap_fifo|  fifo_A_from_off_chip_to_S1|       pointer|
|fifo_A_from_off_chip_to_S1_read            |  out|    1|     ap_fifo|  fifo_A_from_off_chip_to_S1|       pointer|
|fifo_B_from_off_chip_to_S1_dout            |   in|  512|     ap_fifo|  fifo_B_from_off_chip_to_S1|       pointer|
|fifo_B_from_off_chip_to_S1_num_data_valid  |   in|   11|     ap_fifo|  fifo_B_from_off_chip_to_S1|       pointer|
|fifo_B_from_off_chip_to_S1_fifo_cap        |   in|   11|     ap_fifo|  fifo_B_from_off_chip_to_S1|       pointer|
|fifo_B_from_off_chip_to_S1_empty_n         |   in|    1|     ap_fifo|  fifo_B_from_off_chip_to_S1|       pointer|
|fifo_B_from_off_chip_to_S1_read            |  out|    1|     ap_fifo|  fifo_B_from_off_chip_to_S1|       pointer|
|fifo_E_to_off_chip_din                     |  out|  512|     ap_fifo|          fifo_E_to_off_chip|       pointer|
|fifo_E_to_off_chip_num_data_valid          |   in|   11|     ap_fifo|          fifo_E_to_off_chip|       pointer|
|fifo_E_to_off_chip_fifo_cap                |   in|   11|     ap_fifo|          fifo_E_to_off_chip|       pointer|
|fifo_E_to_off_chip_full_n                  |   in|    1|     ap_fifo|          fifo_E_to_off_chip|       pointer|
|fifo_E_to_off_chip_write                   |  out|    1|     ap_fifo|          fifo_E_to_off_chip|       pointer|
+-------------------------------------------+-----+-----+------------+----------------------------+--------------+

