

================================================================
== Vitis HLS Report for 'FT1_level0'
================================================================
* Date:           Thu Jan  2 11:39:45 2025

* Version:        2023.2 (Build 4023990 on Oct 11 2023)
* Project:        kernel_nlp_slr0
* Solution:       solution (Vitis Kernel Flow Target)
* Product family: virtexuplusHBM
* Target device:  xcu55c-fsvh2892-2L-e


================================================================
== Performance Estimates
================================================================
+ Timing: 
    * Summary: 
    +--------+---------+----------+------------+
    |  Clock |  Target | Estimated| Uncertainty|
    +--------+---------+----------+------------+
    |ap_clk  |  4.55 ns|  3.280 ns|     1.23 ns|
    +--------+---------+----------+------------+

+ Latency: 
    * Summary: 
    +---------+---------+----------+----------+-------+--------+---------+
    |  Latency (cycles) |  Latency (absolute) |    Interval    | Pipeline|
    |   min   |   max   |    min   |    max   |  min  |   max  |   Type  |
    +---------+---------+----------+----------+-------+--------+---------+
    |    79047|   127188|  0.359 ms|  0.578 ms|  79047|  127188|       no|
    +---------+---------+----------+----------+-------+--------+---------+

    + Detail: 
        * Instance: 
        +-----------------------+------------+---------+---------+-----------+-----------+------+------+---------+
        |                       |            |  Latency (cycles) |   Latency (absolute)  |   Interval  | Pipeline|
        |        Instance       |   Module   |   min   |   max   |    min    |    max    |  min |  max |   Type  |
        +-----------------------+------------+---------+---------+-----------+-----------+------+------+---------+
        |grp_read_D_FT1_fu_684  |read_D_FT1  |        1|     1123|   4.545 ns|   5.104 us|     1|  1123|       no|
        |grp_FT1_level1_fu_772  |FT1_level1  |     3762|     6001|  17.098 us|  27.275 us|  3762|  6001|       no|
        +-----------------------+------------+---------+---------+-----------+-----------+------+------+---------+

        * Loop: 
        +--------------------+---------+---------+-------------+-----------+-----------+------+----------+
        |                    |  Latency (cycles) |  Iteration  |  Initiation Interval  | Trip |          |
        |      Loop Name     |   min   |   max   |   Latency   |  achieved |   target  | Count| Pipelined|
        +--------------------+---------+---------+-------------+-----------+-----------+------+----------+
        |- VITIS_LOOP_327_1  |    79044|   126063|  3764 ~ 6003|          -|          -|    21|        no|
        +--------------------+---------+---------+-------------+-----------+-----------+------+----------+



================================================================
== Utilization Estimates
================================================================
* Summary: 
+---------------------+---------+------+---------+---------+-----+
|         Name        | BRAM_18K|  DSP |    FF   |   LUT   | URAM|
+---------------------+---------+------+---------+---------+-----+
|DSP                  |        -|     -|        -|        -|    -|
|Expression           |        -|     -|        0|       28|    -|
|FIFO                 |        -|     -|        -|        -|    -|
|Instance             |        -|   612|    98314|    85568|    -|
|Memory               |      320|     -|     2560|     2640|    0|
|Multiplexer          |        -|     -|        -|     6494|    -|
|Register             |        -|     -|       18|        -|    -|
+---------------------+---------+------+---------+---------+-----+
|Total                |      320|   612|   100892|    94730|    0|
+---------------------+---------+------+---------+---------+-----+
|Available SLR        |     1344|  3008|   869120|   434560|  320|
+---------------------+---------+------+---------+---------+-----+
|Utilization SLR (%)  |       23|    20|       11|       21|    0|
+---------------------+---------+------+---------+---------+-----+
|Available            |     4032|  9024|  2607360|  1303680|  960|
+---------------------+---------+------+---------+---------+-----+
|Utilization (%)      |        7|     6|        3|        7|    0|
+---------------------+---------+------+---------+---------+-----+

+ Detail: 
    * Instance: 
    +-----------------------+------------+---------+-----+-------+-------+-----+
    |        Instance       |   Module   | BRAM_18K| DSP |   FF  |  LUT  | URAM|
    +-----------------------+------------+---------+-----+-------+-------+-----+
    |grp_FT1_level1_fu_772  |FT1_level1  |        0|  612|  98284|  85377|    0|
    |grp_read_D_FT1_fu_684  |read_D_FT1  |        0|    0|     30|    191|    0|
    +-----------------------+------------+---------+-----+-------+-------+-----+
    |Total                  |            |        0|  612|  98314|  85568|    0|
    +-----------------------+------------+---------+-----+-------+-------+-----+

    * DSP: 
    N/A

    * Memory: 
    +----------+------------------------------+---------+----+----+-----+------+-----+------+-------------+
    |  Memory  |            Module            | BRAM_18K| FF | LUT| URAM| Words| Bits| Banks| W*Bits*Banks|
    +----------+------------------------------+---------+----+----+-----+------+-----+------+-------------+
    |C_0_U     |FT1_level0_C_0_RAM_AUTO_1R1W  |        4|   0|   0|    0|  1064|   32|     1|        34048|
    |C_0_1_U   |FT1_level0_C_0_RAM_AUTO_1R1W  |        4|   0|   0|    0|  1064|   32|     1|        34048|
    |C_0_2_U   |FT1_level0_C_0_RAM_AUTO_1R1W  |        4|   0|   0|    0|  1064|   32|     1|        34048|
    |C_0_3_U   |FT1_level0_C_0_RAM_AUTO_1R1W  |        4|   0|   0|    0|  1064|   32|     1|        34048|
    |C_0_4_U   |FT1_level0_C_0_RAM_AUTO_1R1W  |        4|   0|   0|    0|  1064|   32|     1|        34048|
    |C_0_5_U   |FT1_level0_C_0_RAM_AUTO_1R1W  |        4|   0|   0|    0|  1064|   32|     1|        34048|
    |C_0_6_U   |FT1_level0_C_0_RAM_AUTO_1R1W  |        4|   0|   0|    0|  1064|   32|     1|        34048|
    |C_0_7_U   |FT1_level0_C_0_RAM_AUTO_1R1W  |        4|   0|   0|    0|  1064|   32|     1|        34048|
    |C_0_8_U   |FT1_level0_C_0_RAM_AUTO_1R1W  |        4|   0|   0|    0|  1064|   32|     1|        34048|
    |C_0_9_U   |FT1_level0_C_0_RAM_AUTO_1R1W  |        4|   0|   0|    0|  1064|   32|     1|        34048|
    |C_0_10_U  |FT1_level0_C_0_RAM_AUTO_1R1W  |        4|   0|   0|    0|  1064|   32|     1|        34048|
    |C_0_11_U  |FT1_level0_C_0_RAM_AUTO_1R1W  |        4|   0|   0|    0|  1064|   32|     1|        34048|
    |C_0_12_U  |FT1_level0_C_0_RAM_AUTO_1R1W  |        4|   0|   0|    0|  1064|   32|     1|        34048|
    |C_0_13_U  |FT1_level0_C_0_RAM_AUTO_1R1W  |        4|   0|   0|    0|  1064|   32|     1|        34048|
    |C_0_14_U  |FT1_level0_C_0_RAM_AUTO_1R1W  |        4|   0|   0|    0|  1064|   32|     1|        34048|
    |C_0_15_U  |FT1_level0_C_0_RAM_AUTO_1R1W  |        4|   0|   0|    0|  1064|   32|     1|        34048|
    |C_0_16_U  |FT1_level0_C_0_RAM_AUTO_1R1W  |        4|   0|   0|    0|  1064|   32|     1|        34048|
    |C_0_17_U  |FT1_level0_C_0_RAM_AUTO_1R1W  |        4|   0|   0|    0|  1064|   32|     1|        34048|
    |C_0_18_U  |FT1_level0_C_0_RAM_AUTO_1R1W  |        4|   0|   0|    0|  1064|   32|     1|        34048|
    |C_0_19_U  |FT1_level0_C_0_RAM_AUTO_1R1W  |        4|   0|   0|    0|  1064|   32|     1|        34048|
    |C_0_20_U  |FT1_level0_C_0_RAM_AUTO_1R1W  |        4|   0|   0|    0|  1064|   32|     1|        34048|
    |C_0_21_U  |FT1_level0_C_0_RAM_AUTO_1R1W  |        4|   0|   0|    0|  1064|   32|     1|        34048|
    |C_0_22_U  |FT1_level0_C_0_RAM_AUTO_1R1W  |        4|   0|   0|    0|  1064|   32|     1|        34048|
    |C_0_23_U  |FT1_level0_C_0_RAM_AUTO_1R1W  |        4|   0|   0|    0|  1064|   32|     1|        34048|
    |C_0_24_U  |FT1_level0_C_0_RAM_AUTO_1R1W  |        4|   0|   0|    0|  1064|   32|     1|        34048|
    |C_0_25_U  |FT1_level0_C_0_RAM_AUTO_1R1W  |        4|   0|   0|    0|  1064|   32|     1|        34048|
    |C_0_26_U  |FT1_level0_C_0_RAM_AUTO_1R1W  |        4|   0|   0|    0|  1064|   32|     1|        34048|
    |C_0_27_U  |FT1_level0_C_0_RAM_AUTO_1R1W  |        4|   0|   0|    0|  1064|   32|     1|        34048|
    |C_0_28_U  |FT1_level0_C_0_RAM_AUTO_1R1W  |        4|   0|   0|    0|  1064|   32|     1|        34048|
    |C_0_29_U  |FT1_level0_C_0_RAM_AUTO_1R1W  |        4|   0|   0|    0|  1064|   32|     1|        34048|
    |C_0_30_U  |FT1_level0_C_0_RAM_AUTO_1R1W  |        4|   0|   0|    0|  1064|   32|     1|        34048|
    |C_0_31_U  |FT1_level0_C_0_RAM_AUTO_1R1W  |        4|   0|   0|    0|  1064|   32|     1|        34048|
    |C_0_32_U  |FT1_level0_C_0_RAM_AUTO_1R1W  |        4|   0|   0|    0|  1064|   32|     1|        34048|
    |C_0_33_U  |FT1_level0_C_0_RAM_AUTO_1R1W  |        4|   0|   0|    0|  1064|   32|     1|        34048|
    |C_0_34_U  |FT1_level0_C_0_RAM_AUTO_1R1W  |        4|   0|   0|    0|  1064|   32|     1|        34048|
    |C_0_35_U  |FT1_level0_C_0_RAM_AUTO_1R1W  |        4|   0|   0|    0|  1064|   32|     1|        34048|
    |C_0_36_U  |FT1_level0_C_0_RAM_AUTO_1R1W  |        4|   0|   0|    0|  1064|   32|     1|        34048|
    |C_0_37_U  |FT1_level0_C_0_RAM_AUTO_1R1W  |        4|   0|   0|    0|  1064|   32|     1|        34048|
    |C_0_38_U  |FT1_level0_C_0_RAM_AUTO_1R1W  |        4|   0|   0|    0|  1064|   32|     1|        34048|
    |C_0_39_U  |FT1_level0_C_0_RAM_AUTO_1R1W  |        4|   0|   0|    0|  1064|   32|     1|        34048|
    |C_1_U     |FT1_level0_C_0_RAM_AUTO_1R1W  |        4|   0|   0|    0|  1064|   32|     1|        34048|
    |C_1_1_U   |FT1_level0_C_0_RAM_AUTO_1R1W  |        4|   0|   0|    0|  1064|   32|     1|        34048|
    |C_1_2_U   |FT1_level0_C_0_RAM_AUTO_1R1W  |        4|   0|   0|    0|  1064|   32|     1|        34048|
    |C_1_3_U   |FT1_level0_C_0_RAM_AUTO_1R1W  |        4|   0|   0|    0|  1064|   32|     1|        34048|
    |C_1_4_U   |FT1_level0_C_0_RAM_AUTO_1R1W  |        4|   0|   0|    0|  1064|   32|     1|        34048|
    |C_1_5_U   |FT1_level0_C_0_RAM_AUTO_1R1W  |        4|   0|   0|    0|  1064|   32|     1|        34048|
    |C_1_6_U   |FT1_level0_C_0_RAM_AUTO_1R1W  |        4|   0|   0|    0|  1064|   32|     1|        34048|
    |C_1_7_U   |FT1_level0_C_0_RAM_AUTO_1R1W  |        4|   0|   0|    0|  1064|   32|     1|        34048|
    |C_1_8_U   |FT1_level0_C_0_RAM_AUTO_1R1W  |        4|   0|   0|    0|  1064|   32|     1|        34048|
    |C_1_9_U   |FT1_level0_C_0_RAM_AUTO_1R1W  |        4|   0|   0|    0|  1064|   32|     1|        34048|
    |C_1_10_U  |FT1_level0_C_0_RAM_AUTO_1R1W  |        4|   0|   0|    0|  1064|   32|     1|        34048|
    |C_1_11_U  |FT1_level0_C_0_RAM_AUTO_1R1W  |        4|   0|   0|    0|  1064|   32|     1|        34048|
    |C_1_12_U  |FT1_level0_C_0_RAM_AUTO_1R1W  |        4|   0|   0|    0|  1064|   32|     1|        34048|
    |C_1_13_U  |FT1_level0_C_0_RAM_AUTO_1R1W  |        4|   0|   0|    0|  1064|   32|     1|        34048|
    |C_1_14_U  |FT1_level0_C_0_RAM_AUTO_1R1W  |        4|   0|   0|    0|  1064|   32|     1|        34048|
    |C_1_15_U  |FT1_level0_C_0_RAM_AUTO_1R1W  |        4|   0|   0|    0|  1064|   32|     1|        34048|
    |C_1_16_U  |FT1_level0_C_0_RAM_AUTO_1R1W  |        4|   0|   0|    0|  1064|   32|     1|        34048|
    |C_1_17_U  |FT1_level0_C_0_RAM_AUTO_1R1W  |        4|   0|   0|    0|  1064|   32|     1|        34048|
    |C_1_18_U  |FT1_level0_C_0_RAM_AUTO_1R1W  |        4|   0|   0|    0|  1064|   32|     1|        34048|
    |C_1_19_U  |FT1_level0_C_0_RAM_AUTO_1R1W  |        4|   0|   0|    0|  1064|   32|     1|        34048|
    |C_1_20_U  |FT1_level0_C_0_RAM_AUTO_1R1W  |        4|   0|   0|    0|  1064|   32|     1|        34048|
    |C_1_21_U  |FT1_level0_C_0_RAM_AUTO_1R1W  |        4|   0|   0|    0|  1064|   32|     1|        34048|
    |C_1_22_U  |FT1_level0_C_0_RAM_AUTO_1R1W  |        4|   0|   0|    0|  1064|   32|     1|        34048|
    |C_1_23_U  |FT1_level0_C_0_RAM_AUTO_1R1W  |        4|   0|   0|    0|  1064|   32|     1|        34048|
    |C_1_24_U  |FT1_level0_C_0_RAM_AUTO_1R1W  |        4|   0|   0|    0|  1064|   32|     1|        34048|
    |C_1_25_U  |FT1_level0_C_0_RAM_AUTO_1R1W  |        4|   0|   0|    0|  1064|   32|     1|        34048|
    |C_1_26_U  |FT1_level0_C_0_RAM_AUTO_1R1W  |        4|   0|   0|    0|  1064|   32|     1|        34048|
    |C_1_27_U  |FT1_level0_C_0_RAM_AUTO_1R1W  |        4|   0|   0|    0|  1064|   32|     1|        34048|
    |C_1_28_U  |FT1_level0_C_0_RAM_AUTO_1R1W  |        4|   0|   0|    0|  1064|   32|     1|        34048|
    |C_1_29_U  |FT1_level0_C_0_RAM_AUTO_1R1W  |        4|   0|   0|    0|  1064|   32|     1|        34048|
    |C_1_30_U  |FT1_level0_C_0_RAM_AUTO_1R1W  |        4|   0|   0|    0|  1064|   32|     1|        34048|
    |C_1_31_U  |FT1_level0_C_0_RAM_AUTO_1R1W  |        4|   0|   0|    0|  1064|   32|     1|        34048|
    |C_1_32_U  |FT1_level0_C_0_RAM_AUTO_1R1W  |        4|   0|   0|    0|  1064|   32|     1|        34048|
    |C_1_33_U  |FT1_level0_C_0_RAM_AUTO_1R1W  |        4|   0|   0|    0|  1064|   32|     1|        34048|
    |C_1_34_U  |FT1_level0_C_0_RAM_AUTO_1R1W  |        4|   0|   0|    0|  1064|   32|     1|        34048|
    |C_1_35_U  |FT1_level0_C_0_RAM_AUTO_1R1W  |        4|   0|   0|    0|  1064|   32|     1|        34048|
    |C_1_36_U  |FT1_level0_C_0_RAM_AUTO_1R1W  |        4|   0|   0|    0|  1064|   32|     1|        34048|
    |C_1_37_U  |FT1_level0_C_0_RAM_AUTO_1R1W  |        4|   0|   0|    0|  1064|   32|     1|        34048|
    |C_1_38_U  |FT1_level0_C_0_RAM_AUTO_1R1W  |        4|   0|   0|    0|  1064|   32|     1|        34048|
    |C_1_39_U  |FT1_level0_C_0_RAM_AUTO_1R1W  |        4|   0|   0|    0|  1064|   32|     1|        34048|
    |D_0_U     |FT1_level0_D_0_RAM_AUTO_1R1W  |        0|  32|  33|    0|    56|   32|     1|         1792|
    |D_0_1_U   |FT1_level0_D_0_RAM_AUTO_1R1W  |        0|  32|  33|    0|    56|   32|     1|         1792|
    |D_0_2_U   |FT1_level0_D_0_RAM_AUTO_1R1W  |        0|  32|  33|    0|    56|   32|     1|         1792|
    |D_0_3_U   |FT1_level0_D_0_RAM_AUTO_1R1W  |        0|  32|  33|    0|    56|   32|     1|         1792|
    |D_0_4_U   |FT1_level0_D_0_RAM_AUTO_1R1W  |        0|  32|  33|    0|    56|   32|     1|         1792|
    |D_0_5_U   |FT1_level0_D_0_RAM_AUTO_1R1W  |        0|  32|  33|    0|    56|   32|     1|         1792|
    |D_0_6_U   |FT1_level0_D_0_RAM_AUTO_1R1W  |        0|  32|  33|    0|    56|   32|     1|         1792|
    |D_0_7_U   |FT1_level0_D_0_RAM_AUTO_1R1W  |        0|  32|  33|    0|    56|   32|     1|         1792|
    |D_0_8_U   |FT1_level0_D_0_RAM_AUTO_1R1W  |        0|  32|  33|    0|    56|   32|     1|         1792|
    |D_0_9_U   |FT1_level0_D_0_RAM_AUTO_1R1W  |        0|  32|  33|    0|    56|   32|     1|         1792|
    |D_0_10_U  |FT1_level0_D_0_RAM_AUTO_1R1W  |        0|  32|  33|    0|    56|   32|     1|         1792|
    |D_0_11_U  |FT1_level0_D_0_RAM_AUTO_1R1W  |        0|  32|  33|    0|    56|   32|     1|         1792|
    |D_0_12_U  |FT1_level0_D_0_RAM_AUTO_1R1W  |        0|  32|  33|    0|    56|   32|     1|         1792|
    |D_0_13_U  |FT1_level0_D_0_RAM_AUTO_1R1W  |        0|  32|  33|    0|    56|   32|     1|         1792|
    |D_0_14_U  |FT1_level0_D_0_RAM_AUTO_1R1W  |        0|  32|  33|    0|    56|   32|     1|         1792|
    |D_0_15_U  |FT1_level0_D_0_RAM_AUTO_1R1W  |        0|  32|  33|    0|    56|   32|     1|         1792|
    |D_0_16_U  |FT1_level0_D_0_RAM_AUTO_1R1W  |        0|  32|  33|    0|    56|   32|     1|         1792|
    |D_0_17_U  |FT1_level0_D_0_RAM_AUTO_1R1W  |        0|  32|  33|    0|    56|   32|     1|         1792|
    |D_0_18_U  |FT1_level0_D_0_RAM_AUTO_1R1W  |        0|  32|  33|    0|    56|   32|     1|         1792|
    |D_0_19_U  |FT1_level0_D_0_RAM_AUTO_1R1W  |        0|  32|  33|    0|    56|   32|     1|         1792|
    |D_0_20_U  |FT1_level0_D_0_RAM_AUTO_1R1W  |        0|  32|  33|    0|    56|   32|     1|         1792|
    |D_0_21_U  |FT1_level0_D_0_RAM_AUTO_1R1W  |        0|  32|  33|    0|    56|   32|     1|         1792|
    |D_0_22_U  |FT1_level0_D_0_RAM_AUTO_1R1W  |        0|  32|  33|    0|    56|   32|     1|         1792|
    |D_0_23_U  |FT1_level0_D_0_RAM_AUTO_1R1W  |        0|  32|  33|    0|    56|   32|     1|         1792|
    |D_0_24_U  |FT1_level0_D_0_RAM_AUTO_1R1W  |        0|  32|  33|    0|    56|   32|     1|         1792|
    |D_0_25_U  |FT1_level0_D_0_RAM_AUTO_1R1W  |        0|  32|  33|    0|    56|   32|     1|         1792|
    |D_0_26_U  |FT1_level0_D_0_RAM_AUTO_1R1W  |        0|  32|  33|    0|    56|   32|     1|         1792|
    |D_0_27_U  |FT1_level0_D_0_RAM_AUTO_1R1W  |        0|  32|  33|    0|    56|   32|     1|         1792|
    |D_0_28_U  |FT1_level0_D_0_RAM_AUTO_1R1W  |        0|  32|  33|    0|    56|   32|     1|         1792|
    |D_0_29_U  |FT1_level0_D_0_RAM_AUTO_1R1W  |        0|  32|  33|    0|    56|   32|     1|         1792|
    |D_0_30_U  |FT1_level0_D_0_RAM_AUTO_1R1W  |        0|  32|  33|    0|    56|   32|     1|         1792|
    |D_0_31_U  |FT1_level0_D_0_RAM_AUTO_1R1W  |        0|  32|  33|    0|    56|   32|     1|         1792|
    |D_0_32_U  |FT1_level0_D_0_RAM_AUTO_1R1W  |        0|  32|  33|    0|    56|   32|     1|         1792|
    |D_0_33_U  |FT1_level0_D_0_RAM_AUTO_1R1W  |        0|  32|  33|    0|    56|   32|     1|         1792|
    |D_0_34_U  |FT1_level0_D_0_RAM_AUTO_1R1W  |        0|  32|  33|    0|    56|   32|     1|         1792|
    |D_0_35_U  |FT1_level0_D_0_RAM_AUTO_1R1W  |        0|  32|  33|    0|    56|   32|     1|         1792|
    |D_0_36_U  |FT1_level0_D_0_RAM_AUTO_1R1W  |        0|  32|  33|    0|    56|   32|     1|         1792|
    |D_0_37_U  |FT1_level0_D_0_RAM_AUTO_1R1W  |        0|  32|  33|    0|    56|   32|     1|         1792|
    |D_0_38_U  |FT1_level0_D_0_RAM_AUTO_1R1W  |        0|  32|  33|    0|    56|   32|     1|         1792|
    |D_0_39_U  |FT1_level0_D_0_RAM_AUTO_1R1W  |        0|  32|  33|    0|    56|   32|     1|         1792|
    |D_1_U     |FT1_level0_D_0_RAM_AUTO_1R1W  |        0|  32|  33|    0|    56|   32|     1|         1792|
    |D_1_1_U   |FT1_level0_D_0_RAM_AUTO_1R1W  |        0|  32|  33|    0|    56|   32|     1|         1792|
    |D_1_2_U   |FT1_level0_D_0_RAM_AUTO_1R1W  |        0|  32|  33|    0|    56|   32|     1|         1792|
    |D_1_3_U   |FT1_level0_D_0_RAM_AUTO_1R1W  |        0|  32|  33|    0|    56|   32|     1|         1792|
    |D_1_4_U   |FT1_level0_D_0_RAM_AUTO_1R1W  |        0|  32|  33|    0|    56|   32|     1|         1792|
    |D_1_5_U   |FT1_level0_D_0_RAM_AUTO_1R1W  |        0|  32|  33|    0|    56|   32|     1|         1792|
    |D_1_6_U   |FT1_level0_D_0_RAM_AUTO_1R1W  |        0|  32|  33|    0|    56|   32|     1|         1792|
    |D_1_7_U   |FT1_level0_D_0_RAM_AUTO_1R1W  |        0|  32|  33|    0|    56|   32|     1|         1792|
    |D_1_8_U   |FT1_level0_D_0_RAM_AUTO_1R1W  |        0|  32|  33|    0|    56|   32|     1|         1792|
    |D_1_9_U   |FT1_level0_D_0_RAM_AUTO_1R1W  |        0|  32|  33|    0|    56|   32|     1|         1792|
    |D_1_10_U  |FT1_level0_D_0_RAM_AUTO_1R1W  |        0|  32|  33|    0|    56|   32|     1|         1792|
    |D_1_11_U  |FT1_level0_D_0_RAM_AUTO_1R1W  |        0|  32|  33|    0|    56|   32|     1|         1792|
    |D_1_12_U  |FT1_level0_D_0_RAM_AUTO_1R1W  |        0|  32|  33|    0|    56|   32|     1|         1792|
    |D_1_13_U  |FT1_level0_D_0_RAM_AUTO_1R1W  |        0|  32|  33|    0|    56|   32|     1|         1792|
    |D_1_14_U  |FT1_level0_D_0_RAM_AUTO_1R1W  |        0|  32|  33|    0|    56|   32|     1|         1792|
    |D_1_15_U  |FT1_level0_D_0_RAM_AUTO_1R1W  |        0|  32|  33|    0|    56|   32|     1|         1792|
    |D_1_16_U  |FT1_level0_D_0_RAM_AUTO_1R1W  |        0|  32|  33|    0|    56|   32|     1|         1792|
    |D_1_17_U  |FT1_level0_D_0_RAM_AUTO_1R1W  |        0|  32|  33|    0|    56|   32|     1|         1792|
    |D_1_18_U  |FT1_level0_D_0_RAM_AUTO_1R1W  |        0|  32|  33|    0|    56|   32|     1|         1792|
    |D_1_19_U  |FT1_level0_D_0_RAM_AUTO_1R1W  |        0|  32|  33|    0|    56|   32|     1|         1792|
    |D_1_20_U  |FT1_level0_D_0_RAM_AUTO_1R1W  |        0|  32|  33|    0|    56|   32|     1|         1792|
    |D_1_21_U  |FT1_level0_D_0_RAM_AUTO_1R1W  |        0|  32|  33|    0|    56|   32|     1|         1792|
    |D_1_22_U  |FT1_level0_D_0_RAM_AUTO_1R1W  |        0|  32|  33|    0|    56|   32|     1|         1792|
    |D_1_23_U  |FT1_level0_D_0_RAM_AUTO_1R1W  |        0|  32|  33|    0|    56|   32|     1|         1792|
    |D_1_24_U  |FT1_level0_D_0_RAM_AUTO_1R1W  |        0|  32|  33|    0|    56|   32|     1|         1792|
    |D_1_25_U  |FT1_level0_D_0_RAM_AUTO_1R1W  |        0|  32|  33|    0|    56|   32|     1|         1792|
    |D_1_26_U  |FT1_level0_D_0_RAM_AUTO_1R1W  |        0|  32|  33|    0|    56|   32|     1|         1792|
    |D_1_27_U  |FT1_level0_D_0_RAM_AUTO_1R1W  |        0|  32|  33|    0|    56|   32|     1|         1792|
    |D_1_28_U  |FT1_level0_D_0_RAM_AUTO_1R1W  |        0|  32|  33|    0|    56|   32|     1|         1792|
    |D_1_29_U  |FT1_level0_D_0_RAM_AUTO_1R1W  |        0|  32|  33|    0|    56|   32|     1|         1792|
    |D_1_30_U  |FT1_level0_D_0_RAM_AUTO_1R1W  |        0|  32|  33|    0|    56|   32|     1|         1792|
    |D_1_31_U  |FT1_level0_D_0_RAM_AUTO_1R1W  |        0|  32|  33|    0|    56|   32|     1|         1792|
    |D_1_32_U  |FT1_level0_D_0_RAM_AUTO_1R1W  |        0|  32|  33|    0|    56|   32|     1|         1792|
    |D_1_33_U  |FT1_level0_D_0_RAM_AUTO_1R1W  |        0|  32|  33|    0|    56|   32|     1|         1792|
    |D_1_34_U  |FT1_level0_D_0_RAM_AUTO_1R1W  |        0|  32|  33|    0|    56|   32|     1|         1792|
    |D_1_35_U  |FT1_level0_D_0_RAM_AUTO_1R1W  |        0|  32|  33|    0|    56|   32|     1|         1792|
    |D_1_36_U  |FT1_level0_D_0_RAM_AUTO_1R1W  |        0|  32|  33|    0|    56|   32|     1|         1792|
    |D_1_37_U  |FT1_level0_D_0_RAM_AUTO_1R1W  |        0|  32|  33|    0|    56|   32|     1|         1792|
    |D_1_38_U  |FT1_level0_D_0_RAM_AUTO_1R1W  |        0|  32|  33|    0|    56|   32|     1|         1792|
    |D_1_39_U  |FT1_level0_D_0_RAM_AUTO_1R1W  |        0|  32|  33|    0|    56|   32|     1|         1792|
    +----------+------------------------------+---------+----+----+-----+------+-----+------+-------------+
    |Total     |                              |      320|2560|2640|    0| 89600| 5120|   160|      2867200|
    +----------+------------------------------+---------+----+----+-----+------+-----+------+-------------+

    * FIFO: 
    N/A

    * Expression: 
    +---------------------------------+----------+----+---+----+------------+------------+
    |          Variable Name          | Operation| DSP| FF| LUT| Bitwidth P0| Bitwidth P1|
    +---------------------------------+----------+----+---+----+------------+------------+
    |j0_3_fu_918_p2                   |         +|   0|  0|  12|           5|           1|
    |icmp_ln327_fu_912_p2             |      icmp|   0|  0|  12|           5|           5|
    |ap_block_state1                  |        or|   0|  0|   2|           1|           1|
    |ap_block_state4_on_subcall_done  |        or|   0|  0|   2|           1|           1|
    +---------------------------------+----------+----+---+----+------------+------------+
    |Total                            |          |   0|  0|  28|          12|           8|
    +---------------------------------+----------+----+---+----+------------+------------+

    * Multiplexer: 
    +----------------------------------+----+-----------+-----+-----------+
    |               Name               | LUT| Input Size| Bits| Total Bits|
    +----------------------------------+----+-----------+-----+-----------+
    |C_0_10_ce0                        |   9|          2|    1|          2|
    |C_0_10_ce1                        |   9|          2|    1|          2|
    |C_0_10_we0                        |   9|          2|    1|          2|
    |C_0_10_we1                        |   9|          2|    1|          2|
    |C_0_11_ce0                        |   9|          2|    1|          2|
    |C_0_11_ce1                        |   9|          2|    1|          2|
    |C_0_11_we0                        |   9|          2|    1|          2|
    |C_0_11_we1                        |   9|          2|    1|          2|
    |C_0_12_ce0                        |   9|          2|    1|          2|
    |C_0_12_ce1                        |   9|          2|    1|          2|
    |C_0_12_we0                        |   9|          2|    1|          2|
    |C_0_12_we1                        |   9|          2|    1|          2|
    |C_0_13_ce0                        |   9|          2|    1|          2|
    |C_0_13_ce1                        |   9|          2|    1|          2|
    |C_0_13_we0                        |   9|          2|    1|          2|
    |C_0_13_we1                        |   9|          2|    1|          2|
    |C_0_14_ce0                        |   9|          2|    1|          2|
    |C_0_14_ce1                        |   9|          2|    1|          2|
    |C_0_14_we0                        |   9|          2|    1|          2|
    |C_0_14_we1                        |   9|          2|    1|          2|
    |C_0_15_ce0                        |   9|          2|    1|          2|
    |C_0_15_ce1                        |   9|          2|    1|          2|
    |C_0_15_we0                        |   9|          2|    1|          2|
    |C_0_15_we1                        |   9|          2|    1|          2|
    |C_0_16_ce0                        |   9|          2|    1|          2|
    |C_0_16_ce1                        |   9|          2|    1|          2|
    |C_0_16_we0                        |   9|          2|    1|          2|
    |C_0_16_we1                        |   9|          2|    1|          2|
    |C_0_17_ce0                        |   9|          2|    1|          2|
    |C_0_17_ce1                        |   9|          2|    1|          2|
    |C_0_17_we0                        |   9|          2|    1|          2|
    |C_0_17_we1                        |   9|          2|    1|          2|
    |C_0_18_ce0                        |   9|          2|    1|          2|
    |C_0_18_ce1                        |   9|          2|    1|          2|
    |C_0_18_we0                        |   9|          2|    1|          2|
    |C_0_18_we1                        |   9|          2|    1|          2|
    |C_0_19_ce0                        |   9|          2|    1|          2|
    |C_0_19_ce1                        |   9|          2|    1|          2|
    |C_0_19_we0                        |   9|          2|    1|          2|
    |C_0_19_we1                        |   9|          2|    1|          2|
    |C_0_1_ce0                         |   9|          2|    1|          2|
    |C_0_1_ce1                         |   9|          2|    1|          2|
    |C_0_1_we0                         |   9|          2|    1|          2|
    |C_0_1_we1                         |   9|          2|    1|          2|
    |C_0_20_ce0                        |   9|          2|    1|          2|
    |C_0_20_ce1                        |   9|          2|    1|          2|
    |C_0_20_we0                        |   9|          2|    1|          2|
    |C_0_20_we1                        |   9|          2|    1|          2|
    |C_0_21_ce0                        |   9|          2|    1|          2|
    |C_0_21_ce1                        |   9|          2|    1|          2|
    |C_0_21_we0                        |   9|          2|    1|          2|
    |C_0_21_we1                        |   9|          2|    1|          2|
    |C_0_22_ce0                        |   9|          2|    1|          2|
    |C_0_22_ce1                        |   9|          2|    1|          2|
    |C_0_22_we0                        |   9|          2|    1|          2|
    |C_0_22_we1                        |   9|          2|    1|          2|
    |C_0_23_ce0                        |   9|          2|    1|          2|
    |C_0_23_ce1                        |   9|          2|    1|          2|
    |C_0_23_we0                        |   9|          2|    1|          2|
    |C_0_23_we1                        |   9|          2|    1|          2|
    |C_0_24_ce0                        |   9|          2|    1|          2|
    |C_0_24_ce1                        |   9|          2|    1|          2|
    |C_0_24_we0                        |   9|          2|    1|          2|
    |C_0_24_we1                        |   9|          2|    1|          2|
    |C_0_25_ce0                        |   9|          2|    1|          2|
    |C_0_25_ce1                        |   9|          2|    1|          2|
    |C_0_25_we0                        |   9|          2|    1|          2|
    |C_0_25_we1                        |   9|          2|    1|          2|
    |C_0_26_ce0                        |   9|          2|    1|          2|
    |C_0_26_ce1                        |   9|          2|    1|          2|
    |C_0_26_we0                        |   9|          2|    1|          2|
    |C_0_26_we1                        |   9|          2|    1|          2|
    |C_0_27_ce0                        |   9|          2|    1|          2|
    |C_0_27_ce1                        |   9|          2|    1|          2|
    |C_0_27_we0                        |   9|          2|    1|          2|
    |C_0_27_we1                        |   9|          2|    1|          2|
    |C_0_28_ce0                        |   9|          2|    1|          2|
    |C_0_28_ce1                        |   9|          2|    1|          2|
    |C_0_28_we0                        |   9|          2|    1|          2|
    |C_0_28_we1                        |   9|          2|    1|          2|
    |C_0_29_ce0                        |   9|          2|    1|          2|
    |C_0_29_ce1                        |   9|          2|    1|          2|
    |C_0_29_we0                        |   9|          2|    1|          2|
    |C_0_29_we1                        |   9|          2|    1|          2|
    |C_0_2_ce0                         |   9|          2|    1|          2|
    |C_0_2_ce1                         |   9|          2|    1|          2|
    |C_0_2_we0                         |   9|          2|    1|          2|
    |C_0_2_we1                         |   9|          2|    1|          2|
    |C_0_30_ce0                        |   9|          2|    1|          2|
    |C_0_30_ce1                        |   9|          2|    1|          2|
    |C_0_30_we0                        |   9|          2|    1|          2|
    |C_0_30_we1                        |   9|          2|    1|          2|
    |C_0_31_ce0                        |   9|          2|    1|          2|
    |C_0_31_ce1                        |   9|          2|    1|          2|
    |C_0_31_we0                        |   9|          2|    1|          2|
    |C_0_31_we1                        |   9|          2|    1|          2|
    |C_0_32_ce0                        |   9|          2|    1|          2|
    |C_0_32_ce1                        |   9|          2|    1|          2|
    |C_0_32_we0                        |   9|          2|    1|          2|
    |C_0_32_we1                        |   9|          2|    1|          2|
    |C_0_33_ce0                        |   9|          2|    1|          2|
    |C_0_33_ce1                        |   9|          2|    1|          2|
    |C_0_33_we0                        |   9|          2|    1|          2|
    |C_0_33_we1                        |   9|          2|    1|          2|
    |C_0_34_ce0                        |   9|          2|    1|          2|
    |C_0_34_ce1                        |   9|          2|    1|          2|
    |C_0_34_we0                        |   9|          2|    1|          2|
    |C_0_34_we1                        |   9|          2|    1|          2|
    |C_0_35_ce0                        |   9|          2|    1|          2|
    |C_0_35_ce1                        |   9|          2|    1|          2|
    |C_0_35_we0                        |   9|          2|    1|          2|
    |C_0_35_we1                        |   9|          2|    1|          2|
    |C_0_36_ce0                        |   9|          2|    1|          2|
    |C_0_36_ce1                        |   9|          2|    1|          2|
    |C_0_36_we0                        |   9|          2|    1|          2|
    |C_0_36_we1                        |   9|          2|    1|          2|
    |C_0_37_ce0                        |   9|          2|    1|          2|
    |C_0_37_ce1                        |   9|          2|    1|          2|
    |C_0_37_we0                        |   9|          2|    1|          2|
    |C_0_37_we1                        |   9|          2|    1|          2|
    |C_0_38_ce0                        |   9|          2|    1|          2|
    |C_0_38_ce1                        |   9|          2|    1|          2|
    |C_0_38_we0                        |   9|          2|    1|          2|
    |C_0_38_we1                        |   9|          2|    1|          2|
    |C_0_39_ce0                        |   9|          2|    1|          2|
    |C_0_39_ce1                        |   9|          2|    1|          2|
    |C_0_39_we0                        |   9|          2|    1|          2|
    |C_0_39_we1                        |   9|          2|    1|          2|
    |C_0_3_ce0                         |   9|          2|    1|          2|
    |C_0_3_ce1                         |   9|          2|    1|          2|
    |C_0_3_we0                         |   9|          2|    1|          2|
    |C_0_3_we1                         |   9|          2|    1|          2|
    |C_0_4_ce0                         |   9|          2|    1|          2|
    |C_0_4_ce1                         |   9|          2|    1|          2|
    |C_0_4_we0                         |   9|          2|    1|          2|
    |C_0_4_we1                         |   9|          2|    1|          2|
    |C_0_5_ce0                         |   9|          2|    1|          2|
    |C_0_5_ce1                         |   9|          2|    1|          2|
    |C_0_5_we0                         |   9|          2|    1|          2|
    |C_0_5_we1                         |   9|          2|    1|          2|
    |C_0_6_ce0                         |   9|          2|    1|          2|
    |C_0_6_ce1                         |   9|          2|    1|          2|
    |C_0_6_we0                         |   9|          2|    1|          2|
    |C_0_6_we1                         |   9|          2|    1|          2|
    |C_0_7_ce0                         |   9|          2|    1|          2|
    |C_0_7_ce1                         |   9|          2|    1|          2|
    |C_0_7_we0                         |   9|          2|    1|          2|
    |C_0_7_we1                         |   9|          2|    1|          2|
    |C_0_8_ce0                         |   9|          2|    1|          2|
    |C_0_8_ce1                         |   9|          2|    1|          2|
    |C_0_8_we0                         |   9|          2|    1|          2|
    |C_0_8_we1                         |   9|          2|    1|          2|
    |C_0_9_ce0                         |   9|          2|    1|          2|
    |C_0_9_ce1                         |   9|          2|    1|          2|
    |C_0_9_we0                         |   9|          2|    1|          2|
    |C_0_9_we1                         |   9|          2|    1|          2|
    |C_0_ce0                           |   9|          2|    1|          2|
    |C_0_ce1                           |   9|          2|    1|          2|
    |C_0_we0                           |   9|          2|    1|          2|
    |C_0_we1                           |   9|          2|    1|          2|
    |C_1_10_ce0                        |   9|          2|    1|          2|
    |C_1_10_ce1                        |   9|          2|    1|          2|
    |C_1_10_we0                        |   9|          2|    1|          2|
    |C_1_10_we1                        |   9|          2|    1|          2|
    |C_1_11_ce0                        |   9|          2|    1|          2|
    |C_1_11_ce1                        |   9|          2|    1|          2|
    |C_1_11_we0                        |   9|          2|    1|          2|
    |C_1_11_we1                        |   9|          2|    1|          2|
    |C_1_12_ce0                        |   9|          2|    1|          2|
    |C_1_12_ce1                        |   9|          2|    1|          2|
    |C_1_12_we0                        |   9|          2|    1|          2|
    |C_1_12_we1                        |   9|          2|    1|          2|
    |C_1_13_ce0                        |   9|          2|    1|          2|
    |C_1_13_ce1                        |   9|          2|    1|          2|
    |C_1_13_we0                        |   9|          2|    1|          2|
    |C_1_13_we1                        |   9|          2|    1|          2|
    |C_1_14_ce0                        |   9|          2|    1|          2|
    |C_1_14_ce1                        |   9|          2|    1|          2|
    |C_1_14_we0                        |   9|          2|    1|          2|
    |C_1_14_we1                        |   9|          2|    1|          2|
    |C_1_15_ce0                        |   9|          2|    1|          2|
    |C_1_15_ce1                        |   9|          2|    1|          2|
    |C_1_15_we0                        |   9|          2|    1|          2|
    |C_1_15_we1                        |   9|          2|    1|          2|
    |C_1_16_ce0                        |   9|          2|    1|          2|
    |C_1_16_ce1                        |   9|          2|    1|          2|
    |C_1_16_we0                        |   9|          2|    1|          2|
    |C_1_16_we1                        |   9|          2|    1|          2|
    |C_1_17_ce0                        |   9|          2|    1|          2|
    |C_1_17_ce1                        |   9|          2|    1|          2|
    |C_1_17_we0                        |   9|          2|    1|          2|
    |C_1_17_we1                        |   9|          2|    1|          2|
    |C_1_18_ce0                        |   9|          2|    1|          2|
    |C_1_18_ce1                        |   9|          2|    1|          2|
    |C_1_18_we0                        |   9|          2|    1|          2|
    |C_1_18_we1                        |   9|          2|    1|          2|
    |C_1_19_ce0                        |   9|          2|    1|          2|
    |C_1_19_ce1                        |   9|          2|    1|          2|
    |C_1_19_we0                        |   9|          2|    1|          2|
    |C_1_19_we1                        |   9|          2|    1|          2|
    |C_1_1_ce0                         |   9|          2|    1|          2|
    |C_1_1_ce1                         |   9|          2|    1|          2|
    |C_1_1_we0                         |   9|          2|    1|          2|
    |C_1_1_we1                         |   9|          2|    1|          2|
    |C_1_20_ce0                        |   9|          2|    1|          2|
    |C_1_20_ce1                        |   9|          2|    1|          2|
    |C_1_20_we0                        |   9|          2|    1|          2|
    |C_1_20_we1                        |   9|          2|    1|          2|
    |C_1_21_ce0                        |   9|          2|    1|          2|
    |C_1_21_ce1                        |   9|          2|    1|          2|
    |C_1_21_we0                        |   9|          2|    1|          2|
    |C_1_21_we1                        |   9|          2|    1|          2|
    |C_1_22_ce0                        |   9|          2|    1|          2|
    |C_1_22_ce1                        |   9|          2|    1|          2|
    |C_1_22_we0                        |   9|          2|    1|          2|
    |C_1_22_we1                        |   9|          2|    1|          2|
    |C_1_23_ce0                        |   9|          2|    1|          2|
    |C_1_23_ce1                        |   9|          2|    1|          2|
    |C_1_23_we0                        |   9|          2|    1|          2|
    |C_1_23_we1                        |   9|          2|    1|          2|
    |C_1_24_ce0                        |   9|          2|    1|          2|
    |C_1_24_ce1                        |   9|          2|    1|          2|
    |C_1_24_we0                        |   9|          2|    1|          2|
    |C_1_24_we1                        |   9|          2|    1|          2|
    |C_1_25_ce0                        |   9|          2|    1|          2|
    |C_1_25_ce1                        |   9|          2|    1|          2|
    |C_1_25_we0                        |   9|          2|    1|          2|
    |C_1_25_we1                        |   9|          2|    1|          2|
    |C_1_26_ce0                        |   9|          2|    1|          2|
    |C_1_26_ce1                        |   9|          2|    1|          2|
    |C_1_26_we0                        |   9|          2|    1|          2|
    |C_1_26_we1                        |   9|          2|    1|          2|
    |C_1_27_ce0                        |   9|          2|    1|          2|
    |C_1_27_ce1                        |   9|          2|    1|          2|
    |C_1_27_we0                        |   9|          2|    1|          2|
    |C_1_27_we1                        |   9|          2|    1|          2|
    |C_1_28_ce0                        |   9|          2|    1|          2|
    |C_1_28_ce1                        |   9|          2|    1|          2|
    |C_1_28_we0                        |   9|          2|    1|          2|
    |C_1_28_we1                        |   9|          2|    1|          2|
    |C_1_29_ce0                        |   9|          2|    1|          2|
    |C_1_29_ce1                        |   9|          2|    1|          2|
    |C_1_29_we0                        |   9|          2|    1|          2|
    |C_1_29_we1                        |   9|          2|    1|          2|
    |C_1_2_ce0                         |   9|          2|    1|          2|
    |C_1_2_ce1                         |   9|          2|    1|          2|
    |C_1_2_we0                         |   9|          2|    1|          2|
    |C_1_2_we1                         |   9|          2|    1|          2|
    |C_1_30_ce0                        |   9|          2|    1|          2|
    |C_1_30_ce1                        |   9|          2|    1|          2|
    |C_1_30_we0                        |   9|          2|    1|          2|
    |C_1_30_we1                        |   9|          2|    1|          2|
    |C_1_31_ce0                        |   9|          2|    1|          2|
    |C_1_31_ce1                        |   9|          2|    1|          2|
    |C_1_31_we0                        |   9|          2|    1|          2|
    |C_1_31_we1                        |   9|          2|    1|          2|
    |C_1_32_ce0                        |   9|          2|    1|          2|
    |C_1_32_ce1                        |   9|          2|    1|          2|
    |C_1_32_we0                        |   9|          2|    1|          2|
    |C_1_32_we1                        |   9|          2|    1|          2|
    |C_1_33_ce0                        |   9|          2|    1|          2|
    |C_1_33_ce1                        |   9|          2|    1|          2|
    |C_1_33_we0                        |   9|          2|    1|          2|
    |C_1_33_we1                        |   9|          2|    1|          2|
    |C_1_34_ce0                        |   9|          2|    1|          2|
    |C_1_34_ce1                        |   9|          2|    1|          2|
    |C_1_34_we0                        |   9|          2|    1|          2|
    |C_1_34_we1                        |   9|          2|    1|          2|
    |C_1_35_ce0                        |   9|          2|    1|          2|
    |C_1_35_ce1                        |   9|          2|    1|          2|
    |C_1_35_we0                        |   9|          2|    1|          2|
    |C_1_35_we1                        |   9|          2|    1|          2|
    |C_1_36_ce0                        |   9|          2|    1|          2|
    |C_1_36_ce1                        |   9|          2|    1|          2|
    |C_1_36_we0                        |   9|          2|    1|          2|
    |C_1_36_we1                        |   9|          2|    1|          2|
    |C_1_37_ce0                        |   9|          2|    1|          2|
    |C_1_37_ce1                        |   9|          2|    1|          2|
    |C_1_37_we0                        |   9|          2|    1|          2|
    |C_1_37_we1                        |   9|          2|    1|          2|
    |C_1_38_ce0                        |   9|          2|    1|          2|
    |C_1_38_ce1                        |   9|          2|    1|          2|
    |C_1_38_we0                        |   9|          2|    1|          2|
    |C_1_38_we1                        |   9|          2|    1|          2|
    |C_1_39_ce0                        |   9|          2|    1|          2|
    |C_1_39_ce1                        |   9|          2|    1|          2|
    |C_1_39_we0                        |   9|          2|    1|          2|
    |C_1_39_we1                        |   9|          2|    1|          2|
    |C_1_3_ce0                         |   9|          2|    1|          2|
    |C_1_3_ce1                         |   9|          2|    1|          2|
    |C_1_3_we0                         |   9|          2|    1|          2|
    |C_1_3_we1                         |   9|          2|    1|          2|
    |C_1_4_ce0                         |   9|          2|    1|          2|
    |C_1_4_ce1                         |   9|          2|    1|          2|
    |C_1_4_we0                         |   9|          2|    1|          2|
    |C_1_4_we1                         |   9|          2|    1|          2|
    |C_1_5_ce0                         |   9|          2|    1|          2|
    |C_1_5_ce1                         |   9|          2|    1|          2|
    |C_1_5_we0                         |   9|          2|    1|          2|
    |C_1_5_we1                         |   9|          2|    1|          2|
    |C_1_6_ce0                         |   9|          2|    1|          2|
    |C_1_6_ce1                         |   9|          2|    1|          2|
    |C_1_6_we0                         |   9|          2|    1|          2|
    |C_1_6_we1                         |   9|          2|    1|          2|
    |C_1_7_ce0                         |   9|          2|    1|          2|
    |C_1_7_ce1                         |   9|          2|    1|          2|
    |C_1_7_we0                         |   9|          2|    1|          2|
    |C_1_7_we1                         |   9|          2|    1|          2|
    |C_1_8_ce0                         |   9|          2|    1|          2|
    |C_1_8_ce1                         |   9|          2|    1|          2|
    |C_1_8_we0                         |   9|          2|    1|          2|
    |C_1_8_we1                         |   9|          2|    1|          2|
    |C_1_9_ce0                         |   9|          2|    1|          2|
    |C_1_9_ce1                         |   9|          2|    1|          2|
    |C_1_9_we0                         |   9|          2|    1|          2|
    |C_1_9_we1                         |   9|          2|    1|          2|
    |C_1_ce0                           |   9|          2|    1|          2|
    |C_1_ce1                           |   9|          2|    1|          2|
    |C_1_we0                           |   9|          2|    1|          2|
    |C_1_we1                           |   9|          2|    1|          2|
    |D_0_10_address0                   |  14|          3|    6|         18|
    |D_0_10_ce0                        |  14|          3|    1|          3|
    |D_0_10_we0                        |   9|          2|    1|          2|
    |D_0_11_address0                   |  14|          3|    6|         18|
    |D_0_11_ce0                        |  14|          3|    1|          3|
    |D_0_11_we0                        |   9|          2|    1|          2|
    |D_0_12_address0                   |  14|          3|    6|         18|
    |D_0_12_ce0                        |  14|          3|    1|          3|
    |D_0_12_we0                        |   9|          2|    1|          2|
    |D_0_13_address0                   |  14|          3|    6|         18|
    |D_0_13_ce0                        |  14|          3|    1|          3|
    |D_0_13_we0                        |   9|          2|    1|          2|
    |D_0_14_address0                   |  14|          3|    6|         18|
    |D_0_14_ce0                        |  14|          3|    1|          3|
    |D_0_14_we0                        |   9|          2|    1|          2|
    |D_0_15_address0                   |  14|          3|    6|         18|
    |D_0_15_ce0                        |  14|          3|    1|          3|
    |D_0_15_we0                        |   9|          2|    1|          2|
    |D_0_16_address0                   |  14|          3|    6|         18|
    |D_0_16_ce0                        |  14|          3|    1|          3|
    |D_0_16_we0                        |   9|          2|    1|          2|
    |D_0_17_address0                   |  14|          3|    6|         18|
    |D_0_17_ce0                        |  14|          3|    1|          3|
    |D_0_17_we0                        |   9|          2|    1|          2|
    |D_0_18_address0                   |  14|          3|    6|         18|
    |D_0_18_ce0                        |  14|          3|    1|          3|
    |D_0_18_we0                        |   9|          2|    1|          2|
    |D_0_19_address0                   |  14|          3|    6|         18|
    |D_0_19_ce0                        |  14|          3|    1|          3|
    |D_0_19_we0                        |   9|          2|    1|          2|
    |D_0_1_address0                    |  14|          3|    6|         18|
    |D_0_1_ce0                         |  14|          3|    1|          3|
    |D_0_1_we0                         |   9|          2|    1|          2|
    |D_0_20_address0                   |  14|          3|    6|         18|
    |D_0_20_ce0                        |  14|          3|    1|          3|
    |D_0_20_we0                        |   9|          2|    1|          2|
    |D_0_21_address0                   |  14|          3|    6|         18|
    |D_0_21_ce0                        |  14|          3|    1|          3|
    |D_0_21_we0                        |   9|          2|    1|          2|
    |D_0_22_address0                   |  14|          3|    6|         18|
    |D_0_22_ce0                        |  14|          3|    1|          3|
    |D_0_22_we0                        |   9|          2|    1|          2|
    |D_0_23_address0                   |  14|          3|    6|         18|
    |D_0_23_ce0                        |  14|          3|    1|          3|
    |D_0_23_we0                        |   9|          2|    1|          2|
    |D_0_24_address0                   |  14|          3|    6|         18|
    |D_0_24_ce0                        |  14|          3|    1|          3|
    |D_0_24_we0                        |   9|          2|    1|          2|
    |D_0_25_address0                   |  14|          3|    6|         18|
    |D_0_25_ce0                        |  14|          3|    1|          3|
    |D_0_25_we0                        |   9|          2|    1|          2|
    |D_0_26_address0                   |  14|          3|    6|         18|
    |D_0_26_ce0                        |  14|          3|    1|          3|
    |D_0_26_we0                        |   9|          2|    1|          2|
    |D_0_27_address0                   |  14|          3|    6|         18|
    |D_0_27_ce0                        |  14|          3|    1|          3|
    |D_0_27_we0                        |   9|          2|    1|          2|
    |D_0_28_address0                   |  14|          3|    6|         18|
    |D_0_28_ce0                        |  14|          3|    1|          3|
    |D_0_28_we0                        |   9|          2|    1|          2|
    |D_0_29_address0                   |  14|          3|    6|         18|
    |D_0_29_ce0                        |  14|          3|    1|          3|
    |D_0_29_we0                        |   9|          2|    1|          2|
    |D_0_2_address0                    |  14|          3|    6|         18|
    |D_0_2_ce0                         |  14|          3|    1|          3|
    |D_0_2_we0                         |   9|          2|    1|          2|
    |D_0_30_address0                   |  14|          3|    6|         18|
    |D_0_30_ce0                        |  14|          3|    1|          3|
    |D_0_30_we0                        |   9|          2|    1|          2|
    |D_0_31_address0                   |  14|          3|    6|         18|
    |D_0_31_ce0                        |  14|          3|    1|          3|
    |D_0_31_we0                        |   9|          2|    1|          2|
    |D_0_32_address0                   |  14|          3|    6|         18|
    |D_0_32_ce0                        |  14|          3|    1|          3|
    |D_0_32_we0                        |   9|          2|    1|          2|
    |D_0_33_address0                   |  14|          3|    6|         18|
    |D_0_33_ce0                        |  14|          3|    1|          3|
    |D_0_33_we0                        |   9|          2|    1|          2|
    |D_0_34_address0                   |  14|          3|    6|         18|
    |D_0_34_ce0                        |  14|          3|    1|          3|
    |D_0_34_we0                        |   9|          2|    1|          2|
    |D_0_35_address0                   |  14|          3|    6|         18|
    |D_0_35_ce0                        |  14|          3|    1|          3|
    |D_0_35_we0                        |   9|          2|    1|          2|
    |D_0_36_address0                   |  14|          3|    6|         18|
    |D_0_36_ce0                        |  14|          3|    1|          3|
    |D_0_36_we0                        |   9|          2|    1|          2|
    |D_0_37_address0                   |  14|          3|    6|         18|
    |D_0_37_ce0                        |  14|          3|    1|          3|
    |D_0_37_we0                        |   9|          2|    1|          2|
    |D_0_38_address0                   |  14|          3|    6|         18|
    |D_0_38_ce0                        |  14|          3|    1|          3|
    |D_0_38_we0                        |   9|          2|    1|          2|
    |D_0_39_address0                   |  14|          3|    6|         18|
    |D_0_39_ce0                        |  14|          3|    1|          3|
    |D_0_39_we0                        |   9|          2|    1|          2|
    |D_0_3_address0                    |  14|          3|    6|         18|
    |D_0_3_ce0                         |  14|          3|    1|          3|
    |D_0_3_we0                         |   9|          2|    1|          2|
    |D_0_4_address0                    |  14|          3|    6|         18|
    |D_0_4_ce0                         |  14|          3|    1|          3|
    |D_0_4_we0                         |   9|          2|    1|          2|
    |D_0_5_address0                    |  14|          3|    6|         18|
    |D_0_5_ce0                         |  14|          3|    1|          3|
    |D_0_5_we0                         |   9|          2|    1|          2|
    |D_0_6_address0                    |  14|          3|    6|         18|
    |D_0_6_ce0                         |  14|          3|    1|          3|
    |D_0_6_we0                         |   9|          2|    1|          2|
    |D_0_7_address0                    |  14|          3|    6|         18|
    |D_0_7_ce0                         |  14|          3|    1|          3|
    |D_0_7_we0                         |   9|          2|    1|          2|
    |D_0_8_address0                    |  14|          3|    6|         18|
    |D_0_8_ce0                         |  14|          3|    1|          3|
    |D_0_8_we0                         |   9|          2|    1|          2|
    |D_0_9_address0                    |  14|          3|    6|         18|
    |D_0_9_ce0                         |  14|          3|    1|          3|
    |D_0_9_we0                         |   9|          2|    1|          2|
    |D_0_address0                      |  14|          3|    6|         18|
    |D_0_ce0                           |  14|          3|    1|          3|
    |D_0_we0                           |   9|          2|    1|          2|
    |D_1_10_address0                   |  14|          3|    6|         18|
    |D_1_10_ce0                        |  14|          3|    1|          3|
    |D_1_10_we0                        |   9|          2|    1|          2|
    |D_1_11_address0                   |  14|          3|    6|         18|
    |D_1_11_ce0                        |  14|          3|    1|          3|
    |D_1_11_we0                        |   9|          2|    1|          2|
    |D_1_12_address0                   |  14|          3|    6|         18|
    |D_1_12_ce0                        |  14|          3|    1|          3|
    |D_1_12_we0                        |   9|          2|    1|          2|
    |D_1_13_address0                   |  14|          3|    6|         18|
    |D_1_13_ce0                        |  14|          3|    1|          3|
    |D_1_13_we0                        |   9|          2|    1|          2|
    |D_1_14_address0                   |  14|          3|    6|         18|
    |D_1_14_ce0                        |  14|          3|    1|          3|
    |D_1_14_we0                        |   9|          2|    1|          2|
    |D_1_15_address0                   |  14|          3|    6|         18|
    |D_1_15_ce0                        |  14|          3|    1|          3|
    |D_1_15_we0                        |   9|          2|    1|          2|
    |D_1_16_address0                   |  14|          3|    6|         18|
    |D_1_16_ce0                        |  14|          3|    1|          3|
    |D_1_16_we0                        |   9|          2|    1|          2|
    |D_1_17_address0                   |  14|          3|    6|         18|
    |D_1_17_ce0                        |  14|          3|    1|          3|
    |D_1_17_we0                        |   9|          2|    1|          2|
    |D_1_18_address0                   |  14|          3|    6|         18|
    |D_1_18_ce0                        |  14|          3|    1|          3|
    |D_1_18_we0                        |   9|          2|    1|          2|
    |D_1_19_address0                   |  14|          3|    6|         18|
    |D_1_19_ce0                        |  14|          3|    1|          3|
    |D_1_19_we0                        |   9|          2|    1|          2|
    |D_1_1_address0                    |  14|          3|    6|         18|
    |D_1_1_ce0                         |  14|          3|    1|          3|
    |D_1_1_we0                         |   9|          2|    1|          2|
    |D_1_20_address0                   |  14|          3|    6|         18|
    |D_1_20_ce0                        |  14|          3|    1|          3|
    |D_1_20_we0                        |   9|          2|    1|          2|
    |D_1_21_address0                   |  14|          3|    6|         18|
    |D_1_21_ce0                        |  14|          3|    1|          3|
    |D_1_21_we0                        |   9|          2|    1|          2|
    |D_1_22_address0                   |  14|          3|    6|         18|
    |D_1_22_ce0                        |  14|          3|    1|          3|
    |D_1_22_we0                        |   9|          2|    1|          2|
    |D_1_23_address0                   |  14|          3|    6|         18|
    |D_1_23_ce0                        |  14|          3|    1|          3|
    |D_1_23_we0                        |   9|          2|    1|          2|
    |D_1_24_address0                   |  14|          3|    6|         18|
    |D_1_24_ce0                        |  14|          3|    1|          3|
    |D_1_24_we0                        |   9|          2|    1|          2|
    |D_1_25_address0                   |  14|          3|    6|         18|
    |D_1_25_ce0                        |  14|          3|    1|          3|
    |D_1_25_we0                        |   9|          2|    1|          2|
    |D_1_26_address0                   |  14|          3|    6|         18|
    |D_1_26_ce0                        |  14|          3|    1|          3|
    |D_1_26_we0                        |   9|          2|    1|          2|
    |D_1_27_address0                   |  14|          3|    6|         18|
    |D_1_27_ce0                        |  14|          3|    1|          3|
    |D_1_27_we0                        |   9|          2|    1|          2|
    |D_1_28_address0                   |  14|          3|    6|         18|
    |D_1_28_ce0                        |  14|          3|    1|          3|
    |D_1_28_we0                        |   9|          2|    1|          2|
    |D_1_29_address0                   |  14|          3|    6|         18|
    |D_1_29_ce0                        |  14|          3|    1|          3|
    |D_1_29_we0                        |   9|          2|    1|          2|
    |D_1_2_address0                    |  14|          3|    6|         18|
    |D_1_2_ce0                         |  14|          3|    1|          3|
    |D_1_2_we0                         |   9|          2|    1|          2|
    |D_1_30_address0                   |  14|          3|    6|         18|
    |D_1_30_ce0                        |  14|          3|    1|          3|
    |D_1_30_we0                        |   9|          2|    1|          2|
    |D_1_31_address0                   |  14|          3|    6|         18|
    |D_1_31_ce0                        |  14|          3|    1|          3|
    |D_1_31_we0                        |   9|          2|    1|          2|
    |D_1_32_address0                   |  14|          3|    6|         18|
    |D_1_32_ce0                        |  14|          3|    1|          3|
    |D_1_32_we0                        |   9|          2|    1|          2|
    |D_1_33_address0                   |  14|          3|    6|         18|
    |D_1_33_ce0                        |  14|          3|    1|          3|
    |D_1_33_we0                        |   9|          2|    1|          2|
    |D_1_34_address0                   |  14|          3|    6|         18|
    |D_1_34_ce0                        |  14|          3|    1|          3|
    |D_1_34_we0                        |   9|          2|    1|          2|
    |D_1_35_address0                   |  14|          3|    6|         18|
    |D_1_35_ce0                        |  14|          3|    1|          3|
    |D_1_35_we0                        |   9|          2|    1|          2|
    |D_1_36_address0                   |  14|          3|    6|         18|
    |D_1_36_ce0                        |  14|          3|    1|          3|
    |D_1_36_we0                        |   9|          2|    1|          2|
    |D_1_37_address0                   |  14|          3|    6|         18|
    |D_1_37_ce0                        |  14|          3|    1|          3|
    |D_1_37_we0                        |   9|          2|    1|          2|
    |D_1_38_address0                   |  14|          3|    6|         18|
    |D_1_38_ce0                        |  14|          3|    1|          3|
    |D_1_38_we0                        |   9|          2|    1|          2|
    |D_1_39_address0                   |  14|          3|    6|         18|
    |D_1_39_ce0                        |  14|          3|    1|          3|
    |D_1_39_we0                        |   9|          2|    1|          2|
    |D_1_3_address0                    |  14|          3|    6|         18|
    |D_1_3_ce0                         |  14|          3|    1|          3|
    |D_1_3_we0                         |   9|          2|    1|          2|
    |D_1_4_address0                    |  14|          3|    6|         18|
    |D_1_4_ce0                         |  14|          3|    1|          3|
    |D_1_4_we0                         |   9|          2|    1|          2|
    |D_1_5_address0                    |  14|          3|    6|         18|
    |D_1_5_ce0                         |  14|          3|    1|          3|
    |D_1_5_we0                         |   9|          2|    1|          2|
    |D_1_6_address0                    |  14|          3|    6|         18|
    |D_1_6_ce0                         |  14|          3|    1|          3|
    |D_1_6_we0                         |   9|          2|    1|          2|
    |D_1_7_address0                    |  14|          3|    6|         18|
    |D_1_7_ce0                         |  14|          3|    1|          3|
    |D_1_7_we0                         |   9|          2|    1|          2|
    |D_1_8_address0                    |  14|          3|    6|         18|
    |D_1_8_ce0                         |  14|          3|    1|          3|
    |D_1_8_we0                         |   9|          2|    1|          2|
    |D_1_9_address0                    |  14|          3|    6|         18|
    |D_1_9_ce0                         |  14|          3|    1|          3|
    |D_1_9_we0                         |   9|          2|    1|          2|
    |D_1_address0                      |  14|          3|    6|         18|
    |D_1_ce0                           |  14|          3|    1|          3|
    |D_1_we0                           |   9|          2|    1|          2|
    |ap_NS_fsm                         |  26|          5|    1|          5|
    |ap_done                           |   9|          2|    1|          2|
    |fifo_C_from_off_chip_to_S3_read   |   9|          2|    1|          2|
    |fifo_D_from_off_chip_to_S3_read   |   9|          2|    1|          2|
    |fifo_F_from_task3_to_task5_write  |   9|          2|    1|          2|
    |fifo_F_to_off_chip_write          |   9|          2|    1|          2|
    |grp_FT1_level1_fu_772_D_0_0_q0    |  14|          3|   32|         96|
    |grp_FT1_level1_fu_772_D_0_1_q0    |  14|          3|   32|         96|
    |grp_FT1_level1_fu_772_D_0_2_q0    |  14|          3|   32|         96|
    |grp_FT1_level1_fu_772_D_0_3_q0    |  14|          3|   32|         96|
    |grp_FT1_level1_fu_772_D_0_4_q0    |  14|          3|   32|         96|
    |grp_FT1_level1_fu_772_D_0_5_q0    |  14|          3|   32|         96|
    |grp_FT1_level1_fu_772_D_0_6_q0    |  14|          3|   32|         96|
    |grp_FT1_level1_fu_772_D_0_7_q0    |  14|          3|   32|         96|
    |grp_FT1_level1_fu_772_D_0_8_q0    |  14|          3|   32|         96|
    |grp_FT1_level1_fu_772_D_0_9_q0    |  14|          3|   32|         96|
    |grp_FT1_level1_fu_772_D_1_0_q0    |  14|          3|   32|         96|
    |grp_FT1_level1_fu_772_D_1_1_q0    |  14|          3|   32|         96|
    |grp_FT1_level1_fu_772_D_1_2_q0    |  14|          3|   32|         96|
    |grp_FT1_level1_fu_772_D_1_3_q0    |  14|          3|   32|         96|
    |grp_FT1_level1_fu_772_D_1_4_q0    |  14|          3|   32|         96|
    |grp_FT1_level1_fu_772_D_1_5_q0    |  14|          3|   32|         96|
    |grp_FT1_level1_fu_772_D_1_6_q0    |  14|          3|   32|         96|
    |grp_FT1_level1_fu_772_D_1_7_q0    |  14|          3|   32|         96|
    |grp_FT1_level1_fu_772_D_1_8_q0    |  14|          3|   32|         96|
    |grp_FT1_level1_fu_772_D_1_9_q0    |  14|          3|   32|         96|
    |grp_FT1_level1_fu_772_D_2_0_q0    |  14|          3|   32|         96|
    |grp_FT1_level1_fu_772_D_2_1_q0    |  14|          3|   32|         96|
    |grp_FT1_level1_fu_772_D_2_2_q0    |  14|          3|   32|         96|
    |grp_FT1_level1_fu_772_D_2_3_q0    |  14|          3|   32|         96|
    |grp_FT1_level1_fu_772_D_2_4_q0    |  14|          3|   32|         96|
    |grp_FT1_level1_fu_772_D_2_5_q0    |  14|          3|   32|         96|
    |grp_FT1_level1_fu_772_D_2_6_q0    |  14|          3|   32|         96|
    |grp_FT1_level1_fu_772_D_2_7_q0    |  14|          3|   32|         96|
    |grp_FT1_level1_fu_772_D_2_8_q0    |  14|          3|   32|         96|
    |grp_FT1_level1_fu_772_D_2_9_q0    |  14|          3|   32|         96|
    |grp_FT1_level1_fu_772_D_3_0_q0    |  14|          3|   32|         96|
    |grp_FT1_level1_fu_772_D_3_1_q0    |  14|          3|   32|         96|
    |grp_FT1_level1_fu_772_D_3_2_q0    |  14|          3|   32|         96|
    |grp_FT1_level1_fu_772_D_3_3_q0    |  14|          3|   32|         96|
    |grp_FT1_level1_fu_772_D_3_4_q0    |  14|          3|   32|         96|
    |grp_FT1_level1_fu_772_D_3_5_q0    |  14|          3|   32|         96|
    |grp_FT1_level1_fu_772_D_3_6_q0    |  14|          3|   32|         96|
    |grp_FT1_level1_fu_772_D_3_7_q0    |  14|          3|   32|         96|
    |grp_FT1_level1_fu_772_D_3_8_q0    |  14|          3|   32|         96|
    |grp_FT1_level1_fu_772_D_3_9_q0    |  14|          3|   32|         96|
    |grp_read_D_FT1_fu_684_j0          |  14|          3|    5|         15|
    |j0_01_fu_40                       |   9|          2|    5|         10|
    +----------------------------------+----+-----------+-----+-----------+
    |Total                             |6494|       1420| 2256|       6360|
    +----------------------------------+----+-----------+-----+-----------+

    * Register: 
    +------------------------------------+---+----+-----+-----------+
    |                Name                | FF| LUT| Bits| Const Bits|
    +------------------------------------+---+----+-----+-----------+
    |ap_CS_fsm                           |  4|   0|    4|          0|
    |ap_done_reg                         |  1|   0|    1|          0|
    |grp_FT1_level1_fu_772_ap_start_reg  |  1|   0|    1|          0|
    |grp_read_D_FT1_fu_684_ap_start_reg  |  1|   0|    1|          0|
    |j0_01_fu_40                         |  5|   0|    5|          0|
    |j0_3_reg_946                        |  5|   0|    5|          0|
    |trunc_ln327_reg_952                 |  1|   0|    1|          0|
    +------------------------------------+---+----+-----+-----------+
    |Total                               | 18|   0|   18|          0|
    +------------------------------------+---+----+-----+-----------+



================================================================
== Interface
================================================================
* Summary: 
+-------------------------------------------+-----+-----+------------+----------------------------+--------------+
|                 RTL Ports                 | Dir | Bits|  Protocol  |        Source Object       |    C Type    |
+-------------------------------------------+-----+-----+------------+----------------------------+--------------+
|ap_clk                                     |   in|    1|  ap_ctrl_hs|                  FT1_level0|  return value|
|ap_rst                                     |   in|    1|  ap_ctrl_hs|                  FT1_level0|  return value|
|ap_start                                   |   in|    1|  ap_ctrl_hs|                  FT1_level0|  return value|
|ap_done                                    |  out|    1|  ap_ctrl_hs|                  FT1_level0|  return value|
|ap_continue                                |   in|    1|  ap_ctrl_hs|                  FT1_level0|  return value|
|ap_idle                                    |  out|    1|  ap_ctrl_hs|                  FT1_level0|  return value|
|ap_ready                                   |  out|    1|  ap_ctrl_hs|                  FT1_level0|  return value|
|fifo_F_from_task3_to_task5_din             |  out|   64|     ap_fifo|  fifo_F_from_task3_to_task5|       pointer|
|fifo_F_from_task3_to_task5_num_data_valid  |   in|   11|     ap_fifo|  fifo_F_from_task3_to_task5|       pointer|
|fifo_F_from_task3_to_task5_fifo_cap        |   in|   11|     ap_fifo|  fifo_F_from_task3_to_task5|       pointer|
|fifo_F_from_task3_to_task5_full_n          |   in|    1|     ap_fifo|  fifo_F_from_task3_to_task5|       pointer|
|fifo_F_from_task3_to_task5_write           |  out|    1|     ap_fifo|  fifo_F_from_task3_to_task5|       pointer|
|fifo_D_from_off_chip_to_S3_dout            |   in|   64|     ap_fifo|  fifo_D_from_off_chip_to_S3|       pointer|
|fifo_D_from_off_chip_to_S3_num_data_valid  |   in|   11|     ap_fifo|  fifo_D_from_off_chip_to_S3|       pointer|
|fifo_D_from_off_chip_to_S3_fifo_cap        |   in|   11|     ap_fifo|  fifo_D_from_off_chip_to_S3|       pointer|
|fifo_D_from_off_chip_to_S3_empty_n         |   in|    1|     ap_fifo|  fifo_D_from_off_chip_to_S3|       pointer|
|fifo_D_from_off_chip_to_S3_read            |  out|    1|     ap_fifo|  fifo_D_from_off_chip_to_S3|       pointer|
|fifo_C_from_off_chip_to_S3_dout            |   in|  512|     ap_fifo|  fifo_C_from_off_chip_to_S3|       pointer|
|fifo_C_from_off_chip_to_S3_num_data_valid  |   in|   11|     ap_fifo|  fifo_C_from_off_chip_to_S3|       pointer|
|fifo_C_from_off_chip_to_S3_fifo_cap        |   in|   11|     ap_fifo|  fifo_C_from_off_chip_to_S3|       pointer|
|fifo_C_from_off_chip_to_S3_empty_n         |   in|    1|     ap_fifo|  fifo_C_from_off_chip_to_S3|       pointer|
|fifo_C_from_off_chip_to_S3_read            |  out|    1|     ap_fifo|  fifo_C_from_off_chip_to_S3|       pointer|
|fifo_F_to_off_chip_din                     |  out|   64|     ap_fifo|          fifo_F_to_off_chip|       pointer|
|fifo_F_to_off_chip_num_data_valid          |   in|   11|     ap_fifo|          fifo_F_to_off_chip|       pointer|
|fifo_F_to_off_chip_fifo_cap                |   in|   11|     ap_fifo|          fifo_F_to_off_chip|       pointer|
|fifo_F_to_off_chip_full_n                  |   in|    1|     ap_fifo|          fifo_F_to_off_chip|       pointer|
|fifo_F_to_off_chip_write                   |  out|    1|     ap_fifo|          fifo_F_to_off_chip|       pointer|
+-------------------------------------------+-----+-----+------------+----------------------------+--------------+

