

================================================================
== Vitis HLS Report for 'read_C_FT1_7_Pipeline_VITIS_LOOP_753_1_VITIS_LOOP_754_2'
================================================================
* Date:           Thu Jan  2 11:39:38 2025

* Version:        2023.2 (Build 4023990 on Oct 11 2023)
* Project:        kernel_nlp_slr0
* Solution:       solution (Vitis Kernel Flow Target)
* Product family: virtexuplusHBM
* Target device:  xcu55c-fsvh2892-2L-e


================================================================
== Performance Estimates
================================================================
+ Timing: 
    * Summary: 
    +--------+---------+----------+------------+
    |  Clock |  Target | Estimated| Uncertainty|
    +--------+---------+----------+------------+
    |ap_clk  |  4.55 ns|  2.439 ns|     1.23 ns|
    +--------+---------+----------+------------+

+ Latency: 
    * Summary: 
    +---------+---------+----------+----------+-----+-----+---------+
    |  Latency (cycles) |  Latency (absolute) |  Interval | Pipeline|
    |   min   |   max   |    min   |    max   | min | max |   Type  |
    +---------+---------+----------+----------+-----+-----+---------+
    |      282|      282|  1.282 us|  1.282 us|  282|  282|       no|
    +---------+---------+----------+----------+-----+-----+---------+

    + Detail: 
        * Instance: 
        N/A

        * Loop: 
        +-------------------------------------+---------+---------+----------+-----------+-----------+------+----------+
        |                                     |  Latency (cycles) | Iteration|  Initiation Interval  | Trip |          |
        |              Loop Name              |   min   |   max   |  Latency |  achieved |   target  | Count| Pipelined|
        +-------------------------------------+---------+---------+----------+-----------+-----------+------+----------+
        |- VITIS_LOOP_753_1_VITIS_LOOP_754_2  |      280|      280|         3|          2|          1|   140|       yes|
        +-------------------------------------+---------+---------+----------+-----------+-----------+------+----------+



================================================================
== Utilization Estimates
================================================================
* Summary: 
+---------------------+---------+------+---------+---------+-----+
|         Name        | BRAM_18K|  DSP |    FF   |   LUT   | URAM|
+---------------------+---------+------+---------+---------+-----+
|DSP                  |        -|     -|        -|        -|    -|
|Expression           |        -|     -|        0|      108|    -|
|FIFO                 |        -|     -|        -|        -|    -|
|Instance             |        -|     -|        -|        -|    -|
|Memory               |        -|     -|        -|        -|    -|
|Multiplexer          |        -|     -|        -|     2353|    -|
|Register             |        -|     -|      309|        -|    -|
+---------------------+---------+------+---------+---------+-----+
|Total                |        0|     0|      309|     2461|    0|
+---------------------+---------+------+---------+---------+-----+
|Available SLR        |     1344|  3008|   869120|   434560|  320|
+---------------------+---------+------+---------+---------+-----+
|Utilization SLR (%)  |        0|     0|       ~0|       ~0|    0|
+---------------------+---------+------+---------+---------+-----+
|Available            |     4032|  9024|  2607360|  1303680|  960|
+---------------------+---------+------+---------+---------+-----+
|Utilization (%)      |        0|     0|       ~0|       ~0|    0|
+---------------------+---------+------+---------+---------+-----+

+ Detail: 
    * Instance: 
    N/A

    * DSP: 
    N/A

    * Memory: 
    N/A

    * FIFO: 
    N/A

    * Expression: 
    +----------------------------------+----------+----+---+----+------------+------------+
    |           Variable Name          | Operation| DSP| FF| LUT| Bitwidth P0| Bitwidth P1|
    +----------------------------------+----------+----+---+----+------------+------------+
    |add_ln753_1_fu_1892_p2            |         +|   0|  0|  15|           8|           1|
    |add_ln753_fu_1904_p2              |         +|   0|  0|  12|           4|           1|
    |add_ln754_fu_2300_p2              |         +|   0|  0|  15|           8|           5|
    |ap_block_pp0_stage1_11001         |       and|   0|  0|   2|           1|           1|
    |ap_block_state2_pp0_stage1_iter0  |       and|   0|  0|   2|           1|           1|
    |icmp_ln753_fu_1886_p2             |      icmp|   0|  0|  15|           8|           8|
    |icmp_ln754_fu_1910_p2             |      icmp|   0|  0|  15|           8|           7|
    |or_ln761_fu_2250_p2               |        or|   0|  0|   6|           6|           1|
    |or_ln765_fu_2423_p2               |        or|   0|  0|   6|           6|           2|
    |or_ln769_fu_2472_p2               |        or|   0|  0|   6|           6|           2|
    |select_ln753_1_fu_1916_p3         |    select|   0|  0|   4|           1|           4|
    |select_ln753_fu_1924_p3           |    select|   0|  0|   8|           1|           8|
    |ap_enable_pp0                     |       xor|   0|  0|   2|           1|           2|
    +----------------------------------+----------+----+---+----+------------+------------+
    |Total                             |          |   0|  0| 108|          59|          43|
    +----------------------------------+----------+----+---+----+------------+------------+

    * Multiplexer: 
    +--------------------------------------+----+-----------+-----+-----------+
    |                 Name                 | LUT| Input Size| Bits| Total Bits|
    +--------------------------------------+----+-----------+-----+-----------+
    |C_0_0_address0                        |  14|          3|   11|         33|
    |C_0_0_address1                        |  14|          3|   11|         33|
    |C_0_0_d0                              |  14|          3|   32|         96|
    |C_0_0_d1                              |  14|          3|   32|         96|
    |C_0_1_address0                        |  14|          3|   11|         33|
    |C_0_1_address1                        |  14|          3|   11|         33|
    |C_0_1_d0                              |  14|          3|   32|         96|
    |C_0_1_d1                              |  14|          3|   32|         96|
    |C_0_2_address0                        |  14|          3|   11|         33|
    |C_0_2_address1                        |  14|          3|   11|         33|
    |C_0_2_d0                              |  14|          3|   32|         96|
    |C_0_2_d1                              |  14|          3|   32|         96|
    |C_0_3_address0                        |  14|          3|   11|         33|
    |C_0_3_address1                        |  14|          3|   11|         33|
    |C_0_3_d0                              |  14|          3|   32|         96|
    |C_0_3_d1                              |  14|          3|   32|         96|
    |C_1_0_address0                        |  14|          3|   11|         33|
    |C_1_0_address1                        |  14|          3|   11|         33|
    |C_1_0_d0                              |  14|          3|   32|         96|
    |C_1_0_d1                              |  14|          3|   32|         96|
    |C_1_1_address0                        |  14|          3|   11|         33|
    |C_1_1_address1                        |  14|          3|   11|         33|
    |C_1_1_d0                              |  14|          3|   32|         96|
    |C_1_1_d1                              |  14|          3|   32|         96|
    |C_1_2_address0                        |  14|          3|   11|         33|
    |C_1_2_address1                        |  14|          3|   11|         33|
    |C_1_2_d0                              |  14|          3|   32|         96|
    |C_1_2_d1                              |  14|          3|   32|         96|
    |C_1_3_address0                        |  14|          3|   11|         33|
    |C_1_3_address1                        |  14|          3|   11|         33|
    |C_1_3_d0                              |  14|          3|   32|         96|
    |C_1_3_d1                              |  14|          3|   32|         96|
    |C_2_0_address0                        |  14|          3|   11|         33|
    |C_2_0_address1                        |  14|          3|   11|         33|
    |C_2_0_d0                              |  14|          3|   32|         96|
    |C_2_0_d1                              |  14|          3|   32|         96|
    |C_2_1_address0                        |  14|          3|   11|         33|
    |C_2_1_address1                        |  14|          3|   11|         33|
    |C_2_1_d0                              |  14|          3|   32|         96|
    |C_2_1_d1                              |  14|          3|   32|         96|
    |C_2_2_address0                        |  14|          3|   11|         33|
    |C_2_2_address1                        |  14|          3|   11|         33|
    |C_2_2_d0                              |  14|          3|   32|         96|
    |C_2_2_d1                              |  14|          3|   32|         96|
    |C_2_3_address0                        |  14|          3|   11|         33|
    |C_2_3_address1                        |  14|          3|   11|         33|
    |C_2_3_d0                              |  14|          3|   32|         96|
    |C_2_3_d1                              |  14|          3|   32|         96|
    |C_3_0_address0                        |  14|          3|   11|         33|
    |C_3_0_address1                        |  14|          3|   11|         33|
    |C_3_0_d0                              |  14|          3|   32|         96|
    |C_3_0_d1                              |  14|          3|   32|         96|
    |C_3_1_address0                        |  14|          3|   11|         33|
    |C_3_1_address1                        |  14|          3|   11|         33|
    |C_3_1_d0                              |  14|          3|   32|         96|
    |C_3_1_d1                              |  14|          3|   32|         96|
    |C_3_2_address0                        |  14|          3|   11|         33|
    |C_3_2_address1                        |  14|          3|   11|         33|
    |C_3_2_d0                              |  14|          3|   32|         96|
    |C_3_2_d1                              |  14|          3|   32|         96|
    |C_3_3_address0                        |  14|          3|   11|         33|
    |C_3_3_address1                        |  14|          3|   11|         33|
    |C_3_3_d0                              |  14|          3|   32|         96|
    |C_3_3_d1                              |  14|          3|   32|         96|
    |C_4_0_address0                        |  14|          3|   11|         33|
    |C_4_0_address1                        |  14|          3|   11|         33|
    |C_4_0_d0                              |  14|          3|   32|         96|
    |C_4_0_d1                              |  14|          3|   32|         96|
    |C_4_1_address0                        |  14|          3|   11|         33|
    |C_4_1_address1                        |  14|          3|   11|         33|
    |C_4_1_d0                              |  14|          3|   32|         96|
    |C_4_1_d1                              |  14|          3|   32|         96|
    |C_4_2_address0                        |  14|          3|   11|         33|
    |C_4_2_address1                        |  14|          3|   11|         33|
    |C_4_2_d0                              |  14|          3|   32|         96|
    |C_4_2_d1                              |  14|          3|   32|         96|
    |C_4_3_address0                        |  14|          3|   11|         33|
    |C_4_3_address1                        |  14|          3|   11|         33|
    |C_4_3_d0                              |  14|          3|   32|         96|
    |C_4_3_d1                              |  14|          3|   32|         96|
    |C_5_0_address0                        |  14|          3|   11|         33|
    |C_5_0_address1                        |  14|          3|   11|         33|
    |C_5_0_d0                              |  14|          3|   32|         96|
    |C_5_0_d1                              |  14|          3|   32|         96|
    |C_5_1_address0                        |  14|          3|   11|         33|
    |C_5_1_address1                        |  14|          3|   11|         33|
    |C_5_1_d0                              |  14|          3|   32|         96|
    |C_5_1_d1                              |  14|          3|   32|         96|
    |C_5_2_address0                        |  14|          3|   11|         33|
    |C_5_2_address1                        |  14|          3|   11|         33|
    |C_5_2_d0                              |  14|          3|   32|         96|
    |C_5_2_d1                              |  14|          3|   32|         96|
    |C_5_3_address0                        |  14|          3|   11|         33|
    |C_5_3_address1                        |  14|          3|   11|         33|
    |C_5_3_d0                              |  14|          3|   32|         96|
    |C_5_3_d1                              |  14|          3|   32|         96|
    |C_6_0_address0                        |  14|          3|   11|         33|
    |C_6_0_address1                        |  14|          3|   11|         33|
    |C_6_0_d0                              |  14|          3|   32|         96|
    |C_6_0_d1                              |  14|          3|   32|         96|
    |C_6_1_address0                        |  14|          3|   11|         33|
    |C_6_1_address1                        |  14|          3|   11|         33|
    |C_6_1_d0                              |  14|          3|   32|         96|
    |C_6_1_d1                              |  14|          3|   32|         96|
    |C_6_2_address0                        |  14|          3|   11|         33|
    |C_6_2_address1                        |  14|          3|   11|         33|
    |C_6_2_d0                              |  14|          3|   32|         96|
    |C_6_2_d1                              |  14|          3|   32|         96|
    |C_6_3_address0                        |  14|          3|   11|         33|
    |C_6_3_address1                        |  14|          3|   11|         33|
    |C_6_3_d0                              |  14|          3|   32|         96|
    |C_6_3_d1                              |  14|          3|   32|         96|
    |C_7_0_address0                        |  14|          3|   11|         33|
    |C_7_0_address1                        |  14|          3|   11|         33|
    |C_7_0_d0                              |  14|          3|   32|         96|
    |C_7_0_d1                              |  14|          3|   32|         96|
    |C_7_1_address0                        |  14|          3|   11|         33|
    |C_7_1_address1                        |  14|          3|   11|         33|
    |C_7_1_d0                              |  14|          3|   32|         96|
    |C_7_1_d1                              |  14|          3|   32|         96|
    |C_7_2_address0                        |  14|          3|   11|         33|
    |C_7_2_address1                        |  14|          3|   11|         33|
    |C_7_2_d0                              |  14|          3|   32|         96|
    |C_7_2_d1                              |  14|          3|   32|         96|
    |C_7_3_address0                        |  14|          3|   11|         33|
    |C_7_3_address1                        |  14|          3|   11|         33|
    |C_7_3_d0                              |  14|          3|   32|         96|
    |C_7_3_d1                              |  14|          3|   32|         96|
    |C_8_0_address0                        |  14|          3|   11|         33|
    |C_8_0_address1                        |  14|          3|   11|         33|
    |C_8_0_d0                              |  14|          3|   32|         96|
    |C_8_0_d1                              |  14|          3|   32|         96|
    |C_8_1_address0                        |  14|          3|   11|         33|
    |C_8_1_address1                        |  14|          3|   11|         33|
    |C_8_1_d0                              |  14|          3|   32|         96|
    |C_8_1_d1                              |  14|          3|   32|         96|
    |C_8_2_address0                        |  14|          3|   11|         33|
    |C_8_2_address1                        |  14|          3|   11|         33|
    |C_8_2_d0                              |  14|          3|   32|         96|
    |C_8_2_d1                              |  14|          3|   32|         96|
    |C_8_3_address0                        |  14|          3|   11|         33|
    |C_8_3_address1                        |  14|          3|   11|         33|
    |C_8_3_d0                              |  14|          3|   32|         96|
    |C_8_3_d1                              |  14|          3|   32|         96|
    |C_9_0_address0                        |  14|          3|   11|         33|
    |C_9_0_address1                        |  14|          3|   11|         33|
    |C_9_0_d0                              |  14|          3|   32|         96|
    |C_9_0_d1                              |  14|          3|   32|         96|
    |C_9_1_address0                        |  14|          3|   11|         33|
    |C_9_1_address1                        |  14|          3|   11|         33|
    |C_9_1_d0                              |  14|          3|   32|         96|
    |C_9_1_d1                              |  14|          3|   32|         96|
    |C_9_2_address0                        |  14|          3|   11|         33|
    |C_9_2_address1                        |  14|          3|   11|         33|
    |C_9_2_d0                              |  14|          3|   32|         96|
    |C_9_2_d1                              |  14|          3|   32|         96|
    |C_9_3_address0                        |  14|          3|   11|         33|
    |C_9_3_address1                        |  14|          3|   11|         33|
    |C_9_3_d0                              |  14|          3|   32|         96|
    |C_9_3_d1                              |  14|          3|   32|         96|
    |ap_NS_fsm                             |  14|          3|    1|          3|
    |ap_done_int                           |   9|          2|    1|          2|
    |ap_enable_reg_pp0_iter0               |   9|          2|    1|          2|
    |ap_enable_reg_pp0_iter0_reg           |   9|          2|    1|          2|
    |ap_enable_reg_pp0_iter1               |   9|          2|    1|          2|
    |ap_sig_allocacmp_d0_load              |   9|          2|    4|          8|
    |ap_sig_allocacmp_d1_load              |   9|          2|    8|         16|
    |ap_sig_allocacmp_indvar_flatten_load  |   9|          2|    8|         16|
    |d0_fu_214                             |   9|          2|    4|          8|
    |d1_fu_210                             |   9|          2|    8|         16|
    |fifo_C_from_off_chip_to_S3_blk_n      |   9|          2|    1|          2|
    |indvar_flatten_fu_218                 |   9|          2|    8|         16|
    +--------------------------------------+----+-----------+-----+-----------+
    |Total                                 |2353|        505| 3486|      10413|
    +--------------------------------------+----+-----------+-----+-----------+

    * Register: 
    +-----------------------------+----+----+-----+-----------+
    |             Name            | FF | LUT| Bits| Const Bits|
    +-----------------------------+----+----+-----+-----------+
    |add_ln753_1_reg_2546         |   8|   0|    8|          0|
    |ap_CS_fsm                    |   2|   0|    2|          0|
    |ap_done_reg                  |   1|   0|    1|          0|
    |ap_enable_reg_pp0_iter0_reg  |   1|   0|    1|          0|
    |ap_enable_reg_pp0_iter1      |   1|   0|    1|          0|
    |d0_fu_214                    |   4|   0|    4|          0|
    |d1_fu_210                    |   8|   0|    8|          0|
    |d1_load_reg_2551             |   8|   0|    8|          0|
    |icmp_ln753_reg_2542          |   1|   0|    1|          0|
    |icmp_ln754_reg_2556          |   1|   0|    1|          0|
    |indvar_flatten_fu_218        |   8|   0|    8|          0|
    |lshr_ln_reg_2566             |   6|   0|    6|          0|
    |select_ln753_1_reg_2561      |   4|   0|    4|          0|
    |trunc_ln756_10_reg_2587      |  32|   0|   32|          0|
    |trunc_ln756_11_reg_2592      |  32|   0|   32|          0|
    |trunc_ln756_12_reg_2597      |  32|   0|   32|          0|
    |trunc_ln756_13_reg_2602      |  32|   0|   32|          0|
    |trunc_ln756_14_reg_2607      |  32|   0|   32|          0|
    |trunc_ln756_8_reg_2572       |  32|   0|   32|          0|
    |trunc_ln756_9_reg_2577       |  32|   0|   32|          0|
    |trunc_ln756_s_reg_2582       |  32|   0|   32|          0|
    +-----------------------------+----+----+-----+-----------+
    |Total                        | 309|   0|  309|          0|
    +-----------------------------+----+----+-----+-----------+



================================================================
== Interface
================================================================
* Summary: 
+-------------------------------------------+-----+-----+------------+---------------------------------------------------------+--------------+
|                 RTL Ports                 | Dir | Bits|  Protocol  |                      Source Object                      |    C Type    |
+-------------------------------------------+-----+-----+------------+---------------------------------------------------------+--------------+
|ap_clk                                     |   in|    1|  ap_ctrl_hs|  read_C_FT1.7_Pipeline_VITIS_LOOP_753_1_VITIS_LOOP_754_2|  return value|
|ap_rst                                     |   in|    1|  ap_ctrl_hs|  read_C_FT1.7_Pipeline_VITIS_LOOP_753_1_VITIS_LOOP_754_2|  return value|
|ap_start                                   |   in|    1|  ap_ctrl_hs|  read_C_FT1.7_Pipeline_VITIS_LOOP_753_1_VITIS_LOOP_754_2|  return value|
|ap_done                                    |  out|    1|  ap_ctrl_hs|  read_C_FT1.7_Pipeline_VITIS_LOOP_753_1_VITIS_LOOP_754_2|  return value|
|ap_idle                                    |  out|    1|  ap_ctrl_hs|  read_C_FT1.7_Pipeline_VITIS_LOOP_753_1_VITIS_LOOP_754_2|  return value|
|ap_ready                                   |  out|    1|  ap_ctrl_hs|  read_C_FT1.7_Pipeline_VITIS_LOOP_753_1_VITIS_LOOP_754_2|  return value|
|fifo_C_from_off_chip_to_S3_dout            |   in|  512|     ap_fifo|                               fifo_C_from_off_chip_to_S3|       pointer|
|fifo_C_from_off_chip_to_S3_num_data_valid  |   in|   11|     ap_fifo|                               fifo_C_from_off_chip_to_S3|       pointer|
|fifo_C_from_off_chip_to_S3_fifo_cap        |   in|   11|     ap_fifo|                               fifo_C_from_off_chip_to_S3|       pointer|
|fifo_C_from_off_chip_to_S3_empty_n         |   in|    1|     ap_fifo|                               fifo_C_from_off_chip_to_S3|       pointer|
|fifo_C_from_off_chip_to_S3_read            |  out|    1|     ap_fifo|                               fifo_C_from_off_chip_to_S3|       pointer|
|C_0_0_address0                             |  out|   11|   ap_memory|                                                    C_0_0|         array|
|C_0_0_ce0                                  |  out|    1|   ap_memory|                                                    C_0_0|         array|
|C_0_0_we0                                  |  out|    1|   ap_memory|                                                    C_0_0|         array|
|C_0_0_d0                                   |  out|   32|   ap_memory|                                                    C_0_0|         array|
|C_0_0_address1                             |  out|   11|   ap_memory|                                                    C_0_0|         array|
|C_0_0_ce1                                  |  out|    1|   ap_memory|                                                    C_0_0|         array|
|C_0_0_we1                                  |  out|    1|   ap_memory|                                                    C_0_0|         array|
|C_0_0_d1                                   |  out|   32|   ap_memory|                                                    C_0_0|         array|
|C_0_1_address0                             |  out|   11|   ap_memory|                                                    C_0_1|         array|
|C_0_1_ce0                                  |  out|    1|   ap_memory|                                                    C_0_1|         array|
|C_0_1_we0                                  |  out|    1|   ap_memory|                                                    C_0_1|         array|
|C_0_1_d0                                   |  out|   32|   ap_memory|                                                    C_0_1|         array|
|C_0_1_address1                             |  out|   11|   ap_memory|                                                    C_0_1|         array|
|C_0_1_ce1                                  |  out|    1|   ap_memory|                                                    C_0_1|         array|
|C_0_1_we1                                  |  out|    1|   ap_memory|                                                    C_0_1|         array|
|C_0_1_d1                                   |  out|   32|   ap_memory|                                                    C_0_1|         array|
|C_0_2_address0                             |  out|   11|   ap_memory|                                                    C_0_2|         array|
|C_0_2_ce0                                  |  out|    1|   ap_memory|                                                    C_0_2|         array|
|C_0_2_we0                                  |  out|    1|   ap_memory|                                                    C_0_2|         array|
|C_0_2_d0                                   |  out|   32|   ap_memory|                                                    C_0_2|         array|
|C_0_2_address1                             |  out|   11|   ap_memory|                                                    C_0_2|         array|
|C_0_2_ce1                                  |  out|    1|   ap_memory|                                                    C_0_2|         array|
|C_0_2_we1                                  |  out|    1|   ap_memory|                                                    C_0_2|         array|
|C_0_2_d1                                   |  out|   32|   ap_memory|                                                    C_0_2|         array|
|C_0_3_address0                             |  out|   11|   ap_memory|                                                    C_0_3|         array|
|C_0_3_ce0                                  |  out|    1|   ap_memory|                                                    C_0_3|         array|
|C_0_3_we0                                  |  out|    1|   ap_memory|                                                    C_0_3|         array|
|C_0_3_d0                                   |  out|   32|   ap_memory|                                                    C_0_3|         array|
|C_0_3_address1                             |  out|   11|   ap_memory|                                                    C_0_3|         array|
|C_0_3_ce1                                  |  out|    1|   ap_memory|                                                    C_0_3|         array|
|C_0_3_we1                                  |  out|    1|   ap_memory|                                                    C_0_3|         array|
|C_0_3_d1                                   |  out|   32|   ap_memory|                                                    C_0_3|         array|
|C_1_0_address0                             |  out|   11|   ap_memory|                                                    C_1_0|         array|
|C_1_0_ce0                                  |  out|    1|   ap_memory|                                                    C_1_0|         array|
|C_1_0_we0                                  |  out|    1|   ap_memory|                                                    C_1_0|         array|
|C_1_0_d0                                   |  out|   32|   ap_memory|                                                    C_1_0|         array|
|C_1_0_address1                             |  out|   11|   ap_memory|                                                    C_1_0|         array|
|C_1_0_ce1                                  |  out|    1|   ap_memory|                                                    C_1_0|         array|
|C_1_0_we1                                  |  out|    1|   ap_memory|                                                    C_1_0|         array|
|C_1_0_d1                                   |  out|   32|   ap_memory|                                                    C_1_0|         array|
|C_1_1_address0                             |  out|   11|   ap_memory|                                                    C_1_1|         array|
|C_1_1_ce0                                  |  out|    1|   ap_memory|                                                    C_1_1|         array|
|C_1_1_we0                                  |  out|    1|   ap_memory|                                                    C_1_1|         array|
|C_1_1_d0                                   |  out|   32|   ap_memory|                                                    C_1_1|         array|
|C_1_1_address1                             |  out|   11|   ap_memory|                                                    C_1_1|         array|
|C_1_1_ce1                                  |  out|    1|   ap_memory|                                                    C_1_1|         array|
|C_1_1_we1                                  |  out|    1|   ap_memory|                                                    C_1_1|         array|
|C_1_1_d1                                   |  out|   32|   ap_memory|                                                    C_1_1|         array|
|C_1_2_address0                             |  out|   11|   ap_memory|                                                    C_1_2|         array|
|C_1_2_ce0                                  |  out|    1|   ap_memory|                                                    C_1_2|         array|
|C_1_2_we0                                  |  out|    1|   ap_memory|                                                    C_1_2|         array|
|C_1_2_d0                                   |  out|   32|   ap_memory|                                                    C_1_2|         array|
|C_1_2_address1                             |  out|   11|   ap_memory|                                                    C_1_2|         array|
|C_1_2_ce1                                  |  out|    1|   ap_memory|                                                    C_1_2|         array|
|C_1_2_we1                                  |  out|    1|   ap_memory|                                                    C_1_2|         array|
|C_1_2_d1                                   |  out|   32|   ap_memory|                                                    C_1_2|         array|
|C_1_3_address0                             |  out|   11|   ap_memory|                                                    C_1_3|         array|
|C_1_3_ce0                                  |  out|    1|   ap_memory|                                                    C_1_3|         array|
|C_1_3_we0                                  |  out|    1|   ap_memory|                                                    C_1_3|         array|
|C_1_3_d0                                   |  out|   32|   ap_memory|                                                    C_1_3|         array|
|C_1_3_address1                             |  out|   11|   ap_memory|                                                    C_1_3|         array|
|C_1_3_ce1                                  |  out|    1|   ap_memory|                                                    C_1_3|         array|
|C_1_3_we1                                  |  out|    1|   ap_memory|                                                    C_1_3|         array|
|C_1_3_d1                                   |  out|   32|   ap_memory|                                                    C_1_3|         array|
|C_2_0_address0                             |  out|   11|   ap_memory|                                                    C_2_0|         array|
|C_2_0_ce0                                  |  out|    1|   ap_memory|                                                    C_2_0|         array|
|C_2_0_we0                                  |  out|    1|   ap_memory|                                                    C_2_0|         array|
|C_2_0_d0                                   |  out|   32|   ap_memory|                                                    C_2_0|         array|
|C_2_0_address1                             |  out|   11|   ap_memory|                                                    C_2_0|         array|
|C_2_0_ce1                                  |  out|    1|   ap_memory|                                                    C_2_0|         array|
|C_2_0_we1                                  |  out|    1|   ap_memory|                                                    C_2_0|         array|
|C_2_0_d1                                   |  out|   32|   ap_memory|                                                    C_2_0|         array|
|C_2_1_address0                             |  out|   11|   ap_memory|                                                    C_2_1|         array|
|C_2_1_ce0                                  |  out|    1|   ap_memory|                                                    C_2_1|         array|
|C_2_1_we0                                  |  out|    1|   ap_memory|                                                    C_2_1|         array|
|C_2_1_d0                                   |  out|   32|   ap_memory|                                                    C_2_1|         array|
|C_2_1_address1                             |  out|   11|   ap_memory|                                                    C_2_1|         array|
|C_2_1_ce1                                  |  out|    1|   ap_memory|                                                    C_2_1|         array|
|C_2_1_we1                                  |  out|    1|   ap_memory|                                                    C_2_1|         array|
|C_2_1_d1                                   |  out|   32|   ap_memory|                                                    C_2_1|         array|
|C_2_2_address0                             |  out|   11|   ap_memory|                                                    C_2_2|         array|
|C_2_2_ce0                                  |  out|    1|   ap_memory|                                                    C_2_2|         array|
|C_2_2_we0                                  |  out|    1|   ap_memory|                                                    C_2_2|         array|
|C_2_2_d0                                   |  out|   32|   ap_memory|                                                    C_2_2|         array|
|C_2_2_address1                             |  out|   11|   ap_memory|                                                    C_2_2|         array|
|C_2_2_ce1                                  |  out|    1|   ap_memory|                                                    C_2_2|         array|
|C_2_2_we1                                  |  out|    1|   ap_memory|                                                    C_2_2|         array|
|C_2_2_d1                                   |  out|   32|   ap_memory|                                                    C_2_2|         array|
|C_2_3_address0                             |  out|   11|   ap_memory|                                                    C_2_3|         array|
|C_2_3_ce0                                  |  out|    1|   ap_memory|                                                    C_2_3|         array|
|C_2_3_we0                                  |  out|    1|   ap_memory|                                                    C_2_3|         array|
|C_2_3_d0                                   |  out|   32|   ap_memory|                                                    C_2_3|         array|
|C_2_3_address1                             |  out|   11|   ap_memory|                                                    C_2_3|         array|
|C_2_3_ce1                                  |  out|    1|   ap_memory|                                                    C_2_3|         array|
|C_2_3_we1                                  |  out|    1|   ap_memory|                                                    C_2_3|         array|
|C_2_3_d1                                   |  out|   32|   ap_memory|                                                    C_2_3|         array|
|C_3_0_address0                             |  out|   11|   ap_memory|                                                    C_3_0|         array|
|C_3_0_ce0                                  |  out|    1|   ap_memory|                                                    C_3_0|         array|
|C_3_0_we0                                  |  out|    1|   ap_memory|                                                    C_3_0|         array|
|C_3_0_d0                                   |  out|   32|   ap_memory|                                                    C_3_0|         array|
|C_3_0_address1                             |  out|   11|   ap_memory|                                                    C_3_0|         array|
|C_3_0_ce1                                  |  out|    1|   ap_memory|                                                    C_3_0|         array|
|C_3_0_we1                                  |  out|    1|   ap_memory|                                                    C_3_0|         array|
|C_3_0_d1                                   |  out|   32|   ap_memory|                                                    C_3_0|         array|
|C_3_1_address0                             |  out|   11|   ap_memory|                                                    C_3_1|         array|
|C_3_1_ce0                                  |  out|    1|   ap_memory|                                                    C_3_1|         array|
|C_3_1_we0                                  |  out|    1|   ap_memory|                                                    C_3_1|         array|
|C_3_1_d0                                   |  out|   32|   ap_memory|                                                    C_3_1|         array|
|C_3_1_address1                             |  out|   11|   ap_memory|                                                    C_3_1|         array|
|C_3_1_ce1                                  |  out|    1|   ap_memory|                                                    C_3_1|         array|
|C_3_1_we1                                  |  out|    1|   ap_memory|                                                    C_3_1|         array|
|C_3_1_d1                                   |  out|   32|   ap_memory|                                                    C_3_1|         array|
|C_3_2_address0                             |  out|   11|   ap_memory|                                                    C_3_2|         array|
|C_3_2_ce0                                  |  out|    1|   ap_memory|                                                    C_3_2|         array|
|C_3_2_we0                                  |  out|    1|   ap_memory|                                                    C_3_2|         array|
|C_3_2_d0                                   |  out|   32|   ap_memory|                                                    C_3_2|         array|
|C_3_2_address1                             |  out|   11|   ap_memory|                                                    C_3_2|         array|
|C_3_2_ce1                                  |  out|    1|   ap_memory|                                                    C_3_2|         array|
|C_3_2_we1                                  |  out|    1|   ap_memory|                                                    C_3_2|         array|
|C_3_2_d1                                   |  out|   32|   ap_memory|                                                    C_3_2|         array|
|C_3_3_address0                             |  out|   11|   ap_memory|                                                    C_3_3|         array|
|C_3_3_ce0                                  |  out|    1|   ap_memory|                                                    C_3_3|         array|
|C_3_3_we0                                  |  out|    1|   ap_memory|                                                    C_3_3|         array|
|C_3_3_d0                                   |  out|   32|   ap_memory|                                                    C_3_3|         array|
|C_3_3_address1                             |  out|   11|   ap_memory|                                                    C_3_3|         array|
|C_3_3_ce1                                  |  out|    1|   ap_memory|                                                    C_3_3|         array|
|C_3_3_we1                                  |  out|    1|   ap_memory|                                                    C_3_3|         array|
|C_3_3_d1                                   |  out|   32|   ap_memory|                                                    C_3_3|         array|
|C_4_0_address0                             |  out|   11|   ap_memory|                                                    C_4_0|         array|
|C_4_0_ce0                                  |  out|    1|   ap_memory|                                                    C_4_0|         array|
|C_4_0_we0                                  |  out|    1|   ap_memory|                                                    C_4_0|         array|
|C_4_0_d0                                   |  out|   32|   ap_memory|                                                    C_4_0|         array|
|C_4_0_address1                             |  out|   11|   ap_memory|                                                    C_4_0|         array|
|C_4_0_ce1                                  |  out|    1|   ap_memory|                                                    C_4_0|         array|
|C_4_0_we1                                  |  out|    1|   ap_memory|                                                    C_4_0|         array|
|C_4_0_d1                                   |  out|   32|   ap_memory|                                                    C_4_0|         array|
|C_4_1_address0                             |  out|   11|   ap_memory|                                                    C_4_1|         array|
|C_4_1_ce0                                  |  out|    1|   ap_memory|                                                    C_4_1|         array|
|C_4_1_we0                                  |  out|    1|   ap_memory|                                                    C_4_1|         array|
|C_4_1_d0                                   |  out|   32|   ap_memory|                                                    C_4_1|         array|
|C_4_1_address1                             |  out|   11|   ap_memory|                                                    C_4_1|         array|
|C_4_1_ce1                                  |  out|    1|   ap_memory|                                                    C_4_1|         array|
|C_4_1_we1                                  |  out|    1|   ap_memory|                                                    C_4_1|         array|
|C_4_1_d1                                   |  out|   32|   ap_memory|                                                    C_4_1|         array|
|C_4_2_address0                             |  out|   11|   ap_memory|                                                    C_4_2|         array|
|C_4_2_ce0                                  |  out|    1|   ap_memory|                                                    C_4_2|         array|
|C_4_2_we0                                  |  out|    1|   ap_memory|                                                    C_4_2|         array|
|C_4_2_d0                                   |  out|   32|   ap_memory|                                                    C_4_2|         array|
|C_4_2_address1                             |  out|   11|   ap_memory|                                                    C_4_2|         array|
|C_4_2_ce1                                  |  out|    1|   ap_memory|                                                    C_4_2|         array|
|C_4_2_we1                                  |  out|    1|   ap_memory|                                                    C_4_2|         array|
|C_4_2_d1                                   |  out|   32|   ap_memory|                                                    C_4_2|         array|
|C_4_3_address0                             |  out|   11|   ap_memory|                                                    C_4_3|         array|
|C_4_3_ce0                                  |  out|    1|   ap_memory|                                                    C_4_3|         array|
|C_4_3_we0                                  |  out|    1|   ap_memory|                                                    C_4_3|         array|
|C_4_3_d0                                   |  out|   32|   ap_memory|                                                    C_4_3|         array|
|C_4_3_address1                             |  out|   11|   ap_memory|                                                    C_4_3|         array|
|C_4_3_ce1                                  |  out|    1|   ap_memory|                                                    C_4_3|         array|
|C_4_3_we1                                  |  out|    1|   ap_memory|                                                    C_4_3|         array|
|C_4_3_d1                                   |  out|   32|   ap_memory|                                                    C_4_3|         array|
|C_5_0_address0                             |  out|   11|   ap_memory|                                                    C_5_0|         array|
|C_5_0_ce0                                  |  out|    1|   ap_memory|                                                    C_5_0|         array|
|C_5_0_we0                                  |  out|    1|   ap_memory|                                                    C_5_0|         array|
|C_5_0_d0                                   |  out|   32|   ap_memory|                                                    C_5_0|         array|
|C_5_0_address1                             |  out|   11|   ap_memory|                                                    C_5_0|         array|
|C_5_0_ce1                                  |  out|    1|   ap_memory|                                                    C_5_0|         array|
|C_5_0_we1                                  |  out|    1|   ap_memory|                                                    C_5_0|         array|
|C_5_0_d1                                   |  out|   32|   ap_memory|                                                    C_5_0|         array|
|C_5_1_address0                             |  out|   11|   ap_memory|                                                    C_5_1|         array|
|C_5_1_ce0                                  |  out|    1|   ap_memory|                                                    C_5_1|         array|
|C_5_1_we0                                  |  out|    1|   ap_memory|                                                    C_5_1|         array|
|C_5_1_d0                                   |  out|   32|   ap_memory|                                                    C_5_1|         array|
|C_5_1_address1                             |  out|   11|   ap_memory|                                                    C_5_1|         array|
|C_5_1_ce1                                  |  out|    1|   ap_memory|                                                    C_5_1|         array|
|C_5_1_we1                                  |  out|    1|   ap_memory|                                                    C_5_1|         array|
|C_5_1_d1                                   |  out|   32|   ap_memory|                                                    C_5_1|         array|
|C_5_2_address0                             |  out|   11|   ap_memory|                                                    C_5_2|         array|
|C_5_2_ce0                                  |  out|    1|   ap_memory|                                                    C_5_2|         array|
|C_5_2_we0                                  |  out|    1|   ap_memory|                                                    C_5_2|         array|
|C_5_2_d0                                   |  out|   32|   ap_memory|                                                    C_5_2|         array|
|C_5_2_address1                             |  out|   11|   ap_memory|                                                    C_5_2|         array|
|C_5_2_ce1                                  |  out|    1|   ap_memory|                                                    C_5_2|         array|
|C_5_2_we1                                  |  out|    1|   ap_memory|                                                    C_5_2|         array|
|C_5_2_d1                                   |  out|   32|   ap_memory|                                                    C_5_2|         array|
|C_5_3_address0                             |  out|   11|   ap_memory|                                                    C_5_3|         array|
|C_5_3_ce0                                  |  out|    1|   ap_memory|                                                    C_5_3|         array|
|C_5_3_we0                                  |  out|    1|   ap_memory|                                                    C_5_3|         array|
|C_5_3_d0                                   |  out|   32|   ap_memory|                                                    C_5_3|         array|
|C_5_3_address1                             |  out|   11|   ap_memory|                                                    C_5_3|         array|
|C_5_3_ce1                                  |  out|    1|   ap_memory|                                                    C_5_3|         array|
|C_5_3_we1                                  |  out|    1|   ap_memory|                                                    C_5_3|         array|
|C_5_3_d1                                   |  out|   32|   ap_memory|                                                    C_5_3|         array|
|C_6_0_address0                             |  out|   11|   ap_memory|                                                    C_6_0|         array|
|C_6_0_ce0                                  |  out|    1|   ap_memory|                                                    C_6_0|         array|
|C_6_0_we0                                  |  out|    1|   ap_memory|                                                    C_6_0|         array|
|C_6_0_d0                                   |  out|   32|   ap_memory|                                                    C_6_0|         array|
|C_6_0_address1                             |  out|   11|   ap_memory|                                                    C_6_0|         array|
|C_6_0_ce1                                  |  out|    1|   ap_memory|                                                    C_6_0|         array|
|C_6_0_we1                                  |  out|    1|   ap_memory|                                                    C_6_0|         array|
|C_6_0_d1                                   |  out|   32|   ap_memory|                                                    C_6_0|         array|
|C_6_1_address0                             |  out|   11|   ap_memory|                                                    C_6_1|         array|
|C_6_1_ce0                                  |  out|    1|   ap_memory|                                                    C_6_1|         array|
|C_6_1_we0                                  |  out|    1|   ap_memory|                                                    C_6_1|         array|
|C_6_1_d0                                   |  out|   32|   ap_memory|                                                    C_6_1|         array|
|C_6_1_address1                             |  out|   11|   ap_memory|                                                    C_6_1|         array|
|C_6_1_ce1                                  |  out|    1|   ap_memory|                                                    C_6_1|         array|
|C_6_1_we1                                  |  out|    1|   ap_memory|                                                    C_6_1|         array|
|C_6_1_d1                                   |  out|   32|   ap_memory|                                                    C_6_1|         array|
|C_6_2_address0                             |  out|   11|   ap_memory|                                                    C_6_2|         array|
|C_6_2_ce0                                  |  out|    1|   ap_memory|                                                    C_6_2|         array|
|C_6_2_we0                                  |  out|    1|   ap_memory|                                                    C_6_2|         array|
|C_6_2_d0                                   |  out|   32|   ap_memory|                                                    C_6_2|         array|
|C_6_2_address1                             |  out|   11|   ap_memory|                                                    C_6_2|         array|
|C_6_2_ce1                                  |  out|    1|   ap_memory|                                                    C_6_2|         array|
|C_6_2_we1                                  |  out|    1|   ap_memory|                                                    C_6_2|         array|
|C_6_2_d1                                   |  out|   32|   ap_memory|                                                    C_6_2|         array|
|C_6_3_address0                             |  out|   11|   ap_memory|                                                    C_6_3|         array|
|C_6_3_ce0                                  |  out|    1|   ap_memory|                                                    C_6_3|         array|
|C_6_3_we0                                  |  out|    1|   ap_memory|                                                    C_6_3|         array|
|C_6_3_d0                                   |  out|   32|   ap_memory|                                                    C_6_3|         array|
|C_6_3_address1                             |  out|   11|   ap_memory|                                                    C_6_3|         array|
|C_6_3_ce1                                  |  out|    1|   ap_memory|                                                    C_6_3|         array|
|C_6_3_we1                                  |  out|    1|   ap_memory|                                                    C_6_3|         array|
|C_6_3_d1                                   |  out|   32|   ap_memory|                                                    C_6_3|         array|
|C_7_0_address0                             |  out|   11|   ap_memory|                                                    C_7_0|         array|
|C_7_0_ce0                                  |  out|    1|   ap_memory|                                                    C_7_0|         array|
|C_7_0_we0                                  |  out|    1|   ap_memory|                                                    C_7_0|         array|
|C_7_0_d0                                   |  out|   32|   ap_memory|                                                    C_7_0|         array|
|C_7_0_address1                             |  out|   11|   ap_memory|                                                    C_7_0|         array|
|C_7_0_ce1                                  |  out|    1|   ap_memory|                                                    C_7_0|         array|
|C_7_0_we1                                  |  out|    1|   ap_memory|                                                    C_7_0|         array|
|C_7_0_d1                                   |  out|   32|   ap_memory|                                                    C_7_0|         array|
|C_7_1_address0                             |  out|   11|   ap_memory|                                                    C_7_1|         array|
|C_7_1_ce0                                  |  out|    1|   ap_memory|                                                    C_7_1|         array|
|C_7_1_we0                                  |  out|    1|   ap_memory|                                                    C_7_1|         array|
|C_7_1_d0                                   |  out|   32|   ap_memory|                                                    C_7_1|         array|
|C_7_1_address1                             |  out|   11|   ap_memory|                                                    C_7_1|         array|
|C_7_1_ce1                                  |  out|    1|   ap_memory|                                                    C_7_1|         array|
|C_7_1_we1                                  |  out|    1|   ap_memory|                                                    C_7_1|         array|
|C_7_1_d1                                   |  out|   32|   ap_memory|                                                    C_7_1|         array|
|C_7_2_address0                             |  out|   11|   ap_memory|                                                    C_7_2|         array|
|C_7_2_ce0                                  |  out|    1|   ap_memory|                                                    C_7_2|         array|
|C_7_2_we0                                  |  out|    1|   ap_memory|                                                    C_7_2|         array|
|C_7_2_d0                                   |  out|   32|   ap_memory|                                                    C_7_2|         array|
|C_7_2_address1                             |  out|   11|   ap_memory|                                                    C_7_2|         array|
|C_7_2_ce1                                  |  out|    1|   ap_memory|                                                    C_7_2|         array|
|C_7_2_we1                                  |  out|    1|   ap_memory|                                                    C_7_2|         array|
|C_7_2_d1                                   |  out|   32|   ap_memory|                                                    C_7_2|         array|
|C_7_3_address0                             |  out|   11|   ap_memory|                                                    C_7_3|         array|
|C_7_3_ce0                                  |  out|    1|   ap_memory|                                                    C_7_3|         array|
|C_7_3_we0                                  |  out|    1|   ap_memory|                                                    C_7_3|         array|
|C_7_3_d0                                   |  out|   32|   ap_memory|                                                    C_7_3|         array|
|C_7_3_address1                             |  out|   11|   ap_memory|                                                    C_7_3|         array|
|C_7_3_ce1                                  |  out|    1|   ap_memory|                                                    C_7_3|         array|
|C_7_3_we1                                  |  out|    1|   ap_memory|                                                    C_7_3|         array|
|C_7_3_d1                                   |  out|   32|   ap_memory|                                                    C_7_3|         array|
|C_8_0_address0                             |  out|   11|   ap_memory|                                                    C_8_0|         array|
|C_8_0_ce0                                  |  out|    1|   ap_memory|                                                    C_8_0|         array|
|C_8_0_we0                                  |  out|    1|   ap_memory|                                                    C_8_0|         array|
|C_8_0_d0                                   |  out|   32|   ap_memory|                                                    C_8_0|         array|
|C_8_0_address1                             |  out|   11|   ap_memory|                                                    C_8_0|         array|
|C_8_0_ce1                                  |  out|    1|   ap_memory|                                                    C_8_0|         array|
|C_8_0_we1                                  |  out|    1|   ap_memory|                                                    C_8_0|         array|
|C_8_0_d1                                   |  out|   32|   ap_memory|                                                    C_8_0|         array|
|C_8_1_address0                             |  out|   11|   ap_memory|                                                    C_8_1|         array|
|C_8_1_ce0                                  |  out|    1|   ap_memory|                                                    C_8_1|         array|
|C_8_1_we0                                  |  out|    1|   ap_memory|                                                    C_8_1|         array|
|C_8_1_d0                                   |  out|   32|   ap_memory|                                                    C_8_1|         array|
|C_8_1_address1                             |  out|   11|   ap_memory|                                                    C_8_1|         array|
|C_8_1_ce1                                  |  out|    1|   ap_memory|                                                    C_8_1|         array|
|C_8_1_we1                                  |  out|    1|   ap_memory|                                                    C_8_1|         array|
|C_8_1_d1                                   |  out|   32|   ap_memory|                                                    C_8_1|         array|
|C_8_2_address0                             |  out|   11|   ap_memory|                                                    C_8_2|         array|
|C_8_2_ce0                                  |  out|    1|   ap_memory|                                                    C_8_2|         array|
|C_8_2_we0                                  |  out|    1|   ap_memory|                                                    C_8_2|         array|
|C_8_2_d0                                   |  out|   32|   ap_memory|                                                    C_8_2|         array|
|C_8_2_address1                             |  out|   11|   ap_memory|                                                    C_8_2|         array|
|C_8_2_ce1                                  |  out|    1|   ap_memory|                                                    C_8_2|         array|
|C_8_2_we1                                  |  out|    1|   ap_memory|                                                    C_8_2|         array|
|C_8_2_d1                                   |  out|   32|   ap_memory|                                                    C_8_2|         array|
|C_8_3_address0                             |  out|   11|   ap_memory|                                                    C_8_3|         array|
|C_8_3_ce0                                  |  out|    1|   ap_memory|                                                    C_8_3|         array|
|C_8_3_we0                                  |  out|    1|   ap_memory|                                                    C_8_3|         array|
|C_8_3_d0                                   |  out|   32|   ap_memory|                                                    C_8_3|         array|
|C_8_3_address1                             |  out|   11|   ap_memory|                                                    C_8_3|         array|
|C_8_3_ce1                                  |  out|    1|   ap_memory|                                                    C_8_3|         array|
|C_8_3_we1                                  |  out|    1|   ap_memory|                                                    C_8_3|         array|
|C_8_3_d1                                   |  out|   32|   ap_memory|                                                    C_8_3|         array|
|C_9_0_address0                             |  out|   11|   ap_memory|                                                    C_9_0|         array|
|C_9_0_ce0                                  |  out|    1|   ap_memory|                                                    C_9_0|         array|
|C_9_0_we0                                  |  out|    1|   ap_memory|                                                    C_9_0|         array|
|C_9_0_d0                                   |  out|   32|   ap_memory|                                                    C_9_0|         array|
|C_9_0_address1                             |  out|   11|   ap_memory|                                                    C_9_0|         array|
|C_9_0_ce1                                  |  out|    1|   ap_memory|                                                    C_9_0|         array|
|C_9_0_we1                                  |  out|    1|   ap_memory|                                                    C_9_0|         array|
|C_9_0_d1                                   |  out|   32|   ap_memory|                                                    C_9_0|         array|
|C_9_1_address0                             |  out|   11|   ap_memory|                                                    C_9_1|         array|
|C_9_1_ce0                                  |  out|    1|   ap_memory|                                                    C_9_1|         array|
|C_9_1_we0                                  |  out|    1|   ap_memory|                                                    C_9_1|         array|
|C_9_1_d0                                   |  out|   32|   ap_memory|                                                    C_9_1|         array|
|C_9_1_address1                             |  out|   11|   ap_memory|                                                    C_9_1|         array|
|C_9_1_ce1                                  |  out|    1|   ap_memory|                                                    C_9_1|         array|
|C_9_1_we1                                  |  out|    1|   ap_memory|                                                    C_9_1|         array|
|C_9_1_d1                                   |  out|   32|   ap_memory|                                                    C_9_1|         array|
|C_9_2_address0                             |  out|   11|   ap_memory|                                                    C_9_2|         array|
|C_9_2_ce0                                  |  out|    1|   ap_memory|                                                    C_9_2|         array|
|C_9_2_we0                                  |  out|    1|   ap_memory|                                                    C_9_2|         array|
|C_9_2_d0                                   |  out|   32|   ap_memory|                                                    C_9_2|         array|
|C_9_2_address1                             |  out|   11|   ap_memory|                                                    C_9_2|         array|
|C_9_2_ce1                                  |  out|    1|   ap_memory|                                                    C_9_2|         array|
|C_9_2_we1                                  |  out|    1|   ap_memory|                                                    C_9_2|         array|
|C_9_2_d1                                   |  out|   32|   ap_memory|                                                    C_9_2|         array|
|C_9_3_address0                             |  out|   11|   ap_memory|                                                    C_9_3|         array|
|C_9_3_ce0                                  |  out|    1|   ap_memory|                                                    C_9_3|         array|
|C_9_3_we0                                  |  out|    1|   ap_memory|                                                    C_9_3|         array|
|C_9_3_d0                                   |  out|   32|   ap_memory|                                                    C_9_3|         array|
|C_9_3_address1                             |  out|   11|   ap_memory|                                                    C_9_3|         array|
|C_9_3_ce1                                  |  out|    1|   ap_memory|                                                    C_9_3|         array|
|C_9_3_we1                                  |  out|    1|   ap_memory|                                                    C_9_3|         array|
|C_9_3_d1                                   |  out|   32|   ap_memory|                                                    C_9_3|         array|
+-------------------------------------------+-----+-----+------------+---------------------------------------------------------+--------------+

