

================================================================
== Vitis HLS Report for 'read_C_FT1_Pipeline_VITIS_LOOP_753_1_VITIS_LOOP_754_2'
================================================================
* Date:           Thu Jan  2 11:39:39 2025

* Version:        2023.2 (Build 4023990 on Oct 11 2023)
* Project:        kernel_nlp_slr0
* Solution:       solution (Vitis Kernel Flow Target)
* Product family: virtexuplusHBM
* Target device:  xcu55c-fsvh2892-2L-e


================================================================
== Performance Estimates
================================================================
+ Timing: 
    * Summary: 
    +--------+---------+----------+------------+
    |  Clock |  Target | Estimated| Uncertainty|
    +--------+---------+----------+------------+
    |ap_clk  |  4.55 ns|  3.280 ns|     1.23 ns|
    +--------+---------+----------+------------+

+ Latency: 
    * Summary: 
    +---------+---------+----------+----------+-----+-----+---------+
    |  Latency (cycles) |  Latency (absolute) |  Interval | Pipeline|
    |   min   |   max   |    min   |    max   | min | max |   Type  |
    +---------+---------+----------+----------+-----+-----+---------+
    |      293|      293|  1.332 us|  1.332 us|  293|  293|       no|
    +---------+---------+----------+----------+-----+-----+---------+

    + Detail: 
        * Instance: 
        N/A

        * Loop: 
        +-------------------------------------+---------+---------+----------+-----------+-----------+------+----------+
        |                                     |  Latency (cycles) | Iteration|  Initiation Interval  | Trip |          |
        |              Loop Name              |   min   |   max   |  Latency |  achieved |   target  | Count| Pipelined|
        +-------------------------------------+---------+---------+----------+-----------+-----------+------+----------+
        |- VITIS_LOOP_753_1_VITIS_LOOP_754_2  |      291|      291|        14|          2|          1|   140|       yes|
        +-------------------------------------+---------+---------+----------+-----------+-----------+------+----------+



================================================================
== Utilization Estimates
================================================================
* Summary: 
+---------------------+---------+------+---------+---------+-----+
|         Name        | BRAM_18K|  DSP |    FF   |   LUT   | URAM|
+---------------------+---------+------+---------+---------+-----+
|DSP                  |        -|     -|        -|        -|    -|
|Expression           |        -|     -|        0|      225|    -|
|FIFO                 |        -|     -|        -|        -|    -|
|Instance             |        -|     0|      189|      168|    -|
|Memory               |        -|     -|        -|        -|    -|
|Multiplexer          |        -|     -|        -|     2344|    -|
|Register             |        -|     -|      453|       64|    -|
+---------------------+---------+------+---------+---------+-----+
|Total                |        0|     0|      642|     2801|    0|
+---------------------+---------+------+---------+---------+-----+
|Available SLR        |     1344|  3008|   869120|   434560|  320|
+---------------------+---------+------+---------+---------+-----+
|Utilization SLR (%)  |        0|     0|       ~0|       ~0|    0|
+---------------------+---------+------+---------+---------+-----+
|Available            |     4032|  9024|  2607360|  1303680|  960|
+---------------------+---------+------+---------+---------+-----+
|Utilization (%)      |        0|     0|       ~0|       ~0|    0|
+---------------------+---------+------+---------+---------+-----+

+ Detail: 
    * Instance: 
    +---------------------------+---------------------+---------+----+-----+-----+-----+
    |          Instance         |        Module       | BRAM_18K| DSP|  FF | LUT | URAM|
    +---------------------------+---------------------+---------+----+-----+-----+-----+
    |mul_8ns_10ns_17_1_1_U2993  |mul_8ns_10ns_17_1_1  |        0|   0|    0|   62|    0|
    |urem_8ns_5ns_4_12_1_U2994  |urem_8ns_5ns_4_12_1  |        0|   0|  189|  106|    0|
    +---------------------------+---------------------+---------+----+-----+-----+-----+
    |Total                      |                     |        0|   0|  189|  168|    0|
    +---------------------------+---------------------+---------+----+-----+-----+-----+

    * DSP: 
    N/A

    * Memory: 
    N/A

    * FIFO: 
    N/A

    * Expression: 
    +---------------------------+----------+----+---+----+------------+------------+
    |       Variable Name       | Operation| DSP| FF| LUT| Bitwidth P0| Bitwidth P1|
    +---------------------------+----------+----+---+----+------------+------------+
    |add_ln753_1_fu_1934_p2     |         +|   0|  0|  15|           8|           1|
    |add_ln753_fu_1946_p2       |         +|   0|  0|  12|           4|           1|
    |add_ln754_fu_1984_p2       |         +|   0|  0|  15|           8|           5|
    |add_ln757_fu_2079_p2       |         +|   0|  0|  18|          11|          11|
    |add_ln761_fu_2408_p2       |         +|   0|  0|  18|          11|          11|
    |add_ln765_fu_2558_p2       |         +|   0|  0|  18|          11|          11|
    |add_ln769_fu_2616_p2       |         +|   0|  0|  18|          11|          11|
    |empty_fu_2017_p2           |         +|   0|  0|  15|           8|           8|
    |tmp_fu_2008_p2             |         +|   0|  0|  14|           7|           7|
    |sub_ln757_fu_2066_p2       |         -|   0|  0|  18|          11|          11|
    |ap_block_pp0_stage0_11001  |       and|   0|  0|   2|           1|           1|
    |icmp_ln753_fu_1928_p2      |      icmp|   0|  0|  15|           8|           8|
    |icmp_ln754_fu_1952_p2      |      icmp|   0|  0|  15|           8|           7|
    |or_ln761_fu_2399_p2        |        or|   0|  0|   6|           6|           1|
    |or_ln765_fu_2549_p2        |        or|   0|  0|   6|           6|           2|
    |or_ln769_fu_2607_p2        |        or|   0|  0|   6|           6|           2|
    |select_ln753_1_fu_1966_p3  |    select|   0|  0|   4|           1|           4|
    |select_ln753_fu_1958_p3    |    select|   0|  0|   8|           1|           8|
    |ap_enable_pp0              |       xor|   0|  0|   2|           1|           2|
    +---------------------------+----------+----+---+----+------------+------------+
    |Total                      |          |   0|  0| 225|         128|         112|
    +---------------------------+----------+----+---+----+------------+------------+

    * Multiplexer: 
    +--------------------------------------+----+-----------+-----+-----------+
    |                 Name                 | LUT| Input Size| Bits| Total Bits|
    +--------------------------------------+----+-----------+-----+-----------+
    |C_1_0_0_address0                      |  14|          3|   11|         33|
    |C_1_0_0_address1                      |  14|          3|   11|         33|
    |C_1_0_0_d0                            |  14|          3|   32|         96|
    |C_1_0_0_d1                            |  14|          3|   32|         96|
    |C_1_0_1_address0                      |  14|          3|   11|         33|
    |C_1_0_1_address1                      |  14|          3|   11|         33|
    |C_1_0_1_d0                            |  14|          3|   32|         96|
    |C_1_0_1_d1                            |  14|          3|   32|         96|
    |C_1_0_2_address0                      |  14|          3|   11|         33|
    |C_1_0_2_address1                      |  14|          3|   11|         33|
    |C_1_0_2_d0                            |  14|          3|   32|         96|
    |C_1_0_2_d1                            |  14|          3|   32|         96|
    |C_1_0_3_address0                      |  14|          3|   11|         33|
    |C_1_0_3_address1                      |  14|          3|   11|         33|
    |C_1_0_3_d0                            |  14|          3|   32|         96|
    |C_1_0_3_d1                            |  14|          3|   32|         96|
    |C_1_1_0_address0                      |  14|          3|   11|         33|
    |C_1_1_0_address1                      |  14|          3|   11|         33|
    |C_1_1_0_d0                            |  14|          3|   32|         96|
    |C_1_1_0_d1                            |  14|          3|   32|         96|
    |C_1_1_1_address0                      |  14|          3|   11|         33|
    |C_1_1_1_address1                      |  14|          3|   11|         33|
    |C_1_1_1_d0                            |  14|          3|   32|         96|
    |C_1_1_1_d1                            |  14|          3|   32|         96|
    |C_1_1_2_address0                      |  14|          3|   11|         33|
    |C_1_1_2_address1                      |  14|          3|   11|         33|
    |C_1_1_2_d0                            |  14|          3|   32|         96|
    |C_1_1_2_d1                            |  14|          3|   32|         96|
    |C_1_1_3_address0                      |  14|          3|   11|         33|
    |C_1_1_3_address1                      |  14|          3|   11|         33|
    |C_1_1_3_d0                            |  14|          3|   32|         96|
    |C_1_1_3_d1                            |  14|          3|   32|         96|
    |C_1_2_0_address0                      |  14|          3|   11|         33|
    |C_1_2_0_address1                      |  14|          3|   11|         33|
    |C_1_2_0_d0                            |  14|          3|   32|         96|
    |C_1_2_0_d1                            |  14|          3|   32|         96|
    |C_1_2_1_address0                      |  14|          3|   11|         33|
    |C_1_2_1_address1                      |  14|          3|   11|         33|
    |C_1_2_1_d0                            |  14|          3|   32|         96|
    |C_1_2_1_d1                            |  14|          3|   32|         96|
    |C_1_2_2_address0                      |  14|          3|   11|         33|
    |C_1_2_2_address1                      |  14|          3|   11|         33|
    |C_1_2_2_d0                            |  14|          3|   32|         96|
    |C_1_2_2_d1                            |  14|          3|   32|         96|
    |C_1_2_3_address0                      |  14|          3|   11|         33|
    |C_1_2_3_address1                      |  14|          3|   11|         33|
    |C_1_2_3_d0                            |  14|          3|   32|         96|
    |C_1_2_3_d1                            |  14|          3|   32|         96|
    |C_1_3_0_address0                      |  14|          3|   11|         33|
    |C_1_3_0_address1                      |  14|          3|   11|         33|
    |C_1_3_0_d0                            |  14|          3|   32|         96|
    |C_1_3_0_d1                            |  14|          3|   32|         96|
    |C_1_3_1_address0                      |  14|          3|   11|         33|
    |C_1_3_1_address1                      |  14|          3|   11|         33|
    |C_1_3_1_d0                            |  14|          3|   32|         96|
    |C_1_3_1_d1                            |  14|          3|   32|         96|
    |C_1_3_2_address0                      |  14|          3|   11|         33|
    |C_1_3_2_address1                      |  14|          3|   11|         33|
    |C_1_3_2_d0                            |  14|          3|   32|         96|
    |C_1_3_2_d1                            |  14|          3|   32|         96|
    |C_1_3_3_address0                      |  14|          3|   11|         33|
    |C_1_3_3_address1                      |  14|          3|   11|         33|
    |C_1_3_3_d0                            |  14|          3|   32|         96|
    |C_1_3_3_d1                            |  14|          3|   32|         96|
    |C_1_4_0_address0                      |  14|          3|   11|         33|
    |C_1_4_0_address1                      |  14|          3|   11|         33|
    |C_1_4_0_d0                            |  14|          3|   32|         96|
    |C_1_4_0_d1                            |  14|          3|   32|         96|
    |C_1_4_1_address0                      |  14|          3|   11|         33|
    |C_1_4_1_address1                      |  14|          3|   11|         33|
    |C_1_4_1_d0                            |  14|          3|   32|         96|
    |C_1_4_1_d1                            |  14|          3|   32|         96|
    |C_1_4_2_address0                      |  14|          3|   11|         33|
    |C_1_4_2_address1                      |  14|          3|   11|         33|
    |C_1_4_2_d0                            |  14|          3|   32|         96|
    |C_1_4_2_d1                            |  14|          3|   32|         96|
    |C_1_4_3_address0                      |  14|          3|   11|         33|
    |C_1_4_3_address1                      |  14|          3|   11|         33|
    |C_1_4_3_d0                            |  14|          3|   32|         96|
    |C_1_4_3_d1                            |  14|          3|   32|         96|
    |C_1_5_0_address0                      |  14|          3|   11|         33|
    |C_1_5_0_address1                      |  14|          3|   11|         33|
    |C_1_5_0_d0                            |  14|          3|   32|         96|
    |C_1_5_0_d1                            |  14|          3|   32|         96|
    |C_1_5_1_address0                      |  14|          3|   11|         33|
    |C_1_5_1_address1                      |  14|          3|   11|         33|
    |C_1_5_1_d0                            |  14|          3|   32|         96|
    |C_1_5_1_d1                            |  14|          3|   32|         96|
    |C_1_5_2_address0                      |  14|          3|   11|         33|
    |C_1_5_2_address1                      |  14|          3|   11|         33|
    |C_1_5_2_d0                            |  14|          3|   32|         96|
    |C_1_5_2_d1                            |  14|          3|   32|         96|
    |C_1_5_3_address0                      |  14|          3|   11|         33|
    |C_1_5_3_address1                      |  14|          3|   11|         33|
    |C_1_5_3_d0                            |  14|          3|   32|         96|
    |C_1_5_3_d1                            |  14|          3|   32|         96|
    |C_1_6_0_address0                      |  14|          3|   11|         33|
    |C_1_6_0_address1                      |  14|          3|   11|         33|
    |C_1_6_0_d0                            |  14|          3|   32|         96|
    |C_1_6_0_d1                            |  14|          3|   32|         96|
    |C_1_6_1_address0                      |  14|          3|   11|         33|
    |C_1_6_1_address1                      |  14|          3|   11|         33|
    |C_1_6_1_d0                            |  14|          3|   32|         96|
    |C_1_6_1_d1                            |  14|          3|   32|         96|
    |C_1_6_2_address0                      |  14|          3|   11|         33|
    |C_1_6_2_address1                      |  14|          3|   11|         33|
    |C_1_6_2_d0                            |  14|          3|   32|         96|
    |C_1_6_2_d1                            |  14|          3|   32|         96|
    |C_1_6_3_address0                      |  14|          3|   11|         33|
    |C_1_6_3_address1                      |  14|          3|   11|         33|
    |C_1_6_3_d0                            |  14|          3|   32|         96|
    |C_1_6_3_d1                            |  14|          3|   32|         96|
    |C_1_7_0_address0                      |  14|          3|   11|         33|
    |C_1_7_0_address1                      |  14|          3|   11|         33|
    |C_1_7_0_d0                            |  14|          3|   32|         96|
    |C_1_7_0_d1                            |  14|          3|   32|         96|
    |C_1_7_1_address0                      |  14|          3|   11|         33|
    |C_1_7_1_address1                      |  14|          3|   11|         33|
    |C_1_7_1_d0                            |  14|          3|   32|         96|
    |C_1_7_1_d1                            |  14|          3|   32|         96|
    |C_1_7_2_address0                      |  14|          3|   11|         33|
    |C_1_7_2_address1                      |  14|          3|   11|         33|
    |C_1_7_2_d0                            |  14|          3|   32|         96|
    |C_1_7_2_d1                            |  14|          3|   32|         96|
    |C_1_7_3_address0                      |  14|          3|   11|         33|
    |C_1_7_3_address1                      |  14|          3|   11|         33|
    |C_1_7_3_d0                            |  14|          3|   32|         96|
    |C_1_7_3_d1                            |  14|          3|   32|         96|
    |C_1_8_0_address0                      |  14|          3|   11|         33|
    |C_1_8_0_address1                      |  14|          3|   11|         33|
    |C_1_8_0_d0                            |  14|          3|   32|         96|
    |C_1_8_0_d1                            |  14|          3|   32|         96|
    |C_1_8_1_address0                      |  14|          3|   11|         33|
    |C_1_8_1_address1                      |  14|          3|   11|         33|
    |C_1_8_1_d0                            |  14|          3|   32|         96|
    |C_1_8_1_d1                            |  14|          3|   32|         96|
    |C_1_8_2_address0                      |  14|          3|   11|         33|
    |C_1_8_2_address1                      |  14|          3|   11|         33|
    |C_1_8_2_d0                            |  14|          3|   32|         96|
    |C_1_8_2_d1                            |  14|          3|   32|         96|
    |C_1_8_3_address0                      |  14|          3|   11|         33|
    |C_1_8_3_address1                      |  14|          3|   11|         33|
    |C_1_8_3_d0                            |  14|          3|   32|         96|
    |C_1_8_3_d1                            |  14|          3|   32|         96|
    |C_1_9_0_address0                      |  14|          3|   11|         33|
    |C_1_9_0_address1                      |  14|          3|   11|         33|
    |C_1_9_0_d0                            |  14|          3|   32|         96|
    |C_1_9_0_d1                            |  14|          3|   32|         96|
    |C_1_9_1_address0                      |  14|          3|   11|         33|
    |C_1_9_1_address1                      |  14|          3|   11|         33|
    |C_1_9_1_d0                            |  14|          3|   32|         96|
    |C_1_9_1_d1                            |  14|          3|   32|         96|
    |C_1_9_2_address0                      |  14|          3|   11|         33|
    |C_1_9_2_address1                      |  14|          3|   11|         33|
    |C_1_9_2_d0                            |  14|          3|   32|         96|
    |C_1_9_2_d1                            |  14|          3|   32|         96|
    |C_1_9_3_address0                      |  14|          3|   11|         33|
    |C_1_9_3_address1                      |  14|          3|   11|         33|
    |C_1_9_3_d0                            |  14|          3|   32|         96|
    |C_1_9_3_d1                            |  14|          3|   32|         96|
    |ap_NS_fsm                             |  14|          3|    1|          3|
    |ap_done_int                           |   9|          2|    1|          2|
    |ap_enable_reg_pp0_iter0               |   9|          2|    1|          2|
    |ap_enable_reg_pp0_iter1               |   9|          2|    1|          2|
    |ap_sig_allocacmp_d0_load              |   9|          2|    4|          8|
    |ap_sig_allocacmp_d1_load              |   9|          2|    8|         16|
    |ap_sig_allocacmp_indvar_flatten_load  |   9|          2|    8|         16|
    |d0_fu_240                             |   9|          2|    4|          8|
    |d1_fu_236                             |   9|          2|    8|         16|
    |fifo_C_from_off_chip_to_S3_blk_n      |   9|          2|    1|          2|
    |indvar_flatten_fu_244                 |   9|          2|    8|         16|
    +--------------------------------------+----+-----------+-----+-----------+
    |Total                                 |2344|        503| 3485|      10411|
    +--------------------------------------+----+-----------+-----+-----------+

    * Register: 
    +----------------------------------+----+----+-----+-----------+
    |               Name               | FF | LUT| Bits| Const Bits|
    +----------------------------------+----+----+-----+-----------+
    |ap_CS_fsm                         |   2|   0|    2|          0|
    |ap_done_reg                       |   1|   0|    1|          0|
    |ap_enable_reg_pp0_iter0_reg       |   1|   0|    1|          0|
    |ap_enable_reg_pp0_iter1           |   1|   0|    1|          0|
    |ap_enable_reg_pp0_iter2           |   1|   0|    1|          0|
    |ap_enable_reg_pp0_iter3           |   1|   0|    1|          0|
    |ap_enable_reg_pp0_iter4           |   1|   0|    1|          0|
    |ap_enable_reg_pp0_iter5           |   1|   0|    1|          0|
    |ap_enable_reg_pp0_iter6           |   1|   0|    1|          0|
    |ap_loop_exit_ready_pp0_iter1_reg  |   1|   0|    1|          0|
    |ap_loop_exit_ready_pp0_iter2_reg  |   1|   0|    1|          0|
    |ap_loop_exit_ready_pp0_iter3_reg  |   1|   0|    1|          0|
    |ap_loop_exit_ready_pp0_iter4_reg  |   1|   0|    1|          0|
    |ap_loop_exit_ready_pp0_iter5_reg  |   1|   0|    1|          0|
    |bitcast_ln756_8_reg_2769          |  32|   0|   32|          0|
    |d0_fu_240                         |   4|   0|    4|          0|
    |d1_fu_236                         |   8|   0|    8|          0|
    |icmp_ln753_reg_2696               |   1|   0|    1|          0|
    |indvar_flatten_fu_244             |   8|   0|    8|          0|
    |lshr_ln_reg_2705                  |   6|   0|    6|          0|
    |select_ln753_1_reg_2700           |   4|   0|    4|          0|
    |sub_ln757_reg_2724                |   8|   0|   11|          3|
    |tmp_300_reg_2718                  |   5|   0|    5|          0|
    |trunc_ln754_reg_2730              |   4|   0|    4|          0|
    |trunc_ln756_10_reg_2744           |  32|   0|   32|          0|
    |trunc_ln756_11_reg_2749           |  32|   0|   32|          0|
    |trunc_ln756_12_reg_2754           |  32|   0|   32|          0|
    |trunc_ln756_13_reg_2759           |  32|   0|   32|          0|
    |trunc_ln756_14_reg_2764           |  32|   0|   32|          0|
    |trunc_ln756_8_reg_2734            |  32|   0|   32|          0|
    |trunc_ln756_9_reg_2739            |  32|   0|   32|          0|
    |zext_ln753_cast_reg_2691          |   6|   0|    7|          1|
    |lshr_ln_reg_2705                  |  64|  32|    6|          0|
    |tmp_300_reg_2718                  |  64|  32|    5|          0|
    +----------------------------------+----+----+-----+-----------+
    |Total                             | 453|  64|  340|          4|
    +----------------------------------+----+----+-----+-----------+



================================================================
== Interface
================================================================
* Summary: 
+-------------------------------------------+-----+-----+------------+-------------------------------------------------------+--------------+
|                 RTL Ports                 | Dir | Bits|  Protocol  |                     Source Object                     |    C Type    |
+-------------------------------------------+-----+-----+------------+-------------------------------------------------------+--------------+
|ap_clk                                     |   in|    1|  ap_ctrl_hs|  read_C_FT1_Pipeline_VITIS_LOOP_753_1_VITIS_LOOP_754_2|  return value|
|ap_rst                                     |   in|    1|  ap_ctrl_hs|  read_C_FT1_Pipeline_VITIS_LOOP_753_1_VITIS_LOOP_754_2|  return value|
|ap_start                                   |   in|    1|  ap_ctrl_hs|  read_C_FT1_Pipeline_VITIS_LOOP_753_1_VITIS_LOOP_754_2|  return value|
|ap_done                                    |  out|    1|  ap_ctrl_hs|  read_C_FT1_Pipeline_VITIS_LOOP_753_1_VITIS_LOOP_754_2|  return value|
|ap_idle                                    |  out|    1|  ap_ctrl_hs|  read_C_FT1_Pipeline_VITIS_LOOP_753_1_VITIS_LOOP_754_2|  return value|
|ap_ready                                   |  out|    1|  ap_ctrl_hs|  read_C_FT1_Pipeline_VITIS_LOOP_753_1_VITIS_LOOP_754_2|  return value|
|zext_ln753                                 |   in|    6|     ap_none|                                             zext_ln753|        scalar|
|p_shl_i                                    |   in|    8|     ap_none|                                                p_shl_i|        scalar|
|C_1_0_0_address0                           |  out|   11|   ap_memory|                                                C_1_0_0|         array|
|C_1_0_0_ce0                                |  out|    1|   ap_memory|                                                C_1_0_0|         array|
|C_1_0_0_we0                                |  out|    1|   ap_memory|                                                C_1_0_0|         array|
|C_1_0_0_d0                                 |  out|   32|   ap_memory|                                                C_1_0_0|         array|
|C_1_0_0_address1                           |  out|   11|   ap_memory|                                                C_1_0_0|         array|
|C_1_0_0_ce1                                |  out|    1|   ap_memory|                                                C_1_0_0|         array|
|C_1_0_0_we1                                |  out|    1|   ap_memory|                                                C_1_0_0|         array|
|C_1_0_0_d1                                 |  out|   32|   ap_memory|                                                C_1_0_0|         array|
|C_1_0_1_address0                           |  out|   11|   ap_memory|                                                C_1_0_1|         array|
|C_1_0_1_ce0                                |  out|    1|   ap_memory|                                                C_1_0_1|         array|
|C_1_0_1_we0                                |  out|    1|   ap_memory|                                                C_1_0_1|         array|
|C_1_0_1_d0                                 |  out|   32|   ap_memory|                                                C_1_0_1|         array|
|C_1_0_1_address1                           |  out|   11|   ap_memory|                                                C_1_0_1|         array|
|C_1_0_1_ce1                                |  out|    1|   ap_memory|                                                C_1_0_1|         array|
|C_1_0_1_we1                                |  out|    1|   ap_memory|                                                C_1_0_1|         array|
|C_1_0_1_d1                                 |  out|   32|   ap_memory|                                                C_1_0_1|         array|
|C_1_0_2_address0                           |  out|   11|   ap_memory|                                                C_1_0_2|         array|
|C_1_0_2_ce0                                |  out|    1|   ap_memory|                                                C_1_0_2|         array|
|C_1_0_2_we0                                |  out|    1|   ap_memory|                                                C_1_0_2|         array|
|C_1_0_2_d0                                 |  out|   32|   ap_memory|                                                C_1_0_2|         array|
|C_1_0_2_address1                           |  out|   11|   ap_memory|                                                C_1_0_2|         array|
|C_1_0_2_ce1                                |  out|    1|   ap_memory|                                                C_1_0_2|         array|
|C_1_0_2_we1                                |  out|    1|   ap_memory|                                                C_1_0_2|         array|
|C_1_0_2_d1                                 |  out|   32|   ap_memory|                                                C_1_0_2|         array|
|C_1_0_3_address0                           |  out|   11|   ap_memory|                                                C_1_0_3|         array|
|C_1_0_3_ce0                                |  out|    1|   ap_memory|                                                C_1_0_3|         array|
|C_1_0_3_we0                                |  out|    1|   ap_memory|                                                C_1_0_3|         array|
|C_1_0_3_d0                                 |  out|   32|   ap_memory|                                                C_1_0_3|         array|
|C_1_0_3_address1                           |  out|   11|   ap_memory|                                                C_1_0_3|         array|
|C_1_0_3_ce1                                |  out|    1|   ap_memory|                                                C_1_0_3|         array|
|C_1_0_3_we1                                |  out|    1|   ap_memory|                                                C_1_0_3|         array|
|C_1_0_3_d1                                 |  out|   32|   ap_memory|                                                C_1_0_3|         array|
|C_1_1_0_address0                           |  out|   11|   ap_memory|                                                C_1_1_0|         array|
|C_1_1_0_ce0                                |  out|    1|   ap_memory|                                                C_1_1_0|         array|
|C_1_1_0_we0                                |  out|    1|   ap_memory|                                                C_1_1_0|         array|
|C_1_1_0_d0                                 |  out|   32|   ap_memory|                                                C_1_1_0|         array|
|C_1_1_0_address1                           |  out|   11|   ap_memory|                                                C_1_1_0|         array|
|C_1_1_0_ce1                                |  out|    1|   ap_memory|                                                C_1_1_0|         array|
|C_1_1_0_we1                                |  out|    1|   ap_memory|                                                C_1_1_0|         array|
|C_1_1_0_d1                                 |  out|   32|   ap_memory|                                                C_1_1_0|         array|
|C_1_1_1_address0                           |  out|   11|   ap_memory|                                                C_1_1_1|         array|
|C_1_1_1_ce0                                |  out|    1|   ap_memory|                                                C_1_1_1|         array|
|C_1_1_1_we0                                |  out|    1|   ap_memory|                                                C_1_1_1|         array|
|C_1_1_1_d0                                 |  out|   32|   ap_memory|                                                C_1_1_1|         array|
|C_1_1_1_address1                           |  out|   11|   ap_memory|                                                C_1_1_1|         array|
|C_1_1_1_ce1                                |  out|    1|   ap_memory|                                                C_1_1_1|         array|
|C_1_1_1_we1                                |  out|    1|   ap_memory|                                                C_1_1_1|         array|
|C_1_1_1_d1                                 |  out|   32|   ap_memory|                                                C_1_1_1|         array|
|C_1_1_2_address0                           |  out|   11|   ap_memory|                                                C_1_1_2|         array|
|C_1_1_2_ce0                                |  out|    1|   ap_memory|                                                C_1_1_2|         array|
|C_1_1_2_we0                                |  out|    1|   ap_memory|                                                C_1_1_2|         array|
|C_1_1_2_d0                                 |  out|   32|   ap_memory|                                                C_1_1_2|         array|
|C_1_1_2_address1                           |  out|   11|   ap_memory|                                                C_1_1_2|         array|
|C_1_1_2_ce1                                |  out|    1|   ap_memory|                                                C_1_1_2|         array|
|C_1_1_2_we1                                |  out|    1|   ap_memory|                                                C_1_1_2|         array|
|C_1_1_2_d1                                 |  out|   32|   ap_memory|                                                C_1_1_2|         array|
|C_1_1_3_address0                           |  out|   11|   ap_memory|                                                C_1_1_3|         array|
|C_1_1_3_ce0                                |  out|    1|   ap_memory|                                                C_1_1_3|         array|
|C_1_1_3_we0                                |  out|    1|   ap_memory|                                                C_1_1_3|         array|
|C_1_1_3_d0                                 |  out|   32|   ap_memory|                                                C_1_1_3|         array|
|C_1_1_3_address1                           |  out|   11|   ap_memory|                                                C_1_1_3|         array|
|C_1_1_3_ce1                                |  out|    1|   ap_memory|                                                C_1_1_3|         array|
|C_1_1_3_we1                                |  out|    1|   ap_memory|                                                C_1_1_3|         array|
|C_1_1_3_d1                                 |  out|   32|   ap_memory|                                                C_1_1_3|         array|
|C_1_2_0_address0                           |  out|   11|   ap_memory|                                                C_1_2_0|         array|
|C_1_2_0_ce0                                |  out|    1|   ap_memory|                                                C_1_2_0|         array|
|C_1_2_0_we0                                |  out|    1|   ap_memory|                                                C_1_2_0|         array|
|C_1_2_0_d0                                 |  out|   32|   ap_memory|                                                C_1_2_0|         array|
|C_1_2_0_address1                           |  out|   11|   ap_memory|                                                C_1_2_0|         array|
|C_1_2_0_ce1                                |  out|    1|   ap_memory|                                                C_1_2_0|         array|
|C_1_2_0_we1                                |  out|    1|   ap_memory|                                                C_1_2_0|         array|
|C_1_2_0_d1                                 |  out|   32|   ap_memory|                                                C_1_2_0|         array|
|C_1_2_1_address0                           |  out|   11|   ap_memory|                                                C_1_2_1|         array|
|C_1_2_1_ce0                                |  out|    1|   ap_memory|                                                C_1_2_1|         array|
|C_1_2_1_we0                                |  out|    1|   ap_memory|                                                C_1_2_1|         array|
|C_1_2_1_d0                                 |  out|   32|   ap_memory|                                                C_1_2_1|         array|
|C_1_2_1_address1                           |  out|   11|   ap_memory|                                                C_1_2_1|         array|
|C_1_2_1_ce1                                |  out|    1|   ap_memory|                                                C_1_2_1|         array|
|C_1_2_1_we1                                |  out|    1|   ap_memory|                                                C_1_2_1|         array|
|C_1_2_1_d1                                 |  out|   32|   ap_memory|                                                C_1_2_1|         array|
|C_1_2_2_address0                           |  out|   11|   ap_memory|                                                C_1_2_2|         array|
|C_1_2_2_ce0                                |  out|    1|   ap_memory|                                                C_1_2_2|         array|
|C_1_2_2_we0                                |  out|    1|   ap_memory|                                                C_1_2_2|         array|
|C_1_2_2_d0                                 |  out|   32|   ap_memory|                                                C_1_2_2|         array|
|C_1_2_2_address1                           |  out|   11|   ap_memory|                                                C_1_2_2|         array|
|C_1_2_2_ce1                                |  out|    1|   ap_memory|                                                C_1_2_2|         array|
|C_1_2_2_we1                                |  out|    1|   ap_memory|                                                C_1_2_2|         array|
|C_1_2_2_d1                                 |  out|   32|   ap_memory|                                                C_1_2_2|         array|
|C_1_2_3_address0                           |  out|   11|   ap_memory|                                                C_1_2_3|         array|
|C_1_2_3_ce0                                |  out|    1|   ap_memory|                                                C_1_2_3|         array|
|C_1_2_3_we0                                |  out|    1|   ap_memory|                                                C_1_2_3|         array|
|C_1_2_3_d0                                 |  out|   32|   ap_memory|                                                C_1_2_3|         array|
|C_1_2_3_address1                           |  out|   11|   ap_memory|                                                C_1_2_3|         array|
|C_1_2_3_ce1                                |  out|    1|   ap_memory|                                                C_1_2_3|         array|
|C_1_2_3_we1                                |  out|    1|   ap_memory|                                                C_1_2_3|         array|
|C_1_2_3_d1                                 |  out|   32|   ap_memory|                                                C_1_2_3|         array|
|C_1_3_0_address0                           |  out|   11|   ap_memory|                                                C_1_3_0|         array|
|C_1_3_0_ce0                                |  out|    1|   ap_memory|                                                C_1_3_0|         array|
|C_1_3_0_we0                                |  out|    1|   ap_memory|                                                C_1_3_0|         array|
|C_1_3_0_d0                                 |  out|   32|   ap_memory|                                                C_1_3_0|         array|
|C_1_3_0_address1                           |  out|   11|   ap_memory|                                                C_1_3_0|         array|
|C_1_3_0_ce1                                |  out|    1|   ap_memory|                                                C_1_3_0|         array|
|C_1_3_0_we1                                |  out|    1|   ap_memory|                                                C_1_3_0|         array|
|C_1_3_0_d1                                 |  out|   32|   ap_memory|                                                C_1_3_0|         array|
|C_1_3_1_address0                           |  out|   11|   ap_memory|                                                C_1_3_1|         array|
|C_1_3_1_ce0                                |  out|    1|   ap_memory|                                                C_1_3_1|         array|
|C_1_3_1_we0                                |  out|    1|   ap_memory|                                                C_1_3_1|         array|
|C_1_3_1_d0                                 |  out|   32|   ap_memory|                                                C_1_3_1|         array|
|C_1_3_1_address1                           |  out|   11|   ap_memory|                                                C_1_3_1|         array|
|C_1_3_1_ce1                                |  out|    1|   ap_memory|                                                C_1_3_1|         array|
|C_1_3_1_we1                                |  out|    1|   ap_memory|                                                C_1_3_1|         array|
|C_1_3_1_d1                                 |  out|   32|   ap_memory|                                                C_1_3_1|         array|
|C_1_3_2_address0                           |  out|   11|   ap_memory|                                                C_1_3_2|         array|
|C_1_3_2_ce0                                |  out|    1|   ap_memory|                                                C_1_3_2|         array|
|C_1_3_2_we0                                |  out|    1|   ap_memory|                                                C_1_3_2|         array|
|C_1_3_2_d0                                 |  out|   32|   ap_memory|                                                C_1_3_2|         array|
|C_1_3_2_address1                           |  out|   11|   ap_memory|                                                C_1_3_2|         array|
|C_1_3_2_ce1                                |  out|    1|   ap_memory|                                                C_1_3_2|         array|
|C_1_3_2_we1                                |  out|    1|   ap_memory|                                                C_1_3_2|         array|
|C_1_3_2_d1                                 |  out|   32|   ap_memory|                                                C_1_3_2|         array|
|C_1_3_3_address0                           |  out|   11|   ap_memory|                                                C_1_3_3|         array|
|C_1_3_3_ce0                                |  out|    1|   ap_memory|                                                C_1_3_3|         array|
|C_1_3_3_we0                                |  out|    1|   ap_memory|                                                C_1_3_3|         array|
|C_1_3_3_d0                                 |  out|   32|   ap_memory|                                                C_1_3_3|         array|
|C_1_3_3_address1                           |  out|   11|   ap_memory|                                                C_1_3_3|         array|
|C_1_3_3_ce1                                |  out|    1|   ap_memory|                                                C_1_3_3|         array|
|C_1_3_3_we1                                |  out|    1|   ap_memory|                                                C_1_3_3|         array|
|C_1_3_3_d1                                 |  out|   32|   ap_memory|                                                C_1_3_3|         array|
|C_1_4_0_address0                           |  out|   11|   ap_memory|                                                C_1_4_0|         array|
|C_1_4_0_ce0                                |  out|    1|   ap_memory|                                                C_1_4_0|         array|
|C_1_4_0_we0                                |  out|    1|   ap_memory|                                                C_1_4_0|         array|
|C_1_4_0_d0                                 |  out|   32|   ap_memory|                                                C_1_4_0|         array|
|C_1_4_0_address1                           |  out|   11|   ap_memory|                                                C_1_4_0|         array|
|C_1_4_0_ce1                                |  out|    1|   ap_memory|                                                C_1_4_0|         array|
|C_1_4_0_we1                                |  out|    1|   ap_memory|                                                C_1_4_0|         array|
|C_1_4_0_d1                                 |  out|   32|   ap_memory|                                                C_1_4_0|         array|
|C_1_4_1_address0                           |  out|   11|   ap_memory|                                                C_1_4_1|         array|
|C_1_4_1_ce0                                |  out|    1|   ap_memory|                                                C_1_4_1|         array|
|C_1_4_1_we0                                |  out|    1|   ap_memory|                                                C_1_4_1|         array|
|C_1_4_1_d0                                 |  out|   32|   ap_memory|                                                C_1_4_1|         array|
|C_1_4_1_address1                           |  out|   11|   ap_memory|                                                C_1_4_1|         array|
|C_1_4_1_ce1                                |  out|    1|   ap_memory|                                                C_1_4_1|         array|
|C_1_4_1_we1                                |  out|    1|   ap_memory|                                                C_1_4_1|         array|
|C_1_4_1_d1                                 |  out|   32|   ap_memory|                                                C_1_4_1|         array|
|C_1_4_2_address0                           |  out|   11|   ap_memory|                                                C_1_4_2|         array|
|C_1_4_2_ce0                                |  out|    1|   ap_memory|                                                C_1_4_2|         array|
|C_1_4_2_we0                                |  out|    1|   ap_memory|                                                C_1_4_2|         array|
|C_1_4_2_d0                                 |  out|   32|   ap_memory|                                                C_1_4_2|         array|
|C_1_4_2_address1                           |  out|   11|   ap_memory|                                                C_1_4_2|         array|
|C_1_4_2_ce1                                |  out|    1|   ap_memory|                                                C_1_4_2|         array|
|C_1_4_2_we1                                |  out|    1|   ap_memory|                                                C_1_4_2|         array|
|C_1_4_2_d1                                 |  out|   32|   ap_memory|                                                C_1_4_2|         array|
|C_1_4_3_address0                           |  out|   11|   ap_memory|                                                C_1_4_3|         array|
|C_1_4_3_ce0                                |  out|    1|   ap_memory|                                                C_1_4_3|         array|
|C_1_4_3_we0                                |  out|    1|   ap_memory|                                                C_1_4_3|         array|
|C_1_4_3_d0                                 |  out|   32|   ap_memory|                                                C_1_4_3|         array|
|C_1_4_3_address1                           |  out|   11|   ap_memory|                                                C_1_4_3|         array|
|C_1_4_3_ce1                                |  out|    1|   ap_memory|                                                C_1_4_3|         array|
|C_1_4_3_we1                                |  out|    1|   ap_memory|                                                C_1_4_3|         array|
|C_1_4_3_d1                                 |  out|   32|   ap_memory|                                                C_1_4_3|         array|
|C_1_5_0_address0                           |  out|   11|   ap_memory|                                                C_1_5_0|         array|
|C_1_5_0_ce0                                |  out|    1|   ap_memory|                                                C_1_5_0|         array|
|C_1_5_0_we0                                |  out|    1|   ap_memory|                                                C_1_5_0|         array|
|C_1_5_0_d0                                 |  out|   32|   ap_memory|                                                C_1_5_0|         array|
|C_1_5_0_address1                           |  out|   11|   ap_memory|                                                C_1_5_0|         array|
|C_1_5_0_ce1                                |  out|    1|   ap_memory|                                                C_1_5_0|         array|
|C_1_5_0_we1                                |  out|    1|   ap_memory|                                                C_1_5_0|         array|
|C_1_5_0_d1                                 |  out|   32|   ap_memory|                                                C_1_5_0|         array|
|C_1_5_1_address0                           |  out|   11|   ap_memory|                                                C_1_5_1|         array|
|C_1_5_1_ce0                                |  out|    1|   ap_memory|                                                C_1_5_1|         array|
|C_1_5_1_we0                                |  out|    1|   ap_memory|                                                C_1_5_1|         array|
|C_1_5_1_d0                                 |  out|   32|   ap_memory|                                                C_1_5_1|         array|
|C_1_5_1_address1                           |  out|   11|   ap_memory|                                                C_1_5_1|         array|
|C_1_5_1_ce1                                |  out|    1|   ap_memory|                                                C_1_5_1|         array|
|C_1_5_1_we1                                |  out|    1|   ap_memory|                                                C_1_5_1|         array|
|C_1_5_1_d1                                 |  out|   32|   ap_memory|                                                C_1_5_1|         array|
|C_1_5_2_address0                           |  out|   11|   ap_memory|                                                C_1_5_2|         array|
|C_1_5_2_ce0                                |  out|    1|   ap_memory|                                                C_1_5_2|         array|
|C_1_5_2_we0                                |  out|    1|   ap_memory|                                                C_1_5_2|         array|
|C_1_5_2_d0                                 |  out|   32|   ap_memory|                                                C_1_5_2|         array|
|C_1_5_2_address1                           |  out|   11|   ap_memory|                                                C_1_5_2|         array|
|C_1_5_2_ce1                                |  out|    1|   ap_memory|                                                C_1_5_2|         array|
|C_1_5_2_we1                                |  out|    1|   ap_memory|                                                C_1_5_2|         array|
|C_1_5_2_d1                                 |  out|   32|   ap_memory|                                                C_1_5_2|         array|
|C_1_5_3_address0                           |  out|   11|   ap_memory|                                                C_1_5_3|         array|
|C_1_5_3_ce0                                |  out|    1|   ap_memory|                                                C_1_5_3|         array|
|C_1_5_3_we0                                |  out|    1|   ap_memory|                                                C_1_5_3|         array|
|C_1_5_3_d0                                 |  out|   32|   ap_memory|                                                C_1_5_3|         array|
|C_1_5_3_address1                           |  out|   11|   ap_memory|                                                C_1_5_3|         array|
|C_1_5_3_ce1                                |  out|    1|   ap_memory|                                                C_1_5_3|         array|
|C_1_5_3_we1                                |  out|    1|   ap_memory|                                                C_1_5_3|         array|
|C_1_5_3_d1                                 |  out|   32|   ap_memory|                                                C_1_5_3|         array|
|C_1_6_0_address0                           |  out|   11|   ap_memory|                                                C_1_6_0|         array|
|C_1_6_0_ce0                                |  out|    1|   ap_memory|                                                C_1_6_0|         array|
|C_1_6_0_we0                                |  out|    1|   ap_memory|                                                C_1_6_0|         array|
|C_1_6_0_d0                                 |  out|   32|   ap_memory|                                                C_1_6_0|         array|
|C_1_6_0_address1                           |  out|   11|   ap_memory|                                                C_1_6_0|         array|
|C_1_6_0_ce1                                |  out|    1|   ap_memory|                                                C_1_6_0|         array|
|C_1_6_0_we1                                |  out|    1|   ap_memory|                                                C_1_6_0|         array|
|C_1_6_0_d1                                 |  out|   32|   ap_memory|                                                C_1_6_0|         array|
|C_1_6_1_address0                           |  out|   11|   ap_memory|                                                C_1_6_1|         array|
|C_1_6_1_ce0                                |  out|    1|   ap_memory|                                                C_1_6_1|         array|
|C_1_6_1_we0                                |  out|    1|   ap_memory|                                                C_1_6_1|         array|
|C_1_6_1_d0                                 |  out|   32|   ap_memory|                                                C_1_6_1|         array|
|C_1_6_1_address1                           |  out|   11|   ap_memory|                                                C_1_6_1|         array|
|C_1_6_1_ce1                                |  out|    1|   ap_memory|                                                C_1_6_1|         array|
|C_1_6_1_we1                                |  out|    1|   ap_memory|                                                C_1_6_1|         array|
|C_1_6_1_d1                                 |  out|   32|   ap_memory|                                                C_1_6_1|         array|
|C_1_6_2_address0                           |  out|   11|   ap_memory|                                                C_1_6_2|         array|
|C_1_6_2_ce0                                |  out|    1|   ap_memory|                                                C_1_6_2|         array|
|C_1_6_2_we0                                |  out|    1|   ap_memory|                                                C_1_6_2|         array|
|C_1_6_2_d0                                 |  out|   32|   ap_memory|                                                C_1_6_2|         array|
|C_1_6_2_address1                           |  out|   11|   ap_memory|                                                C_1_6_2|         array|
|C_1_6_2_ce1                                |  out|    1|   ap_memory|                                                C_1_6_2|         array|
|C_1_6_2_we1                                |  out|    1|   ap_memory|                                                C_1_6_2|         array|
|C_1_6_2_d1                                 |  out|   32|   ap_memory|                                                C_1_6_2|         array|
|C_1_6_3_address0                           |  out|   11|   ap_memory|                                                C_1_6_3|         array|
|C_1_6_3_ce0                                |  out|    1|   ap_memory|                                                C_1_6_3|         array|
|C_1_6_3_we0                                |  out|    1|   ap_memory|                                                C_1_6_3|         array|
|C_1_6_3_d0                                 |  out|   32|   ap_memory|                                                C_1_6_3|         array|
|C_1_6_3_address1                           |  out|   11|   ap_memory|                                                C_1_6_3|         array|
|C_1_6_3_ce1                                |  out|    1|   ap_memory|                                                C_1_6_3|         array|
|C_1_6_3_we1                                |  out|    1|   ap_memory|                                                C_1_6_3|         array|
|C_1_6_3_d1                                 |  out|   32|   ap_memory|                                                C_1_6_3|         array|
|C_1_7_0_address0                           |  out|   11|   ap_memory|                                                C_1_7_0|         array|
|C_1_7_0_ce0                                |  out|    1|   ap_memory|                                                C_1_7_0|         array|
|C_1_7_0_we0                                |  out|    1|   ap_memory|                                                C_1_7_0|         array|
|C_1_7_0_d0                                 |  out|   32|   ap_memory|                                                C_1_7_0|         array|
|C_1_7_0_address1                           |  out|   11|   ap_memory|                                                C_1_7_0|         array|
|C_1_7_0_ce1                                |  out|    1|   ap_memory|                                                C_1_7_0|         array|
|C_1_7_0_we1                                |  out|    1|   ap_memory|                                                C_1_7_0|         array|
|C_1_7_0_d1                                 |  out|   32|   ap_memory|                                                C_1_7_0|         array|
|C_1_7_1_address0                           |  out|   11|   ap_memory|                                                C_1_7_1|         array|
|C_1_7_1_ce0                                |  out|    1|   ap_memory|                                                C_1_7_1|         array|
|C_1_7_1_we0                                |  out|    1|   ap_memory|                                                C_1_7_1|         array|
|C_1_7_1_d0                                 |  out|   32|   ap_memory|                                                C_1_7_1|         array|
|C_1_7_1_address1                           |  out|   11|   ap_memory|                                                C_1_7_1|         array|
|C_1_7_1_ce1                                |  out|    1|   ap_memory|                                                C_1_7_1|         array|
|C_1_7_1_we1                                |  out|    1|   ap_memory|                                                C_1_7_1|         array|
|C_1_7_1_d1                                 |  out|   32|   ap_memory|                                                C_1_7_1|         array|
|C_1_7_2_address0                           |  out|   11|   ap_memory|                                                C_1_7_2|         array|
|C_1_7_2_ce0                                |  out|    1|   ap_memory|                                                C_1_7_2|         array|
|C_1_7_2_we0                                |  out|    1|   ap_memory|                                                C_1_7_2|         array|
|C_1_7_2_d0                                 |  out|   32|   ap_memory|                                                C_1_7_2|         array|
|C_1_7_2_address1                           |  out|   11|   ap_memory|                                                C_1_7_2|         array|
|C_1_7_2_ce1                                |  out|    1|   ap_memory|                                                C_1_7_2|         array|
|C_1_7_2_we1                                |  out|    1|   ap_memory|                                                C_1_7_2|         array|
|C_1_7_2_d1                                 |  out|   32|   ap_memory|                                                C_1_7_2|         array|
|C_1_7_3_address0                           |  out|   11|   ap_memory|                                                C_1_7_3|         array|
|C_1_7_3_ce0                                |  out|    1|   ap_memory|                                                C_1_7_3|         array|
|C_1_7_3_we0                                |  out|    1|   ap_memory|                                                C_1_7_3|         array|
|C_1_7_3_d0                                 |  out|   32|   ap_memory|                                                C_1_7_3|         array|
|C_1_7_3_address1                           |  out|   11|   ap_memory|                                                C_1_7_3|         array|
|C_1_7_3_ce1                                |  out|    1|   ap_memory|                                                C_1_7_3|         array|
|C_1_7_3_we1                                |  out|    1|   ap_memory|                                                C_1_7_3|         array|
|C_1_7_3_d1                                 |  out|   32|   ap_memory|                                                C_1_7_3|         array|
|C_1_8_0_address0                           |  out|   11|   ap_memory|                                                C_1_8_0|         array|
|C_1_8_0_ce0                                |  out|    1|   ap_memory|                                                C_1_8_0|         array|
|C_1_8_0_we0                                |  out|    1|   ap_memory|                                                C_1_8_0|         array|
|C_1_8_0_d0                                 |  out|   32|   ap_memory|                                                C_1_8_0|         array|
|C_1_8_0_address1                           |  out|   11|   ap_memory|                                                C_1_8_0|         array|
|C_1_8_0_ce1                                |  out|    1|   ap_memory|                                                C_1_8_0|         array|
|C_1_8_0_we1                                |  out|    1|   ap_memory|                                                C_1_8_0|         array|
|C_1_8_0_d1                                 |  out|   32|   ap_memory|                                                C_1_8_0|         array|
|C_1_8_1_address0                           |  out|   11|   ap_memory|                                                C_1_8_1|         array|
|C_1_8_1_ce0                                |  out|    1|   ap_memory|                                                C_1_8_1|         array|
|C_1_8_1_we0                                |  out|    1|   ap_memory|                                                C_1_8_1|         array|
|C_1_8_1_d0                                 |  out|   32|   ap_memory|                                                C_1_8_1|         array|
|C_1_8_1_address1                           |  out|   11|   ap_memory|                                                C_1_8_1|         array|
|C_1_8_1_ce1                                |  out|    1|   ap_memory|                                                C_1_8_1|         array|
|C_1_8_1_we1                                |  out|    1|   ap_memory|                                                C_1_8_1|         array|
|C_1_8_1_d1                                 |  out|   32|   ap_memory|                                                C_1_8_1|         array|
|C_1_8_2_address0                           |  out|   11|   ap_memory|                                                C_1_8_2|         array|
|C_1_8_2_ce0                                |  out|    1|   ap_memory|                                                C_1_8_2|         array|
|C_1_8_2_we0                                |  out|    1|   ap_memory|                                                C_1_8_2|         array|
|C_1_8_2_d0                                 |  out|   32|   ap_memory|                                                C_1_8_2|         array|
|C_1_8_2_address1                           |  out|   11|   ap_memory|                                                C_1_8_2|         array|
|C_1_8_2_ce1                                |  out|    1|   ap_memory|                                                C_1_8_2|         array|
|C_1_8_2_we1                                |  out|    1|   ap_memory|                                                C_1_8_2|         array|
|C_1_8_2_d1                                 |  out|   32|   ap_memory|                                                C_1_8_2|         array|
|C_1_8_3_address0                           |  out|   11|   ap_memory|                                                C_1_8_3|         array|
|C_1_8_3_ce0                                |  out|    1|   ap_memory|                                                C_1_8_3|         array|
|C_1_8_3_we0                                |  out|    1|   ap_memory|                                                C_1_8_3|         array|
|C_1_8_3_d0                                 |  out|   32|   ap_memory|                                                C_1_8_3|         array|
|C_1_8_3_address1                           |  out|   11|   ap_memory|                                                C_1_8_3|         array|
|C_1_8_3_ce1                                |  out|    1|   ap_memory|                                                C_1_8_3|         array|
|C_1_8_3_we1                                |  out|    1|   ap_memory|                                                C_1_8_3|         array|
|C_1_8_3_d1                                 |  out|   32|   ap_memory|                                                C_1_8_3|         array|
|C_1_9_0_address0                           |  out|   11|   ap_memory|                                                C_1_9_0|         array|
|C_1_9_0_ce0                                |  out|    1|   ap_memory|                                                C_1_9_0|         array|
|C_1_9_0_we0                                |  out|    1|   ap_memory|                                                C_1_9_0|         array|
|C_1_9_0_d0                                 |  out|   32|   ap_memory|                                                C_1_9_0|         array|
|C_1_9_0_address1                           |  out|   11|   ap_memory|                                                C_1_9_0|         array|
|C_1_9_0_ce1                                |  out|    1|   ap_memory|                                                C_1_9_0|         array|
|C_1_9_0_we1                                |  out|    1|   ap_memory|                                                C_1_9_0|         array|
|C_1_9_0_d1                                 |  out|   32|   ap_memory|                                                C_1_9_0|         array|
|C_1_9_1_address0                           |  out|   11|   ap_memory|                                                C_1_9_1|         array|
|C_1_9_1_ce0                                |  out|    1|   ap_memory|                                                C_1_9_1|         array|
|C_1_9_1_we0                                |  out|    1|   ap_memory|                                                C_1_9_1|         array|
|C_1_9_1_d0                                 |  out|   32|   ap_memory|                                                C_1_9_1|         array|
|C_1_9_1_address1                           |  out|   11|   ap_memory|                                                C_1_9_1|         array|
|C_1_9_1_ce1                                |  out|    1|   ap_memory|                                                C_1_9_1|         array|
|C_1_9_1_we1                                |  out|    1|   ap_memory|                                                C_1_9_1|         array|
|C_1_9_1_d1                                 |  out|   32|   ap_memory|                                                C_1_9_1|         array|
|C_1_9_2_address0                           |  out|   11|   ap_memory|                                                C_1_9_2|         array|
|C_1_9_2_ce0                                |  out|    1|   ap_memory|                                                C_1_9_2|         array|
|C_1_9_2_we0                                |  out|    1|   ap_memory|                                                C_1_9_2|         array|
|C_1_9_2_d0                                 |  out|   32|   ap_memory|                                                C_1_9_2|         array|
|C_1_9_2_address1                           |  out|   11|   ap_memory|                                                C_1_9_2|         array|
|C_1_9_2_ce1                                |  out|    1|   ap_memory|                                                C_1_9_2|         array|
|C_1_9_2_we1                                |  out|    1|   ap_memory|                                                C_1_9_2|         array|
|C_1_9_2_d1                                 |  out|   32|   ap_memory|                                                C_1_9_2|         array|
|C_1_9_3_address0                           |  out|   11|   ap_memory|                                                C_1_9_3|         array|
|C_1_9_3_ce0                                |  out|    1|   ap_memory|                                                C_1_9_3|         array|
|C_1_9_3_we0                                |  out|    1|   ap_memory|                                                C_1_9_3|         array|
|C_1_9_3_d0                                 |  out|   32|   ap_memory|                                                C_1_9_3|         array|
|C_1_9_3_address1                           |  out|   11|   ap_memory|                                                C_1_9_3|         array|
|C_1_9_3_ce1                                |  out|    1|   ap_memory|                                                C_1_9_3|         array|
|C_1_9_3_we1                                |  out|    1|   ap_memory|                                                C_1_9_3|         array|
|C_1_9_3_d1                                 |  out|   32|   ap_memory|                                                C_1_9_3|         array|
|fifo_C_from_off_chip_to_S3_dout            |   in|  512|     ap_fifo|                             fifo_C_from_off_chip_to_S3|       pointer|
|fifo_C_from_off_chip_to_S3_num_data_valid  |   in|   11|     ap_fifo|                             fifo_C_from_off_chip_to_S3|       pointer|
|fifo_C_from_off_chip_to_S3_fifo_cap        |   in|   11|     ap_fifo|                             fifo_C_from_off_chip_to_S3|       pointer|
|fifo_C_from_off_chip_to_S3_empty_n         |   in|    1|     ap_fifo|                             fifo_C_from_off_chip_to_S3|       pointer|
|fifo_C_from_off_chip_to_S3_read            |  out|    1|     ap_fifo|                             fifo_C_from_off_chip_to_S3|       pointer|
+-------------------------------------------+-----+-----+------------+-------------------------------------------------------+--------------+

