

================================================================
== Vitis HLS Report for 'task5_intra'
================================================================
* Date:           Thu Jan  2 11:39:49 2025

* Version:        2023.2 (Build 4023990 on Oct 11 2023)
* Project:        kernel_nlp_slr0
* Solution:       solution (Vitis Kernel Flow Target)
* Product family: virtexuplusHBM
* Target device:  xcu55c-fsvh2892-2L-e


================================================================
== Performance Estimates
================================================================
+ Timing: 
    * Summary: 
    +--------+---------+----------+------------+
    |  Clock |  Target | Estimated| Uncertainty|
    +--------+---------+----------+------------+
    |ap_clk  |  4.55 ns|  3.280 ns|     1.23 ns|
    +--------+---------+----------+------------+

+ Latency: 
    * Summary: 
    +---------+---------+----------+----------+-----+-----+---------+
    |  Latency (cycles) |  Latency (absolute) |  Interval | Pipeline|
    |   min   |   max   |    min   |    max   | min | max |   Type  |
    +---------+---------+----------+----------+-----+-----+---------+
    |      167|      167|  0.759 us|  0.759 us|  167|  167|       no|
    +---------+---------+----------+----------+-----+-----+---------+

    + Detail: 
        * Instance: 
        +---------------------------------------------------+---------------------------------------+---------+---------+----------+----------+-----+-----+---------+
        |                                                   |                                       |  Latency (cycles) |  Latency (absolute) |  Interval | Pipeline|
        |                      Instance                     |                 Module                |   min   |   max   |    min   |    max   | min | max |   Type  |
        +---------------------------------------------------+---------------------------------------+---------+---------+----------+----------+-----+-----+---------+
        |grp_task5_intra_Pipeline_VITIS_LOOP_576_1_fu_2106  |task5_intra_Pipeline_VITIS_LOOP_576_1  |      164|      164|  0.745 us|  0.745 us|  164|  164|       no|
        +---------------------------------------------------+---------------------------------------+---------+---------+----------+----------+-----+-----+---------+

        * Loop: 
        N/A



================================================================
== Utilization Estimates
================================================================
* Summary: 
+---------------------+---------+------+---------+---------+-----+
|         Name        | BRAM_18K|  DSP |    FF   |   LUT   | URAM|
+---------------------+---------+------+---------+---------+-----+
|DSP                  |        -|     -|        -|        -|    -|
|Expression           |        -|     -|        0|      299|    -|
|FIFO                 |        -|     -|        -|        -|    -|
|Instance             |        -|   549|    65833|    50915|    -|
|Memory               |        -|     -|        -|        -|    -|
|Multiplexer          |        -|     -|        -|      845|    -|
|Register             |        -|     -|     3029|        -|    -|
+---------------------+---------+------+---------+---------+-----+
|Total                |        0|   549|    68862|    52059|    0|
+---------------------+---------+------+---------+---------+-----+
|Available SLR        |     1344|  3008|   869120|   434560|  320|
+---------------------+---------+------+---------+---------+-----+
|Utilization SLR (%)  |        0|    18|        7|       11|    0|
+---------------------+---------+------+---------+---------+-----+
|Available            |     4032|  9024|  2607360|  1303680|  960|
+---------------------+---------+------+---------+---------+-----+
|Utilization (%)      |        0|     6|        2|        3|    0|
+---------------------+---------+------+---------+---------+-----+

+ Detail: 
    * Instance: 
    +---------------------------------------------------+---------------------------------------+---------+-----+-------+-------+-----+
    |                      Instance                     |                 Module                | BRAM_18K| DSP |   FF  |  LUT  | URAM|
    +---------------------------------------------------+---------------------------------------+---------+-----+-------+-------+-----+
    |mul_9ns_11ns_19_1_1_U6095                          |mul_9ns_11ns_19_1_1                    |        0|    1|      0|      6|    0|
    |mul_9ns_11ns_19_1_1_U6096                          |mul_9ns_11ns_19_1_1                    |        0|    1|      0|      6|    0|
    |mul_9ns_11ns_19_1_1_U6097                          |mul_9ns_11ns_19_1_1                    |        0|    1|      0|      6|    0|
    |mul_9ns_11ns_19_1_1_U6098                          |mul_9ns_11ns_19_1_1                    |        0|    1|      0|      6|    0|
    |mul_9ns_11ns_19_1_1_U6099                          |mul_9ns_11ns_19_1_1                    |        0|    1|      0|      6|    0|
    |mul_9ns_11ns_19_1_1_U6100                          |mul_9ns_11ns_19_1_1                    |        0|    1|      0|      6|    0|
    |mul_9ns_11ns_19_1_1_U6101                          |mul_9ns_11ns_19_1_1                    |        0|    1|      0|      6|    0|
    |mul_9ns_11ns_19_1_1_U6102                          |mul_9ns_11ns_19_1_1                    |        0|    1|      0|      6|    0|
    |mul_9ns_11ns_19_1_1_U6103                          |mul_9ns_11ns_19_1_1                    |        0|    1|      0|      6|    0|
    |grp_task5_intra_Pipeline_VITIS_LOOP_576_1_fu_2106  |task5_intra_Pipeline_VITIS_LOOP_576_1  |        0|  540|  65833|  50861|    0|
    +---------------------------------------------------+---------------------------------------+---------+-----+-------+-------+-----+
    |Total                                              |                                       |        0|  549|  65833|  50915|    0|
    +---------------------------------------------------+---------------------------------------+---------+-----+-------+-------+-----+

    * DSP: 
    N/A

    * Memory: 
    N/A

    * FIFO: 
    N/A

    * Expression: 
    +------------------------+----------+----+---+----+------------+------------+
    |      Variable Name     | Operation| DSP| FF| LUT| Bitwidth P0| Bitwidth P1|
    +------------------------+----------+----+---+----+------------+------------+
    |i_1_fu_2515_p2          |         +|   0|  0|  16|           9|           1|
    |i_2_fu_2509_p2          |         +|   0|  0|  16|           9|           2|
    |i_3_fu_2503_p2          |         +|   0|  0|  16|           9|           2|
    |i_4_fu_2497_p2          |         +|   0|  0|  16|           9|           3|
    |i_5_fu_2491_p2          |         +|   0|  0|  16|           9|           3|
    |i_6_fu_2485_p2          |         +|   0|  0|  16|           9|           3|
    |i_7_fu_2479_p2          |         +|   0|  0|  16|           9|           3|
    |i_8_fu_2473_p2          |         +|   0|  0|  16|           9|           4|
    |i_fu_2467_p2            |         +|   0|  0|  16|           9|           9|
    |sub_ln587_1_fu_2830_p2  |         -|   0|  0|  17|          10|          10|
    |sub_ln587_2_fu_2851_p2  |         -|   0|  0|  17|          10|          10|
    |sub_ln587_3_fu_2872_p2  |         -|   0|  0|  17|          10|          10|
    |sub_ln587_4_fu_2893_p2  |         -|   0|  0|  17|          10|          10|
    |sub_ln587_5_fu_2914_p2  |         -|   0|  0|  17|          10|          10|
    |sub_ln587_6_fu_2935_p2  |         -|   0|  0|  17|          10|          10|
    |sub_ln587_7_fu_2956_p2  |         -|   0|  0|  17|          10|          10|
    |sub_ln587_8_fu_2977_p2  |         -|   0|  0|  17|          10|          10|
    |sub_ln587_fu_2809_p2    |         -|   0|  0|  17|          10|          10|
    |ap_block_state1         |        or|   0|  0|   2|           1|           1|
    +------------------------+----------+----+---+----+------------+------------+
    |Total                   |          |   0|  0| 299|         172|         121|
    +------------------------+----------+----+---+----+------------+------------+

    * Multiplexer: 
    +-----------+----+-----------+-----+-----------+
    |    Name   | LUT| Input Size| Bits| Total Bits|
    +-----------+----+-----------+-----+-----------+
    |G_0_0_out  |   9|          2|   32|         64|
    |G_0_1_out  |   9|          2|   32|         64|
    |G_0_2_out  |   9|          2|   32|         64|
    |G_0_3_out  |   9|          2|   32|         64|
    |G_0_4_out  |   9|          2|   32|         64|
    |G_0_5_out  |   9|          2|   32|         64|
    |G_0_6_out  |   9|          2|   32|         64|
    |G_0_7_out  |   9|          2|   32|         64|
    |G_0_8_out  |   9|          2|   32|         64|
    |G_0_9_out  |   9|          2|   32|         64|
    |G_1_0_out  |   9|          2|   32|         64|
    |G_1_1_out  |   9|          2|   32|         64|
    |G_1_2_out  |   9|          2|   32|         64|
    |G_1_3_out  |   9|          2|   32|         64|
    |G_1_4_out  |   9|          2|   32|         64|
    |G_1_5_out  |   9|          2|   32|         64|
    |G_1_6_out  |   9|          2|   32|         64|
    |G_1_7_out  |   9|          2|   32|         64|
    |G_1_8_out  |   9|          2|   32|         64|
    |G_1_9_out  |   9|          2|   32|         64|
    |G_2_0_out  |   9|          2|   32|         64|
    |G_2_1_out  |   9|          2|   32|         64|
    |G_2_2_out  |   9|          2|   32|         64|
    |G_2_3_out  |   9|          2|   32|         64|
    |G_2_4_out  |   9|          2|   32|         64|
    |G_2_5_out  |   9|          2|   32|         64|
    |G_2_6_out  |   9|          2|   32|         64|
    |G_2_7_out  |   9|          2|   32|         64|
    |G_2_8_out  |   9|          2|   32|         64|
    |G_2_9_out  |   9|          2|   32|         64|
    |G_3_0_out  |   9|          2|   32|         64|
    |G_3_1_out  |   9|          2|   32|         64|
    |G_3_2_out  |   9|          2|   32|         64|
    |G_3_3_out  |   9|          2|   32|         64|
    |G_3_4_out  |   9|          2|   32|         64|
    |G_3_5_out  |   9|          2|   32|         64|
    |G_3_6_out  |   9|          2|   32|         64|
    |G_3_7_out  |   9|          2|   32|         64|
    |G_3_8_out  |   9|          2|   32|         64|
    |G_3_9_out  |   9|          2|   32|         64|
    |G_4_0_out  |   9|          2|   32|         64|
    |G_4_1_out  |   9|          2|   32|         64|
    |G_4_2_out  |   9|          2|   32|         64|
    |G_4_3_out  |   9|          2|   32|         64|
    |G_4_4_out  |   9|          2|   32|         64|
    |G_4_5_out  |   9|          2|   32|         64|
    |G_4_6_out  |   9|          2|   32|         64|
    |G_4_7_out  |   9|          2|   32|         64|
    |G_4_8_out  |   9|          2|   32|         64|
    |G_4_9_out  |   9|          2|   32|         64|
    |G_5_0_out  |   9|          2|   32|         64|
    |G_5_1_out  |   9|          2|   32|         64|
    |G_5_2_out  |   9|          2|   32|         64|
    |G_5_3_out  |   9|          2|   32|         64|
    |G_5_4_out  |   9|          2|   32|         64|
    |G_5_5_out  |   9|          2|   32|         64|
    |G_5_6_out  |   9|          2|   32|         64|
    |G_5_7_out  |   9|          2|   32|         64|
    |G_5_8_out  |   9|          2|   32|         64|
    |G_5_9_out  |   9|          2|   32|         64|
    |G_6_0_out  |   9|          2|   32|         64|
    |G_6_1_out  |   9|          2|   32|         64|
    |G_6_2_out  |   9|          2|   32|         64|
    |G_6_3_out  |   9|          2|   32|         64|
    |G_6_4_out  |   9|          2|   32|         64|
    |G_6_5_out  |   9|          2|   32|         64|
    |G_6_6_out  |   9|          2|   32|         64|
    |G_6_7_out  |   9|          2|   32|         64|
    |G_6_8_out  |   9|          2|   32|         64|
    |G_6_9_out  |   9|          2|   32|         64|
    |G_7_0_out  |   9|          2|   32|         64|
    |G_7_1_out  |   9|          2|   32|         64|
    |G_7_2_out  |   9|          2|   32|         64|
    |G_7_3_out  |   9|          2|   32|         64|
    |G_7_4_out  |   9|          2|   32|         64|
    |G_7_5_out  |   9|          2|   32|         64|
    |G_7_6_out  |   9|          2|   32|         64|
    |G_7_7_out  |   9|          2|   32|         64|
    |G_7_8_out  |   9|          2|   32|         64|
    |G_7_9_out  |   9|          2|   32|         64|
    |G_8_0_out  |   9|          2|   32|         64|
    |G_8_1_out  |   9|          2|   32|         64|
    |G_8_2_out  |   9|          2|   32|         64|
    |G_8_3_out  |   9|          2|   32|         64|
    |G_8_4_out  |   9|          2|   32|         64|
    |G_8_5_out  |   9|          2|   32|         64|
    |G_8_6_out  |   9|          2|   32|         64|
    |G_8_7_out  |   9|          2|   32|         64|
    |G_8_8_out  |   9|          2|   32|         64|
    |G_8_9_out  |   9|          2|   32|         64|
    |ap_NS_fsm  |  26|          5|    1|          5|
    |ap_done    |   9|          2|    1|          2|
    +-----------+----+-----------+-----+-----------+
    |Total      | 845|        187| 2882|       5767|
    +-----------+----+-----------+-----+-----------+

    * Register: 
    +----------------------------------------------------------------+----+----+-----+-----------+
    |                              Name                              | FF | LUT| Bits| Const Bits|
    +----------------------------------------------------------------+----+----+-----+-----------+
    |G_0_0_out_preg                                                  |  32|   0|   32|          0|
    |G_0_1_out_preg                                                  |  32|   0|   32|          0|
    |G_0_2_out_preg                                                  |  32|   0|   32|          0|
    |G_0_3_out_preg                                                  |  32|   0|   32|          0|
    |G_0_4_out_preg                                                  |  32|   0|   32|          0|
    |G_0_5_out_preg                                                  |  32|   0|   32|          0|
    |G_0_6_out_preg                                                  |  32|   0|   32|          0|
    |G_0_7_out_preg                                                  |  32|   0|   32|          0|
    |G_0_8_out_preg                                                  |  32|   0|   32|          0|
    |G_0_9_out_preg                                                  |  32|   0|   32|          0|
    |G_1_0_out_preg                                                  |  32|   0|   32|          0|
    |G_1_1_out_preg                                                  |  32|   0|   32|          0|
    |G_1_2_out_preg                                                  |  32|   0|   32|          0|
    |G_1_3_out_preg                                                  |  32|   0|   32|          0|
    |G_1_4_out_preg                                                  |  32|   0|   32|          0|
    |G_1_5_out_preg                                                  |  32|   0|   32|          0|
    |G_1_6_out_preg                                                  |  32|   0|   32|          0|
    |G_1_7_out_preg                                                  |  32|   0|   32|          0|
    |G_1_8_out_preg                                                  |  32|   0|   32|          0|
    |G_1_9_out_preg                                                  |  32|   0|   32|          0|
    |G_2_0_out_preg                                                  |  32|   0|   32|          0|
    |G_2_1_out_preg                                                  |  32|   0|   32|          0|
    |G_2_2_out_preg                                                  |  32|   0|   32|          0|
    |G_2_3_out_preg                                                  |  32|   0|   32|          0|
    |G_2_4_out_preg                                                  |  32|   0|   32|          0|
    |G_2_5_out_preg                                                  |  32|   0|   32|          0|
    |G_2_6_out_preg                                                  |  32|   0|   32|          0|
    |G_2_7_out_preg                                                  |  32|   0|   32|          0|
    |G_2_8_out_preg                                                  |  32|   0|   32|          0|
    |G_2_9_out_preg                                                  |  32|   0|   32|          0|
    |G_3_0_out_preg                                                  |  32|   0|   32|          0|
    |G_3_1_out_preg                                                  |  32|   0|   32|          0|
    |G_3_2_out_preg                                                  |  32|   0|   32|          0|
    |G_3_3_out_preg                                                  |  32|   0|   32|          0|
    |G_3_4_out_preg                                                  |  32|   0|   32|          0|
    |G_3_5_out_preg                                                  |  32|   0|   32|          0|
    |G_3_6_out_preg                                                  |  32|   0|   32|          0|
    |G_3_7_out_preg                                                  |  32|   0|   32|          0|
    |G_3_8_out_preg                                                  |  32|   0|   32|          0|
    |G_3_9_out_preg                                                  |  32|   0|   32|          0|
    |G_4_0_out_preg                                                  |  32|   0|   32|          0|
    |G_4_1_out_preg                                                  |  32|   0|   32|          0|
    |G_4_2_out_preg                                                  |  32|   0|   32|          0|
    |G_4_3_out_preg                                                  |  32|   0|   32|          0|
    |G_4_4_out_preg                                                  |  32|   0|   32|          0|
    |G_4_5_out_preg                                                  |  32|   0|   32|          0|
    |G_4_6_out_preg                                                  |  32|   0|   32|          0|
    |G_4_7_out_preg                                                  |  32|   0|   32|          0|
    |G_4_8_out_preg                                                  |  32|   0|   32|          0|
    |G_4_9_out_preg                                                  |  32|   0|   32|          0|
    |G_5_0_out_preg                                                  |  32|   0|   32|          0|
    |G_5_1_out_preg                                                  |  32|   0|   32|          0|
    |G_5_2_out_preg                                                  |  32|   0|   32|          0|
    |G_5_3_out_preg                                                  |  32|   0|   32|          0|
    |G_5_4_out_preg                                                  |  32|   0|   32|          0|
    |G_5_5_out_preg                                                  |  32|   0|   32|          0|
    |G_5_6_out_preg                                                  |  32|   0|   32|          0|
    |G_5_7_out_preg                                                  |  32|   0|   32|          0|
    |G_5_8_out_preg                                                  |  32|   0|   32|          0|
    |G_5_9_out_preg                                                  |  32|   0|   32|          0|
    |G_6_0_out_preg                                                  |  32|   0|   32|          0|
    |G_6_1_out_preg                                                  |  32|   0|   32|          0|
    |G_6_2_out_preg                                                  |  32|   0|   32|          0|
    |G_6_3_out_preg                                                  |  32|   0|   32|          0|
    |G_6_4_out_preg                                                  |  32|   0|   32|          0|
    |G_6_5_out_preg                                                  |  32|   0|   32|          0|
    |G_6_6_out_preg                                                  |  32|   0|   32|          0|
    |G_6_7_out_preg                                                  |  32|   0|   32|          0|
    |G_6_8_out_preg                                                  |  32|   0|   32|          0|
    |G_6_9_out_preg                                                  |  32|   0|   32|          0|
    |G_7_0_out_preg                                                  |  32|   0|   32|          0|
    |G_7_1_out_preg                                                  |  32|   0|   32|          0|
    |G_7_2_out_preg                                                  |  32|   0|   32|          0|
    |G_7_3_out_preg                                                  |  32|   0|   32|          0|
    |G_7_4_out_preg                                                  |  32|   0|   32|          0|
    |G_7_5_out_preg                                                  |  32|   0|   32|          0|
    |G_7_6_out_preg                                                  |  32|   0|   32|          0|
    |G_7_7_out_preg                                                  |  32|   0|   32|          0|
    |G_7_8_out_preg                                                  |  32|   0|   32|          0|
    |G_7_9_out_preg                                                  |  32|   0|   32|          0|
    |G_8_0_out_preg                                                  |  32|   0|   32|          0|
    |G_8_1_out_preg                                                  |  32|   0|   32|          0|
    |G_8_2_out_preg                                                  |  32|   0|   32|          0|
    |G_8_3_out_preg                                                  |  32|   0|   32|          0|
    |G_8_4_out_preg                                                  |  32|   0|   32|          0|
    |G_8_5_out_preg                                                  |  32|   0|   32|          0|
    |G_8_6_out_preg                                                  |  32|   0|   32|          0|
    |G_8_7_out_preg                                                  |  32|   0|   32|          0|
    |G_8_8_out_preg                                                  |  32|   0|   32|          0|
    |G_8_9_out_preg                                                  |  32|   0|   32|          0|
    |ap_CS_fsm                                                       |   4|   0|    4|          0|
    |ap_done_reg                                                     |   1|   0|    1|          0|
    |grp_task5_intra_Pipeline_VITIS_LOOP_576_1_fu_2106_ap_start_reg  |   1|   0|    1|          0|
    |sub_ln587_1_reg_4429                                            |   6|   0|   10|          4|
    |sub_ln587_2_reg_4434                                            |   6|   0|   10|          4|
    |sub_ln587_3_reg_4439                                            |   6|   0|   10|          4|
    |sub_ln587_4_reg_4444                                            |   6|   0|   10|          4|
    |sub_ln587_5_reg_4449                                            |   6|   0|   10|          4|
    |sub_ln587_6_reg_4454                                            |   6|   0|   10|          4|
    |sub_ln587_7_reg_4459                                            |   6|   0|   10|          4|
    |sub_ln587_8_reg_4464                                            |   6|   0|   10|          4|
    |sub_ln587_reg_4424                                              |   6|   0|   10|          4|
    |tmp_13_cast1_reg_4354                                           |   6|   0|    6|          0|
    |tmp_13_cast_reg_4359                                            |   4|   0|    4|          0|
    |tmp_19_cast1_reg_4364                                           |   6|   0|    6|          0|
    |tmp_19_cast_reg_4369                                            |   4|   0|    4|          0|
    |tmp_1_cast1_reg_4334                                            |   5|   0|    5|          0|
    |tmp_1_cast_reg_4339                                             |   4|   0|    4|          0|
    |tmp_25_cast1_reg_4374                                           |   6|   0|    6|          0|
    |tmp_25_cast_reg_4379                                            |   4|   0|    4|          0|
    |tmp_31_cast1_reg_4384                                           |   6|   0|    6|          0|
    |tmp_31_cast_reg_4389                                            |   4|   0|    4|          0|
    |tmp_37_cast1_reg_4394                                           |   6|   0|    6|          0|
    |tmp_37_cast_reg_4399                                            |   4|   0|    4|          0|
    |tmp_43_cast1_reg_4404                                           |   6|   0|    6|          0|
    |tmp_43_cast_reg_4409                                            |   4|   0|    4|          0|
    |tmp_49_cast1_reg_4414                                           |   6|   0|    6|          0|
    |tmp_49_cast_reg_4419                                            |   4|   0|    4|          0|
    |tmp_7_cast1_reg_4344                                            |   6|   0|    6|          0|
    |tmp_7_cast_reg_4349                                             |   4|   0|    4|          0|
    +----------------------------------------------------------------+----+----+-----+-----------+
    |Total                                                           |3029|   0| 3065|         36|
    +----------------------------------------------------------------+----+----+-----+-----------+



================================================================
== Interface
================================================================
* Summary: 
+------------------+-----+-----+------------+--------------+--------------+
|     RTL Ports    | Dir | Bits|  Protocol  | Source Object|    C Type    |
+------------------+-----+-----+------------+--------------+--------------+
|ap_clk            |   in|    1|  ap_ctrl_hs|   task5_intra|  return value|
|ap_rst            |   in|    1|  ap_ctrl_hs|   task5_intra|  return value|
|ap_start          |   in|    1|  ap_ctrl_hs|   task5_intra|  return value|
|ap_done           |  out|    1|  ap_ctrl_hs|   task5_intra|  return value|
|ap_continue       |   in|    1|  ap_ctrl_hs|   task5_intra|  return value|
|ap_idle           |  out|    1|  ap_ctrl_hs|   task5_intra|  return value|
|ap_ready          |  out|    1|  ap_ctrl_hs|   task5_intra|  return value|
|F_0_0_address0    |  out|    6|   ap_memory|         F_0_0|         array|
|F_0_0_ce0         |  out|    1|   ap_memory|         F_0_0|         array|
|F_0_0_q0          |   in|   32|   ap_memory|         F_0_0|         array|
|F_0_1_address0    |  out|    6|   ap_memory|         F_0_1|         array|
|F_0_1_ce0         |  out|    1|   ap_memory|         F_0_1|         array|
|F_0_1_q0          |   in|   32|   ap_memory|         F_0_1|         array|
|F_0_2_address0    |  out|    6|   ap_memory|         F_0_2|         array|
|F_0_2_ce0         |  out|    1|   ap_memory|         F_0_2|         array|
|F_0_2_q0          |   in|   32|   ap_memory|         F_0_2|         array|
|F_0_3_address0    |  out|    6|   ap_memory|         F_0_3|         array|
|F_0_3_ce0         |  out|    1|   ap_memory|         F_0_3|         array|
|F_0_3_q0          |   in|   32|   ap_memory|         F_0_3|         array|
|F_0_4_address0    |  out|    6|   ap_memory|         F_0_4|         array|
|F_0_4_ce0         |  out|    1|   ap_memory|         F_0_4|         array|
|F_0_4_q0          |   in|   32|   ap_memory|         F_0_4|         array|
|F_0_5_address0    |  out|    6|   ap_memory|         F_0_5|         array|
|F_0_5_ce0         |  out|    1|   ap_memory|         F_0_5|         array|
|F_0_5_q0          |   in|   32|   ap_memory|         F_0_5|         array|
|F_0_6_address0    |  out|    6|   ap_memory|         F_0_6|         array|
|F_0_6_ce0         |  out|    1|   ap_memory|         F_0_6|         array|
|F_0_6_q0          |   in|   32|   ap_memory|         F_0_6|         array|
|F_0_7_address0    |  out|    6|   ap_memory|         F_0_7|         array|
|F_0_7_ce0         |  out|    1|   ap_memory|         F_0_7|         array|
|F_0_7_q0          |   in|   32|   ap_memory|         F_0_7|         array|
|F_0_8_address0    |  out|    6|   ap_memory|         F_0_8|         array|
|F_0_8_ce0         |  out|    1|   ap_memory|         F_0_8|         array|
|F_0_8_q0          |   in|   32|   ap_memory|         F_0_8|         array|
|F_0_9_address0    |  out|    6|   ap_memory|         F_0_9|         array|
|F_0_9_ce0         |  out|    1|   ap_memory|         F_0_9|         array|
|F_0_9_q0          |   in|   32|   ap_memory|         F_0_9|         array|
|F_1_0_address0    |  out|    6|   ap_memory|         F_1_0|         array|
|F_1_0_ce0         |  out|    1|   ap_memory|         F_1_0|         array|
|F_1_0_q0          |   in|   32|   ap_memory|         F_1_0|         array|
|F_1_1_address0    |  out|    6|   ap_memory|         F_1_1|         array|
|F_1_1_ce0         |  out|    1|   ap_memory|         F_1_1|         array|
|F_1_1_q0          |   in|   32|   ap_memory|         F_1_1|         array|
|F_1_2_address0    |  out|    6|   ap_memory|         F_1_2|         array|
|F_1_2_ce0         |  out|    1|   ap_memory|         F_1_2|         array|
|F_1_2_q0          |   in|   32|   ap_memory|         F_1_2|         array|
|F_1_3_address0    |  out|    6|   ap_memory|         F_1_3|         array|
|F_1_3_ce0         |  out|    1|   ap_memory|         F_1_3|         array|
|F_1_3_q0          |   in|   32|   ap_memory|         F_1_3|         array|
|F_1_4_address0    |  out|    6|   ap_memory|         F_1_4|         array|
|F_1_4_ce0         |  out|    1|   ap_memory|         F_1_4|         array|
|F_1_4_q0          |   in|   32|   ap_memory|         F_1_4|         array|
|F_1_5_address0    |  out|    6|   ap_memory|         F_1_5|         array|
|F_1_5_ce0         |  out|    1|   ap_memory|         F_1_5|         array|
|F_1_5_q0          |   in|   32|   ap_memory|         F_1_5|         array|
|F_1_6_address0    |  out|    6|   ap_memory|         F_1_6|         array|
|F_1_6_ce0         |  out|    1|   ap_memory|         F_1_6|         array|
|F_1_6_q0          |   in|   32|   ap_memory|         F_1_6|         array|
|F_1_7_address0    |  out|    6|   ap_memory|         F_1_7|         array|
|F_1_7_ce0         |  out|    1|   ap_memory|         F_1_7|         array|
|F_1_7_q0          |   in|   32|   ap_memory|         F_1_7|         array|
|F_1_8_address0    |  out|    6|   ap_memory|         F_1_8|         array|
|F_1_8_ce0         |  out|    1|   ap_memory|         F_1_8|         array|
|F_1_8_q0          |   in|   32|   ap_memory|         F_1_8|         array|
|F_1_9_address0    |  out|    6|   ap_memory|         F_1_9|         array|
|F_1_9_ce0         |  out|    1|   ap_memory|         F_1_9|         array|
|F_1_9_q0          |   in|   32|   ap_memory|         F_1_9|         array|
|F_2_0_address0    |  out|    6|   ap_memory|         F_2_0|         array|
|F_2_0_ce0         |  out|    1|   ap_memory|         F_2_0|         array|
|F_2_0_q0          |   in|   32|   ap_memory|         F_2_0|         array|
|F_2_1_address0    |  out|    6|   ap_memory|         F_2_1|         array|
|F_2_1_ce0         |  out|    1|   ap_memory|         F_2_1|         array|
|F_2_1_q0          |   in|   32|   ap_memory|         F_2_1|         array|
|F_2_2_address0    |  out|    6|   ap_memory|         F_2_2|         array|
|F_2_2_ce0         |  out|    1|   ap_memory|         F_2_2|         array|
|F_2_2_q0          |   in|   32|   ap_memory|         F_2_2|         array|
|F_2_3_address0    |  out|    6|   ap_memory|         F_2_3|         array|
|F_2_3_ce0         |  out|    1|   ap_memory|         F_2_3|         array|
|F_2_3_q0          |   in|   32|   ap_memory|         F_2_3|         array|
|F_2_4_address0    |  out|    6|   ap_memory|         F_2_4|         array|
|F_2_4_ce0         |  out|    1|   ap_memory|         F_2_4|         array|
|F_2_4_q0          |   in|   32|   ap_memory|         F_2_4|         array|
|F_2_5_address0    |  out|    6|   ap_memory|         F_2_5|         array|
|F_2_5_ce0         |  out|    1|   ap_memory|         F_2_5|         array|
|F_2_5_q0          |   in|   32|   ap_memory|         F_2_5|         array|
|F_2_6_address0    |  out|    6|   ap_memory|         F_2_6|         array|
|F_2_6_ce0         |  out|    1|   ap_memory|         F_2_6|         array|
|F_2_6_q0          |   in|   32|   ap_memory|         F_2_6|         array|
|F_2_7_address0    |  out|    6|   ap_memory|         F_2_7|         array|
|F_2_7_ce0         |  out|    1|   ap_memory|         F_2_7|         array|
|F_2_7_q0          |   in|   32|   ap_memory|         F_2_7|         array|
|F_2_8_address0    |  out|    6|   ap_memory|         F_2_8|         array|
|F_2_8_ce0         |  out|    1|   ap_memory|         F_2_8|         array|
|F_2_8_q0          |   in|   32|   ap_memory|         F_2_8|         array|
|F_2_9_address0    |  out|    6|   ap_memory|         F_2_9|         array|
|F_2_9_ce0         |  out|    1|   ap_memory|         F_2_9|         array|
|F_2_9_q0          |   in|   32|   ap_memory|         F_2_9|         array|
|F_3_0_address0    |  out|    6|   ap_memory|         F_3_0|         array|
|F_3_0_ce0         |  out|    1|   ap_memory|         F_3_0|         array|
|F_3_0_q0          |   in|   32|   ap_memory|         F_3_0|         array|
|F_3_1_address0    |  out|    6|   ap_memory|         F_3_1|         array|
|F_3_1_ce0         |  out|    1|   ap_memory|         F_3_1|         array|
|F_3_1_q0          |   in|   32|   ap_memory|         F_3_1|         array|
|F_3_2_address0    |  out|    6|   ap_memory|         F_3_2|         array|
|F_3_2_ce0         |  out|    1|   ap_memory|         F_3_2|         array|
|F_3_2_q0          |   in|   32|   ap_memory|         F_3_2|         array|
|F_3_3_address0    |  out|    6|   ap_memory|         F_3_3|         array|
|F_3_3_ce0         |  out|    1|   ap_memory|         F_3_3|         array|
|F_3_3_q0          |   in|   32|   ap_memory|         F_3_3|         array|
|F_3_4_address0    |  out|    6|   ap_memory|         F_3_4|         array|
|F_3_4_ce0         |  out|    1|   ap_memory|         F_3_4|         array|
|F_3_4_q0          |   in|   32|   ap_memory|         F_3_4|         array|
|F_3_5_address0    |  out|    6|   ap_memory|         F_3_5|         array|
|F_3_5_ce0         |  out|    1|   ap_memory|         F_3_5|         array|
|F_3_5_q0          |   in|   32|   ap_memory|         F_3_5|         array|
|F_3_6_address0    |  out|    6|   ap_memory|         F_3_6|         array|
|F_3_6_ce0         |  out|    1|   ap_memory|         F_3_6|         array|
|F_3_6_q0          |   in|   32|   ap_memory|         F_3_6|         array|
|F_3_7_address0    |  out|    6|   ap_memory|         F_3_7|         array|
|F_3_7_ce0         |  out|    1|   ap_memory|         F_3_7|         array|
|F_3_7_q0          |   in|   32|   ap_memory|         F_3_7|         array|
|F_3_8_address0    |  out|    6|   ap_memory|         F_3_8|         array|
|F_3_8_ce0         |  out|    1|   ap_memory|         F_3_8|         array|
|F_3_8_q0          |   in|   32|   ap_memory|         F_3_8|         array|
|F_3_9_address0    |  out|    6|   ap_memory|         F_3_9|         array|
|F_3_9_ce0         |  out|    1|   ap_memory|         F_3_9|         array|
|F_3_9_q0          |   in|   32|   ap_memory|         F_3_9|         array|
|E_0_0_address0    |  out|   10|   ap_memory|         E_0_0|         array|
|E_0_0_ce0         |  out|    1|   ap_memory|         E_0_0|         array|
|E_0_0_q0          |   in|   32|   ap_memory|         E_0_0|         array|
|E_0_1_address0    |  out|   10|   ap_memory|         E_0_1|         array|
|E_0_1_ce0         |  out|    1|   ap_memory|         E_0_1|         array|
|E_0_1_q0          |   in|   32|   ap_memory|         E_0_1|         array|
|E_0_2_address0    |  out|   10|   ap_memory|         E_0_2|         array|
|E_0_2_ce0         |  out|    1|   ap_memory|         E_0_2|         array|
|E_0_2_q0          |   in|   32|   ap_memory|         E_0_2|         array|
|E_0_3_address0    |  out|   10|   ap_memory|         E_0_3|         array|
|E_0_3_ce0         |  out|    1|   ap_memory|         E_0_3|         array|
|E_0_3_q0          |   in|   32|   ap_memory|         E_0_3|         array|
|E_1_0_address0    |  out|   10|   ap_memory|         E_1_0|         array|
|E_1_0_ce0         |  out|    1|   ap_memory|         E_1_0|         array|
|E_1_0_q0          |   in|   32|   ap_memory|         E_1_0|         array|
|E_1_1_address0    |  out|   10|   ap_memory|         E_1_1|         array|
|E_1_1_ce0         |  out|    1|   ap_memory|         E_1_1|         array|
|E_1_1_q0          |   in|   32|   ap_memory|         E_1_1|         array|
|E_1_2_address0    |  out|   10|   ap_memory|         E_1_2|         array|
|E_1_2_ce0         |  out|    1|   ap_memory|         E_1_2|         array|
|E_1_2_q0          |   in|   32|   ap_memory|         E_1_2|         array|
|E_1_3_address0    |  out|   10|   ap_memory|         E_1_3|         array|
|E_1_3_ce0         |  out|    1|   ap_memory|         E_1_3|         array|
|E_1_3_q0          |   in|   32|   ap_memory|         E_1_3|         array|
|E_2_0_address0    |  out|   10|   ap_memory|         E_2_0|         array|
|E_2_0_ce0         |  out|    1|   ap_memory|         E_2_0|         array|
|E_2_0_q0          |   in|   32|   ap_memory|         E_2_0|         array|
|E_2_1_address0    |  out|   10|   ap_memory|         E_2_1|         array|
|E_2_1_ce0         |  out|    1|   ap_memory|         E_2_1|         array|
|E_2_1_q0          |   in|   32|   ap_memory|         E_2_1|         array|
|E_2_2_address0    |  out|   10|   ap_memory|         E_2_2|         array|
|E_2_2_ce0         |  out|    1|   ap_memory|         E_2_2|         array|
|E_2_2_q0          |   in|   32|   ap_memory|         E_2_2|         array|
|E_2_3_address0    |  out|   10|   ap_memory|         E_2_3|         array|
|E_2_3_ce0         |  out|    1|   ap_memory|         E_2_3|         array|
|E_2_3_q0          |   in|   32|   ap_memory|         E_2_3|         array|
|E_3_0_address0    |  out|   10|   ap_memory|         E_3_0|         array|
|E_3_0_ce0         |  out|    1|   ap_memory|         E_3_0|         array|
|E_3_0_q0          |   in|   32|   ap_memory|         E_3_0|         array|
|E_3_1_address0    |  out|   10|   ap_memory|         E_3_1|         array|
|E_3_1_ce0         |  out|    1|   ap_memory|         E_3_1|         array|
|E_3_1_q0          |   in|   32|   ap_memory|         E_3_1|         array|
|E_3_2_address0    |  out|   10|   ap_memory|         E_3_2|         array|
|E_3_2_ce0         |  out|    1|   ap_memory|         E_3_2|         array|
|E_3_2_q0          |   in|   32|   ap_memory|         E_3_2|         array|
|E_3_3_address0    |  out|   10|   ap_memory|         E_3_3|         array|
|E_3_3_ce0         |  out|    1|   ap_memory|         E_3_3|         array|
|E_3_3_q0          |   in|   32|   ap_memory|         E_3_3|         array|
|E_4_0_address0    |  out|   10|   ap_memory|         E_4_0|         array|
|E_4_0_ce0         |  out|    1|   ap_memory|         E_4_0|         array|
|E_4_0_q0          |   in|   32|   ap_memory|         E_4_0|         array|
|E_4_1_address0    |  out|   10|   ap_memory|         E_4_1|         array|
|E_4_1_ce0         |  out|    1|   ap_memory|         E_4_1|         array|
|E_4_1_q0          |   in|   32|   ap_memory|         E_4_1|         array|
|E_4_2_address0    |  out|   10|   ap_memory|         E_4_2|         array|
|E_4_2_ce0         |  out|    1|   ap_memory|         E_4_2|         array|
|E_4_2_q0          |   in|   32|   ap_memory|         E_4_2|         array|
|E_4_3_address0    |  out|   10|   ap_memory|         E_4_3|         array|
|E_4_3_ce0         |  out|    1|   ap_memory|         E_4_3|         array|
|E_4_3_q0          |   in|   32|   ap_memory|         E_4_3|         array|
|E_5_0_address0    |  out|   10|   ap_memory|         E_5_0|         array|
|E_5_0_ce0         |  out|    1|   ap_memory|         E_5_0|         array|
|E_5_0_q0          |   in|   32|   ap_memory|         E_5_0|         array|
|E_5_1_address0    |  out|   10|   ap_memory|         E_5_1|         array|
|E_5_1_ce0         |  out|    1|   ap_memory|         E_5_1|         array|
|E_5_1_q0          |   in|   32|   ap_memory|         E_5_1|         array|
|E_5_2_address0    |  out|   10|   ap_memory|         E_5_2|         array|
|E_5_2_ce0         |  out|    1|   ap_memory|         E_5_2|         array|
|E_5_2_q0          |   in|   32|   ap_memory|         E_5_2|         array|
|E_5_3_address0    |  out|   10|   ap_memory|         E_5_3|         array|
|E_5_3_ce0         |  out|    1|   ap_memory|         E_5_3|         array|
|E_5_3_q0          |   in|   32|   ap_memory|         E_5_3|         array|
|E_6_0_address0    |  out|   10|   ap_memory|         E_6_0|         array|
|E_6_0_ce0         |  out|    1|   ap_memory|         E_6_0|         array|
|E_6_0_q0          |   in|   32|   ap_memory|         E_6_0|         array|
|E_6_1_address0    |  out|   10|   ap_memory|         E_6_1|         array|
|E_6_1_ce0         |  out|    1|   ap_memory|         E_6_1|         array|
|E_6_1_q0          |   in|   32|   ap_memory|         E_6_1|         array|
|E_6_2_address0    |  out|   10|   ap_memory|         E_6_2|         array|
|E_6_2_ce0         |  out|    1|   ap_memory|         E_6_2|         array|
|E_6_2_q0          |   in|   32|   ap_memory|         E_6_2|         array|
|E_6_3_address0    |  out|   10|   ap_memory|         E_6_3|         array|
|E_6_3_ce0         |  out|    1|   ap_memory|         E_6_3|         array|
|E_6_3_q0          |   in|   32|   ap_memory|         E_6_3|         array|
|E_7_0_address0    |  out|   10|   ap_memory|         E_7_0|         array|
|E_7_0_ce0         |  out|    1|   ap_memory|         E_7_0|         array|
|E_7_0_q0          |   in|   32|   ap_memory|         E_7_0|         array|
|E_7_1_address0    |  out|   10|   ap_memory|         E_7_1|         array|
|E_7_1_ce0         |  out|    1|   ap_memory|         E_7_1|         array|
|E_7_1_q0          |   in|   32|   ap_memory|         E_7_1|         array|
|E_7_2_address0    |  out|   10|   ap_memory|         E_7_2|         array|
|E_7_2_ce0         |  out|    1|   ap_memory|         E_7_2|         array|
|E_7_2_q0          |   in|   32|   ap_memory|         E_7_2|         array|
|E_7_3_address0    |  out|   10|   ap_memory|         E_7_3|         array|
|E_7_3_ce0         |  out|    1|   ap_memory|         E_7_3|         array|
|E_7_3_q0          |   in|   32|   ap_memory|         E_7_3|         array|
|E_8_0_address0    |  out|   10|   ap_memory|         E_8_0|         array|
|E_8_0_ce0         |  out|    1|   ap_memory|         E_8_0|         array|
|E_8_0_q0          |   in|   32|   ap_memory|         E_8_0|         array|
|E_8_1_address0    |  out|   10|   ap_memory|         E_8_1|         array|
|E_8_1_ce0         |  out|    1|   ap_memory|         E_8_1|         array|
|E_8_1_q0          |   in|   32|   ap_memory|         E_8_1|         array|
|E_8_2_address0    |  out|   10|   ap_memory|         E_8_2|         array|
|E_8_2_ce0         |  out|    1|   ap_memory|         E_8_2|         array|
|E_8_2_q0          |   in|   32|   ap_memory|         E_8_2|         array|
|E_8_3_address0    |  out|   10|   ap_memory|         E_8_3|         array|
|E_8_3_ce0         |  out|    1|   ap_memory|         E_8_3|         array|
|E_8_3_q0          |   in|   32|   ap_memory|         E_8_3|         array|
|p_read            |   in|   32|     ap_none|        p_read|        scalar|
|G_0_0_out         |  out|   32|      ap_vld|     G_0_0_out|       pointer|
|G_0_0_out_ap_vld  |  out|    1|      ap_vld|     G_0_0_out|       pointer|
|p_read1           |   in|   32|     ap_none|       p_read1|        scalar|
|G_0_1_out         |  out|   32|      ap_vld|     G_0_1_out|       pointer|
|G_0_1_out_ap_vld  |  out|    1|      ap_vld|     G_0_1_out|       pointer|
|p_read2           |   in|   32|     ap_none|       p_read2|        scalar|
|G_0_2_out         |  out|   32|      ap_vld|     G_0_2_out|       pointer|
|G_0_2_out_ap_vld  |  out|    1|      ap_vld|     G_0_2_out|       pointer|
|p_read3           |   in|   32|     ap_none|       p_read3|        scalar|
|G_0_3_out         |  out|   32|      ap_vld|     G_0_3_out|       pointer|
|G_0_3_out_ap_vld  |  out|    1|      ap_vld|     G_0_3_out|       pointer|
|p_read4           |   in|   32|     ap_none|       p_read4|        scalar|
|G_0_4_out         |  out|   32|      ap_vld|     G_0_4_out|       pointer|
|G_0_4_out_ap_vld  |  out|    1|      ap_vld|     G_0_4_out|       pointer|
|p_read5           |   in|   32|     ap_none|       p_read5|        scalar|
|G_0_5_out         |  out|   32|      ap_vld|     G_0_5_out|       pointer|
|G_0_5_out_ap_vld  |  out|    1|      ap_vld|     G_0_5_out|       pointer|
|p_read6           |   in|   32|     ap_none|       p_read6|        scalar|
|G_0_6_out         |  out|   32|      ap_vld|     G_0_6_out|       pointer|
|G_0_6_out_ap_vld  |  out|    1|      ap_vld|     G_0_6_out|       pointer|
|p_read7           |   in|   32|     ap_none|       p_read7|        scalar|
|G_0_7_out         |  out|   32|      ap_vld|     G_0_7_out|       pointer|
|G_0_7_out_ap_vld  |  out|    1|      ap_vld|     G_0_7_out|       pointer|
|p_read8           |   in|   32|     ap_none|       p_read8|        scalar|
|G_0_8_out         |  out|   32|      ap_vld|     G_0_8_out|       pointer|
|G_0_8_out_ap_vld  |  out|    1|      ap_vld|     G_0_8_out|       pointer|
|p_read9           |   in|   32|     ap_none|       p_read9|        scalar|
|G_0_9_out         |  out|   32|      ap_vld|     G_0_9_out|       pointer|
|G_0_9_out_ap_vld  |  out|    1|      ap_vld|     G_0_9_out|       pointer|
|p_read10          |   in|   32|     ap_none|      p_read10|        scalar|
|G_1_0_out         |  out|   32|      ap_vld|     G_1_0_out|       pointer|
|G_1_0_out_ap_vld  |  out|    1|      ap_vld|     G_1_0_out|       pointer|
|p_read11          |   in|   32|     ap_none|      p_read11|        scalar|
|G_1_1_out         |  out|   32|      ap_vld|     G_1_1_out|       pointer|
|G_1_1_out_ap_vld  |  out|    1|      ap_vld|     G_1_1_out|       pointer|
|p_read12          |   in|   32|     ap_none|      p_read12|        scalar|
|G_1_2_out         |  out|   32|      ap_vld|     G_1_2_out|       pointer|
|G_1_2_out_ap_vld  |  out|    1|      ap_vld|     G_1_2_out|       pointer|
|p_read13          |   in|   32|     ap_none|      p_read13|        scalar|
|G_1_3_out         |  out|   32|      ap_vld|     G_1_3_out|       pointer|
|G_1_3_out_ap_vld  |  out|    1|      ap_vld|     G_1_3_out|       pointer|
|p_read14          |   in|   32|     ap_none|      p_read14|        scalar|
|G_1_4_out         |  out|   32|      ap_vld|     G_1_4_out|       pointer|
|G_1_4_out_ap_vld  |  out|    1|      ap_vld|     G_1_4_out|       pointer|
|p_read15          |   in|   32|     ap_none|      p_read15|        scalar|
|G_1_5_out         |  out|   32|      ap_vld|     G_1_5_out|       pointer|
|G_1_5_out_ap_vld  |  out|    1|      ap_vld|     G_1_5_out|       pointer|
|p_read16          |   in|   32|     ap_none|      p_read16|        scalar|
|G_1_6_out         |  out|   32|      ap_vld|     G_1_6_out|       pointer|
|G_1_6_out_ap_vld  |  out|    1|      ap_vld|     G_1_6_out|       pointer|
|p_read17          |   in|   32|     ap_none|      p_read17|        scalar|
|G_1_7_out         |  out|   32|      ap_vld|     G_1_7_out|       pointer|
|G_1_7_out_ap_vld  |  out|    1|      ap_vld|     G_1_7_out|       pointer|
|p_read18          |   in|   32|     ap_none|      p_read18|        scalar|
|G_1_8_out         |  out|   32|      ap_vld|     G_1_8_out|       pointer|
|G_1_8_out_ap_vld  |  out|    1|      ap_vld|     G_1_8_out|       pointer|
|p_read19          |   in|   32|     ap_none|      p_read19|        scalar|
|G_1_9_out         |  out|   32|      ap_vld|     G_1_9_out|       pointer|
|G_1_9_out_ap_vld  |  out|    1|      ap_vld|     G_1_9_out|       pointer|
|p_read20          |   in|   32|     ap_none|      p_read20|        scalar|
|G_2_0_out         |  out|   32|      ap_vld|     G_2_0_out|       pointer|
|G_2_0_out_ap_vld  |  out|    1|      ap_vld|     G_2_0_out|       pointer|
|p_read21          |   in|   32|     ap_none|      p_read21|        scalar|
|G_2_1_out         |  out|   32|      ap_vld|     G_2_1_out|       pointer|
|G_2_1_out_ap_vld  |  out|    1|      ap_vld|     G_2_1_out|       pointer|
|p_read22          |   in|   32|     ap_none|      p_read22|        scalar|
|G_2_2_out         |  out|   32|      ap_vld|     G_2_2_out|       pointer|
|G_2_2_out_ap_vld  |  out|    1|      ap_vld|     G_2_2_out|       pointer|
|p_read23          |   in|   32|     ap_none|      p_read23|        scalar|
|G_2_3_out         |  out|   32|      ap_vld|     G_2_3_out|       pointer|
|G_2_3_out_ap_vld  |  out|    1|      ap_vld|     G_2_3_out|       pointer|
|p_read24          |   in|   32|     ap_none|      p_read24|        scalar|
|G_2_4_out         |  out|   32|      ap_vld|     G_2_4_out|       pointer|
|G_2_4_out_ap_vld  |  out|    1|      ap_vld|     G_2_4_out|       pointer|
|p_read25          |   in|   32|     ap_none|      p_read25|        scalar|
|G_2_5_out         |  out|   32|      ap_vld|     G_2_5_out|       pointer|
|G_2_5_out_ap_vld  |  out|    1|      ap_vld|     G_2_5_out|       pointer|
|p_read26          |   in|   32|     ap_none|      p_read26|        scalar|
|G_2_6_out         |  out|   32|      ap_vld|     G_2_6_out|       pointer|
|G_2_6_out_ap_vld  |  out|    1|      ap_vld|     G_2_6_out|       pointer|
|p_read27          |   in|   32|     ap_none|      p_read27|        scalar|
|G_2_7_out         |  out|   32|      ap_vld|     G_2_7_out|       pointer|
|G_2_7_out_ap_vld  |  out|    1|      ap_vld|     G_2_7_out|       pointer|
|p_read28          |   in|   32|     ap_none|      p_read28|        scalar|
|G_2_8_out         |  out|   32|      ap_vld|     G_2_8_out|       pointer|
|G_2_8_out_ap_vld  |  out|    1|      ap_vld|     G_2_8_out|       pointer|
|p_read29          |   in|   32|     ap_none|      p_read29|        scalar|
|G_2_9_out         |  out|   32|      ap_vld|     G_2_9_out|       pointer|
|G_2_9_out_ap_vld  |  out|    1|      ap_vld|     G_2_9_out|       pointer|
|p_read30          |   in|   32|     ap_none|      p_read30|        scalar|
|G_3_0_out         |  out|   32|      ap_vld|     G_3_0_out|       pointer|
|G_3_0_out_ap_vld  |  out|    1|      ap_vld|     G_3_0_out|       pointer|
|p_read31          |   in|   32|     ap_none|      p_read31|        scalar|
|G_3_1_out         |  out|   32|      ap_vld|     G_3_1_out|       pointer|
|G_3_1_out_ap_vld  |  out|    1|      ap_vld|     G_3_1_out|       pointer|
|p_read32          |   in|   32|     ap_none|      p_read32|        scalar|
|G_3_2_out         |  out|   32|      ap_vld|     G_3_2_out|       pointer|
|G_3_2_out_ap_vld  |  out|    1|      ap_vld|     G_3_2_out|       pointer|
|p_read33          |   in|   32|     ap_none|      p_read33|        scalar|
|G_3_3_out         |  out|   32|      ap_vld|     G_3_3_out|       pointer|
|G_3_3_out_ap_vld  |  out|    1|      ap_vld|     G_3_3_out|       pointer|
|p_read34          |   in|   32|     ap_none|      p_read34|        scalar|
|G_3_4_out         |  out|   32|      ap_vld|     G_3_4_out|       pointer|
|G_3_4_out_ap_vld  |  out|    1|      ap_vld|     G_3_4_out|       pointer|
|p_read35          |   in|   32|     ap_none|      p_read35|        scalar|
|G_3_5_out         |  out|   32|      ap_vld|     G_3_5_out|       pointer|
|G_3_5_out_ap_vld  |  out|    1|      ap_vld|     G_3_5_out|       pointer|
|p_read36          |   in|   32|     ap_none|      p_read36|        scalar|
|G_3_6_out         |  out|   32|      ap_vld|     G_3_6_out|       pointer|
|G_3_6_out_ap_vld  |  out|    1|      ap_vld|     G_3_6_out|       pointer|
|p_read37          |   in|   32|     ap_none|      p_read37|        scalar|
|G_3_7_out         |  out|   32|      ap_vld|     G_3_7_out|       pointer|
|G_3_7_out_ap_vld  |  out|    1|      ap_vld|     G_3_7_out|       pointer|
|p_read38          |   in|   32|     ap_none|      p_read38|        scalar|
|G_3_8_out         |  out|   32|      ap_vld|     G_3_8_out|       pointer|
|G_3_8_out_ap_vld  |  out|    1|      ap_vld|     G_3_8_out|       pointer|
|p_read39          |   in|   32|     ap_none|      p_read39|        scalar|
|G_3_9_out         |  out|   32|      ap_vld|     G_3_9_out|       pointer|
|G_3_9_out_ap_vld  |  out|    1|      ap_vld|     G_3_9_out|       pointer|
|p_read40          |   in|   32|     ap_none|      p_read40|        scalar|
|G_4_0_out         |  out|   32|      ap_vld|     G_4_0_out|       pointer|
|G_4_0_out_ap_vld  |  out|    1|      ap_vld|     G_4_0_out|       pointer|
|p_read41          |   in|   32|     ap_none|      p_read41|        scalar|
|G_4_1_out         |  out|   32|      ap_vld|     G_4_1_out|       pointer|
|G_4_1_out_ap_vld  |  out|    1|      ap_vld|     G_4_1_out|       pointer|
|p_read42          |   in|   32|     ap_none|      p_read42|        scalar|
|G_4_2_out         |  out|   32|      ap_vld|     G_4_2_out|       pointer|
|G_4_2_out_ap_vld  |  out|    1|      ap_vld|     G_4_2_out|       pointer|
|p_read43          |   in|   32|     ap_none|      p_read43|        scalar|
|G_4_3_out         |  out|   32|      ap_vld|     G_4_3_out|       pointer|
|G_4_3_out_ap_vld  |  out|    1|      ap_vld|     G_4_3_out|       pointer|
|p_read44          |   in|   32|     ap_none|      p_read44|        scalar|
|G_4_4_out         |  out|   32|      ap_vld|     G_4_4_out|       pointer|
|G_4_4_out_ap_vld  |  out|    1|      ap_vld|     G_4_4_out|       pointer|
|p_read45          |   in|   32|     ap_none|      p_read45|        scalar|
|G_4_5_out         |  out|   32|      ap_vld|     G_4_5_out|       pointer|
|G_4_5_out_ap_vld  |  out|    1|      ap_vld|     G_4_5_out|       pointer|
|p_read46          |   in|   32|     ap_none|      p_read46|        scalar|
|G_4_6_out         |  out|   32|      ap_vld|     G_4_6_out|       pointer|
|G_4_6_out_ap_vld  |  out|    1|      ap_vld|     G_4_6_out|       pointer|
|p_read47          |   in|   32|     ap_none|      p_read47|        scalar|
|G_4_7_out         |  out|   32|      ap_vld|     G_4_7_out|       pointer|
|G_4_7_out_ap_vld  |  out|    1|      ap_vld|     G_4_7_out|       pointer|
|p_read48          |   in|   32|     ap_none|      p_read48|        scalar|
|G_4_8_out         |  out|   32|      ap_vld|     G_4_8_out|       pointer|
|G_4_8_out_ap_vld  |  out|    1|      ap_vld|     G_4_8_out|       pointer|
|p_read49          |   in|   32|     ap_none|      p_read49|        scalar|
|G_4_9_out         |  out|   32|      ap_vld|     G_4_9_out|       pointer|
|G_4_9_out_ap_vld  |  out|    1|      ap_vld|     G_4_9_out|       pointer|
|p_read50          |   in|   32|     ap_none|      p_read50|        scalar|
|G_5_0_out         |  out|   32|      ap_vld|     G_5_0_out|       pointer|
|G_5_0_out_ap_vld  |  out|    1|      ap_vld|     G_5_0_out|       pointer|
|p_read51          |   in|   32|     ap_none|      p_read51|        scalar|
|G_5_1_out         |  out|   32|      ap_vld|     G_5_1_out|       pointer|
|G_5_1_out_ap_vld  |  out|    1|      ap_vld|     G_5_1_out|       pointer|
|p_read52          |   in|   32|     ap_none|      p_read52|        scalar|
|G_5_2_out         |  out|   32|      ap_vld|     G_5_2_out|       pointer|
|G_5_2_out_ap_vld  |  out|    1|      ap_vld|     G_5_2_out|       pointer|
|p_read53          |   in|   32|     ap_none|      p_read53|        scalar|
|G_5_3_out         |  out|   32|      ap_vld|     G_5_3_out|       pointer|
|G_5_3_out_ap_vld  |  out|    1|      ap_vld|     G_5_3_out|       pointer|
|p_read54          |   in|   32|     ap_none|      p_read54|        scalar|
|G_5_4_out         |  out|   32|      ap_vld|     G_5_4_out|       pointer|
|G_5_4_out_ap_vld  |  out|    1|      ap_vld|     G_5_4_out|       pointer|
|p_read55          |   in|   32|     ap_none|      p_read55|        scalar|
|G_5_5_out         |  out|   32|      ap_vld|     G_5_5_out|       pointer|
|G_5_5_out_ap_vld  |  out|    1|      ap_vld|     G_5_5_out|       pointer|
|p_read56          |   in|   32|     ap_none|      p_read56|        scalar|
|G_5_6_out         |  out|   32|      ap_vld|     G_5_6_out|       pointer|
|G_5_6_out_ap_vld  |  out|    1|      ap_vld|     G_5_6_out|       pointer|
|p_read57          |   in|   32|     ap_none|      p_read57|        scalar|
|G_5_7_out         |  out|   32|      ap_vld|     G_5_7_out|       pointer|
|G_5_7_out_ap_vld  |  out|    1|      ap_vld|     G_5_7_out|       pointer|
|p_read58          |   in|   32|     ap_none|      p_read58|        scalar|
|G_5_8_out         |  out|   32|      ap_vld|     G_5_8_out|       pointer|
|G_5_8_out_ap_vld  |  out|    1|      ap_vld|     G_5_8_out|       pointer|
|p_read59          |   in|   32|     ap_none|      p_read59|        scalar|
|G_5_9_out         |  out|   32|      ap_vld|     G_5_9_out|       pointer|
|G_5_9_out_ap_vld  |  out|    1|      ap_vld|     G_5_9_out|       pointer|
|p_read60          |   in|   32|     ap_none|      p_read60|        scalar|
|G_6_0_out         |  out|   32|      ap_vld|     G_6_0_out|       pointer|
|G_6_0_out_ap_vld  |  out|    1|      ap_vld|     G_6_0_out|       pointer|
|p_read61          |   in|   32|     ap_none|      p_read61|        scalar|
|G_6_1_out         |  out|   32|      ap_vld|     G_6_1_out|       pointer|
|G_6_1_out_ap_vld  |  out|    1|      ap_vld|     G_6_1_out|       pointer|
|p_read62          |   in|   32|     ap_none|      p_read62|        scalar|
|G_6_2_out         |  out|   32|      ap_vld|     G_6_2_out|       pointer|
|G_6_2_out_ap_vld  |  out|    1|      ap_vld|     G_6_2_out|       pointer|
|p_read63          |   in|   32|     ap_none|      p_read63|        scalar|
|G_6_3_out         |  out|   32|      ap_vld|     G_6_3_out|       pointer|
|G_6_3_out_ap_vld  |  out|    1|      ap_vld|     G_6_3_out|       pointer|
|p_read64          |   in|   32|     ap_none|      p_read64|        scalar|
|G_6_4_out         |  out|   32|      ap_vld|     G_6_4_out|       pointer|
|G_6_4_out_ap_vld  |  out|    1|      ap_vld|     G_6_4_out|       pointer|
|p_read65          |   in|   32|     ap_none|      p_read65|        scalar|
|G_6_5_out         |  out|   32|      ap_vld|     G_6_5_out|       pointer|
|G_6_5_out_ap_vld  |  out|    1|      ap_vld|     G_6_5_out|       pointer|
|p_read66          |   in|   32|     ap_none|      p_read66|        scalar|
|G_6_6_out         |  out|   32|      ap_vld|     G_6_6_out|       pointer|
|G_6_6_out_ap_vld  |  out|    1|      ap_vld|     G_6_6_out|       pointer|
|p_read67          |   in|   32|     ap_none|      p_read67|        scalar|
|G_6_7_out         |  out|   32|      ap_vld|     G_6_7_out|       pointer|
|G_6_7_out_ap_vld  |  out|    1|      ap_vld|     G_6_7_out|       pointer|
|p_read68          |   in|   32|     ap_none|      p_read68|        scalar|
|G_6_8_out         |  out|   32|      ap_vld|     G_6_8_out|       pointer|
|G_6_8_out_ap_vld  |  out|    1|      ap_vld|     G_6_8_out|       pointer|
|p_read69          |   in|   32|     ap_none|      p_read69|        scalar|
|G_6_9_out         |  out|   32|      ap_vld|     G_6_9_out|       pointer|
|G_6_9_out_ap_vld  |  out|    1|      ap_vld|     G_6_9_out|       pointer|
|p_read70          |   in|   32|     ap_none|      p_read70|        scalar|
|G_7_0_out         |  out|   32|      ap_vld|     G_7_0_out|       pointer|
|G_7_0_out_ap_vld  |  out|    1|      ap_vld|     G_7_0_out|       pointer|
|p_read71          |   in|   32|     ap_none|      p_read71|        scalar|
|G_7_1_out         |  out|   32|      ap_vld|     G_7_1_out|       pointer|
|G_7_1_out_ap_vld  |  out|    1|      ap_vld|     G_7_1_out|       pointer|
|p_read72          |   in|   32|     ap_none|      p_read72|        scalar|
|G_7_2_out         |  out|   32|      ap_vld|     G_7_2_out|       pointer|
|G_7_2_out_ap_vld  |  out|    1|      ap_vld|     G_7_2_out|       pointer|
|p_read73          |   in|   32|     ap_none|      p_read73|        scalar|
|G_7_3_out         |  out|   32|      ap_vld|     G_7_3_out|       pointer|
|G_7_3_out_ap_vld  |  out|    1|      ap_vld|     G_7_3_out|       pointer|
|p_read74          |   in|   32|     ap_none|      p_read74|        scalar|
|G_7_4_out         |  out|   32|      ap_vld|     G_7_4_out|       pointer|
|G_7_4_out_ap_vld  |  out|    1|      ap_vld|     G_7_4_out|       pointer|
|p_read75          |   in|   32|     ap_none|      p_read75|        scalar|
|G_7_5_out         |  out|   32|      ap_vld|     G_7_5_out|       pointer|
|G_7_5_out_ap_vld  |  out|    1|      ap_vld|     G_7_5_out|       pointer|
|p_read76          |   in|   32|     ap_none|      p_read76|        scalar|
|G_7_6_out         |  out|   32|      ap_vld|     G_7_6_out|       pointer|
|G_7_6_out_ap_vld  |  out|    1|      ap_vld|     G_7_6_out|       pointer|
|p_read77          |   in|   32|     ap_none|      p_read77|        scalar|
|G_7_7_out         |  out|   32|      ap_vld|     G_7_7_out|       pointer|
|G_7_7_out_ap_vld  |  out|    1|      ap_vld|     G_7_7_out|       pointer|
|p_read78          |   in|   32|     ap_none|      p_read78|        scalar|
|G_7_8_out         |  out|   32|      ap_vld|     G_7_8_out|       pointer|
|G_7_8_out_ap_vld  |  out|    1|      ap_vld|     G_7_8_out|       pointer|
|p_read79          |   in|   32|     ap_none|      p_read79|        scalar|
|G_7_9_out         |  out|   32|      ap_vld|     G_7_9_out|       pointer|
|G_7_9_out_ap_vld  |  out|    1|      ap_vld|     G_7_9_out|       pointer|
|p_read80          |   in|   32|     ap_none|      p_read80|        scalar|
|G_8_0_out         |  out|   32|      ap_vld|     G_8_0_out|       pointer|
|G_8_0_out_ap_vld  |  out|    1|      ap_vld|     G_8_0_out|       pointer|
|p_read81          |   in|   32|     ap_none|      p_read81|        scalar|
|G_8_1_out         |  out|   32|      ap_vld|     G_8_1_out|       pointer|
|G_8_1_out_ap_vld  |  out|    1|      ap_vld|     G_8_1_out|       pointer|
|p_read82          |   in|   32|     ap_none|      p_read82|        scalar|
|G_8_2_out         |  out|   32|      ap_vld|     G_8_2_out|       pointer|
|G_8_2_out_ap_vld  |  out|    1|      ap_vld|     G_8_2_out|       pointer|
|p_read83          |   in|   32|     ap_none|      p_read83|        scalar|
|G_8_3_out         |  out|   32|      ap_vld|     G_8_3_out|       pointer|
|G_8_3_out_ap_vld  |  out|    1|      ap_vld|     G_8_3_out|       pointer|
|p_read84          |   in|   32|     ap_none|      p_read84|        scalar|
|G_8_4_out         |  out|   32|      ap_vld|     G_8_4_out|       pointer|
|G_8_4_out_ap_vld  |  out|    1|      ap_vld|     G_8_4_out|       pointer|
|p_read85          |   in|   32|     ap_none|      p_read85|        scalar|
|G_8_5_out         |  out|   32|      ap_vld|     G_8_5_out|       pointer|
|G_8_5_out_ap_vld  |  out|    1|      ap_vld|     G_8_5_out|       pointer|
|p_read86          |   in|   32|     ap_none|      p_read86|        scalar|
|G_8_6_out         |  out|   32|      ap_vld|     G_8_6_out|       pointer|
|G_8_6_out_ap_vld  |  out|    1|      ap_vld|     G_8_6_out|       pointer|
|p_read87          |   in|   32|     ap_none|      p_read87|        scalar|
|G_8_7_out         |  out|   32|      ap_vld|     G_8_7_out|       pointer|
|G_8_7_out_ap_vld  |  out|    1|      ap_vld|     G_8_7_out|       pointer|
|p_read88          |   in|   32|     ap_none|      p_read88|        scalar|
|G_8_8_out         |  out|   32|      ap_vld|     G_8_8_out|       pointer|
|G_8_8_out_ap_vld  |  out|    1|      ap_vld|     G_8_8_out|       pointer|
|p_read89          |   in|   32|     ap_none|      p_read89|        scalar|
|G_8_9_out         |  out|   32|      ap_vld|     G_8_9_out|       pointer|
|G_8_9_out_ap_vld  |  out|    1|      ap_vld|     G_8_9_out|       pointer|
|i0                |   in|    5|     ap_none|            i0|        scalar|
+------------------+-----+-----+------------+--------------+--------------+

