

================================================================
== Vitis HLS Report for 'write_E_FT0'
================================================================
* Date:           Thu Jan  2 11:39:37 2025

* Version:        2023.2 (Build 4023990 on Oct 11 2023)
* Project:        kernel_nlp_slr0
* Solution:       solution (Vitis Kernel Flow Target)
* Product family: virtexuplusHBM
* Target device:  xcu55c-fsvh2892-2L-e


================================================================
== Performance Estimates
================================================================
+ Timing: 
    * Summary: 
    +--------+---------+----------+------------+
    |  Clock |  Target | Estimated| Uncertainty|
    +--------+---------+----------+------------+
    |ap_clk  |  4.55 ns|  1.482 ns|     1.23 ns|
    +--------+---------+----------+------------+

+ Latency: 
    * Summary: 
    +---------+---------+-----------+-----------+-----+-----+---------+
    |  Latency (cycles) |   Latency (absolute)  |  Interval | Pipeline|
    |   min   |   max   |    min    |    max    | min | max |   Type  |
    +---------+---------+-----------+-----------+-----+-----+---------+
    |       11|       11|  49.995 ns|  49.995 ns|   11|   11|       no|
    +---------+---------+-----------+-----------+-----+-----+---------+

    + Detail: 
        * Instance: 
        N/A

        * Loop: 
        +---------------------+---------+---------+----------+-----------+-----------+------+----------+
        |                     |  Latency (cycles) | Iteration|  Initiation Interval  | Trip |          |
        |      Loop Name      |   min   |   max   |  Latency |  achieved |   target  | Count| Pipelined|
        +---------------------+---------+---------+----------+-----------+-----------+------+----------+
        |- VITIS_LOOP_1016_1  |        9|        9|         2|          1|          1|     9|       yes|
        +---------------------+---------+---------+----------+-----------+-----------+------+----------+



================================================================
== Utilization Estimates
================================================================
* Summary: 
+---------------------+---------+------+---------+---------+-----+
|         Name        | BRAM_18K|  DSP |    FF   |   LUT   | URAM|
+---------------------+---------+------+---------+---------+-----+
|DSP                  |        -|     -|        -|        -|    -|
|Expression           |        -|     -|        0|       28|    -|
|FIFO                 |        -|     -|        -|        -|    -|
|Instance             |        -|     -|        0|      784|    -|
|Memory               |        -|     -|        -|        -|    -|
|Multiplexer          |        -|     -|        -|       45|    -|
|Register             |        -|     -|      519|        -|    -|
+---------------------+---------+------+---------+---------+-----+
|Total                |        0|     0|      519|      857|    0|
+---------------------+---------+------+---------+---------+-----+
|Available SLR        |     1344|  3008|   869120|   434560|  320|
+---------------------+---------+------+---------+---------+-----+
|Utilization SLR (%)  |        0|     0|       ~0|       ~0|    0|
+---------------------+---------+------+---------+---------+-----+
|Available            |     4032|  9024|  2607360|  1303680|  960|
+---------------------+---------+------+---------+---------+-----+
|Utilization (%)      |        0|     0|       ~0|       ~0|    0|
+---------------------+---------+------+---------+---------+-----+

+ Detail: 
    * Instance: 
    +-----------------------------+-----------------------+---------+----+---+----+-----+
    |           Instance          |         Module        | BRAM_18K| DSP| FF| LUT| URAM|
    +-----------------------------+-----------------------+---------+----+---+----+-----+
    |sparsemux_19_4_32_1_1_U2305  |sparsemux_19_4_32_1_1  |        0|   0|  0|  49|    0|
    |sparsemux_19_4_32_1_1_U2306  |sparsemux_19_4_32_1_1  |        0|   0|  0|  49|    0|
    |sparsemux_19_4_32_1_1_U2307  |sparsemux_19_4_32_1_1  |        0|   0|  0|  49|    0|
    |sparsemux_19_4_32_1_1_U2308  |sparsemux_19_4_32_1_1  |        0|   0|  0|  49|    0|
    |sparsemux_19_4_32_1_1_U2309  |sparsemux_19_4_32_1_1  |        0|   0|  0|  49|    0|
    |sparsemux_19_4_32_1_1_U2310  |sparsemux_19_4_32_1_1  |        0|   0|  0|  49|    0|
    |sparsemux_19_4_32_1_1_U2311  |sparsemux_19_4_32_1_1  |        0|   0|  0|  49|    0|
    |sparsemux_19_4_32_1_1_U2312  |sparsemux_19_4_32_1_1  |        0|   0|  0|  49|    0|
    |sparsemux_19_4_32_1_1_U2313  |sparsemux_19_4_32_1_1  |        0|   0|  0|  49|    0|
    |sparsemux_19_4_32_1_1_U2314  |sparsemux_19_4_32_1_1  |        0|   0|  0|  49|    0|
    |sparsemux_19_4_32_1_1_U2315  |sparsemux_19_4_32_1_1  |        0|   0|  0|  49|    0|
    |sparsemux_19_4_32_1_1_U2316  |sparsemux_19_4_32_1_1  |        0|   0|  0|  49|    0|
    |sparsemux_19_4_32_1_1_U2317  |sparsemux_19_4_32_1_1  |        0|   0|  0|  49|    0|
    |sparsemux_19_4_32_1_1_U2318  |sparsemux_19_4_32_1_1  |        0|   0|  0|  49|    0|
    |sparsemux_19_4_32_1_1_U2319  |sparsemux_19_4_32_1_1  |        0|   0|  0|  49|    0|
    |sparsemux_19_4_32_1_1_U2320  |sparsemux_19_4_32_1_1  |        0|   0|  0|  49|    0|
    +-----------------------------+-----------------------+---------+----+---+----+-----+
    |Total                        |                       |        0|   0|  0| 784|    0|
    +-----------------------------+-----------------------+---------+----+---+----+-----+

    * DSP: 
    N/A

    * Memory: 
    N/A

    * FIFO: 
    N/A

    * Expression: 
    +---------------------------+----------+----+---+----+------------+------------+
    |       Variable Name       | Operation| DSP| FF| LUT| Bitwidth P0| Bitwidth P1|
    +---------------------------+----------+----+---+----+------------+------------+
    |add_ln1016_fu_1231_p2      |         +|   0|  0|  12|           4|           1|
    |ap_block_pp0_stage0_01001  |       and|   0|  0|   2|           1|           1|
    |icmp_ln1016_fu_1225_p2     |      icmp|   0|  0|  12|           4|           4|
    |ap_enable_pp0              |       xor|   0|  0|   2|           1|           2|
    +---------------------------+----------+----+---+----+------------+------------+
    |Total                      |          |   0|  0|  28|          10|           8|
    +---------------------------+----------+----+---+----+------------+------------+

    * Multiplexer: 
    +----------------------------------+----+-----------+-----+-----------+
    |               Name               | LUT| Input Size| Bits| Total Bits|
    +----------------------------------+----+-----------+-----+-----------+
    |ap_done_int                       |   9|          2|    1|          2|
    |ap_enable_reg_pp0_iter1           |   9|          2|    1|          2|
    |ap_sig_allocacmp_d0_3             |   9|          2|    4|          8|
    |d0_fu_342                         |   9|          2|    4|          8|
    |fifo_E_from_task1_to_task5_blk_n  |   9|          2|    1|          2|
    +----------------------------------+----+-----------+-----+-----------+
    |Total                             |  45|         10|   11|         22|
    +----------------------------------+----+-----------+-----+-----------+

    * Register: 
    +-------------------------+----+----+-----+-----------+
    |           Name          | FF | LUT| Bits| Const Bits|
    +-------------------------+----+----+-----+-----------+
    |ap_CS_fsm                |   1|   0|    1|          0|
    |ap_done_reg              |   1|   0|    1|          0|
    |ap_enable_reg_pp0_iter1  |   1|   0|    1|          0|
    |d0_fu_342                |   4|   0|    4|          0|
    |tmp_41_reg_2051          |  32|   0|   32|          0|
    |tmp_42_reg_2056          |  32|   0|   32|          0|
    |tmp_43_reg_2061          |  32|   0|   32|          0|
    |tmp_44_reg_2066          |  32|   0|   32|          0|
    |tmp_45_reg_2071          |  32|   0|   32|          0|
    |tmp_46_reg_2076          |  32|   0|   32|          0|
    |tmp_47_reg_2081          |  32|   0|   32|          0|
    |tmp_48_reg_2086          |  32|   0|   32|          0|
    |tmp_49_reg_2091          |  32|   0|   32|          0|
    |tmp_50_reg_2096          |  32|   0|   32|          0|
    |tmp_51_reg_2101          |  32|   0|   32|          0|
    |tmp_52_reg_2106          |  32|   0|   32|          0|
    |tmp_53_reg_2111          |  32|   0|   32|          0|
    |tmp_54_reg_2116          |  32|   0|   32|          0|
    |tmp_reg_2041             |  32|   0|   32|          0|
    |tmp_s_reg_2046           |  32|   0|   32|          0|
    +-------------------------+----+----+-----+-----------+
    |Total                    | 519|   0|  519|          0|
    +-------------------------+----+----+-----+-----------+



================================================================
== Interface
================================================================
* Summary: 
+-------------------------------------------+-----+-----+------------+----------------------------+--------------+
|                 RTL Ports                 | Dir | Bits|  Protocol  |        Source Object       |    C Type    |
+-------------------------------------------+-----+-----+------------+----------------------------+--------------+
|ap_clk                                     |   in|    1|  ap_ctrl_hs|                 write_E_FT0|  return value|
|ap_rst                                     |   in|    1|  ap_ctrl_hs|                 write_E_FT0|  return value|
|ap_start                                   |   in|    1|  ap_ctrl_hs|                 write_E_FT0|  return value|
|ap_done                                    |  out|    1|  ap_ctrl_hs|                 write_E_FT0|  return value|
|ap_idle                                    |  out|    1|  ap_ctrl_hs|                 write_E_FT0|  return value|
|ap_ready                                   |  out|    1|  ap_ctrl_hs|                 write_E_FT0|  return value|
|fifo_E_from_task1_to_task5_din             |  out|  512|     ap_fifo|  fifo_E_from_task1_to_task5|       pointer|
|fifo_E_from_task1_to_task5_num_data_valid  |   in|   11|     ap_fifo|  fifo_E_from_task1_to_task5|       pointer|
|fifo_E_from_task1_to_task5_fifo_cap        |   in|   11|     ap_fifo|  fifo_E_from_task1_to_task5|       pointer|
|fifo_E_from_task1_to_task5_full_n          |   in|    1|     ap_fifo|  fifo_E_from_task1_to_task5|       pointer|
|fifo_E_from_task1_to_task5_write           |  out|    1|     ap_fifo|  fifo_E_from_task1_to_task5|       pointer|
|E_0_0_val                                  |   in|   32|     ap_none|                   E_0_0_val|        scalar|
|E_0_1_val                                  |   in|   32|     ap_none|                   E_0_1_val|        scalar|
|E_0_2_val                                  |   in|   32|     ap_none|                   E_0_2_val|        scalar|
|E_0_3_val                                  |   in|   32|     ap_none|                   E_0_3_val|        scalar|
|E_0_4_val                                  |   in|   32|     ap_none|                   E_0_4_val|        scalar|
|E_0_5_val                                  |   in|   32|     ap_none|                   E_0_5_val|        scalar|
|E_0_6_val                                  |   in|   32|     ap_none|                   E_0_6_val|        scalar|
|E_0_7_val                                  |   in|   32|     ap_none|                   E_0_7_val|        scalar|
|E_0_8_val                                  |   in|   32|     ap_none|                   E_0_8_val|        scalar|
|E_0_9_val                                  |   in|   32|     ap_none|                   E_0_9_val|        scalar|
|E_0_10_val                                 |   in|   32|     ap_none|                  E_0_10_val|        scalar|
|E_0_11_val                                 |   in|   32|     ap_none|                  E_0_11_val|        scalar|
|E_0_12_val                                 |   in|   32|     ap_none|                  E_0_12_val|        scalar|
|E_0_13_val                                 |   in|   32|     ap_none|                  E_0_13_val|        scalar|
|E_0_14_val                                 |   in|   32|     ap_none|                  E_0_14_val|        scalar|
|E_0_15_val                                 |   in|   32|     ap_none|                  E_0_15_val|        scalar|
|E_1_0_val                                  |   in|   32|     ap_none|                   E_1_0_val|        scalar|
|E_1_1_val                                  |   in|   32|     ap_none|                   E_1_1_val|        scalar|
|E_1_2_val                                  |   in|   32|     ap_none|                   E_1_2_val|        scalar|
|E_1_3_val                                  |   in|   32|     ap_none|                   E_1_3_val|        scalar|
|E_1_4_val                                  |   in|   32|     ap_none|                   E_1_4_val|        scalar|
|E_1_5_val                                  |   in|   32|     ap_none|                   E_1_5_val|        scalar|
|E_1_6_val                                  |   in|   32|     ap_none|                   E_1_6_val|        scalar|
|E_1_7_val                                  |   in|   32|     ap_none|                   E_1_7_val|        scalar|
|E_1_8_val                                  |   in|   32|     ap_none|                   E_1_8_val|        scalar|
|E_1_9_val                                  |   in|   32|     ap_none|                   E_1_9_val|        scalar|
|E_1_10_val                                 |   in|   32|     ap_none|                  E_1_10_val|        scalar|
|E_1_11_val                                 |   in|   32|     ap_none|                  E_1_11_val|        scalar|
|E_1_12_val                                 |   in|   32|     ap_none|                  E_1_12_val|        scalar|
|E_1_13_val                                 |   in|   32|     ap_none|                  E_1_13_val|        scalar|
|E_1_14_val                                 |   in|   32|     ap_none|                  E_1_14_val|        scalar|
|E_1_15_val                                 |   in|   32|     ap_none|                  E_1_15_val|        scalar|
|E_2_0_val                                  |   in|   32|     ap_none|                   E_2_0_val|        scalar|
|E_2_1_val                                  |   in|   32|     ap_none|                   E_2_1_val|        scalar|
|E_2_2_val                                  |   in|   32|     ap_none|                   E_2_2_val|        scalar|
|E_2_3_val                                  |   in|   32|     ap_none|                   E_2_3_val|        scalar|
|E_2_4_val                                  |   in|   32|     ap_none|                   E_2_4_val|        scalar|
|E_2_5_val                                  |   in|   32|     ap_none|                   E_2_5_val|        scalar|
|E_2_6_val                                  |   in|   32|     ap_none|                   E_2_6_val|        scalar|
|E_2_7_val                                  |   in|   32|     ap_none|                   E_2_7_val|        scalar|
|E_2_8_val                                  |   in|   32|     ap_none|                   E_2_8_val|        scalar|
|E_2_9_val                                  |   in|   32|     ap_none|                   E_2_9_val|        scalar|
|E_2_10_val                                 |   in|   32|     ap_none|                  E_2_10_val|        scalar|
|E_2_11_val                                 |   in|   32|     ap_none|                  E_2_11_val|        scalar|
|E_2_12_val                                 |   in|   32|     ap_none|                  E_2_12_val|        scalar|
|E_2_13_val                                 |   in|   32|     ap_none|                  E_2_13_val|        scalar|
|E_2_14_val                                 |   in|   32|     ap_none|                  E_2_14_val|        scalar|
|E_2_15_val                                 |   in|   32|     ap_none|                  E_2_15_val|        scalar|
|E_3_0_val                                  |   in|   32|     ap_none|                   E_3_0_val|        scalar|
|E_3_1_val                                  |   in|   32|     ap_none|                   E_3_1_val|        scalar|
|E_3_2_val                                  |   in|   32|     ap_none|                   E_3_2_val|        scalar|
|E_3_3_val                                  |   in|   32|     ap_none|                   E_3_3_val|        scalar|
|E_3_4_val                                  |   in|   32|     ap_none|                   E_3_4_val|        scalar|
|E_3_5_val                                  |   in|   32|     ap_none|                   E_3_5_val|        scalar|
|E_3_6_val                                  |   in|   32|     ap_none|                   E_3_6_val|        scalar|
|E_3_7_val                                  |   in|   32|     ap_none|                   E_3_7_val|        scalar|
|E_3_8_val                                  |   in|   32|     ap_none|                   E_3_8_val|        scalar|
|E_3_9_val                                  |   in|   32|     ap_none|                   E_3_9_val|        scalar|
|E_3_10_val                                 |   in|   32|     ap_none|                  E_3_10_val|        scalar|
|E_3_11_val                                 |   in|   32|     ap_none|                  E_3_11_val|        scalar|
|E_3_12_val                                 |   in|   32|     ap_none|                  E_3_12_val|        scalar|
|E_3_13_val                                 |   in|   32|     ap_none|                  E_3_13_val|        scalar|
|E_3_14_val                                 |   in|   32|     ap_none|                  E_3_14_val|        scalar|
|E_3_15_val                                 |   in|   32|     ap_none|                  E_3_15_val|        scalar|
|E_4_0_val                                  |   in|   32|     ap_none|                   E_4_0_val|        scalar|
|E_4_1_val                                  |   in|   32|     ap_none|                   E_4_1_val|        scalar|
|E_4_2_val                                  |   in|   32|     ap_none|                   E_4_2_val|        scalar|
|E_4_3_val                                  |   in|   32|     ap_none|                   E_4_3_val|        scalar|
|E_4_4_val                                  |   in|   32|     ap_none|                   E_4_4_val|        scalar|
|E_4_5_val                                  |   in|   32|     ap_none|                   E_4_5_val|        scalar|
|E_4_6_val                                  |   in|   32|     ap_none|                   E_4_6_val|        scalar|
|E_4_7_val                                  |   in|   32|     ap_none|                   E_4_7_val|        scalar|
|E_4_8_val                                  |   in|   32|     ap_none|                   E_4_8_val|        scalar|
|E_4_9_val                                  |   in|   32|     ap_none|                   E_4_9_val|        scalar|
|E_4_10_val                                 |   in|   32|     ap_none|                  E_4_10_val|        scalar|
|E_4_11_val                                 |   in|   32|     ap_none|                  E_4_11_val|        scalar|
|E_4_12_val                                 |   in|   32|     ap_none|                  E_4_12_val|        scalar|
|E_4_13_val                                 |   in|   32|     ap_none|                  E_4_13_val|        scalar|
|E_4_14_val                                 |   in|   32|     ap_none|                  E_4_14_val|        scalar|
|E_4_15_val                                 |   in|   32|     ap_none|                  E_4_15_val|        scalar|
|E_5_0_val                                  |   in|   32|     ap_none|                   E_5_0_val|        scalar|
|E_5_1_val                                  |   in|   32|     ap_none|                   E_5_1_val|        scalar|
|E_5_2_val                                  |   in|   32|     ap_none|                   E_5_2_val|        scalar|
|E_5_3_val                                  |   in|   32|     ap_none|                   E_5_3_val|        scalar|
|E_5_4_val                                  |   in|   32|     ap_none|                   E_5_4_val|        scalar|
|E_5_5_val                                  |   in|   32|     ap_none|                   E_5_5_val|        scalar|
|E_5_6_val                                  |   in|   32|     ap_none|                   E_5_6_val|        scalar|
|E_5_7_val                                  |   in|   32|     ap_none|                   E_5_7_val|        scalar|
|E_5_8_val                                  |   in|   32|     ap_none|                   E_5_8_val|        scalar|
|E_5_9_val                                  |   in|   32|     ap_none|                   E_5_9_val|        scalar|
|E_5_10_val                                 |   in|   32|     ap_none|                  E_5_10_val|        scalar|
|E_5_11_val                                 |   in|   32|     ap_none|                  E_5_11_val|        scalar|
|E_5_12_val                                 |   in|   32|     ap_none|                  E_5_12_val|        scalar|
|E_5_13_val                                 |   in|   32|     ap_none|                  E_5_13_val|        scalar|
|E_5_14_val                                 |   in|   32|     ap_none|                  E_5_14_val|        scalar|
|E_5_15_val                                 |   in|   32|     ap_none|                  E_5_15_val|        scalar|
|E_6_0_val                                  |   in|   32|     ap_none|                   E_6_0_val|        scalar|
|E_6_1_val                                  |   in|   32|     ap_none|                   E_6_1_val|        scalar|
|E_6_2_val                                  |   in|   32|     ap_none|                   E_6_2_val|        scalar|
|E_6_3_val                                  |   in|   32|     ap_none|                   E_6_3_val|        scalar|
|E_6_4_val                                  |   in|   32|     ap_none|                   E_6_4_val|        scalar|
|E_6_5_val                                  |   in|   32|     ap_none|                   E_6_5_val|        scalar|
|E_6_6_val                                  |   in|   32|     ap_none|                   E_6_6_val|        scalar|
|E_6_7_val                                  |   in|   32|     ap_none|                   E_6_7_val|        scalar|
|E_6_8_val                                  |   in|   32|     ap_none|                   E_6_8_val|        scalar|
|E_6_9_val                                  |   in|   32|     ap_none|                   E_6_9_val|        scalar|
|E_6_10_val                                 |   in|   32|     ap_none|                  E_6_10_val|        scalar|
|E_6_11_val                                 |   in|   32|     ap_none|                  E_6_11_val|        scalar|
|E_6_12_val                                 |   in|   32|     ap_none|                  E_6_12_val|        scalar|
|E_6_13_val                                 |   in|   32|     ap_none|                  E_6_13_val|        scalar|
|E_6_14_val                                 |   in|   32|     ap_none|                  E_6_14_val|        scalar|
|E_6_15_val                                 |   in|   32|     ap_none|                  E_6_15_val|        scalar|
|E_7_0_val                                  |   in|   32|     ap_none|                   E_7_0_val|        scalar|
|E_7_1_val                                  |   in|   32|     ap_none|                   E_7_1_val|        scalar|
|E_7_2_val                                  |   in|   32|     ap_none|                   E_7_2_val|        scalar|
|E_7_3_val                                  |   in|   32|     ap_none|                   E_7_3_val|        scalar|
|E_7_4_val                                  |   in|   32|     ap_none|                   E_7_4_val|        scalar|
|E_7_5_val                                  |   in|   32|     ap_none|                   E_7_5_val|        scalar|
|E_7_6_val                                  |   in|   32|     ap_none|                   E_7_6_val|        scalar|
|E_7_7_val                                  |   in|   32|     ap_none|                   E_7_7_val|        scalar|
|E_7_8_val                                  |   in|   32|     ap_none|                   E_7_8_val|        scalar|
|E_7_9_val                                  |   in|   32|     ap_none|                   E_7_9_val|        scalar|
|E_7_10_val                                 |   in|   32|     ap_none|                  E_7_10_val|        scalar|
|E_7_11_val                                 |   in|   32|     ap_none|                  E_7_11_val|        scalar|
|E_7_12_val                                 |   in|   32|     ap_none|                  E_7_12_val|        scalar|
|E_7_13_val                                 |   in|   32|     ap_none|                  E_7_13_val|        scalar|
|E_7_14_val                                 |   in|   32|     ap_none|                  E_7_14_val|        scalar|
|E_7_15_val                                 |   in|   32|     ap_none|                  E_7_15_val|        scalar|
|E_8_0_val                                  |   in|   32|     ap_none|                   E_8_0_val|        scalar|
|E_8_1_val                                  |   in|   32|     ap_none|                   E_8_1_val|        scalar|
|E_8_2_val                                  |   in|   32|     ap_none|                   E_8_2_val|        scalar|
|E_8_3_val                                  |   in|   32|     ap_none|                   E_8_3_val|        scalar|
|E_8_4_val                                  |   in|   32|     ap_none|                   E_8_4_val|        scalar|
|E_8_5_val                                  |   in|   32|     ap_none|                   E_8_5_val|        scalar|
|E_8_6_val                                  |   in|   32|     ap_none|                   E_8_6_val|        scalar|
|E_8_7_val                                  |   in|   32|     ap_none|                   E_8_7_val|        scalar|
|E_8_8_val                                  |   in|   32|     ap_none|                   E_8_8_val|        scalar|
|E_8_9_val                                  |   in|   32|     ap_none|                   E_8_9_val|        scalar|
|E_8_10_val                                 |   in|   32|     ap_none|                  E_8_10_val|        scalar|
|E_8_11_val                                 |   in|   32|     ap_none|                  E_8_11_val|        scalar|
|E_8_12_val                                 |   in|   32|     ap_none|                  E_8_12_val|        scalar|
|E_8_13_val                                 |   in|   32|     ap_none|                  E_8_13_val|        scalar|
|E_8_14_val                                 |   in|   32|     ap_none|                  E_8_14_val|        scalar|
|E_8_15_val                                 |   in|   32|     ap_none|                  E_8_15_val|        scalar|
+-------------------------------------------+-----+-----+------------+----------------------------+--------------+

