

================================================================
== Vitis HLS Report for 'write_F_FT1'
================================================================
* Date:           Thu Jan  2 11:39:44 2025

* Version:        2023.2 (Build 4023990 on Oct 11 2023)
* Project:        kernel_nlp_slr0
* Solution:       solution (Vitis Kernel Flow Target)
* Product family: virtexuplusHBM
* Target device:  xcu55c-fsvh2892-2L-e


================================================================
== Performance Estimates
================================================================
+ Timing: 
    * Summary: 
    +--------+---------+----------+------------+
    |  Clock |  Target | Estimated| Uncertainty|
    +--------+---------+----------+------------+
    |ap_clk  |  4.55 ns|  2.549 ns|     1.23 ns|
    +--------+---------+----------+------------+

+ Latency: 
    * Summary: 
    +---------+---------+----------+----------+-----+-----+---------+
    |  Latency (cycles) |  Latency (absolute) |  Interval | Pipeline|
    |   min   |   max   |    min   |    max   | min | max |   Type  |
    +---------+---------+----------+----------+-----+-----+---------+
    |       52|       52|  0.236 us|  0.236 us|   52|   52|       no|
    +---------+---------+----------+----------+-----+-----+---------+

    + Detail: 
        * Instance: 
        N/A

        * Loop: 
        +---------------------------------------+---------+---------+----------+-----------+-----------+------+----------+
        |                                       |  Latency (cycles) | Iteration|  Initiation Interval  | Trip |          |
        |               Loop Name               |   min   |   max   |  Latency |  achieved |   target  | Count| Pipelined|
        +---------------------------------------+---------+---------+----------+-----------+-----------+------+----------+
        |- VITIS_LOOP_1094_1_VITIS_LOOP_1095_2  |       50|       50|         2|          1|          1|    50|       yes|
        +---------------------------------------+---------+---------+----------+-----------+-----------+------+----------+



================================================================
== Utilization Estimates
================================================================
* Summary: 
+---------------------+---------+------+---------+---------+-----+
|         Name        | BRAM_18K|  DSP |    FF   |   LUT   | URAM|
+---------------------+---------+------+---------+---------+-----+
|DSP                  |        -|     -|        -|        -|    -|
|Expression           |        -|     -|        0|       74|    -|
|FIFO                 |        -|     -|        -|        -|    -|
|Instance             |        -|     -|        0|      628|    -|
|Memory               |        -|     -|        -|        -|    -|
|Multiplexer          |        -|     -|        -|       81|    -|
|Register             |        -|     -|       81|        -|    -|
+---------------------+---------+------+---------+---------+-----+
|Total                |        0|     0|       81|      783|    0|
+---------------------+---------+------+---------+---------+-----+
|Available SLR        |     1344|  3008|   869120|   434560|  320|
+---------------------+---------+------+---------+---------+-----+
|Utilization SLR (%)  |        0|     0|       ~0|       ~0|    0|
+---------------------+---------+------+---------+---------+-----+
|Available            |     4032|  9024|  2607360|  1303680|  960|
+---------------------+---------+------+---------+---------+-----+
|Utilization (%)      |        0|     0|       ~0|       ~0|    0|
+---------------------+---------+------+---------+---------+-----+

+ Detail: 
    * Instance: 
    +-----------------------------+-----------------------+---------+----+---+----+-----+
    |           Instance          |         Module        | BRAM_18K| DSP| FF| LUT| URAM|
    +-----------------------------+-----------------------+---------+----+---+----+-----+
    |sparsemux_11_4_32_1_1_U4916  |sparsemux_11_4_32_1_1  |        0|   0|  0|  26|    0|
    |sparsemux_11_4_32_1_1_U4917  |sparsemux_11_4_32_1_1  |        0|   0|  0|  26|    0|
    |sparsemux_11_4_32_1_1_U4918  |sparsemux_11_4_32_1_1  |        0|   0|  0|  26|    0|
    |sparsemux_11_4_32_1_1_U4919  |sparsemux_11_4_32_1_1  |        0|   0|  0|  26|    0|
    |sparsemux_11_4_32_1_1_U4920  |sparsemux_11_4_32_1_1  |        0|   0|  0|  26|    0|
    |sparsemux_11_4_32_1_1_U4921  |sparsemux_11_4_32_1_1  |        0|   0|  0|  26|    0|
    |sparsemux_11_4_32_1_1_U4922  |sparsemux_11_4_32_1_1  |        0|   0|  0|  26|    0|
    |sparsemux_11_4_32_1_1_U4923  |sparsemux_11_4_32_1_1  |        0|   0|  0|  26|    0|
    |sparsemux_11_4_32_1_1_U4924  |sparsemux_11_4_32_1_1  |        0|   0|  0|  26|    0|
    |sparsemux_11_4_32_1_1_U4925  |sparsemux_11_4_32_1_1  |        0|   0|  0|  26|    0|
    |sparsemux_11_4_32_1_1_U4927  |sparsemux_11_4_32_1_1  |        0|   0|  0|  26|    0|
    |sparsemux_11_4_32_1_1_U4928  |sparsemux_11_4_32_1_1  |        0|   0|  0|  26|    0|
    |sparsemux_11_4_32_1_1_U4929  |sparsemux_11_4_32_1_1  |        0|   0|  0|  26|    0|
    |sparsemux_11_4_32_1_1_U4930  |sparsemux_11_4_32_1_1  |        0|   0|  0|  26|    0|
    |sparsemux_11_4_32_1_1_U4931  |sparsemux_11_4_32_1_1  |        0|   0|  0|  26|    0|
    |sparsemux_11_4_32_1_1_U4932  |sparsemux_11_4_32_1_1  |        0|   0|  0|  26|    0|
    |sparsemux_11_4_32_1_1_U4933  |sparsemux_11_4_32_1_1  |        0|   0|  0|  26|    0|
    |sparsemux_11_4_32_1_1_U4934  |sparsemux_11_4_32_1_1  |        0|   0|  0|  26|    0|
    |sparsemux_11_4_32_1_1_U4935  |sparsemux_11_4_32_1_1  |        0|   0|  0|  26|    0|
    |sparsemux_11_4_32_1_1_U4936  |sparsemux_11_4_32_1_1  |        0|   0|  0|  26|    0|
    |sparsemux_21_4_32_1_1_U4926  |sparsemux_21_4_32_1_1  |        0|   0|  0|  54|    0|
    |sparsemux_21_4_32_1_1_U4937  |sparsemux_21_4_32_1_1  |        0|   0|  0|  54|    0|
    +-----------------------------+-----------------------+---------+----+---+----+-----+
    |Total                        |                       |        0|   0|  0| 628|    0|
    +-----------------------------+-----------------------+---------+----+---+----+-----+

    * DSP: 
    N/A

    * Memory: 
    N/A

    * FIFO: 
    N/A

    * Expression: 
    +---------------------------+----------+----+---+----+------------+------------+
    |       Variable Name       | Operation| DSP| FF| LUT| Bitwidth P0| Bitwidth P1|
    +---------------------------+----------+----+---+----+------------+------------+
    |add_ln1094_3_fu_907_p2     |         +|   0|  0|  13|           6|           1|
    |add_ln1094_fu_919_p2       |         +|   0|  0|  12|           4|           1|
    |add_ln1095_fu_1603_p2      |         +|   0|  0|  12|           4|           2|
    |ap_block_pp0_stage0_01001  |       and|   0|  0|   2|           1|           1|
    |icmp_ln1094_fu_901_p2      |      icmp|   0|  0|  13|           6|           5|
    |icmp_ln1095_fu_925_p2      |      icmp|   0|  0|  12|           4|           4|
    |select_ln1094_3_fu_939_p3  |    select|   0|  0|   4|           1|           4|
    |select_ln1094_fu_931_p3    |    select|   0|  0|   4|           1|           4|
    |ap_enable_pp0              |       xor|   0|  0|   2|           1|           2|
    +---------------------------+----------+----+---+----+------------+------------+
    |Total                      |          |   0|  0|  74|          28|          24|
    +---------------------------+----------+----+---+----+------------+------------+

    * Multiplexer: 
    +--------------------------------------+----+-----------+-----+-----------+
    |                 Name                 | LUT| Input Size| Bits| Total Bits|
    +--------------------------------------+----+-----------+-----+-----------+
    |ap_done_int                           |   9|          2|    1|          2|
    |ap_enable_reg_pp0_iter1               |   9|          2|    1|          2|
    |ap_sig_allocacmp_d0_load              |   9|          2|    4|          8|
    |ap_sig_allocacmp_d1_load              |   9|          2|    4|          8|
    |ap_sig_allocacmp_indvar_flatten_load  |   9|          2|    6|         12|
    |d0_fu_268                             |   9|          2|    4|          8|
    |d1_fu_264                             |   9|          2|    4|          8|
    |fifo_F_from_task3_to_task5_blk_n      |   9|          2|    1|          2|
    |indvar_flatten_fu_272                 |   9|          2|    6|         12|
    +--------------------------------------+----+-----------+-----+-----------+
    |Total                                 |  81|         18|   31|         62|
    +--------------------------------------+----+-----------+-----+-----------+

    * Register: 
    +-------------------------+----+----+-----+-----------+
    |           Name          | FF | LUT| Bits| Const Bits|
    +-------------------------+----+----+-----+-----------+
    |ap_CS_fsm                |   1|   0|    1|          0|
    |ap_done_reg              |   1|   0|    1|          0|
    |ap_enable_reg_pp0_iter1  |   1|   0|    1|          0|
    |d0_fu_268                |   4|   0|    4|          0|
    |d1_fu_264                |   4|   0|    4|          0|
    |indvar_flatten_fu_272    |   6|   0|    6|          0|
    |tmp_28_reg_1663          |  32|   0|   32|          0|
    |tmp_39_reg_1668          |  32|   0|   32|          0|
    +-------------------------+----+----+-----+-----------+
    |Total                    |  81|   0|   81|          0|
    +-------------------------+----+----+-----+-----------+



================================================================
== Interface
================================================================
* Summary: 
+-------------------------------------------+-----+-----+------------+----------------------------+--------------+
|                 RTL Ports                 | Dir | Bits|  Protocol  |        Source Object       |    C Type    |
+-------------------------------------------+-----+-----+------------+----------------------------+--------------+
|ap_clk                                     |   in|    1|  ap_ctrl_hs|                 write_F_FT1|  return value|
|ap_rst                                     |   in|    1|  ap_ctrl_hs|                 write_F_FT1|  return value|
|ap_start                                   |   in|    1|  ap_ctrl_hs|                 write_F_FT1|  return value|
|ap_done                                    |  out|    1|  ap_ctrl_hs|                 write_F_FT1|  return value|
|ap_idle                                    |  out|    1|  ap_ctrl_hs|                 write_F_FT1|  return value|
|ap_ready                                   |  out|    1|  ap_ctrl_hs|                 write_F_FT1|  return value|
|fifo_F_from_task3_to_task5_din             |  out|   64|     ap_fifo|  fifo_F_from_task3_to_task5|       pointer|
|fifo_F_from_task3_to_task5_num_data_valid  |   in|   11|     ap_fifo|  fifo_F_from_task3_to_task5|       pointer|
|fifo_F_from_task3_to_task5_fifo_cap        |   in|   11|     ap_fifo|  fifo_F_from_task3_to_task5|       pointer|
|fifo_F_from_task3_to_task5_full_n          |   in|    1|     ap_fifo|  fifo_F_from_task3_to_task5|       pointer|
|fifo_F_from_task3_to_task5_write           |  out|    1|     ap_fifo|  fifo_F_from_task3_to_task5|       pointer|
|F_0_0_val                                  |   in|   32|     ap_none|                   F_0_0_val|        scalar|
|F_0_1_val                                  |   in|   32|     ap_none|                   F_0_1_val|        scalar|
|F_0_2_val                                  |   in|   32|     ap_none|                   F_0_2_val|        scalar|
|F_0_3_val                                  |   in|   32|     ap_none|                   F_0_3_val|        scalar|
|F_0_4_val                                  |   in|   32|     ap_none|                   F_0_4_val|        scalar|
|F_0_5_val                                  |   in|   32|     ap_none|                   F_0_5_val|        scalar|
|F_0_6_val                                  |   in|   32|     ap_none|                   F_0_6_val|        scalar|
|F_0_7_val                                  |   in|   32|     ap_none|                   F_0_7_val|        scalar|
|F_0_8_val                                  |   in|   32|     ap_none|                   F_0_8_val|        scalar|
|F_0_9_val                                  |   in|   32|     ap_none|                   F_0_9_val|        scalar|
|F_1_0_val                                  |   in|   32|     ap_none|                   F_1_0_val|        scalar|
|F_1_1_val                                  |   in|   32|     ap_none|                   F_1_1_val|        scalar|
|F_1_2_val                                  |   in|   32|     ap_none|                   F_1_2_val|        scalar|
|F_1_3_val                                  |   in|   32|     ap_none|                   F_1_3_val|        scalar|
|F_1_4_val                                  |   in|   32|     ap_none|                   F_1_4_val|        scalar|
|F_1_5_val                                  |   in|   32|     ap_none|                   F_1_5_val|        scalar|
|F_1_6_val                                  |   in|   32|     ap_none|                   F_1_6_val|        scalar|
|F_1_7_val                                  |   in|   32|     ap_none|                   F_1_7_val|        scalar|
|F_1_8_val                                  |   in|   32|     ap_none|                   F_1_8_val|        scalar|
|F_1_9_val                                  |   in|   32|     ap_none|                   F_1_9_val|        scalar|
|F_2_0_val                                  |   in|   32|     ap_none|                   F_2_0_val|        scalar|
|F_2_1_val                                  |   in|   32|     ap_none|                   F_2_1_val|        scalar|
|F_2_2_val                                  |   in|   32|     ap_none|                   F_2_2_val|        scalar|
|F_2_3_val                                  |   in|   32|     ap_none|                   F_2_3_val|        scalar|
|F_2_4_val                                  |   in|   32|     ap_none|                   F_2_4_val|        scalar|
|F_2_5_val                                  |   in|   32|     ap_none|                   F_2_5_val|        scalar|
|F_2_6_val                                  |   in|   32|     ap_none|                   F_2_6_val|        scalar|
|F_2_7_val                                  |   in|   32|     ap_none|                   F_2_7_val|        scalar|
|F_2_8_val                                  |   in|   32|     ap_none|                   F_2_8_val|        scalar|
|F_2_9_val                                  |   in|   32|     ap_none|                   F_2_9_val|        scalar|
|F_3_0_val                                  |   in|   32|     ap_none|                   F_3_0_val|        scalar|
|F_3_1_val                                  |   in|   32|     ap_none|                   F_3_1_val|        scalar|
|F_3_2_val                                  |   in|   32|     ap_none|                   F_3_2_val|        scalar|
|F_3_3_val                                  |   in|   32|     ap_none|                   F_3_3_val|        scalar|
|F_3_4_val                                  |   in|   32|     ap_none|                   F_3_4_val|        scalar|
|F_3_5_val                                  |   in|   32|     ap_none|                   F_3_5_val|        scalar|
|F_3_6_val                                  |   in|   32|     ap_none|                   F_3_6_val|        scalar|
|F_3_7_val                                  |   in|   32|     ap_none|                   F_3_7_val|        scalar|
|F_3_8_val                                  |   in|   32|     ap_none|                   F_3_8_val|        scalar|
|F_3_9_val                                  |   in|   32|     ap_none|                   F_3_9_val|        scalar|
|F_4_0_val                                  |   in|   32|     ap_none|                   F_4_0_val|        scalar|
|F_4_1_val                                  |   in|   32|     ap_none|                   F_4_1_val|        scalar|
|F_4_2_val                                  |   in|   32|     ap_none|                   F_4_2_val|        scalar|
|F_4_3_val                                  |   in|   32|     ap_none|                   F_4_3_val|        scalar|
|F_4_4_val                                  |   in|   32|     ap_none|                   F_4_4_val|        scalar|
|F_4_5_val                                  |   in|   32|     ap_none|                   F_4_5_val|        scalar|
|F_4_6_val                                  |   in|   32|     ap_none|                   F_4_6_val|        scalar|
|F_4_7_val                                  |   in|   32|     ap_none|                   F_4_7_val|        scalar|
|F_4_8_val                                  |   in|   32|     ap_none|                   F_4_8_val|        scalar|
|F_4_9_val                                  |   in|   32|     ap_none|                   F_4_9_val|        scalar|
|F_5_0_val                                  |   in|   32|     ap_none|                   F_5_0_val|        scalar|
|F_5_1_val                                  |   in|   32|     ap_none|                   F_5_1_val|        scalar|
|F_5_2_val                                  |   in|   32|     ap_none|                   F_5_2_val|        scalar|
|F_5_3_val                                  |   in|   32|     ap_none|                   F_5_3_val|        scalar|
|F_5_4_val                                  |   in|   32|     ap_none|                   F_5_4_val|        scalar|
|F_5_5_val                                  |   in|   32|     ap_none|                   F_5_5_val|        scalar|
|F_5_6_val                                  |   in|   32|     ap_none|                   F_5_6_val|        scalar|
|F_5_7_val                                  |   in|   32|     ap_none|                   F_5_7_val|        scalar|
|F_5_8_val                                  |   in|   32|     ap_none|                   F_5_8_val|        scalar|
|F_5_9_val                                  |   in|   32|     ap_none|                   F_5_9_val|        scalar|
|F_6_0_val                                  |   in|   32|     ap_none|                   F_6_0_val|        scalar|
|F_6_1_val                                  |   in|   32|     ap_none|                   F_6_1_val|        scalar|
|F_6_2_val                                  |   in|   32|     ap_none|                   F_6_2_val|        scalar|
|F_6_3_val                                  |   in|   32|     ap_none|                   F_6_3_val|        scalar|
|F_6_4_val                                  |   in|   32|     ap_none|                   F_6_4_val|        scalar|
|F_6_5_val                                  |   in|   32|     ap_none|                   F_6_5_val|        scalar|
|F_6_6_val                                  |   in|   32|     ap_none|                   F_6_6_val|        scalar|
|F_6_7_val                                  |   in|   32|     ap_none|                   F_6_7_val|        scalar|
|F_6_8_val                                  |   in|   32|     ap_none|                   F_6_8_val|        scalar|
|F_6_9_val                                  |   in|   32|     ap_none|                   F_6_9_val|        scalar|
|F_7_0_val                                  |   in|   32|     ap_none|                   F_7_0_val|        scalar|
|F_7_1_val                                  |   in|   32|     ap_none|                   F_7_1_val|        scalar|
|F_7_2_val                                  |   in|   32|     ap_none|                   F_7_2_val|        scalar|
|F_7_3_val                                  |   in|   32|     ap_none|                   F_7_3_val|        scalar|
|F_7_4_val                                  |   in|   32|     ap_none|                   F_7_4_val|        scalar|
|F_7_5_val                                  |   in|   32|     ap_none|                   F_7_5_val|        scalar|
|F_7_6_val                                  |   in|   32|     ap_none|                   F_7_6_val|        scalar|
|F_7_7_val                                  |   in|   32|     ap_none|                   F_7_7_val|        scalar|
|F_7_8_val                                  |   in|   32|     ap_none|                   F_7_8_val|        scalar|
|F_7_9_val                                  |   in|   32|     ap_none|                   F_7_9_val|        scalar|
|F_8_0_val                                  |   in|   32|     ap_none|                   F_8_0_val|        scalar|
|F_8_1_val                                  |   in|   32|     ap_none|                   F_8_1_val|        scalar|
|F_8_2_val                                  |   in|   32|     ap_none|                   F_8_2_val|        scalar|
|F_8_3_val                                  |   in|   32|     ap_none|                   F_8_3_val|        scalar|
|F_8_4_val                                  |   in|   32|     ap_none|                   F_8_4_val|        scalar|
|F_8_5_val                                  |   in|   32|     ap_none|                   F_8_5_val|        scalar|
|F_8_6_val                                  |   in|   32|     ap_none|                   F_8_6_val|        scalar|
|F_8_7_val                                  |   in|   32|     ap_none|                   F_8_7_val|        scalar|
|F_8_8_val                                  |   in|   32|     ap_none|                   F_8_8_val|        scalar|
|F_8_9_val                                  |   in|   32|     ap_none|                   F_8_9_val|        scalar|
|F_9_0_val                                  |   in|   32|     ap_none|                   F_9_0_val|        scalar|
|F_9_1_val                                  |   in|   32|     ap_none|                   F_9_1_val|        scalar|
|F_9_2_val                                  |   in|   32|     ap_none|                   F_9_2_val|        scalar|
|F_9_3_val                                  |   in|   32|     ap_none|                   F_9_3_val|        scalar|
|F_9_4_val                                  |   in|   32|     ap_none|                   F_9_4_val|        scalar|
|F_9_5_val                                  |   in|   32|     ap_none|                   F_9_5_val|        scalar|
|F_9_6_val                                  |   in|   32|     ap_none|                   F_9_6_val|        scalar|
|F_9_7_val                                  |   in|   32|     ap_none|                   F_9_7_val|        scalar|
|F_9_8_val                                  |   in|   32|     ap_none|                   F_9_8_val|        scalar|
|F_9_9_val                                  |   in|   32|     ap_none|                   F_9_9_val|        scalar|
+-------------------------------------------+-----+-----+------------+----------------------------+--------------+

