

================================================================
== Vitis HLS Report for 'write_E_FT0_5_Pipeline_VITIS_LOOP_1016_1'
================================================================
* Date:           Thu Jan  2 11:39:33 2025

* Version:        2023.2 (Build 4023990 on Oct 11 2023)
* Project:        kernel_nlp_slr0
* Solution:       solution (Vitis Kernel Flow Target)
* Product family: virtexuplusHBM
* Target device:  xcu55c-fsvh2892-2L-e


================================================================
== Performance Estimates
================================================================
+ Timing: 
    * Summary: 
    +--------+---------+----------+------------+
    |  Clock |  Target | Estimated| Uncertainty|
    +--------+---------+----------+------------+
    |ap_clk  |  4.55 ns|  1.482 ns|     1.23 ns|
    +--------+---------+----------+------------+

+ Latency: 
    * Summary: 
    +---------+---------+-----------+-----------+-----+-----+---------+
    |  Latency (cycles) |   Latency (absolute)  |  Interval | Pipeline|
    |   min   |   max   |    min    |    max    | min | max |   Type  |
    +---------+---------+-----------+-----------+-----+-----+---------+
    |       11|       11|  49.995 ns|  49.995 ns|   11|   11|       no|
    +---------+---------+-----------+-----------+-----+-----+---------+

    + Detail: 
        * Instance: 
        N/A

        * Loop: 
        +---------------------+---------+---------+----------+-----------+-----------+------+----------+
        |                     |  Latency (cycles) | Iteration|  Initiation Interval  | Trip |          |
        |      Loop Name      |   min   |   max   |  Latency |  achieved |   target  | Count| Pipelined|
        +---------------------+---------+---------+----------+-----------+-----------+------+----------+
        |- VITIS_LOOP_1016_1  |        9|        9|         2|          1|          1|     9|       yes|
        +---------------------+---------+---------+----------+-----------+-----------+------+----------+



================================================================
== Utilization Estimates
================================================================
* Summary: 
+---------------------+---------+------+---------+---------+-----+
|         Name        | BRAM_18K|  DSP |    FF   |   LUT   | URAM|
+---------------------+---------+------+---------+---------+-----+
|DSP                  |        -|     -|        -|        -|    -|
|Expression           |        -|     -|        0|       28|    -|
|FIFO                 |        -|     -|        -|        -|    -|
|Instance             |        -|     -|        0|      784|    -|
|Memory               |        -|     -|        -|        -|    -|
|Multiplexer          |        -|     -|        -|       45|    -|
|Register             |        -|     -|      519|        -|    -|
+---------------------+---------+------+---------+---------+-----+
|Total                |        0|     0|      519|      857|    0|
+---------------------+---------+------+---------+---------+-----+
|Available SLR        |     1344|  3008|   869120|   434560|  320|
+---------------------+---------+------+---------+---------+-----+
|Utilization SLR (%)  |        0|     0|       ~0|       ~0|    0|
+---------------------+---------+------+---------+---------+-----+
|Available            |     4032|  9024|  2607360|  1303680|  960|
+---------------------+---------+------+---------+---------+-----+
|Utilization (%)      |        0|     0|       ~0|       ~0|    0|
+---------------------+---------+------+---------+---------+-----+

+ Detail: 
    * Instance: 
    +-----------------------------+-----------------------+---------+----+---+----+-----+
    |           Instance          |         Module        | BRAM_18K| DSP| FF| LUT| URAM|
    +-----------------------------+-----------------------+---------+----+---+----+-----+
    |sparsemux_19_4_32_1_1_U1367  |sparsemux_19_4_32_1_1  |        0|   0|  0|  49|    0|
    |sparsemux_19_4_32_1_1_U1368  |sparsemux_19_4_32_1_1  |        0|   0|  0|  49|    0|
    |sparsemux_19_4_32_1_1_U1369  |sparsemux_19_4_32_1_1  |        0|   0|  0|  49|    0|
    |sparsemux_19_4_32_1_1_U1370  |sparsemux_19_4_32_1_1  |        0|   0|  0|  49|    0|
    |sparsemux_19_4_32_1_1_U1371  |sparsemux_19_4_32_1_1  |        0|   0|  0|  49|    0|
    |sparsemux_19_4_32_1_1_U1372  |sparsemux_19_4_32_1_1  |        0|   0|  0|  49|    0|
    |sparsemux_19_4_32_1_1_U1373  |sparsemux_19_4_32_1_1  |        0|   0|  0|  49|    0|
    |sparsemux_19_4_32_1_1_U1374  |sparsemux_19_4_32_1_1  |        0|   0|  0|  49|    0|
    |sparsemux_19_4_32_1_1_U1375  |sparsemux_19_4_32_1_1  |        0|   0|  0|  49|    0|
    |sparsemux_19_4_32_1_1_U1376  |sparsemux_19_4_32_1_1  |        0|   0|  0|  49|    0|
    |sparsemux_19_4_32_1_1_U1377  |sparsemux_19_4_32_1_1  |        0|   0|  0|  49|    0|
    |sparsemux_19_4_32_1_1_U1378  |sparsemux_19_4_32_1_1  |        0|   0|  0|  49|    0|
    |sparsemux_19_4_32_1_1_U1379  |sparsemux_19_4_32_1_1  |        0|   0|  0|  49|    0|
    |sparsemux_19_4_32_1_1_U1380  |sparsemux_19_4_32_1_1  |        0|   0|  0|  49|    0|
    |sparsemux_19_4_32_1_1_U1381  |sparsemux_19_4_32_1_1  |        0|   0|  0|  49|    0|
    |sparsemux_19_4_32_1_1_U1382  |sparsemux_19_4_32_1_1  |        0|   0|  0|  49|    0|
    +-----------------------------+-----------------------+---------+----+---+----+-----+
    |Total                        |                       |        0|   0|  0| 784|    0|
    +-----------------------------+-----------------------+---------+----+---+----+-----+

    * DSP: 
    N/A

    * Memory: 
    N/A

    * FIFO: 
    N/A

    * Expression: 
    +---------------------------+----------+----+---+----+------------+------------+
    |       Variable Name       | Operation| DSP| FF| LUT| Bitwidth P0| Bitwidth P1|
    +---------------------------+----------+----+---+----+------------+------------+
    |add_ln1016_fu_1231_p2      |         +|   0|  0|  12|           4|           1|
    |ap_block_pp0_stage0_01001  |       and|   0|  0|   2|           1|           1|
    |icmp_ln1016_fu_1225_p2     |      icmp|   0|  0|  12|           4|           4|
    |ap_enable_pp0              |       xor|   0|  0|   2|           1|           2|
    +---------------------------+----------+----+---+----+------------+------------+
    |Total                      |          |   0|  0|  28|          10|           8|
    +---------------------------+----------+----+---+----+------------+------------+

    * Multiplexer: 
    +--------------------------+----+-----------+-----+-----------+
    |           Name           | LUT| Input Size| Bits| Total Bits|
    +--------------------------+----+-----------+-----+-----------+
    |ap_done_int               |   9|          2|    1|          2|
    |ap_enable_reg_pp0_iter1   |   9|          2|    1|          2|
    |ap_sig_allocacmp_d0_1     |   9|          2|    4|          8|
    |d0_fu_342                 |   9|          2|    4|          8|
    |fifo_E_to_off_chip_blk_n  |   9|          2|    1|          2|
    +--------------------------+----+-----------+-----+-----------+
    |Total                     |  45|         10|   11|         22|
    +--------------------------+----+-----------+-----+-----------+

    * Register: 
    +-------------------------+----+----+-----+-----------+
    |           Name          | FF | LUT| Bits| Const Bits|
    +-------------------------+----+----+-----+-----------+
    |ap_CS_fsm                |   1|   0|    1|          0|
    |ap_done_reg              |   1|   0|    1|          0|
    |ap_enable_reg_pp0_iter1  |   1|   0|    1|          0|
    |d0_fu_342                |   4|   0|    4|          0|
    |tmp_102_i_reg_2051       |  32|   0|   32|          0|
    |tmp_103_i_reg_2056       |  32|   0|   32|          0|
    |tmp_104_i_reg_2061       |  32|   0|   32|          0|
    |tmp_105_i_reg_2066       |  32|   0|   32|          0|
    |tmp_106_i_reg_2071       |  32|   0|   32|          0|
    |tmp_107_i_reg_2076       |  32|   0|   32|          0|
    |tmp_108_i_reg_2081       |  32|   0|   32|          0|
    |tmp_109_i_reg_2086       |  32|   0|   32|          0|
    |tmp_110_i_reg_2091       |  32|   0|   32|          0|
    |tmp_111_i_reg_2096       |  32|   0|   32|          0|
    |tmp_112_i_reg_2101       |  32|   0|   32|          0|
    |tmp_113_i_reg_2106       |  32|   0|   32|          0|
    |tmp_114_i_reg_2111       |  32|   0|   32|          0|
    |tmp_115_i_reg_2116       |  32|   0|   32|          0|
    |tmp_i_63_reg_2046        |  32|   0|   32|          0|
    |tmp_i_reg_2041           |  32|   0|   32|          0|
    +-------------------------+----+----+-----+-----------+
    |Total                    | 519|   0|  519|          0|
    +-------------------------+----+----+-----+-----------+



================================================================
== Interface
================================================================
* Summary: 
+-----------------------------------+-----+-----+------------+------------------------------------------+--------------+
|             RTL Ports             | Dir | Bits|  Protocol  |               Source Object              |    C Type    |
+-----------------------------------+-----+-----+------------+------------------------------------------+--------------+
|ap_clk                             |   in|    1|  ap_ctrl_hs|  write_E_FT0.5_Pipeline_VITIS_LOOP_1016_1|  return value|
|ap_rst                             |   in|    1|  ap_ctrl_hs|  write_E_FT0.5_Pipeline_VITIS_LOOP_1016_1|  return value|
|ap_start                           |   in|    1|  ap_ctrl_hs|  write_E_FT0.5_Pipeline_VITIS_LOOP_1016_1|  return value|
|ap_done                            |  out|    1|  ap_ctrl_hs|  write_E_FT0.5_Pipeline_VITIS_LOOP_1016_1|  return value|
|ap_idle                            |  out|    1|  ap_ctrl_hs|  write_E_FT0.5_Pipeline_VITIS_LOOP_1016_1|  return value|
|ap_ready                           |  out|    1|  ap_ctrl_hs|  write_E_FT0.5_Pipeline_VITIS_LOOP_1016_1|  return value|
|fifo_E_to_off_chip_din             |  out|  512|     ap_fifo|                        fifo_E_to_off_chip|       pointer|
|fifo_E_to_off_chip_num_data_valid  |   in|   11|     ap_fifo|                        fifo_E_to_off_chip|       pointer|
|fifo_E_to_off_chip_fifo_cap        |   in|   11|     ap_fifo|                        fifo_E_to_off_chip|       pointer|
|fifo_E_to_off_chip_full_n          |   in|    1|     ap_fifo|                        fifo_E_to_off_chip|       pointer|
|fifo_E_to_off_chip_write           |  out|    1|     ap_fifo|                        fifo_E_to_off_chip|       pointer|
|E_1_0_0_val3_load                  |   in|   32|     ap_none|                         E_1_0_0_val3_load|        scalar|
|E_1_1_0_val35_load                 |   in|   32|     ap_none|                        E_1_1_0_val35_load|        scalar|
|E_1_2_0_val67_load                 |   in|   32|     ap_none|                        E_1_2_0_val67_load|        scalar|
|E_1_3_0_val99_load                 |   in|   32|     ap_none|                        E_1_3_0_val99_load|        scalar|
|E_1_4_0_val131_load                |   in|   32|     ap_none|                       E_1_4_0_val131_load|        scalar|
|E_1_5_0_val163_load                |   in|   32|     ap_none|                       E_1_5_0_val163_load|        scalar|
|E_1_6_0_val195_load                |   in|   32|     ap_none|                       E_1_6_0_val195_load|        scalar|
|E_1_7_0_val227_load                |   in|   32|     ap_none|                       E_1_7_0_val227_load|        scalar|
|E_1_8_0_val259_load                |   in|   32|     ap_none|                       E_1_8_0_val259_load|        scalar|
|E_1_0_1_val5_load                  |   in|   32|     ap_none|                         E_1_0_1_val5_load|        scalar|
|E_1_1_1_val37_load                 |   in|   32|     ap_none|                        E_1_1_1_val37_load|        scalar|
|E_1_2_1_val69_load                 |   in|   32|     ap_none|                        E_1_2_1_val69_load|        scalar|
|E_1_3_1_val101_load                |   in|   32|     ap_none|                       E_1_3_1_val101_load|        scalar|
|E_1_4_1_val133_load                |   in|   32|     ap_none|                       E_1_4_1_val133_load|        scalar|
|E_1_5_1_val165_load                |   in|   32|     ap_none|                       E_1_5_1_val165_load|        scalar|
|E_1_6_1_val197_load                |   in|   32|     ap_none|                       E_1_6_1_val197_load|        scalar|
|E_1_7_1_val229_load                |   in|   32|     ap_none|                       E_1_7_1_val229_load|        scalar|
|E_1_8_1_val261_load                |   in|   32|     ap_none|                       E_1_8_1_val261_load|        scalar|
|E_1_0_2_val7_load                  |   in|   32|     ap_none|                         E_1_0_2_val7_load|        scalar|
|E_1_1_2_val39_load                 |   in|   32|     ap_none|                        E_1_1_2_val39_load|        scalar|
|E_1_2_2_val71_load                 |   in|   32|     ap_none|                        E_1_2_2_val71_load|        scalar|
|E_1_3_2_val103_load                |   in|   32|     ap_none|                       E_1_3_2_val103_load|        scalar|
|E_1_4_2_val135_load                |   in|   32|     ap_none|                       E_1_4_2_val135_load|        scalar|
|E_1_5_2_val167_load                |   in|   32|     ap_none|                       E_1_5_2_val167_load|        scalar|
|E_1_6_2_val199_load                |   in|   32|     ap_none|                       E_1_6_2_val199_load|        scalar|
|E_1_7_2_val231_load                |   in|   32|     ap_none|                       E_1_7_2_val231_load|        scalar|
|E_1_8_2_val263_load                |   in|   32|     ap_none|                       E_1_8_2_val263_load|        scalar|
|E_1_0_3_val9_load                  |   in|   32|     ap_none|                         E_1_0_3_val9_load|        scalar|
|E_1_1_3_val41_load                 |   in|   32|     ap_none|                        E_1_1_3_val41_load|        scalar|
|E_1_2_3_val73_load                 |   in|   32|     ap_none|                        E_1_2_3_val73_load|        scalar|
|E_1_3_3_val105_load                |   in|   32|     ap_none|                       E_1_3_3_val105_load|        scalar|
|E_1_4_3_val137_load                |   in|   32|     ap_none|                       E_1_4_3_val137_load|        scalar|
|E_1_5_3_val169_load                |   in|   32|     ap_none|                       E_1_5_3_val169_load|        scalar|
|E_1_6_3_val201_load                |   in|   32|     ap_none|                       E_1_6_3_val201_load|        scalar|
|E_1_7_3_val233_load                |   in|   32|     ap_none|                       E_1_7_3_val233_load|        scalar|
|E_1_8_3_val265_load                |   in|   32|     ap_none|                       E_1_8_3_val265_load|        scalar|
|E_1_0_4_val11_load                 |   in|   32|     ap_none|                        E_1_0_4_val11_load|        scalar|
|E_1_1_4_val43_load                 |   in|   32|     ap_none|                        E_1_1_4_val43_load|        scalar|
|E_1_2_4_val75_load                 |   in|   32|     ap_none|                        E_1_2_4_val75_load|        scalar|
|E_1_3_4_val107_load                |   in|   32|     ap_none|                       E_1_3_4_val107_load|        scalar|
|E_1_4_4_val139_load                |   in|   32|     ap_none|                       E_1_4_4_val139_load|        scalar|
|E_1_5_4_val171_load                |   in|   32|     ap_none|                       E_1_5_4_val171_load|        scalar|
|E_1_6_4_val203_load                |   in|   32|     ap_none|                       E_1_6_4_val203_load|        scalar|
|E_1_7_4_val235_load                |   in|   32|     ap_none|                       E_1_7_4_val235_load|        scalar|
|E_1_8_4_val267_load                |   in|   32|     ap_none|                       E_1_8_4_val267_load|        scalar|
|E_1_0_5_val13_load                 |   in|   32|     ap_none|                        E_1_0_5_val13_load|        scalar|
|E_1_1_5_val45_load                 |   in|   32|     ap_none|                        E_1_1_5_val45_load|        scalar|
|E_1_2_5_val77_load                 |   in|   32|     ap_none|                        E_1_2_5_val77_load|        scalar|
|E_1_3_5_val109_load                |   in|   32|     ap_none|                       E_1_3_5_val109_load|        scalar|
|E_1_4_5_val141_load                |   in|   32|     ap_none|                       E_1_4_5_val141_load|        scalar|
|E_1_5_5_val173_load                |   in|   32|     ap_none|                       E_1_5_5_val173_load|        scalar|
|E_1_6_5_val205_load                |   in|   32|     ap_none|                       E_1_6_5_val205_load|        scalar|
|E_1_7_5_val237_load                |   in|   32|     ap_none|                       E_1_7_5_val237_load|        scalar|
|E_1_8_5_val269_load                |   in|   32|     ap_none|                       E_1_8_5_val269_load|        scalar|
|E_1_0_6_val15_load                 |   in|   32|     ap_none|                        E_1_0_6_val15_load|        scalar|
|E_1_1_6_val47_load                 |   in|   32|     ap_none|                        E_1_1_6_val47_load|        scalar|
|E_1_2_6_val79_load                 |   in|   32|     ap_none|                        E_1_2_6_val79_load|        scalar|
|E_1_3_6_val111_load                |   in|   32|     ap_none|                       E_1_3_6_val111_load|        scalar|
|E_1_4_6_val143_load                |   in|   32|     ap_none|                       E_1_4_6_val143_load|        scalar|
|E_1_5_6_val175_load                |   in|   32|     ap_none|                       E_1_5_6_val175_load|        scalar|
|E_1_6_6_val207_load                |   in|   32|     ap_none|                       E_1_6_6_val207_load|        scalar|
|E_1_7_6_val239_load                |   in|   32|     ap_none|                       E_1_7_6_val239_load|        scalar|
|E_1_8_6_val271_load                |   in|   32|     ap_none|                       E_1_8_6_val271_load|        scalar|
|E_1_0_7_val17_load                 |   in|   32|     ap_none|                        E_1_0_7_val17_load|        scalar|
|E_1_1_7_val49_load                 |   in|   32|     ap_none|                        E_1_1_7_val49_load|        scalar|
|E_1_2_7_val81_load                 |   in|   32|     ap_none|                        E_1_2_7_val81_load|        scalar|
|E_1_3_7_val113_load                |   in|   32|     ap_none|                       E_1_3_7_val113_load|        scalar|
|E_1_4_7_val145_load                |   in|   32|     ap_none|                       E_1_4_7_val145_load|        scalar|
|E_1_5_7_val177_load                |   in|   32|     ap_none|                       E_1_5_7_val177_load|        scalar|
|E_1_6_7_val209_load                |   in|   32|     ap_none|                       E_1_6_7_val209_load|        scalar|
|E_1_7_7_val241_load                |   in|   32|     ap_none|                       E_1_7_7_val241_load|        scalar|
|E_1_8_7_val273_load                |   in|   32|     ap_none|                       E_1_8_7_val273_load|        scalar|
|E_1_0_8_val19_load                 |   in|   32|     ap_none|                        E_1_0_8_val19_load|        scalar|
|E_1_1_8_val51_load                 |   in|   32|     ap_none|                        E_1_1_8_val51_load|        scalar|
|E_1_2_8_val83_load                 |   in|   32|     ap_none|                        E_1_2_8_val83_load|        scalar|
|E_1_3_8_val115_load                |   in|   32|     ap_none|                       E_1_3_8_val115_load|        scalar|
|E_1_4_8_val147_load                |   in|   32|     ap_none|                       E_1_4_8_val147_load|        scalar|
|E_1_5_8_val179_load                |   in|   32|     ap_none|                       E_1_5_8_val179_load|        scalar|
|E_1_6_8_val211_load                |   in|   32|     ap_none|                       E_1_6_8_val211_load|        scalar|
|E_1_7_8_val243_load                |   in|   32|     ap_none|                       E_1_7_8_val243_load|        scalar|
|E_1_8_8_val275_load                |   in|   32|     ap_none|                       E_1_8_8_val275_load|        scalar|
|E_1_0_9_val21_load                 |   in|   32|     ap_none|                        E_1_0_9_val21_load|        scalar|
|E_1_1_9_val53_load                 |   in|   32|     ap_none|                        E_1_1_9_val53_load|        scalar|
|E_1_2_9_val85_load                 |   in|   32|     ap_none|                        E_1_2_9_val85_load|        scalar|
|E_1_3_9_val117_load                |   in|   32|     ap_none|                       E_1_3_9_val117_load|        scalar|
|E_1_4_9_val149_load                |   in|   32|     ap_none|                       E_1_4_9_val149_load|        scalar|
|E_1_5_9_val181_load                |   in|   32|     ap_none|                       E_1_5_9_val181_load|        scalar|
|E_1_6_9_val213_load                |   in|   32|     ap_none|                       E_1_6_9_val213_load|        scalar|
|E_1_7_9_val245_load                |   in|   32|     ap_none|                       E_1_7_9_val245_load|        scalar|
|E_1_8_9_val277_load                |   in|   32|     ap_none|                       E_1_8_9_val277_load|        scalar|
|E_1_0_10_val23_load                |   in|   32|     ap_none|                       E_1_0_10_val23_load|        scalar|
|E_1_1_10_val55_load                |   in|   32|     ap_none|                       E_1_1_10_val55_load|        scalar|
|E_1_2_10_val87_load                |   in|   32|     ap_none|                       E_1_2_10_val87_load|        scalar|
|E_1_3_10_val119_load               |   in|   32|     ap_none|                      E_1_3_10_val119_load|        scalar|
|E_1_4_10_val151_load               |   in|   32|     ap_none|                      E_1_4_10_val151_load|        scalar|
|E_1_5_10_val183_load               |   in|   32|     ap_none|                      E_1_5_10_val183_load|        scalar|
|E_1_6_10_val215_load               |   in|   32|     ap_none|                      E_1_6_10_val215_load|        scalar|
|E_1_7_10_val247_load               |   in|   32|     ap_none|                      E_1_7_10_val247_load|        scalar|
|E_1_8_10_val279_load               |   in|   32|     ap_none|                      E_1_8_10_val279_load|        scalar|
|E_1_0_11_val25_load                |   in|   32|     ap_none|                       E_1_0_11_val25_load|        scalar|
|E_1_1_11_val57_load                |   in|   32|     ap_none|                       E_1_1_11_val57_load|        scalar|
|E_1_2_11_val89_load                |   in|   32|     ap_none|                       E_1_2_11_val89_load|        scalar|
|E_1_3_11_val121_load               |   in|   32|     ap_none|                      E_1_3_11_val121_load|        scalar|
|E_1_4_11_val153_load               |   in|   32|     ap_none|                      E_1_4_11_val153_load|        scalar|
|E_1_5_11_val185_load               |   in|   32|     ap_none|                      E_1_5_11_val185_load|        scalar|
|E_1_6_11_val217_load               |   in|   32|     ap_none|                      E_1_6_11_val217_load|        scalar|
|E_1_7_11_val249_load               |   in|   32|     ap_none|                      E_1_7_11_val249_load|        scalar|
|E_1_8_11_val281_load               |   in|   32|     ap_none|                      E_1_8_11_val281_load|        scalar|
|E_1_0_12_val27_load                |   in|   32|     ap_none|                       E_1_0_12_val27_load|        scalar|
|E_1_1_12_val59_load                |   in|   32|     ap_none|                       E_1_1_12_val59_load|        scalar|
|E_1_2_12_val91_load                |   in|   32|     ap_none|                       E_1_2_12_val91_load|        scalar|
|E_1_3_12_val123_load               |   in|   32|     ap_none|                      E_1_3_12_val123_load|        scalar|
|E_1_4_12_val155_load               |   in|   32|     ap_none|                      E_1_4_12_val155_load|        scalar|
|E_1_5_12_val187_load               |   in|   32|     ap_none|                      E_1_5_12_val187_load|        scalar|
|E_1_6_12_val219_load               |   in|   32|     ap_none|                      E_1_6_12_val219_load|        scalar|
|E_1_7_12_val251_load               |   in|   32|     ap_none|                      E_1_7_12_val251_load|        scalar|
|E_1_8_12_val283_load               |   in|   32|     ap_none|                      E_1_8_12_val283_load|        scalar|
|E_1_0_13_val29_load                |   in|   32|     ap_none|                       E_1_0_13_val29_load|        scalar|
|E_1_1_13_val61_load                |   in|   32|     ap_none|                       E_1_1_13_val61_load|        scalar|
|E_1_2_13_val93_load                |   in|   32|     ap_none|                       E_1_2_13_val93_load|        scalar|
|E_1_3_13_val125_load               |   in|   32|     ap_none|                      E_1_3_13_val125_load|        scalar|
|E_1_4_13_val157_load               |   in|   32|     ap_none|                      E_1_4_13_val157_load|        scalar|
|E_1_5_13_val189_load               |   in|   32|     ap_none|                      E_1_5_13_val189_load|        scalar|
|E_1_6_13_val221_load               |   in|   32|     ap_none|                      E_1_6_13_val221_load|        scalar|
|E_1_7_13_val253_load               |   in|   32|     ap_none|                      E_1_7_13_val253_load|        scalar|
|E_1_8_13_val285_load               |   in|   32|     ap_none|                      E_1_8_13_val285_load|        scalar|
|E_1_0_14_val31_load                |   in|   32|     ap_none|                       E_1_0_14_val31_load|        scalar|
|E_1_1_14_val63_load                |   in|   32|     ap_none|                       E_1_1_14_val63_load|        scalar|
|E_1_2_14_val95_load                |   in|   32|     ap_none|                       E_1_2_14_val95_load|        scalar|
|E_1_3_14_val127_load               |   in|   32|     ap_none|                      E_1_3_14_val127_load|        scalar|
|E_1_4_14_val159_load               |   in|   32|     ap_none|                      E_1_4_14_val159_load|        scalar|
|E_1_5_14_val191_load               |   in|   32|     ap_none|                      E_1_5_14_val191_load|        scalar|
|E_1_6_14_val223_load               |   in|   32|     ap_none|                      E_1_6_14_val223_load|        scalar|
|E_1_7_14_val255_load               |   in|   32|     ap_none|                      E_1_7_14_val255_load|        scalar|
|E_1_8_14_val287_load               |   in|   32|     ap_none|                      E_1_8_14_val287_load|        scalar|
|E_1_0_15_val33_load                |   in|   32|     ap_none|                       E_1_0_15_val33_load|        scalar|
|E_1_1_15_val65_load                |   in|   32|     ap_none|                       E_1_1_15_val65_load|        scalar|
|E_1_2_15_val97_load                |   in|   32|     ap_none|                       E_1_2_15_val97_load|        scalar|
|E_1_3_15_val129_load               |   in|   32|     ap_none|                      E_1_3_15_val129_load|        scalar|
|E_1_4_15_val161_load               |   in|   32|     ap_none|                      E_1_4_15_val161_load|        scalar|
|E_1_5_15_val193_load               |   in|   32|     ap_none|                      E_1_5_15_val193_load|        scalar|
|E_1_6_15_val225_load               |   in|   32|     ap_none|                      E_1_6_15_val225_load|        scalar|
|E_1_7_15_val257_load               |   in|   32|     ap_none|                      E_1_7_15_val257_load|        scalar|
|E_1_8_15_val289_load               |   in|   32|     ap_none|                      E_1_8_15_val289_load|        scalar|
+-----------------------------------+-----+-----+------------+------------------------------------------+--------------+

