

================================================================
== Vitis HLS Report for 'FT0_level0'
================================================================
* Date:           Thu Jan  2 03:28:41 2025

* Version:        2023.2 (Build 4023990 on Oct 11 2023)
* Project:        kernel_nlp_slr0
* Solution:       solution (Vitis Kernel Flow Target)
* Product family: virtexuplusHBM
* Target device:  xcu55c-fsvh2892-2L-e


================================================================
== Performance Estimates
================================================================
+ Timing: 
    * Summary: 
    +--------+---------+----------+------------+
    |  Clock |  Target | Estimated| Uncertainty|
    +--------+---------+----------+------------+
    |ap_clk  |  4.55 ns|  3.281 ns|     1.23 ns|
    +--------+---------+----------+------------+

+ Latency: 
    * Summary: 
    +---------+---------+----------+----------+-------+-------+---------+
    |  Latency (cycles) |  Latency (absolute) |    Interval   | Pipeline|
    |   min   |   max   |    min   |    max   |  min  |  max  |   Type  |
    +---------+---------+----------+----------+-------+-------+---------+
    |    42095|    42095|  0.191 ms|  0.191 ms|  42095|  42095|       no|
    +---------+---------+----------+----------+-------+-------+---------+

    + Detail: 
        * Instance: 
        +-----------------------+------------+---------+---------+-----------+-----------+------+------+---------+
        |                       |            |  Latency (cycles) |   Latency (absolute)  |   Interval  | Pipeline|
        |        Instance       |   Module   |   min   |   max   |    min    |    max    |  min |  max |   Type  |
        +-----------------------+------------+---------+---------+-----------+-----------+------+------+---------+
        |grp_read_B_FT0_fu_586  |read_B_FT0  |     2532|     2532|  11.508 us|  11.508 us|  2532|  2532|       no|
        |grp_read_A_FT0_fu_736  |read_A_FT0  |        1|      391|   4.545 ns|   1.777 us|     1|   391|       no|
        |grp_FT0_level1_fu_798  |FT0_level1  |     1976|     1976|   8.981 us|   8.981 us|  1976|  1976|       no|
        +-----------------------+------------+---------+---------+-----------+-----------+------+------+---------+

        * Loop: 
        +--------------------+---------+---------+----------+-----------+-----------+------+----------+
        |                    |  Latency (cycles) | Iteration|  Initiation Interval  | Trip |          |
        |      Loop Name     |   min   |   max   |  Latency |  achieved |   target  | Count| Pipelined|
        +--------------------+---------+---------+----------+-----------+-----------+------+----------+
        |- VITIS_LOOP_220_1  |    39560|    39560|      1978|          -|          -|    20|        no|
        +--------------------+---------+---------+----------+-----------+-----------+------+----------+



================================================================
== Utilization Estimates
================================================================
* Summary: 
+---------------------+---------+------+---------+---------+-----+
|         Name        | BRAM_18K|  DSP |    FF   |   LUT   | URAM|
+---------------------+---------+------+---------+---------+-----+
|DSP                  |        -|     -|        -|        -|    -|
|Expression           |        -|     -|        0|       32|    -|
|FIFO                 |        -|     -|        -|        -|    -|
|Instance             |        -|  1059|   190660|   158125|    -|
|Memory               |      144|     -|     1728|     3510|    0|
|Multiplexer          |        -|     -|        -|     6120|    -|
|Register             |        -|     -|       52|        -|    -|
+---------------------+---------+------+---------+---------+-----+
|Total                |      144|  1059|   192440|   167787|    0|
+---------------------+---------+------+---------+---------+-----+
|Available SLR        |     1344|  3008|   869120|   434560|  320|
+---------------------+---------+------+---------+---------+-----+
|Utilization SLR (%)  |       10|    35|       22|       38|    0|
+---------------------+---------+------+---------+---------+-----+
|Available            |     4032|  9024|  2607360|  1303680|  960|
+---------------------+---------+------+---------+---------+-----+
|Utilization (%)      |        3|    11|        7|       12|    0|
+---------------------+---------+------+---------+---------+-----+

+ Detail: 
    * Instance: 
    +-----------------------+------------+---------+------+--------+--------+-----+
    |        Instance       |   Module   | BRAM_18K|  DSP |   FF   |   LUT  | URAM|
    +-----------------------+------------+---------+------+--------+--------+-----+
    |grp_FT0_level1_fu_798  |FT0_level1  |        0|  1059|  189034|  137309|    0|
    |grp_read_A_FT0_fu_736  |read_A_FT0  |        0|     0|     990|    7238|    0|
    |grp_read_B_FT0_fu_586  |read_B_FT0  |        0|     0|     636|   13578|    0|
    +-----------------------+------------+---------+------+--------+--------+-----+
    |Total                  |            |        0|  1059|  190660|  158125|    0|
    +-----------------------+------------+---------+------+--------+--------+-----+

    * DSP: 
    N/A

    * Memory: 
    +----------+------------------------------+---------+----+----+-----+------+-----+------+-------------+
    |  Memory  |            Module            | BRAM_18K| FF | LUT| URAM| Words| Bits| Banks| W*Bits*Banks|
    +----------+------------------------------+---------+----+----+-----+------+-----+------+-------------+
    |A_0_U     |FT0_level0_A_0_RAM_AUTO_1R1W  |        0|  32|  65|    0|    70|   32|     1|         2240|
    |A_0_1_U   |FT0_level0_A_0_RAM_AUTO_1R1W  |        0|  32|  65|    0|    70|   32|     1|         2240|
    |A_0_2_U   |FT0_level0_A_0_RAM_AUTO_1R1W  |        0|  32|  65|    0|    70|   32|     1|         2240|
    |A_0_3_U   |FT0_level0_A_0_RAM_AUTO_1R1W  |        0|  32|  65|    0|    70|   32|     1|         2240|
    |A_0_4_U   |FT0_level0_A_0_RAM_AUTO_1R1W  |        0|  32|  65|    0|    70|   32|     1|         2240|
    |A_0_5_U   |FT0_level0_A_0_RAM_AUTO_1R1W  |        0|  32|  65|    0|    70|   32|     1|         2240|
    |A_0_6_U   |FT0_level0_A_0_RAM_AUTO_1R1W  |        0|  32|  65|    0|    70|   32|     1|         2240|
    |A_0_7_U   |FT0_level0_A_0_RAM_AUTO_1R1W  |        0|  32|  65|    0|    70|   32|     1|         2240|
    |A_0_8_U   |FT0_level0_A_0_RAM_AUTO_1R1W  |        0|  32|  65|    0|    70|   32|     1|         2240|
    |A_0_9_U   |FT0_level0_A_0_RAM_AUTO_1R1W  |        0|  32|  65|    0|    70|   32|     1|         2240|
    |A_0_10_U  |FT0_level0_A_0_RAM_AUTO_1R1W  |        0|  32|  65|    0|    70|   32|     1|         2240|
    |A_0_11_U  |FT0_level0_A_0_RAM_AUTO_1R1W  |        0|  32|  65|    0|    70|   32|     1|         2240|
    |A_0_12_U  |FT0_level0_A_0_RAM_AUTO_1R1W  |        0|  32|  65|    0|    70|   32|     1|         2240|
    |A_0_13_U  |FT0_level0_A_0_RAM_AUTO_1R1W  |        0|  32|  65|    0|    70|   32|     1|         2240|
    |A_0_14_U  |FT0_level0_A_0_RAM_AUTO_1R1W  |        0|  32|  65|    0|    70|   32|     1|         2240|
    |A_0_15_U  |FT0_level0_A_0_RAM_AUTO_1R1W  |        0|  32|  65|    0|    70|   32|     1|         2240|
    |A_0_16_U  |FT0_level0_A_0_RAM_AUTO_1R1W  |        0|  32|  65|    0|    70|   32|     1|         2240|
    |A_0_17_U  |FT0_level0_A_0_RAM_AUTO_1R1W  |        0|  32|  65|    0|    70|   32|     1|         2240|
    |A_0_18_U  |FT0_level0_A_0_RAM_AUTO_1R1W  |        0|  32|  65|    0|    70|   32|     1|         2240|
    |A_0_19_U  |FT0_level0_A_0_RAM_AUTO_1R1W  |        0|  32|  65|    0|    70|   32|     1|         2240|
    |A_0_20_U  |FT0_level0_A_0_RAM_AUTO_1R1W  |        0|  32|  65|    0|    70|   32|     1|         2240|
    |A_0_21_U  |FT0_level0_A_0_RAM_AUTO_1R1W  |        0|  32|  65|    0|    70|   32|     1|         2240|
    |A_0_22_U  |FT0_level0_A_0_RAM_AUTO_1R1W  |        0|  32|  65|    0|    70|   32|     1|         2240|
    |A_0_23_U  |FT0_level0_A_0_RAM_AUTO_1R1W  |        0|  32|  65|    0|    70|   32|     1|         2240|
    |A_0_24_U  |FT0_level0_A_0_RAM_AUTO_1R1W  |        0|  32|  65|    0|    70|   32|     1|         2240|
    |A_0_25_U  |FT0_level0_A_0_RAM_AUTO_1R1W  |        0|  32|  65|    0|    70|   32|     1|         2240|
    |A_0_26_U  |FT0_level0_A_0_RAM_AUTO_1R1W  |        0|  32|  65|    0|    70|   32|     1|         2240|
    |A_1_U     |FT0_level0_A_0_RAM_AUTO_1R1W  |        0|  32|  65|    0|    70|   32|     1|         2240|
    |A_1_1_U   |FT0_level0_A_0_RAM_AUTO_1R1W  |        0|  32|  65|    0|    70|   32|     1|         2240|
    |A_1_2_U   |FT0_level0_A_0_RAM_AUTO_1R1W  |        0|  32|  65|    0|    70|   32|     1|         2240|
    |A_1_3_U   |FT0_level0_A_0_RAM_AUTO_1R1W  |        0|  32|  65|    0|    70|   32|     1|         2240|
    |A_1_4_U   |FT0_level0_A_0_RAM_AUTO_1R1W  |        0|  32|  65|    0|    70|   32|     1|         2240|
    |A_1_5_U   |FT0_level0_A_0_RAM_AUTO_1R1W  |        0|  32|  65|    0|    70|   32|     1|         2240|
    |A_1_6_U   |FT0_level0_A_0_RAM_AUTO_1R1W  |        0|  32|  65|    0|    70|   32|     1|         2240|
    |A_1_7_U   |FT0_level0_A_0_RAM_AUTO_1R1W  |        0|  32|  65|    0|    70|   32|     1|         2240|
    |A_1_8_U   |FT0_level0_A_0_RAM_AUTO_1R1W  |        0|  32|  65|    0|    70|   32|     1|         2240|
    |A_1_9_U   |FT0_level0_A_0_RAM_AUTO_1R1W  |        0|  32|  65|    0|    70|   32|     1|         2240|
    |A_1_10_U  |FT0_level0_A_0_RAM_AUTO_1R1W  |        0|  32|  65|    0|    70|   32|     1|         2240|
    |A_1_11_U  |FT0_level0_A_0_RAM_AUTO_1R1W  |        0|  32|  65|    0|    70|   32|     1|         2240|
    |A_1_12_U  |FT0_level0_A_0_RAM_AUTO_1R1W  |        0|  32|  65|    0|    70|   32|     1|         2240|
    |A_1_13_U  |FT0_level0_A_0_RAM_AUTO_1R1W  |        0|  32|  65|    0|    70|   32|     1|         2240|
    |A_1_14_U  |FT0_level0_A_0_RAM_AUTO_1R1W  |        0|  32|  65|    0|    70|   32|     1|         2240|
    |A_1_15_U  |FT0_level0_A_0_RAM_AUTO_1R1W  |        0|  32|  65|    0|    70|   32|     1|         2240|
    |A_1_16_U  |FT0_level0_A_0_RAM_AUTO_1R1W  |        0|  32|  65|    0|    70|   32|     1|         2240|
    |A_1_17_U  |FT0_level0_A_0_RAM_AUTO_1R1W  |        0|  32|  65|    0|    70|   32|     1|         2240|
    |A_1_18_U  |FT0_level0_A_0_RAM_AUTO_1R1W  |        0|  32|  65|    0|    70|   32|     1|         2240|
    |A_1_19_U  |FT0_level0_A_0_RAM_AUTO_1R1W  |        0|  32|  65|    0|    70|   32|     1|         2240|
    |A_1_20_U  |FT0_level0_A_0_RAM_AUTO_1R1W  |        0|  32|  65|    0|    70|   32|     1|         2240|
    |A_1_21_U  |FT0_level0_A_0_RAM_AUTO_1R1W  |        0|  32|  65|    0|    70|   32|     1|         2240|
    |A_1_22_U  |FT0_level0_A_0_RAM_AUTO_1R1W  |        0|  32|  65|    0|    70|   32|     1|         2240|
    |A_1_23_U  |FT0_level0_A_0_RAM_AUTO_1R1W  |        0|  32|  65|    0|    70|   32|     1|         2240|
    |A_1_24_U  |FT0_level0_A_0_RAM_AUTO_1R1W  |        0|  32|  65|    0|    70|   32|     1|         2240|
    |A_1_25_U  |FT0_level0_A_0_RAM_AUTO_1R1W  |        0|  32|  65|    0|    70|   32|     1|         2240|
    |A_1_26_U  |FT0_level0_A_0_RAM_AUTO_1R1W  |        0|  32|  65|    0|    70|   32|     1|         2240|
    |B_U       |FT0_level0_B_RAM_AUTO_1R1W    |        2|   0|   0|    0|   560|   32|     1|        17920|
    |B_1_U     |FT0_level0_B_RAM_AUTO_1R1W    |        2|   0|   0|    0|   560|   32|     1|        17920|
    |B_2_U     |FT0_level0_B_RAM_AUTO_1R1W    |        2|   0|   0|    0|   560|   32|     1|        17920|
    |B_3_U     |FT0_level0_B_RAM_AUTO_1R1W    |        2|   0|   0|    0|   560|   32|     1|        17920|
    |B_4_U     |FT0_level0_B_RAM_AUTO_1R1W    |        2|   0|   0|    0|   560|   32|     1|        17920|
    |B_5_U     |FT0_level0_B_RAM_AUTO_1R1W    |        2|   0|   0|    0|   560|   32|     1|        17920|
    |B_6_U     |FT0_level0_B_RAM_AUTO_1R1W    |        2|   0|   0|    0|   560|   32|     1|        17920|
    |B_7_U     |FT0_level0_B_RAM_AUTO_1R1W    |        2|   0|   0|    0|   560|   32|     1|        17920|
    |B_8_U     |FT0_level0_B_RAM_AUTO_1R1W    |        2|   0|   0|    0|   560|   32|     1|        17920|
    |B_9_U     |FT0_level0_B_RAM_AUTO_1R1W    |        2|   0|   0|    0|   560|   32|     1|        17920|
    |B_10_U    |FT0_level0_B_RAM_AUTO_1R1W    |        2|   0|   0|    0|   560|   32|     1|        17920|
    |B_11_U    |FT0_level0_B_RAM_AUTO_1R1W    |        2|   0|   0|    0|   560|   32|     1|        17920|
    |B_12_U    |FT0_level0_B_RAM_AUTO_1R1W    |        2|   0|   0|    0|   560|   32|     1|        17920|
    |B_13_U    |FT0_level0_B_RAM_AUTO_1R1W    |        2|   0|   0|    0|   560|   32|     1|        17920|
    |B_14_U    |FT0_level0_B_RAM_AUTO_1R1W    |        2|   0|   0|    0|   560|   32|     1|        17920|
    |B_15_U    |FT0_level0_B_RAM_AUTO_1R1W    |        2|   0|   0|    0|   560|   32|     1|        17920|
    |B_16_U    |FT0_level0_B_RAM_AUTO_1R1W    |        2|   0|   0|    0|   560|   32|     1|        17920|
    |B_17_U    |FT0_level0_B_RAM_AUTO_1R1W    |        2|   0|   0|    0|   560|   32|     1|        17920|
    |B_18_U    |FT0_level0_B_RAM_AUTO_1R1W    |        2|   0|   0|    0|   560|   32|     1|        17920|
    |B_19_U    |FT0_level0_B_RAM_AUTO_1R1W    |        2|   0|   0|    0|   560|   32|     1|        17920|
    |B_20_U    |FT0_level0_B_RAM_AUTO_1R1W    |        2|   0|   0|    0|   560|   32|     1|        17920|
    |B_21_U    |FT0_level0_B_RAM_AUTO_1R1W    |        2|   0|   0|    0|   560|   32|     1|        17920|
    |B_22_U    |FT0_level0_B_RAM_AUTO_1R1W    |        2|   0|   0|    0|   560|   32|     1|        17920|
    |B_23_U    |FT0_level0_B_RAM_AUTO_1R1W    |        2|   0|   0|    0|   560|   32|     1|        17920|
    |B_24_U    |FT0_level0_B_RAM_AUTO_1R1W    |        2|   0|   0|    0|   560|   32|     1|        17920|
    |B_25_U    |FT0_level0_B_RAM_AUTO_1R1W    |        2|   0|   0|    0|   560|   32|     1|        17920|
    |B_26_U    |FT0_level0_B_RAM_AUTO_1R1W    |        2|   0|   0|    0|   560|   32|     1|        17920|
    |B_27_U    |FT0_level0_B_RAM_AUTO_1R1W    |        2|   0|   0|    0|   560|   32|     1|        17920|
    |B_28_U    |FT0_level0_B_RAM_AUTO_1R1W    |        2|   0|   0|    0|   560|   32|     1|        17920|
    |B_29_U    |FT0_level0_B_RAM_AUTO_1R1W    |        2|   0|   0|    0|   560|   32|     1|        17920|
    |B_30_U    |FT0_level0_B_RAM_AUTO_1R1W    |        2|   0|   0|    0|   560|   32|     1|        17920|
    |B_31_U    |FT0_level0_B_RAM_AUTO_1R1W    |        2|   0|   0|    0|   560|   32|     1|        17920|
    |B_32_U    |FT0_level0_B_RAM_AUTO_1R1W    |        2|   0|   0|    0|   560|   32|     1|        17920|
    |B_33_U    |FT0_level0_B_RAM_AUTO_1R1W    |        2|   0|   0|    0|   560|   32|     1|        17920|
    |B_34_U    |FT0_level0_B_RAM_AUTO_1R1W    |        2|   0|   0|    0|   560|   32|     1|        17920|
    |B_35_U    |FT0_level0_B_RAM_AUTO_1R1W    |        2|   0|   0|    0|   560|   32|     1|        17920|
    |B_36_U    |FT0_level0_B_RAM_AUTO_1R1W    |        2|   0|   0|    0|   560|   32|     1|        17920|
    |B_37_U    |FT0_level0_B_RAM_AUTO_1R1W    |        2|   0|   0|    0|   560|   32|     1|        17920|
    |B_38_U    |FT0_level0_B_RAM_AUTO_1R1W    |        2|   0|   0|    0|   560|   32|     1|        17920|
    |B_39_U    |FT0_level0_B_RAM_AUTO_1R1W    |        2|   0|   0|    0|   560|   32|     1|        17920|
    |B_40_U    |FT0_level0_B_RAM_AUTO_1R1W    |        2|   0|   0|    0|   560|   32|     1|        17920|
    |B_41_U    |FT0_level0_B_RAM_AUTO_1R1W    |        2|   0|   0|    0|   560|   32|     1|        17920|
    |B_42_U    |FT0_level0_B_RAM_AUTO_1R1W    |        2|   0|   0|    0|   560|   32|     1|        17920|
    |B_43_U    |FT0_level0_B_RAM_AUTO_1R1W    |        2|   0|   0|    0|   560|   32|     1|        17920|
    |B_44_U    |FT0_level0_B_RAM_AUTO_1R1W    |        2|   0|   0|    0|   560|   32|     1|        17920|
    |B_45_U    |FT0_level0_B_RAM_AUTO_1R1W    |        2|   0|   0|    0|   560|   32|     1|        17920|
    |B_46_U    |FT0_level0_B_RAM_AUTO_1R1W    |        2|   0|   0|    0|   560|   32|     1|        17920|
    |B_47_U    |FT0_level0_B_RAM_AUTO_1R1W    |        2|   0|   0|    0|   560|   32|     1|        17920|
    |B_48_U    |FT0_level0_B_RAM_AUTO_1R1W    |        2|   0|   0|    0|   560|   32|     1|        17920|
    |B_49_U    |FT0_level0_B_RAM_AUTO_1R1W    |        2|   0|   0|    0|   560|   32|     1|        17920|
    |B_50_U    |FT0_level0_B_RAM_AUTO_1R1W    |        2|   0|   0|    0|   560|   32|     1|        17920|
    |B_51_U    |FT0_level0_B_RAM_AUTO_1R1W    |        2|   0|   0|    0|   560|   32|     1|        17920|
    |B_52_U    |FT0_level0_B_RAM_AUTO_1R1W    |        2|   0|   0|    0|   560|   32|     1|        17920|
    |B_53_U    |FT0_level0_B_RAM_AUTO_1R1W    |        2|   0|   0|    0|   560|   32|     1|        17920|
    |B_54_U    |FT0_level0_B_RAM_AUTO_1R1W    |        2|   0|   0|    0|   560|   32|     1|        17920|
    |B_55_U    |FT0_level0_B_RAM_AUTO_1R1W    |        2|   0|   0|    0|   560|   32|     1|        17920|
    |B_56_U    |FT0_level0_B_RAM_AUTO_1R1W    |        2|   0|   0|    0|   560|   32|     1|        17920|
    |B_57_U    |FT0_level0_B_RAM_AUTO_1R1W    |        2|   0|   0|    0|   560|   32|     1|        17920|
    |B_58_U    |FT0_level0_B_RAM_AUTO_1R1W    |        2|   0|   0|    0|   560|   32|     1|        17920|
    |B_59_U    |FT0_level0_B_RAM_AUTO_1R1W    |        2|   0|   0|    0|   560|   32|     1|        17920|
    |B_60_U    |FT0_level0_B_RAM_AUTO_1R1W    |        2|   0|   0|    0|   560|   32|     1|        17920|
    |B_61_U    |FT0_level0_B_RAM_AUTO_1R1W    |        2|   0|   0|    0|   560|   32|     1|        17920|
    |B_62_U    |FT0_level0_B_RAM_AUTO_1R1W    |        2|   0|   0|    0|   560|   32|     1|        17920|
    |B_63_U    |FT0_level0_B_RAM_AUTO_1R1W    |        2|   0|   0|    0|   560|   32|     1|        17920|
    |B_64_U    |FT0_level0_B_RAM_AUTO_1R1W    |        2|   0|   0|    0|   560|   32|     1|        17920|
    |B_65_U    |FT0_level0_B_RAM_AUTO_1R1W    |        2|   0|   0|    0|   560|   32|     1|        17920|
    |B_66_U    |FT0_level0_B_RAM_AUTO_1R1W    |        2|   0|   0|    0|   560|   32|     1|        17920|
    |B_67_U    |FT0_level0_B_RAM_AUTO_1R1W    |        2|   0|   0|    0|   560|   32|     1|        17920|
    |B_68_U    |FT0_level0_B_RAM_AUTO_1R1W    |        2|   0|   0|    0|   560|   32|     1|        17920|
    |B_69_U    |FT0_level0_B_RAM_AUTO_1R1W    |        2|   0|   0|    0|   560|   32|     1|        17920|
    |B_70_U    |FT0_level0_B_RAM_AUTO_1R1W    |        2|   0|   0|    0|   560|   32|     1|        17920|
    |B_71_U    |FT0_level0_B_RAM_AUTO_1R1W    |        2|   0|   0|    0|   560|   32|     1|        17920|
    +----------+------------------------------+---------+----+----+-----+------+-----+------+-------------+
    |Total     |                              |      144|1728|3510|    0| 44100| 4032|   126|      1411200|
    +----------+------------------------------+---------+----+----+-----+------+-----+------+-------------+

    * FIFO: 
    N/A

    * Expression: 
    +-----------------------------------------------------------+----------+----+---+----+------------+------------+
    |                       Variable Name                       | Operation| DSP| FF| LUT| Bitwidth P0| Bitwidth P1|
    +-----------------------------------------------------------+----------+----+---+----+------------+------------+
    |i0_2_fu_926_p2                                             |         +|   0|  0|  12|           5|           1|
    |grp_FT0_level1_fu_798_fifo_tmp_from_task1_to_task3_TREADY  |       and|   0|  0|   2|           1|           1|
    |icmp_ln220_fu_920_p2                                       |      icmp|   0|  0|  12|           5|           5|
    |ap_block_state1                                            |        or|   0|  0|   2|           1|           1|
    |ap_block_state2_on_subcall_done                            |        or|   0|  0|   2|           1|           1|
    |ap_block_state4_on_subcall_done                            |        or|   0|  0|   2|           1|           1|
    +-----------------------------------------------------------+----------+----+---+----+------------+------------+
    |Total                                                      |          |   0|  0|  32|          14|          10|
    +-----------------------------------------------------------+----------+----+---+----+------------+------------+

    * Multiplexer: 
    +--------------------------------------------------+----+-----------+-----+-----------+
    |                       Name                       | LUT| Input Size| Bits| Total Bits|
    +--------------------------------------------------+----+-----------+-----+-----------+
    |A_0_10_address0                                   |  14|          3|    7|         21|
    |A_0_10_ce0                                        |  14|          3|    1|          3|
    |A_0_10_ce1                                        |   9|          2|    1|          2|
    |A_0_10_we0                                        |   9|          2|    1|          2|
    |A_0_10_we1                                        |   9|          2|    1|          2|
    |A_0_11_address0                                   |  14|          3|    7|         21|
    |A_0_11_ce0                                        |  14|          3|    1|          3|
    |A_0_11_ce1                                        |   9|          2|    1|          2|
    |A_0_11_we0                                        |   9|          2|    1|          2|
    |A_0_11_we1                                        |   9|          2|    1|          2|
    |A_0_12_address0                                   |  14|          3|    7|         21|
    |A_0_12_ce0                                        |  14|          3|    1|          3|
    |A_0_12_ce1                                        |   9|          2|    1|          2|
    |A_0_12_we0                                        |   9|          2|    1|          2|
    |A_0_12_we1                                        |   9|          2|    1|          2|
    |A_0_13_address0                                   |  14|          3|    7|         21|
    |A_0_13_ce0                                        |  14|          3|    1|          3|
    |A_0_13_ce1                                        |   9|          2|    1|          2|
    |A_0_13_we0                                        |   9|          2|    1|          2|
    |A_0_13_we1                                        |   9|          2|    1|          2|
    |A_0_14_address0                                   |  14|          3|    7|         21|
    |A_0_14_ce0                                        |  14|          3|    1|          3|
    |A_0_14_ce1                                        |   9|          2|    1|          2|
    |A_0_14_we0                                        |   9|          2|    1|          2|
    |A_0_14_we1                                        |   9|          2|    1|          2|
    |A_0_15_address0                                   |  14|          3|    7|         21|
    |A_0_15_ce0                                        |  14|          3|    1|          3|
    |A_0_15_ce1                                        |   9|          2|    1|          2|
    |A_0_15_we0                                        |   9|          2|    1|          2|
    |A_0_15_we1                                        |   9|          2|    1|          2|
    |A_0_16_address0                                   |  14|          3|    7|         21|
    |A_0_16_ce0                                        |  14|          3|    1|          3|
    |A_0_16_ce1                                        |   9|          2|    1|          2|
    |A_0_16_we0                                        |   9|          2|    1|          2|
    |A_0_16_we1                                        |   9|          2|    1|          2|
    |A_0_17_address0                                   |  14|          3|    7|         21|
    |A_0_17_ce0                                        |  14|          3|    1|          3|
    |A_0_17_ce1                                        |   9|          2|    1|          2|
    |A_0_17_we0                                        |   9|          2|    1|          2|
    |A_0_17_we1                                        |   9|          2|    1|          2|
    |A_0_18_address0                                   |  14|          3|    7|         21|
    |A_0_18_ce0                                        |  14|          3|    1|          3|
    |A_0_18_ce1                                        |   9|          2|    1|          2|
    |A_0_18_we0                                        |   9|          2|    1|          2|
    |A_0_18_we1                                        |   9|          2|    1|          2|
    |A_0_19_address0                                   |  14|          3|    7|         21|
    |A_0_19_ce0                                        |  14|          3|    1|          3|
    |A_0_19_ce1                                        |   9|          2|    1|          2|
    |A_0_19_we0                                        |   9|          2|    1|          2|
    |A_0_19_we1                                        |   9|          2|    1|          2|
    |A_0_1_address0                                    |  14|          3|    7|         21|
    |A_0_1_ce0                                         |  14|          3|    1|          3|
    |A_0_1_ce1                                         |   9|          2|    1|          2|
    |A_0_1_we0                                         |   9|          2|    1|          2|
    |A_0_1_we1                                         |   9|          2|    1|          2|
    |A_0_20_address0                                   |  14|          3|    7|         21|
    |A_0_20_ce0                                        |  14|          3|    1|          3|
    |A_0_20_ce1                                        |   9|          2|    1|          2|
    |A_0_20_we0                                        |   9|          2|    1|          2|
    |A_0_20_we1                                        |   9|          2|    1|          2|
    |A_0_21_address0                                   |  14|          3|    7|         21|
    |A_0_21_ce0                                        |  14|          3|    1|          3|
    |A_0_21_ce1                                        |   9|          2|    1|          2|
    |A_0_21_we0                                        |   9|          2|    1|          2|
    |A_0_21_we1                                        |   9|          2|    1|          2|
    |A_0_22_address0                                   |  14|          3|    7|         21|
    |A_0_22_ce0                                        |  14|          3|    1|          3|
    |A_0_22_ce1                                        |   9|          2|    1|          2|
    |A_0_22_we0                                        |   9|          2|    1|          2|
    |A_0_22_we1                                        |   9|          2|    1|          2|
    |A_0_23_address0                                   |  14|          3|    7|         21|
    |A_0_23_ce0                                        |  14|          3|    1|          3|
    |A_0_23_ce1                                        |   9|          2|    1|          2|
    |A_0_23_we0                                        |   9|          2|    1|          2|
    |A_0_23_we1                                        |   9|          2|    1|          2|
    |A_0_24_address0                                   |  14|          3|    7|         21|
    |A_0_24_ce0                                        |  14|          3|    1|          3|
    |A_0_24_ce1                                        |   9|          2|    1|          2|
    |A_0_24_we0                                        |   9|          2|    1|          2|
    |A_0_24_we1                                        |   9|          2|    1|          2|
    |A_0_25_address0                                   |  14|          3|    7|         21|
    |A_0_25_ce0                                        |  14|          3|    1|          3|
    |A_0_25_ce1                                        |   9|          2|    1|          2|
    |A_0_25_we0                                        |   9|          2|    1|          2|
    |A_0_25_we1                                        |   9|          2|    1|          2|
    |A_0_26_address0                                   |  14|          3|    7|         21|
    |A_0_26_ce0                                        |  14|          3|    1|          3|
    |A_0_26_ce1                                        |   9|          2|    1|          2|
    |A_0_26_we0                                        |   9|          2|    1|          2|
    |A_0_26_we1                                        |   9|          2|    1|          2|
    |A_0_2_address0                                    |  14|          3|    7|         21|
    |A_0_2_ce0                                         |  14|          3|    1|          3|
    |A_0_2_ce1                                         |   9|          2|    1|          2|
    |A_0_2_we0                                         |   9|          2|    1|          2|
    |A_0_2_we1                                         |   9|          2|    1|          2|
    |A_0_3_address0                                    |  14|          3|    7|         21|
    |A_0_3_ce0                                         |  14|          3|    1|          3|
    |A_0_3_ce1                                         |   9|          2|    1|          2|
    |A_0_3_we0                                         |   9|          2|    1|          2|
    |A_0_3_we1                                         |   9|          2|    1|          2|
    |A_0_4_address0                                    |  14|          3|    7|         21|
    |A_0_4_ce0                                         |  14|          3|    1|          3|
    |A_0_4_ce1                                         |   9|          2|    1|          2|
    |A_0_4_we0                                         |   9|          2|    1|          2|
    |A_0_4_we1                                         |   9|          2|    1|          2|
    |A_0_5_address0                                    |  14|          3|    7|         21|
    |A_0_5_ce0                                         |  14|          3|    1|          3|
    |A_0_5_ce1                                         |   9|          2|    1|          2|
    |A_0_5_we0                                         |   9|          2|    1|          2|
    |A_0_5_we1                                         |   9|          2|    1|          2|
    |A_0_6_address0                                    |  14|          3|    7|         21|
    |A_0_6_ce0                                         |  14|          3|    1|          3|
    |A_0_6_ce1                                         |   9|          2|    1|          2|
    |A_0_6_we0                                         |   9|          2|    1|          2|
    |A_0_6_we1                                         |   9|          2|    1|          2|
    |A_0_7_address0                                    |  14|          3|    7|         21|
    |A_0_7_ce0                                         |  14|          3|    1|          3|
    |A_0_7_ce1                                         |   9|          2|    1|          2|
    |A_0_7_we0                                         |   9|          2|    1|          2|
    |A_0_7_we1                                         |   9|          2|    1|          2|
    |A_0_8_address0                                    |  14|          3|    7|         21|
    |A_0_8_ce0                                         |  14|          3|    1|          3|
    |A_0_8_ce1                                         |   9|          2|    1|          2|
    |A_0_8_we0                                         |   9|          2|    1|          2|
    |A_0_8_we1                                         |   9|          2|    1|          2|
    |A_0_9_address0                                    |  14|          3|    7|         21|
    |A_0_9_ce0                                         |  14|          3|    1|          3|
    |A_0_9_ce1                                         |   9|          2|    1|          2|
    |A_0_9_we0                                         |   9|          2|    1|          2|
    |A_0_9_we1                                         |   9|          2|    1|          2|
    |A_0_address0                                      |  14|          3|    7|         21|
    |A_0_ce0                                           |  14|          3|    1|          3|
    |A_0_ce1                                           |   9|          2|    1|          2|
    |A_0_we0                                           |   9|          2|    1|          2|
    |A_0_we1                                           |   9|          2|    1|          2|
    |A_1_10_address0                                   |  14|          3|    7|         21|
    |A_1_10_ce0                                        |  14|          3|    1|          3|
    |A_1_10_ce1                                        |   9|          2|    1|          2|
    |A_1_10_we0                                        |   9|          2|    1|          2|
    |A_1_10_we1                                        |   9|          2|    1|          2|
    |A_1_11_address0                                   |  14|          3|    7|         21|
    |A_1_11_ce0                                        |  14|          3|    1|          3|
    |A_1_11_ce1                                        |   9|          2|    1|          2|
    |A_1_11_we0                                        |   9|          2|    1|          2|
    |A_1_11_we1                                        |   9|          2|    1|          2|
    |A_1_12_address0                                   |  14|          3|    7|         21|
    |A_1_12_ce0                                        |  14|          3|    1|          3|
    |A_1_12_ce1                                        |   9|          2|    1|          2|
    |A_1_12_we0                                        |   9|          2|    1|          2|
    |A_1_12_we1                                        |   9|          2|    1|          2|
    |A_1_13_address0                                   |  14|          3|    7|         21|
    |A_1_13_ce0                                        |  14|          3|    1|          3|
    |A_1_13_ce1                                        |   9|          2|    1|          2|
    |A_1_13_we0                                        |   9|          2|    1|          2|
    |A_1_13_we1                                        |   9|          2|    1|          2|
    |A_1_14_address0                                   |  14|          3|    7|         21|
    |A_1_14_ce0                                        |  14|          3|    1|          3|
    |A_1_14_ce1                                        |   9|          2|    1|          2|
    |A_1_14_we0                                        |   9|          2|    1|          2|
    |A_1_14_we1                                        |   9|          2|    1|          2|
    |A_1_15_address0                                   |  14|          3|    7|         21|
    |A_1_15_ce0                                        |  14|          3|    1|          3|
    |A_1_15_ce1                                        |   9|          2|    1|          2|
    |A_1_15_we0                                        |   9|          2|    1|          2|
    |A_1_15_we1                                        |   9|          2|    1|          2|
    |A_1_16_address0                                   |  14|          3|    7|         21|
    |A_1_16_ce0                                        |  14|          3|    1|          3|
    |A_1_16_ce1                                        |   9|          2|    1|          2|
    |A_1_16_we0                                        |   9|          2|    1|          2|
    |A_1_16_we1                                        |   9|          2|    1|          2|
    |A_1_17_address0                                   |  14|          3|    7|         21|
    |A_1_17_ce0                                        |  14|          3|    1|          3|
    |A_1_17_ce1                                        |   9|          2|    1|          2|
    |A_1_17_we0                                        |   9|          2|    1|          2|
    |A_1_17_we1                                        |   9|          2|    1|          2|
    |A_1_18_address0                                   |  14|          3|    7|         21|
    |A_1_18_ce0                                        |  14|          3|    1|          3|
    |A_1_18_ce1                                        |   9|          2|    1|          2|
    |A_1_18_we0                                        |   9|          2|    1|          2|
    |A_1_18_we1                                        |   9|          2|    1|          2|
    |A_1_19_address0                                   |  14|          3|    7|         21|
    |A_1_19_ce0                                        |  14|          3|    1|          3|
    |A_1_19_ce1                                        |   9|          2|    1|          2|
    |A_1_19_we0                                        |   9|          2|    1|          2|
    |A_1_19_we1                                        |   9|          2|    1|          2|
    |A_1_1_address0                                    |  14|          3|    7|         21|
    |A_1_1_ce0                                         |  14|          3|    1|          3|
    |A_1_1_ce1                                         |   9|          2|    1|          2|
    |A_1_1_we0                                         |   9|          2|    1|          2|
    |A_1_1_we1                                         |   9|          2|    1|          2|
    |A_1_20_address0                                   |  14|          3|    7|         21|
    |A_1_20_ce0                                        |  14|          3|    1|          3|
    |A_1_20_ce1                                        |   9|          2|    1|          2|
    |A_1_20_we0                                        |   9|          2|    1|          2|
    |A_1_20_we1                                        |   9|          2|    1|          2|
    |A_1_21_address0                                   |  14|          3|    7|         21|
    |A_1_21_ce0                                        |  14|          3|    1|          3|
    |A_1_21_ce1                                        |   9|          2|    1|          2|
    |A_1_21_we0                                        |   9|          2|    1|          2|
    |A_1_21_we1                                        |   9|          2|    1|          2|
    |A_1_22_address0                                   |  14|          3|    7|         21|
    |A_1_22_ce0                                        |  14|          3|    1|          3|
    |A_1_22_ce1                                        |   9|          2|    1|          2|
    |A_1_22_we0                                        |   9|          2|    1|          2|
    |A_1_22_we1                                        |   9|          2|    1|          2|
    |A_1_23_address0                                   |  14|          3|    7|         21|
    |A_1_23_ce0                                        |  14|          3|    1|          3|
    |A_1_23_ce1                                        |   9|          2|    1|          2|
    |A_1_23_we0                                        |   9|          2|    1|          2|
    |A_1_23_we1                                        |   9|          2|    1|          2|
    |A_1_24_address0                                   |  14|          3|    7|         21|
    |A_1_24_ce0                                        |  14|          3|    1|          3|
    |A_1_24_ce1                                        |   9|          2|    1|          2|
    |A_1_24_we0                                        |   9|          2|    1|          2|
    |A_1_24_we1                                        |   9|          2|    1|          2|
    |A_1_25_address0                                   |  14|          3|    7|         21|
    |A_1_25_ce0                                        |  14|          3|    1|          3|
    |A_1_25_ce1                                        |   9|          2|    1|          2|
    |A_1_25_we0                                        |   9|          2|    1|          2|
    |A_1_25_we1                                        |   9|          2|    1|          2|
    |A_1_26_address0                                   |  14|          3|    7|         21|
    |A_1_26_ce0                                        |  14|          3|    1|          3|
    |A_1_26_ce1                                        |   9|          2|    1|          2|
    |A_1_26_we0                                        |   9|          2|    1|          2|
    |A_1_26_we1                                        |   9|          2|    1|          2|
    |A_1_2_address0                                    |  14|          3|    7|         21|
    |A_1_2_ce0                                         |  14|          3|    1|          3|
    |A_1_2_ce1                                         |   9|          2|    1|          2|
    |A_1_2_we0                                         |   9|          2|    1|          2|
    |A_1_2_we1                                         |   9|          2|    1|          2|
    |A_1_3_address0                                    |  14|          3|    7|         21|
    |A_1_3_ce0                                         |  14|          3|    1|          3|
    |A_1_3_ce1                                         |   9|          2|    1|          2|
    |A_1_3_we0                                         |   9|          2|    1|          2|
    |A_1_3_we1                                         |   9|          2|    1|          2|
    |A_1_4_address0                                    |  14|          3|    7|         21|
    |A_1_4_ce0                                         |  14|          3|    1|          3|
    |A_1_4_ce1                                         |   9|          2|    1|          2|
    |A_1_4_we0                                         |   9|          2|    1|          2|
    |A_1_4_we1                                         |   9|          2|    1|          2|
    |A_1_5_address0                                    |  14|          3|    7|         21|
    |A_1_5_ce0                                         |  14|          3|    1|          3|
    |A_1_5_ce1                                         |   9|          2|    1|          2|
    |A_1_5_we0                                         |   9|          2|    1|          2|
    |A_1_5_we1                                         |   9|          2|    1|          2|
    |A_1_6_address0                                    |  14|          3|    7|         21|
    |A_1_6_ce0                                         |  14|          3|    1|          3|
    |A_1_6_ce1                                         |   9|          2|    1|          2|
    |A_1_6_we0                                         |   9|          2|    1|          2|
    |A_1_6_we1                                         |   9|          2|    1|          2|
    |A_1_7_address0                                    |  14|          3|    7|         21|
    |A_1_7_ce0                                         |  14|          3|    1|          3|
    |A_1_7_ce1                                         |   9|          2|    1|          2|
    |A_1_7_we0                                         |   9|          2|    1|          2|
    |A_1_7_we1                                         |   9|          2|    1|          2|
    |A_1_8_address0                                    |  14|          3|    7|         21|
    |A_1_8_ce0                                         |  14|          3|    1|          3|
    |A_1_8_ce1                                         |   9|          2|    1|          2|
    |A_1_8_we0                                         |   9|          2|    1|          2|
    |A_1_8_we1                                         |   9|          2|    1|          2|
    |A_1_9_address0                                    |  14|          3|    7|         21|
    |A_1_9_ce0                                         |  14|          3|    1|          3|
    |A_1_9_ce1                                         |   9|          2|    1|          2|
    |A_1_9_we0                                         |   9|          2|    1|          2|
    |A_1_9_we1                                         |   9|          2|    1|          2|
    |A_1_address0                                      |  14|          3|    7|         21|
    |A_1_ce0                                           |  14|          3|    1|          3|
    |A_1_ce1                                           |   9|          2|    1|          2|
    |A_1_we0                                           |   9|          2|    1|          2|
    |A_1_we1                                           |   9|          2|    1|          2|
    |B_10_address0                                     |  14|          3|   10|         30|
    |B_10_ce0                                          |  14|          3|    1|          3|
    |B_10_we0                                          |   9|          2|    1|          2|
    |B_11_address0                                     |  14|          3|   10|         30|
    |B_11_ce0                                          |  14|          3|    1|          3|
    |B_11_we0                                          |   9|          2|    1|          2|
    |B_12_address0                                     |  14|          3|   10|         30|
    |B_12_ce0                                          |  14|          3|    1|          3|
    |B_12_we0                                          |   9|          2|    1|          2|
    |B_13_address0                                     |  14|          3|   10|         30|
    |B_13_ce0                                          |  14|          3|    1|          3|
    |B_13_we0                                          |   9|          2|    1|          2|
    |B_14_address0                                     |  14|          3|   10|         30|
    |B_14_ce0                                          |  14|          3|    1|          3|
    |B_14_we0                                          |   9|          2|    1|          2|
    |B_15_address0                                     |  14|          3|   10|         30|
    |B_15_ce0                                          |  14|          3|    1|          3|
    |B_15_we0                                          |   9|          2|    1|          2|
    |B_16_address0                                     |  14|          3|   10|         30|
    |B_16_ce0                                          |  14|          3|    1|          3|
    |B_16_we0                                          |   9|          2|    1|          2|
    |B_17_address0                                     |  14|          3|   10|         30|
    |B_17_ce0                                          |  14|          3|    1|          3|
    |B_17_we0                                          |   9|          2|    1|          2|
    |B_18_address0                                     |  14|          3|   10|         30|
    |B_18_ce0                                          |  14|          3|    1|          3|
    |B_18_we0                                          |   9|          2|    1|          2|
    |B_19_address0                                     |  14|          3|   10|         30|
    |B_19_ce0                                          |  14|          3|    1|          3|
    |B_19_we0                                          |   9|          2|    1|          2|
    |B_1_address0                                      |  14|          3|   10|         30|
    |B_1_ce0                                           |  14|          3|    1|          3|
    |B_1_we0                                           |   9|          2|    1|          2|
    |B_20_address0                                     |  14|          3|   10|         30|
    |B_20_ce0                                          |  14|          3|    1|          3|
    |B_20_we0                                          |   9|          2|    1|          2|
    |B_21_address0                                     |  14|          3|   10|         30|
    |B_21_ce0                                          |  14|          3|    1|          3|
    |B_21_we0                                          |   9|          2|    1|          2|
    |B_22_address0                                     |  14|          3|   10|         30|
    |B_22_ce0                                          |  14|          3|    1|          3|
    |B_22_we0                                          |   9|          2|    1|          2|
    |B_23_address0                                     |  14|          3|   10|         30|
    |B_23_ce0                                          |  14|          3|    1|          3|
    |B_23_we0                                          |   9|          2|    1|          2|
    |B_24_address0                                     |  14|          3|   10|         30|
    |B_24_ce0                                          |  14|          3|    1|          3|
    |B_24_we0                                          |   9|          2|    1|          2|
    |B_25_address0                                     |  14|          3|   10|         30|
    |B_25_ce0                                          |  14|          3|    1|          3|
    |B_25_we0                                          |   9|          2|    1|          2|
    |B_26_address0                                     |  14|          3|   10|         30|
    |B_26_ce0                                          |  14|          3|    1|          3|
    |B_26_we0                                          |   9|          2|    1|          2|
    |B_27_address0                                     |  14|          3|   10|         30|
    |B_27_ce0                                          |  14|          3|    1|          3|
    |B_27_we0                                          |   9|          2|    1|          2|
    |B_28_address0                                     |  14|          3|   10|         30|
    |B_28_ce0                                          |  14|          3|    1|          3|
    |B_28_we0                                          |   9|          2|    1|          2|
    |B_29_address0                                     |  14|          3|   10|         30|
    |B_29_ce0                                          |  14|          3|    1|          3|
    |B_29_we0                                          |   9|          2|    1|          2|
    |B_2_address0                                      |  14|          3|   10|         30|
    |B_2_ce0                                           |  14|          3|    1|          3|
    |B_2_we0                                           |   9|          2|    1|          2|
    |B_30_address0                                     |  14|          3|   10|         30|
    |B_30_ce0                                          |  14|          3|    1|          3|
    |B_30_we0                                          |   9|          2|    1|          2|
    |B_31_address0                                     |  14|          3|   10|         30|
    |B_31_ce0                                          |  14|          3|    1|          3|
    |B_31_we0                                          |   9|          2|    1|          2|
    |B_32_address0                                     |  14|          3|   10|         30|
    |B_32_ce0                                          |  14|          3|    1|          3|
    |B_32_we0                                          |   9|          2|    1|          2|
    |B_33_address0                                     |  14|          3|   10|         30|
    |B_33_ce0                                          |  14|          3|    1|          3|
    |B_33_we0                                          |   9|          2|    1|          2|
    |B_34_address0                                     |  14|          3|   10|         30|
    |B_34_ce0                                          |  14|          3|    1|          3|
    |B_34_we0                                          |   9|          2|    1|          2|
    |B_35_address0                                     |  14|          3|   10|         30|
    |B_35_ce0                                          |  14|          3|    1|          3|
    |B_35_we0                                          |   9|          2|    1|          2|
    |B_36_address0                                     |  14|          3|   10|         30|
    |B_36_ce0                                          |  14|          3|    1|          3|
    |B_36_we0                                          |   9|          2|    1|          2|
    |B_37_address0                                     |  14|          3|   10|         30|
    |B_37_ce0                                          |  14|          3|    1|          3|
    |B_37_we0                                          |   9|          2|    1|          2|
    |B_38_address0                                     |  14|          3|   10|         30|
    |B_38_ce0                                          |  14|          3|    1|          3|
    |B_38_we0                                          |   9|          2|    1|          2|
    |B_39_address0                                     |  14|          3|   10|         30|
    |B_39_ce0                                          |  14|          3|    1|          3|
    |B_39_we0                                          |   9|          2|    1|          2|
    |B_3_address0                                      |  14|          3|   10|         30|
    |B_3_ce0                                           |  14|          3|    1|          3|
    |B_3_we0                                           |   9|          2|    1|          2|
    |B_40_address0                                     |  14|          3|   10|         30|
    |B_40_ce0                                          |  14|          3|    1|          3|
    |B_40_we0                                          |   9|          2|    1|          2|
    |B_41_address0                                     |  14|          3|   10|         30|
    |B_41_ce0                                          |  14|          3|    1|          3|
    |B_41_we0                                          |   9|          2|    1|          2|
    |B_42_address0                                     |  14|          3|   10|         30|
    |B_42_ce0                                          |  14|          3|    1|          3|
    |B_42_we0                                          |   9|          2|    1|          2|
    |B_43_address0                                     |  14|          3|   10|         30|
    |B_43_ce0                                          |  14|          3|    1|          3|
    |B_43_we0                                          |   9|          2|    1|          2|
    |B_44_address0                                     |  14|          3|   10|         30|
    |B_44_ce0                                          |  14|          3|    1|          3|
    |B_44_we0                                          |   9|          2|    1|          2|
    |B_45_address0                                     |  14|          3|   10|         30|
    |B_45_ce0                                          |  14|          3|    1|          3|
    |B_45_we0                                          |   9|          2|    1|          2|
    |B_46_address0                                     |  14|          3|   10|         30|
    |B_46_ce0                                          |  14|          3|    1|          3|
    |B_46_we0                                          |   9|          2|    1|          2|
    |B_47_address0                                     |  14|          3|   10|         30|
    |B_47_ce0                                          |  14|          3|    1|          3|
    |B_47_we0                                          |   9|          2|    1|          2|
    |B_48_address0                                     |  14|          3|   10|         30|
    |B_48_ce0                                          |  14|          3|    1|          3|
    |B_48_we0                                          |   9|          2|    1|          2|
    |B_49_address0                                     |  14|          3|   10|         30|
    |B_49_ce0                                          |  14|          3|    1|          3|
    |B_49_we0                                          |   9|          2|    1|          2|
    |B_4_address0                                      |  14|          3|   10|         30|
    |B_4_ce0                                           |  14|          3|    1|          3|
    |B_4_we0                                           |   9|          2|    1|          2|
    |B_50_address0                                     |  14|          3|   10|         30|
    |B_50_ce0                                          |  14|          3|    1|          3|
    |B_50_we0                                          |   9|          2|    1|          2|
    |B_51_address0                                     |  14|          3|   10|         30|
    |B_51_ce0                                          |  14|          3|    1|          3|
    |B_51_we0                                          |   9|          2|    1|          2|
    |B_52_address0                                     |  14|          3|   10|         30|
    |B_52_ce0                                          |  14|          3|    1|          3|
    |B_52_we0                                          |   9|          2|    1|          2|
    |B_53_address0                                     |  14|          3|   10|         30|
    |B_53_ce0                                          |  14|          3|    1|          3|
    |B_53_we0                                          |   9|          2|    1|          2|
    |B_54_address0                                     |  14|          3|   10|         30|
    |B_54_ce0                                          |  14|          3|    1|          3|
    |B_54_we0                                          |   9|          2|    1|          2|
    |B_55_address0                                     |  14|          3|   10|         30|
    |B_55_ce0                                          |  14|          3|    1|          3|
    |B_55_we0                                          |   9|          2|    1|          2|
    |B_56_address0                                     |  14|          3|   10|         30|
    |B_56_ce0                                          |  14|          3|    1|          3|
    |B_56_we0                                          |   9|          2|    1|          2|
    |B_57_address0                                     |  14|          3|   10|         30|
    |B_57_ce0                                          |  14|          3|    1|          3|
    |B_57_we0                                          |   9|          2|    1|          2|
    |B_58_address0                                     |  14|          3|   10|         30|
    |B_58_ce0                                          |  14|          3|    1|          3|
    |B_58_we0                                          |   9|          2|    1|          2|
    |B_59_address0                                     |  14|          3|   10|         30|
    |B_59_ce0                                          |  14|          3|    1|          3|
    |B_59_we0                                          |   9|          2|    1|          2|
    |B_5_address0                                      |  14|          3|   10|         30|
    |B_5_ce0                                           |  14|          3|    1|          3|
    |B_5_we0                                           |   9|          2|    1|          2|
    |B_60_address0                                     |  14|          3|   10|         30|
    |B_60_ce0                                          |  14|          3|    1|          3|
    |B_60_we0                                          |   9|          2|    1|          2|
    |B_61_address0                                     |  14|          3|   10|         30|
    |B_61_ce0                                          |  14|          3|    1|          3|
    |B_61_we0                                          |   9|          2|    1|          2|
    |B_62_address0                                     |  14|          3|   10|         30|
    |B_62_ce0                                          |  14|          3|    1|          3|
    |B_62_we0                                          |   9|          2|    1|          2|
    |B_63_address0                                     |  14|          3|   10|         30|
    |B_63_ce0                                          |  14|          3|    1|          3|
    |B_63_we0                                          |   9|          2|    1|          2|
    |B_64_address0                                     |  14|          3|   10|         30|
    |B_64_ce0                                          |  14|          3|    1|          3|
    |B_64_we0                                          |   9|          2|    1|          2|
    |B_65_address0                                     |  14|          3|   10|         30|
    |B_65_ce0                                          |  14|          3|    1|          3|
    |B_65_we0                                          |   9|          2|    1|          2|
    |B_66_address0                                     |  14|          3|   10|         30|
    |B_66_ce0                                          |  14|          3|    1|          3|
    |B_66_we0                                          |   9|          2|    1|          2|
    |B_67_address0                                     |  14|          3|   10|         30|
    |B_67_ce0                                          |  14|          3|    1|          3|
    |B_67_we0                                          |   9|          2|    1|          2|
    |B_68_address0                                     |  14|          3|   10|         30|
    |B_68_ce0                                          |  14|          3|    1|          3|
    |B_68_we0                                          |   9|          2|    1|          2|
    |B_69_address0                                     |  14|          3|   10|         30|
    |B_69_ce0                                          |  14|          3|    1|          3|
    |B_69_we0                                          |   9|          2|    1|          2|
    |B_6_address0                                      |  14|          3|   10|         30|
    |B_6_ce0                                           |  14|          3|    1|          3|
    |B_6_we0                                           |   9|          2|    1|          2|
    |B_70_address0                                     |  14|          3|   10|         30|
    |B_70_ce0                                          |  14|          3|    1|          3|
    |B_70_we0                                          |   9|          2|    1|          2|
    |B_71_address0                                     |  14|          3|   10|         30|
    |B_71_ce0                                          |  14|          3|    1|          3|
    |B_71_we0                                          |   9|          2|    1|          2|
    |B_7_address0                                      |  14|          3|   10|         30|
    |B_7_ce0                                           |  14|          3|    1|          3|
    |B_7_we0                                           |   9|          2|    1|          2|
    |B_8_address0                                      |  14|          3|   10|         30|
    |B_8_ce0                                           |  14|          3|    1|          3|
    |B_8_we0                                           |   9|          2|    1|          2|
    |B_9_address0                                      |  14|          3|   10|         30|
    |B_9_ce0                                           |  14|          3|    1|          3|
    |B_9_we0                                           |   9|          2|    1|          2|
    |B_address0                                        |  14|          3|   10|         30|
    |B_ce0                                             |  14|          3|    1|          3|
    |B_we0                                             |   9|          2|    1|          2|
    |alpha_blk_n                                       |   9|          2|    1|          2|
    |ap_NS_fsm                                         |  31|          6|    1|          6|
    |ap_done                                           |   9|          2|    1|          2|
    |fifo_A_from_off_chip_to_S1_read                   |   9|          2|    1|          2|
    |fifo_B_from_off_chip_to_S1_read                   |   9|          2|    1|          2|
    |fifo_tmp_from_task1_to_task3_TVALID_int_regslice  |   9|          2|    1|          2|
    |fifo_tmp_to_off_chip_write                        |   9|          2|    1|          2|
    |grp_FT0_level1_fu_798_A_0_0_q0                    |  14|          3|   32|         96|
    |grp_FT0_level1_fu_798_A_0_1_q0                    |  14|          3|   32|         96|
    |grp_FT0_level1_fu_798_A_0_2_q0                    |  14|          3|   32|         96|
    |grp_FT0_level1_fu_798_A_1_0_q0                    |  14|          3|   32|         96|
    |grp_FT0_level1_fu_798_A_1_1_q0                    |  14|          3|   32|         96|
    |grp_FT0_level1_fu_798_A_1_2_q0                    |  14|          3|   32|         96|
    |grp_FT0_level1_fu_798_A_2_0_q0                    |  14|          3|   32|         96|
    |grp_FT0_level1_fu_798_A_2_1_q0                    |  14|          3|   32|         96|
    |grp_FT0_level1_fu_798_A_2_2_q0                    |  14|          3|   32|         96|
    |grp_FT0_level1_fu_798_A_3_0_q0                    |  14|          3|   32|         96|
    |grp_FT0_level1_fu_798_A_3_1_q0                    |  14|          3|   32|         96|
    |grp_FT0_level1_fu_798_A_3_2_q0                    |  14|          3|   32|         96|
    |grp_FT0_level1_fu_798_A_4_0_q0                    |  14|          3|   32|         96|
    |grp_FT0_level1_fu_798_A_4_1_q0                    |  14|          3|   32|         96|
    |grp_FT0_level1_fu_798_A_4_2_q0                    |  14|          3|   32|         96|
    |grp_FT0_level1_fu_798_A_5_0_q0                    |  14|          3|   32|         96|
    |grp_FT0_level1_fu_798_A_5_1_q0                    |  14|          3|   32|         96|
    |grp_FT0_level1_fu_798_A_5_2_q0                    |  14|          3|   32|         96|
    |grp_FT0_level1_fu_798_A_6_0_q0                    |  14|          3|   32|         96|
    |grp_FT0_level1_fu_798_A_6_1_q0                    |  14|          3|   32|         96|
    |grp_FT0_level1_fu_798_A_6_2_q0                    |  14|          3|   32|         96|
    |grp_FT0_level1_fu_798_A_7_0_q0                    |  14|          3|   32|         96|
    |grp_FT0_level1_fu_798_A_7_1_q0                    |  14|          3|   32|         96|
    |grp_FT0_level1_fu_798_A_7_2_q0                    |  14|          3|   32|         96|
    |grp_FT0_level1_fu_798_A_8_0_q0                    |  14|          3|   32|         96|
    |grp_FT0_level1_fu_798_A_8_1_q0                    |  14|          3|   32|         96|
    |grp_FT0_level1_fu_798_A_8_2_q0                    |  14|          3|   32|         96|
    |grp_read_A_FT0_fu_736_i0                          |  14|          3|    5|         15|
    |i0_fu_72                                          |   9|          2|    5|         10|
    +--------------------------------------------------+----+-----------+-----+-----------+
    |Total                                             |6120|       1328| 2339|       6775|
    +--------------------------------------------------+----+-----------+-----+-----------+

    * Register: 
    +------------------------------------+----+----+-----+-----------+
    |                Name                | FF | LUT| Bits| Const Bits|
    +------------------------------------+----+----+-----+-----------+
    |alpha_read_reg_948                  |  32|   0|   32|          0|
    |ap_CS_fsm                           |   5|   0|    5|          0|
    |ap_done_reg                         |   1|   0|    1|          0|
    |grp_FT0_level1_fu_798_ap_start_reg  |   1|   0|    1|          0|
    |grp_read_A_FT0_fu_736_ap_start_reg  |   1|   0|    1|          0|
    |grp_read_B_FT0_fu_586_ap_start_reg  |   1|   0|    1|          0|
    |i0_2_reg_956                        |   5|   0|    5|          0|
    |i0_fu_72                            |   5|   0|    5|          0|
    |trunc_ln220_reg_962                 |   1|   0|    1|          0|
    +------------------------------------+----+----+-----+-----------+
    |Total                               |  52|   0|   52|          0|
    +------------------------------------+----+----+-----+-----------+



================================================================
== Interface
================================================================
* Summary: 
+-------------------------------------------+-----+-----+------------+---------------------------------------+--------------+
|                 RTL Ports                 | Dir | Bits|  Protocol  |             Source Object             |    C Type    |
+-------------------------------------------+-----+-----+------------+---------------------------------------+--------------+
|ap_clk                                     |   in|    1|  ap_ctrl_hs|                             FT0_level0|  return value|
|ap_rst                                     |   in|    1|  ap_ctrl_hs|                             FT0_level0|  return value|
|ap_start                                   |   in|    1|  ap_ctrl_hs|                             FT0_level0|  return value|
|ap_done                                    |  out|    1|  ap_ctrl_hs|                             FT0_level0|  return value|
|ap_continue                                |   in|    1|  ap_ctrl_hs|                             FT0_level0|  return value|
|ap_idle                                    |  out|    1|  ap_ctrl_hs|                             FT0_level0|  return value|
|ap_ready                                   |  out|    1|  ap_ctrl_hs|                             FT0_level0|  return value|
|alpha_dout                                 |   in|   32|     ap_fifo|                                  alpha|       pointer|
|alpha_num_data_valid                       |   in|    3|     ap_fifo|                                  alpha|       pointer|
|alpha_fifo_cap                             |   in|    3|     ap_fifo|                                  alpha|       pointer|
|alpha_empty_n                              |   in|    1|     ap_fifo|                                  alpha|       pointer|
|alpha_read                                 |  out|    1|     ap_fifo|                                  alpha|       pointer|
|fifo_tmp_from_task1_to_task3_TDATA         |  out|  256|        axis|  fifo_tmp_from_task1_to_task3_V_data_V|       pointer|
|fifo_tmp_from_task1_to_task3_TVALID        |  out|    1|        axis|  fifo_tmp_from_task1_to_task3_V_last_V|       pointer|
|fifo_tmp_from_task1_to_task3_TREADY        |   in|    1|        axis|  fifo_tmp_from_task1_to_task3_V_last_V|       pointer|
|fifo_tmp_from_task1_to_task3_TLAST         |  out|    1|        axis|  fifo_tmp_from_task1_to_task3_V_last_V|       pointer|
|fifo_tmp_from_task1_to_task3_TKEEP         |  out|   32|        axis|  fifo_tmp_from_task1_to_task3_V_keep_V|       pointer|
|fifo_tmp_from_task1_to_task3_TSTRB         |  out|   32|        axis|  fifo_tmp_from_task1_to_task3_V_strb_V|       pointer|
|fifo_A_from_off_chip_to_S1_dout            |   in|  512|     ap_fifo|             fifo_A_from_off_chip_to_S1|       pointer|
|fifo_A_from_off_chip_to_S1_num_data_valid  |   in|   11|     ap_fifo|             fifo_A_from_off_chip_to_S1|       pointer|
|fifo_A_from_off_chip_to_S1_fifo_cap        |   in|   11|     ap_fifo|             fifo_A_from_off_chip_to_S1|       pointer|
|fifo_A_from_off_chip_to_S1_empty_n         |   in|    1|     ap_fifo|             fifo_A_from_off_chip_to_S1|       pointer|
|fifo_A_from_off_chip_to_S1_read            |  out|    1|     ap_fifo|             fifo_A_from_off_chip_to_S1|       pointer|
|fifo_B_from_off_chip_to_S1_dout            |   in|  512|     ap_fifo|             fifo_B_from_off_chip_to_S1|       pointer|
|fifo_B_from_off_chip_to_S1_num_data_valid  |   in|   11|     ap_fifo|             fifo_B_from_off_chip_to_S1|       pointer|
|fifo_B_from_off_chip_to_S1_fifo_cap        |   in|   11|     ap_fifo|             fifo_B_from_off_chip_to_S1|       pointer|
|fifo_B_from_off_chip_to_S1_empty_n         |   in|    1|     ap_fifo|             fifo_B_from_off_chip_to_S1|       pointer|
|fifo_B_from_off_chip_to_S1_read            |  out|    1|     ap_fifo|             fifo_B_from_off_chip_to_S1|       pointer|
|fifo_tmp_to_off_chip_din                   |  out|  256|     ap_fifo|                   fifo_tmp_to_off_chip|       pointer|
|fifo_tmp_to_off_chip_num_data_valid        |   in|   11|     ap_fifo|                   fifo_tmp_to_off_chip|       pointer|
|fifo_tmp_to_off_chip_fifo_cap              |   in|   11|     ap_fifo|                   fifo_tmp_to_off_chip|       pointer|
|fifo_tmp_to_off_chip_full_n                |   in|    1|     ap_fifo|                   fifo_tmp_to_off_chip|       pointer|
|fifo_tmp_to_off_chip_write                 |  out|    1|     ap_fifo|                   fifo_tmp_to_off_chip|       pointer|
+-------------------------------------------+-----+-----+------------+---------------------------------------+--------------+

