

================================================================
== Vitis HLS Report for 'write_tmp_FT0_3_Pipeline_VITIS_LOOP_548_1_VITIS_LOOP_549_2'
================================================================
* Date:           Thu Jan  2 03:28:34 2025

* Version:        2023.2 (Build 4023990 on Oct 11 2023)
* Project:        kernel_nlp_slr0
* Solution:       solution (Vitis Kernel Flow Target)
* Product family: virtexuplusHBM
* Target device:  xcu55c-fsvh2892-2L-e


================================================================
== Performance Estimates
================================================================
+ Timing: 
    * Summary: 
    +--------+---------+----------+------------+
    |  Clock |  Target | Estimated| Uncertainty|
    +--------+---------+----------+------------+
    |ap_clk  |  4.55 ns|  2.466 ns|     1.23 ns|
    +--------+---------+----------+------------+

+ Latency: 
    * Summary: 
    +---------+---------+----------+----------+-----+-----+---------+
    |  Latency (cycles) |  Latency (absolute) |  Interval | Pipeline|
    |   min   |   max   |    min   |    max   | min | max |   Type  |
    +---------+---------+----------+----------+-----+-----+---------+
    |       29|       29|  0.132 us|  0.132 us|   29|   29|       no|
    +---------+---------+----------+----------+-----+-----+---------+

    + Detail: 
        * Instance: 
        N/A

        * Loop: 
        +-------------------------------------+---------+---------+----------+-----------+-----------+------+----------+
        |                                     |  Latency (cycles) | Iteration|  Initiation Interval  | Trip |          |
        |              Loop Name              |   min   |   max   |  Latency |  achieved |   target  | Count| Pipelined|
        +-------------------------------------+---------+---------+----------+-----------+-----------+------+----------+
        |- VITIS_LOOP_548_1_VITIS_LOOP_549_2  |       27|       27|         2|          1|          1|    27|       yes|
        +-------------------------------------+---------+---------+----------+-----------+-----------+------+----------+



================================================================
== Utilization Estimates
================================================================
* Summary: 
+---------------------+---------+------+---------+---------+-----+
|         Name        | BRAM_18K|  DSP |    FF   |   LUT   | URAM|
+---------------------+---------+------+---------+---------+-----+
|DSP                  |        -|     -|        -|        -|    -|
|Expression           |        -|     -|        0|       75|    -|
|FIFO                 |        -|     -|        -|        -|    -|
|Instance             |        -|     -|        0|     1400|    -|
|Memory               |        -|     -|        -|        -|    -|
|Multiplexer          |        -|     -|        -|       81|    -|
|Register             |        -|     -|      273|        -|    -|
+---------------------+---------+------+---------+---------+-----+
|Total                |        0|     0|      273|     1556|    0|
+---------------------+---------+------+---------+---------+-----+
|Available SLR        |     1344|  3008|   869120|   434560|  320|
+---------------------+---------+------+---------+---------+-----+
|Utilization SLR (%)  |        0|     0|       ~0|       ~0|    0|
+---------------------+---------+------+---------+---------+-----+
|Available            |     4032|  9024|  2607360|  1303680|  960|
+---------------------+---------+------+---------+---------+-----+
|Utilization (%)      |        0|     0|       ~0|       ~0|    0|
+---------------------+---------+------+---------+---------+-----+

+ Detail: 
    * Instance: 
    +-----------------------------+-----------------------+---------+----+---+----+-----+
    |           Instance          |         Module        | BRAM_18K| DSP| FF| LUT| URAM|
    +-----------------------------+-----------------------+---------+----+---+----+-----+
    |sparsemux_19_4_32_1_1_U2426  |sparsemux_19_4_32_1_1  |        0|   0|  0|  49|    0|
    |sparsemux_19_4_32_1_1_U2436  |sparsemux_19_4_32_1_1  |        0|   0|  0|  49|    0|
    |sparsemux_19_4_32_1_1_U2446  |sparsemux_19_4_32_1_1  |        0|   0|  0|  49|    0|
    |sparsemux_19_4_32_1_1_U2456  |sparsemux_19_4_32_1_1  |        0|   0|  0|  49|    0|
    |sparsemux_19_4_32_1_1_U2466  |sparsemux_19_4_32_1_1  |        0|   0|  0|  49|    0|
    |sparsemux_19_4_32_1_1_U2476  |sparsemux_19_4_32_1_1  |        0|   0|  0|  49|    0|
    |sparsemux_19_4_32_1_1_U2486  |sparsemux_19_4_32_1_1  |        0|   0|  0|  49|    0|
    |sparsemux_19_4_32_1_1_U2496  |sparsemux_19_4_32_1_1  |        0|   0|  0|  49|    0|
    |sparsemux_7_5_32_1_1_U2417   |sparsemux_7_5_32_1_1   |        0|   0|  0|  14|    0|
    |sparsemux_7_5_32_1_1_U2418   |sparsemux_7_5_32_1_1   |        0|   0|  0|  14|    0|
    |sparsemux_7_5_32_1_1_U2419   |sparsemux_7_5_32_1_1   |        0|   0|  0|  14|    0|
    |sparsemux_7_5_32_1_1_U2420   |sparsemux_7_5_32_1_1   |        0|   0|  0|  14|    0|
    |sparsemux_7_5_32_1_1_U2421   |sparsemux_7_5_32_1_1   |        0|   0|  0|  14|    0|
    |sparsemux_7_5_32_1_1_U2422   |sparsemux_7_5_32_1_1   |        0|   0|  0|  14|    0|
    |sparsemux_7_5_32_1_1_U2423   |sparsemux_7_5_32_1_1   |        0|   0|  0|  14|    0|
    |sparsemux_7_5_32_1_1_U2424   |sparsemux_7_5_32_1_1   |        0|   0|  0|  14|    0|
    |sparsemux_7_5_32_1_1_U2425   |sparsemux_7_5_32_1_1   |        0|   0|  0|  14|    0|
    |sparsemux_7_5_32_1_1_U2427   |sparsemux_7_5_32_1_1   |        0|   0|  0|  14|    0|
    |sparsemux_7_5_32_1_1_U2428   |sparsemux_7_5_32_1_1   |        0|   0|  0|  14|    0|
    |sparsemux_7_5_32_1_1_U2429   |sparsemux_7_5_32_1_1   |        0|   0|  0|  14|    0|
    |sparsemux_7_5_32_1_1_U2430   |sparsemux_7_5_32_1_1   |        0|   0|  0|  14|    0|
    |sparsemux_7_5_32_1_1_U2431   |sparsemux_7_5_32_1_1   |        0|   0|  0|  14|    0|
    |sparsemux_7_5_32_1_1_U2432   |sparsemux_7_5_32_1_1   |        0|   0|  0|  14|    0|
    |sparsemux_7_5_32_1_1_U2433   |sparsemux_7_5_32_1_1   |        0|   0|  0|  14|    0|
    |sparsemux_7_5_32_1_1_U2434   |sparsemux_7_5_32_1_1   |        0|   0|  0|  14|    0|
    |sparsemux_7_5_32_1_1_U2435   |sparsemux_7_5_32_1_1   |        0|   0|  0|  14|    0|
    |sparsemux_7_5_32_1_1_U2437   |sparsemux_7_5_32_1_1   |        0|   0|  0|  14|    0|
    |sparsemux_7_5_32_1_1_U2438   |sparsemux_7_5_32_1_1   |        0|   0|  0|  14|    0|
    |sparsemux_7_5_32_1_1_U2439   |sparsemux_7_5_32_1_1   |        0|   0|  0|  14|    0|
    |sparsemux_7_5_32_1_1_U2440   |sparsemux_7_5_32_1_1   |        0|   0|  0|  14|    0|
    |sparsemux_7_5_32_1_1_U2441   |sparsemux_7_5_32_1_1   |        0|   0|  0|  14|    0|
    |sparsemux_7_5_32_1_1_U2442   |sparsemux_7_5_32_1_1   |        0|   0|  0|  14|    0|
    |sparsemux_7_5_32_1_1_U2443   |sparsemux_7_5_32_1_1   |        0|   0|  0|  14|    0|
    |sparsemux_7_5_32_1_1_U2444   |sparsemux_7_5_32_1_1   |        0|   0|  0|  14|    0|
    |sparsemux_7_5_32_1_1_U2445   |sparsemux_7_5_32_1_1   |        0|   0|  0|  14|    0|
    |sparsemux_7_5_32_1_1_U2447   |sparsemux_7_5_32_1_1   |        0|   0|  0|  14|    0|
    |sparsemux_7_5_32_1_1_U2448   |sparsemux_7_5_32_1_1   |        0|   0|  0|  14|    0|
    |sparsemux_7_5_32_1_1_U2449   |sparsemux_7_5_32_1_1   |        0|   0|  0|  14|    0|
    |sparsemux_7_5_32_1_1_U2450   |sparsemux_7_5_32_1_1   |        0|   0|  0|  14|    0|
    |sparsemux_7_5_32_1_1_U2451   |sparsemux_7_5_32_1_1   |        0|   0|  0|  14|    0|
    |sparsemux_7_5_32_1_1_U2452   |sparsemux_7_5_32_1_1   |        0|   0|  0|  14|    0|
    |sparsemux_7_5_32_1_1_U2453   |sparsemux_7_5_32_1_1   |        0|   0|  0|  14|    0|
    |sparsemux_7_5_32_1_1_U2454   |sparsemux_7_5_32_1_1   |        0|   0|  0|  14|    0|
    |sparsemux_7_5_32_1_1_U2455   |sparsemux_7_5_32_1_1   |        0|   0|  0|  14|    0|
    |sparsemux_7_5_32_1_1_U2457   |sparsemux_7_5_32_1_1   |        0|   0|  0|  14|    0|
    |sparsemux_7_5_32_1_1_U2458   |sparsemux_7_5_32_1_1   |        0|   0|  0|  14|    0|
    |sparsemux_7_5_32_1_1_U2459   |sparsemux_7_5_32_1_1   |        0|   0|  0|  14|    0|
    |sparsemux_7_5_32_1_1_U2460   |sparsemux_7_5_32_1_1   |        0|   0|  0|  14|    0|
    |sparsemux_7_5_32_1_1_U2461   |sparsemux_7_5_32_1_1   |        0|   0|  0|  14|    0|
    |sparsemux_7_5_32_1_1_U2462   |sparsemux_7_5_32_1_1   |        0|   0|  0|  14|    0|
    |sparsemux_7_5_32_1_1_U2463   |sparsemux_7_5_32_1_1   |        0|   0|  0|  14|    0|
    |sparsemux_7_5_32_1_1_U2464   |sparsemux_7_5_32_1_1   |        0|   0|  0|  14|    0|
    |sparsemux_7_5_32_1_1_U2465   |sparsemux_7_5_32_1_1   |        0|   0|  0|  14|    0|
    |sparsemux_7_5_32_1_1_U2467   |sparsemux_7_5_32_1_1   |        0|   0|  0|  14|    0|
    |sparsemux_7_5_32_1_1_U2468   |sparsemux_7_5_32_1_1   |        0|   0|  0|  14|    0|
    |sparsemux_7_5_32_1_1_U2469   |sparsemux_7_5_32_1_1   |        0|   0|  0|  14|    0|
    |sparsemux_7_5_32_1_1_U2470   |sparsemux_7_5_32_1_1   |        0|   0|  0|  14|    0|
    |sparsemux_7_5_32_1_1_U2471   |sparsemux_7_5_32_1_1   |        0|   0|  0|  14|    0|
    |sparsemux_7_5_32_1_1_U2472   |sparsemux_7_5_32_1_1   |        0|   0|  0|  14|    0|
    |sparsemux_7_5_32_1_1_U2473   |sparsemux_7_5_32_1_1   |        0|   0|  0|  14|    0|
    |sparsemux_7_5_32_1_1_U2474   |sparsemux_7_5_32_1_1   |        0|   0|  0|  14|    0|
    |sparsemux_7_5_32_1_1_U2475   |sparsemux_7_5_32_1_1   |        0|   0|  0|  14|    0|
    |sparsemux_7_5_32_1_1_U2477   |sparsemux_7_5_32_1_1   |        0|   0|  0|  14|    0|
    |sparsemux_7_5_32_1_1_U2478   |sparsemux_7_5_32_1_1   |        0|   0|  0|  14|    0|
    |sparsemux_7_5_32_1_1_U2479   |sparsemux_7_5_32_1_1   |        0|   0|  0|  14|    0|
    |sparsemux_7_5_32_1_1_U2480   |sparsemux_7_5_32_1_1   |        0|   0|  0|  14|    0|
    |sparsemux_7_5_32_1_1_U2481   |sparsemux_7_5_32_1_1   |        0|   0|  0|  14|    0|
    |sparsemux_7_5_32_1_1_U2482   |sparsemux_7_5_32_1_1   |        0|   0|  0|  14|    0|
    |sparsemux_7_5_32_1_1_U2483   |sparsemux_7_5_32_1_1   |        0|   0|  0|  14|    0|
    |sparsemux_7_5_32_1_1_U2484   |sparsemux_7_5_32_1_1   |        0|   0|  0|  14|    0|
    |sparsemux_7_5_32_1_1_U2485   |sparsemux_7_5_32_1_1   |        0|   0|  0|  14|    0|
    |sparsemux_7_5_32_1_1_U2487   |sparsemux_7_5_32_1_1   |        0|   0|  0|  14|    0|
    |sparsemux_7_5_32_1_1_U2488   |sparsemux_7_5_32_1_1   |        0|   0|  0|  14|    0|
    |sparsemux_7_5_32_1_1_U2489   |sparsemux_7_5_32_1_1   |        0|   0|  0|  14|    0|
    |sparsemux_7_5_32_1_1_U2490   |sparsemux_7_5_32_1_1   |        0|   0|  0|  14|    0|
    |sparsemux_7_5_32_1_1_U2491   |sparsemux_7_5_32_1_1   |        0|   0|  0|  14|    0|
    |sparsemux_7_5_32_1_1_U2492   |sparsemux_7_5_32_1_1   |        0|   0|  0|  14|    0|
    |sparsemux_7_5_32_1_1_U2493   |sparsemux_7_5_32_1_1   |        0|   0|  0|  14|    0|
    |sparsemux_7_5_32_1_1_U2494   |sparsemux_7_5_32_1_1   |        0|   0|  0|  14|    0|
    |sparsemux_7_5_32_1_1_U2495   |sparsemux_7_5_32_1_1   |        0|   0|  0|  14|    0|
    +-----------------------------+-----------------------+---------+----+---+----+-----+
    |Total                        |                       |        0|   0|  0|1400|    0|
    +-----------------------------+-----------------------+---------+----+---+----+-----+

    * DSP: 
    N/A

    * Memory: 
    N/A

    * FIFO: 
    N/A

    * Expression: 
    +---------------------------+----------+----+---+----+------------+------------+
    |       Variable Name       | Operation| DSP| FF| LUT| Bitwidth P0| Bitwidth P1|
    +---------------------------+----------+----+---+----+------------+------------+
    |add_ln548_1_fu_1867_p2     |         +|   0|  0|  12|           5|           1|
    |add_ln548_fu_1879_p2       |         +|   0|  0|  12|           4|           1|
    |add_ln549_fu_3699_p2       |         +|   0|  0|  12|           5|           4|
    |ap_block_pp0_stage0_01001  |       and|   0|  0|   2|           1|           1|
    |ap_block_pp0_stage0_11001  |       and|   0|  0|   2|           1|           1|
    |icmp_ln548_fu_1861_p2      |      icmp|   0|  0|  12|           5|           4|
    |icmp_ln549_fu_1885_p2      |      icmp|   0|  0|  12|           5|           5|
    |select_ln548_1_fu_1899_p3  |    select|   0|  0|   4|           1|           4|
    |select_ln548_fu_1891_p3    |    select|   0|  0|   5|           1|           1|
    |ap_enable_pp0              |       xor|   0|  0|   2|           1|           2|
    +---------------------------+----------+----+---+----+------------+------------+
    |Total                      |          |   0|  0|  75|          29|          24|
    +---------------------------+----------+----+---+----+------------+------------+

    * Multiplexer: 
    +------------------------------------------+----+-----------+-----+-----------+
    |                   Name                   | LUT| Input Size| Bits| Total Bits|
    +------------------------------------------+----+-----------+-----+-----------+
    |ap_done_int                               |   9|          2|    1|          2|
    |ap_enable_reg_pp0_iter1                   |   9|          2|    1|          2|
    |ap_sig_allocacmp_d0_load                  |   9|          2|    4|          8|
    |ap_sig_allocacmp_d1_load                  |   9|          2|    5|         10|
    |ap_sig_allocacmp_indvar_flatten_load      |   9|          2|    5|         10|
    |d0_fu_520                                 |   9|          2|    4|          8|
    |d1_fu_516                                 |   9|          2|    5|         10|
    |fifo_tmp_from_task1_to_task3_TDATA_blk_n  |   9|          2|    1|          2|
    |indvar_flatten_fu_524                     |   9|          2|    5|         10|
    +------------------------------------------+----+-----------+-----+-----------+
    |Total                                     |  81|         18|   31|         62|
    +------------------------------------------+----+-----------+-----+-----------+

    * Register: 
    +-------------------------+----+----+-----+-----------+
    |           Name          | FF | LUT| Bits| Const Bits|
    +-------------------------+----+----+-----+-----------+
    |ap_CS_fsm                |   1|   0|    1|          0|
    |ap_done_reg              |   1|   0|    1|          0|
    |ap_enable_reg_pp0_iter1  |   1|   0|    1|          0|
    |d0_fu_520                |   4|   0|    4|          0|
    |d1_fu_516                |   5|   0|    5|          0|
    |indvar_flatten_fu_524    |   5|   0|    5|          0|
    |tmp_0_reg_3789           |  32|   0|   32|          0|
    |tmp_1_reg_3794           |  32|   0|   32|          0|
    |tmp_2_reg_3799           |  32|   0|   32|          0|
    |tmp_3_reg_3804           |  32|   0|   32|          0|
    |tmp_4_reg_3809           |  32|   0|   32|          0|
    |tmp_5_reg_3814           |  32|   0|   32|          0|
    |tmp_6_reg_3819           |  32|   0|   32|          0|
    |tmp_7_reg_3824           |  32|   0|   32|          0|
    +-------------------------+----+----+-----+-----------+
    |Total                    | 273|   0|  273|          0|
    +-------------------------+----+----+-----+-----------+



================================================================
== Interface
================================================================
* Summary: 
+-------------------------------------+-----+-----+------------+------------------------------------------------------------+--------------+
|              RTL Ports              | Dir | Bits|  Protocol  |                        Source Object                       |    C Type    |
+-------------------------------------+-----+-----+------------+------------------------------------------------------------+--------------+
|ap_clk                               |   in|    1|  ap_ctrl_hs|  write_tmp_FT0.3_Pipeline_VITIS_LOOP_548_1_VITIS_LOOP_549_2|  return value|
|ap_rst                               |   in|    1|  ap_ctrl_hs|  write_tmp_FT0.3_Pipeline_VITIS_LOOP_548_1_VITIS_LOOP_549_2|  return value|
|ap_start                             |   in|    1|  ap_ctrl_hs|  write_tmp_FT0.3_Pipeline_VITIS_LOOP_548_1_VITIS_LOOP_549_2|  return value|
|ap_done                              |  out|    1|  ap_ctrl_hs|  write_tmp_FT0.3_Pipeline_VITIS_LOOP_548_1_VITIS_LOOP_549_2|  return value|
|ap_idle                              |  out|    1|  ap_ctrl_hs|  write_tmp_FT0.3_Pipeline_VITIS_LOOP_548_1_VITIS_LOOP_549_2|  return value|
|ap_ready                             |  out|    1|  ap_ctrl_hs|  write_tmp_FT0.3_Pipeline_VITIS_LOOP_548_1_VITIS_LOOP_549_2|  return value|
|fifo_tmp_from_task1_to_task3_TREADY  |   in|    1|        axis|                       fifo_tmp_from_task1_to_task3_V_data_V|       pointer|
|fifo_tmp_from_task1_to_task3_TDATA   |  out|  256|        axis|                       fifo_tmp_from_task1_to_task3_V_data_V|       pointer|
|tmp_1_0_0_val3_load                  |   in|   32|     ap_none|                                         tmp_1_0_0_val3_load|        scalar|
|tmp_1_0_8_val19_load                 |   in|   32|     ap_none|                                        tmp_1_0_8_val19_load|        scalar|
|tmp_1_0_16_val35_load                |   in|   32|     ap_none|                                       tmp_1_0_16_val35_load|        scalar|
|tmp_1_1_0_val51_load                 |   in|   32|     ap_none|                                        tmp_1_1_0_val51_load|        scalar|
|tmp_1_1_8_val67_load                 |   in|   32|     ap_none|                                        tmp_1_1_8_val67_load|        scalar|
|tmp_1_1_16_val83_load                |   in|   32|     ap_none|                                       tmp_1_1_16_val83_load|        scalar|
|tmp_1_2_0_val99_load                 |   in|   32|     ap_none|                                        tmp_1_2_0_val99_load|        scalar|
|tmp_1_2_8_val115_load                |   in|   32|     ap_none|                                       tmp_1_2_8_val115_load|        scalar|
|tmp_1_2_16_val131_load               |   in|   32|     ap_none|                                      tmp_1_2_16_val131_load|        scalar|
|tmp_1_3_0_val147_load                |   in|   32|     ap_none|                                       tmp_1_3_0_val147_load|        scalar|
|tmp_1_3_8_val163_load                |   in|   32|     ap_none|                                       tmp_1_3_8_val163_load|        scalar|
|tmp_1_3_16_val179_load               |   in|   32|     ap_none|                                      tmp_1_3_16_val179_load|        scalar|
|tmp_1_4_0_val195_load                |   in|   32|     ap_none|                                       tmp_1_4_0_val195_load|        scalar|
|tmp_1_4_8_val211_load                |   in|   32|     ap_none|                                       tmp_1_4_8_val211_load|        scalar|
|tmp_1_4_16_val227_load               |   in|   32|     ap_none|                                      tmp_1_4_16_val227_load|        scalar|
|tmp_1_5_0_val243_load                |   in|   32|     ap_none|                                       tmp_1_5_0_val243_load|        scalar|
|tmp_1_5_8_val259_load                |   in|   32|     ap_none|                                       tmp_1_5_8_val259_load|        scalar|
|tmp_1_5_16_val275_load               |   in|   32|     ap_none|                                      tmp_1_5_16_val275_load|        scalar|
|tmp_1_6_0_val291_load                |   in|   32|     ap_none|                                       tmp_1_6_0_val291_load|        scalar|
|tmp_1_6_8_val307_load                |   in|   32|     ap_none|                                       tmp_1_6_8_val307_load|        scalar|
|tmp_1_6_16_val323_load               |   in|   32|     ap_none|                                      tmp_1_6_16_val323_load|        scalar|
|tmp_1_7_0_val339_load                |   in|   32|     ap_none|                                       tmp_1_7_0_val339_load|        scalar|
|tmp_1_7_8_val355_load                |   in|   32|     ap_none|                                       tmp_1_7_8_val355_load|        scalar|
|tmp_1_7_16_val371_load               |   in|   32|     ap_none|                                      tmp_1_7_16_val371_load|        scalar|
|tmp_1_8_0_val387_load                |   in|   32|     ap_none|                                       tmp_1_8_0_val387_load|        scalar|
|tmp_1_8_8_val403_load                |   in|   32|     ap_none|                                       tmp_1_8_8_val403_load|        scalar|
|tmp_1_8_16_val419_load               |   in|   32|     ap_none|                                      tmp_1_8_16_val419_load|        scalar|
|tmp_1_0_1_val5_load                  |   in|   32|     ap_none|                                         tmp_1_0_1_val5_load|        scalar|
|tmp_1_0_9_val21_load                 |   in|   32|     ap_none|                                        tmp_1_0_9_val21_load|        scalar|
|tmp_1_0_17_val37_load                |   in|   32|     ap_none|                                       tmp_1_0_17_val37_load|        scalar|
|tmp_1_1_1_val53_load                 |   in|   32|     ap_none|                                        tmp_1_1_1_val53_load|        scalar|
|tmp_1_1_9_val69_load                 |   in|   32|     ap_none|                                        tmp_1_1_9_val69_load|        scalar|
|tmp_1_1_17_val85_load                |   in|   32|     ap_none|                                       tmp_1_1_17_val85_load|        scalar|
|tmp_1_2_1_val101_load                |   in|   32|     ap_none|                                       tmp_1_2_1_val101_load|        scalar|
|tmp_1_2_9_val117_load                |   in|   32|     ap_none|                                       tmp_1_2_9_val117_load|        scalar|
|tmp_1_2_17_val133_load               |   in|   32|     ap_none|                                      tmp_1_2_17_val133_load|        scalar|
|tmp_1_3_1_val149_load                |   in|   32|     ap_none|                                       tmp_1_3_1_val149_load|        scalar|
|tmp_1_3_9_val165_load                |   in|   32|     ap_none|                                       tmp_1_3_9_val165_load|        scalar|
|tmp_1_3_17_val181_load               |   in|   32|     ap_none|                                      tmp_1_3_17_val181_load|        scalar|
|tmp_1_4_1_val197_load                |   in|   32|     ap_none|                                       tmp_1_4_1_val197_load|        scalar|
|tmp_1_4_9_val213_load                |   in|   32|     ap_none|                                       tmp_1_4_9_val213_load|        scalar|
|tmp_1_4_17_val229_load               |   in|   32|     ap_none|                                      tmp_1_4_17_val229_load|        scalar|
|tmp_1_5_1_val245_load                |   in|   32|     ap_none|                                       tmp_1_5_1_val245_load|        scalar|
|tmp_1_5_9_val261_load                |   in|   32|     ap_none|                                       tmp_1_5_9_val261_load|        scalar|
|tmp_1_5_17_val277_load               |   in|   32|     ap_none|                                      tmp_1_5_17_val277_load|        scalar|
|tmp_1_6_1_val293_load                |   in|   32|     ap_none|                                       tmp_1_6_1_val293_load|        scalar|
|tmp_1_6_9_val309_load                |   in|   32|     ap_none|                                       tmp_1_6_9_val309_load|        scalar|
|tmp_1_6_17_val325_load               |   in|   32|     ap_none|                                      tmp_1_6_17_val325_load|        scalar|
|tmp_1_7_1_val341_load                |   in|   32|     ap_none|                                       tmp_1_7_1_val341_load|        scalar|
|tmp_1_7_9_val357_load                |   in|   32|     ap_none|                                       tmp_1_7_9_val357_load|        scalar|
|tmp_1_7_17_val373_load               |   in|   32|     ap_none|                                      tmp_1_7_17_val373_load|        scalar|
|tmp_1_8_1_val389_load                |   in|   32|     ap_none|                                       tmp_1_8_1_val389_load|        scalar|
|tmp_1_8_9_val405_load                |   in|   32|     ap_none|                                       tmp_1_8_9_val405_load|        scalar|
|tmp_1_8_17_val421_load               |   in|   32|     ap_none|                                      tmp_1_8_17_val421_load|        scalar|
|tmp_1_0_2_val7_load                  |   in|   32|     ap_none|                                         tmp_1_0_2_val7_load|        scalar|
|tmp_1_0_10_val23_load                |   in|   32|     ap_none|                                       tmp_1_0_10_val23_load|        scalar|
|tmp_1_0_18_val39_load                |   in|   32|     ap_none|                                       tmp_1_0_18_val39_load|        scalar|
|tmp_1_1_2_val55_load                 |   in|   32|     ap_none|                                        tmp_1_1_2_val55_load|        scalar|
|tmp_1_1_10_val71_load                |   in|   32|     ap_none|                                       tmp_1_1_10_val71_load|        scalar|
|tmp_1_1_18_val87_load                |   in|   32|     ap_none|                                       tmp_1_1_18_val87_load|        scalar|
|tmp_1_2_2_val103_load                |   in|   32|     ap_none|                                       tmp_1_2_2_val103_load|        scalar|
|tmp_1_2_10_val119_load               |   in|   32|     ap_none|                                      tmp_1_2_10_val119_load|        scalar|
|tmp_1_2_18_val135_load               |   in|   32|     ap_none|                                      tmp_1_2_18_val135_load|        scalar|
|tmp_1_3_2_val151_load                |   in|   32|     ap_none|                                       tmp_1_3_2_val151_load|        scalar|
|tmp_1_3_10_val167_load               |   in|   32|     ap_none|                                      tmp_1_3_10_val167_load|        scalar|
|tmp_1_3_18_val183_load               |   in|   32|     ap_none|                                      tmp_1_3_18_val183_load|        scalar|
|tmp_1_4_2_val199_load                |   in|   32|     ap_none|                                       tmp_1_4_2_val199_load|        scalar|
|tmp_1_4_10_val215_load               |   in|   32|     ap_none|                                      tmp_1_4_10_val215_load|        scalar|
|tmp_1_4_18_val231_load               |   in|   32|     ap_none|                                      tmp_1_4_18_val231_load|        scalar|
|tmp_1_5_2_val247_load                |   in|   32|     ap_none|                                       tmp_1_5_2_val247_load|        scalar|
|tmp_1_5_10_val263_load               |   in|   32|     ap_none|                                      tmp_1_5_10_val263_load|        scalar|
|tmp_1_5_18_val279_load               |   in|   32|     ap_none|                                      tmp_1_5_18_val279_load|        scalar|
|tmp_1_6_2_val295_load                |   in|   32|     ap_none|                                       tmp_1_6_2_val295_load|        scalar|
|tmp_1_6_10_val311_load               |   in|   32|     ap_none|                                      tmp_1_6_10_val311_load|        scalar|
|tmp_1_6_18_val327_load               |   in|   32|     ap_none|                                      tmp_1_6_18_val327_load|        scalar|
|tmp_1_7_2_val343_load                |   in|   32|     ap_none|                                       tmp_1_7_2_val343_load|        scalar|
|tmp_1_7_10_val359_load               |   in|   32|     ap_none|                                      tmp_1_7_10_val359_load|        scalar|
|tmp_1_7_18_val375_load               |   in|   32|     ap_none|                                      tmp_1_7_18_val375_load|        scalar|
|tmp_1_8_2_val391_load                |   in|   32|     ap_none|                                       tmp_1_8_2_val391_load|        scalar|
|tmp_1_8_10_val407_load               |   in|   32|     ap_none|                                      tmp_1_8_10_val407_load|        scalar|
|tmp_1_8_18_val423_load               |   in|   32|     ap_none|                                      tmp_1_8_18_val423_load|        scalar|
|tmp_1_0_3_val9_load                  |   in|   32|     ap_none|                                         tmp_1_0_3_val9_load|        scalar|
|tmp_1_0_11_val25_load                |   in|   32|     ap_none|                                       tmp_1_0_11_val25_load|        scalar|
|tmp_1_0_19_val41_load                |   in|   32|     ap_none|                                       tmp_1_0_19_val41_load|        scalar|
|tmp_1_1_3_val57_load                 |   in|   32|     ap_none|                                        tmp_1_1_3_val57_load|        scalar|
|tmp_1_1_11_val73_load                |   in|   32|     ap_none|                                       tmp_1_1_11_val73_load|        scalar|
|tmp_1_1_19_val89_load                |   in|   32|     ap_none|                                       tmp_1_1_19_val89_load|        scalar|
|tmp_1_2_3_val105_load                |   in|   32|     ap_none|                                       tmp_1_2_3_val105_load|        scalar|
|tmp_1_2_11_val121_load               |   in|   32|     ap_none|                                      tmp_1_2_11_val121_load|        scalar|
|tmp_1_2_19_val137_load               |   in|   32|     ap_none|                                      tmp_1_2_19_val137_load|        scalar|
|tmp_1_3_3_val153_load                |   in|   32|     ap_none|                                       tmp_1_3_3_val153_load|        scalar|
|tmp_1_3_11_val169_load               |   in|   32|     ap_none|                                      tmp_1_3_11_val169_load|        scalar|
|tmp_1_3_19_val185_load               |   in|   32|     ap_none|                                      tmp_1_3_19_val185_load|        scalar|
|tmp_1_4_3_val201_load                |   in|   32|     ap_none|                                       tmp_1_4_3_val201_load|        scalar|
|tmp_1_4_11_val217_load               |   in|   32|     ap_none|                                      tmp_1_4_11_val217_load|        scalar|
|tmp_1_4_19_val233_load               |   in|   32|     ap_none|                                      tmp_1_4_19_val233_load|        scalar|
|tmp_1_5_3_val249_load                |   in|   32|     ap_none|                                       tmp_1_5_3_val249_load|        scalar|
|tmp_1_5_11_val265_load               |   in|   32|     ap_none|                                      tmp_1_5_11_val265_load|        scalar|
|tmp_1_5_19_val281_load               |   in|   32|     ap_none|                                      tmp_1_5_19_val281_load|        scalar|
|tmp_1_6_3_val297_load                |   in|   32|     ap_none|                                       tmp_1_6_3_val297_load|        scalar|
|tmp_1_6_11_val313_load               |   in|   32|     ap_none|                                      tmp_1_6_11_val313_load|        scalar|
|tmp_1_6_19_val329_load               |   in|   32|     ap_none|                                      tmp_1_6_19_val329_load|        scalar|
|tmp_1_7_3_val345_load                |   in|   32|     ap_none|                                       tmp_1_7_3_val345_load|        scalar|
|tmp_1_7_11_val361_load               |   in|   32|     ap_none|                                      tmp_1_7_11_val361_load|        scalar|
|tmp_1_7_19_val377_load               |   in|   32|     ap_none|                                      tmp_1_7_19_val377_load|        scalar|
|tmp_1_8_3_val393_load                |   in|   32|     ap_none|                                       tmp_1_8_3_val393_load|        scalar|
|tmp_1_8_11_val409_load               |   in|   32|     ap_none|                                      tmp_1_8_11_val409_load|        scalar|
|tmp_1_8_19_val425_load               |   in|   32|     ap_none|                                      tmp_1_8_19_val425_load|        scalar|
|tmp_1_0_4_val11_load                 |   in|   32|     ap_none|                                        tmp_1_0_4_val11_load|        scalar|
|tmp_1_0_12_val27_load                |   in|   32|     ap_none|                                       tmp_1_0_12_val27_load|        scalar|
|tmp_1_0_20_val43_load                |   in|   32|     ap_none|                                       tmp_1_0_20_val43_load|        scalar|
|tmp_1_1_4_val59_load                 |   in|   32|     ap_none|                                        tmp_1_1_4_val59_load|        scalar|
|tmp_1_1_12_val75_load                |   in|   32|     ap_none|                                       tmp_1_1_12_val75_load|        scalar|
|tmp_1_1_20_val91_load                |   in|   32|     ap_none|                                       tmp_1_1_20_val91_load|        scalar|
|tmp_1_2_4_val107_load                |   in|   32|     ap_none|                                       tmp_1_2_4_val107_load|        scalar|
|tmp_1_2_12_val123_load               |   in|   32|     ap_none|                                      tmp_1_2_12_val123_load|        scalar|
|tmp_1_2_20_val139_load               |   in|   32|     ap_none|                                      tmp_1_2_20_val139_load|        scalar|
|tmp_1_3_4_val155_load                |   in|   32|     ap_none|                                       tmp_1_3_4_val155_load|        scalar|
|tmp_1_3_12_val171_load               |   in|   32|     ap_none|                                      tmp_1_3_12_val171_load|        scalar|
|tmp_1_3_20_val187_load               |   in|   32|     ap_none|                                      tmp_1_3_20_val187_load|        scalar|
|tmp_1_4_4_val203_load                |   in|   32|     ap_none|                                       tmp_1_4_4_val203_load|        scalar|
|tmp_1_4_12_val219_load               |   in|   32|     ap_none|                                      tmp_1_4_12_val219_load|        scalar|
|tmp_1_4_20_val235_load               |   in|   32|     ap_none|                                      tmp_1_4_20_val235_load|        scalar|
|tmp_1_5_4_val251_load                |   in|   32|     ap_none|                                       tmp_1_5_4_val251_load|        scalar|
|tmp_1_5_12_val267_load               |   in|   32|     ap_none|                                      tmp_1_5_12_val267_load|        scalar|
|tmp_1_5_20_val283_load               |   in|   32|     ap_none|                                      tmp_1_5_20_val283_load|        scalar|
|tmp_1_6_4_val299_load                |   in|   32|     ap_none|                                       tmp_1_6_4_val299_load|        scalar|
|tmp_1_6_12_val315_load               |   in|   32|     ap_none|                                      tmp_1_6_12_val315_load|        scalar|
|tmp_1_6_20_val331_load               |   in|   32|     ap_none|                                      tmp_1_6_20_val331_load|        scalar|
|tmp_1_7_4_val347_load                |   in|   32|     ap_none|                                       tmp_1_7_4_val347_load|        scalar|
|tmp_1_7_12_val363_load               |   in|   32|     ap_none|                                      tmp_1_7_12_val363_load|        scalar|
|tmp_1_7_20_val379_load               |   in|   32|     ap_none|                                      tmp_1_7_20_val379_load|        scalar|
|tmp_1_8_4_val395_load                |   in|   32|     ap_none|                                       tmp_1_8_4_val395_load|        scalar|
|tmp_1_8_12_val411_load               |   in|   32|     ap_none|                                      tmp_1_8_12_val411_load|        scalar|
|tmp_1_8_20_val427_load               |   in|   32|     ap_none|                                      tmp_1_8_20_val427_load|        scalar|
|tmp_1_0_5_val13_load                 |   in|   32|     ap_none|                                        tmp_1_0_5_val13_load|        scalar|
|tmp_1_0_13_val29_load                |   in|   32|     ap_none|                                       tmp_1_0_13_val29_load|        scalar|
|tmp_1_0_21_val45_load                |   in|   32|     ap_none|                                       tmp_1_0_21_val45_load|        scalar|
|tmp_1_1_5_val61_load                 |   in|   32|     ap_none|                                        tmp_1_1_5_val61_load|        scalar|
|tmp_1_1_13_val77_load                |   in|   32|     ap_none|                                       tmp_1_1_13_val77_load|        scalar|
|tmp_1_1_21_val93_load                |   in|   32|     ap_none|                                       tmp_1_1_21_val93_load|        scalar|
|tmp_1_2_5_val109_load                |   in|   32|     ap_none|                                       tmp_1_2_5_val109_load|        scalar|
|tmp_1_2_13_val125_load               |   in|   32|     ap_none|                                      tmp_1_2_13_val125_load|        scalar|
|tmp_1_2_21_val141_load               |   in|   32|     ap_none|                                      tmp_1_2_21_val141_load|        scalar|
|tmp_1_3_5_val157_load                |   in|   32|     ap_none|                                       tmp_1_3_5_val157_load|        scalar|
|tmp_1_3_13_val173_load               |   in|   32|     ap_none|                                      tmp_1_3_13_val173_load|        scalar|
|tmp_1_3_21_val189_load               |   in|   32|     ap_none|                                      tmp_1_3_21_val189_load|        scalar|
|tmp_1_4_5_val205_load                |   in|   32|     ap_none|                                       tmp_1_4_5_val205_load|        scalar|
|tmp_1_4_13_val221_load               |   in|   32|     ap_none|                                      tmp_1_4_13_val221_load|        scalar|
|tmp_1_4_21_val237_load               |   in|   32|     ap_none|                                      tmp_1_4_21_val237_load|        scalar|
|tmp_1_5_5_val253_load                |   in|   32|     ap_none|                                       tmp_1_5_5_val253_load|        scalar|
|tmp_1_5_13_val269_load               |   in|   32|     ap_none|                                      tmp_1_5_13_val269_load|        scalar|
|tmp_1_5_21_val285_load               |   in|   32|     ap_none|                                      tmp_1_5_21_val285_load|        scalar|
|tmp_1_6_5_val301_load                |   in|   32|     ap_none|                                       tmp_1_6_5_val301_load|        scalar|
|tmp_1_6_13_val317_load               |   in|   32|     ap_none|                                      tmp_1_6_13_val317_load|        scalar|
|tmp_1_6_21_val333_load               |   in|   32|     ap_none|                                      tmp_1_6_21_val333_load|        scalar|
|tmp_1_7_5_val349_load                |   in|   32|     ap_none|                                       tmp_1_7_5_val349_load|        scalar|
|tmp_1_7_13_val365_load               |   in|   32|     ap_none|                                      tmp_1_7_13_val365_load|        scalar|
|tmp_1_7_21_val381_load               |   in|   32|     ap_none|                                      tmp_1_7_21_val381_load|        scalar|
|tmp_1_8_5_val397_load                |   in|   32|     ap_none|                                       tmp_1_8_5_val397_load|        scalar|
|tmp_1_8_13_val413_load               |   in|   32|     ap_none|                                      tmp_1_8_13_val413_load|        scalar|
|tmp_1_8_21_val429_load               |   in|   32|     ap_none|                                      tmp_1_8_21_val429_load|        scalar|
|tmp_1_0_6_val15_load                 |   in|   32|     ap_none|                                        tmp_1_0_6_val15_load|        scalar|
|tmp_1_0_14_val31_load                |   in|   32|     ap_none|                                       tmp_1_0_14_val31_load|        scalar|
|tmp_1_0_22_val47_load                |   in|   32|     ap_none|                                       tmp_1_0_22_val47_load|        scalar|
|tmp_1_1_6_val63_load                 |   in|   32|     ap_none|                                        tmp_1_1_6_val63_load|        scalar|
|tmp_1_1_14_val79_load                |   in|   32|     ap_none|                                       tmp_1_1_14_val79_load|        scalar|
|tmp_1_1_22_val95_load                |   in|   32|     ap_none|                                       tmp_1_1_22_val95_load|        scalar|
|tmp_1_2_6_val111_load                |   in|   32|     ap_none|                                       tmp_1_2_6_val111_load|        scalar|
|tmp_1_2_14_val127_load               |   in|   32|     ap_none|                                      tmp_1_2_14_val127_load|        scalar|
|tmp_1_2_22_val143_load               |   in|   32|     ap_none|                                      tmp_1_2_22_val143_load|        scalar|
|tmp_1_3_6_val159_load                |   in|   32|     ap_none|                                       tmp_1_3_6_val159_load|        scalar|
|tmp_1_3_14_val175_load               |   in|   32|     ap_none|                                      tmp_1_3_14_val175_load|        scalar|
|tmp_1_3_22_val191_load               |   in|   32|     ap_none|                                      tmp_1_3_22_val191_load|        scalar|
|tmp_1_4_6_val207_load                |   in|   32|     ap_none|                                       tmp_1_4_6_val207_load|        scalar|
|tmp_1_4_14_val223_load               |   in|   32|     ap_none|                                      tmp_1_4_14_val223_load|        scalar|
|tmp_1_4_22_val239_load               |   in|   32|     ap_none|                                      tmp_1_4_22_val239_load|        scalar|
|tmp_1_5_6_val255_load                |   in|   32|     ap_none|                                       tmp_1_5_6_val255_load|        scalar|
|tmp_1_5_14_val271_load               |   in|   32|     ap_none|                                      tmp_1_5_14_val271_load|        scalar|
|tmp_1_5_22_val287_load               |   in|   32|     ap_none|                                      tmp_1_5_22_val287_load|        scalar|
|tmp_1_6_6_val303_load                |   in|   32|     ap_none|                                       tmp_1_6_6_val303_load|        scalar|
|tmp_1_6_14_val319_load               |   in|   32|     ap_none|                                      tmp_1_6_14_val319_load|        scalar|
|tmp_1_6_22_val335_load               |   in|   32|     ap_none|                                      tmp_1_6_22_val335_load|        scalar|
|tmp_1_7_6_val351_load                |   in|   32|     ap_none|                                       tmp_1_7_6_val351_load|        scalar|
|tmp_1_7_14_val367_load               |   in|   32|     ap_none|                                      tmp_1_7_14_val367_load|        scalar|
|tmp_1_7_22_val383_load               |   in|   32|     ap_none|                                      tmp_1_7_22_val383_load|        scalar|
|tmp_1_8_6_val399_load                |   in|   32|     ap_none|                                       tmp_1_8_6_val399_load|        scalar|
|tmp_1_8_14_val415_load               |   in|   32|     ap_none|                                      tmp_1_8_14_val415_load|        scalar|
|tmp_1_8_22_val431_load               |   in|   32|     ap_none|                                      tmp_1_8_22_val431_load|        scalar|
|tmp_1_0_7_val17_load                 |   in|   32|     ap_none|                                        tmp_1_0_7_val17_load|        scalar|
|tmp_1_0_15_val33_load                |   in|   32|     ap_none|                                       tmp_1_0_15_val33_load|        scalar|
|tmp_1_0_23_val49_load                |   in|   32|     ap_none|                                       tmp_1_0_23_val49_load|        scalar|
|tmp_1_1_7_val65_load                 |   in|   32|     ap_none|                                        tmp_1_1_7_val65_load|        scalar|
|tmp_1_1_15_val81_load                |   in|   32|     ap_none|                                       tmp_1_1_15_val81_load|        scalar|
|tmp_1_1_23_val97_load                |   in|   32|     ap_none|                                       tmp_1_1_23_val97_load|        scalar|
|tmp_1_2_7_val113_load                |   in|   32|     ap_none|                                       tmp_1_2_7_val113_load|        scalar|
|tmp_1_2_15_val129_load               |   in|   32|     ap_none|                                      tmp_1_2_15_val129_load|        scalar|
|tmp_1_2_23_val145_load               |   in|   32|     ap_none|                                      tmp_1_2_23_val145_load|        scalar|
|tmp_1_3_7_val161_load                |   in|   32|     ap_none|                                       tmp_1_3_7_val161_load|        scalar|
|tmp_1_3_15_val177_load               |   in|   32|     ap_none|                                      tmp_1_3_15_val177_load|        scalar|
|tmp_1_3_23_val193_load               |   in|   32|     ap_none|                                      tmp_1_3_23_val193_load|        scalar|
|tmp_1_4_7_val209_load                |   in|   32|     ap_none|                                       tmp_1_4_7_val209_load|        scalar|
|tmp_1_4_15_val225_load               |   in|   32|     ap_none|                                      tmp_1_4_15_val225_load|        scalar|
|tmp_1_4_23_val241_load               |   in|   32|     ap_none|                                      tmp_1_4_23_val241_load|        scalar|
|tmp_1_5_7_val257_load                |   in|   32|     ap_none|                                       tmp_1_5_7_val257_load|        scalar|
|tmp_1_5_15_val273_load               |   in|   32|     ap_none|                                      tmp_1_5_15_val273_load|        scalar|
|tmp_1_5_23_val289_load               |   in|   32|     ap_none|                                      tmp_1_5_23_val289_load|        scalar|
|tmp_1_6_7_val305_load                |   in|   32|     ap_none|                                       tmp_1_6_7_val305_load|        scalar|
|tmp_1_6_15_val321_load               |   in|   32|     ap_none|                                      tmp_1_6_15_val321_load|        scalar|
|tmp_1_6_23_val337_load               |   in|   32|     ap_none|                                      tmp_1_6_23_val337_load|        scalar|
|tmp_1_7_7_val353_load                |   in|   32|     ap_none|                                       tmp_1_7_7_val353_load|        scalar|
|tmp_1_7_15_val369_load               |   in|   32|     ap_none|                                      tmp_1_7_15_val369_load|        scalar|
|tmp_1_7_23_val385_load               |   in|   32|     ap_none|                                      tmp_1_7_23_val385_load|        scalar|
|tmp_1_8_7_val401_load                |   in|   32|     ap_none|                                       tmp_1_8_7_val401_load|        scalar|
|tmp_1_8_15_val417_load               |   in|   32|     ap_none|                                      tmp_1_8_15_val417_load|        scalar|
|tmp_1_8_23_val433_load               |   in|   32|     ap_none|                                      tmp_1_8_23_val433_load|        scalar|
|fifo_tmp_from_task1_to_task3_TVALID  |  out|    1|        axis|                       fifo_tmp_from_task1_to_task3_V_last_V|       pointer|
|fifo_tmp_from_task1_to_task3_TLAST   |  out|    1|        axis|                       fifo_tmp_from_task1_to_task3_V_last_V|       pointer|
|fifo_tmp_from_task1_to_task3_TKEEP   |  out|   32|        axis|                       fifo_tmp_from_task1_to_task3_V_keep_V|       pointer|
|fifo_tmp_from_task1_to_task3_TSTRB   |  out|   32|        axis|                       fifo_tmp_from_task1_to_task3_V_strb_V|       pointer|
+-------------------------------------+-----+-----+------------+------------------------------------------------------------+--------------+

