Thu Dec  5 15:11:47 2024: Running xcd server. This server was built by gradle.
Thu Dec  5 15:11:47 2024: Server was asked to start on port: '45505'
Thu Dec  5 15:11:47 2024: Server is using token UUID: 'ccac32c6-7628-4d4b-8b1a-6ae2c6be1ab3'
Thu Dec  5 15:11:47 2024: SESSION_MGR: creating session with session uuid: '6d04a3e9-ade5-4ab9-8d63-1f78fcd2ec76' and name 'default'
Thu Dec  5 15:11:47 2024: Attempting to start server on port '45505'
Thu Dec  5 15:11:47 2024: XCD main fifo: created main fifo '/tmp/xcdmainccac32c6-7628-4d4b-8b1a-6ae2c6be1ab3', fd read = 14
Thu Dec  5 15:11:47 2024: Running Dispatch Server
Thu Dec  5 15:11:47 2024: Version 2.2.0
Thu Dec  5 15:11:49 2024: Dispatch Server: Accepted socket connection from client
Thu Dec  5 15:11:49 2024: Starting Socket connection
Thu Dec  5 15:11:49 2024: EXCHANGE_TOKEN received, server token: ccac32c6-7628-4d4b-8b1a-6ae2c6be1ab3, passed token: ccac32c6-7628-4d4b-8b1a-6ae2c6be1ab3
Thu Dec  5 15:11:49 2024: DISPATCH_HANDLER: Adding handler from function makeHandler in library libxv_system_diagram
Thu Dec  5 15:11:49 2024: SESSION_MGR: creating session with session uuid: 'cbc1afcd-5f24-4760-be7f-6b0da8209744' and name 'v++_compile_workload-kernel_nlp_slr0-hw_emu'
Thu Dec  5 15:11:49 2024: KERNEL_SVC: creating session with uuid: 'cbc1afcd-5f24-4760-be7f-6b0da8209744' and name 'v++_compile_workload-kernel_nlp_slr0-hw_emu'
Thu Dec  5 15:11:49 2024: GUIDANCE_SMGR: creating guidance session with uuid: 'cbc1afcd-5f24-4760-be7f-6b0da8209744' and name 'v++_compile_workload-kernel_nlp_slr0-hw_emu'
Thu Dec  5 15:11:49 2024: SYSTEM_DIAGRAM: creating session with uuid: 'cbc1afcd-5f24-4760-be7f-6b0da8209744' and name 'v++_compile_workload-kernel_nlp_slr0-hw_emu'
Thu Dec  5 15:12:01 2024: Dispatch Server: Accepted socket connection from client
Thu Dec  5 15:12:01 2024: Starting Socket connection
Thu Dec  5 15:21:49 2024: SESSION_MGR: closing session for UUID 'cbc1afcd-5f24-4760-be7f-6b0da8209744' with name 'v++_compile_workload-kernel_nlp_slr0-hw_emu'
Thu Dec  5 15:21:49 2024: KERNEL_SVC: closing session for UUID 'cbc1afcd-5f24-4760-be7f-6b0da8209744' with name 'v++_compile_workload-kernel_nlp_slr0-hw_emu'
Thu Dec  5 15:21:49 2024: GUIDANCE_SMGR: closing session for UUID 'cbc1afcd-5f24-4760-be7f-6b0da8209744' with name 'v++_compile_workload-kernel_nlp_slr0-hw_emu'
Thu Dec  5 15:21:49 2024: SYSTEM_DIAGRAM: closing session for UUID 'cbc1afcd-5f24-4760-be7f-6b0da8209744' with name 'v++_compile_workload-kernel_nlp_slr0-hw_emu'
Thu Dec  5 15:21:49 2024: STOP_SERVER received, server token: ccac32c6-7628-4d4b-8b1a-6ae2c6be1ab3, passed token: ccac32c6-7628-4d4b-8b1a-6ae2c6be1ab3
Thu Dec  5 15:21:49 2024: Socket received request to stop server.
Thu Dec  5 15:21:49 2024: Dispatch Server: do_await_stop
Thu Dec  5 15:21:49 2024: Dispatch Server: stopping mainFifo_
Thu Dec  5 15:21:49 2024: XCD main fifo: Stopping
Thu Dec  5 15:21:49 2024: XCD main fifo: do_read error code: Operation canceled
Thu Dec  5 15:21:49 2024: XCD main fifo: bytes_transferred: 0
Thu Dec  5 15:21:49 2024: SERVER: destructor for server bound to port 45505
Thu Dec  5 15:21:49 2024: XCD main fifo: Good unlink of /tmp/xcdmainccac32c6-7628-4d4b-8b1a-6ae2c6be1ab3
Thu Dec  5 15:21:49 2024: Server exiting with status 0.
Thu Dec  5 15:21:49 2024: Closing log file.
Thu Dec  5 15:21:51 2024: Running xcd server. This server was built by gradle.
Thu Dec  5 15:21:51 2024: Server was asked to start on port: '44919'
Thu Dec  5 15:21:51 2024: Server is using token UUID: '9c422415-6ffe-4b12-a77c-7ebf262b18ee'
Thu Dec  5 15:21:51 2024: SESSION_MGR: creating session with session uuid: '6d04a3e9-ade5-4ab9-8d63-1f78fcd2ec76' and name 'default'
Thu Dec  5 15:21:51 2024: Attempting to start server on port '44919'
Thu Dec  5 15:21:51 2024: XCD main fifo: created main fifo '/tmp/xcdmain9c422415-6ffe-4b12-a77c-7ebf262b18ee', fd read = 13
Thu Dec  5 15:21:51 2024: Running Dispatch Server
Thu Dec  5 15:21:51 2024: Version 2.2.0
Thu Dec  5 15:21:53 2024: Dispatch Server: Accepted socket connection from client
Thu Dec  5 15:21:53 2024: Starting Socket connection
Thu Dec  5 15:21:53 2024: EXCHANGE_TOKEN received, server token: 9c422415-6ffe-4b12-a77c-7ebf262b18ee, passed token: 9c422415-6ffe-4b12-a77c-7ebf262b18ee
Thu Dec  5 15:21:53 2024: DISPATCH_HANDLER: Adding handler from function makeHandler in library libxv_system_diagram
Thu Dec  5 15:21:53 2024: SESSION_MGR: creating session with session uuid: '53b841c0-8358-411e-a56b-84f8eb2c1e8f' and name 'v++_link_workload-hw_emu'
Thu Dec  5 15:21:53 2024: KERNEL_SVC: creating session with uuid: '53b841c0-8358-411e-a56b-84f8eb2c1e8f' and name 'v++_link_workload-hw_emu'
Thu Dec  5 15:21:53 2024: GUIDANCE_SMGR: creating guidance session with uuid: '53b841c0-8358-411e-a56b-84f8eb2c1e8f' and name 'v++_link_workload-hw_emu'
Thu Dec  5 15:21:53 2024: SYSTEM_DIAGRAM: creating session with uuid: '53b841c0-8358-411e-a56b-84f8eb2c1e8f' and name 'v++_link_workload-hw_emu'
Thu Dec  5 15:22:17 2024: Dispatch Server: Accepted socket connection from client
Thu Dec  5 15:22:17 2024: Starting Socket connection
Thu Dec  5 15:22:43 2024: Dispatch Server: Accepted socket connection from client
Thu Dec  5 15:22:43 2024: Starting Socket connection
Thu Dec  5 15:36:33 2024: SESSION_MGR: closing session for UUID '53b841c0-8358-411e-a56b-84f8eb2c1e8f' with name 'v++_link_workload-hw_emu'
Thu Dec  5 15:36:33 2024: KERNEL_SVC: closing session for UUID '53b841c0-8358-411e-a56b-84f8eb2c1e8f' with name 'v++_link_workload-hw_emu'
Thu Dec  5 15:36:33 2024: GUIDANCE_SMGR: closing session for UUID '53b841c0-8358-411e-a56b-84f8eb2c1e8f' with name 'v++_link_workload-hw_emu'
Thu Dec  5 15:36:33 2024: SYSTEM_DIAGRAM: closing session for UUID '53b841c0-8358-411e-a56b-84f8eb2c1e8f' with name 'v++_link_workload-hw_emu'
Thu Dec  5 15:36:33 2024: STOP_SERVER received, server token: 9c422415-6ffe-4b12-a77c-7ebf262b18ee, passed token: 9c422415-6ffe-4b12-a77c-7ebf262b18ee
Thu Dec  5 15:36:33 2024: Socket received request to stop server.
Thu Dec  5 15:36:33 2024: Dispatch Server: do_await_stop
Thu Dec  5 15:36:33 2024: Dispatch Server: stopping mainFifo_
Thu Dec  5 15:36:33 2024: XCD main fifo: Stopping
Thu Dec  5 15:36:33 2024: XCD main fifo: do_read error code: Operation canceled
Thu Dec  5 15:36:33 2024: XCD main fifo: bytes_transferred: 0
Thu Dec  5 15:36:33 2024: SERVER: destructor for server bound to port 44919
Thu Dec  5 15:36:33 2024: XCD main fifo: Good unlink of /tmp/xcdmain9c422415-6ffe-4b12-a77c-7ebf262b18ee
Thu Dec  5 15:36:33 2024: Server exiting with status 0.
Thu Dec  5 15:36:33 2024: Closing log file.
