================================================================
== Design Size Report
================================================================

* Total Instructions per Compilation Phase
+---------------+-----------------------------+--------------+----------------------------------------------------------------------------------------+
| Phase         | Step                        | Instructions | Description                                                                            |
+---------------+-----------------------------+--------------+----------------------------------------------------------------------------------------+
| Compile/Link  |                             |  6,906       | After all functions are compiled and linked into a single design                       |
|               |                             |              |                                                                                        |
| Unroll/Inline |                             |              | After user unroll and inline pragmas are applied                                       |
|               | (1) unroll                  |  3,791       | user unroll pragmas are applied                                                        |
|               | (2) simplification          |  2,099       | simplification of applied user unroll pragmas                                          |
|               | (3) inline                  |  2,107       | user inline pragmas are applied                                                        |
|               | (4) simplification          |  2,107       | simplification of applied user inline pragmas                                          |
|               |                             |              |                                                                                        |
| Array/Struct  |                             |              | After user array partition and struct aggregate/disaggregate pragmas are applied       |
|               | (1) array partition         | 45,120       | user array partition pragmas are applied                                               |
|               | (2) simplification          |  3,909       | simplification of applied user array partition & struct aggregate/disaggregate pragmas |
|               | (3) aggregate/disaggregate  |  3,909       | user struct aggregate/disaggregate pragmas are applied                                 |
|               | (4) array reshape           |  3,909       | apply array reshape pragmas                                                            |
|               | (5) access patterns         |  3,939       | array access pattern optmizations                                                      |
|               |                             |              |                                                                                        |
| Performance   |                             |              | After transformations are applied to meet performance pragma targets                   |
|               | (1) loop simplification     |  3,897       | loop and instruction simplification                                                    |
|               | (2) parallelization         |  3,887       | loops are unrolled or pipelined to meet performance targets                            |
|               | (3) array partition         |  3,818       | arrays are partitioned to meet performance targets                                     |
|               | (4) simplification          |  3,818       | simplification of design after performance transformations                             |
|               |                             |              |                                                                                        |
| HW Transforms |                             |              | After hardware transfomations                                                          |
|               | (1) lowering                |  3,793       | initial conversion to HW specific instructions                                         |
|               | (2) optimizations           |  3,834       | high level synthesis optimizations                                                     |
+---------------+-----------------------------+--------------+----------------------------------------------------------------------------------------+

* Instructions per Function for each Compilation Phase
+------------------------+--------------+-----------------+-----------------+-----------------+-----------------+-----------------+
| Function               | Location     | Compile/Link    | Unroll/Inline   | Array/Struct    | Performance     | HW Transforms   |
+------------------------+--------------+-----------------+-----------------+-----------------+-----------------+-----------------+
| + kernel_nlp_slr1      | slr1.cpp:315 | 6,906           | 2,107           | 3,939           | 3,818           | 3,834           |
|  + FT1_level0          | slr1.cpp:22  | 6,897           | 2,101           | 3,921           | 3,800           | 3,811           |
|     read_tmp_FT1       | slr1.cpp:121 |  528            |  134            |  127            |  112            |  113            |
|     read_A_FT1         | slr1.cpp:195 |  969            |  147            |  501            |  493            |  494            |
|   + compute_FT1_level0 | slr1.cpp:9   | 4,252 (2 calls) | 1,724 (2 calls) | 2,388 (2 calls) | 2,274 (2 calls) | 2,284 (2 calls) |
|      read_A_FT1        | slr1.cpp:195 | 1,938 (2 calls) |  294 (2 calls)  | 1,008 (2 calls) |  990 (2 calls)  |  994 (2 calls)  |
|      task2_intra       | slr1.cpp:67  |   30 (2 calls)  |   64 (2 calls)  |   34 (2 calls)  |   34 (2 calls)  |   36 (2 calls)  |
|      task3_intra       | slr1.cpp:76  |   96 (2 calls)  | 1,210 (2 calls) | 1,196 (2 calls) | 1,164 (2 calls) | 1,174 (2 calls) |
|      write_y_FT1       | slr1.cpp:269 | 2,158 (2 calls) |  126 (2 calls)  |  136 (2 calls)  |   72 (2 calls)  |   62 (2 calls)  |
|     write_y_FT1        | slr1.cpp:269 | 1,079           |   63            |   65            |   33            |   28            |
+------------------------+--------------+-----------------+-----------------+-----------------+-----------------+-----------------+

* Design Size Message Settings
+---------------------------------------------+--------+------------------------------------------------------------------+
| Message Setting                             | Value  | Description                                                      |
+---------------------------------------------+--------+------------------------------------------------------------------+
| config_compile -design_size_maximum_warning | 100000 | Show a warning when total design instructions exceeds this value |
+---------------------------------------------+--------+------------------------------------------------------------------+


