

================================================================
== Vitis HLS Report for 'read_A2_FT0_3_Pipeline_VITIS_LOOP_425_1_VITIS_LOOP_426_2'
================================================================
* Date:           Fri Jan 10 12:44:20 2025

* Version:        2023.2 (Build 4023990 on Oct 11 2023)
* Project:        kernel_nlp_slr0
* Solution:       solution (Vitis Kernel Flow Target)
* Product family: virtexuplusHBM
* Target device:  xcu55c-fsvh2892-2L-e


================================================================
== Performance Estimates
================================================================
+ Timing: 
    * Summary: 
    +--------+---------+----------+------------+
    |  Clock |  Target | Estimated| Uncertainty|
    +--------+---------+----------+------------+
    |ap_clk  |  4.55 ns|  2.934 ns|     1.23 ns|
    +--------+---------+----------+------------+

+ Latency: 
    * Summary: 
    +---------+---------+----------+----------+-----+-----+---------+
    |  Latency (cycles) |  Latency (absolute) |  Interval | Pipeline|
    |   min   |   max   |    min   |    max   | min | max |   Type  |
    +---------+---------+----------+----------+-----+-----+---------+
    |      106|      106|  0.482 us|  0.482 us|  106|  106|       no|
    +---------+---------+----------+----------+-----+-----+---------+

    + Detail: 
        * Instance: 
        N/A

        * Loop: 
        +-------------------------------------+---------+---------+----------+-----------+-----------+------+----------+
        |                                     |  Latency (cycles) | Iteration|  Initiation Interval  | Trip |          |
        |              Loop Name              |   min   |   max   |  Latency |  achieved |   target  | Count| Pipelined|
        +-------------------------------------+---------+---------+----------+-----------+-----------+------+----------+
        |- VITIS_LOOP_425_1_VITIS_LOOP_426_2  |      104|      104|         2|          1|          1|   104|       yes|
        +-------------------------------------+---------+---------+----------+-----------+-----------+------+----------+



================================================================
== Utilization Estimates
================================================================
* Summary: 
+---------------------+---------+------+---------+---------+-----+
|         Name        | BRAM_18K|  DSP |    FF   |   LUT   | URAM|
+---------------------+---------+------+---------+---------+-----+
|DSP                  |        -|     -|        -|        -|    -|
|Expression           |        -|     -|        0|       91|    -|
|FIFO                 |        -|     -|        -|        -|    -|
|Instance             |        -|     -|        -|        -|    -|
|Memory               |        -|     -|        -|        -|    -|
|Multiplexer          |        -|     -|        -|       63|    -|
|Register             |        -|     -|       22|        -|    -|
+---------------------+---------+------+---------+---------+-----+
|Total                |        0|     0|       22|      154|    0|
+---------------------+---------+------+---------+---------+-----+
|Available SLR        |     1344|  3008|   869120|   434560|  320|
+---------------------+---------+------+---------+---------+-----+
|Utilization SLR (%)  |        0|     0|       ~0|       ~0|    0|
+---------------------+---------+------+---------+---------+-----+
|Available            |     4032|  9024|  2607360|  1303680|  960|
+---------------------+---------+------+---------+---------+-----+
|Utilization (%)      |        0|     0|       ~0|       ~0|    0|
+---------------------+---------+------+---------+---------+-----+

+ Detail: 
    * Instance: 
    N/A

    * DSP: 
    N/A

    * Memory: 
    N/A

    * FIFO: 
    N/A

    * Expression: 
    +---------------------------+----------+----+---+----+------------+------------+
    |       Variable Name       | Operation| DSP| FF| LUT| Bitwidth P0| Bitwidth P1|
    +---------------------------+----------+----+---+----+------------+------------+
    |add_ln425_1_fu_1894_p2     |         +|   0|  0|  14|           7|           1|
    |add_ln425_fu_1911_p2       |         +|   0|  0|  12|           4|           1|
    |add_ln426_fu_2437_p2       |         +|   0|  0|  15|           8|           5|
    |ap_block_pp0_stage0_11001  |       and|   0|  0|   2|           1|           1|
    |icmp_ln425_fu_1888_p2      |      icmp|   0|  0|  14|           7|           6|
    |icmp_ln426_fu_1917_p2      |      icmp|   0|  0|  15|           8|           7|
    |or_ln437_fu_2363_p2        |        or|   0|  0|   5|           5|           1|
    |select_ln425_1_fu_1931_p3  |    select|   0|  0|   4|           1|           4|
    |select_ln425_fu_1923_p3    |    select|   0|  0|   8|           1|           8|
    |ap_enable_pp0              |       xor|   0|  0|   2|           1|           2|
    +---------------------------+----------+----+---+----+------------+------------+
    |Total                      |          |   0|  0|  91|          43|          36|
    +---------------------------+----------+----+---+----+------------+------------+

    * Multiplexer: 
    +--------------------------------------+----+-----------+-----+-----------+
    |                 Name                 | LUT| Input Size| Bits| Total Bits|
    +--------------------------------------+----+-----------+-----+-----------+
    |ap_done_int                           |   9|          2|    1|          2|
    |ap_enable_reg_pp0_iter1               |   9|          2|    1|          2|
    |ap_sig_allocacmp_indvar_flatten_load  |   9|          2|    7|         14|
    |d0_fu_256                             |   9|          2|    4|          8|
    |d1_fu_252                             |   9|          2|    8|         16|
    |fifo_A2_from_off_chip_to_S1_blk_n     |   9|          2|    1|          2|
    |indvar_flatten_fu_260                 |   9|          2|    7|         14|
    +--------------------------------------+----+-----------+-----+-----------+
    |Total                                 |  63|         14|   29|         58|
    +--------------------------------------+----+-----------+-----+-----------+

    * Register: 
    +-------------------------+---+----+-----+-----------+
    |           Name          | FF| LUT| Bits| Const Bits|
    +-------------------------+---+----+-----+-----------+
    |ap_CS_fsm                |  1|   0|    1|          0|
    |ap_done_reg              |  1|   0|    1|          0|
    |ap_enable_reg_pp0_iter1  |  1|   0|    1|          0|
    |d0_fu_256                |  4|   0|    4|          0|
    |d1_fu_252                |  8|   0|    8|          0|
    |indvar_flatten_fu_260    |  7|   0|    7|          0|
    +-------------------------+---+----+-----+-----------+
    |Total                    | 22|   0|   22|          0|
    +-------------------------+---+----+-----+-----------+



================================================================
== Interface
================================================================
* Summary: 
+--------------------------------------------+-----+-----+------------+----------------------------------------------------------+--------------+
|                  RTL Ports                 | Dir | Bits|  Protocol  |                       Source Object                      |    C Type    |
+--------------------------------------------+-----+-----+------------+----------------------------------------------------------+--------------+
|ap_clk                                      |   in|    1|  ap_ctrl_hs|  read_A2_FT0.3_Pipeline_VITIS_LOOP_425_1_VITIS_LOOP_426_2|  return value|
|ap_rst                                      |   in|    1|  ap_ctrl_hs|  read_A2_FT0.3_Pipeline_VITIS_LOOP_425_1_VITIS_LOOP_426_2|  return value|
|ap_start                                    |   in|    1|  ap_ctrl_hs|  read_A2_FT0.3_Pipeline_VITIS_LOOP_425_1_VITIS_LOOP_426_2|  return value|
|ap_done                                     |  out|    1|  ap_ctrl_hs|  read_A2_FT0.3_Pipeline_VITIS_LOOP_425_1_VITIS_LOOP_426_2|  return value|
|ap_idle                                     |  out|    1|  ap_ctrl_hs|  read_A2_FT0.3_Pipeline_VITIS_LOOP_425_1_VITIS_LOOP_426_2|  return value|
|ap_ready                                    |  out|    1|  ap_ctrl_hs|  read_A2_FT0.3_Pipeline_VITIS_LOOP_425_1_VITIS_LOOP_426_2|  return value|
|fifo_A2_from_off_chip_to_S1_dout            |   in|  512|     ap_fifo|                               fifo_A2_from_off_chip_to_S1|       pointer|
|fifo_A2_from_off_chip_to_S1_num_data_valid  |   in|   11|     ap_fifo|                               fifo_A2_from_off_chip_to_S1|       pointer|
|fifo_A2_from_off_chip_to_S1_fifo_cap        |   in|   11|     ap_fifo|                               fifo_A2_from_off_chip_to_S1|       pointer|
|fifo_A2_from_off_chip_to_S1_empty_n         |   in|    1|     ap_fifo|                               fifo_A2_from_off_chip_to_S1|       pointer|
|fifo_A2_from_off_chip_to_S1_read            |  out|    1|     ap_fifo|                               fifo_A2_from_off_chip_to_S1|       pointer|
|A2_0_0_address0                             |  out|   10|   ap_memory|                                                    A2_0_0|         array|
|A2_0_0_ce0                                  |  out|    1|   ap_memory|                                                    A2_0_0|         array|
|A2_0_0_we0                                  |  out|    1|   ap_memory|                                                    A2_0_0|         array|
|A2_0_0_d0                                   |  out|   32|   ap_memory|                                                    A2_0_0|         array|
|A2_0_0_address1                             |  out|   10|   ap_memory|                                                    A2_0_0|         array|
|A2_0_0_ce1                                  |  out|    1|   ap_memory|                                                    A2_0_0|         array|
|A2_0_0_we1                                  |  out|    1|   ap_memory|                                                    A2_0_0|         array|
|A2_0_0_d1                                   |  out|   32|   ap_memory|                                                    A2_0_0|         array|
|A2_0_1_address0                             |  out|   10|   ap_memory|                                                    A2_0_1|         array|
|A2_0_1_ce0                                  |  out|    1|   ap_memory|                                                    A2_0_1|         array|
|A2_0_1_we0                                  |  out|    1|   ap_memory|                                                    A2_0_1|         array|
|A2_0_1_d0                                   |  out|   32|   ap_memory|                                                    A2_0_1|         array|
|A2_0_1_address1                             |  out|   10|   ap_memory|                                                    A2_0_1|         array|
|A2_0_1_ce1                                  |  out|    1|   ap_memory|                                                    A2_0_1|         array|
|A2_0_1_we1                                  |  out|    1|   ap_memory|                                                    A2_0_1|         array|
|A2_0_1_d1                                   |  out|   32|   ap_memory|                                                    A2_0_1|         array|
|A2_0_2_address0                             |  out|   10|   ap_memory|                                                    A2_0_2|         array|
|A2_0_2_ce0                                  |  out|    1|   ap_memory|                                                    A2_0_2|         array|
|A2_0_2_we0                                  |  out|    1|   ap_memory|                                                    A2_0_2|         array|
|A2_0_2_d0                                   |  out|   32|   ap_memory|                                                    A2_0_2|         array|
|A2_0_2_address1                             |  out|   10|   ap_memory|                                                    A2_0_2|         array|
|A2_0_2_ce1                                  |  out|    1|   ap_memory|                                                    A2_0_2|         array|
|A2_0_2_we1                                  |  out|    1|   ap_memory|                                                    A2_0_2|         array|
|A2_0_2_d1                                   |  out|   32|   ap_memory|                                                    A2_0_2|         array|
|A2_0_3_address0                             |  out|   10|   ap_memory|                                                    A2_0_3|         array|
|A2_0_3_ce0                                  |  out|    1|   ap_memory|                                                    A2_0_3|         array|
|A2_0_3_we0                                  |  out|    1|   ap_memory|                                                    A2_0_3|         array|
|A2_0_3_d0                                   |  out|   32|   ap_memory|                                                    A2_0_3|         array|
|A2_0_3_address1                             |  out|   10|   ap_memory|                                                    A2_0_3|         array|
|A2_0_3_ce1                                  |  out|    1|   ap_memory|                                                    A2_0_3|         array|
|A2_0_3_we1                                  |  out|    1|   ap_memory|                                                    A2_0_3|         array|
|A2_0_3_d1                                   |  out|   32|   ap_memory|                                                    A2_0_3|         array|
|A2_0_4_address0                             |  out|   10|   ap_memory|                                                    A2_0_4|         array|
|A2_0_4_ce0                                  |  out|    1|   ap_memory|                                                    A2_0_4|         array|
|A2_0_4_we0                                  |  out|    1|   ap_memory|                                                    A2_0_4|         array|
|A2_0_4_d0                                   |  out|   32|   ap_memory|                                                    A2_0_4|         array|
|A2_0_4_address1                             |  out|   10|   ap_memory|                                                    A2_0_4|         array|
|A2_0_4_ce1                                  |  out|    1|   ap_memory|                                                    A2_0_4|         array|
|A2_0_4_we1                                  |  out|    1|   ap_memory|                                                    A2_0_4|         array|
|A2_0_4_d1                                   |  out|   32|   ap_memory|                                                    A2_0_4|         array|
|A2_0_5_address0                             |  out|   10|   ap_memory|                                                    A2_0_5|         array|
|A2_0_5_ce0                                  |  out|    1|   ap_memory|                                                    A2_0_5|         array|
|A2_0_5_we0                                  |  out|    1|   ap_memory|                                                    A2_0_5|         array|
|A2_0_5_d0                                   |  out|   32|   ap_memory|                                                    A2_0_5|         array|
|A2_0_5_address1                             |  out|   10|   ap_memory|                                                    A2_0_5|         array|
|A2_0_5_ce1                                  |  out|    1|   ap_memory|                                                    A2_0_5|         array|
|A2_0_5_we1                                  |  out|    1|   ap_memory|                                                    A2_0_5|         array|
|A2_0_5_d1                                   |  out|   32|   ap_memory|                                                    A2_0_5|         array|
|A2_0_6_address0                             |  out|   10|   ap_memory|                                                    A2_0_6|         array|
|A2_0_6_ce0                                  |  out|    1|   ap_memory|                                                    A2_0_6|         array|
|A2_0_6_we0                                  |  out|    1|   ap_memory|                                                    A2_0_6|         array|
|A2_0_6_d0                                   |  out|   32|   ap_memory|                                                    A2_0_6|         array|
|A2_0_6_address1                             |  out|   10|   ap_memory|                                                    A2_0_6|         array|
|A2_0_6_ce1                                  |  out|    1|   ap_memory|                                                    A2_0_6|         array|
|A2_0_6_we1                                  |  out|    1|   ap_memory|                                                    A2_0_6|         array|
|A2_0_6_d1                                   |  out|   32|   ap_memory|                                                    A2_0_6|         array|
|A2_0_7_address0                             |  out|   10|   ap_memory|                                                    A2_0_7|         array|
|A2_0_7_ce0                                  |  out|    1|   ap_memory|                                                    A2_0_7|         array|
|A2_0_7_we0                                  |  out|    1|   ap_memory|                                                    A2_0_7|         array|
|A2_0_7_d0                                   |  out|   32|   ap_memory|                                                    A2_0_7|         array|
|A2_0_7_address1                             |  out|   10|   ap_memory|                                                    A2_0_7|         array|
|A2_0_7_ce1                                  |  out|    1|   ap_memory|                                                    A2_0_7|         array|
|A2_0_7_we1                                  |  out|    1|   ap_memory|                                                    A2_0_7|         array|
|A2_0_7_d1                                   |  out|   32|   ap_memory|                                                    A2_0_7|         array|
|A2_1_0_address0                             |  out|   10|   ap_memory|                                                    A2_1_0|         array|
|A2_1_0_ce0                                  |  out|    1|   ap_memory|                                                    A2_1_0|         array|
|A2_1_0_we0                                  |  out|    1|   ap_memory|                                                    A2_1_0|         array|
|A2_1_0_d0                                   |  out|   32|   ap_memory|                                                    A2_1_0|         array|
|A2_1_0_address1                             |  out|   10|   ap_memory|                                                    A2_1_0|         array|
|A2_1_0_ce1                                  |  out|    1|   ap_memory|                                                    A2_1_0|         array|
|A2_1_0_we1                                  |  out|    1|   ap_memory|                                                    A2_1_0|         array|
|A2_1_0_d1                                   |  out|   32|   ap_memory|                                                    A2_1_0|         array|
|A2_1_1_address0                             |  out|   10|   ap_memory|                                                    A2_1_1|         array|
|A2_1_1_ce0                                  |  out|    1|   ap_memory|                                                    A2_1_1|         array|
|A2_1_1_we0                                  |  out|    1|   ap_memory|                                                    A2_1_1|         array|
|A2_1_1_d0                                   |  out|   32|   ap_memory|                                                    A2_1_1|         array|
|A2_1_1_address1                             |  out|   10|   ap_memory|                                                    A2_1_1|         array|
|A2_1_1_ce1                                  |  out|    1|   ap_memory|                                                    A2_1_1|         array|
|A2_1_1_we1                                  |  out|    1|   ap_memory|                                                    A2_1_1|         array|
|A2_1_1_d1                                   |  out|   32|   ap_memory|                                                    A2_1_1|         array|
|A2_1_2_address0                             |  out|   10|   ap_memory|                                                    A2_1_2|         array|
|A2_1_2_ce0                                  |  out|    1|   ap_memory|                                                    A2_1_2|         array|
|A2_1_2_we0                                  |  out|    1|   ap_memory|                                                    A2_1_2|         array|
|A2_1_2_d0                                   |  out|   32|   ap_memory|                                                    A2_1_2|         array|
|A2_1_2_address1                             |  out|   10|   ap_memory|                                                    A2_1_2|         array|
|A2_1_2_ce1                                  |  out|    1|   ap_memory|                                                    A2_1_2|         array|
|A2_1_2_we1                                  |  out|    1|   ap_memory|                                                    A2_1_2|         array|
|A2_1_2_d1                                   |  out|   32|   ap_memory|                                                    A2_1_2|         array|
|A2_1_3_address0                             |  out|   10|   ap_memory|                                                    A2_1_3|         array|
|A2_1_3_ce0                                  |  out|    1|   ap_memory|                                                    A2_1_3|         array|
|A2_1_3_we0                                  |  out|    1|   ap_memory|                                                    A2_1_3|         array|
|A2_1_3_d0                                   |  out|   32|   ap_memory|                                                    A2_1_3|         array|
|A2_1_3_address1                             |  out|   10|   ap_memory|                                                    A2_1_3|         array|
|A2_1_3_ce1                                  |  out|    1|   ap_memory|                                                    A2_1_3|         array|
|A2_1_3_we1                                  |  out|    1|   ap_memory|                                                    A2_1_3|         array|
|A2_1_3_d1                                   |  out|   32|   ap_memory|                                                    A2_1_3|         array|
|A2_1_4_address0                             |  out|   10|   ap_memory|                                                    A2_1_4|         array|
|A2_1_4_ce0                                  |  out|    1|   ap_memory|                                                    A2_1_4|         array|
|A2_1_4_we0                                  |  out|    1|   ap_memory|                                                    A2_1_4|         array|
|A2_1_4_d0                                   |  out|   32|   ap_memory|                                                    A2_1_4|         array|
|A2_1_4_address1                             |  out|   10|   ap_memory|                                                    A2_1_4|         array|
|A2_1_4_ce1                                  |  out|    1|   ap_memory|                                                    A2_1_4|         array|
|A2_1_4_we1                                  |  out|    1|   ap_memory|                                                    A2_1_4|         array|
|A2_1_4_d1                                   |  out|   32|   ap_memory|                                                    A2_1_4|         array|
|A2_1_5_address0                             |  out|   10|   ap_memory|                                                    A2_1_5|         array|
|A2_1_5_ce0                                  |  out|    1|   ap_memory|                                                    A2_1_5|         array|
|A2_1_5_we0                                  |  out|    1|   ap_memory|                                                    A2_1_5|         array|
|A2_1_5_d0                                   |  out|   32|   ap_memory|                                                    A2_1_5|         array|
|A2_1_5_address1                             |  out|   10|   ap_memory|                                                    A2_1_5|         array|
|A2_1_5_ce1                                  |  out|    1|   ap_memory|                                                    A2_1_5|         array|
|A2_1_5_we1                                  |  out|    1|   ap_memory|                                                    A2_1_5|         array|
|A2_1_5_d1                                   |  out|   32|   ap_memory|                                                    A2_1_5|         array|
|A2_1_6_address0                             |  out|   10|   ap_memory|                                                    A2_1_6|         array|
|A2_1_6_ce0                                  |  out|    1|   ap_memory|                                                    A2_1_6|         array|
|A2_1_6_we0                                  |  out|    1|   ap_memory|                                                    A2_1_6|         array|
|A2_1_6_d0                                   |  out|   32|   ap_memory|                                                    A2_1_6|         array|
|A2_1_6_address1                             |  out|   10|   ap_memory|                                                    A2_1_6|         array|
|A2_1_6_ce1                                  |  out|    1|   ap_memory|                                                    A2_1_6|         array|
|A2_1_6_we1                                  |  out|    1|   ap_memory|                                                    A2_1_6|         array|
|A2_1_6_d1                                   |  out|   32|   ap_memory|                                                    A2_1_6|         array|
|A2_1_7_address0                             |  out|   10|   ap_memory|                                                    A2_1_7|         array|
|A2_1_7_ce0                                  |  out|    1|   ap_memory|                                                    A2_1_7|         array|
|A2_1_7_we0                                  |  out|    1|   ap_memory|                                                    A2_1_7|         array|
|A2_1_7_d0                                   |  out|   32|   ap_memory|                                                    A2_1_7|         array|
|A2_1_7_address1                             |  out|   10|   ap_memory|                                                    A2_1_7|         array|
|A2_1_7_ce1                                  |  out|    1|   ap_memory|                                                    A2_1_7|         array|
|A2_1_7_we1                                  |  out|    1|   ap_memory|                                                    A2_1_7|         array|
|A2_1_7_d1                                   |  out|   32|   ap_memory|                                                    A2_1_7|         array|
|A2_2_0_address0                             |  out|   10|   ap_memory|                                                    A2_2_0|         array|
|A2_2_0_ce0                                  |  out|    1|   ap_memory|                                                    A2_2_0|         array|
|A2_2_0_we0                                  |  out|    1|   ap_memory|                                                    A2_2_0|         array|
|A2_2_0_d0                                   |  out|   32|   ap_memory|                                                    A2_2_0|         array|
|A2_2_0_address1                             |  out|   10|   ap_memory|                                                    A2_2_0|         array|
|A2_2_0_ce1                                  |  out|    1|   ap_memory|                                                    A2_2_0|         array|
|A2_2_0_we1                                  |  out|    1|   ap_memory|                                                    A2_2_0|         array|
|A2_2_0_d1                                   |  out|   32|   ap_memory|                                                    A2_2_0|         array|
|A2_2_1_address0                             |  out|   10|   ap_memory|                                                    A2_2_1|         array|
|A2_2_1_ce0                                  |  out|    1|   ap_memory|                                                    A2_2_1|         array|
|A2_2_1_we0                                  |  out|    1|   ap_memory|                                                    A2_2_1|         array|
|A2_2_1_d0                                   |  out|   32|   ap_memory|                                                    A2_2_1|         array|
|A2_2_1_address1                             |  out|   10|   ap_memory|                                                    A2_2_1|         array|
|A2_2_1_ce1                                  |  out|    1|   ap_memory|                                                    A2_2_1|         array|
|A2_2_1_we1                                  |  out|    1|   ap_memory|                                                    A2_2_1|         array|
|A2_2_1_d1                                   |  out|   32|   ap_memory|                                                    A2_2_1|         array|
|A2_2_2_address0                             |  out|   10|   ap_memory|                                                    A2_2_2|         array|
|A2_2_2_ce0                                  |  out|    1|   ap_memory|                                                    A2_2_2|         array|
|A2_2_2_we0                                  |  out|    1|   ap_memory|                                                    A2_2_2|         array|
|A2_2_2_d0                                   |  out|   32|   ap_memory|                                                    A2_2_2|         array|
|A2_2_2_address1                             |  out|   10|   ap_memory|                                                    A2_2_2|         array|
|A2_2_2_ce1                                  |  out|    1|   ap_memory|                                                    A2_2_2|         array|
|A2_2_2_we1                                  |  out|    1|   ap_memory|                                                    A2_2_2|         array|
|A2_2_2_d1                                   |  out|   32|   ap_memory|                                                    A2_2_2|         array|
|A2_2_3_address0                             |  out|   10|   ap_memory|                                                    A2_2_3|         array|
|A2_2_3_ce0                                  |  out|    1|   ap_memory|                                                    A2_2_3|         array|
|A2_2_3_we0                                  |  out|    1|   ap_memory|                                                    A2_2_3|         array|
|A2_2_3_d0                                   |  out|   32|   ap_memory|                                                    A2_2_3|         array|
|A2_2_3_address1                             |  out|   10|   ap_memory|                                                    A2_2_3|         array|
|A2_2_3_ce1                                  |  out|    1|   ap_memory|                                                    A2_2_3|         array|
|A2_2_3_we1                                  |  out|    1|   ap_memory|                                                    A2_2_3|         array|
|A2_2_3_d1                                   |  out|   32|   ap_memory|                                                    A2_2_3|         array|
|A2_2_4_address0                             |  out|   10|   ap_memory|                                                    A2_2_4|         array|
|A2_2_4_ce0                                  |  out|    1|   ap_memory|                                                    A2_2_4|         array|
|A2_2_4_we0                                  |  out|    1|   ap_memory|                                                    A2_2_4|         array|
|A2_2_4_d0                                   |  out|   32|   ap_memory|                                                    A2_2_4|         array|
|A2_2_4_address1                             |  out|   10|   ap_memory|                                                    A2_2_4|         array|
|A2_2_4_ce1                                  |  out|    1|   ap_memory|                                                    A2_2_4|         array|
|A2_2_4_we1                                  |  out|    1|   ap_memory|                                                    A2_2_4|         array|
|A2_2_4_d1                                   |  out|   32|   ap_memory|                                                    A2_2_4|         array|
|A2_2_5_address0                             |  out|   10|   ap_memory|                                                    A2_2_5|         array|
|A2_2_5_ce0                                  |  out|    1|   ap_memory|                                                    A2_2_5|         array|
|A2_2_5_we0                                  |  out|    1|   ap_memory|                                                    A2_2_5|         array|
|A2_2_5_d0                                   |  out|   32|   ap_memory|                                                    A2_2_5|         array|
|A2_2_5_address1                             |  out|   10|   ap_memory|                                                    A2_2_5|         array|
|A2_2_5_ce1                                  |  out|    1|   ap_memory|                                                    A2_2_5|         array|
|A2_2_5_we1                                  |  out|    1|   ap_memory|                                                    A2_2_5|         array|
|A2_2_5_d1                                   |  out|   32|   ap_memory|                                                    A2_2_5|         array|
|A2_2_6_address0                             |  out|   10|   ap_memory|                                                    A2_2_6|         array|
|A2_2_6_ce0                                  |  out|    1|   ap_memory|                                                    A2_2_6|         array|
|A2_2_6_we0                                  |  out|    1|   ap_memory|                                                    A2_2_6|         array|
|A2_2_6_d0                                   |  out|   32|   ap_memory|                                                    A2_2_6|         array|
|A2_2_6_address1                             |  out|   10|   ap_memory|                                                    A2_2_6|         array|
|A2_2_6_ce1                                  |  out|    1|   ap_memory|                                                    A2_2_6|         array|
|A2_2_6_we1                                  |  out|    1|   ap_memory|                                                    A2_2_6|         array|
|A2_2_6_d1                                   |  out|   32|   ap_memory|                                                    A2_2_6|         array|
|A2_2_7_address0                             |  out|   10|   ap_memory|                                                    A2_2_7|         array|
|A2_2_7_ce0                                  |  out|    1|   ap_memory|                                                    A2_2_7|         array|
|A2_2_7_we0                                  |  out|    1|   ap_memory|                                                    A2_2_7|         array|
|A2_2_7_d0                                   |  out|   32|   ap_memory|                                                    A2_2_7|         array|
|A2_2_7_address1                             |  out|   10|   ap_memory|                                                    A2_2_7|         array|
|A2_2_7_ce1                                  |  out|    1|   ap_memory|                                                    A2_2_7|         array|
|A2_2_7_we1                                  |  out|    1|   ap_memory|                                                    A2_2_7|         array|
|A2_2_7_d1                                   |  out|   32|   ap_memory|                                                    A2_2_7|         array|
|A2_3_0_address0                             |  out|   10|   ap_memory|                                                    A2_3_0|         array|
|A2_3_0_ce0                                  |  out|    1|   ap_memory|                                                    A2_3_0|         array|
|A2_3_0_we0                                  |  out|    1|   ap_memory|                                                    A2_3_0|         array|
|A2_3_0_d0                                   |  out|   32|   ap_memory|                                                    A2_3_0|         array|
|A2_3_0_address1                             |  out|   10|   ap_memory|                                                    A2_3_0|         array|
|A2_3_0_ce1                                  |  out|    1|   ap_memory|                                                    A2_3_0|         array|
|A2_3_0_we1                                  |  out|    1|   ap_memory|                                                    A2_3_0|         array|
|A2_3_0_d1                                   |  out|   32|   ap_memory|                                                    A2_3_0|         array|
|A2_3_1_address0                             |  out|   10|   ap_memory|                                                    A2_3_1|         array|
|A2_3_1_ce0                                  |  out|    1|   ap_memory|                                                    A2_3_1|         array|
|A2_3_1_we0                                  |  out|    1|   ap_memory|                                                    A2_3_1|         array|
|A2_3_1_d0                                   |  out|   32|   ap_memory|                                                    A2_3_1|         array|
|A2_3_1_address1                             |  out|   10|   ap_memory|                                                    A2_3_1|         array|
|A2_3_1_ce1                                  |  out|    1|   ap_memory|                                                    A2_3_1|         array|
|A2_3_1_we1                                  |  out|    1|   ap_memory|                                                    A2_3_1|         array|
|A2_3_1_d1                                   |  out|   32|   ap_memory|                                                    A2_3_1|         array|
|A2_3_2_address0                             |  out|   10|   ap_memory|                                                    A2_3_2|         array|
|A2_3_2_ce0                                  |  out|    1|   ap_memory|                                                    A2_3_2|         array|
|A2_3_2_we0                                  |  out|    1|   ap_memory|                                                    A2_3_2|         array|
|A2_3_2_d0                                   |  out|   32|   ap_memory|                                                    A2_3_2|         array|
|A2_3_2_address1                             |  out|   10|   ap_memory|                                                    A2_3_2|         array|
|A2_3_2_ce1                                  |  out|    1|   ap_memory|                                                    A2_3_2|         array|
|A2_3_2_we1                                  |  out|    1|   ap_memory|                                                    A2_3_2|         array|
|A2_3_2_d1                                   |  out|   32|   ap_memory|                                                    A2_3_2|         array|
|A2_3_3_address0                             |  out|   10|   ap_memory|                                                    A2_3_3|         array|
|A2_3_3_ce0                                  |  out|    1|   ap_memory|                                                    A2_3_3|         array|
|A2_3_3_we0                                  |  out|    1|   ap_memory|                                                    A2_3_3|         array|
|A2_3_3_d0                                   |  out|   32|   ap_memory|                                                    A2_3_3|         array|
|A2_3_3_address1                             |  out|   10|   ap_memory|                                                    A2_3_3|         array|
|A2_3_3_ce1                                  |  out|    1|   ap_memory|                                                    A2_3_3|         array|
|A2_3_3_we1                                  |  out|    1|   ap_memory|                                                    A2_3_3|         array|
|A2_3_3_d1                                   |  out|   32|   ap_memory|                                                    A2_3_3|         array|
|A2_3_4_address0                             |  out|   10|   ap_memory|                                                    A2_3_4|         array|
|A2_3_4_ce0                                  |  out|    1|   ap_memory|                                                    A2_3_4|         array|
|A2_3_4_we0                                  |  out|    1|   ap_memory|                                                    A2_3_4|         array|
|A2_3_4_d0                                   |  out|   32|   ap_memory|                                                    A2_3_4|         array|
|A2_3_4_address1                             |  out|   10|   ap_memory|                                                    A2_3_4|         array|
|A2_3_4_ce1                                  |  out|    1|   ap_memory|                                                    A2_3_4|         array|
|A2_3_4_we1                                  |  out|    1|   ap_memory|                                                    A2_3_4|         array|
|A2_3_4_d1                                   |  out|   32|   ap_memory|                                                    A2_3_4|         array|
|A2_3_5_address0                             |  out|   10|   ap_memory|                                                    A2_3_5|         array|
|A2_3_5_ce0                                  |  out|    1|   ap_memory|                                                    A2_3_5|         array|
|A2_3_5_we0                                  |  out|    1|   ap_memory|                                                    A2_3_5|         array|
|A2_3_5_d0                                   |  out|   32|   ap_memory|                                                    A2_3_5|         array|
|A2_3_5_address1                             |  out|   10|   ap_memory|                                                    A2_3_5|         array|
|A2_3_5_ce1                                  |  out|    1|   ap_memory|                                                    A2_3_5|         array|
|A2_3_5_we1                                  |  out|    1|   ap_memory|                                                    A2_3_5|         array|
|A2_3_5_d1                                   |  out|   32|   ap_memory|                                                    A2_3_5|         array|
|A2_3_6_address0                             |  out|   10|   ap_memory|                                                    A2_3_6|         array|
|A2_3_6_ce0                                  |  out|    1|   ap_memory|                                                    A2_3_6|         array|
|A2_3_6_we0                                  |  out|    1|   ap_memory|                                                    A2_3_6|         array|
|A2_3_6_d0                                   |  out|   32|   ap_memory|                                                    A2_3_6|         array|
|A2_3_6_address1                             |  out|   10|   ap_memory|                                                    A2_3_6|         array|
|A2_3_6_ce1                                  |  out|    1|   ap_memory|                                                    A2_3_6|         array|
|A2_3_6_we1                                  |  out|    1|   ap_memory|                                                    A2_3_6|         array|
|A2_3_6_d1                                   |  out|   32|   ap_memory|                                                    A2_3_6|         array|
|A2_3_7_address0                             |  out|   10|   ap_memory|                                                    A2_3_7|         array|
|A2_3_7_ce0                                  |  out|    1|   ap_memory|                                                    A2_3_7|         array|
|A2_3_7_we0                                  |  out|    1|   ap_memory|                                                    A2_3_7|         array|
|A2_3_7_d0                                   |  out|   32|   ap_memory|                                                    A2_3_7|         array|
|A2_3_7_address1                             |  out|   10|   ap_memory|                                                    A2_3_7|         array|
|A2_3_7_ce1                                  |  out|    1|   ap_memory|                                                    A2_3_7|         array|
|A2_3_7_we1                                  |  out|    1|   ap_memory|                                                    A2_3_7|         array|
|A2_3_7_d1                                   |  out|   32|   ap_memory|                                                    A2_3_7|         array|
|A2_4_0_address0                             |  out|   10|   ap_memory|                                                    A2_4_0|         array|
|A2_4_0_ce0                                  |  out|    1|   ap_memory|                                                    A2_4_0|         array|
|A2_4_0_we0                                  |  out|    1|   ap_memory|                                                    A2_4_0|         array|
|A2_4_0_d0                                   |  out|   32|   ap_memory|                                                    A2_4_0|         array|
|A2_4_0_address1                             |  out|   10|   ap_memory|                                                    A2_4_0|         array|
|A2_4_0_ce1                                  |  out|    1|   ap_memory|                                                    A2_4_0|         array|
|A2_4_0_we1                                  |  out|    1|   ap_memory|                                                    A2_4_0|         array|
|A2_4_0_d1                                   |  out|   32|   ap_memory|                                                    A2_4_0|         array|
|A2_4_1_address0                             |  out|   10|   ap_memory|                                                    A2_4_1|         array|
|A2_4_1_ce0                                  |  out|    1|   ap_memory|                                                    A2_4_1|         array|
|A2_4_1_we0                                  |  out|    1|   ap_memory|                                                    A2_4_1|         array|
|A2_4_1_d0                                   |  out|   32|   ap_memory|                                                    A2_4_1|         array|
|A2_4_1_address1                             |  out|   10|   ap_memory|                                                    A2_4_1|         array|
|A2_4_1_ce1                                  |  out|    1|   ap_memory|                                                    A2_4_1|         array|
|A2_4_1_we1                                  |  out|    1|   ap_memory|                                                    A2_4_1|         array|
|A2_4_1_d1                                   |  out|   32|   ap_memory|                                                    A2_4_1|         array|
|A2_4_2_address0                             |  out|   10|   ap_memory|                                                    A2_4_2|         array|
|A2_4_2_ce0                                  |  out|    1|   ap_memory|                                                    A2_4_2|         array|
|A2_4_2_we0                                  |  out|    1|   ap_memory|                                                    A2_4_2|         array|
|A2_4_2_d0                                   |  out|   32|   ap_memory|                                                    A2_4_2|         array|
|A2_4_2_address1                             |  out|   10|   ap_memory|                                                    A2_4_2|         array|
|A2_4_2_ce1                                  |  out|    1|   ap_memory|                                                    A2_4_2|         array|
|A2_4_2_we1                                  |  out|    1|   ap_memory|                                                    A2_4_2|         array|
|A2_4_2_d1                                   |  out|   32|   ap_memory|                                                    A2_4_2|         array|
|A2_4_3_address0                             |  out|   10|   ap_memory|                                                    A2_4_3|         array|
|A2_4_3_ce0                                  |  out|    1|   ap_memory|                                                    A2_4_3|         array|
|A2_4_3_we0                                  |  out|    1|   ap_memory|                                                    A2_4_3|         array|
|A2_4_3_d0                                   |  out|   32|   ap_memory|                                                    A2_4_3|         array|
|A2_4_3_address1                             |  out|   10|   ap_memory|                                                    A2_4_3|         array|
|A2_4_3_ce1                                  |  out|    1|   ap_memory|                                                    A2_4_3|         array|
|A2_4_3_we1                                  |  out|    1|   ap_memory|                                                    A2_4_3|         array|
|A2_4_3_d1                                   |  out|   32|   ap_memory|                                                    A2_4_3|         array|
|A2_4_4_address0                             |  out|   10|   ap_memory|                                                    A2_4_4|         array|
|A2_4_4_ce0                                  |  out|    1|   ap_memory|                                                    A2_4_4|         array|
|A2_4_4_we0                                  |  out|    1|   ap_memory|                                                    A2_4_4|         array|
|A2_4_4_d0                                   |  out|   32|   ap_memory|                                                    A2_4_4|         array|
|A2_4_4_address1                             |  out|   10|   ap_memory|                                                    A2_4_4|         array|
|A2_4_4_ce1                                  |  out|    1|   ap_memory|                                                    A2_4_4|         array|
|A2_4_4_we1                                  |  out|    1|   ap_memory|                                                    A2_4_4|         array|
|A2_4_4_d1                                   |  out|   32|   ap_memory|                                                    A2_4_4|         array|
|A2_4_5_address0                             |  out|   10|   ap_memory|                                                    A2_4_5|         array|
|A2_4_5_ce0                                  |  out|    1|   ap_memory|                                                    A2_4_5|         array|
|A2_4_5_we0                                  |  out|    1|   ap_memory|                                                    A2_4_5|         array|
|A2_4_5_d0                                   |  out|   32|   ap_memory|                                                    A2_4_5|         array|
|A2_4_5_address1                             |  out|   10|   ap_memory|                                                    A2_4_5|         array|
|A2_4_5_ce1                                  |  out|    1|   ap_memory|                                                    A2_4_5|         array|
|A2_4_5_we1                                  |  out|    1|   ap_memory|                                                    A2_4_5|         array|
|A2_4_5_d1                                   |  out|   32|   ap_memory|                                                    A2_4_5|         array|
|A2_4_6_address0                             |  out|   10|   ap_memory|                                                    A2_4_6|         array|
|A2_4_6_ce0                                  |  out|    1|   ap_memory|                                                    A2_4_6|         array|
|A2_4_6_we0                                  |  out|    1|   ap_memory|                                                    A2_4_6|         array|
|A2_4_6_d0                                   |  out|   32|   ap_memory|                                                    A2_4_6|         array|
|A2_4_6_address1                             |  out|   10|   ap_memory|                                                    A2_4_6|         array|
|A2_4_6_ce1                                  |  out|    1|   ap_memory|                                                    A2_4_6|         array|
|A2_4_6_we1                                  |  out|    1|   ap_memory|                                                    A2_4_6|         array|
|A2_4_6_d1                                   |  out|   32|   ap_memory|                                                    A2_4_6|         array|
|A2_4_7_address0                             |  out|   10|   ap_memory|                                                    A2_4_7|         array|
|A2_4_7_ce0                                  |  out|    1|   ap_memory|                                                    A2_4_7|         array|
|A2_4_7_we0                                  |  out|    1|   ap_memory|                                                    A2_4_7|         array|
|A2_4_7_d0                                   |  out|   32|   ap_memory|                                                    A2_4_7|         array|
|A2_4_7_address1                             |  out|   10|   ap_memory|                                                    A2_4_7|         array|
|A2_4_7_ce1                                  |  out|    1|   ap_memory|                                                    A2_4_7|         array|
|A2_4_7_we1                                  |  out|    1|   ap_memory|                                                    A2_4_7|         array|
|A2_4_7_d1                                   |  out|   32|   ap_memory|                                                    A2_4_7|         array|
|A2_5_0_address0                             |  out|   10|   ap_memory|                                                    A2_5_0|         array|
|A2_5_0_ce0                                  |  out|    1|   ap_memory|                                                    A2_5_0|         array|
|A2_5_0_we0                                  |  out|    1|   ap_memory|                                                    A2_5_0|         array|
|A2_5_0_d0                                   |  out|   32|   ap_memory|                                                    A2_5_0|         array|
|A2_5_0_address1                             |  out|   10|   ap_memory|                                                    A2_5_0|         array|
|A2_5_0_ce1                                  |  out|    1|   ap_memory|                                                    A2_5_0|         array|
|A2_5_0_we1                                  |  out|    1|   ap_memory|                                                    A2_5_0|         array|
|A2_5_0_d1                                   |  out|   32|   ap_memory|                                                    A2_5_0|         array|
|A2_5_1_address0                             |  out|   10|   ap_memory|                                                    A2_5_1|         array|
|A2_5_1_ce0                                  |  out|    1|   ap_memory|                                                    A2_5_1|         array|
|A2_5_1_we0                                  |  out|    1|   ap_memory|                                                    A2_5_1|         array|
|A2_5_1_d0                                   |  out|   32|   ap_memory|                                                    A2_5_1|         array|
|A2_5_1_address1                             |  out|   10|   ap_memory|                                                    A2_5_1|         array|
|A2_5_1_ce1                                  |  out|    1|   ap_memory|                                                    A2_5_1|         array|
|A2_5_1_we1                                  |  out|    1|   ap_memory|                                                    A2_5_1|         array|
|A2_5_1_d1                                   |  out|   32|   ap_memory|                                                    A2_5_1|         array|
|A2_5_2_address0                             |  out|   10|   ap_memory|                                                    A2_5_2|         array|
|A2_5_2_ce0                                  |  out|    1|   ap_memory|                                                    A2_5_2|         array|
|A2_5_2_we0                                  |  out|    1|   ap_memory|                                                    A2_5_2|         array|
|A2_5_2_d0                                   |  out|   32|   ap_memory|                                                    A2_5_2|         array|
|A2_5_2_address1                             |  out|   10|   ap_memory|                                                    A2_5_2|         array|
|A2_5_2_ce1                                  |  out|    1|   ap_memory|                                                    A2_5_2|         array|
|A2_5_2_we1                                  |  out|    1|   ap_memory|                                                    A2_5_2|         array|
|A2_5_2_d1                                   |  out|   32|   ap_memory|                                                    A2_5_2|         array|
|A2_5_3_address0                             |  out|   10|   ap_memory|                                                    A2_5_3|         array|
|A2_5_3_ce0                                  |  out|    1|   ap_memory|                                                    A2_5_3|         array|
|A2_5_3_we0                                  |  out|    1|   ap_memory|                                                    A2_5_3|         array|
|A2_5_3_d0                                   |  out|   32|   ap_memory|                                                    A2_5_3|         array|
|A2_5_3_address1                             |  out|   10|   ap_memory|                                                    A2_5_3|         array|
|A2_5_3_ce1                                  |  out|    1|   ap_memory|                                                    A2_5_3|         array|
|A2_5_3_we1                                  |  out|    1|   ap_memory|                                                    A2_5_3|         array|
|A2_5_3_d1                                   |  out|   32|   ap_memory|                                                    A2_5_3|         array|
|A2_5_4_address0                             |  out|   10|   ap_memory|                                                    A2_5_4|         array|
|A2_5_4_ce0                                  |  out|    1|   ap_memory|                                                    A2_5_4|         array|
|A2_5_4_we0                                  |  out|    1|   ap_memory|                                                    A2_5_4|         array|
|A2_5_4_d0                                   |  out|   32|   ap_memory|                                                    A2_5_4|         array|
|A2_5_4_address1                             |  out|   10|   ap_memory|                                                    A2_5_4|         array|
|A2_5_4_ce1                                  |  out|    1|   ap_memory|                                                    A2_5_4|         array|
|A2_5_4_we1                                  |  out|    1|   ap_memory|                                                    A2_5_4|         array|
|A2_5_4_d1                                   |  out|   32|   ap_memory|                                                    A2_5_4|         array|
|A2_5_5_address0                             |  out|   10|   ap_memory|                                                    A2_5_5|         array|
|A2_5_5_ce0                                  |  out|    1|   ap_memory|                                                    A2_5_5|         array|
|A2_5_5_we0                                  |  out|    1|   ap_memory|                                                    A2_5_5|         array|
|A2_5_5_d0                                   |  out|   32|   ap_memory|                                                    A2_5_5|         array|
|A2_5_5_address1                             |  out|   10|   ap_memory|                                                    A2_5_5|         array|
|A2_5_5_ce1                                  |  out|    1|   ap_memory|                                                    A2_5_5|         array|
|A2_5_5_we1                                  |  out|    1|   ap_memory|                                                    A2_5_5|         array|
|A2_5_5_d1                                   |  out|   32|   ap_memory|                                                    A2_5_5|         array|
|A2_5_6_address0                             |  out|   10|   ap_memory|                                                    A2_5_6|         array|
|A2_5_6_ce0                                  |  out|    1|   ap_memory|                                                    A2_5_6|         array|
|A2_5_6_we0                                  |  out|    1|   ap_memory|                                                    A2_5_6|         array|
|A2_5_6_d0                                   |  out|   32|   ap_memory|                                                    A2_5_6|         array|
|A2_5_6_address1                             |  out|   10|   ap_memory|                                                    A2_5_6|         array|
|A2_5_6_ce1                                  |  out|    1|   ap_memory|                                                    A2_5_6|         array|
|A2_5_6_we1                                  |  out|    1|   ap_memory|                                                    A2_5_6|         array|
|A2_5_6_d1                                   |  out|   32|   ap_memory|                                                    A2_5_6|         array|
|A2_5_7_address0                             |  out|   10|   ap_memory|                                                    A2_5_7|         array|
|A2_5_7_ce0                                  |  out|    1|   ap_memory|                                                    A2_5_7|         array|
|A2_5_7_we0                                  |  out|    1|   ap_memory|                                                    A2_5_7|         array|
|A2_5_7_d0                                   |  out|   32|   ap_memory|                                                    A2_5_7|         array|
|A2_5_7_address1                             |  out|   10|   ap_memory|                                                    A2_5_7|         array|
|A2_5_7_ce1                                  |  out|    1|   ap_memory|                                                    A2_5_7|         array|
|A2_5_7_we1                                  |  out|    1|   ap_memory|                                                    A2_5_7|         array|
|A2_5_7_d1                                   |  out|   32|   ap_memory|                                                    A2_5_7|         array|
|A2_6_0_address0                             |  out|   10|   ap_memory|                                                    A2_6_0|         array|
|A2_6_0_ce0                                  |  out|    1|   ap_memory|                                                    A2_6_0|         array|
|A2_6_0_we0                                  |  out|    1|   ap_memory|                                                    A2_6_0|         array|
|A2_6_0_d0                                   |  out|   32|   ap_memory|                                                    A2_6_0|         array|
|A2_6_0_address1                             |  out|   10|   ap_memory|                                                    A2_6_0|         array|
|A2_6_0_ce1                                  |  out|    1|   ap_memory|                                                    A2_6_0|         array|
|A2_6_0_we1                                  |  out|    1|   ap_memory|                                                    A2_6_0|         array|
|A2_6_0_d1                                   |  out|   32|   ap_memory|                                                    A2_6_0|         array|
|A2_6_1_address0                             |  out|   10|   ap_memory|                                                    A2_6_1|         array|
|A2_6_1_ce0                                  |  out|    1|   ap_memory|                                                    A2_6_1|         array|
|A2_6_1_we0                                  |  out|    1|   ap_memory|                                                    A2_6_1|         array|
|A2_6_1_d0                                   |  out|   32|   ap_memory|                                                    A2_6_1|         array|
|A2_6_1_address1                             |  out|   10|   ap_memory|                                                    A2_6_1|         array|
|A2_6_1_ce1                                  |  out|    1|   ap_memory|                                                    A2_6_1|         array|
|A2_6_1_we1                                  |  out|    1|   ap_memory|                                                    A2_6_1|         array|
|A2_6_1_d1                                   |  out|   32|   ap_memory|                                                    A2_6_1|         array|
|A2_6_2_address0                             |  out|   10|   ap_memory|                                                    A2_6_2|         array|
|A2_6_2_ce0                                  |  out|    1|   ap_memory|                                                    A2_6_2|         array|
|A2_6_2_we0                                  |  out|    1|   ap_memory|                                                    A2_6_2|         array|
|A2_6_2_d0                                   |  out|   32|   ap_memory|                                                    A2_6_2|         array|
|A2_6_2_address1                             |  out|   10|   ap_memory|                                                    A2_6_2|         array|
|A2_6_2_ce1                                  |  out|    1|   ap_memory|                                                    A2_6_2|         array|
|A2_6_2_we1                                  |  out|    1|   ap_memory|                                                    A2_6_2|         array|
|A2_6_2_d1                                   |  out|   32|   ap_memory|                                                    A2_6_2|         array|
|A2_6_3_address0                             |  out|   10|   ap_memory|                                                    A2_6_3|         array|
|A2_6_3_ce0                                  |  out|    1|   ap_memory|                                                    A2_6_3|         array|
|A2_6_3_we0                                  |  out|    1|   ap_memory|                                                    A2_6_3|         array|
|A2_6_3_d0                                   |  out|   32|   ap_memory|                                                    A2_6_3|         array|
|A2_6_3_address1                             |  out|   10|   ap_memory|                                                    A2_6_3|         array|
|A2_6_3_ce1                                  |  out|    1|   ap_memory|                                                    A2_6_3|         array|
|A2_6_3_we1                                  |  out|    1|   ap_memory|                                                    A2_6_3|         array|
|A2_6_3_d1                                   |  out|   32|   ap_memory|                                                    A2_6_3|         array|
|A2_6_4_address0                             |  out|   10|   ap_memory|                                                    A2_6_4|         array|
|A2_6_4_ce0                                  |  out|    1|   ap_memory|                                                    A2_6_4|         array|
|A2_6_4_we0                                  |  out|    1|   ap_memory|                                                    A2_6_4|         array|
|A2_6_4_d0                                   |  out|   32|   ap_memory|                                                    A2_6_4|         array|
|A2_6_4_address1                             |  out|   10|   ap_memory|                                                    A2_6_4|         array|
|A2_6_4_ce1                                  |  out|    1|   ap_memory|                                                    A2_6_4|         array|
|A2_6_4_we1                                  |  out|    1|   ap_memory|                                                    A2_6_4|         array|
|A2_6_4_d1                                   |  out|   32|   ap_memory|                                                    A2_6_4|         array|
|A2_6_5_address0                             |  out|   10|   ap_memory|                                                    A2_6_5|         array|
|A2_6_5_ce0                                  |  out|    1|   ap_memory|                                                    A2_6_5|         array|
|A2_6_5_we0                                  |  out|    1|   ap_memory|                                                    A2_6_5|         array|
|A2_6_5_d0                                   |  out|   32|   ap_memory|                                                    A2_6_5|         array|
|A2_6_5_address1                             |  out|   10|   ap_memory|                                                    A2_6_5|         array|
|A2_6_5_ce1                                  |  out|    1|   ap_memory|                                                    A2_6_5|         array|
|A2_6_5_we1                                  |  out|    1|   ap_memory|                                                    A2_6_5|         array|
|A2_6_5_d1                                   |  out|   32|   ap_memory|                                                    A2_6_5|         array|
|A2_6_6_address0                             |  out|   10|   ap_memory|                                                    A2_6_6|         array|
|A2_6_6_ce0                                  |  out|    1|   ap_memory|                                                    A2_6_6|         array|
|A2_6_6_we0                                  |  out|    1|   ap_memory|                                                    A2_6_6|         array|
|A2_6_6_d0                                   |  out|   32|   ap_memory|                                                    A2_6_6|         array|
|A2_6_6_address1                             |  out|   10|   ap_memory|                                                    A2_6_6|         array|
|A2_6_6_ce1                                  |  out|    1|   ap_memory|                                                    A2_6_6|         array|
|A2_6_6_we1                                  |  out|    1|   ap_memory|                                                    A2_6_6|         array|
|A2_6_6_d1                                   |  out|   32|   ap_memory|                                                    A2_6_6|         array|
|A2_6_7_address0                             |  out|   10|   ap_memory|                                                    A2_6_7|         array|
|A2_6_7_ce0                                  |  out|    1|   ap_memory|                                                    A2_6_7|         array|
|A2_6_7_we0                                  |  out|    1|   ap_memory|                                                    A2_6_7|         array|
|A2_6_7_d0                                   |  out|   32|   ap_memory|                                                    A2_6_7|         array|
|A2_6_7_address1                             |  out|   10|   ap_memory|                                                    A2_6_7|         array|
|A2_6_7_ce1                                  |  out|    1|   ap_memory|                                                    A2_6_7|         array|
|A2_6_7_we1                                  |  out|    1|   ap_memory|                                                    A2_6_7|         array|
|A2_6_7_d1                                   |  out|   32|   ap_memory|                                                    A2_6_7|         array|
|A2_7_0_address0                             |  out|   10|   ap_memory|                                                    A2_7_0|         array|
|A2_7_0_ce0                                  |  out|    1|   ap_memory|                                                    A2_7_0|         array|
|A2_7_0_we0                                  |  out|    1|   ap_memory|                                                    A2_7_0|         array|
|A2_7_0_d0                                   |  out|   32|   ap_memory|                                                    A2_7_0|         array|
|A2_7_0_address1                             |  out|   10|   ap_memory|                                                    A2_7_0|         array|
|A2_7_0_ce1                                  |  out|    1|   ap_memory|                                                    A2_7_0|         array|
|A2_7_0_we1                                  |  out|    1|   ap_memory|                                                    A2_7_0|         array|
|A2_7_0_d1                                   |  out|   32|   ap_memory|                                                    A2_7_0|         array|
|A2_7_1_address0                             |  out|   10|   ap_memory|                                                    A2_7_1|         array|
|A2_7_1_ce0                                  |  out|    1|   ap_memory|                                                    A2_7_1|         array|
|A2_7_1_we0                                  |  out|    1|   ap_memory|                                                    A2_7_1|         array|
|A2_7_1_d0                                   |  out|   32|   ap_memory|                                                    A2_7_1|         array|
|A2_7_1_address1                             |  out|   10|   ap_memory|                                                    A2_7_1|         array|
|A2_7_1_ce1                                  |  out|    1|   ap_memory|                                                    A2_7_1|         array|
|A2_7_1_we1                                  |  out|    1|   ap_memory|                                                    A2_7_1|         array|
|A2_7_1_d1                                   |  out|   32|   ap_memory|                                                    A2_7_1|         array|
|A2_7_2_address0                             |  out|   10|   ap_memory|                                                    A2_7_2|         array|
|A2_7_2_ce0                                  |  out|    1|   ap_memory|                                                    A2_7_2|         array|
|A2_7_2_we0                                  |  out|    1|   ap_memory|                                                    A2_7_2|         array|
|A2_7_2_d0                                   |  out|   32|   ap_memory|                                                    A2_7_2|         array|
|A2_7_2_address1                             |  out|   10|   ap_memory|                                                    A2_7_2|         array|
|A2_7_2_ce1                                  |  out|    1|   ap_memory|                                                    A2_7_2|         array|
|A2_7_2_we1                                  |  out|    1|   ap_memory|                                                    A2_7_2|         array|
|A2_7_2_d1                                   |  out|   32|   ap_memory|                                                    A2_7_2|         array|
|A2_7_3_address0                             |  out|   10|   ap_memory|                                                    A2_7_3|         array|
|A2_7_3_ce0                                  |  out|    1|   ap_memory|                                                    A2_7_3|         array|
|A2_7_3_we0                                  |  out|    1|   ap_memory|                                                    A2_7_3|         array|
|A2_7_3_d0                                   |  out|   32|   ap_memory|                                                    A2_7_3|         array|
|A2_7_3_address1                             |  out|   10|   ap_memory|                                                    A2_7_3|         array|
|A2_7_3_ce1                                  |  out|    1|   ap_memory|                                                    A2_7_3|         array|
|A2_7_3_we1                                  |  out|    1|   ap_memory|                                                    A2_7_3|         array|
|A2_7_3_d1                                   |  out|   32|   ap_memory|                                                    A2_7_3|         array|
|A2_7_4_address0                             |  out|   10|   ap_memory|                                                    A2_7_4|         array|
|A2_7_4_ce0                                  |  out|    1|   ap_memory|                                                    A2_7_4|         array|
|A2_7_4_we0                                  |  out|    1|   ap_memory|                                                    A2_7_4|         array|
|A2_7_4_d0                                   |  out|   32|   ap_memory|                                                    A2_7_4|         array|
|A2_7_4_address1                             |  out|   10|   ap_memory|                                                    A2_7_4|         array|
|A2_7_4_ce1                                  |  out|    1|   ap_memory|                                                    A2_7_4|         array|
|A2_7_4_we1                                  |  out|    1|   ap_memory|                                                    A2_7_4|         array|
|A2_7_4_d1                                   |  out|   32|   ap_memory|                                                    A2_7_4|         array|
|A2_7_5_address0                             |  out|   10|   ap_memory|                                                    A2_7_5|         array|
|A2_7_5_ce0                                  |  out|    1|   ap_memory|                                                    A2_7_5|         array|
|A2_7_5_we0                                  |  out|    1|   ap_memory|                                                    A2_7_5|         array|
|A2_7_5_d0                                   |  out|   32|   ap_memory|                                                    A2_7_5|         array|
|A2_7_5_address1                             |  out|   10|   ap_memory|                                                    A2_7_5|         array|
|A2_7_5_ce1                                  |  out|    1|   ap_memory|                                                    A2_7_5|         array|
|A2_7_5_we1                                  |  out|    1|   ap_memory|                                                    A2_7_5|         array|
|A2_7_5_d1                                   |  out|   32|   ap_memory|                                                    A2_7_5|         array|
|A2_7_6_address0                             |  out|   10|   ap_memory|                                                    A2_7_6|         array|
|A2_7_6_ce0                                  |  out|    1|   ap_memory|                                                    A2_7_6|         array|
|A2_7_6_we0                                  |  out|    1|   ap_memory|                                                    A2_7_6|         array|
|A2_7_6_d0                                   |  out|   32|   ap_memory|                                                    A2_7_6|         array|
|A2_7_6_address1                             |  out|   10|   ap_memory|                                                    A2_7_6|         array|
|A2_7_6_ce1                                  |  out|    1|   ap_memory|                                                    A2_7_6|         array|
|A2_7_6_we1                                  |  out|    1|   ap_memory|                                                    A2_7_6|         array|
|A2_7_6_d1                                   |  out|   32|   ap_memory|                                                    A2_7_6|         array|
|A2_7_7_address0                             |  out|   10|   ap_memory|                                                    A2_7_7|         array|
|A2_7_7_ce0                                  |  out|    1|   ap_memory|                                                    A2_7_7|         array|
|A2_7_7_we0                                  |  out|    1|   ap_memory|                                                    A2_7_7|         array|
|A2_7_7_d0                                   |  out|   32|   ap_memory|                                                    A2_7_7|         array|
|A2_7_7_address1                             |  out|   10|   ap_memory|                                                    A2_7_7|         array|
|A2_7_7_ce1                                  |  out|    1|   ap_memory|                                                    A2_7_7|         array|
|A2_7_7_we1                                  |  out|    1|   ap_memory|                                                    A2_7_7|         array|
|A2_7_7_d1                                   |  out|   32|   ap_memory|                                                    A2_7_7|         array|
+--------------------------------------------+-----+-----+------------+----------------------------------------------------------+--------------+

