

================================================================
== Vitis HLS Report for 'write_C_FT0'
================================================================
* Date:           Fri Jan 10 12:45:14 2025

* Version:        2023.2 (Build 4023990 on Oct 11 2023)
* Project:        kernel_nlp_slr0
* Solution:       solution (Vitis Kernel Flow Target)
* Product family: virtexuplusHBM
* Target device:  xcu55c-fsvh2892-2L-e


================================================================
== Performance Estimates
================================================================
+ Timing: 
    * Summary: 
    +--------+---------+----------+------------+
    |  Clock |  Target | Estimated| Uncertainty|
    +--------+---------+----------+------------+
    |ap_clk  |  4.55 ns|  1.480 ns|     1.23 ns|
    +--------+---------+----------+------------+

+ Latency: 
    * Summary: 
    +---------+---------+----------+----------+-----+-----+---------+
    |  Latency (cycles) |  Latency (absolute) |  Interval | Pipeline|
    |   min   |   max   |    min   |    max   | min | max |   Type  |
    +---------+---------+----------+----------+-----+-----+---------+
    |       62|       62|  0.282 us|  0.282 us|   62|   62|       no|
    +---------+---------+----------+----------+-----+-----+---------+

    + Detail: 
        * Instance: 
        N/A

        * Loop: 
        +--------------------+---------+---------+----------+-----------+-----------+------+----------+
        |                    |  Latency (cycles) | Iteration|  Initiation Interval  | Trip |          |
        |      Loop Name     |   min   |   max   |  Latency |  achieved |   target  | Count| Pipelined|
        +--------------------+---------+---------+----------+-----------+-----------+------+----------+
        |- VITIS_LOOP_501_1  |       60|       60|         2|          1|          1|    60|       yes|
        +--------------------+---------+---------+----------+-----------+-----------+------+----------+



================================================================
== Utilization Estimates
================================================================
* Summary: 
+---------------------+---------+------+---------+---------+-----+
|         Name        | BRAM_18K|  DSP |    FF   |   LUT   | URAM|
+---------------------+---------+------+---------+---------+-----+
|DSP                  |        -|     -|        -|        -|    -|
|Expression           |        -|     -|        0|       30|    -|
|FIFO                 |        -|     -|        -|        -|    -|
|Instance             |        -|     -|        0|     2056|    -|
|Memory               |        -|     -|        -|        -|    -|
|Multiplexer          |        -|     -|        -|       45|    -|
|Register             |        -|     -|      265|        -|    -|
+---------------------+---------+------+---------+---------+-----+
|Total                |        0|     0|      265|     2131|    0|
+---------------------+---------+------+---------+---------+-----+
|Available SLR        |     1344|  3008|   869120|   434560|  320|
+---------------------+---------+------+---------+---------+-----+
|Utilization SLR (%)  |        0|     0|       ~0|       ~0|    0|
+---------------------+---------+------+---------+---------+-----+
|Available            |     4032|  9024|  2607360|  1303680|  960|
+---------------------+---------+------+---------+---------+-----+
|Utilization (%)      |        0|     0|       ~0|       ~0|    0|
+---------------------+---------+------+---------+---------+-----+

+ Detail: 
    * Instance: 
    +-------------------------------+------------------------+---------+----+---+-----+-----+
    |            Instance           |         Module         | BRAM_18K| DSP| FF| LUT | URAM|
    +-------------------------------+------------------------+---------+----+---+-----+-----+
    |sparsemux_121_6_32_1_1_U14825  |sparsemux_121_6_32_1_1  |        0|   0|  0|  257|    0|
    |sparsemux_121_6_32_1_1_U14826  |sparsemux_121_6_32_1_1  |        0|   0|  0|  257|    0|
    |sparsemux_121_6_32_1_1_U14827  |sparsemux_121_6_32_1_1  |        0|   0|  0|  257|    0|
    |sparsemux_121_6_32_1_1_U14828  |sparsemux_121_6_32_1_1  |        0|   0|  0|  257|    0|
    |sparsemux_121_6_32_1_1_U14829  |sparsemux_121_6_32_1_1  |        0|   0|  0|  257|    0|
    |sparsemux_121_6_32_1_1_U14830  |sparsemux_121_6_32_1_1  |        0|   0|  0|  257|    0|
    |sparsemux_121_6_32_1_1_U14831  |sparsemux_121_6_32_1_1  |        0|   0|  0|  257|    0|
    |sparsemux_121_6_32_1_1_U14832  |sparsemux_121_6_32_1_1  |        0|   0|  0|  257|    0|
    +-------------------------------+------------------------+---------+----+---+-----+-----+
    |Total                          |                        |        0|   0|  0| 2056|    0|
    +-------------------------------+------------------------+---------+----+---+-----+-----+

    * DSP: 
    N/A

    * Memory: 
    N/A

    * FIFO: 
    N/A

    * Expression: 
    +---------------------------+----------+----+---+----+------------+------------+
    |       Variable Name       | Operation| DSP| FF| LUT| Bitwidth P0| Bitwidth P1|
    +---------------------------+----------+----+---+----+------------+------------+
    |add_ln501_fu_4021_p2       |         +|   0|  0|  13|           6|           1|
    |ap_block_pp0_stage0_01001  |       and|   0|  0|   2|           1|           1|
    |icmp_ln501_fu_4015_p2      |      icmp|   0|  0|  13|           6|           4|
    |ap_enable_pp0              |       xor|   0|  0|   2|           1|           2|
    +---------------------------+----------+----+---+----+------------+------------+
    |Total                      |          |   0|  0|  30|          14|           8|
    +---------------------------+----------+----+---+----+------------+------------+

    * Multiplexer: 
    +--------------------------+----+-----------+-----+-----------+
    |           Name           | LUT| Input Size| Bits| Total Bits|
    +--------------------------+----+-----------+-----+-----------+
    |ap_done_int               |   9|          2|    1|          2|
    |ap_enable_reg_pp0_iter1   |   9|          2|    1|          2|
    |ap_sig_allocacmp_d0_2     |   9|          2|    6|         12|
    |d0_fu_1116                |   9|          2|    6|         12|
    |fifo_C_to_off_chip_blk_n  |   9|          2|    1|          2|
    +--------------------------+----+-----------+-----+-----------+
    |Total                     |  45|         10|   15|         30|
    +--------------------------+----+-----------+-----+-----------+

    * Register: 
    +-------------------------+----+----+-----+-----------+
    |           Name          | FF | LUT| Bits| Const Bits|
    +-------------------------+----+----+-----+-----------+
    |ap_CS_fsm                |   1|   0|    1|          0|
    |ap_done_reg              |   1|   0|    1|          0|
    |ap_enable_reg_pp0_iter1  |   1|   0|    1|          0|
    |d0_fu_1116               |   6|   0|    6|          0|
    |tmp_1_reg_6081           |  32|   0|   32|          0|
    |tmp_2_reg_6086           |  32|   0|   32|          0|
    |tmp_3_reg_6091           |  32|   0|   32|          0|
    |tmp_4_reg_6096           |  32|   0|   32|          0|
    |tmp_5_reg_6101           |  32|   0|   32|          0|
    |tmp_6_reg_6106           |  32|   0|   32|          0|
    |tmp_reg_6071             |  32|   0|   32|          0|
    |tmp_s_reg_6076           |  32|   0|   32|          0|
    +-------------------------+----+----+-----+-----------+
    |Total                    | 265|   0|  265|          0|
    +-------------------------+----+----+-----+-----------+



================================================================
== Interface
================================================================
* Summary: 
+-----------------------------------+-----+-----+------------+--------------------+--------------+
|             RTL Ports             | Dir | Bits|  Protocol  |    Source Object   |    C Type    |
+-----------------------------------+-----+-----+------------+--------------------+--------------+
|ap_clk                             |   in|    1|  ap_ctrl_hs|         write_C_FT0|  return value|
|ap_rst                             |   in|    1|  ap_ctrl_hs|         write_C_FT0|  return value|
|ap_start                           |   in|    1|  ap_ctrl_hs|         write_C_FT0|  return value|
|ap_done                            |  out|    1|  ap_ctrl_hs|         write_C_FT0|  return value|
|ap_idle                            |  out|    1|  ap_ctrl_hs|         write_C_FT0|  return value|
|ap_ready                           |  out|    1|  ap_ctrl_hs|         write_C_FT0|  return value|
|fifo_C_to_off_chip_din             |  out|  256|     ap_fifo|  fifo_C_to_off_chip|       pointer|
|fifo_C_to_off_chip_num_data_valid  |   in|   11|     ap_fifo|  fifo_C_to_off_chip|       pointer|
|fifo_C_to_off_chip_fifo_cap        |   in|   11|     ap_fifo|  fifo_C_to_off_chip|       pointer|
|fifo_C_to_off_chip_full_n          |   in|    1|     ap_fifo|  fifo_C_to_off_chip|       pointer|
|fifo_C_to_off_chip_write           |  out|    1|     ap_fifo|  fifo_C_to_off_chip|       pointer|
|C_0_0_val                          |   in|   32|     ap_none|           C_0_0_val|        scalar|
|C_0_1_val                          |   in|   32|     ap_none|           C_0_1_val|        scalar|
|C_0_2_val                          |   in|   32|     ap_none|           C_0_2_val|        scalar|
|C_0_3_val                          |   in|   32|     ap_none|           C_0_3_val|        scalar|
|C_0_4_val                          |   in|   32|     ap_none|           C_0_4_val|        scalar|
|C_0_5_val                          |   in|   32|     ap_none|           C_0_5_val|        scalar|
|C_0_6_val                          |   in|   32|     ap_none|           C_0_6_val|        scalar|
|C_0_7_val                          |   in|   32|     ap_none|           C_0_7_val|        scalar|
|C_1_0_val                          |   in|   32|     ap_none|           C_1_0_val|        scalar|
|C_1_1_val                          |   in|   32|     ap_none|           C_1_1_val|        scalar|
|C_1_2_val                          |   in|   32|     ap_none|           C_1_2_val|        scalar|
|C_1_3_val                          |   in|   32|     ap_none|           C_1_3_val|        scalar|
|C_1_4_val                          |   in|   32|     ap_none|           C_1_4_val|        scalar|
|C_1_5_val                          |   in|   32|     ap_none|           C_1_5_val|        scalar|
|C_1_6_val                          |   in|   32|     ap_none|           C_1_6_val|        scalar|
|C_1_7_val                          |   in|   32|     ap_none|           C_1_7_val|        scalar|
|C_2_0_val                          |   in|   32|     ap_none|           C_2_0_val|        scalar|
|C_2_1_val                          |   in|   32|     ap_none|           C_2_1_val|        scalar|
|C_2_2_val                          |   in|   32|     ap_none|           C_2_2_val|        scalar|
|C_2_3_val                          |   in|   32|     ap_none|           C_2_3_val|        scalar|
|C_2_4_val                          |   in|   32|     ap_none|           C_2_4_val|        scalar|
|C_2_5_val                          |   in|   32|     ap_none|           C_2_5_val|        scalar|
|C_2_6_val                          |   in|   32|     ap_none|           C_2_6_val|        scalar|
|C_2_7_val                          |   in|   32|     ap_none|           C_2_7_val|        scalar|
|C_3_0_val                          |   in|   32|     ap_none|           C_3_0_val|        scalar|
|C_3_1_val                          |   in|   32|     ap_none|           C_3_1_val|        scalar|
|C_3_2_val                          |   in|   32|     ap_none|           C_3_2_val|        scalar|
|C_3_3_val                          |   in|   32|     ap_none|           C_3_3_val|        scalar|
|C_3_4_val                          |   in|   32|     ap_none|           C_3_4_val|        scalar|
|C_3_5_val                          |   in|   32|     ap_none|           C_3_5_val|        scalar|
|C_3_6_val                          |   in|   32|     ap_none|           C_3_6_val|        scalar|
|C_3_7_val                          |   in|   32|     ap_none|           C_3_7_val|        scalar|
|C_4_0_val                          |   in|   32|     ap_none|           C_4_0_val|        scalar|
|C_4_1_val                          |   in|   32|     ap_none|           C_4_1_val|        scalar|
|C_4_2_val                          |   in|   32|     ap_none|           C_4_2_val|        scalar|
|C_4_3_val                          |   in|   32|     ap_none|           C_4_3_val|        scalar|
|C_4_4_val                          |   in|   32|     ap_none|           C_4_4_val|        scalar|
|C_4_5_val                          |   in|   32|     ap_none|           C_4_5_val|        scalar|
|C_4_6_val                          |   in|   32|     ap_none|           C_4_6_val|        scalar|
|C_4_7_val                          |   in|   32|     ap_none|           C_4_7_val|        scalar|
|C_5_0_val                          |   in|   32|     ap_none|           C_5_0_val|        scalar|
|C_5_1_val                          |   in|   32|     ap_none|           C_5_1_val|        scalar|
|C_5_2_val                          |   in|   32|     ap_none|           C_5_2_val|        scalar|
|C_5_3_val                          |   in|   32|     ap_none|           C_5_3_val|        scalar|
|C_5_4_val                          |   in|   32|     ap_none|           C_5_4_val|        scalar|
|C_5_5_val                          |   in|   32|     ap_none|           C_5_5_val|        scalar|
|C_5_6_val                          |   in|   32|     ap_none|           C_5_6_val|        scalar|
|C_5_7_val                          |   in|   32|     ap_none|           C_5_7_val|        scalar|
|C_6_0_val                          |   in|   32|     ap_none|           C_6_0_val|        scalar|
|C_6_1_val                          |   in|   32|     ap_none|           C_6_1_val|        scalar|
|C_6_2_val                          |   in|   32|     ap_none|           C_6_2_val|        scalar|
|C_6_3_val                          |   in|   32|     ap_none|           C_6_3_val|        scalar|
|C_6_4_val                          |   in|   32|     ap_none|           C_6_4_val|        scalar|
|C_6_5_val                          |   in|   32|     ap_none|           C_6_5_val|        scalar|
|C_6_6_val                          |   in|   32|     ap_none|           C_6_6_val|        scalar|
|C_6_7_val                          |   in|   32|     ap_none|           C_6_7_val|        scalar|
|C_7_0_val                          |   in|   32|     ap_none|           C_7_0_val|        scalar|
|C_7_1_val                          |   in|   32|     ap_none|           C_7_1_val|        scalar|
|C_7_2_val                          |   in|   32|     ap_none|           C_7_2_val|        scalar|
|C_7_3_val                          |   in|   32|     ap_none|           C_7_3_val|        scalar|
|C_7_4_val                          |   in|   32|     ap_none|           C_7_4_val|        scalar|
|C_7_5_val                          |   in|   32|     ap_none|           C_7_5_val|        scalar|
|C_7_6_val                          |   in|   32|     ap_none|           C_7_6_val|        scalar|
|C_7_7_val                          |   in|   32|     ap_none|           C_7_7_val|        scalar|
|C_8_0_val                          |   in|   32|     ap_none|           C_8_0_val|        scalar|
|C_8_1_val                          |   in|   32|     ap_none|           C_8_1_val|        scalar|
|C_8_2_val                          |   in|   32|     ap_none|           C_8_2_val|        scalar|
|C_8_3_val                          |   in|   32|     ap_none|           C_8_3_val|        scalar|
|C_8_4_val                          |   in|   32|     ap_none|           C_8_4_val|        scalar|
|C_8_5_val                          |   in|   32|     ap_none|           C_8_5_val|        scalar|
|C_8_6_val                          |   in|   32|     ap_none|           C_8_6_val|        scalar|
|C_8_7_val                          |   in|   32|     ap_none|           C_8_7_val|        scalar|
|C_9_0_val                          |   in|   32|     ap_none|           C_9_0_val|        scalar|
|C_9_1_val                          |   in|   32|     ap_none|           C_9_1_val|        scalar|
|C_9_2_val                          |   in|   32|     ap_none|           C_9_2_val|        scalar|
|C_9_3_val                          |   in|   32|     ap_none|           C_9_3_val|        scalar|
|C_9_4_val                          |   in|   32|     ap_none|           C_9_4_val|        scalar|
|C_9_5_val                          |   in|   32|     ap_none|           C_9_5_val|        scalar|
|C_9_6_val                          |   in|   32|     ap_none|           C_9_6_val|        scalar|
|C_9_7_val                          |   in|   32|     ap_none|           C_9_7_val|        scalar|
|C_10_0_val                         |   in|   32|     ap_none|          C_10_0_val|        scalar|
|C_10_1_val                         |   in|   32|     ap_none|          C_10_1_val|        scalar|
|C_10_2_val                         |   in|   32|     ap_none|          C_10_2_val|        scalar|
|C_10_3_val                         |   in|   32|     ap_none|          C_10_3_val|        scalar|
|C_10_4_val                         |   in|   32|     ap_none|          C_10_4_val|        scalar|
|C_10_5_val                         |   in|   32|     ap_none|          C_10_5_val|        scalar|
|C_10_6_val                         |   in|   32|     ap_none|          C_10_6_val|        scalar|
|C_10_7_val                         |   in|   32|     ap_none|          C_10_7_val|        scalar|
|C_11_0_val                         |   in|   32|     ap_none|          C_11_0_val|        scalar|
|C_11_1_val                         |   in|   32|     ap_none|          C_11_1_val|        scalar|
|C_11_2_val                         |   in|   32|     ap_none|          C_11_2_val|        scalar|
|C_11_3_val                         |   in|   32|     ap_none|          C_11_3_val|        scalar|
|C_11_4_val                         |   in|   32|     ap_none|          C_11_4_val|        scalar|
|C_11_5_val                         |   in|   32|     ap_none|          C_11_5_val|        scalar|
|C_11_6_val                         |   in|   32|     ap_none|          C_11_6_val|        scalar|
|C_11_7_val                         |   in|   32|     ap_none|          C_11_7_val|        scalar|
|C_12_0_val                         |   in|   32|     ap_none|          C_12_0_val|        scalar|
|C_12_1_val                         |   in|   32|     ap_none|          C_12_1_val|        scalar|
|C_12_2_val                         |   in|   32|     ap_none|          C_12_2_val|        scalar|
|C_12_3_val                         |   in|   32|     ap_none|          C_12_3_val|        scalar|
|C_12_4_val                         |   in|   32|     ap_none|          C_12_4_val|        scalar|
|C_12_5_val                         |   in|   32|     ap_none|          C_12_5_val|        scalar|
|C_12_6_val                         |   in|   32|     ap_none|          C_12_6_val|        scalar|
|C_12_7_val                         |   in|   32|     ap_none|          C_12_7_val|        scalar|
|C_13_0_val                         |   in|   32|     ap_none|          C_13_0_val|        scalar|
|C_13_1_val                         |   in|   32|     ap_none|          C_13_1_val|        scalar|
|C_13_2_val                         |   in|   32|     ap_none|          C_13_2_val|        scalar|
|C_13_3_val                         |   in|   32|     ap_none|          C_13_3_val|        scalar|
|C_13_4_val                         |   in|   32|     ap_none|          C_13_4_val|        scalar|
|C_13_5_val                         |   in|   32|     ap_none|          C_13_5_val|        scalar|
|C_13_6_val                         |   in|   32|     ap_none|          C_13_6_val|        scalar|
|C_13_7_val                         |   in|   32|     ap_none|          C_13_7_val|        scalar|
|C_14_0_val                         |   in|   32|     ap_none|          C_14_0_val|        scalar|
|C_14_1_val                         |   in|   32|     ap_none|          C_14_1_val|        scalar|
|C_14_2_val                         |   in|   32|     ap_none|          C_14_2_val|        scalar|
|C_14_3_val                         |   in|   32|     ap_none|          C_14_3_val|        scalar|
|C_14_4_val                         |   in|   32|     ap_none|          C_14_4_val|        scalar|
|C_14_5_val                         |   in|   32|     ap_none|          C_14_5_val|        scalar|
|C_14_6_val                         |   in|   32|     ap_none|          C_14_6_val|        scalar|
|C_14_7_val                         |   in|   32|     ap_none|          C_14_7_val|        scalar|
|C_15_0_val                         |   in|   32|     ap_none|          C_15_0_val|        scalar|
|C_15_1_val                         |   in|   32|     ap_none|          C_15_1_val|        scalar|
|C_15_2_val                         |   in|   32|     ap_none|          C_15_2_val|        scalar|
|C_15_3_val                         |   in|   32|     ap_none|          C_15_3_val|        scalar|
|C_15_4_val                         |   in|   32|     ap_none|          C_15_4_val|        scalar|
|C_15_5_val                         |   in|   32|     ap_none|          C_15_5_val|        scalar|
|C_15_6_val                         |   in|   32|     ap_none|          C_15_6_val|        scalar|
|C_15_7_val                         |   in|   32|     ap_none|          C_15_7_val|        scalar|
|C_16_0_val                         |   in|   32|     ap_none|          C_16_0_val|        scalar|
|C_16_1_val                         |   in|   32|     ap_none|          C_16_1_val|        scalar|
|C_16_2_val                         |   in|   32|     ap_none|          C_16_2_val|        scalar|
|C_16_3_val                         |   in|   32|     ap_none|          C_16_3_val|        scalar|
|C_16_4_val                         |   in|   32|     ap_none|          C_16_4_val|        scalar|
|C_16_5_val                         |   in|   32|     ap_none|          C_16_5_val|        scalar|
|C_16_6_val                         |   in|   32|     ap_none|          C_16_6_val|        scalar|
|C_16_7_val                         |   in|   32|     ap_none|          C_16_7_val|        scalar|
|C_17_0_val                         |   in|   32|     ap_none|          C_17_0_val|        scalar|
|C_17_1_val                         |   in|   32|     ap_none|          C_17_1_val|        scalar|
|C_17_2_val                         |   in|   32|     ap_none|          C_17_2_val|        scalar|
|C_17_3_val                         |   in|   32|     ap_none|          C_17_3_val|        scalar|
|C_17_4_val                         |   in|   32|     ap_none|          C_17_4_val|        scalar|
|C_17_5_val                         |   in|   32|     ap_none|          C_17_5_val|        scalar|
|C_17_6_val                         |   in|   32|     ap_none|          C_17_6_val|        scalar|
|C_17_7_val                         |   in|   32|     ap_none|          C_17_7_val|        scalar|
|C_18_0_val                         |   in|   32|     ap_none|          C_18_0_val|        scalar|
|C_18_1_val                         |   in|   32|     ap_none|          C_18_1_val|        scalar|
|C_18_2_val                         |   in|   32|     ap_none|          C_18_2_val|        scalar|
|C_18_3_val                         |   in|   32|     ap_none|          C_18_3_val|        scalar|
|C_18_4_val                         |   in|   32|     ap_none|          C_18_4_val|        scalar|
|C_18_5_val                         |   in|   32|     ap_none|          C_18_5_val|        scalar|
|C_18_6_val                         |   in|   32|     ap_none|          C_18_6_val|        scalar|
|C_18_7_val                         |   in|   32|     ap_none|          C_18_7_val|        scalar|
|C_19_0_val                         |   in|   32|     ap_none|          C_19_0_val|        scalar|
|C_19_1_val                         |   in|   32|     ap_none|          C_19_1_val|        scalar|
|C_19_2_val                         |   in|   32|     ap_none|          C_19_2_val|        scalar|
|C_19_3_val                         |   in|   32|     ap_none|          C_19_3_val|        scalar|
|C_19_4_val                         |   in|   32|     ap_none|          C_19_4_val|        scalar|
|C_19_5_val                         |   in|   32|     ap_none|          C_19_5_val|        scalar|
|C_19_6_val                         |   in|   32|     ap_none|          C_19_6_val|        scalar|
|C_19_7_val                         |   in|   32|     ap_none|          C_19_7_val|        scalar|
|C_20_0_val                         |   in|   32|     ap_none|          C_20_0_val|        scalar|
|C_20_1_val                         |   in|   32|     ap_none|          C_20_1_val|        scalar|
|C_20_2_val                         |   in|   32|     ap_none|          C_20_2_val|        scalar|
|C_20_3_val                         |   in|   32|     ap_none|          C_20_3_val|        scalar|
|C_20_4_val                         |   in|   32|     ap_none|          C_20_4_val|        scalar|
|C_20_5_val                         |   in|   32|     ap_none|          C_20_5_val|        scalar|
|C_20_6_val                         |   in|   32|     ap_none|          C_20_6_val|        scalar|
|C_20_7_val                         |   in|   32|     ap_none|          C_20_7_val|        scalar|
|C_21_0_val                         |   in|   32|     ap_none|          C_21_0_val|        scalar|
|C_21_1_val                         |   in|   32|     ap_none|          C_21_1_val|        scalar|
|C_21_2_val                         |   in|   32|     ap_none|          C_21_2_val|        scalar|
|C_21_3_val                         |   in|   32|     ap_none|          C_21_3_val|        scalar|
|C_21_4_val                         |   in|   32|     ap_none|          C_21_4_val|        scalar|
|C_21_5_val                         |   in|   32|     ap_none|          C_21_5_val|        scalar|
|C_21_6_val                         |   in|   32|     ap_none|          C_21_6_val|        scalar|
|C_21_7_val                         |   in|   32|     ap_none|          C_21_7_val|        scalar|
|C_22_0_val                         |   in|   32|     ap_none|          C_22_0_val|        scalar|
|C_22_1_val                         |   in|   32|     ap_none|          C_22_1_val|        scalar|
|C_22_2_val                         |   in|   32|     ap_none|          C_22_2_val|        scalar|
|C_22_3_val                         |   in|   32|     ap_none|          C_22_3_val|        scalar|
|C_22_4_val                         |   in|   32|     ap_none|          C_22_4_val|        scalar|
|C_22_5_val                         |   in|   32|     ap_none|          C_22_5_val|        scalar|
|C_22_6_val                         |   in|   32|     ap_none|          C_22_6_val|        scalar|
|C_22_7_val                         |   in|   32|     ap_none|          C_22_7_val|        scalar|
|C_23_0_val                         |   in|   32|     ap_none|          C_23_0_val|        scalar|
|C_23_1_val                         |   in|   32|     ap_none|          C_23_1_val|        scalar|
|C_23_2_val                         |   in|   32|     ap_none|          C_23_2_val|        scalar|
|C_23_3_val                         |   in|   32|     ap_none|          C_23_3_val|        scalar|
|C_23_4_val                         |   in|   32|     ap_none|          C_23_4_val|        scalar|
|C_23_5_val                         |   in|   32|     ap_none|          C_23_5_val|        scalar|
|C_23_6_val                         |   in|   32|     ap_none|          C_23_6_val|        scalar|
|C_23_7_val                         |   in|   32|     ap_none|          C_23_7_val|        scalar|
|C_24_0_val                         |   in|   32|     ap_none|          C_24_0_val|        scalar|
|C_24_1_val                         |   in|   32|     ap_none|          C_24_1_val|        scalar|
|C_24_2_val                         |   in|   32|     ap_none|          C_24_2_val|        scalar|
|C_24_3_val                         |   in|   32|     ap_none|          C_24_3_val|        scalar|
|C_24_4_val                         |   in|   32|     ap_none|          C_24_4_val|        scalar|
|C_24_5_val                         |   in|   32|     ap_none|          C_24_5_val|        scalar|
|C_24_6_val                         |   in|   32|     ap_none|          C_24_6_val|        scalar|
|C_24_7_val                         |   in|   32|     ap_none|          C_24_7_val|        scalar|
|C_25_0_val                         |   in|   32|     ap_none|          C_25_0_val|        scalar|
|C_25_1_val                         |   in|   32|     ap_none|          C_25_1_val|        scalar|
|C_25_2_val                         |   in|   32|     ap_none|          C_25_2_val|        scalar|
|C_25_3_val                         |   in|   32|     ap_none|          C_25_3_val|        scalar|
|C_25_4_val                         |   in|   32|     ap_none|          C_25_4_val|        scalar|
|C_25_5_val                         |   in|   32|     ap_none|          C_25_5_val|        scalar|
|C_25_6_val                         |   in|   32|     ap_none|          C_25_6_val|        scalar|
|C_25_7_val                         |   in|   32|     ap_none|          C_25_7_val|        scalar|
|C_26_0_val                         |   in|   32|     ap_none|          C_26_0_val|        scalar|
|C_26_1_val                         |   in|   32|     ap_none|          C_26_1_val|        scalar|
|C_26_2_val                         |   in|   32|     ap_none|          C_26_2_val|        scalar|
|C_26_3_val                         |   in|   32|     ap_none|          C_26_3_val|        scalar|
|C_26_4_val                         |   in|   32|     ap_none|          C_26_4_val|        scalar|
|C_26_5_val                         |   in|   32|     ap_none|          C_26_5_val|        scalar|
|C_26_6_val                         |   in|   32|     ap_none|          C_26_6_val|        scalar|
|C_26_7_val                         |   in|   32|     ap_none|          C_26_7_val|        scalar|
|C_27_0_val                         |   in|   32|     ap_none|          C_27_0_val|        scalar|
|C_27_1_val                         |   in|   32|     ap_none|          C_27_1_val|        scalar|
|C_27_2_val                         |   in|   32|     ap_none|          C_27_2_val|        scalar|
|C_27_3_val                         |   in|   32|     ap_none|          C_27_3_val|        scalar|
|C_27_4_val                         |   in|   32|     ap_none|          C_27_4_val|        scalar|
|C_27_5_val                         |   in|   32|     ap_none|          C_27_5_val|        scalar|
|C_27_6_val                         |   in|   32|     ap_none|          C_27_6_val|        scalar|
|C_27_7_val                         |   in|   32|     ap_none|          C_27_7_val|        scalar|
|C_28_0_val                         |   in|   32|     ap_none|          C_28_0_val|        scalar|
|C_28_1_val                         |   in|   32|     ap_none|          C_28_1_val|        scalar|
|C_28_2_val                         |   in|   32|     ap_none|          C_28_2_val|        scalar|
|C_28_3_val                         |   in|   32|     ap_none|          C_28_3_val|        scalar|
|C_28_4_val                         |   in|   32|     ap_none|          C_28_4_val|        scalar|
|C_28_5_val                         |   in|   32|     ap_none|          C_28_5_val|        scalar|
|C_28_6_val                         |   in|   32|     ap_none|          C_28_6_val|        scalar|
|C_28_7_val                         |   in|   32|     ap_none|          C_28_7_val|        scalar|
|C_29_0_val                         |   in|   32|     ap_none|          C_29_0_val|        scalar|
|C_29_1_val                         |   in|   32|     ap_none|          C_29_1_val|        scalar|
|C_29_2_val                         |   in|   32|     ap_none|          C_29_2_val|        scalar|
|C_29_3_val                         |   in|   32|     ap_none|          C_29_3_val|        scalar|
|C_29_4_val                         |   in|   32|     ap_none|          C_29_4_val|        scalar|
|C_29_5_val                         |   in|   32|     ap_none|          C_29_5_val|        scalar|
|C_29_6_val                         |   in|   32|     ap_none|          C_29_6_val|        scalar|
|C_29_7_val                         |   in|   32|     ap_none|          C_29_7_val|        scalar|
|C_30_0_val                         |   in|   32|     ap_none|          C_30_0_val|        scalar|
|C_30_1_val                         |   in|   32|     ap_none|          C_30_1_val|        scalar|
|C_30_2_val                         |   in|   32|     ap_none|          C_30_2_val|        scalar|
|C_30_3_val                         |   in|   32|     ap_none|          C_30_3_val|        scalar|
|C_30_4_val                         |   in|   32|     ap_none|          C_30_4_val|        scalar|
|C_30_5_val                         |   in|   32|     ap_none|          C_30_5_val|        scalar|
|C_30_6_val                         |   in|   32|     ap_none|          C_30_6_val|        scalar|
|C_30_7_val                         |   in|   32|     ap_none|          C_30_7_val|        scalar|
|C_31_0_val                         |   in|   32|     ap_none|          C_31_0_val|        scalar|
|C_31_1_val                         |   in|   32|     ap_none|          C_31_1_val|        scalar|
|C_31_2_val                         |   in|   32|     ap_none|          C_31_2_val|        scalar|
|C_31_3_val                         |   in|   32|     ap_none|          C_31_3_val|        scalar|
|C_31_4_val                         |   in|   32|     ap_none|          C_31_4_val|        scalar|
|C_31_5_val                         |   in|   32|     ap_none|          C_31_5_val|        scalar|
|C_31_6_val                         |   in|   32|     ap_none|          C_31_6_val|        scalar|
|C_31_7_val                         |   in|   32|     ap_none|          C_31_7_val|        scalar|
|C_32_0_val                         |   in|   32|     ap_none|          C_32_0_val|        scalar|
|C_32_1_val                         |   in|   32|     ap_none|          C_32_1_val|        scalar|
|C_32_2_val                         |   in|   32|     ap_none|          C_32_2_val|        scalar|
|C_32_3_val                         |   in|   32|     ap_none|          C_32_3_val|        scalar|
|C_32_4_val                         |   in|   32|     ap_none|          C_32_4_val|        scalar|
|C_32_5_val                         |   in|   32|     ap_none|          C_32_5_val|        scalar|
|C_32_6_val                         |   in|   32|     ap_none|          C_32_6_val|        scalar|
|C_32_7_val                         |   in|   32|     ap_none|          C_32_7_val|        scalar|
|C_33_0_val                         |   in|   32|     ap_none|          C_33_0_val|        scalar|
|C_33_1_val                         |   in|   32|     ap_none|          C_33_1_val|        scalar|
|C_33_2_val                         |   in|   32|     ap_none|          C_33_2_val|        scalar|
|C_33_3_val                         |   in|   32|     ap_none|          C_33_3_val|        scalar|
|C_33_4_val                         |   in|   32|     ap_none|          C_33_4_val|        scalar|
|C_33_5_val                         |   in|   32|     ap_none|          C_33_5_val|        scalar|
|C_33_6_val                         |   in|   32|     ap_none|          C_33_6_val|        scalar|
|C_33_7_val                         |   in|   32|     ap_none|          C_33_7_val|        scalar|
|C_34_0_val                         |   in|   32|     ap_none|          C_34_0_val|        scalar|
|C_34_1_val                         |   in|   32|     ap_none|          C_34_1_val|        scalar|
|C_34_2_val                         |   in|   32|     ap_none|          C_34_2_val|        scalar|
|C_34_3_val                         |   in|   32|     ap_none|          C_34_3_val|        scalar|
|C_34_4_val                         |   in|   32|     ap_none|          C_34_4_val|        scalar|
|C_34_5_val                         |   in|   32|     ap_none|          C_34_5_val|        scalar|
|C_34_6_val                         |   in|   32|     ap_none|          C_34_6_val|        scalar|
|C_34_7_val                         |   in|   32|     ap_none|          C_34_7_val|        scalar|
|C_35_0_val                         |   in|   32|     ap_none|          C_35_0_val|        scalar|
|C_35_1_val                         |   in|   32|     ap_none|          C_35_1_val|        scalar|
|C_35_2_val                         |   in|   32|     ap_none|          C_35_2_val|        scalar|
|C_35_3_val                         |   in|   32|     ap_none|          C_35_3_val|        scalar|
|C_35_4_val                         |   in|   32|     ap_none|          C_35_4_val|        scalar|
|C_35_5_val                         |   in|   32|     ap_none|          C_35_5_val|        scalar|
|C_35_6_val                         |   in|   32|     ap_none|          C_35_6_val|        scalar|
|C_35_7_val                         |   in|   32|     ap_none|          C_35_7_val|        scalar|
|C_36_0_val                         |   in|   32|     ap_none|          C_36_0_val|        scalar|
|C_36_1_val                         |   in|   32|     ap_none|          C_36_1_val|        scalar|
|C_36_2_val                         |   in|   32|     ap_none|          C_36_2_val|        scalar|
|C_36_3_val                         |   in|   32|     ap_none|          C_36_3_val|        scalar|
|C_36_4_val                         |   in|   32|     ap_none|          C_36_4_val|        scalar|
|C_36_5_val                         |   in|   32|     ap_none|          C_36_5_val|        scalar|
|C_36_6_val                         |   in|   32|     ap_none|          C_36_6_val|        scalar|
|C_36_7_val                         |   in|   32|     ap_none|          C_36_7_val|        scalar|
|C_37_0_val                         |   in|   32|     ap_none|          C_37_0_val|        scalar|
|C_37_1_val                         |   in|   32|     ap_none|          C_37_1_val|        scalar|
|C_37_2_val                         |   in|   32|     ap_none|          C_37_2_val|        scalar|
|C_37_3_val                         |   in|   32|     ap_none|          C_37_3_val|        scalar|
|C_37_4_val                         |   in|   32|     ap_none|          C_37_4_val|        scalar|
|C_37_5_val                         |   in|   32|     ap_none|          C_37_5_val|        scalar|
|C_37_6_val                         |   in|   32|     ap_none|          C_37_6_val|        scalar|
|C_37_7_val                         |   in|   32|     ap_none|          C_37_7_val|        scalar|
|C_38_0_val                         |   in|   32|     ap_none|          C_38_0_val|        scalar|
|C_38_1_val                         |   in|   32|     ap_none|          C_38_1_val|        scalar|
|C_38_2_val                         |   in|   32|     ap_none|          C_38_2_val|        scalar|
|C_38_3_val                         |   in|   32|     ap_none|          C_38_3_val|        scalar|
|C_38_4_val                         |   in|   32|     ap_none|          C_38_4_val|        scalar|
|C_38_5_val                         |   in|   32|     ap_none|          C_38_5_val|        scalar|
|C_38_6_val                         |   in|   32|     ap_none|          C_38_6_val|        scalar|
|C_38_7_val                         |   in|   32|     ap_none|          C_38_7_val|        scalar|
|C_39_0_val                         |   in|   32|     ap_none|          C_39_0_val|        scalar|
|C_39_1_val                         |   in|   32|     ap_none|          C_39_1_val|        scalar|
|C_39_2_val                         |   in|   32|     ap_none|          C_39_2_val|        scalar|
|C_39_3_val                         |   in|   32|     ap_none|          C_39_3_val|        scalar|
|C_39_4_val                         |   in|   32|     ap_none|          C_39_4_val|        scalar|
|C_39_5_val                         |   in|   32|     ap_none|          C_39_5_val|        scalar|
|C_39_6_val                         |   in|   32|     ap_none|          C_39_6_val|        scalar|
|C_39_7_val                         |   in|   32|     ap_none|          C_39_7_val|        scalar|
|C_40_0_val                         |   in|   32|     ap_none|          C_40_0_val|        scalar|
|C_40_1_val                         |   in|   32|     ap_none|          C_40_1_val|        scalar|
|C_40_2_val                         |   in|   32|     ap_none|          C_40_2_val|        scalar|
|C_40_3_val                         |   in|   32|     ap_none|          C_40_3_val|        scalar|
|C_40_4_val                         |   in|   32|     ap_none|          C_40_4_val|        scalar|
|C_40_5_val                         |   in|   32|     ap_none|          C_40_5_val|        scalar|
|C_40_6_val                         |   in|   32|     ap_none|          C_40_6_val|        scalar|
|C_40_7_val                         |   in|   32|     ap_none|          C_40_7_val|        scalar|
|C_41_0_val                         |   in|   32|     ap_none|          C_41_0_val|        scalar|
|C_41_1_val                         |   in|   32|     ap_none|          C_41_1_val|        scalar|
|C_41_2_val                         |   in|   32|     ap_none|          C_41_2_val|        scalar|
|C_41_3_val                         |   in|   32|     ap_none|          C_41_3_val|        scalar|
|C_41_4_val                         |   in|   32|     ap_none|          C_41_4_val|        scalar|
|C_41_5_val                         |   in|   32|     ap_none|          C_41_5_val|        scalar|
|C_41_6_val                         |   in|   32|     ap_none|          C_41_6_val|        scalar|
|C_41_7_val                         |   in|   32|     ap_none|          C_41_7_val|        scalar|
|C_42_0_val                         |   in|   32|     ap_none|          C_42_0_val|        scalar|
|C_42_1_val                         |   in|   32|     ap_none|          C_42_1_val|        scalar|
|C_42_2_val                         |   in|   32|     ap_none|          C_42_2_val|        scalar|
|C_42_3_val                         |   in|   32|     ap_none|          C_42_3_val|        scalar|
|C_42_4_val                         |   in|   32|     ap_none|          C_42_4_val|        scalar|
|C_42_5_val                         |   in|   32|     ap_none|          C_42_5_val|        scalar|
|C_42_6_val                         |   in|   32|     ap_none|          C_42_6_val|        scalar|
|C_42_7_val                         |   in|   32|     ap_none|          C_42_7_val|        scalar|
|C_43_0_val                         |   in|   32|     ap_none|          C_43_0_val|        scalar|
|C_43_1_val                         |   in|   32|     ap_none|          C_43_1_val|        scalar|
|C_43_2_val                         |   in|   32|     ap_none|          C_43_2_val|        scalar|
|C_43_3_val                         |   in|   32|     ap_none|          C_43_3_val|        scalar|
|C_43_4_val                         |   in|   32|     ap_none|          C_43_4_val|        scalar|
|C_43_5_val                         |   in|   32|     ap_none|          C_43_5_val|        scalar|
|C_43_6_val                         |   in|   32|     ap_none|          C_43_6_val|        scalar|
|C_43_7_val                         |   in|   32|     ap_none|          C_43_7_val|        scalar|
|C_44_0_val                         |   in|   32|     ap_none|          C_44_0_val|        scalar|
|C_44_1_val                         |   in|   32|     ap_none|          C_44_1_val|        scalar|
|C_44_2_val                         |   in|   32|     ap_none|          C_44_2_val|        scalar|
|C_44_3_val                         |   in|   32|     ap_none|          C_44_3_val|        scalar|
|C_44_4_val                         |   in|   32|     ap_none|          C_44_4_val|        scalar|
|C_44_5_val                         |   in|   32|     ap_none|          C_44_5_val|        scalar|
|C_44_6_val                         |   in|   32|     ap_none|          C_44_6_val|        scalar|
|C_44_7_val                         |   in|   32|     ap_none|          C_44_7_val|        scalar|
|C_45_0_val                         |   in|   32|     ap_none|          C_45_0_val|        scalar|
|C_45_1_val                         |   in|   32|     ap_none|          C_45_1_val|        scalar|
|C_45_2_val                         |   in|   32|     ap_none|          C_45_2_val|        scalar|
|C_45_3_val                         |   in|   32|     ap_none|          C_45_3_val|        scalar|
|C_45_4_val                         |   in|   32|     ap_none|          C_45_4_val|        scalar|
|C_45_5_val                         |   in|   32|     ap_none|          C_45_5_val|        scalar|
|C_45_6_val                         |   in|   32|     ap_none|          C_45_6_val|        scalar|
|C_45_7_val                         |   in|   32|     ap_none|          C_45_7_val|        scalar|
|C_46_0_val                         |   in|   32|     ap_none|          C_46_0_val|        scalar|
|C_46_1_val                         |   in|   32|     ap_none|          C_46_1_val|        scalar|
|C_46_2_val                         |   in|   32|     ap_none|          C_46_2_val|        scalar|
|C_46_3_val                         |   in|   32|     ap_none|          C_46_3_val|        scalar|
|C_46_4_val                         |   in|   32|     ap_none|          C_46_4_val|        scalar|
|C_46_5_val                         |   in|   32|     ap_none|          C_46_5_val|        scalar|
|C_46_6_val                         |   in|   32|     ap_none|          C_46_6_val|        scalar|
|C_46_7_val                         |   in|   32|     ap_none|          C_46_7_val|        scalar|
|C_47_0_val                         |   in|   32|     ap_none|          C_47_0_val|        scalar|
|C_47_1_val                         |   in|   32|     ap_none|          C_47_1_val|        scalar|
|C_47_2_val                         |   in|   32|     ap_none|          C_47_2_val|        scalar|
|C_47_3_val                         |   in|   32|     ap_none|          C_47_3_val|        scalar|
|C_47_4_val                         |   in|   32|     ap_none|          C_47_4_val|        scalar|
|C_47_5_val                         |   in|   32|     ap_none|          C_47_5_val|        scalar|
|C_47_6_val                         |   in|   32|     ap_none|          C_47_6_val|        scalar|
|C_47_7_val                         |   in|   32|     ap_none|          C_47_7_val|        scalar|
|C_48_0_val                         |   in|   32|     ap_none|          C_48_0_val|        scalar|
|C_48_1_val                         |   in|   32|     ap_none|          C_48_1_val|        scalar|
|C_48_2_val                         |   in|   32|     ap_none|          C_48_2_val|        scalar|
|C_48_3_val                         |   in|   32|     ap_none|          C_48_3_val|        scalar|
|C_48_4_val                         |   in|   32|     ap_none|          C_48_4_val|        scalar|
|C_48_5_val                         |   in|   32|     ap_none|          C_48_5_val|        scalar|
|C_48_6_val                         |   in|   32|     ap_none|          C_48_6_val|        scalar|
|C_48_7_val                         |   in|   32|     ap_none|          C_48_7_val|        scalar|
|C_49_0_val                         |   in|   32|     ap_none|          C_49_0_val|        scalar|
|C_49_1_val                         |   in|   32|     ap_none|          C_49_1_val|        scalar|
|C_49_2_val                         |   in|   32|     ap_none|          C_49_2_val|        scalar|
|C_49_3_val                         |   in|   32|     ap_none|          C_49_3_val|        scalar|
|C_49_4_val                         |   in|   32|     ap_none|          C_49_4_val|        scalar|
|C_49_5_val                         |   in|   32|     ap_none|          C_49_5_val|        scalar|
|C_49_6_val                         |   in|   32|     ap_none|          C_49_6_val|        scalar|
|C_49_7_val                         |   in|   32|     ap_none|          C_49_7_val|        scalar|
|C_50_0_val                         |   in|   32|     ap_none|          C_50_0_val|        scalar|
|C_50_1_val                         |   in|   32|     ap_none|          C_50_1_val|        scalar|
|C_50_2_val                         |   in|   32|     ap_none|          C_50_2_val|        scalar|
|C_50_3_val                         |   in|   32|     ap_none|          C_50_3_val|        scalar|
|C_50_4_val                         |   in|   32|     ap_none|          C_50_4_val|        scalar|
|C_50_5_val                         |   in|   32|     ap_none|          C_50_5_val|        scalar|
|C_50_6_val                         |   in|   32|     ap_none|          C_50_6_val|        scalar|
|C_50_7_val                         |   in|   32|     ap_none|          C_50_7_val|        scalar|
|C_51_0_val                         |   in|   32|     ap_none|          C_51_0_val|        scalar|
|C_51_1_val                         |   in|   32|     ap_none|          C_51_1_val|        scalar|
|C_51_2_val                         |   in|   32|     ap_none|          C_51_2_val|        scalar|
|C_51_3_val                         |   in|   32|     ap_none|          C_51_3_val|        scalar|
|C_51_4_val                         |   in|   32|     ap_none|          C_51_4_val|        scalar|
|C_51_5_val                         |   in|   32|     ap_none|          C_51_5_val|        scalar|
|C_51_6_val                         |   in|   32|     ap_none|          C_51_6_val|        scalar|
|C_51_7_val                         |   in|   32|     ap_none|          C_51_7_val|        scalar|
|C_52_0_val                         |   in|   32|     ap_none|          C_52_0_val|        scalar|
|C_52_1_val                         |   in|   32|     ap_none|          C_52_1_val|        scalar|
|C_52_2_val                         |   in|   32|     ap_none|          C_52_2_val|        scalar|
|C_52_3_val                         |   in|   32|     ap_none|          C_52_3_val|        scalar|
|C_52_4_val                         |   in|   32|     ap_none|          C_52_4_val|        scalar|
|C_52_5_val                         |   in|   32|     ap_none|          C_52_5_val|        scalar|
|C_52_6_val                         |   in|   32|     ap_none|          C_52_6_val|        scalar|
|C_52_7_val                         |   in|   32|     ap_none|          C_52_7_val|        scalar|
|C_53_0_val                         |   in|   32|     ap_none|          C_53_0_val|        scalar|
|C_53_1_val                         |   in|   32|     ap_none|          C_53_1_val|        scalar|
|C_53_2_val                         |   in|   32|     ap_none|          C_53_2_val|        scalar|
|C_53_3_val                         |   in|   32|     ap_none|          C_53_3_val|        scalar|
|C_53_4_val                         |   in|   32|     ap_none|          C_53_4_val|        scalar|
|C_53_5_val                         |   in|   32|     ap_none|          C_53_5_val|        scalar|
|C_53_6_val                         |   in|   32|     ap_none|          C_53_6_val|        scalar|
|C_53_7_val                         |   in|   32|     ap_none|          C_53_7_val|        scalar|
|C_54_0_val                         |   in|   32|     ap_none|          C_54_0_val|        scalar|
|C_54_1_val                         |   in|   32|     ap_none|          C_54_1_val|        scalar|
|C_54_2_val                         |   in|   32|     ap_none|          C_54_2_val|        scalar|
|C_54_3_val                         |   in|   32|     ap_none|          C_54_3_val|        scalar|
|C_54_4_val                         |   in|   32|     ap_none|          C_54_4_val|        scalar|
|C_54_5_val                         |   in|   32|     ap_none|          C_54_5_val|        scalar|
|C_54_6_val                         |   in|   32|     ap_none|          C_54_6_val|        scalar|
|C_54_7_val                         |   in|   32|     ap_none|          C_54_7_val|        scalar|
|C_55_0_val                         |   in|   32|     ap_none|          C_55_0_val|        scalar|
|C_55_1_val                         |   in|   32|     ap_none|          C_55_1_val|        scalar|
|C_55_2_val                         |   in|   32|     ap_none|          C_55_2_val|        scalar|
|C_55_3_val                         |   in|   32|     ap_none|          C_55_3_val|        scalar|
|C_55_4_val                         |   in|   32|     ap_none|          C_55_4_val|        scalar|
|C_55_5_val                         |   in|   32|     ap_none|          C_55_5_val|        scalar|
|C_55_6_val                         |   in|   32|     ap_none|          C_55_6_val|        scalar|
|C_55_7_val                         |   in|   32|     ap_none|          C_55_7_val|        scalar|
|C_56_0_val                         |   in|   32|     ap_none|          C_56_0_val|        scalar|
|C_56_1_val                         |   in|   32|     ap_none|          C_56_1_val|        scalar|
|C_56_2_val                         |   in|   32|     ap_none|          C_56_2_val|        scalar|
|C_56_3_val                         |   in|   32|     ap_none|          C_56_3_val|        scalar|
|C_56_4_val                         |   in|   32|     ap_none|          C_56_4_val|        scalar|
|C_56_5_val                         |   in|   32|     ap_none|          C_56_5_val|        scalar|
|C_56_6_val                         |   in|   32|     ap_none|          C_56_6_val|        scalar|
|C_56_7_val                         |   in|   32|     ap_none|          C_56_7_val|        scalar|
|C_57_0_val                         |   in|   32|     ap_none|          C_57_0_val|        scalar|
|C_57_1_val                         |   in|   32|     ap_none|          C_57_1_val|        scalar|
|C_57_2_val                         |   in|   32|     ap_none|          C_57_2_val|        scalar|
|C_57_3_val                         |   in|   32|     ap_none|          C_57_3_val|        scalar|
|C_57_4_val                         |   in|   32|     ap_none|          C_57_4_val|        scalar|
|C_57_5_val                         |   in|   32|     ap_none|          C_57_5_val|        scalar|
|C_57_6_val                         |   in|   32|     ap_none|          C_57_6_val|        scalar|
|C_57_7_val                         |   in|   32|     ap_none|          C_57_7_val|        scalar|
|C_58_0_val                         |   in|   32|     ap_none|          C_58_0_val|        scalar|
|C_58_1_val                         |   in|   32|     ap_none|          C_58_1_val|        scalar|
|C_58_2_val                         |   in|   32|     ap_none|          C_58_2_val|        scalar|
|C_58_3_val                         |   in|   32|     ap_none|          C_58_3_val|        scalar|
|C_58_4_val                         |   in|   32|     ap_none|          C_58_4_val|        scalar|
|C_58_5_val                         |   in|   32|     ap_none|          C_58_5_val|        scalar|
|C_58_6_val                         |   in|   32|     ap_none|          C_58_6_val|        scalar|
|C_58_7_val                         |   in|   32|     ap_none|          C_58_7_val|        scalar|
|C_59_0_val                         |   in|   32|     ap_none|          C_59_0_val|        scalar|
|C_59_1_val                         |   in|   32|     ap_none|          C_59_1_val|        scalar|
|C_59_2_val                         |   in|   32|     ap_none|          C_59_2_val|        scalar|
|C_59_3_val                         |   in|   32|     ap_none|          C_59_3_val|        scalar|
|C_59_4_val                         |   in|   32|     ap_none|          C_59_4_val|        scalar|
|C_59_5_val                         |   in|   32|     ap_none|          C_59_5_val|        scalar|
|C_59_6_val                         |   in|   32|     ap_none|          C_59_6_val|        scalar|
|C_59_7_val                         |   in|   32|     ap_none|          C_59_7_val|        scalar|
+-----------------------------------+-----+-----+------------+--------------------+--------------+

