

================================================================
== Vitis HLS Report for 'kernel_nlp_slr0'
================================================================
* Date:           Thu Dec  5 15:27:26 2024

* Version:        2023.2 (Build 4023990 on Oct 11 2023)
* Project:        kernel_nlp_slr0
* Solution:       solution (Vitis Kernel Flow Target)
* Product family: virtexuplusHBM
* Target device:  xcu55c-fsvh2892-2L-e


================================================================
== Performance Estimates
================================================================
+ Timing: 
    * Summary: 
    +--------+---------+----------+------------+
    |  Clock |  Target | Estimated| Uncertainty|
    +--------+---------+----------+------------+
    |ap_clk  |  4.55 ns|  3.318 ns|     1.23 ns|
    +--------+---------+----------+------------+

+ Latency: 
    * Summary: 
    +---------+---------+-----------+----------+-------+-------+----------+
    |  Latency (cycles) |  Latency (absolute)  |    Interval   | Pipeline |
    |   min   |   max   |    min    |    max   |  min  |  max  |   Type   |
    +---------+---------+-----------+----------+-------+-------+----------+
    |    19494|    22516|  88.600 us|  0.102 ms|  19424|  22446|  dataflow|
    +---------+---------+-----------+----------+-------+-------+----------+

    + Detail: 
        * Instance: 
        +-----------------------+--------------------+---------+---------+-----------+-----------+-------+-------+---------+
        |                       |                    |  Latency (cycles) |   Latency (absolute)  |    Interval   | Pipeline|
        |        Instance       |       Module       |   min   |   max   |    min    |    max    |  min  |  max  |   Type  |
        +-----------------------+--------------------+---------+---------+-----------+-----------+-------+-------+---------+
        |load_vA_for_task1_U0   |load_vA_for_task1   |     3074|     3074|  13.971 us|  13.971 us|   3074|   3074|       no|
        |load_vB_for_task1_U0   |load_vB_for_task1   |     3434|     3434|  15.608 us|  15.608 us|   3434|   3434|       no|
        |load_vC_for_task0_U0   |load_vC_for_task0   |     2875|     2875|  13.067 us|  13.067 us|   2875|   2875|       no|
        |entry_proc8_U0         |entry_proc8         |        0|        0|       0 ns|       0 ns|      0|      0|       no|
        |FT0_level0_U0          |FT0_level0          |    19423|    22445|  88.278 us|   0.102 ms|  19423|  22445|       no|
        |store_vC_for_task0_U0  |store_vC_for_task0  |     2872|     2872|  13.053 us|  13.053 us|   2872|   2872|       no|
        +-----------------------+--------------------+---------+---------+-----------+-----------+-------+-------+---------+

        * Loop: 
        N/A



================================================================
== Utilization Estimates
================================================================
* Summary: 
+---------------------+---------+------+---------+---------+-----+
|         Name        | BRAM_18K|  DSP |    FF   |   LUT   | URAM|
+---------------------+---------+------+---------+---------+-----+
|DSP                  |        -|     -|        -|        -|    -|
|Expression           |        -|     -|        0|       20|    -|
|FIFO                 |       60|     -|     4239|     2322|    -|
|Instance             |      666|  4814|   864262|   586150|    0|
|Memory               |        -|     -|        -|        -|    -|
|Multiplexer          |        -|     -|        -|       36|    -|
|Register             |        -|     -|        7|        -|    -|
+---------------------+---------+------+---------+---------+-----+
|Total                |      726|  4814|   868508|   588528|    0|
+---------------------+---------+------+---------+---------+-----+
|Available SLR        |     1344|  3008|   869120|   434560|  320|
+---------------------+---------+------+---------+---------+-----+
|Utilization SLR (%)  |       54|   160|       99|      135|    0|
+---------------------+---------+------+---------+---------+-----+
|Available            |     4032|  9024|  2607360|  1303680|  960|
+---------------------+---------+------+---------+---------+-----+
|Utilization (%)      |       18|    53|       33|       45|    0|
+---------------------+---------+------+---------+---------+-----+

+ Detail: 
    * Instance: 
    +-----------------------------+---------------------------+---------+------+--------+--------+-----+
    |           Instance          |           Module          | BRAM_18K|  DSP |   FF   |   LUT  | URAM|
    +-----------------------------+---------------------------+---------+------+--------+--------+-----+
    |FT0_level0_U0                |FT0_level0                 |      576|  4814|  850316|  576378|    0|
    |control_s_axi_U              |control_s_axi              |        0|     0|     322|     552|    0|
    |entry_proc8_U0               |entry_proc8                |        0|     0|       3|      38|    0|
    |kernel_vA_for_task1_m_axi_U  |kernel_vA_for_task1_m_axi  |       30|     0|    3521|    2695|    0|
    |kernel_vB_for_task1_m_axi_U  |kernel_vB_for_task1_m_axi  |       30|     0|    3521|    2695|    0|
    |kernel_vC_for_task0_m_axi_U  |kernel_vC_for_task0_m_axi  |       30|     0|    3521|    2695|    0|
    |load_vA_for_task1_U0         |load_vA_for_task1          |        0|     0|     801|     149|    0|
    |load_vB_for_task1_U0         |load_vB_for_task1          |        0|     0|     801|     149|    0|
    |load_vC_for_task0_U0         |load_vC_for_task0          |        0|     0|     663|     613|    0|
    |store_vC_for_task0_U0        |store_vC_for_task0         |        0|     0|     793|     186|    0|
    +-----------------------------+---------------------------+---------+------+--------+--------+-----+
    |Total                        |                           |      666|  4814|  864262|  586150|    0|
    +-----------------------------+---------------------------+---------+------+--------+--------+-----+

    * DSP: 
    N/A

    * Memory: 
    N/A

    * FIFO: 
    +------------------------------+---------+------+----+-----+------+-----+---------+
    |             Name             | BRAM_18K|  FF  | LUT| URAM| Depth| Bits| Size:D*B|
    +------------------------------+---------+------+----+-----+------+-----+---------+
    |alpha_c_U                     |        0|     5|   0|    -|     3|   32|       96|
    |beta_c_U                      |        0|     5|   0|    -|     3|   32|       96|
    |fifo_A_from_off_chip_to_S1_U  |       15|  1056|   0|    -|  1024|  512|   524288|
    |fifo_B_from_off_chip_to_S1_U  |       15|  1056|   0|    -|  1024|  512|   524288|
    |fifo_C_from_off_chip_to_S0_U  |       15|  1056|   0|    -|  1024|  512|   524288|
    |fifo_C_to_off_chip_U          |       15|  1056|   0|    -|  1024|  512|   524288|
    |vC_for_task0_c_U              |        0|     5|   0|    -|     3|   64|      192|
    +------------------------------+---------+------+----+-----+------+-----+---------+
    |Total                         |       60|  4239|   0|    0|  4105| 2176|  2097536|
    +------------------------------+---------+------+----+-----+------+-----+---------+

    * Expression: 
    +---------------------------------------+----------+----+---+----+------------+------------+
    |             Variable Name             | Operation| DSP| FF| LUT| Bitwidth P0| Bitwidth P1|
    +---------------------------------------+----------+----+---+----+------------+------------+
    |ap_idle                                |       and|   0|  0|   2|           1|           1|
    |ap_sync_ready                          |       and|   0|  0|   2|           1|           1|
    |entry_proc8_U0_ap_start                |       and|   0|  0|   2|           1|           1|
    |load_vA_for_task1_U0_ap_start          |       and|   0|  0|   2|           1|           1|
    |load_vB_for_task1_U0_ap_start          |       and|   0|  0|   2|           1|           1|
    |load_vC_for_task0_U0_ap_start          |       and|   0|  0|   2|           1|           1|
    |ap_sync_entry_proc8_U0_ap_ready        |        or|   0|  0|   2|           1|           1|
    |ap_sync_load_vA_for_task1_U0_ap_ready  |        or|   0|  0|   2|           1|           1|
    |ap_sync_load_vB_for_task1_U0_ap_ready  |        or|   0|  0|   2|           1|           1|
    |ap_sync_load_vC_for_task0_U0_ap_ready  |        or|   0|  0|   2|           1|           1|
    +---------------------------------------+----------+----+---+----+------------+------------+
    |Total                                  |          |   0|  0|  20|          10|          10|
    +---------------------------------------+----------+----+---+----+------------+------------+

    * Multiplexer: 
    +-------------------------------------------+----+-----------+-----+-----------+
    |                    Name                   | LUT| Input Size| Bits| Total Bits|
    +-------------------------------------------+----+-----------+-----+-----------+
    |ap_sync_reg_entry_proc8_U0_ap_ready        |   9|          2|    1|          2|
    |ap_sync_reg_load_vA_for_task1_U0_ap_ready  |   9|          2|    1|          2|
    |ap_sync_reg_load_vB_for_task1_U0_ap_ready  |   9|          2|    1|          2|
    |ap_sync_reg_load_vC_for_task0_U0_ap_ready  |   9|          2|    1|          2|
    +-------------------------------------------+----+-----------+-----+-----------+
    |Total                                      |  36|          8|    4|          8|
    +-------------------------------------------+----+-----------+-----+-----------+

    * Register: 
    +-------------------------------------------+---+----+-----+-----------+
    |                    Name                   | FF| LUT| Bits| Const Bits|
    +-------------------------------------------+---+----+-----+-----------+
    |ap_rst_n_inv                               |  1|   0|    1|          0|
    |ap_rst_reg_1                               |  1|   0|    1|          0|
    |ap_rst_reg_2                               |  1|   0|    1|          0|
    |ap_sync_reg_entry_proc8_U0_ap_ready        |  1|   0|    1|          0|
    |ap_sync_reg_load_vA_for_task1_U0_ap_ready  |  1|   0|    1|          0|
    |ap_sync_reg_load_vB_for_task1_U0_ap_ready  |  1|   0|    1|          0|
    |ap_sync_reg_load_vC_for_task0_U0_ap_ready  |  1|   0|    1|          0|
    +-------------------------------------------+---+----+-----+-----------+
    |Total                                      |  7|   0|    7|          0|
    +-------------------------------------------+---+----+-----+-----------+



================================================================
== Interface
================================================================
* Summary: 
+------------------------------------+-----+-----+---------------+---------------------+--------------+
|              RTL Ports             | Dir | Bits|    Protocol   |    Source Object    |    C Type    |
+------------------------------------+-----+-----+---------------+---------------------+--------------+
|s_axi_control_AWVALID               |   in|    1|          s_axi|              control|        scalar|
|s_axi_control_AWREADY               |  out|    1|          s_axi|              control|        scalar|
|s_axi_control_AWADDR                |   in|    7|          s_axi|              control|        scalar|
|s_axi_control_WVALID                |   in|    1|          s_axi|              control|        scalar|
|s_axi_control_WREADY                |  out|    1|          s_axi|              control|        scalar|
|s_axi_control_WDATA                 |   in|   32|          s_axi|              control|        scalar|
|s_axi_control_WSTRB                 |   in|    4|          s_axi|              control|        scalar|
|s_axi_control_ARVALID               |   in|    1|          s_axi|              control|        scalar|
|s_axi_control_ARREADY               |  out|    1|          s_axi|              control|        scalar|
|s_axi_control_ARADDR                |   in|    7|          s_axi|              control|        scalar|
|s_axi_control_RVALID                |  out|    1|          s_axi|              control|        scalar|
|s_axi_control_RREADY                |   in|    1|          s_axi|              control|        scalar|
|s_axi_control_RDATA                 |  out|   32|          s_axi|              control|        scalar|
|s_axi_control_RRESP                 |  out|    2|          s_axi|              control|        scalar|
|s_axi_control_BVALID                |  out|    1|          s_axi|              control|        scalar|
|s_axi_control_BREADY                |   in|    1|          s_axi|              control|        scalar|
|s_axi_control_BRESP                 |  out|    2|          s_axi|              control|        scalar|
|ap_clk                              |   in|    1|  ap_ctrl_chain|      kernel_nlp_slr0|  return value|
|ap_rst_n                            |   in|    1|  ap_ctrl_chain|      kernel_nlp_slr0|  return value|
|interrupt                           |  out|    1|  ap_ctrl_chain|      kernel_nlp_slr0|  return value|
|m_axi_kernel_vA_for_task1_AWVALID   |  out|    1|          m_axi|  kernel_vA_for_task1|       pointer|
|m_axi_kernel_vA_for_task1_AWREADY   |   in|    1|          m_axi|  kernel_vA_for_task1|       pointer|
|m_axi_kernel_vA_for_task1_AWADDR    |  out|   64|          m_axi|  kernel_vA_for_task1|       pointer|
|m_axi_kernel_vA_for_task1_AWID      |  out|    1|          m_axi|  kernel_vA_for_task1|       pointer|
|m_axi_kernel_vA_for_task1_AWLEN     |  out|    8|          m_axi|  kernel_vA_for_task1|       pointer|
|m_axi_kernel_vA_for_task1_AWSIZE    |  out|    3|          m_axi|  kernel_vA_for_task1|       pointer|
|m_axi_kernel_vA_for_task1_AWBURST   |  out|    2|          m_axi|  kernel_vA_for_task1|       pointer|
|m_axi_kernel_vA_for_task1_AWLOCK    |  out|    2|          m_axi|  kernel_vA_for_task1|       pointer|
|m_axi_kernel_vA_for_task1_AWCACHE   |  out|    4|          m_axi|  kernel_vA_for_task1|       pointer|
|m_axi_kernel_vA_for_task1_AWPROT    |  out|    3|          m_axi|  kernel_vA_for_task1|       pointer|
|m_axi_kernel_vA_for_task1_AWQOS     |  out|    4|          m_axi|  kernel_vA_for_task1|       pointer|
|m_axi_kernel_vA_for_task1_AWREGION  |  out|    4|          m_axi|  kernel_vA_for_task1|       pointer|
|m_axi_kernel_vA_for_task1_AWUSER    |  out|    1|          m_axi|  kernel_vA_for_task1|       pointer|
|m_axi_kernel_vA_for_task1_WVALID    |  out|    1|          m_axi|  kernel_vA_for_task1|       pointer|
|m_axi_kernel_vA_for_task1_WREADY    |   in|    1|          m_axi|  kernel_vA_for_task1|       pointer|
|m_axi_kernel_vA_for_task1_WDATA     |  out|  512|          m_axi|  kernel_vA_for_task1|       pointer|
|m_axi_kernel_vA_for_task1_WSTRB     |  out|   64|          m_axi|  kernel_vA_for_task1|       pointer|
|m_axi_kernel_vA_for_task1_WLAST     |  out|    1|          m_axi|  kernel_vA_for_task1|       pointer|
|m_axi_kernel_vA_for_task1_WID       |  out|    1|          m_axi|  kernel_vA_for_task1|       pointer|
|m_axi_kernel_vA_for_task1_WUSER     |  out|    1|          m_axi|  kernel_vA_for_task1|       pointer|
|m_axi_kernel_vA_for_task1_ARVALID   |  out|    1|          m_axi|  kernel_vA_for_task1|       pointer|
|m_axi_kernel_vA_for_task1_ARREADY   |   in|    1|          m_axi|  kernel_vA_for_task1|       pointer|
|m_axi_kernel_vA_for_task1_ARADDR    |  out|   64|          m_axi|  kernel_vA_for_task1|       pointer|
|m_axi_kernel_vA_for_task1_ARID      |  out|    1|          m_axi|  kernel_vA_for_task1|       pointer|
|m_axi_kernel_vA_for_task1_ARLEN     |  out|    8|          m_axi|  kernel_vA_for_task1|       pointer|
|m_axi_kernel_vA_for_task1_ARSIZE    |  out|    3|          m_axi|  kernel_vA_for_task1|       pointer|
|m_axi_kernel_vA_for_task1_ARBURST   |  out|    2|          m_axi|  kernel_vA_for_task1|       pointer|
|m_axi_kernel_vA_for_task1_ARLOCK    |  out|    2|          m_axi|  kernel_vA_for_task1|       pointer|
|m_axi_kernel_vA_for_task1_ARCACHE   |  out|    4|          m_axi|  kernel_vA_for_task1|       pointer|
|m_axi_kernel_vA_for_task1_ARPROT    |  out|    3|          m_axi|  kernel_vA_for_task1|       pointer|
|m_axi_kernel_vA_for_task1_ARQOS     |  out|    4|          m_axi|  kernel_vA_for_task1|       pointer|
|m_axi_kernel_vA_for_task1_ARREGION  |  out|    4|          m_axi|  kernel_vA_for_task1|       pointer|
|m_axi_kernel_vA_for_task1_ARUSER    |  out|    1|          m_axi|  kernel_vA_for_task1|       pointer|
|m_axi_kernel_vA_for_task1_RVALID    |   in|    1|          m_axi|  kernel_vA_for_task1|       pointer|
|m_axi_kernel_vA_for_task1_RREADY    |  out|    1|          m_axi|  kernel_vA_for_task1|       pointer|
|m_axi_kernel_vA_for_task1_RDATA     |   in|  512|          m_axi|  kernel_vA_for_task1|       pointer|
|m_axi_kernel_vA_for_task1_RLAST     |   in|    1|          m_axi|  kernel_vA_for_task1|       pointer|
|m_axi_kernel_vA_for_task1_RID       |   in|    1|          m_axi|  kernel_vA_for_task1|       pointer|
|m_axi_kernel_vA_for_task1_RUSER     |   in|    1|          m_axi|  kernel_vA_for_task1|       pointer|
|m_axi_kernel_vA_for_task1_RRESP     |   in|    2|          m_axi|  kernel_vA_for_task1|       pointer|
|m_axi_kernel_vA_for_task1_BVALID    |   in|    1|          m_axi|  kernel_vA_for_task1|       pointer|
|m_axi_kernel_vA_for_task1_BREADY    |  out|    1|          m_axi|  kernel_vA_for_task1|       pointer|
|m_axi_kernel_vA_for_task1_BRESP     |   in|    2|          m_axi|  kernel_vA_for_task1|       pointer|
|m_axi_kernel_vA_for_task1_BID       |   in|    1|          m_axi|  kernel_vA_for_task1|       pointer|
|m_axi_kernel_vA_for_task1_BUSER     |   in|    1|          m_axi|  kernel_vA_for_task1|       pointer|
|m_axi_kernel_vB_for_task1_AWVALID   |  out|    1|          m_axi|  kernel_vB_for_task1|       pointer|
|m_axi_kernel_vB_for_task1_AWREADY   |   in|    1|          m_axi|  kernel_vB_for_task1|       pointer|
|m_axi_kernel_vB_for_task1_AWADDR    |  out|   64|          m_axi|  kernel_vB_for_task1|       pointer|
|m_axi_kernel_vB_for_task1_AWID      |  out|    1|          m_axi|  kernel_vB_for_task1|       pointer|
|m_axi_kernel_vB_for_task1_AWLEN     |  out|    8|          m_axi|  kernel_vB_for_task1|       pointer|
|m_axi_kernel_vB_for_task1_AWSIZE    |  out|    3|          m_axi|  kernel_vB_for_task1|       pointer|
|m_axi_kernel_vB_for_task1_AWBURST   |  out|    2|          m_axi|  kernel_vB_for_task1|       pointer|
|m_axi_kernel_vB_for_task1_AWLOCK    |  out|    2|          m_axi|  kernel_vB_for_task1|       pointer|
|m_axi_kernel_vB_for_task1_AWCACHE   |  out|    4|          m_axi|  kernel_vB_for_task1|       pointer|
|m_axi_kernel_vB_for_task1_AWPROT    |  out|    3|          m_axi|  kernel_vB_for_task1|       pointer|
|m_axi_kernel_vB_for_task1_AWQOS     |  out|    4|          m_axi|  kernel_vB_for_task1|       pointer|
|m_axi_kernel_vB_for_task1_AWREGION  |  out|    4|          m_axi|  kernel_vB_for_task1|       pointer|
|m_axi_kernel_vB_for_task1_AWUSER    |  out|    1|          m_axi|  kernel_vB_for_task1|       pointer|
|m_axi_kernel_vB_for_task1_WVALID    |  out|    1|          m_axi|  kernel_vB_for_task1|       pointer|
|m_axi_kernel_vB_for_task1_WREADY    |   in|    1|          m_axi|  kernel_vB_for_task1|       pointer|
|m_axi_kernel_vB_for_task1_WDATA     |  out|  512|          m_axi|  kernel_vB_for_task1|       pointer|
|m_axi_kernel_vB_for_task1_WSTRB     |  out|   64|          m_axi|  kernel_vB_for_task1|       pointer|
|m_axi_kernel_vB_for_task1_WLAST     |  out|    1|          m_axi|  kernel_vB_for_task1|       pointer|
|m_axi_kernel_vB_for_task1_WID       |  out|    1|          m_axi|  kernel_vB_for_task1|       pointer|
|m_axi_kernel_vB_for_task1_WUSER     |  out|    1|          m_axi|  kernel_vB_for_task1|       pointer|
|m_axi_kernel_vB_for_task1_ARVALID   |  out|    1|          m_axi|  kernel_vB_for_task1|       pointer|
|m_axi_kernel_vB_for_task1_ARREADY   |   in|    1|          m_axi|  kernel_vB_for_task1|       pointer|
|m_axi_kernel_vB_for_task1_ARADDR    |  out|   64|          m_axi|  kernel_vB_for_task1|       pointer|
|m_axi_kernel_vB_for_task1_ARID      |  out|    1|          m_axi|  kernel_vB_for_task1|       pointer|
|m_axi_kernel_vB_for_task1_ARLEN     |  out|    8|          m_axi|  kernel_vB_for_task1|       pointer|
|m_axi_kernel_vB_for_task1_ARSIZE    |  out|    3|          m_axi|  kernel_vB_for_task1|       pointer|
|m_axi_kernel_vB_for_task1_ARBURST   |  out|    2|          m_axi|  kernel_vB_for_task1|       pointer|
|m_axi_kernel_vB_for_task1_ARLOCK    |  out|    2|          m_axi|  kernel_vB_for_task1|       pointer|
|m_axi_kernel_vB_for_task1_ARCACHE   |  out|    4|          m_axi|  kernel_vB_for_task1|       pointer|
|m_axi_kernel_vB_for_task1_ARPROT    |  out|    3|          m_axi|  kernel_vB_for_task1|       pointer|
|m_axi_kernel_vB_for_task1_ARQOS     |  out|    4|          m_axi|  kernel_vB_for_task1|       pointer|
|m_axi_kernel_vB_for_task1_ARREGION  |  out|    4|          m_axi|  kernel_vB_for_task1|       pointer|
|m_axi_kernel_vB_for_task1_ARUSER    |  out|    1|          m_axi|  kernel_vB_for_task1|       pointer|
|m_axi_kernel_vB_for_task1_RVALID    |   in|    1|          m_axi|  kernel_vB_for_task1|       pointer|
|m_axi_kernel_vB_for_task1_RREADY    |  out|    1|          m_axi|  kernel_vB_for_task1|       pointer|
|m_axi_kernel_vB_for_task1_RDATA     |   in|  512|          m_axi|  kernel_vB_for_task1|       pointer|
|m_axi_kernel_vB_for_task1_RLAST     |   in|    1|          m_axi|  kernel_vB_for_task1|       pointer|
|m_axi_kernel_vB_for_task1_RID       |   in|    1|          m_axi|  kernel_vB_for_task1|       pointer|
|m_axi_kernel_vB_for_task1_RUSER     |   in|    1|          m_axi|  kernel_vB_for_task1|       pointer|
|m_axi_kernel_vB_for_task1_RRESP     |   in|    2|          m_axi|  kernel_vB_for_task1|       pointer|
|m_axi_kernel_vB_for_task1_BVALID    |   in|    1|          m_axi|  kernel_vB_for_task1|       pointer|
|m_axi_kernel_vB_for_task1_BREADY    |  out|    1|          m_axi|  kernel_vB_for_task1|       pointer|
|m_axi_kernel_vB_for_task1_BRESP     |   in|    2|          m_axi|  kernel_vB_for_task1|       pointer|
|m_axi_kernel_vB_for_task1_BID       |   in|    1|          m_axi|  kernel_vB_for_task1|       pointer|
|m_axi_kernel_vB_for_task1_BUSER     |   in|    1|          m_axi|  kernel_vB_for_task1|       pointer|
|m_axi_kernel_vC_for_task0_AWVALID   |  out|    1|          m_axi|  kernel_vC_for_task0|       pointer|
|m_axi_kernel_vC_for_task0_AWREADY   |   in|    1|          m_axi|  kernel_vC_for_task0|       pointer|
|m_axi_kernel_vC_for_task0_AWADDR    |  out|   64|          m_axi|  kernel_vC_for_task0|       pointer|
|m_axi_kernel_vC_for_task0_AWID      |  out|    1|          m_axi|  kernel_vC_for_task0|       pointer|
|m_axi_kernel_vC_for_task0_AWLEN     |  out|    8|          m_axi|  kernel_vC_for_task0|       pointer|
|m_axi_kernel_vC_for_task0_AWSIZE    |  out|    3|          m_axi|  kernel_vC_for_task0|       pointer|
|m_axi_kernel_vC_for_task0_AWBURST   |  out|    2|          m_axi|  kernel_vC_for_task0|       pointer|
|m_axi_kernel_vC_for_task0_AWLOCK    |  out|    2|          m_axi|  kernel_vC_for_task0|       pointer|
|m_axi_kernel_vC_for_task0_AWCACHE   |  out|    4|          m_axi|  kernel_vC_for_task0|       pointer|
|m_axi_kernel_vC_for_task0_AWPROT    |  out|    3|          m_axi|  kernel_vC_for_task0|       pointer|
|m_axi_kernel_vC_for_task0_AWQOS     |  out|    4|          m_axi|  kernel_vC_for_task0|       pointer|
|m_axi_kernel_vC_for_task0_AWREGION  |  out|    4|          m_axi|  kernel_vC_for_task0|       pointer|
|m_axi_kernel_vC_for_task0_AWUSER    |  out|    1|          m_axi|  kernel_vC_for_task0|       pointer|
|m_axi_kernel_vC_for_task0_WVALID    |  out|    1|          m_axi|  kernel_vC_for_task0|       pointer|
|m_axi_kernel_vC_for_task0_WREADY    |   in|    1|          m_axi|  kernel_vC_for_task0|       pointer|
|m_axi_kernel_vC_for_task0_WDATA     |  out|  512|          m_axi|  kernel_vC_for_task0|       pointer|
|m_axi_kernel_vC_for_task0_WSTRB     |  out|   64|          m_axi|  kernel_vC_for_task0|       pointer|
|m_axi_kernel_vC_for_task0_WLAST     |  out|    1|          m_axi|  kernel_vC_for_task0|       pointer|
|m_axi_kernel_vC_for_task0_WID       |  out|    1|          m_axi|  kernel_vC_for_task0|       pointer|
|m_axi_kernel_vC_for_task0_WUSER     |  out|    1|          m_axi|  kernel_vC_for_task0|       pointer|
|m_axi_kernel_vC_for_task0_ARVALID   |  out|    1|          m_axi|  kernel_vC_for_task0|       pointer|
|m_axi_kernel_vC_for_task0_ARREADY   |   in|    1|          m_axi|  kernel_vC_for_task0|       pointer|
|m_axi_kernel_vC_for_task0_ARADDR    |  out|   64|          m_axi|  kernel_vC_for_task0|       pointer|
|m_axi_kernel_vC_for_task0_ARID      |  out|    1|          m_axi|  kernel_vC_for_task0|       pointer|
|m_axi_kernel_vC_for_task0_ARLEN     |  out|    8|          m_axi|  kernel_vC_for_task0|       pointer|
|m_axi_kernel_vC_for_task0_ARSIZE    |  out|    3|          m_axi|  kernel_vC_for_task0|       pointer|
|m_axi_kernel_vC_for_task0_ARBURST   |  out|    2|          m_axi|  kernel_vC_for_task0|       pointer|
|m_axi_kernel_vC_for_task0_ARLOCK    |  out|    2|          m_axi|  kernel_vC_for_task0|       pointer|
|m_axi_kernel_vC_for_task0_ARCACHE   |  out|    4|          m_axi|  kernel_vC_for_task0|       pointer|
|m_axi_kernel_vC_for_task0_ARPROT    |  out|    3|          m_axi|  kernel_vC_for_task0|       pointer|
|m_axi_kernel_vC_for_task0_ARQOS     |  out|    4|          m_axi|  kernel_vC_for_task0|       pointer|
|m_axi_kernel_vC_for_task0_ARREGION  |  out|    4|          m_axi|  kernel_vC_for_task0|       pointer|
|m_axi_kernel_vC_for_task0_ARUSER    |  out|    1|          m_axi|  kernel_vC_for_task0|       pointer|
|m_axi_kernel_vC_for_task0_RVALID    |   in|    1|          m_axi|  kernel_vC_for_task0|       pointer|
|m_axi_kernel_vC_for_task0_RREADY    |  out|    1|          m_axi|  kernel_vC_for_task0|       pointer|
|m_axi_kernel_vC_for_task0_RDATA     |   in|  512|          m_axi|  kernel_vC_for_task0|       pointer|
|m_axi_kernel_vC_for_task0_RLAST     |   in|    1|          m_axi|  kernel_vC_for_task0|       pointer|
|m_axi_kernel_vC_for_task0_RID       |   in|    1|          m_axi|  kernel_vC_for_task0|       pointer|
|m_axi_kernel_vC_for_task0_RUSER     |   in|    1|          m_axi|  kernel_vC_for_task0|       pointer|
|m_axi_kernel_vC_for_task0_RRESP     |   in|    2|          m_axi|  kernel_vC_for_task0|       pointer|
|m_axi_kernel_vC_for_task0_BVALID    |   in|    1|          m_axi|  kernel_vC_for_task0|       pointer|
|m_axi_kernel_vC_for_task0_BREADY    |  out|    1|          m_axi|  kernel_vC_for_task0|       pointer|
|m_axi_kernel_vC_for_task0_BRESP     |   in|    2|          m_axi|  kernel_vC_for_task0|       pointer|
|m_axi_kernel_vC_for_task0_BID       |   in|    1|          m_axi|  kernel_vC_for_task0|       pointer|
|m_axi_kernel_vC_for_task0_BUSER     |   in|    1|          m_axi|  kernel_vC_for_task0|       pointer|
+------------------------------------+-----+-----+---------------+---------------------+--------------+

