

================================================================
== Vitis HLS Report for 'load_vC_for_task0'
================================================================
* Date:           Thu Dec  5 15:26:12 2024

* Version:        2023.2 (Build 4023990 on Oct 11 2023)
* Project:        kernel_nlp_slr0
* Solution:       solution (Vitis Kernel Flow Target)
* Product family: virtexuplusHBM
* Target device:  xcu55c-fsvh2892-2L-e


================================================================
== Performance Estimates
================================================================
+ Timing: 
    * Summary: 
    +--------+---------+----------+------------+
    |  Clock |  Target | Estimated| Uncertainty|
    +--------+---------+----------+------------+
    |ap_clk  |  4.55 ns|  3.318 ns|     1.23 ns|
    +--------+---------+----------+------------+

+ Latency: 
    * Summary: 
    +---------+---------+-----------+-----------+------+------+---------+
    |  Latency (cycles) |   Latency (absolute)  |   Interval  | Pipeline|
    |   min   |   max   |    min    |    max    |  min |  max |   Type  |
    +---------+---------+-----------+-----------+------+------+---------+
    |     2875|     2875|  13.067 us|  13.067 us|  2875|  2875|       no|
    +---------+---------+-----------+-----------+------+------+---------+

    + Detail: 
        * Instance: 
        +------------------------------------------------------+--------------------------------------------+---------+---------+-----------+-----------+------+------+---------+
        |                                                      |                                            |  Latency (cycles) |   Latency (absolute)  |   Interval  | Pipeline|
        |                       Instance                       |                   Module                   |   min   |   max   |    min    |    max    |  min |  max |   Type  |
        +------------------------------------------------------+--------------------------------------------+---------+---------+-----------+-----------+------+------+---------+
        |grp_load_vC_for_task0_Pipeline_VITIS_LOOP_82_1_fu_75  |load_vC_for_task0_Pipeline_VITIS_LOOP_82_1  |     2803|     2803|  12.740 us|  12.740 us|  2803|  2803|       no|
        +------------------------------------------------------+--------------------------------------------+---------+---------+-----------+-----------+------+------+---------+

        * Loop: 
        N/A



================================================================
== Utilization Estimates
================================================================
* Summary: 
+---------------------+---------+------+---------+---------+-----+
|         Name        | BRAM_18K|  DSP |    FF   |   LUT   | URAM|
+---------------------+---------+------+---------+---------+-----+
|DSP                  |        -|     -|        -|        -|    -|
|Expression           |        -|     -|        0|        2|    -|
|FIFO                 |        -|     -|        -|        -|    -|
|Instance             |        -|     -|      529|       96|    -|
|Memory               |        -|     -|        -|        -|    -|
|Multiplexer          |        -|     -|        -|      515|    -|
|Register             |        -|     -|      134|        -|    -|
+---------------------+---------+------+---------+---------+-----+
|Total                |        0|     0|      663|      613|    0|
+---------------------+---------+------+---------+---------+-----+
|Available SLR        |     1344|  3008|   869120|   434560|  320|
+---------------------+---------+------+---------+---------+-----+
|Utilization SLR (%)  |        0|     0|       ~0|       ~0|    0|
+---------------------+---------+------+---------+---------+-----+
|Available            |     4032|  9024|  2607360|  1303680|  960|
+---------------------+---------+------+---------+---------+-----+
|Utilization (%)      |        0|     0|       ~0|       ~0|    0|
+---------------------+---------+------+---------+---------+-----+

+ Detail: 
    * Instance: 
    +------------------------------------------------------+--------------------------------------------+---------+----+-----+----+-----+
    |                       Instance                       |                   Module                   | BRAM_18K| DSP|  FF | LUT| URAM|
    +------------------------------------------------------+--------------------------------------------+---------+----+-----+----+-----+
    |grp_load_vC_for_task0_Pipeline_VITIS_LOOP_82_1_fu_75  |load_vC_for_task0_Pipeline_VITIS_LOOP_82_1  |        0|   0|  529|  96|    0|
    +------------------------------------------------------+--------------------------------------------+---------+----+-----+----+-----+
    |Total                                                 |                                            |        0|   0|  529|  96|    0|
    +------------------------------------------------------+--------------------------------------------+---------+----+-----+----+-----+

    * DSP: 
    N/A

    * Memory: 
    N/A

    * FIFO: 
    N/A

    * Expression: 
    +-----------------+----------+----+---+----+------------+------------+
    |  Variable Name  | Operation| DSP| FF| LUT| Bitwidth P0| Bitwidth P1|
    +-----------------+----------+----+---+----+------------+------------+
    |ap_block_state1  |        or|   0|  0|   2|           1|           1|
    +-----------------+----------+----+---+----+------------+------------+
    |Total            |          |   0|  0|   2|           1|           1|
    +-----------------+----------+----+---+----+------------+------------+

    * Multiplexer: 
    +------------------------------------+-----+-----------+-----+-----------+
    |                Name                | LUT | Input Size| Bits| Total Bits|
    +------------------------------------+-----+-----------+-----+-----------+
    |ap_NS_fsm                           |  338|         74|    1|         74|
    |ap_done                             |    9|          2|    1|          2|
    |fifo_C_from_off_chip_to_S0_write    |    9|          2|    1|          2|
    |kernel_vC_for_task0_blk_n_AR        |    9|          2|    1|          2|
    |m_axi_kernel_vC_for_task0_ARADDR    |   14|          3|   64|        192|
    |m_axi_kernel_vC_for_task0_ARBURST   |    9|          2|    2|          4|
    |m_axi_kernel_vC_for_task0_ARCACHE   |    9|          2|    4|          8|
    |m_axi_kernel_vC_for_task0_ARID      |    9|          2|    1|          2|
    |m_axi_kernel_vC_for_task0_ARLEN     |   14|          3|   32|         96|
    |m_axi_kernel_vC_for_task0_ARLOCK    |    9|          2|    2|          4|
    |m_axi_kernel_vC_for_task0_ARPROT    |    9|          2|    3|          6|
    |m_axi_kernel_vC_for_task0_ARQOS     |    9|          2|    4|          8|
    |m_axi_kernel_vC_for_task0_ARREGION  |    9|          2|    4|          8|
    |m_axi_kernel_vC_for_task0_ARSIZE    |    9|          2|    3|          6|
    |m_axi_kernel_vC_for_task0_ARUSER    |    9|          2|    1|          2|
    |m_axi_kernel_vC_for_task0_ARVALID   |   14|          3|    1|          3|
    |m_axi_kernel_vC_for_task0_RREADY    |    9|          2|    1|          2|
    |real_start                          |    9|          2|    1|          2|
    |vC_for_task0_c_blk_n                |    9|          2|    1|          2|
    +------------------------------------+-----+-----------+-----+-----------+
    |Total                               |  515|        113|  128|        425|
    +------------------------------------+-----+-----------+-----+-----------+

    * Register: 
    +-------------------------------------------------------------------+----+----+-----+-----------+
    |                                Name                               | FF | LUT| Bits| Const Bits|
    +-------------------------------------------------------------------+----+----+-----+-----------+
    |ap_CS_fsm                                                          |  73|   0|   73|          0|
    |ap_done_reg                                                        |   1|   0|    1|          0|
    |grp_load_vC_for_task0_Pipeline_VITIS_LOOP_82_1_fu_75_ap_start_reg  |   1|   0|    1|          0|
    |start_once_reg                                                     |   1|   0|    1|          0|
    |trunc_ln_reg_105                                                   |  58|   0|   58|          0|
    +-------------------------------------------------------------------+----+----+-----+-----------+
    |Total                                                              | 134|   0|  134|          0|
    +-------------------------------------------------------------------+----+----+-----+-----------+



================================================================
== Interface
================================================================
* Summary: 
+-------------------------------------------+-----+-----+------------+----------------------------+--------------+
|                 RTL Ports                 | Dir | Bits|  Protocol  |        Source Object       |    C Type    |
+-------------------------------------------+-----+-----+------------+----------------------------+--------------+
|ap_clk                                     |   in|    1|  ap_ctrl_hs|           load_vC_for_task0|  return value|
|ap_rst                                     |   in|    1|  ap_ctrl_hs|           load_vC_for_task0|  return value|
|ap_start                                   |   in|    1|  ap_ctrl_hs|           load_vC_for_task0|  return value|
|start_full_n                               |   in|    1|  ap_ctrl_hs|           load_vC_for_task0|  return value|
|ap_done                                    |  out|    1|  ap_ctrl_hs|           load_vC_for_task0|  return value|
|ap_continue                                |   in|    1|  ap_ctrl_hs|           load_vC_for_task0|  return value|
|ap_idle                                    |  out|    1|  ap_ctrl_hs|           load_vC_for_task0|  return value|
|ap_ready                                   |  out|    1|  ap_ctrl_hs|           load_vC_for_task0|  return value|
|start_out                                  |  out|    1|  ap_ctrl_hs|           load_vC_for_task0|  return value|
|start_write                                |  out|    1|  ap_ctrl_hs|           load_vC_for_task0|  return value|
|fifo_C_from_off_chip_to_S0_din             |  out|  512|     ap_fifo|  fifo_C_from_off_chip_to_S0|       pointer|
|fifo_C_from_off_chip_to_S0_num_data_valid  |   in|   11|     ap_fifo|  fifo_C_from_off_chip_to_S0|       pointer|
|fifo_C_from_off_chip_to_S0_fifo_cap        |   in|   11|     ap_fifo|  fifo_C_from_off_chip_to_S0|       pointer|
|fifo_C_from_off_chip_to_S0_full_n          |   in|    1|     ap_fifo|  fifo_C_from_off_chip_to_S0|       pointer|
|fifo_C_from_off_chip_to_S0_write           |  out|    1|     ap_fifo|  fifo_C_from_off_chip_to_S0|       pointer|
|m_axi_kernel_vC_for_task0_AWVALID          |  out|    1|       m_axi|         kernel_vC_for_task0|       pointer|
|m_axi_kernel_vC_for_task0_AWREADY          |   in|    1|       m_axi|         kernel_vC_for_task0|       pointer|
|m_axi_kernel_vC_for_task0_AWADDR           |  out|   64|       m_axi|         kernel_vC_for_task0|       pointer|
|m_axi_kernel_vC_for_task0_AWID             |  out|    1|       m_axi|         kernel_vC_for_task0|       pointer|
|m_axi_kernel_vC_for_task0_AWLEN            |  out|   32|       m_axi|         kernel_vC_for_task0|       pointer|
|m_axi_kernel_vC_for_task0_AWSIZE           |  out|    3|       m_axi|         kernel_vC_for_task0|       pointer|
|m_axi_kernel_vC_for_task0_AWBURST          |  out|    2|       m_axi|         kernel_vC_for_task0|       pointer|
|m_axi_kernel_vC_for_task0_AWLOCK           |  out|    2|       m_axi|         kernel_vC_for_task0|       pointer|
|m_axi_kernel_vC_for_task0_AWCACHE          |  out|    4|       m_axi|         kernel_vC_for_task0|       pointer|
|m_axi_kernel_vC_for_task0_AWPROT           |  out|    3|       m_axi|         kernel_vC_for_task0|       pointer|
|m_axi_kernel_vC_for_task0_AWQOS            |  out|    4|       m_axi|         kernel_vC_for_task0|       pointer|
|m_axi_kernel_vC_for_task0_AWREGION         |  out|    4|       m_axi|         kernel_vC_for_task0|       pointer|
|m_axi_kernel_vC_for_task0_AWUSER           |  out|    1|       m_axi|         kernel_vC_for_task0|       pointer|
|m_axi_kernel_vC_for_task0_WVALID           |  out|    1|       m_axi|         kernel_vC_for_task0|       pointer|
|m_axi_kernel_vC_for_task0_WREADY           |   in|    1|       m_axi|         kernel_vC_for_task0|       pointer|
|m_axi_kernel_vC_for_task0_WDATA            |  out|  512|       m_axi|         kernel_vC_for_task0|       pointer|
|m_axi_kernel_vC_for_task0_WSTRB            |  out|   64|       m_axi|         kernel_vC_for_task0|       pointer|
|m_axi_kernel_vC_for_task0_WLAST            |  out|    1|       m_axi|         kernel_vC_for_task0|       pointer|
|m_axi_kernel_vC_for_task0_WID              |  out|    1|       m_axi|         kernel_vC_for_task0|       pointer|
|m_axi_kernel_vC_for_task0_WUSER            |  out|    1|       m_axi|         kernel_vC_for_task0|       pointer|
|m_axi_kernel_vC_for_task0_ARVALID          |  out|    1|       m_axi|         kernel_vC_for_task0|       pointer|
|m_axi_kernel_vC_for_task0_ARREADY          |   in|    1|       m_axi|         kernel_vC_for_task0|       pointer|
|m_axi_kernel_vC_for_task0_ARADDR           |  out|   64|       m_axi|         kernel_vC_for_task0|       pointer|
|m_axi_kernel_vC_for_task0_ARID             |  out|    1|       m_axi|         kernel_vC_for_task0|       pointer|
|m_axi_kernel_vC_for_task0_ARLEN            |  out|   32|       m_axi|         kernel_vC_for_task0|       pointer|
|m_axi_kernel_vC_for_task0_ARSIZE           |  out|    3|       m_axi|         kernel_vC_for_task0|       pointer|
|m_axi_kernel_vC_for_task0_ARBURST          |  out|    2|       m_axi|         kernel_vC_for_task0|       pointer|
|m_axi_kernel_vC_for_task0_ARLOCK           |  out|    2|       m_axi|         kernel_vC_for_task0|       pointer|
|m_axi_kernel_vC_for_task0_ARCACHE          |  out|    4|       m_axi|         kernel_vC_for_task0|       pointer|
|m_axi_kernel_vC_for_task0_ARPROT           |  out|    3|       m_axi|         kernel_vC_for_task0|       pointer|
|m_axi_kernel_vC_for_task0_ARQOS            |  out|    4|       m_axi|         kernel_vC_for_task0|       pointer|
|m_axi_kernel_vC_for_task0_ARREGION         |  out|    4|       m_axi|         kernel_vC_for_task0|       pointer|
|m_axi_kernel_vC_for_task0_ARUSER           |  out|    1|       m_axi|         kernel_vC_for_task0|       pointer|
|m_axi_kernel_vC_for_task0_RVALID           |   in|    1|       m_axi|         kernel_vC_for_task0|       pointer|
|m_axi_kernel_vC_for_task0_RREADY           |  out|    1|       m_axi|         kernel_vC_for_task0|       pointer|
|m_axi_kernel_vC_for_task0_RDATA            |   in|  512|       m_axi|         kernel_vC_for_task0|       pointer|
|m_axi_kernel_vC_for_task0_RLAST            |   in|    1|       m_axi|         kernel_vC_for_task0|       pointer|
|m_axi_kernel_vC_for_task0_RID              |   in|    1|       m_axi|         kernel_vC_for_task0|       pointer|
|m_axi_kernel_vC_for_task0_RFIFONUM         |   in|    9|       m_axi|         kernel_vC_for_task0|       pointer|
|m_axi_kernel_vC_for_task0_RUSER            |   in|    1|       m_axi|         kernel_vC_for_task0|       pointer|
|m_axi_kernel_vC_for_task0_RRESP            |   in|    2|       m_axi|         kernel_vC_for_task0|       pointer|
|m_axi_kernel_vC_for_task0_BVALID           |   in|    1|       m_axi|         kernel_vC_for_task0|       pointer|
|m_axi_kernel_vC_for_task0_BREADY           |  out|    1|       m_axi|         kernel_vC_for_task0|       pointer|
|m_axi_kernel_vC_for_task0_BRESP            |   in|    2|       m_axi|         kernel_vC_for_task0|       pointer|
|m_axi_kernel_vC_for_task0_BID              |   in|    1|       m_axi|         kernel_vC_for_task0|       pointer|
|m_axi_kernel_vC_for_task0_BUSER            |   in|    1|       m_axi|         kernel_vC_for_task0|       pointer|
|vC                                         |   in|   64|     ap_none|                          vC|        scalar|
|vC_for_task0_c_din                         |  out|   64|     ap_fifo|              vC_for_task0_c|       pointer|
|vC_for_task0_c_num_data_valid              |   in|    3|     ap_fifo|              vC_for_task0_c|       pointer|
|vC_for_task0_c_fifo_cap                    |   in|    3|     ap_fifo|              vC_for_task0_c|       pointer|
|vC_for_task0_c_full_n                      |   in|    1|     ap_fifo|              vC_for_task0_c|       pointer|
|vC_for_task0_c_write                       |  out|    1|     ap_fifo|              vC_for_task0_c|       pointer|
+-------------------------------------------+-----+-----+------------+----------------------------+--------------+

