

================================================================
== Vitis HLS Report for 'read_B_FT0_3'
================================================================
* Date:           Thu Dec  5 15:26:15 2024

* Version:        2023.2 (Build 4023990 on Oct 11 2023)
* Project:        kernel_nlp_slr0
* Solution:       solution (Vitis Kernel Flow Target)
* Product family: virtexuplusHBM
* Target device:  xcu55c-fsvh2892-2L-e


================================================================
== Performance Estimates
================================================================
+ Timing: 
    * Summary: 
    +--------+---------+----------+------------+
    |  Clock |  Target | Estimated| Uncertainty|
    +--------+---------+----------+------------+
    |ap_clk  |  4.55 ns|  2.487 ns|     1.23 ns|
    +--------+---------+----------+------------+

+ Latency: 
    * Summary: 
    +---------+---------+----------+----------+-----+-----+---------+
    |  Latency (cycles) |  Latency (absolute) |  Interval | Pipeline|
    |   min   |   max   |    min   |    max   | min | max |   Type  |
    +---------+---------+----------+----------+-----+-----+---------+
    |        1|      243|  4.545 ns|  1.104 us|    1|  243|       no|
    +---------+---------+----------+----------+-----+-----+---------+

    + Detail: 
        * Instance: 
        +---------------------------------------------------+----------------------------------------+---------+---------+----------+----------+-----+-----+---------+
        |                                                   |                                        |  Latency (cycles) |  Latency (absolute) |  Interval | Pipeline|
        |                      Instance                     |                 Module                 |   min   |   max   |    min   |    max   | min | max |   Type  |
        +---------------------------------------------------+----------------------------------------+---------+---------+----------+----------+-----+-----+---------+
        |grp_read_B_FT0_3_Pipeline_VITIS_LOOP_474_1_fu_124  |read_B_FT0_3_Pipeline_VITIS_LOOP_474_1  |      242|      242|  1.100 us|  1.100 us|  242|  242|       no|
        +---------------------------------------------------+----------------------------------------+---------+---------+----------+----------+-----+-----+---------+

        * Loop: 
        N/A



================================================================
== Utilization Estimates
================================================================
* Summary: 
+---------------------+---------+------+---------+---------+-----+
|         Name        | BRAM_18K|  DSP |    FF   |   LUT   | URAM|
+---------------------+---------+------+---------+---------+-----+
|DSP                  |        -|     -|        -|        -|    -|
|Expression           |        -|     -|        0|       12|    -|
|FIFO                 |        -|     -|        -|        -|    -|
|Instance             |        -|     -|       38|      186|    -|
|Memory               |        -|     -|        -|        -|    -|
|Multiplexer          |        -|     -|        -|       23|    -|
|Register             |        -|     -|        4|        -|    -|
+---------------------+---------+------+---------+---------+-----+
|Total                |        0|     0|       42|      221|    0|
+---------------------+---------+------+---------+---------+-----+
|Available SLR        |     1344|  3008|   869120|   434560|  320|
+---------------------+---------+------+---------+---------+-----+
|Utilization SLR (%)  |        0|     0|       ~0|       ~0|    0|
+---------------------+---------+------+---------+---------+-----+
|Available            |     4032|  9024|  2607360|  1303680|  960|
+---------------------+---------+------+---------+---------+-----+
|Utilization (%)      |        0|     0|       ~0|       ~0|    0|
+---------------------+---------+------+---------+---------+-----+

+ Detail: 
    * Instance: 
    +---------------------------------------------------+----------------------------------------+---------+----+----+-----+-----+
    |                      Instance                     |                 Module                 | BRAM_18K| DSP| FF | LUT | URAM|
    +---------------------------------------------------+----------------------------------------+---------+----+----+-----+-----+
    |grp_read_B_FT0_3_Pipeline_VITIS_LOOP_474_1_fu_124  |read_B_FT0_3_Pipeline_VITIS_LOOP_474_1  |        0|   0|  38|  186|    0|
    +---------------------------------------------------+----------------------------------------+---------+----+----+-----+-----+
    |Total                                              |                                        |        0|   0|  38|  186|    0|
    +---------------------------------------------------+----------------------------------------+---------+----+----+-----+-----+

    * DSP: 
    N/A

    * Memory: 
    N/A

    * FIFO: 
    N/A

    * Expression: 
    +---------------------------------+----------+----+---+----+------------+------------+
    |          Variable Name          | Operation| DSP| FF| LUT| Bitwidth P0| Bitwidth P1|
    +---------------------------------+----------+----+---+----+------------+------------+
    |ap_block_state2_on_subcall_done  |       and|   0|  0|   2|           1|           1|
    |icmp_ln471_fu_226_p2             |      icmp|   0|  0|  10|           3|           1|
    +---------------------------------+----------+----+---+----+------------+------------+
    |Total                            |          |   0|  0|  12|           4|           2|
    +---------------------------------+----------+----+---+----+------------+------------+

    * Multiplexer: 
    +---------------------------------+----+-----------+-----+-----------+
    |               Name              | LUT| Input Size| Bits| Total Bits|
    +---------------------------------+----+-----------+-----+-----------+
    |ap_NS_fsm                        |  14|          3|    1|          3|
    |fifo_B_from_off_chip_to_S1_read  |   9|          2|    1|          2|
    +---------------------------------+----+-----------+-----+-----------+
    |Total                            |  23|          5|    2|          5|
    +---------------------------------+----+-----------+-----+-----------+

    * Register: 
    +----------------------------------------------------------------+---+----+-----+-----------+
    |                              Name                              | FF| LUT| Bits| Const Bits|
    +----------------------------------------------------------------+---+----+-----+-----------+
    |ap_CS_fsm                                                       |  2|   0|    2|          0|
    |grp_read_B_FT0_3_Pipeline_VITIS_LOOP_474_1_fu_124_ap_start_reg  |  1|   0|    1|          0|
    |icmp_ln471_reg_232                                              |  1|   0|    1|          0|
    +----------------------------------------------------------------+---+----+-----+-----------+
    |Total                                                           |  4|   0|    4|          0|
    +----------------------------------------------------------------+---+----+-----+-----------+



================================================================
== Interface
================================================================
* Summary: 
+-------------------------------------------+-----+-----+------------+----------------------------+--------------+
|                 RTL Ports                 | Dir | Bits|  Protocol  |        Source Object       |    C Type    |
+-------------------------------------------+-----+-----+------------+----------------------------+--------------+
|ap_clk                                     |   in|    1|  ap_ctrl_hs|                read_B_FT0.3|  return value|
|ap_rst                                     |   in|    1|  ap_ctrl_hs|                read_B_FT0.3|  return value|
|ap_start                                   |   in|    1|  ap_ctrl_hs|                read_B_FT0.3|  return value|
|ap_done                                    |  out|    1|  ap_ctrl_hs|                read_B_FT0.3|  return value|
|ap_idle                                    |  out|    1|  ap_ctrl_hs|                read_B_FT0.3|  return value|
|ap_ready                                   |  out|    1|  ap_ctrl_hs|                read_B_FT0.3|  return value|
|B_0_0_address0                             |  out|   11|   ap_memory|                       B_0_0|         array|
|B_0_0_ce0                                  |  out|    1|   ap_memory|                       B_0_0|         array|
|B_0_0_we0                                  |  out|    1|   ap_memory|                       B_0_0|         array|
|B_0_0_d0                                   |  out|   32|   ap_memory|                       B_0_0|         array|
|B_0_1_address0                             |  out|   11|   ap_memory|                       B_0_1|         array|
|B_0_1_ce0                                  |  out|    1|   ap_memory|                       B_0_1|         array|
|B_0_1_we0                                  |  out|    1|   ap_memory|                       B_0_1|         array|
|B_0_1_d0                                   |  out|   32|   ap_memory|                       B_0_1|         array|
|B_0_2_address0                             |  out|   11|   ap_memory|                       B_0_2|         array|
|B_0_2_ce0                                  |  out|    1|   ap_memory|                       B_0_2|         array|
|B_0_2_we0                                  |  out|    1|   ap_memory|                       B_0_2|         array|
|B_0_2_d0                                   |  out|   32|   ap_memory|                       B_0_2|         array|
|B_0_3_address0                             |  out|   11|   ap_memory|                       B_0_3|         array|
|B_0_3_ce0                                  |  out|    1|   ap_memory|                       B_0_3|         array|
|B_0_3_we0                                  |  out|    1|   ap_memory|                       B_0_3|         array|
|B_0_3_d0                                   |  out|   32|   ap_memory|                       B_0_3|         array|
|B_0_4_address0                             |  out|   11|   ap_memory|                       B_0_4|         array|
|B_0_4_ce0                                  |  out|    1|   ap_memory|                       B_0_4|         array|
|B_0_4_we0                                  |  out|    1|   ap_memory|                       B_0_4|         array|
|B_0_4_d0                                   |  out|   32|   ap_memory|                       B_0_4|         array|
|B_0_5_address0                             |  out|   11|   ap_memory|                       B_0_5|         array|
|B_0_5_ce0                                  |  out|    1|   ap_memory|                       B_0_5|         array|
|B_0_5_we0                                  |  out|    1|   ap_memory|                       B_0_5|         array|
|B_0_5_d0                                   |  out|   32|   ap_memory|                       B_0_5|         array|
|B_0_6_address0                             |  out|   11|   ap_memory|                       B_0_6|         array|
|B_0_6_ce0                                  |  out|    1|   ap_memory|                       B_0_6|         array|
|B_0_6_we0                                  |  out|    1|   ap_memory|                       B_0_6|         array|
|B_0_6_d0                                   |  out|   32|   ap_memory|                       B_0_6|         array|
|B_0_7_address0                             |  out|   11|   ap_memory|                       B_0_7|         array|
|B_0_7_ce0                                  |  out|    1|   ap_memory|                       B_0_7|         array|
|B_0_7_we0                                  |  out|    1|   ap_memory|                       B_0_7|         array|
|B_0_7_d0                                   |  out|   32|   ap_memory|                       B_0_7|         array|
|B_0_8_address0                             |  out|   11|   ap_memory|                       B_0_8|         array|
|B_0_8_ce0                                  |  out|    1|   ap_memory|                       B_0_8|         array|
|B_0_8_we0                                  |  out|    1|   ap_memory|                       B_0_8|         array|
|B_0_8_d0                                   |  out|   32|   ap_memory|                       B_0_8|         array|
|B_0_9_address0                             |  out|   11|   ap_memory|                       B_0_9|         array|
|B_0_9_ce0                                  |  out|    1|   ap_memory|                       B_0_9|         array|
|B_0_9_we0                                  |  out|    1|   ap_memory|                       B_0_9|         array|
|B_0_9_d0                                   |  out|   32|   ap_memory|                       B_0_9|         array|
|B_0_10_address0                            |  out|   11|   ap_memory|                      B_0_10|         array|
|B_0_10_ce0                                 |  out|    1|   ap_memory|                      B_0_10|         array|
|B_0_10_we0                                 |  out|    1|   ap_memory|                      B_0_10|         array|
|B_0_10_d0                                  |  out|   32|   ap_memory|                      B_0_10|         array|
|B_0_11_address0                            |  out|   11|   ap_memory|                      B_0_11|         array|
|B_0_11_ce0                                 |  out|    1|   ap_memory|                      B_0_11|         array|
|B_0_11_we0                                 |  out|    1|   ap_memory|                      B_0_11|         array|
|B_0_11_d0                                  |  out|   32|   ap_memory|                      B_0_11|         array|
|B_0_12_address0                            |  out|   11|   ap_memory|                      B_0_12|         array|
|B_0_12_ce0                                 |  out|    1|   ap_memory|                      B_0_12|         array|
|B_0_12_we0                                 |  out|    1|   ap_memory|                      B_0_12|         array|
|B_0_12_d0                                  |  out|   32|   ap_memory|                      B_0_12|         array|
|B_0_13_address0                            |  out|   11|   ap_memory|                      B_0_13|         array|
|B_0_13_ce0                                 |  out|    1|   ap_memory|                      B_0_13|         array|
|B_0_13_we0                                 |  out|    1|   ap_memory|                      B_0_13|         array|
|B_0_13_d0                                  |  out|   32|   ap_memory|                      B_0_13|         array|
|B_0_14_address0                            |  out|   11|   ap_memory|                      B_0_14|         array|
|B_0_14_ce0                                 |  out|    1|   ap_memory|                      B_0_14|         array|
|B_0_14_we0                                 |  out|    1|   ap_memory|                      B_0_14|         array|
|B_0_14_d0                                  |  out|   32|   ap_memory|                      B_0_14|         array|
|B_0_15_address0                            |  out|   11|   ap_memory|                      B_0_15|         array|
|B_0_15_ce0                                 |  out|    1|   ap_memory|                      B_0_15|         array|
|B_0_15_we0                                 |  out|    1|   ap_memory|                      B_0_15|         array|
|B_0_15_d0                                  |  out|   32|   ap_memory|                      B_0_15|         array|
|B_1_0_address0                             |  out|   11|   ap_memory|                       B_1_0|         array|
|B_1_0_ce0                                  |  out|    1|   ap_memory|                       B_1_0|         array|
|B_1_0_we0                                  |  out|    1|   ap_memory|                       B_1_0|         array|
|B_1_0_d0                                   |  out|   32|   ap_memory|                       B_1_0|         array|
|B_1_1_address0                             |  out|   11|   ap_memory|                       B_1_1|         array|
|B_1_1_ce0                                  |  out|    1|   ap_memory|                       B_1_1|         array|
|B_1_1_we0                                  |  out|    1|   ap_memory|                       B_1_1|         array|
|B_1_1_d0                                   |  out|   32|   ap_memory|                       B_1_1|         array|
|B_1_2_address0                             |  out|   11|   ap_memory|                       B_1_2|         array|
|B_1_2_ce0                                  |  out|    1|   ap_memory|                       B_1_2|         array|
|B_1_2_we0                                  |  out|    1|   ap_memory|                       B_1_2|         array|
|B_1_2_d0                                   |  out|   32|   ap_memory|                       B_1_2|         array|
|B_1_3_address0                             |  out|   11|   ap_memory|                       B_1_3|         array|
|B_1_3_ce0                                  |  out|    1|   ap_memory|                       B_1_3|         array|
|B_1_3_we0                                  |  out|    1|   ap_memory|                       B_1_3|         array|
|B_1_3_d0                                   |  out|   32|   ap_memory|                       B_1_3|         array|
|B_1_4_address0                             |  out|   11|   ap_memory|                       B_1_4|         array|
|B_1_4_ce0                                  |  out|    1|   ap_memory|                       B_1_4|         array|
|B_1_4_we0                                  |  out|    1|   ap_memory|                       B_1_4|         array|
|B_1_4_d0                                   |  out|   32|   ap_memory|                       B_1_4|         array|
|B_1_5_address0                             |  out|   11|   ap_memory|                       B_1_5|         array|
|B_1_5_ce0                                  |  out|    1|   ap_memory|                       B_1_5|         array|
|B_1_5_we0                                  |  out|    1|   ap_memory|                       B_1_5|         array|
|B_1_5_d0                                   |  out|   32|   ap_memory|                       B_1_5|         array|
|B_1_6_address0                             |  out|   11|   ap_memory|                       B_1_6|         array|
|B_1_6_ce0                                  |  out|    1|   ap_memory|                       B_1_6|         array|
|B_1_6_we0                                  |  out|    1|   ap_memory|                       B_1_6|         array|
|B_1_6_d0                                   |  out|   32|   ap_memory|                       B_1_6|         array|
|B_1_7_address0                             |  out|   11|   ap_memory|                       B_1_7|         array|
|B_1_7_ce0                                  |  out|    1|   ap_memory|                       B_1_7|         array|
|B_1_7_we0                                  |  out|    1|   ap_memory|                       B_1_7|         array|
|B_1_7_d0                                   |  out|   32|   ap_memory|                       B_1_7|         array|
|B_1_8_address0                             |  out|   11|   ap_memory|                       B_1_8|         array|
|B_1_8_ce0                                  |  out|    1|   ap_memory|                       B_1_8|         array|
|B_1_8_we0                                  |  out|    1|   ap_memory|                       B_1_8|         array|
|B_1_8_d0                                   |  out|   32|   ap_memory|                       B_1_8|         array|
|B_1_9_address0                             |  out|   11|   ap_memory|                       B_1_9|         array|
|B_1_9_ce0                                  |  out|    1|   ap_memory|                       B_1_9|         array|
|B_1_9_we0                                  |  out|    1|   ap_memory|                       B_1_9|         array|
|B_1_9_d0                                   |  out|   32|   ap_memory|                       B_1_9|         array|
|B_1_10_address0                            |  out|   11|   ap_memory|                      B_1_10|         array|
|B_1_10_ce0                                 |  out|    1|   ap_memory|                      B_1_10|         array|
|B_1_10_we0                                 |  out|    1|   ap_memory|                      B_1_10|         array|
|B_1_10_d0                                  |  out|   32|   ap_memory|                      B_1_10|         array|
|B_1_11_address0                            |  out|   11|   ap_memory|                      B_1_11|         array|
|B_1_11_ce0                                 |  out|    1|   ap_memory|                      B_1_11|         array|
|B_1_11_we0                                 |  out|    1|   ap_memory|                      B_1_11|         array|
|B_1_11_d0                                  |  out|   32|   ap_memory|                      B_1_11|         array|
|B_1_12_address0                            |  out|   11|   ap_memory|                      B_1_12|         array|
|B_1_12_ce0                                 |  out|    1|   ap_memory|                      B_1_12|         array|
|B_1_12_we0                                 |  out|    1|   ap_memory|                      B_1_12|         array|
|B_1_12_d0                                  |  out|   32|   ap_memory|                      B_1_12|         array|
|B_1_13_address0                            |  out|   11|   ap_memory|                      B_1_13|         array|
|B_1_13_ce0                                 |  out|    1|   ap_memory|                      B_1_13|         array|
|B_1_13_we0                                 |  out|    1|   ap_memory|                      B_1_13|         array|
|B_1_13_d0                                  |  out|   32|   ap_memory|                      B_1_13|         array|
|B_1_14_address0                            |  out|   11|   ap_memory|                      B_1_14|         array|
|B_1_14_ce0                                 |  out|    1|   ap_memory|                      B_1_14|         array|
|B_1_14_we0                                 |  out|    1|   ap_memory|                      B_1_14|         array|
|B_1_14_d0                                  |  out|   32|   ap_memory|                      B_1_14|         array|
|B_1_15_address0                            |  out|   11|   ap_memory|                      B_1_15|         array|
|B_1_15_ce0                                 |  out|    1|   ap_memory|                      B_1_15|         array|
|B_1_15_we0                                 |  out|    1|   ap_memory|                      B_1_15|         array|
|B_1_15_d0                                  |  out|   32|   ap_memory|                      B_1_15|         array|
|B_2_0_address0                             |  out|   11|   ap_memory|                       B_2_0|         array|
|B_2_0_ce0                                  |  out|    1|   ap_memory|                       B_2_0|         array|
|B_2_0_we0                                  |  out|    1|   ap_memory|                       B_2_0|         array|
|B_2_0_d0                                   |  out|   32|   ap_memory|                       B_2_0|         array|
|B_2_1_address0                             |  out|   11|   ap_memory|                       B_2_1|         array|
|B_2_1_ce0                                  |  out|    1|   ap_memory|                       B_2_1|         array|
|B_2_1_we0                                  |  out|    1|   ap_memory|                       B_2_1|         array|
|B_2_1_d0                                   |  out|   32|   ap_memory|                       B_2_1|         array|
|B_2_2_address0                             |  out|   11|   ap_memory|                       B_2_2|         array|
|B_2_2_ce0                                  |  out|    1|   ap_memory|                       B_2_2|         array|
|B_2_2_we0                                  |  out|    1|   ap_memory|                       B_2_2|         array|
|B_2_2_d0                                   |  out|   32|   ap_memory|                       B_2_2|         array|
|B_2_3_address0                             |  out|   11|   ap_memory|                       B_2_3|         array|
|B_2_3_ce0                                  |  out|    1|   ap_memory|                       B_2_3|         array|
|B_2_3_we0                                  |  out|    1|   ap_memory|                       B_2_3|         array|
|B_2_3_d0                                   |  out|   32|   ap_memory|                       B_2_3|         array|
|B_2_4_address0                             |  out|   11|   ap_memory|                       B_2_4|         array|
|B_2_4_ce0                                  |  out|    1|   ap_memory|                       B_2_4|         array|
|B_2_4_we0                                  |  out|    1|   ap_memory|                       B_2_4|         array|
|B_2_4_d0                                   |  out|   32|   ap_memory|                       B_2_4|         array|
|B_2_5_address0                             |  out|   11|   ap_memory|                       B_2_5|         array|
|B_2_5_ce0                                  |  out|    1|   ap_memory|                       B_2_5|         array|
|B_2_5_we0                                  |  out|    1|   ap_memory|                       B_2_5|         array|
|B_2_5_d0                                   |  out|   32|   ap_memory|                       B_2_5|         array|
|B_2_6_address0                             |  out|   11|   ap_memory|                       B_2_6|         array|
|B_2_6_ce0                                  |  out|    1|   ap_memory|                       B_2_6|         array|
|B_2_6_we0                                  |  out|    1|   ap_memory|                       B_2_6|         array|
|B_2_6_d0                                   |  out|   32|   ap_memory|                       B_2_6|         array|
|B_2_7_address0                             |  out|   11|   ap_memory|                       B_2_7|         array|
|B_2_7_ce0                                  |  out|    1|   ap_memory|                       B_2_7|         array|
|B_2_7_we0                                  |  out|    1|   ap_memory|                       B_2_7|         array|
|B_2_7_d0                                   |  out|   32|   ap_memory|                       B_2_7|         array|
|B_2_8_address0                             |  out|   11|   ap_memory|                       B_2_8|         array|
|B_2_8_ce0                                  |  out|    1|   ap_memory|                       B_2_8|         array|
|B_2_8_we0                                  |  out|    1|   ap_memory|                       B_2_8|         array|
|B_2_8_d0                                   |  out|   32|   ap_memory|                       B_2_8|         array|
|B_2_9_address0                             |  out|   11|   ap_memory|                       B_2_9|         array|
|B_2_9_ce0                                  |  out|    1|   ap_memory|                       B_2_9|         array|
|B_2_9_we0                                  |  out|    1|   ap_memory|                       B_2_9|         array|
|B_2_9_d0                                   |  out|   32|   ap_memory|                       B_2_9|         array|
|B_2_10_address0                            |  out|   11|   ap_memory|                      B_2_10|         array|
|B_2_10_ce0                                 |  out|    1|   ap_memory|                      B_2_10|         array|
|B_2_10_we0                                 |  out|    1|   ap_memory|                      B_2_10|         array|
|B_2_10_d0                                  |  out|   32|   ap_memory|                      B_2_10|         array|
|B_2_11_address0                            |  out|   11|   ap_memory|                      B_2_11|         array|
|B_2_11_ce0                                 |  out|    1|   ap_memory|                      B_2_11|         array|
|B_2_11_we0                                 |  out|    1|   ap_memory|                      B_2_11|         array|
|B_2_11_d0                                  |  out|   32|   ap_memory|                      B_2_11|         array|
|B_2_12_address0                            |  out|   11|   ap_memory|                      B_2_12|         array|
|B_2_12_ce0                                 |  out|    1|   ap_memory|                      B_2_12|         array|
|B_2_12_we0                                 |  out|    1|   ap_memory|                      B_2_12|         array|
|B_2_12_d0                                  |  out|   32|   ap_memory|                      B_2_12|         array|
|B_2_13_address0                            |  out|   11|   ap_memory|                      B_2_13|         array|
|B_2_13_ce0                                 |  out|    1|   ap_memory|                      B_2_13|         array|
|B_2_13_we0                                 |  out|    1|   ap_memory|                      B_2_13|         array|
|B_2_13_d0                                  |  out|   32|   ap_memory|                      B_2_13|         array|
|B_2_14_address0                            |  out|   11|   ap_memory|                      B_2_14|         array|
|B_2_14_ce0                                 |  out|    1|   ap_memory|                      B_2_14|         array|
|B_2_14_we0                                 |  out|    1|   ap_memory|                      B_2_14|         array|
|B_2_14_d0                                  |  out|   32|   ap_memory|                      B_2_14|         array|
|B_2_15_address0                            |  out|   11|   ap_memory|                      B_2_15|         array|
|B_2_15_ce0                                 |  out|    1|   ap_memory|                      B_2_15|         array|
|B_2_15_we0                                 |  out|    1|   ap_memory|                      B_2_15|         array|
|B_2_15_d0                                  |  out|   32|   ap_memory|                      B_2_15|         array|
|fifo_B_from_off_chip_to_S1_dout            |   in|  512|     ap_fifo|  fifo_B_from_off_chip_to_S1|       pointer|
|fifo_B_from_off_chip_to_S1_num_data_valid  |   in|   11|     ap_fifo|  fifo_B_from_off_chip_to_S1|       pointer|
|fifo_B_from_off_chip_to_S1_fifo_cap        |   in|   11|     ap_fifo|  fifo_B_from_off_chip_to_S1|       pointer|
|fifo_B_from_off_chip_to_S1_empty_n         |   in|    1|     ap_fifo|  fifo_B_from_off_chip_to_S1|       pointer|
|fifo_B_from_off_chip_to_S1_read            |  out|    1|     ap_fifo|  fifo_B_from_off_chip_to_S1|       pointer|
|i0                                         |   in|    3|     ap_none|                          i0|        scalar|
+-------------------------------------------+-----+-----+------------+----------------------------+--------------+

