

================================================================
== Vitis HLS Report for 'load_tmp_Pipeline_VITIS_LOOP_14_1'
================================================================
* Date:           Tue Dec 17 09:38:25 2024

* Version:        2023.2 (Build 4023990 on Oct 11 2023)
* Project:        kernel_nlp
* Solution:       solution (Vitis Kernel Flow Target)
* Product family: virtexuplusHBM
* Target device:  xcu55c-fsvh2892-2L-e


================================================================
== Performance Estimates
================================================================
+ Timing: 
    * Summary: 
    +--------+---------+----------+------------+
    |  Clock |  Target | Estimated| Uncertainty|
    +--------+---------+----------+------------+
    |ap_clk  |  4.00 ns|  2.920 ns|     1.08 ns|
    +--------+---------+----------+------------+

+ Latency: 
    * Summary: 
    +---------+---------+----------+----------+-----+-----+---------+
    |  Latency (cycles) |  Latency (absolute) |  Interval | Pipeline|
    |   min   |   max   |    min   |    max   | min | max |   Type  |
    +---------+---------+----------+----------+-----+-----+---------+
    |      127|      127|  0.508 us|  0.508 us|  127|  127|       no|
    +---------+---------+----------+----------+-----+-----+---------+

    + Detail: 
        * Instance: 
        N/A

        * Loop: 
        +-------------------+---------+---------+----------+-----------+-----------+------+----------+
        |                   |  Latency (cycles) | Iteration|  Initiation Interval  | Trip |          |
        |     Loop Name     |   min   |   max   |  Latency |  achieved |   target  | Count| Pipelined|
        +-------------------+---------+---------+----------+-----------+-----------+------+----------+
        |- VITIS_LOOP_14_1  |      125|      125|         2|          1|          1|   125|       yes|
        +-------------------+---------+---------+----------+-----------+-----------+------+----------+



================================================================
== Utilization Estimates
================================================================
* Summary: 
+---------------------+---------+------+---------+---------+-----+
|         Name        | BRAM_18K|  DSP |    FF   |   LUT   | URAM|
+---------------------+---------+------+---------+---------+-----+
|DSP                  |        -|     -|        -|        -|    -|
|Expression           |        -|     -|        0|       47|    -|
|FIFO                 |        -|     -|        -|        -|    -|
|Instance             |        -|     -|        -|        -|    -|
|Memory               |        -|     -|        -|        -|    -|
|Multiplexer          |        -|     -|        -|       63|    -|
|Register             |        -|     -|       26|        -|    -|
+---------------------+---------+------+---------+---------+-----+
|Total                |        0|     0|       26|      110|    0|
+---------------------+---------+------+---------+---------+-----+
|Available SLR        |     1344|  3008|   869120|   434560|  320|
+---------------------+---------+------+---------+---------+-----+
|Utilization SLR (%)  |        0|     0|       ~0|       ~0|    0|
+---------------------+---------+------+---------+---------+-----+
|Available            |     4032|  9024|  2607360|  1303680|  960|
+---------------------+---------+------+---------+---------+-----+
|Utilization (%)      |        0|     0|       ~0|       ~0|    0|
+---------------------+---------+------+---------+---------+-----+

+ Detail: 
    * Instance: 
    N/A

    * DSP: 
    N/A

    * Memory: 
    N/A

    * FIFO: 
    N/A

    * Expression: 
    +---------------------------+----------+----+---+----+------------+------------+
    |       Variable Name       | Operation| DSP| FF| LUT| Bitwidth P0| Bitwidth P1|
    +---------------------------+----------+----+---+----+------------+------------+
    |add_ln14_1_fu_2595_p2      |         +|   0|  0|  14|           7|           1|
    |add_ln14_fu_2601_p2        |         +|   0|  0|  15|           8|           2|
    |ap_block_pp0_stage0_01001  |       and|   0|  0|   2|           1|           1|
    |icmp_ln14_fu_2589_p2       |      icmp|   0|  0|  14|           7|           3|
    |ap_enable_pp0              |       xor|   0|  0|   2|           1|           2|
    +---------------------------+----------+----+---+----+------------+------------+
    |Total                      |          |   0|  0|  47|          24|           9|
    +---------------------------+----------+----+---+----+------------+------------+

    * Multiplexer: 
    +------------------------------+----+-----------+-----+-----------+
    |             Name             | LUT| Input Size| Bits| Total Bits|
    +------------------------------+----+-----------+-----+-----------+
    |ap_done_int                   |   9|          2|    1|          2|
    |ap_enable_reg_pp0_iter1       |   9|          2|    1|          2|
    |ap_sig_allocacmp_i0_3         |   9|          2|    8|         16|
    |ap_sig_allocacmp_indvar_load  |   9|          2|    7|         14|
    |i0_fu_800                     |   9|          2|    8|         16|
    |indvar_fu_804                 |   9|          2|    7|         14|
    |kernel_tmp_blk_n_R            |   9|          2|    1|          2|
    +------------------------------+----+-----------+-----+-----------+
    |Total                         |  63|         14|   33|         66|
    +------------------------------+----+-----------+-----+-----------+

    * Register: 
    +-------------------------+---+----+-----+-----------+
    |           Name          | FF| LUT| Bits| Const Bits|
    +-------------------------+---+----+-----+-----------+
    |ap_CS_fsm                |  1|   0|    1|          0|
    |ap_done_reg              |  1|   0|    1|          0|
    |ap_enable_reg_pp0_iter1  |  1|   0|    1|          0|
    |i0_3_reg_2914            |  8|   0|    8|          0|
    |i0_fu_800                |  8|   0|    8|          0|
    |indvar_fu_804            |  7|   0|    7|          0|
    +-------------------------+---+----+-----+-----------+
    |Total                    | 26|   0|   26|          0|
    +-------------------------+---+----+-----+-----------+



================================================================
== Interface
================================================================
* Summary: 
+---------------------------+-----+-----+------------+-----------------------------------+--------------+
|         RTL Ports         | Dir | Bits|  Protocol  |           Source Object           |    C Type    |
+---------------------------+-----+-----+------------+-----------------------------------+--------------+
|ap_clk                     |   in|    1|  ap_ctrl_hs|  load_tmp_Pipeline_VITIS_LOOP_14_1|  return value|
|ap_rst                     |   in|    1|  ap_ctrl_hs|  load_tmp_Pipeline_VITIS_LOOP_14_1|  return value|
|ap_start                   |   in|    1|  ap_ctrl_hs|  load_tmp_Pipeline_VITIS_LOOP_14_1|  return value|
|ap_done                    |  out|    1|  ap_ctrl_hs|  load_tmp_Pipeline_VITIS_LOOP_14_1|  return value|
|ap_idle                    |  out|    1|  ap_ctrl_hs|  load_tmp_Pipeline_VITIS_LOOP_14_1|  return value|
|ap_ready                   |  out|    1|  ap_ctrl_hs|  load_tmp_Pipeline_VITIS_LOOP_14_1|  return value|
|m_axi_kernel_tmp_AWVALID   |  out|    1|       m_axi|                         kernel_tmp|       pointer|
|m_axi_kernel_tmp_AWREADY   |   in|    1|       m_axi|                         kernel_tmp|       pointer|
|m_axi_kernel_tmp_AWADDR    |  out|   64|       m_axi|                         kernel_tmp|       pointer|
|m_axi_kernel_tmp_AWID      |  out|    1|       m_axi|                         kernel_tmp|       pointer|
|m_axi_kernel_tmp_AWLEN     |  out|   32|       m_axi|                         kernel_tmp|       pointer|
|m_axi_kernel_tmp_AWSIZE    |  out|    3|       m_axi|                         kernel_tmp|       pointer|
|m_axi_kernel_tmp_AWBURST   |  out|    2|       m_axi|                         kernel_tmp|       pointer|
|m_axi_kernel_tmp_AWLOCK    |  out|    2|       m_axi|                         kernel_tmp|       pointer|
|m_axi_kernel_tmp_AWCACHE   |  out|    4|       m_axi|                         kernel_tmp|       pointer|
|m_axi_kernel_tmp_AWPROT    |  out|    3|       m_axi|                         kernel_tmp|       pointer|
|m_axi_kernel_tmp_AWQOS     |  out|    4|       m_axi|                         kernel_tmp|       pointer|
|m_axi_kernel_tmp_AWREGION  |  out|    4|       m_axi|                         kernel_tmp|       pointer|
|m_axi_kernel_tmp_AWUSER    |  out|    1|       m_axi|                         kernel_tmp|       pointer|
|m_axi_kernel_tmp_WVALID    |  out|    1|       m_axi|                         kernel_tmp|       pointer|
|m_axi_kernel_tmp_WREADY    |   in|    1|       m_axi|                         kernel_tmp|       pointer|
|m_axi_kernel_tmp_WDATA     |  out|   64|       m_axi|                         kernel_tmp|       pointer|
|m_axi_kernel_tmp_WSTRB     |  out|    8|       m_axi|                         kernel_tmp|       pointer|
|m_axi_kernel_tmp_WLAST     |  out|    1|       m_axi|                         kernel_tmp|       pointer|
|m_axi_kernel_tmp_WID       |  out|    1|       m_axi|                         kernel_tmp|       pointer|
|m_axi_kernel_tmp_WUSER     |  out|    1|       m_axi|                         kernel_tmp|       pointer|
|m_axi_kernel_tmp_ARVALID   |  out|    1|       m_axi|                         kernel_tmp|       pointer|
|m_axi_kernel_tmp_ARREADY   |   in|    1|       m_axi|                         kernel_tmp|       pointer|
|m_axi_kernel_tmp_ARADDR    |  out|   64|       m_axi|                         kernel_tmp|       pointer|
|m_axi_kernel_tmp_ARID      |  out|    1|       m_axi|                         kernel_tmp|       pointer|
|m_axi_kernel_tmp_ARLEN     |  out|   32|       m_axi|                         kernel_tmp|       pointer|
|m_axi_kernel_tmp_ARSIZE    |  out|    3|       m_axi|                         kernel_tmp|       pointer|
|m_axi_kernel_tmp_ARBURST   |  out|    2|       m_axi|                         kernel_tmp|       pointer|
|m_axi_kernel_tmp_ARLOCK    |  out|    2|       m_axi|                         kernel_tmp|       pointer|
|m_axi_kernel_tmp_ARCACHE   |  out|    4|       m_axi|                         kernel_tmp|       pointer|
|m_axi_kernel_tmp_ARPROT    |  out|    3|       m_axi|                         kernel_tmp|       pointer|
|m_axi_kernel_tmp_ARQOS     |  out|    4|       m_axi|                         kernel_tmp|       pointer|
|m_axi_kernel_tmp_ARREGION  |  out|    4|       m_axi|                         kernel_tmp|       pointer|
|m_axi_kernel_tmp_ARUSER    |  out|    1|       m_axi|                         kernel_tmp|       pointer|
|m_axi_kernel_tmp_RVALID    |   in|    1|       m_axi|                         kernel_tmp|       pointer|
|m_axi_kernel_tmp_RREADY    |  out|    1|       m_axi|                         kernel_tmp|       pointer|
|m_axi_kernel_tmp_RDATA     |   in|   64|       m_axi|                         kernel_tmp|       pointer|
|m_axi_kernel_tmp_RLAST     |   in|    1|       m_axi|                         kernel_tmp|       pointer|
|m_axi_kernel_tmp_RID       |   in|    1|       m_axi|                         kernel_tmp|       pointer|
|m_axi_kernel_tmp_RFIFONUM  |   in|    9|       m_axi|                         kernel_tmp|       pointer|
|m_axi_kernel_tmp_RUSER     |   in|    1|       m_axi|                         kernel_tmp|       pointer|
|m_axi_kernel_tmp_RRESP     |   in|    2|       m_axi|                         kernel_tmp|       pointer|
|m_axi_kernel_tmp_BVALID    |   in|    1|       m_axi|                         kernel_tmp|       pointer|
|m_axi_kernel_tmp_BREADY    |  out|    1|       m_axi|                         kernel_tmp|       pointer|
|m_axi_kernel_tmp_BRESP     |   in|    2|       m_axi|                         kernel_tmp|       pointer|
|m_axi_kernel_tmp_BID       |   in|    1|       m_axi|                         kernel_tmp|       pointer|
|m_axi_kernel_tmp_BUSER     |   in|    1|       m_axi|                         kernel_tmp|       pointer|
|tmp_0                      |  out|   32|      ap_vld|                              tmp_0|       pointer|
|tmp_0_ap_vld               |  out|    1|      ap_vld|                              tmp_0|       pointer|
|tmp_1                      |  out|   32|      ap_vld|                              tmp_1|       pointer|
|tmp_1_ap_vld               |  out|    1|      ap_vld|                              tmp_1|       pointer|
|sext_ln14                  |   in|   61|     ap_none|                          sext_ln14|        scalar|
|tmp_249                    |  out|   32|      ap_vld|                            tmp_249|       pointer|
|tmp_249_ap_vld             |  out|    1|      ap_vld|                            tmp_249|       pointer|
|tmp_248                    |  out|   32|      ap_vld|                            tmp_248|       pointer|
|tmp_248_ap_vld             |  out|    1|      ap_vld|                            tmp_248|       pointer|
|tmp_247                    |  out|   32|      ap_vld|                            tmp_247|       pointer|
|tmp_247_ap_vld             |  out|    1|      ap_vld|                            tmp_247|       pointer|
|tmp_246                    |  out|   32|      ap_vld|                            tmp_246|       pointer|
|tmp_246_ap_vld             |  out|    1|      ap_vld|                            tmp_246|       pointer|
|tmp_245                    |  out|   32|      ap_vld|                            tmp_245|       pointer|
|tmp_245_ap_vld             |  out|    1|      ap_vld|                            tmp_245|       pointer|
|tmp_244                    |  out|   32|      ap_vld|                            tmp_244|       pointer|
|tmp_244_ap_vld             |  out|    1|      ap_vld|                            tmp_244|       pointer|
|tmp_243                    |  out|   32|      ap_vld|                            tmp_243|       pointer|
|tmp_243_ap_vld             |  out|    1|      ap_vld|                            tmp_243|       pointer|
|tmp_242                    |  out|   32|      ap_vld|                            tmp_242|       pointer|
|tmp_242_ap_vld             |  out|    1|      ap_vld|                            tmp_242|       pointer|
|tmp_241                    |  out|   32|      ap_vld|                            tmp_241|       pointer|
|tmp_241_ap_vld             |  out|    1|      ap_vld|                            tmp_241|       pointer|
|tmp_240                    |  out|   32|      ap_vld|                            tmp_240|       pointer|
|tmp_240_ap_vld             |  out|    1|      ap_vld|                            tmp_240|       pointer|
|tmp_239                    |  out|   32|      ap_vld|                            tmp_239|       pointer|
|tmp_239_ap_vld             |  out|    1|      ap_vld|                            tmp_239|       pointer|
|tmp_238                    |  out|   32|      ap_vld|                            tmp_238|       pointer|
|tmp_238_ap_vld             |  out|    1|      ap_vld|                            tmp_238|       pointer|
|tmp_237                    |  out|   32|      ap_vld|                            tmp_237|       pointer|
|tmp_237_ap_vld             |  out|    1|      ap_vld|                            tmp_237|       pointer|
|tmp_236                    |  out|   32|      ap_vld|                            tmp_236|       pointer|
|tmp_236_ap_vld             |  out|    1|      ap_vld|                            tmp_236|       pointer|
|tmp_235                    |  out|   32|      ap_vld|                            tmp_235|       pointer|
|tmp_235_ap_vld             |  out|    1|      ap_vld|                            tmp_235|       pointer|
|tmp_234                    |  out|   32|      ap_vld|                            tmp_234|       pointer|
|tmp_234_ap_vld             |  out|    1|      ap_vld|                            tmp_234|       pointer|
|tmp_233                    |  out|   32|      ap_vld|                            tmp_233|       pointer|
|tmp_233_ap_vld             |  out|    1|      ap_vld|                            tmp_233|       pointer|
|tmp_232                    |  out|   32|      ap_vld|                            tmp_232|       pointer|
|tmp_232_ap_vld             |  out|    1|      ap_vld|                            tmp_232|       pointer|
|tmp_231                    |  out|   32|      ap_vld|                            tmp_231|       pointer|
|tmp_231_ap_vld             |  out|    1|      ap_vld|                            tmp_231|       pointer|
|tmp_230                    |  out|   32|      ap_vld|                            tmp_230|       pointer|
|tmp_230_ap_vld             |  out|    1|      ap_vld|                            tmp_230|       pointer|
|tmp_229                    |  out|   32|      ap_vld|                            tmp_229|       pointer|
|tmp_229_ap_vld             |  out|    1|      ap_vld|                            tmp_229|       pointer|
|tmp_228                    |  out|   32|      ap_vld|                            tmp_228|       pointer|
|tmp_228_ap_vld             |  out|    1|      ap_vld|                            tmp_228|       pointer|
|tmp_227                    |  out|   32|      ap_vld|                            tmp_227|       pointer|
|tmp_227_ap_vld             |  out|    1|      ap_vld|                            tmp_227|       pointer|
|tmp_226                    |  out|   32|      ap_vld|                            tmp_226|       pointer|
|tmp_226_ap_vld             |  out|    1|      ap_vld|                            tmp_226|       pointer|
|tmp_225                    |  out|   32|      ap_vld|                            tmp_225|       pointer|
|tmp_225_ap_vld             |  out|    1|      ap_vld|                            tmp_225|       pointer|
|tmp_224                    |  out|   32|      ap_vld|                            tmp_224|       pointer|
|tmp_224_ap_vld             |  out|    1|      ap_vld|                            tmp_224|       pointer|
|tmp_223                    |  out|   32|      ap_vld|                            tmp_223|       pointer|
|tmp_223_ap_vld             |  out|    1|      ap_vld|                            tmp_223|       pointer|
|tmp_222                    |  out|   32|      ap_vld|                            tmp_222|       pointer|
|tmp_222_ap_vld             |  out|    1|      ap_vld|                            tmp_222|       pointer|
|tmp_221                    |  out|   32|      ap_vld|                            tmp_221|       pointer|
|tmp_221_ap_vld             |  out|    1|      ap_vld|                            tmp_221|       pointer|
|tmp_220                    |  out|   32|      ap_vld|                            tmp_220|       pointer|
|tmp_220_ap_vld             |  out|    1|      ap_vld|                            tmp_220|       pointer|
|tmp_219                    |  out|   32|      ap_vld|                            tmp_219|       pointer|
|tmp_219_ap_vld             |  out|    1|      ap_vld|                            tmp_219|       pointer|
|tmp_218                    |  out|   32|      ap_vld|                            tmp_218|       pointer|
|tmp_218_ap_vld             |  out|    1|      ap_vld|                            tmp_218|       pointer|
|tmp_217                    |  out|   32|      ap_vld|                            tmp_217|       pointer|
|tmp_217_ap_vld             |  out|    1|      ap_vld|                            tmp_217|       pointer|
|tmp_216                    |  out|   32|      ap_vld|                            tmp_216|       pointer|
|tmp_216_ap_vld             |  out|    1|      ap_vld|                            tmp_216|       pointer|
|tmp_215                    |  out|   32|      ap_vld|                            tmp_215|       pointer|
|tmp_215_ap_vld             |  out|    1|      ap_vld|                            tmp_215|       pointer|
|tmp_214                    |  out|   32|      ap_vld|                            tmp_214|       pointer|
|tmp_214_ap_vld             |  out|    1|      ap_vld|                            tmp_214|       pointer|
|tmp_213                    |  out|   32|      ap_vld|                            tmp_213|       pointer|
|tmp_213_ap_vld             |  out|    1|      ap_vld|                            tmp_213|       pointer|
|tmp_212                    |  out|   32|      ap_vld|                            tmp_212|       pointer|
|tmp_212_ap_vld             |  out|    1|      ap_vld|                            tmp_212|       pointer|
|tmp_211                    |  out|   32|      ap_vld|                            tmp_211|       pointer|
|tmp_211_ap_vld             |  out|    1|      ap_vld|                            tmp_211|       pointer|
|tmp_210                    |  out|   32|      ap_vld|                            tmp_210|       pointer|
|tmp_210_ap_vld             |  out|    1|      ap_vld|                            tmp_210|       pointer|
|tmp_209                    |  out|   32|      ap_vld|                            tmp_209|       pointer|
|tmp_209_ap_vld             |  out|    1|      ap_vld|                            tmp_209|       pointer|
|tmp_208                    |  out|   32|      ap_vld|                            tmp_208|       pointer|
|tmp_208_ap_vld             |  out|    1|      ap_vld|                            tmp_208|       pointer|
|tmp_207                    |  out|   32|      ap_vld|                            tmp_207|       pointer|
|tmp_207_ap_vld             |  out|    1|      ap_vld|                            tmp_207|       pointer|
|tmp_206                    |  out|   32|      ap_vld|                            tmp_206|       pointer|
|tmp_206_ap_vld             |  out|    1|      ap_vld|                            tmp_206|       pointer|
|tmp_205                    |  out|   32|      ap_vld|                            tmp_205|       pointer|
|tmp_205_ap_vld             |  out|    1|      ap_vld|                            tmp_205|       pointer|
|tmp_204                    |  out|   32|      ap_vld|                            tmp_204|       pointer|
|tmp_204_ap_vld             |  out|    1|      ap_vld|                            tmp_204|       pointer|
|tmp_203                    |  out|   32|      ap_vld|                            tmp_203|       pointer|
|tmp_203_ap_vld             |  out|    1|      ap_vld|                            tmp_203|       pointer|
|tmp_202                    |  out|   32|      ap_vld|                            tmp_202|       pointer|
|tmp_202_ap_vld             |  out|    1|      ap_vld|                            tmp_202|       pointer|
|tmp_201                    |  out|   32|      ap_vld|                            tmp_201|       pointer|
|tmp_201_ap_vld             |  out|    1|      ap_vld|                            tmp_201|       pointer|
|tmp_200                    |  out|   32|      ap_vld|                            tmp_200|       pointer|
|tmp_200_ap_vld             |  out|    1|      ap_vld|                            tmp_200|       pointer|
|tmp_199                    |  out|   32|      ap_vld|                            tmp_199|       pointer|
|tmp_199_ap_vld             |  out|    1|      ap_vld|                            tmp_199|       pointer|
|tmp_198                    |  out|   32|      ap_vld|                            tmp_198|       pointer|
|tmp_198_ap_vld             |  out|    1|      ap_vld|                            tmp_198|       pointer|
|tmp_197                    |  out|   32|      ap_vld|                            tmp_197|       pointer|
|tmp_197_ap_vld             |  out|    1|      ap_vld|                            tmp_197|       pointer|
|tmp_196                    |  out|   32|      ap_vld|                            tmp_196|       pointer|
|tmp_196_ap_vld             |  out|    1|      ap_vld|                            tmp_196|       pointer|
|tmp_195                    |  out|   32|      ap_vld|                            tmp_195|       pointer|
|tmp_195_ap_vld             |  out|    1|      ap_vld|                            tmp_195|       pointer|
|tmp_194                    |  out|   32|      ap_vld|                            tmp_194|       pointer|
|tmp_194_ap_vld             |  out|    1|      ap_vld|                            tmp_194|       pointer|
|tmp_193                    |  out|   32|      ap_vld|                            tmp_193|       pointer|
|tmp_193_ap_vld             |  out|    1|      ap_vld|                            tmp_193|       pointer|
|tmp_192                    |  out|   32|      ap_vld|                            tmp_192|       pointer|
|tmp_192_ap_vld             |  out|    1|      ap_vld|                            tmp_192|       pointer|
|tmp_191                    |  out|   32|      ap_vld|                            tmp_191|       pointer|
|tmp_191_ap_vld             |  out|    1|      ap_vld|                            tmp_191|       pointer|
|tmp_190                    |  out|   32|      ap_vld|                            tmp_190|       pointer|
|tmp_190_ap_vld             |  out|    1|      ap_vld|                            tmp_190|       pointer|
|tmp_189                    |  out|   32|      ap_vld|                            tmp_189|       pointer|
|tmp_189_ap_vld             |  out|    1|      ap_vld|                            tmp_189|       pointer|
|tmp_188                    |  out|   32|      ap_vld|                            tmp_188|       pointer|
|tmp_188_ap_vld             |  out|    1|      ap_vld|                            tmp_188|       pointer|
|tmp_187                    |  out|   32|      ap_vld|                            tmp_187|       pointer|
|tmp_187_ap_vld             |  out|    1|      ap_vld|                            tmp_187|       pointer|
|tmp_186                    |  out|   32|      ap_vld|                            tmp_186|       pointer|
|tmp_186_ap_vld             |  out|    1|      ap_vld|                            tmp_186|       pointer|
|tmp_185                    |  out|   32|      ap_vld|                            tmp_185|       pointer|
|tmp_185_ap_vld             |  out|    1|      ap_vld|                            tmp_185|       pointer|
|tmp_184                    |  out|   32|      ap_vld|                            tmp_184|       pointer|
|tmp_184_ap_vld             |  out|    1|      ap_vld|                            tmp_184|       pointer|
|tmp_183                    |  out|   32|      ap_vld|                            tmp_183|       pointer|
|tmp_183_ap_vld             |  out|    1|      ap_vld|                            tmp_183|       pointer|
|tmp_182                    |  out|   32|      ap_vld|                            tmp_182|       pointer|
|tmp_182_ap_vld             |  out|    1|      ap_vld|                            tmp_182|       pointer|
|tmp_181                    |  out|   32|      ap_vld|                            tmp_181|       pointer|
|tmp_181_ap_vld             |  out|    1|      ap_vld|                            tmp_181|       pointer|
|tmp_180                    |  out|   32|      ap_vld|                            tmp_180|       pointer|
|tmp_180_ap_vld             |  out|    1|      ap_vld|                            tmp_180|       pointer|
|tmp_179                    |  out|   32|      ap_vld|                            tmp_179|       pointer|
|tmp_179_ap_vld             |  out|    1|      ap_vld|                            tmp_179|       pointer|
|tmp_178                    |  out|   32|      ap_vld|                            tmp_178|       pointer|
|tmp_178_ap_vld             |  out|    1|      ap_vld|                            tmp_178|       pointer|
|tmp_177                    |  out|   32|      ap_vld|                            tmp_177|       pointer|
|tmp_177_ap_vld             |  out|    1|      ap_vld|                            tmp_177|       pointer|
|tmp_176                    |  out|   32|      ap_vld|                            tmp_176|       pointer|
|tmp_176_ap_vld             |  out|    1|      ap_vld|                            tmp_176|       pointer|
|tmp_175                    |  out|   32|      ap_vld|                            tmp_175|       pointer|
|tmp_175_ap_vld             |  out|    1|      ap_vld|                            tmp_175|       pointer|
|tmp_174                    |  out|   32|      ap_vld|                            tmp_174|       pointer|
|tmp_174_ap_vld             |  out|    1|      ap_vld|                            tmp_174|       pointer|
|tmp_173                    |  out|   32|      ap_vld|                            tmp_173|       pointer|
|tmp_173_ap_vld             |  out|    1|      ap_vld|                            tmp_173|       pointer|
|tmp_172                    |  out|   32|      ap_vld|                            tmp_172|       pointer|
|tmp_172_ap_vld             |  out|    1|      ap_vld|                            tmp_172|       pointer|
|tmp_171                    |  out|   32|      ap_vld|                            tmp_171|       pointer|
|tmp_171_ap_vld             |  out|    1|      ap_vld|                            tmp_171|       pointer|
|tmp_170                    |  out|   32|      ap_vld|                            tmp_170|       pointer|
|tmp_170_ap_vld             |  out|    1|      ap_vld|                            tmp_170|       pointer|
|tmp_169                    |  out|   32|      ap_vld|                            tmp_169|       pointer|
|tmp_169_ap_vld             |  out|    1|      ap_vld|                            tmp_169|       pointer|
|tmp_168                    |  out|   32|      ap_vld|                            tmp_168|       pointer|
|tmp_168_ap_vld             |  out|    1|      ap_vld|                            tmp_168|       pointer|
|tmp_167                    |  out|   32|      ap_vld|                            tmp_167|       pointer|
|tmp_167_ap_vld             |  out|    1|      ap_vld|                            tmp_167|       pointer|
|tmp_166                    |  out|   32|      ap_vld|                            tmp_166|       pointer|
|tmp_166_ap_vld             |  out|    1|      ap_vld|                            tmp_166|       pointer|
|tmp_165                    |  out|   32|      ap_vld|                            tmp_165|       pointer|
|tmp_165_ap_vld             |  out|    1|      ap_vld|                            tmp_165|       pointer|
|tmp_164                    |  out|   32|      ap_vld|                            tmp_164|       pointer|
|tmp_164_ap_vld             |  out|    1|      ap_vld|                            tmp_164|       pointer|
|tmp_163                    |  out|   32|      ap_vld|                            tmp_163|       pointer|
|tmp_163_ap_vld             |  out|    1|      ap_vld|                            tmp_163|       pointer|
|tmp_162                    |  out|   32|      ap_vld|                            tmp_162|       pointer|
|tmp_162_ap_vld             |  out|    1|      ap_vld|                            tmp_162|       pointer|
|tmp_161                    |  out|   32|      ap_vld|                            tmp_161|       pointer|
|tmp_161_ap_vld             |  out|    1|      ap_vld|                            tmp_161|       pointer|
|tmp_160                    |  out|   32|      ap_vld|                            tmp_160|       pointer|
|tmp_160_ap_vld             |  out|    1|      ap_vld|                            tmp_160|       pointer|
|tmp_159                    |  out|   32|      ap_vld|                            tmp_159|       pointer|
|tmp_159_ap_vld             |  out|    1|      ap_vld|                            tmp_159|       pointer|
|tmp_158                    |  out|   32|      ap_vld|                            tmp_158|       pointer|
|tmp_158_ap_vld             |  out|    1|      ap_vld|                            tmp_158|       pointer|
|tmp_157                    |  out|   32|      ap_vld|                            tmp_157|       pointer|
|tmp_157_ap_vld             |  out|    1|      ap_vld|                            tmp_157|       pointer|
|tmp_156                    |  out|   32|      ap_vld|                            tmp_156|       pointer|
|tmp_156_ap_vld             |  out|    1|      ap_vld|                            tmp_156|       pointer|
|tmp_155                    |  out|   32|      ap_vld|                            tmp_155|       pointer|
|tmp_155_ap_vld             |  out|    1|      ap_vld|                            tmp_155|       pointer|
|tmp_154                    |  out|   32|      ap_vld|                            tmp_154|       pointer|
|tmp_154_ap_vld             |  out|    1|      ap_vld|                            tmp_154|       pointer|
|tmp_153                    |  out|   32|      ap_vld|                            tmp_153|       pointer|
|tmp_153_ap_vld             |  out|    1|      ap_vld|                            tmp_153|       pointer|
|tmp_152                    |  out|   32|      ap_vld|                            tmp_152|       pointer|
|tmp_152_ap_vld             |  out|    1|      ap_vld|                            tmp_152|       pointer|
|tmp_151                    |  out|   32|      ap_vld|                            tmp_151|       pointer|
|tmp_151_ap_vld             |  out|    1|      ap_vld|                            tmp_151|       pointer|
|tmp_150                    |  out|   32|      ap_vld|                            tmp_150|       pointer|
|tmp_150_ap_vld             |  out|    1|      ap_vld|                            tmp_150|       pointer|
|tmp_149                    |  out|   32|      ap_vld|                            tmp_149|       pointer|
|tmp_149_ap_vld             |  out|    1|      ap_vld|                            tmp_149|       pointer|
|tmp_148                    |  out|   32|      ap_vld|                            tmp_148|       pointer|
|tmp_148_ap_vld             |  out|    1|      ap_vld|                            tmp_148|       pointer|
|tmp_147                    |  out|   32|      ap_vld|                            tmp_147|       pointer|
|tmp_147_ap_vld             |  out|    1|      ap_vld|                            tmp_147|       pointer|
|tmp_146                    |  out|   32|      ap_vld|                            tmp_146|       pointer|
|tmp_146_ap_vld             |  out|    1|      ap_vld|                            tmp_146|       pointer|
|tmp_145                    |  out|   32|      ap_vld|                            tmp_145|       pointer|
|tmp_145_ap_vld             |  out|    1|      ap_vld|                            tmp_145|       pointer|
|tmp_144                    |  out|   32|      ap_vld|                            tmp_144|       pointer|
|tmp_144_ap_vld             |  out|    1|      ap_vld|                            tmp_144|       pointer|
|tmp_143                    |  out|   32|      ap_vld|                            tmp_143|       pointer|
|tmp_143_ap_vld             |  out|    1|      ap_vld|                            tmp_143|       pointer|
|tmp_142                    |  out|   32|      ap_vld|                            tmp_142|       pointer|
|tmp_142_ap_vld             |  out|    1|      ap_vld|                            tmp_142|       pointer|
|tmp_141                    |  out|   32|      ap_vld|                            tmp_141|       pointer|
|tmp_141_ap_vld             |  out|    1|      ap_vld|                            tmp_141|       pointer|
|tmp_140                    |  out|   32|      ap_vld|                            tmp_140|       pointer|
|tmp_140_ap_vld             |  out|    1|      ap_vld|                            tmp_140|       pointer|
|tmp_139                    |  out|   32|      ap_vld|                            tmp_139|       pointer|
|tmp_139_ap_vld             |  out|    1|      ap_vld|                            tmp_139|       pointer|
|tmp_138                    |  out|   32|      ap_vld|                            tmp_138|       pointer|
|tmp_138_ap_vld             |  out|    1|      ap_vld|                            tmp_138|       pointer|
|tmp_137                    |  out|   32|      ap_vld|                            tmp_137|       pointer|
|tmp_137_ap_vld             |  out|    1|      ap_vld|                            tmp_137|       pointer|
|tmp_136                    |  out|   32|      ap_vld|                            tmp_136|       pointer|
|tmp_136_ap_vld             |  out|    1|      ap_vld|                            tmp_136|       pointer|
|tmp_135                    |  out|   32|      ap_vld|                            tmp_135|       pointer|
|tmp_135_ap_vld             |  out|    1|      ap_vld|                            tmp_135|       pointer|
|tmp_134                    |  out|   32|      ap_vld|                            tmp_134|       pointer|
|tmp_134_ap_vld             |  out|    1|      ap_vld|                            tmp_134|       pointer|
|tmp_133                    |  out|   32|      ap_vld|                            tmp_133|       pointer|
|tmp_133_ap_vld             |  out|    1|      ap_vld|                            tmp_133|       pointer|
|tmp_132                    |  out|   32|      ap_vld|                            tmp_132|       pointer|
|tmp_132_ap_vld             |  out|    1|      ap_vld|                            tmp_132|       pointer|
|tmp_131                    |  out|   32|      ap_vld|                            tmp_131|       pointer|
|tmp_131_ap_vld             |  out|    1|      ap_vld|                            tmp_131|       pointer|
|tmp_130                    |  out|   32|      ap_vld|                            tmp_130|       pointer|
|tmp_130_ap_vld             |  out|    1|      ap_vld|                            tmp_130|       pointer|
|tmp_129                    |  out|   32|      ap_vld|                            tmp_129|       pointer|
|tmp_129_ap_vld             |  out|    1|      ap_vld|                            tmp_129|       pointer|
|tmp_128                    |  out|   32|      ap_vld|                            tmp_128|       pointer|
|tmp_128_ap_vld             |  out|    1|      ap_vld|                            tmp_128|       pointer|
|tmp_127                    |  out|   32|      ap_vld|                            tmp_127|       pointer|
|tmp_127_ap_vld             |  out|    1|      ap_vld|                            tmp_127|       pointer|
|tmp_126                    |  out|   32|      ap_vld|                            tmp_126|       pointer|
|tmp_126_ap_vld             |  out|    1|      ap_vld|                            tmp_126|       pointer|
|tmp_125                    |  out|   32|      ap_vld|                            tmp_125|       pointer|
|tmp_125_ap_vld             |  out|    1|      ap_vld|                            tmp_125|       pointer|
|tmp_124                    |  out|   32|      ap_vld|                            tmp_124|       pointer|
|tmp_124_ap_vld             |  out|    1|      ap_vld|                            tmp_124|       pointer|
|tmp_123                    |  out|   32|      ap_vld|                            tmp_123|       pointer|
|tmp_123_ap_vld             |  out|    1|      ap_vld|                            tmp_123|       pointer|
|tmp_122                    |  out|   32|      ap_vld|                            tmp_122|       pointer|
|tmp_122_ap_vld             |  out|    1|      ap_vld|                            tmp_122|       pointer|
|tmp_121                    |  out|   32|      ap_vld|                            tmp_121|       pointer|
|tmp_121_ap_vld             |  out|    1|      ap_vld|                            tmp_121|       pointer|
|tmp_120                    |  out|   32|      ap_vld|                            tmp_120|       pointer|
|tmp_120_ap_vld             |  out|    1|      ap_vld|                            tmp_120|       pointer|
|tmp_119                    |  out|   32|      ap_vld|                            tmp_119|       pointer|
|tmp_119_ap_vld             |  out|    1|      ap_vld|                            tmp_119|       pointer|
|tmp_118                    |  out|   32|      ap_vld|                            tmp_118|       pointer|
|tmp_118_ap_vld             |  out|    1|      ap_vld|                            tmp_118|       pointer|
|tmp_117                    |  out|   32|      ap_vld|                            tmp_117|       pointer|
|tmp_117_ap_vld             |  out|    1|      ap_vld|                            tmp_117|       pointer|
|tmp_116                    |  out|   32|      ap_vld|                            tmp_116|       pointer|
|tmp_116_ap_vld             |  out|    1|      ap_vld|                            tmp_116|       pointer|
|tmp_115                    |  out|   32|      ap_vld|                            tmp_115|       pointer|
|tmp_115_ap_vld             |  out|    1|      ap_vld|                            tmp_115|       pointer|
|tmp_114                    |  out|   32|      ap_vld|                            tmp_114|       pointer|
|tmp_114_ap_vld             |  out|    1|      ap_vld|                            tmp_114|       pointer|
|tmp_113                    |  out|   32|      ap_vld|                            tmp_113|       pointer|
|tmp_113_ap_vld             |  out|    1|      ap_vld|                            tmp_113|       pointer|
|tmp_112                    |  out|   32|      ap_vld|                            tmp_112|       pointer|
|tmp_112_ap_vld             |  out|    1|      ap_vld|                            tmp_112|       pointer|
|tmp_111                    |  out|   32|      ap_vld|                            tmp_111|       pointer|
|tmp_111_ap_vld             |  out|    1|      ap_vld|                            tmp_111|       pointer|
|tmp_110                    |  out|   32|      ap_vld|                            tmp_110|       pointer|
|tmp_110_ap_vld             |  out|    1|      ap_vld|                            tmp_110|       pointer|
|tmp_109                    |  out|   32|      ap_vld|                            tmp_109|       pointer|
|tmp_109_ap_vld             |  out|    1|      ap_vld|                            tmp_109|       pointer|
|tmp_108                    |  out|   32|      ap_vld|                            tmp_108|       pointer|
|tmp_108_ap_vld             |  out|    1|      ap_vld|                            tmp_108|       pointer|
|tmp_107                    |  out|   32|      ap_vld|                            tmp_107|       pointer|
|tmp_107_ap_vld             |  out|    1|      ap_vld|                            tmp_107|       pointer|
|tmp_106                    |  out|   32|      ap_vld|                            tmp_106|       pointer|
|tmp_106_ap_vld             |  out|    1|      ap_vld|                            tmp_106|       pointer|
|tmp_105                    |  out|   32|      ap_vld|                            tmp_105|       pointer|
|tmp_105_ap_vld             |  out|    1|      ap_vld|                            tmp_105|       pointer|
|tmp_104                    |  out|   32|      ap_vld|                            tmp_104|       pointer|
|tmp_104_ap_vld             |  out|    1|      ap_vld|                            tmp_104|       pointer|
|tmp_103                    |  out|   32|      ap_vld|                            tmp_103|       pointer|
|tmp_103_ap_vld             |  out|    1|      ap_vld|                            tmp_103|       pointer|
|tmp_102                    |  out|   32|      ap_vld|                            tmp_102|       pointer|
|tmp_102_ap_vld             |  out|    1|      ap_vld|                            tmp_102|       pointer|
|tmp_101                    |  out|   32|      ap_vld|                            tmp_101|       pointer|
|tmp_101_ap_vld             |  out|    1|      ap_vld|                            tmp_101|       pointer|
|tmp_100                    |  out|   32|      ap_vld|                            tmp_100|       pointer|
|tmp_100_ap_vld             |  out|    1|      ap_vld|                            tmp_100|       pointer|
|tmp_99                     |  out|   32|      ap_vld|                             tmp_99|       pointer|
|tmp_99_ap_vld              |  out|    1|      ap_vld|                             tmp_99|       pointer|
|tmp_98                     |  out|   32|      ap_vld|                             tmp_98|       pointer|
|tmp_98_ap_vld              |  out|    1|      ap_vld|                             tmp_98|       pointer|
|tmp_97                     |  out|   32|      ap_vld|                             tmp_97|       pointer|
|tmp_97_ap_vld              |  out|    1|      ap_vld|                             tmp_97|       pointer|
|tmp_96                     |  out|   32|      ap_vld|                             tmp_96|       pointer|
|tmp_96_ap_vld              |  out|    1|      ap_vld|                             tmp_96|       pointer|
|tmp_95                     |  out|   32|      ap_vld|                             tmp_95|       pointer|
|tmp_95_ap_vld              |  out|    1|      ap_vld|                             tmp_95|       pointer|
|tmp_94                     |  out|   32|      ap_vld|                             tmp_94|       pointer|
|tmp_94_ap_vld              |  out|    1|      ap_vld|                             tmp_94|       pointer|
|tmp_93                     |  out|   32|      ap_vld|                             tmp_93|       pointer|
|tmp_93_ap_vld              |  out|    1|      ap_vld|                             tmp_93|       pointer|
|tmp_92                     |  out|   32|      ap_vld|                             tmp_92|       pointer|
|tmp_92_ap_vld              |  out|    1|      ap_vld|                             tmp_92|       pointer|
|tmp_91                     |  out|   32|      ap_vld|                             tmp_91|       pointer|
|tmp_91_ap_vld              |  out|    1|      ap_vld|                             tmp_91|       pointer|
|tmp_90                     |  out|   32|      ap_vld|                             tmp_90|       pointer|
|tmp_90_ap_vld              |  out|    1|      ap_vld|                             tmp_90|       pointer|
|tmp_89                     |  out|   32|      ap_vld|                             tmp_89|       pointer|
|tmp_89_ap_vld              |  out|    1|      ap_vld|                             tmp_89|       pointer|
|tmp_88                     |  out|   32|      ap_vld|                             tmp_88|       pointer|
|tmp_88_ap_vld              |  out|    1|      ap_vld|                             tmp_88|       pointer|
|tmp_87                     |  out|   32|      ap_vld|                             tmp_87|       pointer|
|tmp_87_ap_vld              |  out|    1|      ap_vld|                             tmp_87|       pointer|
|tmp_86                     |  out|   32|      ap_vld|                             tmp_86|       pointer|
|tmp_86_ap_vld              |  out|    1|      ap_vld|                             tmp_86|       pointer|
|tmp_85                     |  out|   32|      ap_vld|                             tmp_85|       pointer|
|tmp_85_ap_vld              |  out|    1|      ap_vld|                             tmp_85|       pointer|
|tmp_84                     |  out|   32|      ap_vld|                             tmp_84|       pointer|
|tmp_84_ap_vld              |  out|    1|      ap_vld|                             tmp_84|       pointer|
|tmp_83                     |  out|   32|      ap_vld|                             tmp_83|       pointer|
|tmp_83_ap_vld              |  out|    1|      ap_vld|                             tmp_83|       pointer|
|tmp_82                     |  out|   32|      ap_vld|                             tmp_82|       pointer|
|tmp_82_ap_vld              |  out|    1|      ap_vld|                             tmp_82|       pointer|
|tmp_81                     |  out|   32|      ap_vld|                             tmp_81|       pointer|
|tmp_81_ap_vld              |  out|    1|      ap_vld|                             tmp_81|       pointer|
|tmp_80                     |  out|   32|      ap_vld|                             tmp_80|       pointer|
|tmp_80_ap_vld              |  out|    1|      ap_vld|                             tmp_80|       pointer|
|tmp_79                     |  out|   32|      ap_vld|                             tmp_79|       pointer|
|tmp_79_ap_vld              |  out|    1|      ap_vld|                             tmp_79|       pointer|
|tmp_78                     |  out|   32|      ap_vld|                             tmp_78|       pointer|
|tmp_78_ap_vld              |  out|    1|      ap_vld|                             tmp_78|       pointer|
|tmp_77                     |  out|   32|      ap_vld|                             tmp_77|       pointer|
|tmp_77_ap_vld              |  out|    1|      ap_vld|                             tmp_77|       pointer|
|tmp_76                     |  out|   32|      ap_vld|                             tmp_76|       pointer|
|tmp_76_ap_vld              |  out|    1|      ap_vld|                             tmp_76|       pointer|
|tmp_75                     |  out|   32|      ap_vld|                             tmp_75|       pointer|
|tmp_75_ap_vld              |  out|    1|      ap_vld|                             tmp_75|       pointer|
|tmp_74                     |  out|   32|      ap_vld|                             tmp_74|       pointer|
|tmp_74_ap_vld              |  out|    1|      ap_vld|                             tmp_74|       pointer|
|tmp_73                     |  out|   32|      ap_vld|                             tmp_73|       pointer|
|tmp_73_ap_vld              |  out|    1|      ap_vld|                             tmp_73|       pointer|
|tmp_72                     |  out|   32|      ap_vld|                             tmp_72|       pointer|
|tmp_72_ap_vld              |  out|    1|      ap_vld|                             tmp_72|       pointer|
|tmp_71                     |  out|   32|      ap_vld|                             tmp_71|       pointer|
|tmp_71_ap_vld              |  out|    1|      ap_vld|                             tmp_71|       pointer|
|tmp_70                     |  out|   32|      ap_vld|                             tmp_70|       pointer|
|tmp_70_ap_vld              |  out|    1|      ap_vld|                             tmp_70|       pointer|
|tmp_69                     |  out|   32|      ap_vld|                             tmp_69|       pointer|
|tmp_69_ap_vld              |  out|    1|      ap_vld|                             tmp_69|       pointer|
|tmp_68                     |  out|   32|      ap_vld|                             tmp_68|       pointer|
|tmp_68_ap_vld              |  out|    1|      ap_vld|                             tmp_68|       pointer|
|tmp_67                     |  out|   32|      ap_vld|                             tmp_67|       pointer|
|tmp_67_ap_vld              |  out|    1|      ap_vld|                             tmp_67|       pointer|
|tmp_66                     |  out|   32|      ap_vld|                             tmp_66|       pointer|
|tmp_66_ap_vld              |  out|    1|      ap_vld|                             tmp_66|       pointer|
|tmp_65                     |  out|   32|      ap_vld|                             tmp_65|       pointer|
|tmp_65_ap_vld              |  out|    1|      ap_vld|                             tmp_65|       pointer|
|tmp_64                     |  out|   32|      ap_vld|                             tmp_64|       pointer|
|tmp_64_ap_vld              |  out|    1|      ap_vld|                             tmp_64|       pointer|
|tmp_63                     |  out|   32|      ap_vld|                             tmp_63|       pointer|
|tmp_63_ap_vld              |  out|    1|      ap_vld|                             tmp_63|       pointer|
|tmp_62                     |  out|   32|      ap_vld|                             tmp_62|       pointer|
|tmp_62_ap_vld              |  out|    1|      ap_vld|                             tmp_62|       pointer|
|tmp_61                     |  out|   32|      ap_vld|                             tmp_61|       pointer|
|tmp_61_ap_vld              |  out|    1|      ap_vld|                             tmp_61|       pointer|
|tmp_60                     |  out|   32|      ap_vld|                             tmp_60|       pointer|
|tmp_60_ap_vld              |  out|    1|      ap_vld|                             tmp_60|       pointer|
|tmp_59                     |  out|   32|      ap_vld|                             tmp_59|       pointer|
|tmp_59_ap_vld              |  out|    1|      ap_vld|                             tmp_59|       pointer|
|tmp_58                     |  out|   32|      ap_vld|                             tmp_58|       pointer|
|tmp_58_ap_vld              |  out|    1|      ap_vld|                             tmp_58|       pointer|
|tmp_57                     |  out|   32|      ap_vld|                             tmp_57|       pointer|
|tmp_57_ap_vld              |  out|    1|      ap_vld|                             tmp_57|       pointer|
|tmp_56                     |  out|   32|      ap_vld|                             tmp_56|       pointer|
|tmp_56_ap_vld              |  out|    1|      ap_vld|                             tmp_56|       pointer|
|tmp_55                     |  out|   32|      ap_vld|                             tmp_55|       pointer|
|tmp_55_ap_vld              |  out|    1|      ap_vld|                             tmp_55|       pointer|
|tmp_54                     |  out|   32|      ap_vld|                             tmp_54|       pointer|
|tmp_54_ap_vld              |  out|    1|      ap_vld|                             tmp_54|       pointer|
|tmp_53                     |  out|   32|      ap_vld|                             tmp_53|       pointer|
|tmp_53_ap_vld              |  out|    1|      ap_vld|                             tmp_53|       pointer|
|tmp_52                     |  out|   32|      ap_vld|                             tmp_52|       pointer|
|tmp_52_ap_vld              |  out|    1|      ap_vld|                             tmp_52|       pointer|
|tmp_51                     |  out|   32|      ap_vld|                             tmp_51|       pointer|
|tmp_51_ap_vld              |  out|    1|      ap_vld|                             tmp_51|       pointer|
|tmp_50                     |  out|   32|      ap_vld|                             tmp_50|       pointer|
|tmp_50_ap_vld              |  out|    1|      ap_vld|                             tmp_50|       pointer|
|tmp_49                     |  out|   32|      ap_vld|                             tmp_49|       pointer|
|tmp_49_ap_vld              |  out|    1|      ap_vld|                             tmp_49|       pointer|
|tmp_48                     |  out|   32|      ap_vld|                             tmp_48|       pointer|
|tmp_48_ap_vld              |  out|    1|      ap_vld|                             tmp_48|       pointer|
|tmp_47                     |  out|   32|      ap_vld|                             tmp_47|       pointer|
|tmp_47_ap_vld              |  out|    1|      ap_vld|                             tmp_47|       pointer|
|tmp_46                     |  out|   32|      ap_vld|                             tmp_46|       pointer|
|tmp_46_ap_vld              |  out|    1|      ap_vld|                             tmp_46|       pointer|
|tmp_45                     |  out|   32|      ap_vld|                             tmp_45|       pointer|
|tmp_45_ap_vld              |  out|    1|      ap_vld|                             tmp_45|       pointer|
|tmp_44                     |  out|   32|      ap_vld|                             tmp_44|       pointer|
|tmp_44_ap_vld              |  out|    1|      ap_vld|                             tmp_44|       pointer|
|tmp_43                     |  out|   32|      ap_vld|                             tmp_43|       pointer|
|tmp_43_ap_vld              |  out|    1|      ap_vld|                             tmp_43|       pointer|
|tmp_42                     |  out|   32|      ap_vld|                             tmp_42|       pointer|
|tmp_42_ap_vld              |  out|    1|      ap_vld|                             tmp_42|       pointer|
|tmp_41                     |  out|   32|      ap_vld|                             tmp_41|       pointer|
|tmp_41_ap_vld              |  out|    1|      ap_vld|                             tmp_41|       pointer|
|tmp_40                     |  out|   32|      ap_vld|                             tmp_40|       pointer|
|tmp_40_ap_vld              |  out|    1|      ap_vld|                             tmp_40|       pointer|
|tmp_39                     |  out|   32|      ap_vld|                             tmp_39|       pointer|
|tmp_39_ap_vld              |  out|    1|      ap_vld|                             tmp_39|       pointer|
|tmp_38                     |  out|   32|      ap_vld|                             tmp_38|       pointer|
|tmp_38_ap_vld              |  out|    1|      ap_vld|                             tmp_38|       pointer|
|tmp_37                     |  out|   32|      ap_vld|                             tmp_37|       pointer|
|tmp_37_ap_vld              |  out|    1|      ap_vld|                             tmp_37|       pointer|
|tmp_36                     |  out|   32|      ap_vld|                             tmp_36|       pointer|
|tmp_36_ap_vld              |  out|    1|      ap_vld|                             tmp_36|       pointer|
|tmp_35                     |  out|   32|      ap_vld|                             tmp_35|       pointer|
|tmp_35_ap_vld              |  out|    1|      ap_vld|                             tmp_35|       pointer|
|tmp_34                     |  out|   32|      ap_vld|                             tmp_34|       pointer|
|tmp_34_ap_vld              |  out|    1|      ap_vld|                             tmp_34|       pointer|
|tmp_33                     |  out|   32|      ap_vld|                             tmp_33|       pointer|
|tmp_33_ap_vld              |  out|    1|      ap_vld|                             tmp_33|       pointer|
|tmp_32                     |  out|   32|      ap_vld|                             tmp_32|       pointer|
|tmp_32_ap_vld              |  out|    1|      ap_vld|                             tmp_32|       pointer|
|tmp_31                     |  out|   32|      ap_vld|                             tmp_31|       pointer|
|tmp_31_ap_vld              |  out|    1|      ap_vld|                             tmp_31|       pointer|
|tmp_30                     |  out|   32|      ap_vld|                             tmp_30|       pointer|
|tmp_30_ap_vld              |  out|    1|      ap_vld|                             tmp_30|       pointer|
|tmp_29                     |  out|   32|      ap_vld|                             tmp_29|       pointer|
|tmp_29_ap_vld              |  out|    1|      ap_vld|                             tmp_29|       pointer|
|tmp_28                     |  out|   32|      ap_vld|                             tmp_28|       pointer|
|tmp_28_ap_vld              |  out|    1|      ap_vld|                             tmp_28|       pointer|
|tmp_27                     |  out|   32|      ap_vld|                             tmp_27|       pointer|
|tmp_27_ap_vld              |  out|    1|      ap_vld|                             tmp_27|       pointer|
|tmp_26                     |  out|   32|      ap_vld|                             tmp_26|       pointer|
|tmp_26_ap_vld              |  out|    1|      ap_vld|                             tmp_26|       pointer|
|tmp_25                     |  out|   32|      ap_vld|                             tmp_25|       pointer|
|tmp_25_ap_vld              |  out|    1|      ap_vld|                             tmp_25|       pointer|
|tmp_24                     |  out|   32|      ap_vld|                             tmp_24|       pointer|
|tmp_24_ap_vld              |  out|    1|      ap_vld|                             tmp_24|       pointer|
|tmp_23                     |  out|   32|      ap_vld|                             tmp_23|       pointer|
|tmp_23_ap_vld              |  out|    1|      ap_vld|                             tmp_23|       pointer|
|tmp_22                     |  out|   32|      ap_vld|                             tmp_22|       pointer|
|tmp_22_ap_vld              |  out|    1|      ap_vld|                             tmp_22|       pointer|
|tmp_21                     |  out|   32|      ap_vld|                             tmp_21|       pointer|
|tmp_21_ap_vld              |  out|    1|      ap_vld|                             tmp_21|       pointer|
|tmp_20                     |  out|   32|      ap_vld|                             tmp_20|       pointer|
|tmp_20_ap_vld              |  out|    1|      ap_vld|                             tmp_20|       pointer|
|tmp_19                     |  out|   32|      ap_vld|                             tmp_19|       pointer|
|tmp_19_ap_vld              |  out|    1|      ap_vld|                             tmp_19|       pointer|
|tmp_18                     |  out|   32|      ap_vld|                             tmp_18|       pointer|
|tmp_18_ap_vld              |  out|    1|      ap_vld|                             tmp_18|       pointer|
|tmp_17                     |  out|   32|      ap_vld|                             tmp_17|       pointer|
|tmp_17_ap_vld              |  out|    1|      ap_vld|                             tmp_17|       pointer|
|tmp_16                     |  out|   32|      ap_vld|                             tmp_16|       pointer|
|tmp_16_ap_vld              |  out|    1|      ap_vld|                             tmp_16|       pointer|
|tmp_15                     |  out|   32|      ap_vld|                             tmp_15|       pointer|
|tmp_15_ap_vld              |  out|    1|      ap_vld|                             tmp_15|       pointer|
|tmp_14                     |  out|   32|      ap_vld|                             tmp_14|       pointer|
|tmp_14_ap_vld              |  out|    1|      ap_vld|                             tmp_14|       pointer|
|tmp_13                     |  out|   32|      ap_vld|                             tmp_13|       pointer|
|tmp_13_ap_vld              |  out|    1|      ap_vld|                             tmp_13|       pointer|
|tmp_12                     |  out|   32|      ap_vld|                             tmp_12|       pointer|
|tmp_12_ap_vld              |  out|    1|      ap_vld|                             tmp_12|       pointer|
|tmp_11                     |  out|   32|      ap_vld|                             tmp_11|       pointer|
|tmp_11_ap_vld              |  out|    1|      ap_vld|                             tmp_11|       pointer|
|tmp_10                     |  out|   32|      ap_vld|                             tmp_10|       pointer|
|tmp_10_ap_vld              |  out|    1|      ap_vld|                             tmp_10|       pointer|
|tmp_9                      |  out|   32|      ap_vld|                              tmp_9|       pointer|
|tmp_9_ap_vld               |  out|    1|      ap_vld|                              tmp_9|       pointer|
|tmp_8                      |  out|   32|      ap_vld|                              tmp_8|       pointer|
|tmp_8_ap_vld               |  out|    1|      ap_vld|                              tmp_8|       pointer|
|tmp_7                      |  out|   32|      ap_vld|                              tmp_7|       pointer|
|tmp_7_ap_vld               |  out|    1|      ap_vld|                              tmp_7|       pointer|
|tmp_6                      |  out|   32|      ap_vld|                              tmp_6|       pointer|
|tmp_6_ap_vld               |  out|    1|      ap_vld|                              tmp_6|       pointer|
|tmp_5                      |  out|   32|      ap_vld|                              tmp_5|       pointer|
|tmp_5_ap_vld               |  out|    1|      ap_vld|                              tmp_5|       pointer|
|tmp_4                      |  out|   32|      ap_vld|                              tmp_4|       pointer|
|tmp_4_ap_vld               |  out|    1|      ap_vld|                              tmp_4|       pointer|
|tmp_3                      |  out|   32|      ap_vld|                              tmp_3|       pointer|
|tmp_3_ap_vld               |  out|    1|      ap_vld|                              tmp_3|       pointer|
|tmp_2                      |  out|   32|      ap_vld|                              tmp_2|       pointer|
|tmp_2_ap_vld               |  out|    1|      ap_vld|                              tmp_2|       pointer|
+---------------------------+-----+-----+------------+-----------------------------------+--------------+

