

================================================================
== Vitis HLS Report for 'kernel_nlp_slr0'
================================================================
* Date:           Wed Jan  8 11:56:50 2025

* Version:        2023.2 (Build 4023990 on Oct 11 2023)
* Project:        kernel_nlp_slr0
* Solution:       solution (Vitis Kernel Flow Target)
* Product family: virtexuplusHBM
* Target device:  xcu55c-fsvh2892-2L-e


================================================================
== Performance Estimates
================================================================
+ Timing: 
    * Summary: 
    +--------+---------+----------+------------+
    |  Clock |  Target | Estimated| Uncertainty|
    +--------+---------+----------+------------+
    |ap_clk  |  4.55 ns|  3.318 ns|     1.23 ns|
    +--------+---------+----------+------------+

+ Latency: 
    * Summary: 
    +---------+---------+-----------+-----------+-------+-------+----------+
    |  Latency (cycles) |   Latency (absolute)  |    Interval   | Pipeline |
    |   min   |   max   |    min    |    max    |  min  |  max  |   Type   |
    +---------+---------+-----------+-----------+-------+-------+----------+
    |    16233|    16233|  73.779 us|  73.779 us|  16161|  16161|  dataflow|
    +---------+---------+-----------+-----------+-------+-------+----------+

    + Detail: 
        * Instance: 
        +-------------------------+----------------------+---------+---------+-----------+-----------+-------+-------+---------+
        |                         |                      |  Latency (cycles) |   Latency (absolute)  |    Interval   | Pipeline|
        |         Instance        |        Module        |   min   |   max   |    min    |    max    |  min  |  max  |   Type  |
        +-------------------------+----------------------+---------+---------+-----------+-----------+-------+-------+---------+
        |entry_proc4_U0           |entry_proc4           |        0|        0|       0 ns|       0 ns|      0|      0|       no|
        |load_vA_for_task3_U0     |load_vA_for_task3     |    10267|    10267|  46.664 us|  46.664 us|  10267|  10267|       no|
        |load_vx_for_task1_U0     |load_vx_for_task1     |      100|      100|   0.455 us|   0.455 us|    100|    100|       no|
        |load_vA_for_task1_U0     |load_vA_for_task1     |    10474|    10474|  47.604 us|  47.604 us|  10474|  10474|       no|
        |store_vy_for_task3_U0    |store_vy_for_task3    |       97|       97|   0.441 us|   0.441 us|     97|     97|       no|
        |FT0_level0_U0            |FT0_level0            |    16160|    16160|  73.447 us|  73.447 us|  16160|  16160|       no|
        |store_vtmp_for_task1_U0  |store_vtmp_for_task1  |      122|      122|   0.554 us|   0.554 us|    122|    122|       no|
        +-------------------------+----------------------+---------+---------+-----------+-----------+-------+-------+---------+

        * Loop: 
        N/A



================================================================
== Utilization Estimates
================================================================
* Summary: 
+---------------------+---------+------+---------+---------+-----+
|         Name        | BRAM_18K|  DSP |    FF   |   LUT   | URAM|
+---------------------+---------+------+---------+---------+-----+
|DSP                  |        -|     -|        -|        -|    -|
|Expression           |        -|     -|        0|       28|    -|
|FIFO                 |       38|     -|     2660|     1456|    -|
|Instance             |      648|   210|    50540|    38364|    0|
|Memory               |        -|     -|        -|        -|    -|
|Multiplexer          |        -|     -|        -|       45|    -|
|Register             |        -|     -|        8|        -|    -|
+---------------------+---------+------+---------+---------+-----+
|Total                |      686|   210|    53208|    39893|    0|
+---------------------+---------+------+---------+---------+-----+
|Available SLR        |     1344|  3008|   869120|   434560|  320|
+---------------------+---------+------+---------+---------+-----+
|Utilization SLR (%)  |       51|     6|        6|        9|    0|
+---------------------+---------+------+---------+---------+-----+
|Available            |     4032|  9024|  2607360|  1303680|  960|
+---------------------+---------+------+---------+---------+-----+
|Utilization (%)      |       17|     2|        2|        3|    0|
+---------------------+---------+------+---------+---------+-----+

+ Detail: 
    * Instance: 
    +-------------------------------+-----------------------------+---------+-----+-------+-------+-----+
    |            Instance           |            Module           | BRAM_18K| DSP |   FF  |  LUT  | URAM|
    +-------------------------------+-----------------------------+---------+-----+-------+-------+-----+
    |FT0_level0_U0                  |FT0_level0                   |      512|  210|  29868|  24453|    0|
    |control_s_axi_U                |control_s_axi                |        0|    0|    386|    680|    0|
    |entry_proc4_U0                 |entry_proc4                  |        0|    0|      3|     29|    0|
    |kernel_vA_for_task1_m_axi_U    |kernel_vA_for_task1_m_axi    |       30|    0|   3521|   2695|    0|
    |kernel_vA_for_task3_m_axi_U    |kernel_vA_for_task3_m_axi    |       30|    0|   3521|   2695|    0|
    |kernel_vtmp_for_task1_m_axi_U  |kernel_vtmp_for_task1_m_axi  |       16|    0|   1963|   1644|    0|
    |kernel_vx_for_task1_m_axi_U    |kernel_vx_for_task1_m_axi    |       30|    0|   3521|   2695|    0|
    |kernel_vy_for_task3_m_axi_U    |kernel_vy_for_task3_m_axi    |       30|    0|   3521|   2695|    0|
    |load_vA_for_task1_U0           |load_vA_for_task1            |        0|    0|    803|    153|    0|
    |load_vA_for_task3_U0           |load_vA_for_task3            |        0|    0|    805|    157|    0|
    |load_vx_for_task1_U0           |load_vx_for_task1            |        0|    0|    795|    144|    0|
    |store_vtmp_for_task1_U0        |store_vtmp_for_task1         |        0|    0|    532|    168|    0|
    |store_vy_for_task3_U0          |store_vy_for_task3           |        0|    0|   1301|    156|    0|
    +-------------------------------+-----------------------------+---------+-----+-------+-------+-----+
    |Total                          |                             |      648|  210|  50540|  38364|    0|
    +-------------------------------+-----------------------------+---------+-----+-------+-------+-----+

    * DSP: 
    N/A

    * Memory: 
    N/A

    * FIFO: 
    +------------------------------+---------+------+----+-----+------+-----+---------+
    |             Name             | BRAM_18K|  FF  | LUT| URAM| Depth| Bits| Size:D*B|
    +------------------------------+---------+------+----+-----+------+-----+---------+
    |fifo_A_from_off_chip_to_S1_U  |       15|  1056|   0|    -|  1024|  512|   524288|
    |fifo_tmp_to_off_chip_U        |        8|   543|   0|    -|  1024|  256|   262144|
    |fifo_x_from_off_chip_to_S1_U  |       15|  1056|   0|    -|  1024|  512|   524288|
    |vtmp_for_task1_c_U            |        0|     5|   0|    -|     4|   64|      256|
    +------------------------------+---------+------+----+-----+------+-----+---------+
    |Total                         |       38|  2660|   0|    0|  3076| 1344|  1310976|
    +------------------------------+---------+------+----+-----+------+-----+---------+

    * Expression: 
    +----------------------------------------+----------+----+---+----+------------+------------+
    |              Variable Name             | Operation| DSP| FF| LUT| Bitwidth P0| Bitwidth P1|
    +----------------------------------------+----------+----+---+----+------------+------------+
    |ap_idle                                 |       and|   0|  0|   2|           1|           1|
    |ap_sync_continue                        |       and|   0|  0|   2|           1|           1|
    |ap_sync_done                            |       and|   0|  0|   2|           1|           1|
    |ap_sync_ready                           |       and|   0|  0|   2|           1|           1|
    |entry_proc4_U0_ap_start                 |       and|   0|  0|   2|           1|           1|
    |load_vA_for_task1_U0_ap_start           |       and|   0|  0|   2|           1|           1|
    |load_vA_for_task3_U0_ap_start           |       and|   0|  0|   2|           1|           1|
    |load_vx_for_task1_U0_ap_start           |       and|   0|  0|   2|           1|           1|
    |store_vy_for_task3_U0_ap_start          |       and|   0|  0|   2|           1|           1|
    |ap_sync_entry_proc4_U0_ap_ready         |        or|   0|  0|   2|           1|           1|
    |ap_sync_load_vA_for_task1_U0_ap_ready   |        or|   0|  0|   2|           1|           1|
    |ap_sync_load_vA_for_task3_U0_ap_ready   |        or|   0|  0|   2|           1|           1|
    |ap_sync_load_vx_for_task1_U0_ap_ready   |        or|   0|  0|   2|           1|           1|
    |ap_sync_store_vy_for_task3_U0_ap_ready  |        or|   0|  0|   2|           1|           1|
    +----------------------------------------+----------+----+---+----+------------+------------+
    |Total                                   |          |   0|  0|  28|          14|          14|
    +----------------------------------------+----------+----+---+----+------------+------------+

    * Multiplexer: 
    +--------------------------------------------+----+-----------+-----+-----------+
    |                    Name                    | LUT| Input Size| Bits| Total Bits|
    +--------------------------------------------+----+-----------+-----+-----------+
    |ap_sync_reg_entry_proc4_U0_ap_ready         |   9|          2|    1|          2|
    |ap_sync_reg_load_vA_for_task1_U0_ap_ready   |   9|          2|    1|          2|
    |ap_sync_reg_load_vA_for_task3_U0_ap_ready   |   9|          2|    1|          2|
    |ap_sync_reg_load_vx_for_task1_U0_ap_ready   |   9|          2|    1|          2|
    |ap_sync_reg_store_vy_for_task3_U0_ap_ready  |   9|          2|    1|          2|
    +--------------------------------------------+----+-----------+-----+-----------+
    |Total                                       |  45|         10|    5|         10|
    +--------------------------------------------+----+-----------+-----+-----------+

    * Register: 
    +--------------------------------------------+---+----+-----+-----------+
    |                    Name                    | FF| LUT| Bits| Const Bits|
    +--------------------------------------------+---+----+-----+-----------+
    |ap_rst_n_inv                                |  1|   0|    1|          0|
    |ap_rst_reg_1                                |  1|   0|    1|          0|
    |ap_rst_reg_2                                |  1|   0|    1|          0|
    |ap_sync_reg_entry_proc4_U0_ap_ready         |  1|   0|    1|          0|
    |ap_sync_reg_load_vA_for_task1_U0_ap_ready   |  1|   0|    1|          0|
    |ap_sync_reg_load_vA_for_task3_U0_ap_ready   |  1|   0|    1|          0|
    |ap_sync_reg_load_vx_for_task1_U0_ap_ready   |  1|   0|    1|          0|
    |ap_sync_reg_store_vy_for_task3_U0_ap_ready  |  1|   0|    1|          0|
    +--------------------------------------------+---+----+-----+-----------+
    |Total                                       |  8|   0|    8|          0|
    +--------------------------------------------+---+----+-----+-----------+



================================================================
== Interface
================================================================
* Summary: 
+--------------------------------------+-----+-----+---------------+---------------------------------------+--------------+
|               RTL Ports              | Dir | Bits|    Protocol   |             Source Object             |    C Type    |
+--------------------------------------+-----+-----+---------------+---------------------------------------+--------------+
|s_axi_control_AWVALID                 |   in|    1|          s_axi|                                control|        scalar|
|s_axi_control_AWREADY                 |  out|    1|          s_axi|                                control|        scalar|
|s_axi_control_AWADDR                  |   in|    7|          s_axi|                                control|        scalar|
|s_axi_control_WVALID                  |   in|    1|          s_axi|                                control|        scalar|
|s_axi_control_WREADY                  |  out|    1|          s_axi|                                control|        scalar|
|s_axi_control_WDATA                   |   in|   32|          s_axi|                                control|        scalar|
|s_axi_control_WSTRB                   |   in|    4|          s_axi|                                control|        scalar|
|s_axi_control_ARVALID                 |   in|    1|          s_axi|                                control|        scalar|
|s_axi_control_ARREADY                 |  out|    1|          s_axi|                                control|        scalar|
|s_axi_control_ARADDR                  |   in|    7|          s_axi|                                control|        scalar|
|s_axi_control_RVALID                  |  out|    1|          s_axi|                                control|        scalar|
|s_axi_control_RREADY                  |   in|    1|          s_axi|                                control|        scalar|
|s_axi_control_RDATA                   |  out|   32|          s_axi|                                control|        scalar|
|s_axi_control_RRESP                   |  out|    2|          s_axi|                                control|        scalar|
|s_axi_control_BVALID                  |  out|    1|          s_axi|                                control|        scalar|
|s_axi_control_BREADY                  |   in|    1|          s_axi|                                control|        scalar|
|s_axi_control_BRESP                   |  out|    2|          s_axi|                                control|        scalar|
|ap_clk                                |   in|    1|  ap_ctrl_chain|                        kernel_nlp_slr0|  return value|
|ap_rst_n                              |   in|    1|  ap_ctrl_chain|                        kernel_nlp_slr0|  return value|
|interrupt                             |  out|    1|  ap_ctrl_chain|                        kernel_nlp_slr0|  return value|
|m_axi_kernel_vA_for_task1_AWVALID     |  out|    1|          m_axi|                    kernel_vA_for_task1|       pointer|
|m_axi_kernel_vA_for_task1_AWREADY     |   in|    1|          m_axi|                    kernel_vA_for_task1|       pointer|
|m_axi_kernel_vA_for_task1_AWADDR      |  out|   64|          m_axi|                    kernel_vA_for_task1|       pointer|
|m_axi_kernel_vA_for_task1_AWID        |  out|    1|          m_axi|                    kernel_vA_for_task1|       pointer|
|m_axi_kernel_vA_for_task1_AWLEN       |  out|    8|          m_axi|                    kernel_vA_for_task1|       pointer|
|m_axi_kernel_vA_for_task1_AWSIZE      |  out|    3|          m_axi|                    kernel_vA_for_task1|       pointer|
|m_axi_kernel_vA_for_task1_AWBURST     |  out|    2|          m_axi|                    kernel_vA_for_task1|       pointer|
|m_axi_kernel_vA_for_task1_AWLOCK      |  out|    2|          m_axi|                    kernel_vA_for_task1|       pointer|
|m_axi_kernel_vA_for_task1_AWCACHE     |  out|    4|          m_axi|                    kernel_vA_for_task1|       pointer|
|m_axi_kernel_vA_for_task1_AWPROT      |  out|    3|          m_axi|                    kernel_vA_for_task1|       pointer|
|m_axi_kernel_vA_for_task1_AWQOS       |  out|    4|          m_axi|                    kernel_vA_for_task1|       pointer|
|m_axi_kernel_vA_for_task1_AWREGION    |  out|    4|          m_axi|                    kernel_vA_for_task1|       pointer|
|m_axi_kernel_vA_for_task1_AWUSER      |  out|    1|          m_axi|                    kernel_vA_for_task1|       pointer|
|m_axi_kernel_vA_for_task1_WVALID      |  out|    1|          m_axi|                    kernel_vA_for_task1|       pointer|
|m_axi_kernel_vA_for_task1_WREADY      |   in|    1|          m_axi|                    kernel_vA_for_task1|       pointer|
|m_axi_kernel_vA_for_task1_WDATA       |  out|  512|          m_axi|                    kernel_vA_for_task1|       pointer|
|m_axi_kernel_vA_for_task1_WSTRB       |  out|   64|          m_axi|                    kernel_vA_for_task1|       pointer|
|m_axi_kernel_vA_for_task1_WLAST       |  out|    1|          m_axi|                    kernel_vA_for_task1|       pointer|
|m_axi_kernel_vA_for_task1_WID         |  out|    1|          m_axi|                    kernel_vA_for_task1|       pointer|
|m_axi_kernel_vA_for_task1_WUSER       |  out|    1|          m_axi|                    kernel_vA_for_task1|       pointer|
|m_axi_kernel_vA_for_task1_ARVALID     |  out|    1|          m_axi|                    kernel_vA_for_task1|       pointer|
|m_axi_kernel_vA_for_task1_ARREADY     |   in|    1|          m_axi|                    kernel_vA_for_task1|       pointer|
|m_axi_kernel_vA_for_task1_ARADDR      |  out|   64|          m_axi|                    kernel_vA_for_task1|       pointer|
|m_axi_kernel_vA_for_task1_ARID        |  out|    1|          m_axi|                    kernel_vA_for_task1|       pointer|
|m_axi_kernel_vA_for_task1_ARLEN       |  out|    8|          m_axi|                    kernel_vA_for_task1|       pointer|
|m_axi_kernel_vA_for_task1_ARSIZE      |  out|    3|          m_axi|                    kernel_vA_for_task1|       pointer|
|m_axi_kernel_vA_for_task1_ARBURST     |  out|    2|          m_axi|                    kernel_vA_for_task1|       pointer|
|m_axi_kernel_vA_for_task1_ARLOCK      |  out|    2|          m_axi|                    kernel_vA_for_task1|       pointer|
|m_axi_kernel_vA_for_task1_ARCACHE     |  out|    4|          m_axi|                    kernel_vA_for_task1|       pointer|
|m_axi_kernel_vA_for_task1_ARPROT      |  out|    3|          m_axi|                    kernel_vA_for_task1|       pointer|
|m_axi_kernel_vA_for_task1_ARQOS       |  out|    4|          m_axi|                    kernel_vA_for_task1|       pointer|
|m_axi_kernel_vA_for_task1_ARREGION    |  out|    4|          m_axi|                    kernel_vA_for_task1|       pointer|
|m_axi_kernel_vA_for_task1_ARUSER      |  out|    1|          m_axi|                    kernel_vA_for_task1|       pointer|
|m_axi_kernel_vA_for_task1_RVALID      |   in|    1|          m_axi|                    kernel_vA_for_task1|       pointer|
|m_axi_kernel_vA_for_task1_RREADY      |  out|    1|          m_axi|                    kernel_vA_for_task1|       pointer|
|m_axi_kernel_vA_for_task1_RDATA       |   in|  512|          m_axi|                    kernel_vA_for_task1|       pointer|
|m_axi_kernel_vA_for_task1_RLAST       |   in|    1|          m_axi|                    kernel_vA_for_task1|       pointer|
|m_axi_kernel_vA_for_task1_RID         |   in|    1|          m_axi|                    kernel_vA_for_task1|       pointer|
|m_axi_kernel_vA_for_task1_RUSER       |   in|    1|          m_axi|                    kernel_vA_for_task1|       pointer|
|m_axi_kernel_vA_for_task1_RRESP       |   in|    2|          m_axi|                    kernel_vA_for_task1|       pointer|
|m_axi_kernel_vA_for_task1_BVALID      |   in|    1|          m_axi|                    kernel_vA_for_task1|       pointer|
|m_axi_kernel_vA_for_task1_BREADY      |  out|    1|          m_axi|                    kernel_vA_for_task1|       pointer|
|m_axi_kernel_vA_for_task1_BRESP       |   in|    2|          m_axi|                    kernel_vA_for_task1|       pointer|
|m_axi_kernel_vA_for_task1_BID         |   in|    1|          m_axi|                    kernel_vA_for_task1|       pointer|
|m_axi_kernel_vA_for_task1_BUSER       |   in|    1|          m_axi|                    kernel_vA_for_task1|       pointer|
|m_axi_kernel_vA_for_task3_AWVALID     |  out|    1|          m_axi|                    kernel_vA_for_task3|       pointer|
|m_axi_kernel_vA_for_task3_AWREADY     |   in|    1|          m_axi|                    kernel_vA_for_task3|       pointer|
|m_axi_kernel_vA_for_task3_AWADDR      |  out|   64|          m_axi|                    kernel_vA_for_task3|       pointer|
|m_axi_kernel_vA_for_task3_AWID        |  out|    1|          m_axi|                    kernel_vA_for_task3|       pointer|
|m_axi_kernel_vA_for_task3_AWLEN       |  out|    8|          m_axi|                    kernel_vA_for_task3|       pointer|
|m_axi_kernel_vA_for_task3_AWSIZE      |  out|    3|          m_axi|                    kernel_vA_for_task3|       pointer|
|m_axi_kernel_vA_for_task3_AWBURST     |  out|    2|          m_axi|                    kernel_vA_for_task3|       pointer|
|m_axi_kernel_vA_for_task3_AWLOCK      |  out|    2|          m_axi|                    kernel_vA_for_task3|       pointer|
|m_axi_kernel_vA_for_task3_AWCACHE     |  out|    4|          m_axi|                    kernel_vA_for_task3|       pointer|
|m_axi_kernel_vA_for_task3_AWPROT      |  out|    3|          m_axi|                    kernel_vA_for_task3|       pointer|
|m_axi_kernel_vA_for_task3_AWQOS       |  out|    4|          m_axi|                    kernel_vA_for_task3|       pointer|
|m_axi_kernel_vA_for_task3_AWREGION    |  out|    4|          m_axi|                    kernel_vA_for_task3|       pointer|
|m_axi_kernel_vA_for_task3_AWUSER      |  out|    1|          m_axi|                    kernel_vA_for_task3|       pointer|
|m_axi_kernel_vA_for_task3_WVALID      |  out|    1|          m_axi|                    kernel_vA_for_task3|       pointer|
|m_axi_kernel_vA_for_task3_WREADY      |   in|    1|          m_axi|                    kernel_vA_for_task3|       pointer|
|m_axi_kernel_vA_for_task3_WDATA       |  out|  512|          m_axi|                    kernel_vA_for_task3|       pointer|
|m_axi_kernel_vA_for_task3_WSTRB       |  out|   64|          m_axi|                    kernel_vA_for_task3|       pointer|
|m_axi_kernel_vA_for_task3_WLAST       |  out|    1|          m_axi|                    kernel_vA_for_task3|       pointer|
|m_axi_kernel_vA_for_task3_WID         |  out|    1|          m_axi|                    kernel_vA_for_task3|       pointer|
|m_axi_kernel_vA_for_task3_WUSER       |  out|    1|          m_axi|                    kernel_vA_for_task3|       pointer|
|m_axi_kernel_vA_for_task3_ARVALID     |  out|    1|          m_axi|                    kernel_vA_for_task3|       pointer|
|m_axi_kernel_vA_for_task3_ARREADY     |   in|    1|          m_axi|                    kernel_vA_for_task3|       pointer|
|m_axi_kernel_vA_for_task3_ARADDR      |  out|   64|          m_axi|                    kernel_vA_for_task3|       pointer|
|m_axi_kernel_vA_for_task3_ARID        |  out|    1|          m_axi|                    kernel_vA_for_task3|       pointer|
|m_axi_kernel_vA_for_task3_ARLEN       |  out|    8|          m_axi|                    kernel_vA_for_task3|       pointer|
|m_axi_kernel_vA_for_task3_ARSIZE      |  out|    3|          m_axi|                    kernel_vA_for_task3|       pointer|
|m_axi_kernel_vA_for_task3_ARBURST     |  out|    2|          m_axi|                    kernel_vA_for_task3|       pointer|
|m_axi_kernel_vA_for_task3_ARLOCK      |  out|    2|          m_axi|                    kernel_vA_for_task3|       pointer|
|m_axi_kernel_vA_for_task3_ARCACHE     |  out|    4|          m_axi|                    kernel_vA_for_task3|       pointer|
|m_axi_kernel_vA_for_task3_ARPROT      |  out|    3|          m_axi|                    kernel_vA_for_task3|       pointer|
|m_axi_kernel_vA_for_task3_ARQOS       |  out|    4|          m_axi|                    kernel_vA_for_task3|       pointer|
|m_axi_kernel_vA_for_task3_ARREGION    |  out|    4|          m_axi|                    kernel_vA_for_task3|       pointer|
|m_axi_kernel_vA_for_task3_ARUSER      |  out|    1|          m_axi|                    kernel_vA_for_task3|       pointer|
|m_axi_kernel_vA_for_task3_RVALID      |   in|    1|          m_axi|                    kernel_vA_for_task3|       pointer|
|m_axi_kernel_vA_for_task3_RREADY      |  out|    1|          m_axi|                    kernel_vA_for_task3|       pointer|
|m_axi_kernel_vA_for_task3_RDATA       |   in|  512|          m_axi|                    kernel_vA_for_task3|       pointer|
|m_axi_kernel_vA_for_task3_RLAST       |   in|    1|          m_axi|                    kernel_vA_for_task3|       pointer|
|m_axi_kernel_vA_for_task3_RID         |   in|    1|          m_axi|                    kernel_vA_for_task3|       pointer|
|m_axi_kernel_vA_for_task3_RUSER       |   in|    1|          m_axi|                    kernel_vA_for_task3|       pointer|
|m_axi_kernel_vA_for_task3_RRESP       |   in|    2|          m_axi|                    kernel_vA_for_task3|       pointer|
|m_axi_kernel_vA_for_task3_BVALID      |   in|    1|          m_axi|                    kernel_vA_for_task3|       pointer|
|m_axi_kernel_vA_for_task3_BREADY      |  out|    1|          m_axi|                    kernel_vA_for_task3|       pointer|
|m_axi_kernel_vA_for_task3_BRESP       |   in|    2|          m_axi|                    kernel_vA_for_task3|       pointer|
|m_axi_kernel_vA_for_task3_BID         |   in|    1|          m_axi|                    kernel_vA_for_task3|       pointer|
|m_axi_kernel_vA_for_task3_BUSER       |   in|    1|          m_axi|                    kernel_vA_for_task3|       pointer|
|m_axi_kernel_vtmp_for_task1_AWVALID   |  out|    1|          m_axi|                  kernel_vtmp_for_task1|       pointer|
|m_axi_kernel_vtmp_for_task1_AWREADY   |   in|    1|          m_axi|                  kernel_vtmp_for_task1|       pointer|
|m_axi_kernel_vtmp_for_task1_AWADDR    |  out|   64|          m_axi|                  kernel_vtmp_for_task1|       pointer|
|m_axi_kernel_vtmp_for_task1_AWID      |  out|    1|          m_axi|                  kernel_vtmp_for_task1|       pointer|
|m_axi_kernel_vtmp_for_task1_AWLEN     |  out|    8|          m_axi|                  kernel_vtmp_for_task1|       pointer|
|m_axi_kernel_vtmp_for_task1_AWSIZE    |  out|    3|          m_axi|                  kernel_vtmp_for_task1|       pointer|
|m_axi_kernel_vtmp_for_task1_AWBURST   |  out|    2|          m_axi|                  kernel_vtmp_for_task1|       pointer|
|m_axi_kernel_vtmp_for_task1_AWLOCK    |  out|    2|          m_axi|                  kernel_vtmp_for_task1|       pointer|
|m_axi_kernel_vtmp_for_task1_AWCACHE   |  out|    4|          m_axi|                  kernel_vtmp_for_task1|       pointer|
|m_axi_kernel_vtmp_for_task1_AWPROT    |  out|    3|          m_axi|                  kernel_vtmp_for_task1|       pointer|
|m_axi_kernel_vtmp_for_task1_AWQOS     |  out|    4|          m_axi|                  kernel_vtmp_for_task1|       pointer|
|m_axi_kernel_vtmp_for_task1_AWREGION  |  out|    4|          m_axi|                  kernel_vtmp_for_task1|       pointer|
|m_axi_kernel_vtmp_for_task1_AWUSER    |  out|    1|          m_axi|                  kernel_vtmp_for_task1|       pointer|
|m_axi_kernel_vtmp_for_task1_WVALID    |  out|    1|          m_axi|                  kernel_vtmp_for_task1|       pointer|
|m_axi_kernel_vtmp_for_task1_WREADY    |   in|    1|          m_axi|                  kernel_vtmp_for_task1|       pointer|
|m_axi_kernel_vtmp_for_task1_WDATA     |  out|  256|          m_axi|                  kernel_vtmp_for_task1|       pointer|
|m_axi_kernel_vtmp_for_task1_WSTRB     |  out|   32|          m_axi|                  kernel_vtmp_for_task1|       pointer|
|m_axi_kernel_vtmp_for_task1_WLAST     |  out|    1|          m_axi|                  kernel_vtmp_for_task1|       pointer|
|m_axi_kernel_vtmp_for_task1_WID       |  out|    1|          m_axi|                  kernel_vtmp_for_task1|       pointer|
|m_axi_kernel_vtmp_for_task1_WUSER     |  out|    1|          m_axi|                  kernel_vtmp_for_task1|       pointer|
|m_axi_kernel_vtmp_for_task1_ARVALID   |  out|    1|          m_axi|                  kernel_vtmp_for_task1|       pointer|
|m_axi_kernel_vtmp_for_task1_ARREADY   |   in|    1|          m_axi|                  kernel_vtmp_for_task1|       pointer|
|m_axi_kernel_vtmp_for_task1_ARADDR    |  out|   64|          m_axi|                  kernel_vtmp_for_task1|       pointer|
|m_axi_kernel_vtmp_for_task1_ARID      |  out|    1|          m_axi|                  kernel_vtmp_for_task1|       pointer|
|m_axi_kernel_vtmp_for_task1_ARLEN     |  out|    8|          m_axi|                  kernel_vtmp_for_task1|       pointer|
|m_axi_kernel_vtmp_for_task1_ARSIZE    |  out|    3|          m_axi|                  kernel_vtmp_for_task1|       pointer|
|m_axi_kernel_vtmp_for_task1_ARBURST   |  out|    2|          m_axi|                  kernel_vtmp_for_task1|       pointer|
|m_axi_kernel_vtmp_for_task1_ARLOCK    |  out|    2|          m_axi|                  kernel_vtmp_for_task1|       pointer|
|m_axi_kernel_vtmp_for_task1_ARCACHE   |  out|    4|          m_axi|                  kernel_vtmp_for_task1|       pointer|
|m_axi_kernel_vtmp_for_task1_ARPROT    |  out|    3|          m_axi|                  kernel_vtmp_for_task1|       pointer|
|m_axi_kernel_vtmp_for_task1_ARQOS     |  out|    4|          m_axi|                  kernel_vtmp_for_task1|       pointer|
|m_axi_kernel_vtmp_for_task1_ARREGION  |  out|    4|          m_axi|                  kernel_vtmp_for_task1|       pointer|
|m_axi_kernel_vtmp_for_task1_ARUSER    |  out|    1|          m_axi|                  kernel_vtmp_for_task1|       pointer|
|m_axi_kernel_vtmp_for_task1_RVALID    |   in|    1|          m_axi|                  kernel_vtmp_for_task1|       pointer|
|m_axi_kernel_vtmp_for_task1_RREADY    |  out|    1|          m_axi|                  kernel_vtmp_for_task1|       pointer|
|m_axi_kernel_vtmp_for_task1_RDATA     |   in|  256|          m_axi|                  kernel_vtmp_for_task1|       pointer|
|m_axi_kernel_vtmp_for_task1_RLAST     |   in|    1|          m_axi|                  kernel_vtmp_for_task1|       pointer|
|m_axi_kernel_vtmp_for_task1_RID       |   in|    1|          m_axi|                  kernel_vtmp_for_task1|       pointer|
|m_axi_kernel_vtmp_for_task1_RUSER     |   in|    1|          m_axi|                  kernel_vtmp_for_task1|       pointer|
|m_axi_kernel_vtmp_for_task1_RRESP     |   in|    2|          m_axi|                  kernel_vtmp_for_task1|       pointer|
|m_axi_kernel_vtmp_for_task1_BVALID    |   in|    1|          m_axi|                  kernel_vtmp_for_task1|       pointer|
|m_axi_kernel_vtmp_for_task1_BREADY    |  out|    1|          m_axi|                  kernel_vtmp_for_task1|       pointer|
|m_axi_kernel_vtmp_for_task1_BRESP     |   in|    2|          m_axi|                  kernel_vtmp_for_task1|       pointer|
|m_axi_kernel_vtmp_for_task1_BID       |   in|    1|          m_axi|                  kernel_vtmp_for_task1|       pointer|
|m_axi_kernel_vtmp_for_task1_BUSER     |   in|    1|          m_axi|                  kernel_vtmp_for_task1|       pointer|
|m_axi_kernel_vx_for_task1_AWVALID     |  out|    1|          m_axi|                    kernel_vx_for_task1|       pointer|
|m_axi_kernel_vx_for_task1_AWREADY     |   in|    1|          m_axi|                    kernel_vx_for_task1|       pointer|
|m_axi_kernel_vx_for_task1_AWADDR      |  out|   64|          m_axi|                    kernel_vx_for_task1|       pointer|
|m_axi_kernel_vx_for_task1_AWID        |  out|    1|          m_axi|                    kernel_vx_for_task1|       pointer|
|m_axi_kernel_vx_for_task1_AWLEN       |  out|    8|          m_axi|                    kernel_vx_for_task1|       pointer|
|m_axi_kernel_vx_for_task1_AWSIZE      |  out|    3|          m_axi|                    kernel_vx_for_task1|       pointer|
|m_axi_kernel_vx_for_task1_AWBURST     |  out|    2|          m_axi|                    kernel_vx_for_task1|       pointer|
|m_axi_kernel_vx_for_task1_AWLOCK      |  out|    2|          m_axi|                    kernel_vx_for_task1|       pointer|
|m_axi_kernel_vx_for_task1_AWCACHE     |  out|    4|          m_axi|                    kernel_vx_for_task1|       pointer|
|m_axi_kernel_vx_for_task1_AWPROT      |  out|    3|          m_axi|                    kernel_vx_for_task1|       pointer|
|m_axi_kernel_vx_for_task1_AWQOS       |  out|    4|          m_axi|                    kernel_vx_for_task1|       pointer|
|m_axi_kernel_vx_for_task1_AWREGION    |  out|    4|          m_axi|                    kernel_vx_for_task1|       pointer|
|m_axi_kernel_vx_for_task1_AWUSER      |  out|    1|          m_axi|                    kernel_vx_for_task1|       pointer|
|m_axi_kernel_vx_for_task1_WVALID      |  out|    1|          m_axi|                    kernel_vx_for_task1|       pointer|
|m_axi_kernel_vx_for_task1_WREADY      |   in|    1|          m_axi|                    kernel_vx_for_task1|       pointer|
|m_axi_kernel_vx_for_task1_WDATA       |  out|  512|          m_axi|                    kernel_vx_for_task1|       pointer|
|m_axi_kernel_vx_for_task1_WSTRB       |  out|   64|          m_axi|                    kernel_vx_for_task1|       pointer|
|m_axi_kernel_vx_for_task1_WLAST       |  out|    1|          m_axi|                    kernel_vx_for_task1|       pointer|
|m_axi_kernel_vx_for_task1_WID         |  out|    1|          m_axi|                    kernel_vx_for_task1|       pointer|
|m_axi_kernel_vx_for_task1_WUSER       |  out|    1|          m_axi|                    kernel_vx_for_task1|       pointer|
|m_axi_kernel_vx_for_task1_ARVALID     |  out|    1|          m_axi|                    kernel_vx_for_task1|       pointer|
|m_axi_kernel_vx_for_task1_ARREADY     |   in|    1|          m_axi|                    kernel_vx_for_task1|       pointer|
|m_axi_kernel_vx_for_task1_ARADDR      |  out|   64|          m_axi|                    kernel_vx_for_task1|       pointer|
|m_axi_kernel_vx_for_task1_ARID        |  out|    1|          m_axi|                    kernel_vx_for_task1|       pointer|
|m_axi_kernel_vx_for_task1_ARLEN       |  out|    8|          m_axi|                    kernel_vx_for_task1|       pointer|
|m_axi_kernel_vx_for_task1_ARSIZE      |  out|    3|          m_axi|                    kernel_vx_for_task1|       pointer|
|m_axi_kernel_vx_for_task1_ARBURST     |  out|    2|          m_axi|                    kernel_vx_for_task1|       pointer|
|m_axi_kernel_vx_for_task1_ARLOCK      |  out|    2|          m_axi|                    kernel_vx_for_task1|       pointer|
|m_axi_kernel_vx_for_task1_ARCACHE     |  out|    4|          m_axi|                    kernel_vx_for_task1|       pointer|
|m_axi_kernel_vx_for_task1_ARPROT      |  out|    3|          m_axi|                    kernel_vx_for_task1|       pointer|
|m_axi_kernel_vx_for_task1_ARQOS       |  out|    4|          m_axi|                    kernel_vx_for_task1|       pointer|
|m_axi_kernel_vx_for_task1_ARREGION    |  out|    4|          m_axi|                    kernel_vx_for_task1|       pointer|
|m_axi_kernel_vx_for_task1_ARUSER      |  out|    1|          m_axi|                    kernel_vx_for_task1|       pointer|
|m_axi_kernel_vx_for_task1_RVALID      |   in|    1|          m_axi|                    kernel_vx_for_task1|       pointer|
|m_axi_kernel_vx_for_task1_RREADY      |  out|    1|          m_axi|                    kernel_vx_for_task1|       pointer|
|m_axi_kernel_vx_for_task1_RDATA       |   in|  512|          m_axi|                    kernel_vx_for_task1|       pointer|
|m_axi_kernel_vx_for_task1_RLAST       |   in|    1|          m_axi|                    kernel_vx_for_task1|       pointer|
|m_axi_kernel_vx_for_task1_RID         |   in|    1|          m_axi|                    kernel_vx_for_task1|       pointer|
|m_axi_kernel_vx_for_task1_RUSER       |   in|    1|          m_axi|                    kernel_vx_for_task1|       pointer|
|m_axi_kernel_vx_for_task1_RRESP       |   in|    2|          m_axi|                    kernel_vx_for_task1|       pointer|
|m_axi_kernel_vx_for_task1_BVALID      |   in|    1|          m_axi|                    kernel_vx_for_task1|       pointer|
|m_axi_kernel_vx_for_task1_BREADY      |  out|    1|          m_axi|                    kernel_vx_for_task1|       pointer|
|m_axi_kernel_vx_for_task1_BRESP       |   in|    2|          m_axi|                    kernel_vx_for_task1|       pointer|
|m_axi_kernel_vx_for_task1_BID         |   in|    1|          m_axi|                    kernel_vx_for_task1|       pointer|
|m_axi_kernel_vx_for_task1_BUSER       |   in|    1|          m_axi|                    kernel_vx_for_task1|       pointer|
|m_axi_kernel_vy_for_task3_AWVALID     |  out|    1|          m_axi|                    kernel_vy_for_task3|       pointer|
|m_axi_kernel_vy_for_task3_AWREADY     |   in|    1|          m_axi|                    kernel_vy_for_task3|       pointer|
|m_axi_kernel_vy_for_task3_AWADDR      |  out|   64|          m_axi|                    kernel_vy_for_task3|       pointer|
|m_axi_kernel_vy_for_task3_AWID        |  out|    1|          m_axi|                    kernel_vy_for_task3|       pointer|
|m_axi_kernel_vy_for_task3_AWLEN       |  out|    8|          m_axi|                    kernel_vy_for_task3|       pointer|
|m_axi_kernel_vy_for_task3_AWSIZE      |  out|    3|          m_axi|                    kernel_vy_for_task3|       pointer|
|m_axi_kernel_vy_for_task3_AWBURST     |  out|    2|          m_axi|                    kernel_vy_for_task3|       pointer|
|m_axi_kernel_vy_for_task3_AWLOCK      |  out|    2|          m_axi|                    kernel_vy_for_task3|       pointer|
|m_axi_kernel_vy_for_task3_AWCACHE     |  out|    4|          m_axi|                    kernel_vy_for_task3|       pointer|
|m_axi_kernel_vy_for_task3_AWPROT      |  out|    3|          m_axi|                    kernel_vy_for_task3|       pointer|
|m_axi_kernel_vy_for_task3_AWQOS       |  out|    4|          m_axi|                    kernel_vy_for_task3|       pointer|
|m_axi_kernel_vy_for_task3_AWREGION    |  out|    4|          m_axi|                    kernel_vy_for_task3|       pointer|
|m_axi_kernel_vy_for_task3_AWUSER      |  out|    1|          m_axi|                    kernel_vy_for_task3|       pointer|
|m_axi_kernel_vy_for_task3_WVALID      |  out|    1|          m_axi|                    kernel_vy_for_task3|       pointer|
|m_axi_kernel_vy_for_task3_WREADY      |   in|    1|          m_axi|                    kernel_vy_for_task3|       pointer|
|m_axi_kernel_vy_for_task3_WDATA       |  out|  512|          m_axi|                    kernel_vy_for_task3|       pointer|
|m_axi_kernel_vy_for_task3_WSTRB       |  out|   64|          m_axi|                    kernel_vy_for_task3|       pointer|
|m_axi_kernel_vy_for_task3_WLAST       |  out|    1|          m_axi|                    kernel_vy_for_task3|       pointer|
|m_axi_kernel_vy_for_task3_WID         |  out|    1|          m_axi|                    kernel_vy_for_task3|       pointer|
|m_axi_kernel_vy_for_task3_WUSER       |  out|    1|          m_axi|                    kernel_vy_for_task3|       pointer|
|m_axi_kernel_vy_for_task3_ARVALID     |  out|    1|          m_axi|                    kernel_vy_for_task3|       pointer|
|m_axi_kernel_vy_for_task3_ARREADY     |   in|    1|          m_axi|                    kernel_vy_for_task3|       pointer|
|m_axi_kernel_vy_for_task3_ARADDR      |  out|   64|          m_axi|                    kernel_vy_for_task3|       pointer|
|m_axi_kernel_vy_for_task3_ARID        |  out|    1|          m_axi|                    kernel_vy_for_task3|       pointer|
|m_axi_kernel_vy_for_task3_ARLEN       |  out|    8|          m_axi|                    kernel_vy_for_task3|       pointer|
|m_axi_kernel_vy_for_task3_ARSIZE      |  out|    3|          m_axi|                    kernel_vy_for_task3|       pointer|
|m_axi_kernel_vy_for_task3_ARBURST     |  out|    2|          m_axi|                    kernel_vy_for_task3|       pointer|
|m_axi_kernel_vy_for_task3_ARLOCK      |  out|    2|          m_axi|                    kernel_vy_for_task3|       pointer|
|m_axi_kernel_vy_for_task3_ARCACHE     |  out|    4|          m_axi|                    kernel_vy_for_task3|       pointer|
|m_axi_kernel_vy_for_task3_ARPROT      |  out|    3|          m_axi|                    kernel_vy_for_task3|       pointer|
|m_axi_kernel_vy_for_task3_ARQOS       |  out|    4|          m_axi|                    kernel_vy_for_task3|       pointer|
|m_axi_kernel_vy_for_task3_ARREGION    |  out|    4|          m_axi|                    kernel_vy_for_task3|       pointer|
|m_axi_kernel_vy_for_task3_ARUSER      |  out|    1|          m_axi|                    kernel_vy_for_task3|       pointer|
|m_axi_kernel_vy_for_task3_RVALID      |   in|    1|          m_axi|                    kernel_vy_for_task3|       pointer|
|m_axi_kernel_vy_for_task3_RREADY      |  out|    1|          m_axi|                    kernel_vy_for_task3|       pointer|
|m_axi_kernel_vy_for_task3_RDATA       |   in|  512|          m_axi|                    kernel_vy_for_task3|       pointer|
|m_axi_kernel_vy_for_task3_RLAST       |   in|    1|          m_axi|                    kernel_vy_for_task3|       pointer|
|m_axi_kernel_vy_for_task3_RID         |   in|    1|          m_axi|                    kernel_vy_for_task3|       pointer|
|m_axi_kernel_vy_for_task3_RUSER       |   in|    1|          m_axi|                    kernel_vy_for_task3|       pointer|
|m_axi_kernel_vy_for_task3_RRESP       |   in|    2|          m_axi|                    kernel_vy_for_task3|       pointer|
|m_axi_kernel_vy_for_task3_BVALID      |   in|    1|          m_axi|                    kernel_vy_for_task3|       pointer|
|m_axi_kernel_vy_for_task3_BREADY      |  out|    1|          m_axi|                    kernel_vy_for_task3|       pointer|
|m_axi_kernel_vy_for_task3_BRESP       |   in|    2|          m_axi|                    kernel_vy_for_task3|       pointer|
|m_axi_kernel_vy_for_task3_BID         |   in|    1|          m_axi|                    kernel_vy_for_task3|       pointer|
|m_axi_kernel_vy_for_task3_BUSER       |   in|    1|          m_axi|                    kernel_vy_for_task3|       pointer|
|fifo_A_from_off_chip_to_S3_TDATA      |  out|  512|           axis|    fifo_A_from_off_chip_to_S3_V_data_V|       pointer|
|fifo_A_from_off_chip_to_S3_TKEEP      |  out|   64|           axis|    fifo_A_from_off_chip_to_S3_V_keep_V|       pointer|
|fifo_A_from_off_chip_to_S3_TSTRB      |  out|   64|           axis|    fifo_A_from_off_chip_to_S3_V_strb_V|       pointer|
|fifo_A_from_off_chip_to_S3_TLAST      |  out|    1|           axis|    fifo_A_from_off_chip_to_S3_V_last_V|       pointer|
|fifo_A_from_off_chip_to_S3_TVALID     |  out|    1|           axis|    fifo_A_from_off_chip_to_S3_V_last_V|       pointer|
|fifo_A_from_off_chip_to_S3_TREADY     |   in|    1|           axis|    fifo_A_from_off_chip_to_S3_V_last_V|       pointer|
|fifo_y_to_off_chip_TDATA              |   in|  512|           axis|            fifo_y_to_off_chip_V_data_V|       pointer|
|fifo_y_to_off_chip_TKEEP              |   in|   64|           axis|            fifo_y_to_off_chip_V_keep_V|       pointer|
|fifo_y_to_off_chip_TSTRB              |   in|   64|           axis|            fifo_y_to_off_chip_V_strb_V|       pointer|
|fifo_y_to_off_chip_TLAST              |   in|    1|           axis|            fifo_y_to_off_chip_V_last_V|       pointer|
|fifo_y_to_off_chip_TVALID             |   in|    1|           axis|            fifo_y_to_off_chip_V_last_V|       pointer|
|fifo_y_to_off_chip_TREADY             |  out|    1|           axis|            fifo_y_to_off_chip_V_last_V|       pointer|
|fifo_tmp_from_task1_to_task3_TDATA    |  out|  256|           axis|  fifo_tmp_from_task1_to_task3_V_data_V|       pointer|
|fifo_tmp_from_task1_to_task3_TKEEP    |  out|   32|           axis|  fifo_tmp_from_task1_to_task3_V_keep_V|       pointer|
|fifo_tmp_from_task1_to_task3_TSTRB    |  out|   32|           axis|  fifo_tmp_from_task1_to_task3_V_strb_V|       pointer|
|fifo_tmp_from_task1_to_task3_TLAST    |  out|    1|           axis|  fifo_tmp_from_task1_to_task3_V_last_V|       pointer|
|fifo_tmp_from_task1_to_task3_TVALID   |  out|    1|           axis|  fifo_tmp_from_task1_to_task3_V_last_V|       pointer|
|fifo_tmp_from_task1_to_task3_TREADY   |   in|    1|           axis|  fifo_tmp_from_task1_to_task3_V_last_V|       pointer|
+--------------------------------------+-----+-----+---------------+---------------------------------------+--------------+

