

================================================================
== Vitis HLS Report for 'read_C_FT1_2'
================================================================
* Date:           Fri Jan 10 12:37:28 2025

* Version:        2023.2 (Build 4023990 on Oct 11 2023)
* Project:        kernel_nlp_slr0
* Solution:       solution (Vitis Kernel Flow Target)
* Product family: virtexuplusHBM
* Target device:  xcu55c-fsvh2892-2L-e


================================================================
== Performance Estimates
================================================================
+ Timing: 
    * Summary: 
    +--------+---------+----------+------------+
    |  Clock |  Target | Estimated| Uncertainty|
    +--------+---------+----------+------------+
    |ap_clk  |  4.55 ns|  2.439 ns|     1.23 ns|
    +--------+---------+----------+------------+

+ Latency: 
    * Summary: 
    +---------+---------+----------+----------+-----+-----+---------+
    |  Latency (cycles) |  Latency (absolute) |  Interval | Pipeline|
    |   min   |   max   |    min   |    max   | min | max |   Type  |
    +---------+---------+----------+----------+-----+-----+---------+
    |        1|      283|  4.545 ns|  1.286 us|    1|  283|       no|
    +---------+---------+----------+----------+-----+-----+---------+

    + Detail: 
        * Instance: 
        +--------------------------------------------------------------------+---------------------------------------------------------+---------+---------+----------+----------+-----+-----+---------+
        |                                                                    |                                                         |  Latency (cycles) |  Latency (absolute) |  Interval | Pipeline|
        |                              Instance                              |                          Module                         |   min   |   max   |    min   |    max   | min | max |   Type  |
        +--------------------------------------------------------------------+---------------------------------------------------------+---------+---------+----------+----------+-----+-----+---------+
        |grp_read_C_FT1_2_Pipeline_VITIS_LOOP_451_1_VITIS_LOOP_452_2_fu_108  |read_C_FT1_2_Pipeline_VITIS_LOOP_451_1_VITIS_LOOP_452_2  |      282|      282|  1.282 us|  1.282 us|  282|  282|       no|
        +--------------------------------------------------------------------+---------------------------------------------------------+---------+---------+----------+----------+-----+-----+---------+

        * Loop: 
        N/A



================================================================
== Utilization Estimates
================================================================
* Summary: 
+---------------------+---------+------+---------+---------+-----+
|         Name        | BRAM_18K|  DSP |    FF   |   LUT   | URAM|
+---------------------+---------+------+---------+---------+-----+
|DSP                  |        -|     -|        -|        -|    -|
|Expression           |        -|     -|        0|       14|    -|
|FIFO                 |        -|     -|        -|        -|    -|
|Instance             |        -|     -|      309|     2461|    -|
|Memory               |        -|     -|        -|        -|    -|
|Multiplexer          |        -|     -|        -|       23|    -|
|Register             |        -|     -|        4|        -|    -|
+---------------------+---------+------+---------+---------+-----+
|Total                |        0|     0|      313|     2498|    0|
+---------------------+---------+------+---------+---------+-----+
|Available SLR        |     1344|  3008|   869120|   434560|  320|
+---------------------+---------+------+---------+---------+-----+
|Utilization SLR (%)  |        0|     0|       ~0|       ~0|    0|
+---------------------+---------+------+---------+---------+-----+
|Available            |     4032|  9024|  2607360|  1303680|  960|
+---------------------+---------+------+---------+---------+-----+
|Utilization (%)      |        0|     0|       ~0|       ~0|    0|
+---------------------+---------+------+---------+---------+-----+

+ Detail: 
    * Instance: 
    +--------------------------------------------------------------------+---------------------------------------------------------+---------+----+-----+------+-----+
    |                              Instance                              |                          Module                         | BRAM_18K| DSP|  FF |  LUT | URAM|
    +--------------------------------------------------------------------+---------------------------------------------------------+---------+----+-----+------+-----+
    |grp_read_C_FT1_2_Pipeline_VITIS_LOOP_451_1_VITIS_LOOP_452_2_fu_108  |read_C_FT1_2_Pipeline_VITIS_LOOP_451_1_VITIS_LOOP_452_2  |        0|   0|  309|  2461|    0|
    +--------------------------------------------------------------------+---------------------------------------------------------+---------+----+-----+------+-----+
    |Total                                                               |                                                         |        0|   0|  309|  2461|    0|
    +--------------------------------------------------------------------+---------------------------------------------------------+---------+----+-----+------+-----+

    * DSP: 
    N/A

    * Memory: 
    N/A

    * FIFO: 
    N/A

    * Expression: 
    +---------------------------------+----------+----+---+----+------------+------------+
    |          Variable Name          | Operation| DSP| FF| LUT| Bitwidth P0| Bitwidth P1|
    +---------------------------------+----------+----+---+----+------------+------------+
    |ap_block_state2_on_subcall_done  |       and|   0|  0|   2|           1|           1|
    |icmp_ln448_fu_194_p2             |      icmp|   0|  0|  12|           4|           1|
    +---------------------------------+----------+----+---+----+------------+------------+
    |Total                            |          |   0|  0|  14|           5|           2|
    +---------------------------------+----------+----+---+----+------------+------------+

    * Multiplexer: 
    +---------------------------------+----+-----------+-----+-----------+
    |               Name              | LUT| Input Size| Bits| Total Bits|
    +---------------------------------+----+-----------+-----+-----------+
    |ap_NS_fsm                        |  14|          3|    1|          3|
    |fifo_C_from_off_chip_to_S3_read  |   9|          2|    1|          2|
    +---------------------------------+----+-----------+-----+-----------+
    |Total                            |  23|          5|    2|          5|
    +---------------------------------+----+-----------+-----+-----------+

    * Register: 
    +---------------------------------------------------------------------------------+---+----+-----+-----------+
    |                                       Name                                      | FF| LUT| Bits| Const Bits|
    +---------------------------------------------------------------------------------+---+----+-----+-----------+
    |ap_CS_fsm                                                                        |  2|   0|    2|          0|
    |grp_read_C_FT1_2_Pipeline_VITIS_LOOP_451_1_VITIS_LOOP_452_2_fu_108_ap_start_reg  |  1|   0|    1|          0|
    |icmp_ln448_reg_200                                                               |  1|   0|    1|          0|
    +---------------------------------------------------------------------------------+---+----+-----+-----------+
    |Total                                                                            |  4|   0|    4|          0|
    +---------------------------------------------------------------------------------+---+----+-----+-----------+



================================================================
== Interface
================================================================
* Summary: 
+-------------------------------------------+-----+-----+------------+----------------------------+--------------+
|                 RTL Ports                 | Dir | Bits|  Protocol  |        Source Object       |    C Type    |
+-------------------------------------------+-----+-----+------------+----------------------------+--------------+
|ap_clk                                     |   in|    1|  ap_ctrl_hs|                read_C_FT1.2|  return value|
|ap_rst                                     |   in|    1|  ap_ctrl_hs|                read_C_FT1.2|  return value|
|ap_start                                   |   in|    1|  ap_ctrl_hs|                read_C_FT1.2|  return value|
|ap_done                                    |  out|    1|  ap_ctrl_hs|                read_C_FT1.2|  return value|
|ap_idle                                    |  out|    1|  ap_ctrl_hs|                read_C_FT1.2|  return value|
|ap_ready                                   |  out|    1|  ap_ctrl_hs|                read_C_FT1.2|  return value|
|C_0_0_address0                             |  out|   11|   ap_memory|                       C_0_0|         array|
|C_0_0_ce0                                  |  out|    1|   ap_memory|                       C_0_0|         array|
|C_0_0_we0                                  |  out|    1|   ap_memory|                       C_0_0|         array|
|C_0_0_d0                                   |  out|   32|   ap_memory|                       C_0_0|         array|
|C_0_0_address1                             |  out|   11|   ap_memory|                       C_0_0|         array|
|C_0_0_ce1                                  |  out|    1|   ap_memory|                       C_0_0|         array|
|C_0_0_we1                                  |  out|    1|   ap_memory|                       C_0_0|         array|
|C_0_0_d1                                   |  out|   32|   ap_memory|                       C_0_0|         array|
|C_0_1_address0                             |  out|   11|   ap_memory|                       C_0_1|         array|
|C_0_1_ce0                                  |  out|    1|   ap_memory|                       C_0_1|         array|
|C_0_1_we0                                  |  out|    1|   ap_memory|                       C_0_1|         array|
|C_0_1_d0                                   |  out|   32|   ap_memory|                       C_0_1|         array|
|C_0_1_address1                             |  out|   11|   ap_memory|                       C_0_1|         array|
|C_0_1_ce1                                  |  out|    1|   ap_memory|                       C_0_1|         array|
|C_0_1_we1                                  |  out|    1|   ap_memory|                       C_0_1|         array|
|C_0_1_d1                                   |  out|   32|   ap_memory|                       C_0_1|         array|
|C_0_2_address0                             |  out|   11|   ap_memory|                       C_0_2|         array|
|C_0_2_ce0                                  |  out|    1|   ap_memory|                       C_0_2|         array|
|C_0_2_we0                                  |  out|    1|   ap_memory|                       C_0_2|         array|
|C_0_2_d0                                   |  out|   32|   ap_memory|                       C_0_2|         array|
|C_0_2_address1                             |  out|   11|   ap_memory|                       C_0_2|         array|
|C_0_2_ce1                                  |  out|    1|   ap_memory|                       C_0_2|         array|
|C_0_2_we1                                  |  out|    1|   ap_memory|                       C_0_2|         array|
|C_0_2_d1                                   |  out|   32|   ap_memory|                       C_0_2|         array|
|C_0_3_address0                             |  out|   11|   ap_memory|                       C_0_3|         array|
|C_0_3_ce0                                  |  out|    1|   ap_memory|                       C_0_3|         array|
|C_0_3_we0                                  |  out|    1|   ap_memory|                       C_0_3|         array|
|C_0_3_d0                                   |  out|   32|   ap_memory|                       C_0_3|         array|
|C_0_3_address1                             |  out|   11|   ap_memory|                       C_0_3|         array|
|C_0_3_ce1                                  |  out|    1|   ap_memory|                       C_0_3|         array|
|C_0_3_we1                                  |  out|    1|   ap_memory|                       C_0_3|         array|
|C_0_3_d1                                   |  out|   32|   ap_memory|                       C_0_3|         array|
|C_1_0_address0                             |  out|   11|   ap_memory|                       C_1_0|         array|
|C_1_0_ce0                                  |  out|    1|   ap_memory|                       C_1_0|         array|
|C_1_0_we0                                  |  out|    1|   ap_memory|                       C_1_0|         array|
|C_1_0_d0                                   |  out|   32|   ap_memory|                       C_1_0|         array|
|C_1_0_address1                             |  out|   11|   ap_memory|                       C_1_0|         array|
|C_1_0_ce1                                  |  out|    1|   ap_memory|                       C_1_0|         array|
|C_1_0_we1                                  |  out|    1|   ap_memory|                       C_1_0|         array|
|C_1_0_d1                                   |  out|   32|   ap_memory|                       C_1_0|         array|
|C_1_1_address0                             |  out|   11|   ap_memory|                       C_1_1|         array|
|C_1_1_ce0                                  |  out|    1|   ap_memory|                       C_1_1|         array|
|C_1_1_we0                                  |  out|    1|   ap_memory|                       C_1_1|         array|
|C_1_1_d0                                   |  out|   32|   ap_memory|                       C_1_1|         array|
|C_1_1_address1                             |  out|   11|   ap_memory|                       C_1_1|         array|
|C_1_1_ce1                                  |  out|    1|   ap_memory|                       C_1_1|         array|
|C_1_1_we1                                  |  out|    1|   ap_memory|                       C_1_1|         array|
|C_1_1_d1                                   |  out|   32|   ap_memory|                       C_1_1|         array|
|C_1_2_address0                             |  out|   11|   ap_memory|                       C_1_2|         array|
|C_1_2_ce0                                  |  out|    1|   ap_memory|                       C_1_2|         array|
|C_1_2_we0                                  |  out|    1|   ap_memory|                       C_1_2|         array|
|C_1_2_d0                                   |  out|   32|   ap_memory|                       C_1_2|         array|
|C_1_2_address1                             |  out|   11|   ap_memory|                       C_1_2|         array|
|C_1_2_ce1                                  |  out|    1|   ap_memory|                       C_1_2|         array|
|C_1_2_we1                                  |  out|    1|   ap_memory|                       C_1_2|         array|
|C_1_2_d1                                   |  out|   32|   ap_memory|                       C_1_2|         array|
|C_1_3_address0                             |  out|   11|   ap_memory|                       C_1_3|         array|
|C_1_3_ce0                                  |  out|    1|   ap_memory|                       C_1_3|         array|
|C_1_3_we0                                  |  out|    1|   ap_memory|                       C_1_3|         array|
|C_1_3_d0                                   |  out|   32|   ap_memory|                       C_1_3|         array|
|C_1_3_address1                             |  out|   11|   ap_memory|                       C_1_3|         array|
|C_1_3_ce1                                  |  out|    1|   ap_memory|                       C_1_3|         array|
|C_1_3_we1                                  |  out|    1|   ap_memory|                       C_1_3|         array|
|C_1_3_d1                                   |  out|   32|   ap_memory|                       C_1_3|         array|
|C_2_0_address0                             |  out|   11|   ap_memory|                       C_2_0|         array|
|C_2_0_ce0                                  |  out|    1|   ap_memory|                       C_2_0|         array|
|C_2_0_we0                                  |  out|    1|   ap_memory|                       C_2_0|         array|
|C_2_0_d0                                   |  out|   32|   ap_memory|                       C_2_0|         array|
|C_2_0_address1                             |  out|   11|   ap_memory|                       C_2_0|         array|
|C_2_0_ce1                                  |  out|    1|   ap_memory|                       C_2_0|         array|
|C_2_0_we1                                  |  out|    1|   ap_memory|                       C_2_0|         array|
|C_2_0_d1                                   |  out|   32|   ap_memory|                       C_2_0|         array|
|C_2_1_address0                             |  out|   11|   ap_memory|                       C_2_1|         array|
|C_2_1_ce0                                  |  out|    1|   ap_memory|                       C_2_1|         array|
|C_2_1_we0                                  |  out|    1|   ap_memory|                       C_2_1|         array|
|C_2_1_d0                                   |  out|   32|   ap_memory|                       C_2_1|         array|
|C_2_1_address1                             |  out|   11|   ap_memory|                       C_2_1|         array|
|C_2_1_ce1                                  |  out|    1|   ap_memory|                       C_2_1|         array|
|C_2_1_we1                                  |  out|    1|   ap_memory|                       C_2_1|         array|
|C_2_1_d1                                   |  out|   32|   ap_memory|                       C_2_1|         array|
|C_2_2_address0                             |  out|   11|   ap_memory|                       C_2_2|         array|
|C_2_2_ce0                                  |  out|    1|   ap_memory|                       C_2_2|         array|
|C_2_2_we0                                  |  out|    1|   ap_memory|                       C_2_2|         array|
|C_2_2_d0                                   |  out|   32|   ap_memory|                       C_2_2|         array|
|C_2_2_address1                             |  out|   11|   ap_memory|                       C_2_2|         array|
|C_2_2_ce1                                  |  out|    1|   ap_memory|                       C_2_2|         array|
|C_2_2_we1                                  |  out|    1|   ap_memory|                       C_2_2|         array|
|C_2_2_d1                                   |  out|   32|   ap_memory|                       C_2_2|         array|
|C_2_3_address0                             |  out|   11|   ap_memory|                       C_2_3|         array|
|C_2_3_ce0                                  |  out|    1|   ap_memory|                       C_2_3|         array|
|C_2_3_we0                                  |  out|    1|   ap_memory|                       C_2_3|         array|
|C_2_3_d0                                   |  out|   32|   ap_memory|                       C_2_3|         array|
|C_2_3_address1                             |  out|   11|   ap_memory|                       C_2_3|         array|
|C_2_3_ce1                                  |  out|    1|   ap_memory|                       C_2_3|         array|
|C_2_3_we1                                  |  out|    1|   ap_memory|                       C_2_3|         array|
|C_2_3_d1                                   |  out|   32|   ap_memory|                       C_2_3|         array|
|C_3_0_address0                             |  out|   11|   ap_memory|                       C_3_0|         array|
|C_3_0_ce0                                  |  out|    1|   ap_memory|                       C_3_0|         array|
|C_3_0_we0                                  |  out|    1|   ap_memory|                       C_3_0|         array|
|C_3_0_d0                                   |  out|   32|   ap_memory|                       C_3_0|         array|
|C_3_0_address1                             |  out|   11|   ap_memory|                       C_3_0|         array|
|C_3_0_ce1                                  |  out|    1|   ap_memory|                       C_3_0|         array|
|C_3_0_we1                                  |  out|    1|   ap_memory|                       C_3_0|         array|
|C_3_0_d1                                   |  out|   32|   ap_memory|                       C_3_0|         array|
|C_3_1_address0                             |  out|   11|   ap_memory|                       C_3_1|         array|
|C_3_1_ce0                                  |  out|    1|   ap_memory|                       C_3_1|         array|
|C_3_1_we0                                  |  out|    1|   ap_memory|                       C_3_1|         array|
|C_3_1_d0                                   |  out|   32|   ap_memory|                       C_3_1|         array|
|C_3_1_address1                             |  out|   11|   ap_memory|                       C_3_1|         array|
|C_3_1_ce1                                  |  out|    1|   ap_memory|                       C_3_1|         array|
|C_3_1_we1                                  |  out|    1|   ap_memory|                       C_3_1|         array|
|C_3_1_d1                                   |  out|   32|   ap_memory|                       C_3_1|         array|
|C_3_2_address0                             |  out|   11|   ap_memory|                       C_3_2|         array|
|C_3_2_ce0                                  |  out|    1|   ap_memory|                       C_3_2|         array|
|C_3_2_we0                                  |  out|    1|   ap_memory|                       C_3_2|         array|
|C_3_2_d0                                   |  out|   32|   ap_memory|                       C_3_2|         array|
|C_3_2_address1                             |  out|   11|   ap_memory|                       C_3_2|         array|
|C_3_2_ce1                                  |  out|    1|   ap_memory|                       C_3_2|         array|
|C_3_2_we1                                  |  out|    1|   ap_memory|                       C_3_2|         array|
|C_3_2_d1                                   |  out|   32|   ap_memory|                       C_3_2|         array|
|C_3_3_address0                             |  out|   11|   ap_memory|                       C_3_3|         array|
|C_3_3_ce0                                  |  out|    1|   ap_memory|                       C_3_3|         array|
|C_3_3_we0                                  |  out|    1|   ap_memory|                       C_3_3|         array|
|C_3_3_d0                                   |  out|   32|   ap_memory|                       C_3_3|         array|
|C_3_3_address1                             |  out|   11|   ap_memory|                       C_3_3|         array|
|C_3_3_ce1                                  |  out|    1|   ap_memory|                       C_3_3|         array|
|C_3_3_we1                                  |  out|    1|   ap_memory|                       C_3_3|         array|
|C_3_3_d1                                   |  out|   32|   ap_memory|                       C_3_3|         array|
|C_4_0_address0                             |  out|   11|   ap_memory|                       C_4_0|         array|
|C_4_0_ce0                                  |  out|    1|   ap_memory|                       C_4_0|         array|
|C_4_0_we0                                  |  out|    1|   ap_memory|                       C_4_0|         array|
|C_4_0_d0                                   |  out|   32|   ap_memory|                       C_4_0|         array|
|C_4_0_address1                             |  out|   11|   ap_memory|                       C_4_0|         array|
|C_4_0_ce1                                  |  out|    1|   ap_memory|                       C_4_0|         array|
|C_4_0_we1                                  |  out|    1|   ap_memory|                       C_4_0|         array|
|C_4_0_d1                                   |  out|   32|   ap_memory|                       C_4_0|         array|
|C_4_1_address0                             |  out|   11|   ap_memory|                       C_4_1|         array|
|C_4_1_ce0                                  |  out|    1|   ap_memory|                       C_4_1|         array|
|C_4_1_we0                                  |  out|    1|   ap_memory|                       C_4_1|         array|
|C_4_1_d0                                   |  out|   32|   ap_memory|                       C_4_1|         array|
|C_4_1_address1                             |  out|   11|   ap_memory|                       C_4_1|         array|
|C_4_1_ce1                                  |  out|    1|   ap_memory|                       C_4_1|         array|
|C_4_1_we1                                  |  out|    1|   ap_memory|                       C_4_1|         array|
|C_4_1_d1                                   |  out|   32|   ap_memory|                       C_4_1|         array|
|C_4_2_address0                             |  out|   11|   ap_memory|                       C_4_2|         array|
|C_4_2_ce0                                  |  out|    1|   ap_memory|                       C_4_2|         array|
|C_4_2_we0                                  |  out|    1|   ap_memory|                       C_4_2|         array|
|C_4_2_d0                                   |  out|   32|   ap_memory|                       C_4_2|         array|
|C_4_2_address1                             |  out|   11|   ap_memory|                       C_4_2|         array|
|C_4_2_ce1                                  |  out|    1|   ap_memory|                       C_4_2|         array|
|C_4_2_we1                                  |  out|    1|   ap_memory|                       C_4_2|         array|
|C_4_2_d1                                   |  out|   32|   ap_memory|                       C_4_2|         array|
|C_4_3_address0                             |  out|   11|   ap_memory|                       C_4_3|         array|
|C_4_3_ce0                                  |  out|    1|   ap_memory|                       C_4_3|         array|
|C_4_3_we0                                  |  out|    1|   ap_memory|                       C_4_3|         array|
|C_4_3_d0                                   |  out|   32|   ap_memory|                       C_4_3|         array|
|C_4_3_address1                             |  out|   11|   ap_memory|                       C_4_3|         array|
|C_4_3_ce1                                  |  out|    1|   ap_memory|                       C_4_3|         array|
|C_4_3_we1                                  |  out|    1|   ap_memory|                       C_4_3|         array|
|C_4_3_d1                                   |  out|   32|   ap_memory|                       C_4_3|         array|
|C_5_0_address0                             |  out|   11|   ap_memory|                       C_5_0|         array|
|C_5_0_ce0                                  |  out|    1|   ap_memory|                       C_5_0|         array|
|C_5_0_we0                                  |  out|    1|   ap_memory|                       C_5_0|         array|
|C_5_0_d0                                   |  out|   32|   ap_memory|                       C_5_0|         array|
|C_5_0_address1                             |  out|   11|   ap_memory|                       C_5_0|         array|
|C_5_0_ce1                                  |  out|    1|   ap_memory|                       C_5_0|         array|
|C_5_0_we1                                  |  out|    1|   ap_memory|                       C_5_0|         array|
|C_5_0_d1                                   |  out|   32|   ap_memory|                       C_5_0|         array|
|C_5_1_address0                             |  out|   11|   ap_memory|                       C_5_1|         array|
|C_5_1_ce0                                  |  out|    1|   ap_memory|                       C_5_1|         array|
|C_5_1_we0                                  |  out|    1|   ap_memory|                       C_5_1|         array|
|C_5_1_d0                                   |  out|   32|   ap_memory|                       C_5_1|         array|
|C_5_1_address1                             |  out|   11|   ap_memory|                       C_5_1|         array|
|C_5_1_ce1                                  |  out|    1|   ap_memory|                       C_5_1|         array|
|C_5_1_we1                                  |  out|    1|   ap_memory|                       C_5_1|         array|
|C_5_1_d1                                   |  out|   32|   ap_memory|                       C_5_1|         array|
|C_5_2_address0                             |  out|   11|   ap_memory|                       C_5_2|         array|
|C_5_2_ce0                                  |  out|    1|   ap_memory|                       C_5_2|         array|
|C_5_2_we0                                  |  out|    1|   ap_memory|                       C_5_2|         array|
|C_5_2_d0                                   |  out|   32|   ap_memory|                       C_5_2|         array|
|C_5_2_address1                             |  out|   11|   ap_memory|                       C_5_2|         array|
|C_5_2_ce1                                  |  out|    1|   ap_memory|                       C_5_2|         array|
|C_5_2_we1                                  |  out|    1|   ap_memory|                       C_5_2|         array|
|C_5_2_d1                                   |  out|   32|   ap_memory|                       C_5_2|         array|
|C_5_3_address0                             |  out|   11|   ap_memory|                       C_5_3|         array|
|C_5_3_ce0                                  |  out|    1|   ap_memory|                       C_5_3|         array|
|C_5_3_we0                                  |  out|    1|   ap_memory|                       C_5_3|         array|
|C_5_3_d0                                   |  out|   32|   ap_memory|                       C_5_3|         array|
|C_5_3_address1                             |  out|   11|   ap_memory|                       C_5_3|         array|
|C_5_3_ce1                                  |  out|    1|   ap_memory|                       C_5_3|         array|
|C_5_3_we1                                  |  out|    1|   ap_memory|                       C_5_3|         array|
|C_5_3_d1                                   |  out|   32|   ap_memory|                       C_5_3|         array|
|C_6_0_address0                             |  out|   11|   ap_memory|                       C_6_0|         array|
|C_6_0_ce0                                  |  out|    1|   ap_memory|                       C_6_0|         array|
|C_6_0_we0                                  |  out|    1|   ap_memory|                       C_6_0|         array|
|C_6_0_d0                                   |  out|   32|   ap_memory|                       C_6_0|         array|
|C_6_0_address1                             |  out|   11|   ap_memory|                       C_6_0|         array|
|C_6_0_ce1                                  |  out|    1|   ap_memory|                       C_6_0|         array|
|C_6_0_we1                                  |  out|    1|   ap_memory|                       C_6_0|         array|
|C_6_0_d1                                   |  out|   32|   ap_memory|                       C_6_0|         array|
|C_6_1_address0                             |  out|   11|   ap_memory|                       C_6_1|         array|
|C_6_1_ce0                                  |  out|    1|   ap_memory|                       C_6_1|         array|
|C_6_1_we0                                  |  out|    1|   ap_memory|                       C_6_1|         array|
|C_6_1_d0                                   |  out|   32|   ap_memory|                       C_6_1|         array|
|C_6_1_address1                             |  out|   11|   ap_memory|                       C_6_1|         array|
|C_6_1_ce1                                  |  out|    1|   ap_memory|                       C_6_1|         array|
|C_6_1_we1                                  |  out|    1|   ap_memory|                       C_6_1|         array|
|C_6_1_d1                                   |  out|   32|   ap_memory|                       C_6_1|         array|
|C_6_2_address0                             |  out|   11|   ap_memory|                       C_6_2|         array|
|C_6_2_ce0                                  |  out|    1|   ap_memory|                       C_6_2|         array|
|C_6_2_we0                                  |  out|    1|   ap_memory|                       C_6_2|         array|
|C_6_2_d0                                   |  out|   32|   ap_memory|                       C_6_2|         array|
|C_6_2_address1                             |  out|   11|   ap_memory|                       C_6_2|         array|
|C_6_2_ce1                                  |  out|    1|   ap_memory|                       C_6_2|         array|
|C_6_2_we1                                  |  out|    1|   ap_memory|                       C_6_2|         array|
|C_6_2_d1                                   |  out|   32|   ap_memory|                       C_6_2|         array|
|C_6_3_address0                             |  out|   11|   ap_memory|                       C_6_3|         array|
|C_6_3_ce0                                  |  out|    1|   ap_memory|                       C_6_3|         array|
|C_6_3_we0                                  |  out|    1|   ap_memory|                       C_6_3|         array|
|C_6_3_d0                                   |  out|   32|   ap_memory|                       C_6_3|         array|
|C_6_3_address1                             |  out|   11|   ap_memory|                       C_6_3|         array|
|C_6_3_ce1                                  |  out|    1|   ap_memory|                       C_6_3|         array|
|C_6_3_we1                                  |  out|    1|   ap_memory|                       C_6_3|         array|
|C_6_3_d1                                   |  out|   32|   ap_memory|                       C_6_3|         array|
|C_7_0_address0                             |  out|   11|   ap_memory|                       C_7_0|         array|
|C_7_0_ce0                                  |  out|    1|   ap_memory|                       C_7_0|         array|
|C_7_0_we0                                  |  out|    1|   ap_memory|                       C_7_0|         array|
|C_7_0_d0                                   |  out|   32|   ap_memory|                       C_7_0|         array|
|C_7_0_address1                             |  out|   11|   ap_memory|                       C_7_0|         array|
|C_7_0_ce1                                  |  out|    1|   ap_memory|                       C_7_0|         array|
|C_7_0_we1                                  |  out|    1|   ap_memory|                       C_7_0|         array|
|C_7_0_d1                                   |  out|   32|   ap_memory|                       C_7_0|         array|
|C_7_1_address0                             |  out|   11|   ap_memory|                       C_7_1|         array|
|C_7_1_ce0                                  |  out|    1|   ap_memory|                       C_7_1|         array|
|C_7_1_we0                                  |  out|    1|   ap_memory|                       C_7_1|         array|
|C_7_1_d0                                   |  out|   32|   ap_memory|                       C_7_1|         array|
|C_7_1_address1                             |  out|   11|   ap_memory|                       C_7_1|         array|
|C_7_1_ce1                                  |  out|    1|   ap_memory|                       C_7_1|         array|
|C_7_1_we1                                  |  out|    1|   ap_memory|                       C_7_1|         array|
|C_7_1_d1                                   |  out|   32|   ap_memory|                       C_7_1|         array|
|C_7_2_address0                             |  out|   11|   ap_memory|                       C_7_2|         array|
|C_7_2_ce0                                  |  out|    1|   ap_memory|                       C_7_2|         array|
|C_7_2_we0                                  |  out|    1|   ap_memory|                       C_7_2|         array|
|C_7_2_d0                                   |  out|   32|   ap_memory|                       C_7_2|         array|
|C_7_2_address1                             |  out|   11|   ap_memory|                       C_7_2|         array|
|C_7_2_ce1                                  |  out|    1|   ap_memory|                       C_7_2|         array|
|C_7_2_we1                                  |  out|    1|   ap_memory|                       C_7_2|         array|
|C_7_2_d1                                   |  out|   32|   ap_memory|                       C_7_2|         array|
|C_7_3_address0                             |  out|   11|   ap_memory|                       C_7_3|         array|
|C_7_3_ce0                                  |  out|    1|   ap_memory|                       C_7_3|         array|
|C_7_3_we0                                  |  out|    1|   ap_memory|                       C_7_3|         array|
|C_7_3_d0                                   |  out|   32|   ap_memory|                       C_7_3|         array|
|C_7_3_address1                             |  out|   11|   ap_memory|                       C_7_3|         array|
|C_7_3_ce1                                  |  out|    1|   ap_memory|                       C_7_3|         array|
|C_7_3_we1                                  |  out|    1|   ap_memory|                       C_7_3|         array|
|C_7_3_d1                                   |  out|   32|   ap_memory|                       C_7_3|         array|
|C_8_0_address0                             |  out|   11|   ap_memory|                       C_8_0|         array|
|C_8_0_ce0                                  |  out|    1|   ap_memory|                       C_8_0|         array|
|C_8_0_we0                                  |  out|    1|   ap_memory|                       C_8_0|         array|
|C_8_0_d0                                   |  out|   32|   ap_memory|                       C_8_0|         array|
|C_8_0_address1                             |  out|   11|   ap_memory|                       C_8_0|         array|
|C_8_0_ce1                                  |  out|    1|   ap_memory|                       C_8_0|         array|
|C_8_0_we1                                  |  out|    1|   ap_memory|                       C_8_0|         array|
|C_8_0_d1                                   |  out|   32|   ap_memory|                       C_8_0|         array|
|C_8_1_address0                             |  out|   11|   ap_memory|                       C_8_1|         array|
|C_8_1_ce0                                  |  out|    1|   ap_memory|                       C_8_1|         array|
|C_8_1_we0                                  |  out|    1|   ap_memory|                       C_8_1|         array|
|C_8_1_d0                                   |  out|   32|   ap_memory|                       C_8_1|         array|
|C_8_1_address1                             |  out|   11|   ap_memory|                       C_8_1|         array|
|C_8_1_ce1                                  |  out|    1|   ap_memory|                       C_8_1|         array|
|C_8_1_we1                                  |  out|    1|   ap_memory|                       C_8_1|         array|
|C_8_1_d1                                   |  out|   32|   ap_memory|                       C_8_1|         array|
|C_8_2_address0                             |  out|   11|   ap_memory|                       C_8_2|         array|
|C_8_2_ce0                                  |  out|    1|   ap_memory|                       C_8_2|         array|
|C_8_2_we0                                  |  out|    1|   ap_memory|                       C_8_2|         array|
|C_8_2_d0                                   |  out|   32|   ap_memory|                       C_8_2|         array|
|C_8_2_address1                             |  out|   11|   ap_memory|                       C_8_2|         array|
|C_8_2_ce1                                  |  out|    1|   ap_memory|                       C_8_2|         array|
|C_8_2_we1                                  |  out|    1|   ap_memory|                       C_8_2|         array|
|C_8_2_d1                                   |  out|   32|   ap_memory|                       C_8_2|         array|
|C_8_3_address0                             |  out|   11|   ap_memory|                       C_8_3|         array|
|C_8_3_ce0                                  |  out|    1|   ap_memory|                       C_8_3|         array|
|C_8_3_we0                                  |  out|    1|   ap_memory|                       C_8_3|         array|
|C_8_3_d0                                   |  out|   32|   ap_memory|                       C_8_3|         array|
|C_8_3_address1                             |  out|   11|   ap_memory|                       C_8_3|         array|
|C_8_3_ce1                                  |  out|    1|   ap_memory|                       C_8_3|         array|
|C_8_3_we1                                  |  out|    1|   ap_memory|                       C_8_3|         array|
|C_8_3_d1                                   |  out|   32|   ap_memory|                       C_8_3|         array|
|C_9_0_address0                             |  out|   11|   ap_memory|                       C_9_0|         array|
|C_9_0_ce0                                  |  out|    1|   ap_memory|                       C_9_0|         array|
|C_9_0_we0                                  |  out|    1|   ap_memory|                       C_9_0|         array|
|C_9_0_d0                                   |  out|   32|   ap_memory|                       C_9_0|         array|
|C_9_0_address1                             |  out|   11|   ap_memory|                       C_9_0|         array|
|C_9_0_ce1                                  |  out|    1|   ap_memory|                       C_9_0|         array|
|C_9_0_we1                                  |  out|    1|   ap_memory|                       C_9_0|         array|
|C_9_0_d1                                   |  out|   32|   ap_memory|                       C_9_0|         array|
|C_9_1_address0                             |  out|   11|   ap_memory|                       C_9_1|         array|
|C_9_1_ce0                                  |  out|    1|   ap_memory|                       C_9_1|         array|
|C_9_1_we0                                  |  out|    1|   ap_memory|                       C_9_1|         array|
|C_9_1_d0                                   |  out|   32|   ap_memory|                       C_9_1|         array|
|C_9_1_address1                             |  out|   11|   ap_memory|                       C_9_1|         array|
|C_9_1_ce1                                  |  out|    1|   ap_memory|                       C_9_1|         array|
|C_9_1_we1                                  |  out|    1|   ap_memory|                       C_9_1|         array|
|C_9_1_d1                                   |  out|   32|   ap_memory|                       C_9_1|         array|
|C_9_2_address0                             |  out|   11|   ap_memory|                       C_9_2|         array|
|C_9_2_ce0                                  |  out|    1|   ap_memory|                       C_9_2|         array|
|C_9_2_we0                                  |  out|    1|   ap_memory|                       C_9_2|         array|
|C_9_2_d0                                   |  out|   32|   ap_memory|                       C_9_2|         array|
|C_9_2_address1                             |  out|   11|   ap_memory|                       C_9_2|         array|
|C_9_2_ce1                                  |  out|    1|   ap_memory|                       C_9_2|         array|
|C_9_2_we1                                  |  out|    1|   ap_memory|                       C_9_2|         array|
|C_9_2_d1                                   |  out|   32|   ap_memory|                       C_9_2|         array|
|C_9_3_address0                             |  out|   11|   ap_memory|                       C_9_3|         array|
|C_9_3_ce0                                  |  out|    1|   ap_memory|                       C_9_3|         array|
|C_9_3_we0                                  |  out|    1|   ap_memory|                       C_9_3|         array|
|C_9_3_d0                                   |  out|   32|   ap_memory|                       C_9_3|         array|
|C_9_3_address1                             |  out|   11|   ap_memory|                       C_9_3|         array|
|C_9_3_ce1                                  |  out|    1|   ap_memory|                       C_9_3|         array|
|C_9_3_we1                                  |  out|    1|   ap_memory|                       C_9_3|         array|
|C_9_3_d1                                   |  out|   32|   ap_memory|                       C_9_3|         array|
|fifo_C_from_off_chip_to_S3_dout            |   in|  512|     ap_fifo|  fifo_C_from_off_chip_to_S3|       pointer|
|fifo_C_from_off_chip_to_S3_num_data_valid  |   in|   11|     ap_fifo|  fifo_C_from_off_chip_to_S3|       pointer|
|fifo_C_from_off_chip_to_S3_fifo_cap        |   in|   11|     ap_fifo|  fifo_C_from_off_chip_to_S3|       pointer|
|fifo_C_from_off_chip_to_S3_empty_n         |   in|    1|     ap_fifo|  fifo_C_from_off_chip_to_S3|       pointer|
|fifo_C_from_off_chip_to_S3_read            |  out|    1|     ap_fifo|  fifo_C_from_off_chip_to_S3|       pointer|
|j0                                         |   in|    4|     ap_none|                          j0|        scalar|
+-------------------------------------------+-----+-----+------------+----------------------------+--------------+

