Copyright 1986-2022 Xilinx, Inc. All Rights Reserved. Copyright 2022-2023 Advanced Micro Devices, Inc. All Rights Reserved.
------------------------------------------------------------------------------------------------------------------------------------------------------------------------------------------------------------------------------------------------------------------------------------------------------------------------------------------
| Tool Version : Vivado v.2023.2 (lin64) Build 4029153 Fri Oct 13 20:13:54 MDT 2023
| Date         : Sat Jan  4 14:49:16 2025
| Host         : c01 running 64-bit Ubuntu 22.04.4 LTS
| Command      : report_accelerator_utilization -kernels { kernel_nlp_slr0:level0_i/ulp/kernel_nlp_slr0_1/inst:kernel_nlp_slr0_1 kernel_nlp_slr1:level0_i/ulp/kernel_nlp_slr1_1/inst:kernel_nlp_slr1_1 kernel_nlp_slr2:level0_i/ulp/kernel_nlp_slr2_1/inst:kernel_nlp_slr2_1} -file kernel_util_routed.rpt -name kernel_util_routed -json
| Design       : level0_wrapper
| Device       : xcu55c
| Design State : Fully Placed
------------------------------------------------------------------------------------------------------------------------------------------------------------------------------------------------------------------------------------------------------------------------------------------------------------------------------------------

Accelerator Utilization Design Information

Table of Contents
-----------------
1. System Utilization

1. System Utilization
---------------------

+----------------------+-------------------+------------------+-------------------+----------------+---------------+----------------+
| Name                 | LUT               | LUTAsMem         | REG               | BRAM           | URAM          | DSP            |
+----------------------+-------------------+------------------+-------------------+----------------+---------------+----------------+
| Platform             |  126001 [  9.67%] |  10012 [  1.67%] |  177082 [  6.79%] |  202 [ 10.02%] |  40 [  4.17%] |    4 [  0.04%] |
| User Budget          | 1177679 [100.00%] | 590948 [100.00%] | 2430278 [100.00%] | 1814 [100.00%] | 920 [100.00%] | 9020 [100.00%] |
|    Used Resources    |  165900 [ 14.09%] |  33397 [  5.65%] |  203870 [  8.39%] |   39 [  2.15%] |   0 [  0.00%] | 1222 [ 13.55%] |
|    Unused Resources  | 1011779 [ 85.91%] | 557551 [ 94.35%] | 2226408 [ 91.61%] | 1775 [ 97.85%] | 920 [100.00%] | 7798 [ 86.45%] |
| kernel_nlp_slr0      |    7924 [  0.67%] |   1358 [  0.23%] |   16234 [  0.67%] |   39 [  2.15%] |   0 [  0.00%] |    0 [  0.00%] |
|    kernel_nlp_slr0_1 |    7924 [  0.67%] |   1358 [  0.23%] |   16234 [  0.67%] |   39 [  2.15%] |   0 [  0.00%] |    0 [  0.00%] |
| kernel_nlp_slr1      |   66915 [  5.68%] |  14589 [  2.47%] |   58513 [  2.41%] |    0 [  0.00%] |   0 [  0.00%] |  377 [  4.18%] |
|    kernel_nlp_slr1_1 |   66915 [  5.68%] |  14589 [  2.47%] |   58513 [  2.41%] |    0 [  0.00%] |   0 [  0.00%] |  377 [  4.18%] |
| kernel_nlp_slr2      |   91061 [  7.73%] |  17450 [  2.95%] |  129123 [  5.31%] |    0 [  0.00%] |   0 [  0.00%] |  845 [  9.37%] |
|    kernel_nlp_slr2_1 |   91061 [  7.73%] |  17450 [  2.95%] |  129123 [  5.31%] |    0 [  0.00%] |   0 [  0.00%] |  845 [  9.37%] |
+----------------------+-------------------+------------------+-------------------+----------------+---------------+----------------+


