Copyright 1986-2022 Xilinx, Inc. All Rights Reserved. Copyright 2022-2023 Advanced Micro Devices, Inc. All Rights Reserved.
--------------------------------------------------------------------------------------------------------------------------------------------------------------------------------------------------------------------------------------------------------------------------------------------------------------------------------------------
| Tool Version : Vivado v.2023.2 (lin64) Build 4029153 Fri Oct 13 20:13:54 MDT 2023
| Date         : Sat Jan  4 06:36:36 2025
| Host         : c01 running 64-bit Ubuntu 22.04.4 LTS
| Command      : report_accelerator_utilization -kernels { kernel_nlp_slr0:level0_i/ulp/kernel_nlp_slr0_1/inst:kernel_nlp_slr0_1 kernel_nlp_slr1:level0_i/ulp/kernel_nlp_slr1_1/inst:kernel_nlp_slr1_1 kernel_nlp_slr2:level0_i/ulp/kernel_nlp_slr2_1/inst:kernel_nlp_slr2_1} -file kernel_util_synthed.rpt -name kernel_util_synthed -json
| Design       : level0_wrapper
| Device       : xcu55c
| Design State : Synthesized
--------------------------------------------------------------------------------------------------------------------------------------------------------------------------------------------------------------------------------------------------------------------------------------------------------------------------------------------

Accelerator Utilization Design Information

Table of Contents
-----------------
1. System Utilization

1. System Utilization
---------------------

+----------------------+-------------------+------------------+-------------------+----------------+---------------+----------------+
| Name                 | LUT               | LUTAsMem         | REG               | BRAM           | URAM          | DSP            |
+----------------------+-------------------+------------------+-------------------+----------------+---------------+----------------+
| Platform             |  141617 [ 10.86%] |  11546 [  1.92%] |  183436 [  7.04%] |  202 [ 10.02%] |  45 [  4.69%] |    4 [  0.04%] |
| User Budget          | 1162063 [100.00%] | 589414 [100.00%] | 2423924 [100.00%] | 1814 [100.00%] | 915 [100.00%] | 9020 [100.00%] |
|    Used Resources    |  211895 [ 18.23%] |  65916 [ 11.18%] |  204842 [  8.45%] |   39 [  2.15%] |   0 [  0.00%] | 1222 [ 13.55%] |
|    Unused Resources  |  950168 [ 81.77%] | 523498 [ 88.82%] | 2219082 [ 91.55%] | 1775 [ 97.85%] | 915 [100.00%] | 7798 [ 86.45%] |
| kernel_nlp_slr0      |    8986 [  0.77%] |   1948 [  0.33%] |   17062 [  0.70%] |   39 [  2.15%] |   0 [  0.00%] |    0 [  0.00%] |
|    kernel_nlp_slr0_1 |    8986 [  0.77%] |   1948 [  0.33%] |   17062 [  0.70%] |   39 [  2.15%] |   0 [  0.00%] |    0 [  0.00%] |
| kernel_nlp_slr1      |   85558 [  7.36%] |  29117 [  4.94%] |   58425 [  2.41%] |    0 [  0.00%] |   0 [  0.00%] |  377 [  4.18%] |
|    kernel_nlp_slr1_1 |   85558 [  7.36%] |  29117 [  4.94%] |   58425 [  2.41%] |    0 [  0.00%] |   0 [  0.00%] |  377 [  4.18%] |
| kernel_nlp_slr2      |  117351 [ 10.10%] |  34851 [  5.91%] |  129355 [  5.34%] |    0 [  0.00%] |   0 [  0.00%] |  845 [  9.37%] |
|    kernel_nlp_slr2_1 |  117351 [ 10.10%] |  34851 [  5.91%] |  129355 [  5.34%] |    0 [  0.00%] |   0 [  0.00%] |  845 [  9.37%] |
+----------------------+-------------------+------------------+-------------------+----------------+---------------+----------------+


