Copyright 1986-2022 Xilinx, Inc. All Rights Reserved. Copyright 2022-2023 Advanced Micro Devices, Inc. All Rights Reserved.
---------------------------------------------------------------------------------------------------------------------------------------------
| Tool Version : Vivado v.2023.2 (lin64) Build 4029153 Fri Oct 13 20:13:54 MDT 2023
| Date         : Sat Jan  4 09:01:24 2025
| Host         : c01 running 64-bit Ubuntu 22.04.4 LTS
| Command      : report_utilization -slr -file slr_util_placed.rpt -pb slr_util_placed.pb
| Design       : level0_wrapper
| Device       : xcu55c-fsvh2892-2L-e
| Speed File   : -2L
| Design State : Fully Placed
---------------------------------------------------------------------------------------------------------------------------------------------

Utilization Design Information

Table of Contents
-----------------
1. SLR Connectivity
2. SLR Connectivity Matrix
3. SLR CLB Logic and Dedicated Block Utilization
4. SLR IO Utilization

1. SLR Connectivity
-------------------

+----------------------------------+-------+-------+-----------+-------+
|                                  |  Used | Fixed | Available | Util% |
+----------------------------------+-------+-------+-----------+-------+
| SLR2 <-> SLR1                    |  6636 |       |     23040 | 28.80 |
|   SLR1 -> SLR2                   |  3616 |       |           | 15.69 |
|     Using TX_REG only            |     0 |     0 |           |       |
|     Using RX_REG only            |     0 |     0 |           |       |
|     Using Both TX_REG and RX_REG |     0 |     0 |           |       |
|   SLR2 -> SLR1                   |  3020 |       |           | 13.11 |
|     Using TX_REG only            |     0 |     0 |           |       |
|     Using RX_REG only            |     0 |     0 |           |       |
|     Using Both TX_REG and RX_REG |     0 |     0 |           |       |
| SLR1 <-> SLR0                    |  8015 |       |     23040 | 34.79 |
|   SLR0 -> SLR1                   |  4876 |       |           | 21.16 |
|     Using TX_REG only            |     0 |     0 |           |       |
|     Using RX_REG only            |     0 |     0 |           |       |
|     Using Both TX_REG and RX_REG |     0 |     0 |           |       |
|   SLR1 -> SLR0                   |  3139 |       |           | 13.62 |
|     Using TX_REG only            |     0 |     0 |           |       |
|     Using RX_REG only            |     0 |     0 |           |       |
|     Using Both TX_REG and RX_REG |     0 |     0 |           |       |
+----------------------------------+-------+-------+-----------+-------+
| Total SLLs Used                  | 14651 |       |           |       |
+----------------------------------+-------+-------+-----------+-------+


2. SLR Connectivity Matrix
--------------------------

+-----------+------+------+------+
| FROM \ TO | SLR2 | SLR1 | SLR0 |
+-----------+------+------+------+
| SLR2      |    0 | 2920 |  100 |
| SLR1      | 3554 |    0 | 3039 |
| SLR0      |   62 | 4814 |    0 |
+-----------+------+------+------+


3. SLR CLB Logic and Dedicated Block Utilization
------------------------------------------------

+----------------------------+-------+--------+--------+--------+--------+--------+
|          Site Type         |  SLR0 |  SLR1  |  SLR2  | SLR0 % | SLR1 % | SLR2 % |
+----------------------------+-------+--------+--------+--------+--------+--------+
| CLB                        | 11680 |  24523 |  22300 |  21.25 |  45.41 |  41.30 |
|   CLBL                     |  5899 |  13000 |  11531 |  20.15 |  44.40 |  39.38 |
|   CLBM                     |  5781 |  11523 |  10769 |  22.51 |  46.61 |  43.56 |
| CLB LUTs                   | 45289 | 129469 | 117012 |  10.30 |  29.97 |  27.09 |
|   LUT as Logic             | 39130 | 111191 |  98040 |   8.90 |  25.74 |  22.69 |
|     using O5 output only   |  1236 |   1167 |    626 |   0.28 |   0.27 |   0.14 |
|     using O6 output only   | 26958 |  83951 |  64408 |   6.13 |  19.43 |  14.91 |
|     using O5 and O6        | 10936 |  26073 |  33006 |   2.49 |   6.04 |   7.64 |
|   LUT as Memory            |  6159 |  18278 |  18972 |   3.00 |   9.24 |   9.59 |
|     LUT as Distributed RAM |  2888 |  16972 |  17723 |   1.41 |   8.58 |   8.96 |
|       using O5 output only |     0 |      0 |      0 |   0.00 |   0.00 |   0.00 |
|       using O6 output only |   256 |    386 |     14 |   0.12 |   0.20 |  <0.01 |
|       using O5 and O6      |  2632 |  16586 |  17709 |   1.28 |   8.39 |   8.95 |
|     LUT as Shift Register  |  3271 |   1306 |   1249 |   1.59 |   0.66 |   0.63 |
|       using O5 output only |     0 |      0 |      0 |   0.00 |   0.00 |   0.00 |
|       using O6 output only |  2203 |    162 |    703 |   1.07 |   0.08 |   0.36 |
|       using O5 and O6      |  1068 |   1144 |    546 |   0.52 |   0.58 |   0.28 |
| CLB Registers              | 81280 | 134522 | 165075 |   9.24 |  15.57 |  19.11 |
| CARRY8                     |   462 |   1569 |   2384 |   0.84 |   2.91 |   4.41 |
| F7 Muxes                   |  1145 |   1725 |    455 |   0.52 |   0.80 |   0.21 |
| F8 Muxes                   |   191 |    276 |      6 |   0.17 |   0.26 |  <0.01 |
| F9 Muxes                   |     0 |      0 |      0 |   0.00 |   0.00 |   0.00 |
| Block RAM Tile             |    97 |     94 |     50 |  14.43 |  13.99 |   7.44 |
|   RAMB36/FIFO              |    92 |     94 |     50 |  13.69 |  13.99 |   7.44 |
|   RAMB18                   |    10 |      0 |      0 |   0.74 |   0.00 |   0.00 |
| URAM                       |     8 |     32 |      0 |   2.50 |  10.00 |   0.00 |
| DSPs                       |     0 |    377 |    849 |   0.00 |  12.27 |  27.64 |
| Unique Control Sets        |  2574 |   4778 |   1760 |   2.34 |   4.42 |   1.63 |
+----------------------------+-------+--------+--------+--------+--------+--------+
* Note: Available Control Sets based on CLB Registers / 8


4. SLR IO Utilization
---------------------

+-----------+-----------+---------+------------+----------+------------+----------+-----+
| SLR Index | Used IOBs | (%)IOBs | Used IPADs | (%)IPADs | Used OPADs | (%)OPADs | GTs |
+-----------+-----------+---------+------------+----------+------------+----------+-----+
| SLR2      |         0 |    0.00 |          0 |     0.00 |          0 |     0.00 |   0 |
| SLR1      |         0 |    0.00 |          0 |     0.00 |          0 |     0.00 |   0 |
| SLR0      |        12 |    5.77 |          0 |     0.00 |          0 |     0.00 |  16 |
+-----------+-----------+---------+------------+----------+------------+----------+-----+
| Total     |        12 |         |          0 |          |          0 |          |  16 |
+-----------+-----------+---------+------------+----------+------------+----------+-----+


