

================================================================
== Vitis HLS Report for 'compute_sum_Pipeline_l_j1_init'
================================================================
* Date:           Tue Dec 17 08:37:33 2024

* Version:        2023.2 (Build 4023990 on Oct 11 2023)
* Project:        kernel_nlp
* Solution:       solution (Vitis Kernel Flow Target)
* Product family: virtexuplusHBM
* Target device:  xcu55c-fsvh2892-2L-e


================================================================
== Performance Estimates
================================================================
+ Timing: 
    * Summary: 
    +--------+---------+----------+------------+
    |  Clock |  Target | Estimated| Uncertainty|
    +--------+---------+----------+------------+
    |ap_clk  |  4.00 ns|  1.791 ns|     1.08 ns|
    +--------+---------+----------+------------+

+ Latency: 
    * Summary: 
    +---------+---------+-----------+-----------+-----+-----+---------+
    |  Latency (cycles) |   Latency (absolute)  |  Interval | Pipeline|
    |   min   |   max   |    min    |    max    | min | max |   Type  |
    +---------+---------+-----------+-----------+-----+-----+---------+
    |       10|       10|  40.000 ns|  40.000 ns|   10|   10|       no|
    +---------+---------+-----------+-----------+-----+-----+---------+

    + Detail: 
        * Instance: 
        N/A

        * Loop: 
        +-------------+---------+---------+----------+-----------+-----------+------+----------+
        |             |  Latency (cycles) | Iteration|  Initiation Interval  | Trip |          |
        |  Loop Name  |   min   |   max   |  Latency |  achieved |   target  | Count| Pipelined|
        +-------------+---------+---------+----------+-----------+-----------+------+----------+
        |- l_j1_init  |        8|        8|         1|          1|          1|     8|       yes|
        +-------------+---------+---------+----------+-----------+-----------+------+----------+



================================================================
== Utilization Estimates
================================================================
* Summary: 
+---------------------+---------+------+---------+---------+-----+
|         Name        | BRAM_18K|  DSP |    FF   |   LUT   | URAM|
+---------------------+---------+------+---------+---------+-----+
|DSP                  |        -|     -|        -|        -|    -|
|Expression           |        -|     -|        0|       42|    -|
|FIFO                 |        -|     -|        -|        -|    -|
|Instance             |        -|     -|        -|        -|    -|
|Memory               |        -|     -|        -|        -|    -|
|Multiplexer          |        -|     -|        -|       45|    -|
|Register             |        -|     -|       14|        -|    -|
+---------------------+---------+------+---------+---------+-----+
|Total                |        0|     0|       14|       87|    0|
+---------------------+---------+------+---------+---------+-----+
|Available SLR        |     1344|  3008|   869120|   434560|  320|
+---------------------+---------+------+---------+---------+-----+
|Utilization SLR (%)  |        0|     0|       ~0|       ~0|    0|
+---------------------+---------+------+---------+---------+-----+
|Available            |     4032|  9024|  2607360|  1303680|  960|
+---------------------+---------+------+---------+---------+-----+
|Utilization (%)      |        0|     0|       ~0|       ~0|    0|
+---------------------+---------+------+---------+---------+-----+

+ Detail: 
    * Instance: 
    N/A

    * DSP: 
    N/A

    * Memory: 
    N/A

    * FIFO: 
    N/A

    * Expression: 
    +----------------------+----------+----+---+----+------------+------------+
    |     Variable Name    | Operation| DSP| FF| LUT| Bitwidth P0| Bitwidth P1|
    +----------------------+----------+----+---+----+------------+------------+
    |add_ln38_1_fu_540_p2  |         +|   0|  0|  12|           4|           1|
    |add_ln38_fu_580_p2    |         +|   0|  0|  15|           8|           5|
    |icmp_ln38_fu_534_p2   |      icmp|   0|  0|  15|           8|           6|
    +----------------------+----------+----+---+----+------------+------------+
    |Total                 |          |   0|  0|  42|          20|          12|
    +----------------------+----------+----+---+----+------------+------------+

    * Multiplexer: 
    +----------------------------------+----+-----------+-----+-----------+
    |               Name               | LUT| Input Size| Bits| Total Bits|
    +----------------------------------+----+-----------+-----+-----------+
    |ap_done_int                       |   9|          2|    1|          2|
    |ap_sig_allocacmp_indvars_iv_load  |   9|          2|    4|          8|
    |ap_sig_allocacmp_j1_init_1        |   9|          2|    8|         16|
    |indvars_iv_fu_94                  |   9|          2|    4|          8|
    |j1_init_fu_90                     |   9|          2|    8|         16|
    +----------------------------------+----+-----------+-----+-----------+
    |Total                             |  45|         10|   25|         50|
    +----------------------------------+----+-----------+-----+-----------+

    * Register: 
    +------------------+---+----+-----+-----------+
    |       Name       | FF| LUT| Bits| Const Bits|
    +------------------+---+----+-----+-----------+
    |ap_CS_fsm         |  1|   0|    1|          0|
    |ap_done_reg       |  1|   0|    1|          0|
    |indvars_iv_fu_94  |  4|   0|    4|          0|
    |j1_init_fu_90     |  8|   0|    8|          0|
    +------------------+---+----+-----+-----------+
    |Total             | 14|   0|   14|          0|
    +------------------+---+----+-----+-----------+



================================================================
== Interface
================================================================
* Summary: 
+----------------+-----+-----+------------+--------------------------------+--------------+
|    RTL Ports   | Dir | Bits|  Protocol  |          Source Object         |    C Type    |
+----------------+-----+-----+------------+--------------------------------+--------------+
|ap_clk          |   in|    1|  ap_ctrl_hs|  compute_sum_Pipeline_l_j1_init|  return value|
|ap_rst          |   in|    1|  ap_ctrl_hs|  compute_sum_Pipeline_l_j1_init|  return value|
|ap_start        |   in|    1|  ap_ctrl_hs|  compute_sum_Pipeline_l_j1_init|  return value|
|ap_done         |  out|    1|  ap_ctrl_hs|  compute_sum_Pipeline_l_j1_init|  return value|
|ap_idle         |  out|    1|  ap_ctrl_hs|  compute_sum_Pipeline_l_j1_init|  return value|
|ap_ready        |  out|    1|  ap_ctrl_hs|  compute_sum_Pipeline_l_j1_init|  return value|
|v4_29_address0  |  out|    3|   ap_memory|                           v4_29|         array|
|v4_29_ce0       |  out|    1|   ap_memory|                           v4_29|         array|
|v4_29_we0       |  out|    1|   ap_memory|                           v4_29|         array|
|v4_29_d0        |  out|   32|   ap_memory|                           v4_29|         array|
|v4_28_address0  |  out|    3|   ap_memory|                           v4_28|         array|
|v4_28_ce0       |  out|    1|   ap_memory|                           v4_28|         array|
|v4_28_we0       |  out|    1|   ap_memory|                           v4_28|         array|
|v4_28_d0        |  out|   32|   ap_memory|                           v4_28|         array|
|v4_27_address0  |  out|    3|   ap_memory|                           v4_27|         array|
|v4_27_ce0       |  out|    1|   ap_memory|                           v4_27|         array|
|v4_27_we0       |  out|    1|   ap_memory|                           v4_27|         array|
|v4_27_d0        |  out|   32|   ap_memory|                           v4_27|         array|
|v4_26_address0  |  out|    3|   ap_memory|                           v4_26|         array|
|v4_26_ce0       |  out|    1|   ap_memory|                           v4_26|         array|
|v4_26_we0       |  out|    1|   ap_memory|                           v4_26|         array|
|v4_26_d0        |  out|   32|   ap_memory|                           v4_26|         array|
|v4_25_address0  |  out|    3|   ap_memory|                           v4_25|         array|
|v4_25_ce0       |  out|    1|   ap_memory|                           v4_25|         array|
|v4_25_we0       |  out|    1|   ap_memory|                           v4_25|         array|
|v4_25_d0        |  out|   32|   ap_memory|                           v4_25|         array|
|v4_24_address0  |  out|    3|   ap_memory|                           v4_24|         array|
|v4_24_ce0       |  out|    1|   ap_memory|                           v4_24|         array|
|v4_24_we0       |  out|    1|   ap_memory|                           v4_24|         array|
|v4_24_d0        |  out|   32|   ap_memory|                           v4_24|         array|
|v4_23_address0  |  out|    3|   ap_memory|                           v4_23|         array|
|v4_23_ce0       |  out|    1|   ap_memory|                           v4_23|         array|
|v4_23_we0       |  out|    1|   ap_memory|                           v4_23|         array|
|v4_23_d0        |  out|   32|   ap_memory|                           v4_23|         array|
|v4_22_address0  |  out|    3|   ap_memory|                           v4_22|         array|
|v4_22_ce0       |  out|    1|   ap_memory|                           v4_22|         array|
|v4_22_we0       |  out|    1|   ap_memory|                           v4_22|         array|
|v4_22_d0        |  out|   32|   ap_memory|                           v4_22|         array|
|v4_21_address0  |  out|    3|   ap_memory|                           v4_21|         array|
|v4_21_ce0       |  out|    1|   ap_memory|                           v4_21|         array|
|v4_21_we0       |  out|    1|   ap_memory|                           v4_21|         array|
|v4_21_d0        |  out|   32|   ap_memory|                           v4_21|         array|
|v4_20_address0  |  out|    3|   ap_memory|                           v4_20|         array|
|v4_20_ce0       |  out|    1|   ap_memory|                           v4_20|         array|
|v4_20_we0       |  out|    1|   ap_memory|                           v4_20|         array|
|v4_20_d0        |  out|   32|   ap_memory|                           v4_20|         array|
|v4_19_address0  |  out|    3|   ap_memory|                           v4_19|         array|
|v4_19_ce0       |  out|    1|   ap_memory|                           v4_19|         array|
|v4_19_we0       |  out|    1|   ap_memory|                           v4_19|         array|
|v4_19_d0        |  out|   32|   ap_memory|                           v4_19|         array|
|v4_18_address0  |  out|    3|   ap_memory|                           v4_18|         array|
|v4_18_ce0       |  out|    1|   ap_memory|                           v4_18|         array|
|v4_18_we0       |  out|    1|   ap_memory|                           v4_18|         array|
|v4_18_d0        |  out|   32|   ap_memory|                           v4_18|         array|
|v4_17_address0  |  out|    3|   ap_memory|                           v4_17|         array|
|v4_17_ce0       |  out|    1|   ap_memory|                           v4_17|         array|
|v4_17_we0       |  out|    1|   ap_memory|                           v4_17|         array|
|v4_17_d0        |  out|   32|   ap_memory|                           v4_17|         array|
|v4_16_address0  |  out|    3|   ap_memory|                           v4_16|         array|
|v4_16_ce0       |  out|    1|   ap_memory|                           v4_16|         array|
|v4_16_we0       |  out|    1|   ap_memory|                           v4_16|         array|
|v4_16_d0        |  out|   32|   ap_memory|                           v4_16|         array|
|v4_15_address0  |  out|    3|   ap_memory|                           v4_15|         array|
|v4_15_ce0       |  out|    1|   ap_memory|                           v4_15|         array|
|v4_15_we0       |  out|    1|   ap_memory|                           v4_15|         array|
|v4_15_d0        |  out|   32|   ap_memory|                           v4_15|         array|
|v4_14_address0  |  out|    3|   ap_memory|                           v4_14|         array|
|v4_14_ce0       |  out|    1|   ap_memory|                           v4_14|         array|
|v4_14_we0       |  out|    1|   ap_memory|                           v4_14|         array|
|v4_14_d0        |  out|   32|   ap_memory|                           v4_14|         array|
|v4_13_address0  |  out|    3|   ap_memory|                           v4_13|         array|
|v4_13_ce0       |  out|    1|   ap_memory|                           v4_13|         array|
|v4_13_we0       |  out|    1|   ap_memory|                           v4_13|         array|
|v4_13_d0        |  out|   32|   ap_memory|                           v4_13|         array|
|v4_12_address0  |  out|    3|   ap_memory|                           v4_12|         array|
|v4_12_ce0       |  out|    1|   ap_memory|                           v4_12|         array|
|v4_12_we0       |  out|    1|   ap_memory|                           v4_12|         array|
|v4_12_d0        |  out|   32|   ap_memory|                           v4_12|         array|
|v4_11_address0  |  out|    3|   ap_memory|                           v4_11|         array|
|v4_11_ce0       |  out|    1|   ap_memory|                           v4_11|         array|
|v4_11_we0       |  out|    1|   ap_memory|                           v4_11|         array|
|v4_11_d0        |  out|   32|   ap_memory|                           v4_11|         array|
|v4_10_address0  |  out|    3|   ap_memory|                           v4_10|         array|
|v4_10_ce0       |  out|    1|   ap_memory|                           v4_10|         array|
|v4_10_we0       |  out|    1|   ap_memory|                           v4_10|         array|
|v4_10_d0        |  out|   32|   ap_memory|                           v4_10|         array|
|v4_9_address0   |  out|    3|   ap_memory|                            v4_9|         array|
|v4_9_ce0        |  out|    1|   ap_memory|                            v4_9|         array|
|v4_9_we0        |  out|    1|   ap_memory|                            v4_9|         array|
|v4_9_d0         |  out|   32|   ap_memory|                            v4_9|         array|
|v4_8_address0   |  out|    3|   ap_memory|                            v4_8|         array|
|v4_8_ce0        |  out|    1|   ap_memory|                            v4_8|         array|
|v4_8_we0        |  out|    1|   ap_memory|                            v4_8|         array|
|v4_8_d0         |  out|   32|   ap_memory|                            v4_8|         array|
|v4_7_address0   |  out|    3|   ap_memory|                            v4_7|         array|
|v4_7_ce0        |  out|    1|   ap_memory|                            v4_7|         array|
|v4_7_we0        |  out|    1|   ap_memory|                            v4_7|         array|
|v4_7_d0         |  out|   32|   ap_memory|                            v4_7|         array|
|v4_6_address0   |  out|    3|   ap_memory|                            v4_6|         array|
|v4_6_ce0        |  out|    1|   ap_memory|                            v4_6|         array|
|v4_6_we0        |  out|    1|   ap_memory|                            v4_6|         array|
|v4_6_d0         |  out|   32|   ap_memory|                            v4_6|         array|
|v4_5_address0   |  out|    3|   ap_memory|                            v4_5|         array|
|v4_5_ce0        |  out|    1|   ap_memory|                            v4_5|         array|
|v4_5_we0        |  out|    1|   ap_memory|                            v4_5|         array|
|v4_5_d0         |  out|   32|   ap_memory|                            v4_5|         array|
|v4_4_address0   |  out|    3|   ap_memory|                            v4_4|         array|
|v4_4_ce0        |  out|    1|   ap_memory|                            v4_4|         array|
|v4_4_we0        |  out|    1|   ap_memory|                            v4_4|         array|
|v4_4_d0         |  out|   32|   ap_memory|                            v4_4|         array|
|v4_3_address0   |  out|    3|   ap_memory|                            v4_3|         array|
|v4_3_ce0        |  out|    1|   ap_memory|                            v4_3|         array|
|v4_3_we0        |  out|    1|   ap_memory|                            v4_3|         array|
|v4_3_d0         |  out|   32|   ap_memory|                            v4_3|         array|
|v4_2_address0   |  out|    3|   ap_memory|                            v4_2|         array|
|v4_2_ce0        |  out|    1|   ap_memory|                            v4_2|         array|
|v4_2_we0        |  out|    1|   ap_memory|                            v4_2|         array|
|v4_2_d0         |  out|   32|   ap_memory|                            v4_2|         array|
|v4_1_address0   |  out|    3|   ap_memory|                            v4_1|         array|
|v4_1_ce0        |  out|    1|   ap_memory|                            v4_1|         array|
|v4_1_we0        |  out|    1|   ap_memory|                            v4_1|         array|
|v4_1_d0         |  out|   32|   ap_memory|                            v4_1|         array|
|v4_address0     |  out|    3|   ap_memory|                              v4|         array|
|v4_ce0          |  out|    1|   ap_memory|                              v4|         array|
|v4_we0          |  out|    1|   ap_memory|                              v4|         array|
|v4_d0           |  out|   32|   ap_memory|                              v4|         array|
+----------------+-----+-----+------------+--------------------------------+--------------+

