

================================================================
== Vitis HLS Report for 'kernel_nlp_Pipeline_VITIS_LOOP_158_7_VITIS_LOOP_159_8'
================================================================
* Date:           Tue Dec 17 08:37:32 2024

* Version:        2023.2 (Build 4023990 on Oct 11 2023)
* Project:        kernel_nlp
* Solution:       solution (Vitis Kernel Flow Target)
* Product family: virtexuplusHBM
* Target device:  xcu55c-fsvh2892-2L-e


================================================================
== Performance Estimates
================================================================
+ Timing: 
    * Summary: 
    +--------+---------+----------+------------+
    |  Clock |  Target | Estimated| Uncertainty|
    +--------+---------+----------+------------+
    |ap_clk  |  4.00 ns|  2.920 ns|     1.08 ns|
    +--------+---------+----------+------------+

+ Latency: 
    * Summary: 
    +---------+---------+-----------+-----------+-------+-------+---------+
    |  Latency (cycles) |   Latency (absolute)  |    Interval   | Pipeline|
    |   min   |   max   |    min    |    max    |  min  |  max  |   Type  |
    +---------+---------+-----------+-----------+-------+-------+---------+
    |    24013|    24013|  96.052 us|  96.052 us|  24013|  24013|       no|
    +---------+---------+-----------+-----------+-------+-------+---------+

    + Detail: 
        * Instance: 
        N/A

        * Loop: 
        +-------------------------------------+---------+---------+----------+-----------+-----------+------+----------+
        |                                     |  Latency (cycles) | Iteration|  Initiation Interval  | Trip |          |
        |              Loop Name              |   min   |   max   |  Latency |  achieved |   target  | Count| Pipelined|
        +-------------------------------------+---------+---------+----------+-----------+-----------+------+----------+
        |- VITIS_LOOP_158_7_VITIS_LOOP_159_8  |    24011|    24011|        20|          8|          1|  3000|       yes|
        +-------------------------------------+---------+---------+----------+-----------+-----------+------+----------+



================================================================
== Utilization Estimates
================================================================
* Summary: 
+---------------------+---------+------+---------+---------+-----+
|         Name        | BRAM_18K|  DSP |    FF   |   LUT   | URAM|
+---------------------+---------+------+---------+---------+-----+
|DSP                  |        -|     -|        -|        -|    -|
|Expression           |        -|     -|        0|      524|    -|
|FIFO                 |        -|     -|        -|        -|    -|
|Instance             |        -|     0|     3024|     2688|    -|
|Memory               |        -|     -|        -|        -|    -|
|Multiplexer          |        -|     -|        -|     6046|    -|
|Register             |        -|     -|      971|        -|    -|
+---------------------+---------+------+---------+---------+-----+
|Total                |        0|     0|     3995|     9258|    0|
+---------------------+---------+------+---------+---------+-----+
|Available SLR        |     1344|  3008|   869120|   434560|  320|
+---------------------+---------+------+---------+---------+-----+
|Utilization SLR (%)  |        0|     0|       ~0|        2|    0|
+---------------------+---------+------+---------+---------+-----+
|Available            |     4032|  9024|  2607360|  1303680|  960|
+---------------------+---------+------+---------+---------+-----+
|Utilization (%)      |        0|     0|       ~0|       ~0|    0|
+---------------------+---------+------+---------+---------+-----+

+ Detail: 
    * Instance: 
    +-------------------------+---------------------+---------+----+-----+-----+-----+
    |         Instance        |        Module       | BRAM_18K| DSP|  FF | LUT | URAM|
    +-------------------------+---------------------+---------+----+-----+-----+-----+
    |mul_8ns_10ns_17_1_1_U40  |mul_8ns_10ns_17_1_1  |        0|   0|    0|   62|    0|
    |mul_8ns_10ns_17_1_1_U41  |mul_8ns_10ns_17_1_1  |        0|   0|    0|   62|    0|
    |mul_8ns_10ns_17_1_1_U42  |mul_8ns_10ns_17_1_1  |        0|   0|    0|   62|    0|
    |mul_8ns_10ns_17_1_1_U43  |mul_8ns_10ns_17_1_1  |        0|   0|    0|   62|    0|
    |mul_8ns_10ns_17_1_1_U44  |mul_8ns_10ns_17_1_1  |        0|   0|    0|   62|    0|
    |mul_8ns_10ns_17_1_1_U45  |mul_8ns_10ns_17_1_1  |        0|   0|    0|   62|    0|
    |mul_8ns_10ns_17_1_1_U46  |mul_8ns_10ns_17_1_1  |        0|   0|    0|   62|    0|
    |mul_8ns_10ns_17_1_1_U47  |mul_8ns_10ns_17_1_1  |        0|   0|    0|   62|    0|
    |mul_8ns_10ns_17_1_1_U48  |mul_8ns_10ns_17_1_1  |        0|   0|    0|   62|    0|
    |mul_8ns_10ns_17_1_1_U49  |mul_8ns_10ns_17_1_1  |        0|   0|    0|   62|    0|
    |mul_8ns_10ns_17_1_1_U50  |mul_8ns_10ns_17_1_1  |        0|   0|    0|   62|    0|
    |mul_8ns_10ns_17_1_1_U51  |mul_8ns_10ns_17_1_1  |        0|   0|    0|   62|    0|
    |mul_8ns_10ns_17_1_1_U52  |mul_8ns_10ns_17_1_1  |        0|   0|    0|   62|    0|
    |mul_8ns_10ns_17_1_1_U53  |mul_8ns_10ns_17_1_1  |        0|   0|    0|   62|    0|
    |mul_8ns_10ns_17_1_1_U54  |mul_8ns_10ns_17_1_1  |        0|   0|    0|   62|    0|
    |mul_8ns_10ns_17_1_1_U55  |mul_8ns_10ns_17_1_1  |        0|   0|    0|   62|    0|
    |urem_8ns_6ns_5_12_1_U24  |urem_8ns_6ns_5_12_1  |        0|   0|  189|  106|    0|
    |urem_8ns_6ns_5_12_1_U25  |urem_8ns_6ns_5_12_1  |        0|   0|  189|  106|    0|
    |urem_8ns_6ns_5_12_1_U26  |urem_8ns_6ns_5_12_1  |        0|   0|  189|  106|    0|
    |urem_8ns_6ns_5_12_1_U27  |urem_8ns_6ns_5_12_1  |        0|   0|  189|  106|    0|
    |urem_8ns_6ns_5_12_1_U28  |urem_8ns_6ns_5_12_1  |        0|   0|  189|  106|    0|
    |urem_8ns_6ns_5_12_1_U29  |urem_8ns_6ns_5_12_1  |        0|   0|  189|  106|    0|
    |urem_8ns_6ns_5_12_1_U30  |urem_8ns_6ns_5_12_1  |        0|   0|  189|  106|    0|
    |urem_8ns_6ns_5_12_1_U31  |urem_8ns_6ns_5_12_1  |        0|   0|  189|  106|    0|
    |urem_8ns_6ns_5_12_1_U32  |urem_8ns_6ns_5_12_1  |        0|   0|  189|  106|    0|
    |urem_8ns_6ns_5_12_1_U33  |urem_8ns_6ns_5_12_1  |        0|   0|  189|  106|    0|
    |urem_8ns_6ns_5_12_1_U34  |urem_8ns_6ns_5_12_1  |        0|   0|  189|  106|    0|
    |urem_8ns_6ns_5_12_1_U35  |urem_8ns_6ns_5_12_1  |        0|   0|  189|  106|    0|
    |urem_8ns_6ns_5_12_1_U36  |urem_8ns_6ns_5_12_1  |        0|   0|  189|  106|    0|
    |urem_8ns_6ns_5_12_1_U37  |urem_8ns_6ns_5_12_1  |        0|   0|  189|  106|    0|
    |urem_8ns_6ns_5_12_1_U38  |urem_8ns_6ns_5_12_1  |        0|   0|  189|  106|    0|
    |urem_8ns_6ns_5_12_1_U39  |urem_8ns_6ns_5_12_1  |        0|   0|  189|  106|    0|
    +-------------------------+---------------------+---------+----+-----+-----+-----+
    |Total                    |                     |        0|   0| 3024| 2688|    0|
    +-------------------------+---------------------+---------+----+-----+-----+-----+

    * DSP: 
    N/A

    * Memory: 
    N/A

    * FIFO: 
    N/A

    * Expression: 
    +---------------------------+----------+----+---+----+------------+------------+
    |       Variable Name       | Operation| DSP| FF| LUT| Bitwidth P0| Bitwidth P1|
    +---------------------------+----------+----+---+----+------------+------------+
    |add_ln158_1_fu_4451_p2     |         +|   0|  0|  19|          12|           1|
    |add_ln158_fu_4955_p2       |         +|   0|  0|  15|           8|           1|
    |add_ln159_1_fu_4656_p2     |         +|   0|  0|  12|           4|           1|
    |add_ln159_fu_4651_p2       |         +|   0|  0|  15|           8|           5|
    |add_ln163_10_fu_6006_p2    |         +|   0|  0|  18|          11|          11|
    |add_ln163_11_fu_6081_p2    |         +|   0|  0|  18|          11|          11|
    |add_ln163_12_fu_6164_p2    |         +|   0|  0|  18|          11|          11|
    |add_ln163_13_fu_6239_p2    |         +|   0|  0|  18|          11|          11|
    |add_ln163_14_fu_6281_p2    |         +|   0|  0|  18|          11|          11|
    |add_ln163_15_fu_6293_p2    |         +|   0|  0|  18|          11|          11|
    |add_ln163_1_fu_5138_p2     |         +|   0|  0|  18|          11|          11|
    |add_ln163_2_fu_5260_p2     |         +|   0|  0|  18|          11|          11|
    |add_ln163_3_fu_5335_p2     |         +|   0|  0|  18|          11|          11|
    |add_ln163_4_fu_5456_p2     |         +|   0|  0|  18|          11|          11|
    |add_ln163_5_fu_5531_p2     |         +|   0|  0|  18|          11|          11|
    |add_ln163_6_fu_5652_p2     |         +|   0|  0|  18|          11|          11|
    |add_ln163_7_fu_5727_p2     |         +|   0|  0|  18|          11|          11|
    |add_ln163_8_fu_5848_p2     |         +|   0|  0|  18|          11|          11|
    |add_ln163_9_fu_5923_p2     |         +|   0|  0|  18|          11|          11|
    |add_ln163_fu_5062_p2       |         +|   0|  0|  18|          11|          11|
    |ap_block_pp0_stage1_11001  |       and|   0|  0|   2|           1|           1|
    |icmp_ln158_fu_4445_p2      |      icmp|   0|  0|  19|          12|          12|
    |icmp_ln159_fu_4460_p2      |      icmp|   0|  0|  12|           4|           2|
    |grp_fu_4486_p0             |        or|   0|  0|   8|           8|           1|
    |grp_fu_4502_p0             |        or|   0|  0|   8|           8|           2|
    |grp_fu_4513_p0             |        or|   0|  0|   8|           8|           2|
    |grp_fu_4524_p0             |        or|   0|  0|   8|           8|           3|
    |grp_fu_4535_p0             |        or|   0|  0|   8|           8|           3|
    |grp_fu_4546_p0             |        or|   0|  0|   8|           8|           3|
    |grp_fu_4557_p0             |        or|   0|  0|   8|           8|           3|
    |grp_fu_4568_p0             |        or|   0|  0|   8|           8|           4|
    |grp_fu_4579_p0             |        or|   0|  0|   8|           8|           4|
    |grp_fu_4590_p0             |        or|   0|  0|   8|           8|           4|
    |grp_fu_4601_p0             |        or|   0|  0|   8|           8|           4|
    |grp_fu_4612_p0             |        or|   0|  0|   8|           8|           4|
    |grp_fu_4623_p0             |        or|   0|  0|   8|           8|           4|
    |grp_fu_4634_p0             |        or|   0|  0|   8|           8|           4|
    |grp_fu_4645_p0             |        or|   0|  0|   8|           8|           4|
    |select_ln158_1_fu_4961_p3  |    select|   0|  0|   8|           1|           8|
    |select_ln158_fu_4466_p3    |    select|   0|  0|   8|           1|           1|
    |select_ln159_fu_4661_p3    |    select|   0|  0|   4|           1|           1|
    |ap_enable_pp0              |       xor|   0|  0|   2|           1|           2|
    +---------------------------+----------+----+---+----+------------+------------+
    |Total                      |          |   0|  0| 524|         349|         260|
    +---------------------------+----------+----+---+----+------------+------------+

    * Multiplexer: 
    +-----------------------------------------+----+-----------+-----+-----------+
    |                   Name                  | LUT| Input Size| Bits| Total Bits|
    +-----------------------------------------+----+-----------+-----+-----------+
    |ap_NS_fsm                                |  49|          9|    1|          9|
    |ap_done_int                              |   9|          2|    1|          2|
    |ap_enable_reg_pp0_iter0                  |   9|          2|    1|          2|
    |ap_enable_reg_pp0_iter1                  |   9|          2|    1|          2|
    |ap_enable_reg_pp0_iter2                  |   9|          2|    1|          2|
    |ap_loop_exit_ready_pp0_iter1_reg         |   9|          2|    1|          2|
    |ap_sig_allocacmp_indvar116_load          |   9|          2|    4|          8|
    |ap_sig_allocacmp_indvar_flatten493_load  |   9|          2|   12|         24|
    |ap_sig_allocacmp_j_load                  |   9|          2|    8|         16|
    |gmem2_blk_n_R                            |   9|          2|    1|          2|
    |i_fu_286                                 |   9|          2|    8|         16|
    |indvar116_fu_282                         |   9|          2|    4|          8|
    |indvar_flatten493_fu_290                 |   9|          2|   12|         24|
    |j_fu_278                                 |   9|          2|    8|         16|
    |v42_10_address0                          |  49|          9|   11|         99|
    |v42_10_address1                          |  49|          9|   11|         99|
    |v42_10_d0                                |  49|          9|   32|        288|
    |v42_10_d1                                |  49|          9|   32|        288|
    |v42_11_address0                          |  49|          9|   11|         99|
    |v42_11_address1                          |  49|          9|   11|         99|
    |v42_11_d0                                |  49|          9|   32|        288|
    |v42_11_d1                                |  49|          9|   32|        288|
    |v42_12_address0                          |  49|          9|   11|         99|
    |v42_12_address1                          |  49|          9|   11|         99|
    |v42_12_d0                                |  49|          9|   32|        288|
    |v42_12_d1                                |  49|          9|   32|        288|
    |v42_13_address0                          |  49|          9|   11|         99|
    |v42_13_address1                          |  49|          9|   11|         99|
    |v42_13_d0                                |  49|          9|   32|        288|
    |v42_13_d1                                |  49|          9|   32|        288|
    |v42_14_address0                          |  49|          9|   11|         99|
    |v42_14_address1                          |  49|          9|   11|         99|
    |v42_14_d0                                |  49|          9|   32|        288|
    |v42_14_d1                                |  49|          9|   32|        288|
    |v42_15_address0                          |  49|          9|   11|         99|
    |v42_15_address1                          |  49|          9|   11|         99|
    |v42_15_d0                                |  49|          9|   32|        288|
    |v42_15_d1                                |  49|          9|   32|        288|
    |v42_16_address0                          |  49|          9|   11|         99|
    |v42_16_address1                          |  49|          9|   11|         99|
    |v42_16_d0                                |  49|          9|   32|        288|
    |v42_16_d1                                |  49|          9|   32|        288|
    |v42_17_address0                          |  49|          9|   11|         99|
    |v42_17_address1                          |  49|          9|   11|         99|
    |v42_17_d0                                |  49|          9|   32|        288|
    |v42_17_d1                                |  49|          9|   32|        288|
    |v42_18_address0                          |  49|          9|   11|         99|
    |v42_18_address1                          |  49|          9|   11|         99|
    |v42_18_d0                                |  49|          9|   32|        288|
    |v42_18_d1                                |  49|          9|   32|        288|
    |v42_19_address0                          |  49|          9|   11|         99|
    |v42_19_address1                          |  49|          9|   11|         99|
    |v42_19_d0                                |  49|          9|   32|        288|
    |v42_19_d1                                |  49|          9|   32|        288|
    |v42_1_address0                           |  49|          9|   11|         99|
    |v42_1_address1                           |  49|          9|   11|         99|
    |v42_1_d0                                 |  49|          9|   32|        288|
    |v42_1_d1                                 |  49|          9|   32|        288|
    |v42_20_address0                          |  49|          9|   11|         99|
    |v42_20_address1                          |  49|          9|   11|         99|
    |v42_20_d0                                |  49|          9|   32|        288|
    |v42_20_d1                                |  49|          9|   32|        288|
    |v42_21_address0                          |  49|          9|   11|         99|
    |v42_21_address1                          |  49|          9|   11|         99|
    |v42_21_d0                                |  49|          9|   32|        288|
    |v42_21_d1                                |  49|          9|   32|        288|
    |v42_22_address0                          |  49|          9|   11|         99|
    |v42_22_address1                          |  49|          9|   11|         99|
    |v42_22_d0                                |  49|          9|   32|        288|
    |v42_22_d1                                |  49|          9|   32|        288|
    |v42_23_address0                          |  49|          9|   11|         99|
    |v42_23_address1                          |  49|          9|   11|         99|
    |v42_23_d0                                |  49|          9|   32|        288|
    |v42_23_d1                                |  49|          9|   32|        288|
    |v42_24_address0                          |  49|          9|   11|         99|
    |v42_24_address1                          |  49|          9|   11|         99|
    |v42_24_d0                                |  49|          9|   32|        288|
    |v42_24_d1                                |  49|          9|   32|        288|
    |v42_25_address0                          |  49|          9|   11|         99|
    |v42_25_address1                          |  49|          9|   11|         99|
    |v42_25_d0                                |  49|          9|   32|        288|
    |v42_25_d1                                |  49|          9|   32|        288|
    |v42_26_address0                          |  49|          9|   11|         99|
    |v42_26_address1                          |  49|          9|   11|         99|
    |v42_26_d0                                |  49|          9|   32|        288|
    |v42_26_d1                                |  49|          9|   32|        288|
    |v42_27_address0                          |  49|          9|   11|         99|
    |v42_27_address1                          |  49|          9|   11|         99|
    |v42_27_d0                                |  49|          9|   32|        288|
    |v42_27_d1                                |  49|          9|   32|        288|
    |v42_28_address0                          |  49|          9|   11|         99|
    |v42_28_address1                          |  49|          9|   11|         99|
    |v42_28_d0                                |  49|          9|   32|        288|
    |v42_28_d1                                |  49|          9|   32|        288|
    |v42_29_address0                          |  49|          9|   11|         99|
    |v42_29_address1                          |  49|          9|   11|         99|
    |v42_29_d0                                |  49|          9|   32|        288|
    |v42_29_d1                                |  49|          9|   32|        288|
    |v42_2_address0                           |  49|          9|   11|         99|
    |v42_2_address1                           |  49|          9|   11|         99|
    |v42_2_d0                                 |  49|          9|   32|        288|
    |v42_2_d1                                 |  49|          9|   32|        288|
    |v42_3_address0                           |  49|          9|   11|         99|
    |v42_3_address1                           |  49|          9|   11|         99|
    |v42_3_d0                                 |  49|          9|   32|        288|
    |v42_3_d1                                 |  49|          9|   32|        288|
    |v42_4_address0                           |  49|          9|   11|         99|
    |v42_4_address1                           |  49|          9|   11|         99|
    |v42_4_d0                                 |  49|          9|   32|        288|
    |v42_4_d1                                 |  49|          9|   32|        288|
    |v42_5_address0                           |  49|          9|   11|         99|
    |v42_5_address1                           |  49|          9|   11|         99|
    |v42_5_d0                                 |  49|          9|   32|        288|
    |v42_5_d1                                 |  49|          9|   32|        288|
    |v42_6_address0                           |  49|          9|   11|         99|
    |v42_6_address1                           |  49|          9|   11|         99|
    |v42_6_d0                                 |  49|          9|   32|        288|
    |v42_6_d1                                 |  49|          9|   32|        288|
    |v42_7_address0                           |  49|          9|   11|         99|
    |v42_7_address1                           |  49|          9|   11|         99|
    |v42_7_d0                                 |  49|          9|   32|        288|
    |v42_7_d1                                 |  49|          9|   32|        288|
    |v42_8_address0                           |  49|          9|   11|         99|
    |v42_8_address1                           |  49|          9|   11|         99|
    |v42_8_d0                                 |  49|          9|   32|        288|
    |v42_8_d1                                 |  49|          9|   32|        288|
    |v42_9_address0                           |  49|          9|   11|         99|
    |v42_9_address1                           |  49|          9|   11|         99|
    |v42_9_d0                                 |  49|          9|   32|        288|
    |v42_9_d1                                 |  49|          9|   32|        288|
    |v42_address0                             |  49|          9|   11|         99|
    |v42_address1                             |  49|          9|   11|         99|
    |v42_d0                                   |  49|          9|   32|        288|
    |v42_d1                                   |  49|          9|   32|        288|
    +-----------------------------------------+----+-----------+-----+-----------+
    |Total                                    |6046|       1115| 2643|      23353|
    +-----------------------------------------+----+-----------+-----+-----------+

    * Register: 
    +---------------------------------------+----+----+-----+-----------+
    |                  Name                 | FF | LUT| Bits| Const Bits|
    +---------------------------------------+----+----+-----+-----------+
    |add_ln163_14_reg_6832                  |  11|   0|   11|          0|
    |add_ln163_15_reg_6841                  |  11|   0|   11|          0|
    |ap_CS_fsm                              |   8|   0|    8|          0|
    |ap_done_reg                            |   1|   0|    1|          0|
    |ap_enable_reg_pp0_iter0_reg            |   1|   0|    1|          0|
    |ap_enable_reg_pp0_iter1                |   1|   0|    1|          0|
    |ap_enable_reg_pp0_iter2                |   1|   0|    1|          0|
    |ap_loop_exit_ready_pp0_iter1_reg       |   1|   0|    1|          0|
    |i_fu_286                               |   8|   0|    8|          0|
    |icmp_ln158_reg_6472                    |   1|   0|    1|          0|
    |icmp_ln158_reg_6472_pp0_iter1_reg      |   1|   0|    1|          0|
    |icmp_ln159_reg_6476                    |   1|   0|    1|          0|
    |icmp_ln159_reg_6476_pp0_iter1_reg      |   1|   0|    1|          0|
    |indvar116_fu_282                       |   4|   0|    4|          0|
    |indvar116_load_reg_6467                |   4|   0|    4|          0|
    |indvar_flatten493_fu_290               |  12|   0|   12|          0|
    |j_fu_278                               |   8|   0|    8|          0|
    |or_ln163_10_reg_6563                   |   5|   0|    8|          3|
    |or_ln163_11_reg_6569                   |   6|   0|    8|          2|
    |or_ln163_12_reg_6575                   |   5|   0|    8|          3|
    |or_ln163_13_reg_6581                   |   5|   0|    8|          3|
    |or_ln163_14_reg_6587                   |   4|   0|    8|          4|
    |or_ln163_1_reg_6509                    |   7|   0|    8|          1|
    |or_ln163_2_reg_6515                    |   6|   0|    8|          2|
    |or_ln163_3_reg_6521                    |   7|   0|    8|          1|
    |or_ln163_4_reg_6527                    |   6|   0|    8|          2|
    |or_ln163_5_reg_6533                    |   6|   0|    8|          2|
    |or_ln163_6_reg_6539                    |   5|   0|    8|          3|
    |or_ln163_7_reg_6545                    |   7|   0|    8|          1|
    |or_ln163_8_reg_6551                    |   6|   0|    8|          2|
    |or_ln163_9_reg_6557                    |   6|   0|    8|          2|
    |or_ln163_reg_6503                      |   7|   0|    8|          1|
    |select_ln158_1_reg_6703                |   8|   0|    8|          0|
    |select_ln158_reg_6482                  |   8|   0|    8|          0|
    |tmp_10_reg_6757                        |   4|   0|    4|          0|
    |tmp_11_reg_6770                        |   4|   0|    4|          0|
    |tmp_12_reg_6775                        |   4|   0|    4|          0|
    |tmp_13_reg_6788                        |   4|   0|    4|          0|
    |tmp_14_reg_6793                        |   4|   0|    4|          0|
    |tmp_15_reg_6806                        |   4|   0|    4|          0|
    |tmp_16_reg_6811                        |   4|   0|    4|          0|
    |tmp_1_reg_6593                         |   4|   0|    4|          0|
    |tmp_2_reg_6598                         |   4|   0|    4|          0|
    |tmp_3_reg_6683                         |   4|   0|    4|          0|
    |tmp_4_reg_6688                         |   4|   0|    4|          0|
    |tmp_5_reg_6693                         |   4|   0|    4|          0|
    |tmp_6_reg_6698                         |   4|   0|    4|          0|
    |tmp_7_reg_6716                         |   4|   0|    4|          0|
    |tmp_8_reg_6721                         |   4|   0|    4|          0|
    |tmp_9_reg_6752                         |   4|   0|    4|          0|
    |tmp_reg_6726                           |   8|   0|   11|          3|
    |trunc_ln160_10_reg_6658                |  32|   0|   32|          0|
    |trunc_ln160_11_reg_6663                |  32|   0|   32|          0|
    |trunc_ln160_11_reg_6663_pp0_iter2_reg  |  32|   0|   32|          0|
    |trunc_ln160_12_reg_6668                |  32|   0|   32|          0|
    |trunc_ln160_12_reg_6668_pp0_iter2_reg  |  32|   0|   32|          0|
    |trunc_ln160_13_reg_6673                |  32|   0|   32|          0|
    |trunc_ln160_13_reg_6673_pp0_iter2_reg  |  32|   0|   32|          0|
    |trunc_ln160_14_reg_6678                |  32|   0|   32|          0|
    |trunc_ln160_14_reg_6678_pp0_iter2_reg  |  32|   0|   32|          0|
    |trunc_ln160_1_reg_6608                 |  32|   0|   32|          0|
    |trunc_ln160_2_reg_6613                 |  32|   0|   32|          0|
    |trunc_ln160_3_reg_6618                 |  32|   0|   32|          0|
    |trunc_ln160_4_reg_6623                 |  32|   0|   32|          0|
    |trunc_ln160_5_reg_6628                 |  32|   0|   32|          0|
    |trunc_ln160_6_reg_6633                 |  32|   0|   32|          0|
    |trunc_ln160_7_reg_6638                 |  32|   0|   32|          0|
    |trunc_ln160_8_reg_6643                 |  32|   0|   32|          0|
    |trunc_ln160_9_reg_6648                 |  32|   0|   32|          0|
    |trunc_ln160_reg_6603                   |  32|   0|   32|          0|
    |trunc_ln160_s_reg_6653                 |  32|   0|   32|          0|
    |trunc_ln163_10_reg_6816                |   5|   0|    5|          0|
    |trunc_ln163_11_reg_6820                |   5|   0|    5|          0|
    |trunc_ln163_12_reg_6824                |   5|   0|    5|          0|
    |trunc_ln163_13_reg_6828                |   5|   0|    5|          0|
    |trunc_ln163_14_reg_6837                |   5|   0|    5|          0|
    |trunc_ln163_15_reg_6846                |   5|   0|    5|          0|
    |trunc_ln163_1_reg_6712                 |   5|   0|    5|          0|
    |trunc_ln163_2_reg_6744                 |   5|   0|    5|          0|
    |trunc_ln163_3_reg_6748                 |   5|   0|    5|          0|
    |trunc_ln163_4_reg_6762                 |   5|   0|    5|          0|
    |trunc_ln163_5_reg_6766                 |   5|   0|    5|          0|
    |trunc_ln163_6_reg_6780                 |   5|   0|    5|          0|
    |trunc_ln163_7_reg_6784                 |   5|   0|    5|          0|
    |trunc_ln163_8_reg_6798                 |   5|   0|    5|          0|
    |trunc_ln163_9_reg_6802                 |   5|   0|    5|          0|
    |trunc_ln163_reg_6708                   |   5|   0|    5|          0|
    +---------------------------------------+----+----+-----+-----------+
    |Total                                  | 971|   0| 1006|         35|
    +---------------------------------------+----+----+-----+-----------+



================================================================
== Interface
================================================================
* Summary: 
+----------------------+-----+-----+------------+-------------------------------------------------------+--------------+
|       RTL Ports      | Dir | Bits|  Protocol  |                     Source Object                     |    C Type    |
+----------------------+-----+-----+------------+-------------------------------------------------------+--------------+
|ap_clk                |   in|    1|  ap_ctrl_hs|  kernel_nlp_Pipeline_VITIS_LOOP_158_7_VITIS_LOOP_159_8|  return value|
|ap_rst                |   in|    1|  ap_ctrl_hs|  kernel_nlp_Pipeline_VITIS_LOOP_158_7_VITIS_LOOP_159_8|  return value|
|ap_start              |   in|    1|  ap_ctrl_hs|  kernel_nlp_Pipeline_VITIS_LOOP_158_7_VITIS_LOOP_159_8|  return value|
|ap_done               |  out|    1|  ap_ctrl_hs|  kernel_nlp_Pipeline_VITIS_LOOP_158_7_VITIS_LOOP_159_8|  return value|
|ap_idle               |  out|    1|  ap_ctrl_hs|  kernel_nlp_Pipeline_VITIS_LOOP_158_7_VITIS_LOOP_159_8|  return value|
|ap_ready              |  out|    1|  ap_ctrl_hs|  kernel_nlp_Pipeline_VITIS_LOOP_158_7_VITIS_LOOP_159_8|  return value|
|m_axi_gmem2_AWVALID   |  out|    1|       m_axi|                                                  gmem2|       pointer|
|m_axi_gmem2_AWREADY   |   in|    1|       m_axi|                                                  gmem2|       pointer|
|m_axi_gmem2_AWADDR    |  out|   64|       m_axi|                                                  gmem2|       pointer|
|m_axi_gmem2_AWID      |  out|    1|       m_axi|                                                  gmem2|       pointer|
|m_axi_gmem2_AWLEN     |  out|   32|       m_axi|                                                  gmem2|       pointer|
|m_axi_gmem2_AWSIZE    |  out|    3|       m_axi|                                                  gmem2|       pointer|
|m_axi_gmem2_AWBURST   |  out|    2|       m_axi|                                                  gmem2|       pointer|
|m_axi_gmem2_AWLOCK    |  out|    2|       m_axi|                                                  gmem2|       pointer|
|m_axi_gmem2_AWCACHE   |  out|    4|       m_axi|                                                  gmem2|       pointer|
|m_axi_gmem2_AWPROT    |  out|    3|       m_axi|                                                  gmem2|       pointer|
|m_axi_gmem2_AWQOS     |  out|    4|       m_axi|                                                  gmem2|       pointer|
|m_axi_gmem2_AWREGION  |  out|    4|       m_axi|                                                  gmem2|       pointer|
|m_axi_gmem2_AWUSER    |  out|    1|       m_axi|                                                  gmem2|       pointer|
|m_axi_gmem2_WVALID    |  out|    1|       m_axi|                                                  gmem2|       pointer|
|m_axi_gmem2_WREADY    |   in|    1|       m_axi|                                                  gmem2|       pointer|
|m_axi_gmem2_WDATA     |  out|  512|       m_axi|                                                  gmem2|       pointer|
|m_axi_gmem2_WSTRB     |  out|   64|       m_axi|                                                  gmem2|       pointer|
|m_axi_gmem2_WLAST     |  out|    1|       m_axi|                                                  gmem2|       pointer|
|m_axi_gmem2_WID       |  out|    1|       m_axi|                                                  gmem2|       pointer|
|m_axi_gmem2_WUSER     |  out|    1|       m_axi|                                                  gmem2|       pointer|
|m_axi_gmem2_ARVALID   |  out|    1|       m_axi|                                                  gmem2|       pointer|
|m_axi_gmem2_ARREADY   |   in|    1|       m_axi|                                                  gmem2|       pointer|
|m_axi_gmem2_ARADDR    |  out|   64|       m_axi|                                                  gmem2|       pointer|
|m_axi_gmem2_ARID      |  out|    1|       m_axi|                                                  gmem2|       pointer|
|m_axi_gmem2_ARLEN     |  out|   32|       m_axi|                                                  gmem2|       pointer|
|m_axi_gmem2_ARSIZE    |  out|    3|       m_axi|                                                  gmem2|       pointer|
|m_axi_gmem2_ARBURST   |  out|    2|       m_axi|                                                  gmem2|       pointer|
|m_axi_gmem2_ARLOCK    |  out|    2|       m_axi|                                                  gmem2|       pointer|
|m_axi_gmem2_ARCACHE   |  out|    4|       m_axi|                                                  gmem2|       pointer|
|m_axi_gmem2_ARPROT    |  out|    3|       m_axi|                                                  gmem2|       pointer|
|m_axi_gmem2_ARQOS     |  out|    4|       m_axi|                                                  gmem2|       pointer|
|m_axi_gmem2_ARREGION  |  out|    4|       m_axi|                                                  gmem2|       pointer|
|m_axi_gmem2_ARUSER    |  out|    1|       m_axi|                                                  gmem2|       pointer|
|m_axi_gmem2_RVALID    |   in|    1|       m_axi|                                                  gmem2|       pointer|
|m_axi_gmem2_RREADY    |  out|    1|       m_axi|                                                  gmem2|       pointer|
|m_axi_gmem2_RDATA     |   in|  512|       m_axi|                                                  gmem2|       pointer|
|m_axi_gmem2_RLAST     |   in|    1|       m_axi|                                                  gmem2|       pointer|
|m_axi_gmem2_RID       |   in|    1|       m_axi|                                                  gmem2|       pointer|
|m_axi_gmem2_RFIFONUM  |   in|    9|       m_axi|                                                  gmem2|       pointer|
|m_axi_gmem2_RUSER     |   in|    1|       m_axi|                                                  gmem2|       pointer|
|m_axi_gmem2_RRESP     |   in|    2|       m_axi|                                                  gmem2|       pointer|
|m_axi_gmem2_BVALID    |   in|    1|       m_axi|                                                  gmem2|       pointer|
|m_axi_gmem2_BREADY    |  out|    1|       m_axi|                                                  gmem2|       pointer|
|m_axi_gmem2_BRESP     |   in|    2|       m_axi|                                                  gmem2|       pointer|
|m_axi_gmem2_BID       |   in|    1|       m_axi|                                                  gmem2|       pointer|
|m_axi_gmem2_BUSER     |   in|    1|       m_axi|                                                  gmem2|       pointer|
|v42_address0          |  out|   11|   ap_memory|                                                    v42|         array|
|v42_ce0               |  out|    1|   ap_memory|                                                    v42|         array|
|v42_we0               |  out|    1|   ap_memory|                                                    v42|         array|
|v42_d0                |  out|   32|   ap_memory|                                                    v42|         array|
|v42_address1          |  out|   11|   ap_memory|                                                    v42|         array|
|v42_ce1               |  out|    1|   ap_memory|                                                    v42|         array|
|v42_we1               |  out|    1|   ap_memory|                                                    v42|         array|
|v42_d1                |  out|   32|   ap_memory|                                                    v42|         array|
|v42_1_address0        |  out|   11|   ap_memory|                                                  v42_1|         array|
|v42_1_ce0             |  out|    1|   ap_memory|                                                  v42_1|         array|
|v42_1_we0             |  out|    1|   ap_memory|                                                  v42_1|         array|
|v42_1_d0              |  out|   32|   ap_memory|                                                  v42_1|         array|
|v42_1_address1        |  out|   11|   ap_memory|                                                  v42_1|         array|
|v42_1_ce1             |  out|    1|   ap_memory|                                                  v42_1|         array|
|v42_1_we1             |  out|    1|   ap_memory|                                                  v42_1|         array|
|v42_1_d1              |  out|   32|   ap_memory|                                                  v42_1|         array|
|v42_2_address0        |  out|   11|   ap_memory|                                                  v42_2|         array|
|v42_2_ce0             |  out|    1|   ap_memory|                                                  v42_2|         array|
|v42_2_we0             |  out|    1|   ap_memory|                                                  v42_2|         array|
|v42_2_d0              |  out|   32|   ap_memory|                                                  v42_2|         array|
|v42_2_address1        |  out|   11|   ap_memory|                                                  v42_2|         array|
|v42_2_ce1             |  out|    1|   ap_memory|                                                  v42_2|         array|
|v42_2_we1             |  out|    1|   ap_memory|                                                  v42_2|         array|
|v42_2_d1              |  out|   32|   ap_memory|                                                  v42_2|         array|
|v42_3_address0        |  out|   11|   ap_memory|                                                  v42_3|         array|
|v42_3_ce0             |  out|    1|   ap_memory|                                                  v42_3|         array|
|v42_3_we0             |  out|    1|   ap_memory|                                                  v42_3|         array|
|v42_3_d0              |  out|   32|   ap_memory|                                                  v42_3|         array|
|v42_3_address1        |  out|   11|   ap_memory|                                                  v42_3|         array|
|v42_3_ce1             |  out|    1|   ap_memory|                                                  v42_3|         array|
|v42_3_we1             |  out|    1|   ap_memory|                                                  v42_3|         array|
|v42_3_d1              |  out|   32|   ap_memory|                                                  v42_3|         array|
|v42_4_address0        |  out|   11|   ap_memory|                                                  v42_4|         array|
|v42_4_ce0             |  out|    1|   ap_memory|                                                  v42_4|         array|
|v42_4_we0             |  out|    1|   ap_memory|                                                  v42_4|         array|
|v42_4_d0              |  out|   32|   ap_memory|                                                  v42_4|         array|
|v42_4_address1        |  out|   11|   ap_memory|                                                  v42_4|         array|
|v42_4_ce1             |  out|    1|   ap_memory|                                                  v42_4|         array|
|v42_4_we1             |  out|    1|   ap_memory|                                                  v42_4|         array|
|v42_4_d1              |  out|   32|   ap_memory|                                                  v42_4|         array|
|v42_5_address0        |  out|   11|   ap_memory|                                                  v42_5|         array|
|v42_5_ce0             |  out|    1|   ap_memory|                                                  v42_5|         array|
|v42_5_we0             |  out|    1|   ap_memory|                                                  v42_5|         array|
|v42_5_d0              |  out|   32|   ap_memory|                                                  v42_5|         array|
|v42_5_address1        |  out|   11|   ap_memory|                                                  v42_5|         array|
|v42_5_ce1             |  out|    1|   ap_memory|                                                  v42_5|         array|
|v42_5_we1             |  out|    1|   ap_memory|                                                  v42_5|         array|
|v42_5_d1              |  out|   32|   ap_memory|                                                  v42_5|         array|
|v42_6_address0        |  out|   11|   ap_memory|                                                  v42_6|         array|
|v42_6_ce0             |  out|    1|   ap_memory|                                                  v42_6|         array|
|v42_6_we0             |  out|    1|   ap_memory|                                                  v42_6|         array|
|v42_6_d0              |  out|   32|   ap_memory|                                                  v42_6|         array|
|v42_6_address1        |  out|   11|   ap_memory|                                                  v42_6|         array|
|v42_6_ce1             |  out|    1|   ap_memory|                                                  v42_6|         array|
|v42_6_we1             |  out|    1|   ap_memory|                                                  v42_6|         array|
|v42_6_d1              |  out|   32|   ap_memory|                                                  v42_6|         array|
|v42_7_address0        |  out|   11|   ap_memory|                                                  v42_7|         array|
|v42_7_ce0             |  out|    1|   ap_memory|                                                  v42_7|         array|
|v42_7_we0             |  out|    1|   ap_memory|                                                  v42_7|         array|
|v42_7_d0              |  out|   32|   ap_memory|                                                  v42_7|         array|
|v42_7_address1        |  out|   11|   ap_memory|                                                  v42_7|         array|
|v42_7_ce1             |  out|    1|   ap_memory|                                                  v42_7|         array|
|v42_7_we1             |  out|    1|   ap_memory|                                                  v42_7|         array|
|v42_7_d1              |  out|   32|   ap_memory|                                                  v42_7|         array|
|v42_8_address0        |  out|   11|   ap_memory|                                                  v42_8|         array|
|v42_8_ce0             |  out|    1|   ap_memory|                                                  v42_8|         array|
|v42_8_we0             |  out|    1|   ap_memory|                                                  v42_8|         array|
|v42_8_d0              |  out|   32|   ap_memory|                                                  v42_8|         array|
|v42_8_address1        |  out|   11|   ap_memory|                                                  v42_8|         array|
|v42_8_ce1             |  out|    1|   ap_memory|                                                  v42_8|         array|
|v42_8_we1             |  out|    1|   ap_memory|                                                  v42_8|         array|
|v42_8_d1              |  out|   32|   ap_memory|                                                  v42_8|         array|
|v42_9_address0        |  out|   11|   ap_memory|                                                  v42_9|         array|
|v42_9_ce0             |  out|    1|   ap_memory|                                                  v42_9|         array|
|v42_9_we0             |  out|    1|   ap_memory|                                                  v42_9|         array|
|v42_9_d0              |  out|   32|   ap_memory|                                                  v42_9|         array|
|v42_9_address1        |  out|   11|   ap_memory|                                                  v42_9|         array|
|v42_9_ce1             |  out|    1|   ap_memory|                                                  v42_9|         array|
|v42_9_we1             |  out|    1|   ap_memory|                                                  v42_9|         array|
|v42_9_d1              |  out|   32|   ap_memory|                                                  v42_9|         array|
|v42_10_address0       |  out|   11|   ap_memory|                                                 v42_10|         array|
|v42_10_ce0            |  out|    1|   ap_memory|                                                 v42_10|         array|
|v42_10_we0            |  out|    1|   ap_memory|                                                 v42_10|         array|
|v42_10_d0             |  out|   32|   ap_memory|                                                 v42_10|         array|
|v42_10_address1       |  out|   11|   ap_memory|                                                 v42_10|         array|
|v42_10_ce1            |  out|    1|   ap_memory|                                                 v42_10|         array|
|v42_10_we1            |  out|    1|   ap_memory|                                                 v42_10|         array|
|v42_10_d1             |  out|   32|   ap_memory|                                                 v42_10|         array|
|v42_11_address0       |  out|   11|   ap_memory|                                                 v42_11|         array|
|v42_11_ce0            |  out|    1|   ap_memory|                                                 v42_11|         array|
|v42_11_we0            |  out|    1|   ap_memory|                                                 v42_11|         array|
|v42_11_d0             |  out|   32|   ap_memory|                                                 v42_11|         array|
|v42_11_address1       |  out|   11|   ap_memory|                                                 v42_11|         array|
|v42_11_ce1            |  out|    1|   ap_memory|                                                 v42_11|         array|
|v42_11_we1            |  out|    1|   ap_memory|                                                 v42_11|         array|
|v42_11_d1             |  out|   32|   ap_memory|                                                 v42_11|         array|
|v42_12_address0       |  out|   11|   ap_memory|                                                 v42_12|         array|
|v42_12_ce0            |  out|    1|   ap_memory|                                                 v42_12|         array|
|v42_12_we0            |  out|    1|   ap_memory|                                                 v42_12|         array|
|v42_12_d0             |  out|   32|   ap_memory|                                                 v42_12|         array|
|v42_12_address1       |  out|   11|   ap_memory|                                                 v42_12|         array|
|v42_12_ce1            |  out|    1|   ap_memory|                                                 v42_12|         array|
|v42_12_we1            |  out|    1|   ap_memory|                                                 v42_12|         array|
|v42_12_d1             |  out|   32|   ap_memory|                                                 v42_12|         array|
|v42_13_address0       |  out|   11|   ap_memory|                                                 v42_13|         array|
|v42_13_ce0            |  out|    1|   ap_memory|                                                 v42_13|         array|
|v42_13_we0            |  out|    1|   ap_memory|                                                 v42_13|         array|
|v42_13_d0             |  out|   32|   ap_memory|                                                 v42_13|         array|
|v42_13_address1       |  out|   11|   ap_memory|                                                 v42_13|         array|
|v42_13_ce1            |  out|    1|   ap_memory|                                                 v42_13|         array|
|v42_13_we1            |  out|    1|   ap_memory|                                                 v42_13|         array|
|v42_13_d1             |  out|   32|   ap_memory|                                                 v42_13|         array|
|v42_14_address0       |  out|   11|   ap_memory|                                                 v42_14|         array|
|v42_14_ce0            |  out|    1|   ap_memory|                                                 v42_14|         array|
|v42_14_we0            |  out|    1|   ap_memory|                                                 v42_14|         array|
|v42_14_d0             |  out|   32|   ap_memory|                                                 v42_14|         array|
|v42_14_address1       |  out|   11|   ap_memory|                                                 v42_14|         array|
|v42_14_ce1            |  out|    1|   ap_memory|                                                 v42_14|         array|
|v42_14_we1            |  out|    1|   ap_memory|                                                 v42_14|         array|
|v42_14_d1             |  out|   32|   ap_memory|                                                 v42_14|         array|
|v42_15_address0       |  out|   11|   ap_memory|                                                 v42_15|         array|
|v42_15_ce0            |  out|    1|   ap_memory|                                                 v42_15|         array|
|v42_15_we0            |  out|    1|   ap_memory|                                                 v42_15|         array|
|v42_15_d0             |  out|   32|   ap_memory|                                                 v42_15|         array|
|v42_15_address1       |  out|   11|   ap_memory|                                                 v42_15|         array|
|v42_15_ce1            |  out|    1|   ap_memory|                                                 v42_15|         array|
|v42_15_we1            |  out|    1|   ap_memory|                                                 v42_15|         array|
|v42_15_d1             |  out|   32|   ap_memory|                                                 v42_15|         array|
|v42_16_address0       |  out|   11|   ap_memory|                                                 v42_16|         array|
|v42_16_ce0            |  out|    1|   ap_memory|                                                 v42_16|         array|
|v42_16_we0            |  out|    1|   ap_memory|                                                 v42_16|         array|
|v42_16_d0             |  out|   32|   ap_memory|                                                 v42_16|         array|
|v42_16_address1       |  out|   11|   ap_memory|                                                 v42_16|         array|
|v42_16_ce1            |  out|    1|   ap_memory|                                                 v42_16|         array|
|v42_16_we1            |  out|    1|   ap_memory|                                                 v42_16|         array|
|v42_16_d1             |  out|   32|   ap_memory|                                                 v42_16|         array|
|v42_17_address0       |  out|   11|   ap_memory|                                                 v42_17|         array|
|v42_17_ce0            |  out|    1|   ap_memory|                                                 v42_17|         array|
|v42_17_we0            |  out|    1|   ap_memory|                                                 v42_17|         array|
|v42_17_d0             |  out|   32|   ap_memory|                                                 v42_17|         array|
|v42_17_address1       |  out|   11|   ap_memory|                                                 v42_17|         array|
|v42_17_ce1            |  out|    1|   ap_memory|                                                 v42_17|         array|
|v42_17_we1            |  out|    1|   ap_memory|                                                 v42_17|         array|
|v42_17_d1             |  out|   32|   ap_memory|                                                 v42_17|         array|
|v42_18_address0       |  out|   11|   ap_memory|                                                 v42_18|         array|
|v42_18_ce0            |  out|    1|   ap_memory|                                                 v42_18|         array|
|v42_18_we0            |  out|    1|   ap_memory|                                                 v42_18|         array|
|v42_18_d0             |  out|   32|   ap_memory|                                                 v42_18|         array|
|v42_18_address1       |  out|   11|   ap_memory|                                                 v42_18|         array|
|v42_18_ce1            |  out|    1|   ap_memory|                                                 v42_18|         array|
|v42_18_we1            |  out|    1|   ap_memory|                                                 v42_18|         array|
|v42_18_d1             |  out|   32|   ap_memory|                                                 v42_18|         array|
|v42_19_address0       |  out|   11|   ap_memory|                                                 v42_19|         array|
|v42_19_ce0            |  out|    1|   ap_memory|                                                 v42_19|         array|
|v42_19_we0            |  out|    1|   ap_memory|                                                 v42_19|         array|
|v42_19_d0             |  out|   32|   ap_memory|                                                 v42_19|         array|
|v42_19_address1       |  out|   11|   ap_memory|                                                 v42_19|         array|
|v42_19_ce1            |  out|    1|   ap_memory|                                                 v42_19|         array|
|v42_19_we1            |  out|    1|   ap_memory|                                                 v42_19|         array|
|v42_19_d1             |  out|   32|   ap_memory|                                                 v42_19|         array|
|v42_20_address0       |  out|   11|   ap_memory|                                                 v42_20|         array|
|v42_20_ce0            |  out|    1|   ap_memory|                                                 v42_20|         array|
|v42_20_we0            |  out|    1|   ap_memory|                                                 v42_20|         array|
|v42_20_d0             |  out|   32|   ap_memory|                                                 v42_20|         array|
|v42_20_address1       |  out|   11|   ap_memory|                                                 v42_20|         array|
|v42_20_ce1            |  out|    1|   ap_memory|                                                 v42_20|         array|
|v42_20_we1            |  out|    1|   ap_memory|                                                 v42_20|         array|
|v42_20_d1             |  out|   32|   ap_memory|                                                 v42_20|         array|
|v42_21_address0       |  out|   11|   ap_memory|                                                 v42_21|         array|
|v42_21_ce0            |  out|    1|   ap_memory|                                                 v42_21|         array|
|v42_21_we0            |  out|    1|   ap_memory|                                                 v42_21|         array|
|v42_21_d0             |  out|   32|   ap_memory|                                                 v42_21|         array|
|v42_21_address1       |  out|   11|   ap_memory|                                                 v42_21|         array|
|v42_21_ce1            |  out|    1|   ap_memory|                                                 v42_21|         array|
|v42_21_we1            |  out|    1|   ap_memory|                                                 v42_21|         array|
|v42_21_d1             |  out|   32|   ap_memory|                                                 v42_21|         array|
|v42_22_address0       |  out|   11|   ap_memory|                                                 v42_22|         array|
|v42_22_ce0            |  out|    1|   ap_memory|                                                 v42_22|         array|
|v42_22_we0            |  out|    1|   ap_memory|                                                 v42_22|         array|
|v42_22_d0             |  out|   32|   ap_memory|                                                 v42_22|         array|
|v42_22_address1       |  out|   11|   ap_memory|                                                 v42_22|         array|
|v42_22_ce1            |  out|    1|   ap_memory|                                                 v42_22|         array|
|v42_22_we1            |  out|    1|   ap_memory|                                                 v42_22|         array|
|v42_22_d1             |  out|   32|   ap_memory|                                                 v42_22|         array|
|v42_23_address0       |  out|   11|   ap_memory|                                                 v42_23|         array|
|v42_23_ce0            |  out|    1|   ap_memory|                                                 v42_23|         array|
|v42_23_we0            |  out|    1|   ap_memory|                                                 v42_23|         array|
|v42_23_d0             |  out|   32|   ap_memory|                                                 v42_23|         array|
|v42_23_address1       |  out|   11|   ap_memory|                                                 v42_23|         array|
|v42_23_ce1            |  out|    1|   ap_memory|                                                 v42_23|         array|
|v42_23_we1            |  out|    1|   ap_memory|                                                 v42_23|         array|
|v42_23_d1             |  out|   32|   ap_memory|                                                 v42_23|         array|
|v42_24_address0       |  out|   11|   ap_memory|                                                 v42_24|         array|
|v42_24_ce0            |  out|    1|   ap_memory|                                                 v42_24|         array|
|v42_24_we0            |  out|    1|   ap_memory|                                                 v42_24|         array|
|v42_24_d0             |  out|   32|   ap_memory|                                                 v42_24|         array|
|v42_24_address1       |  out|   11|   ap_memory|                                                 v42_24|         array|
|v42_24_ce1            |  out|    1|   ap_memory|                                                 v42_24|         array|
|v42_24_we1            |  out|    1|   ap_memory|                                                 v42_24|         array|
|v42_24_d1             |  out|   32|   ap_memory|                                                 v42_24|         array|
|v42_25_address0       |  out|   11|   ap_memory|                                                 v42_25|         array|
|v42_25_ce0            |  out|    1|   ap_memory|                                                 v42_25|         array|
|v42_25_we0            |  out|    1|   ap_memory|                                                 v42_25|         array|
|v42_25_d0             |  out|   32|   ap_memory|                                                 v42_25|         array|
|v42_25_address1       |  out|   11|   ap_memory|                                                 v42_25|         array|
|v42_25_ce1            |  out|    1|   ap_memory|                                                 v42_25|         array|
|v42_25_we1            |  out|    1|   ap_memory|                                                 v42_25|         array|
|v42_25_d1             |  out|   32|   ap_memory|                                                 v42_25|         array|
|v42_26_address0       |  out|   11|   ap_memory|                                                 v42_26|         array|
|v42_26_ce0            |  out|    1|   ap_memory|                                                 v42_26|         array|
|v42_26_we0            |  out|    1|   ap_memory|                                                 v42_26|         array|
|v42_26_d0             |  out|   32|   ap_memory|                                                 v42_26|         array|
|v42_26_address1       |  out|   11|   ap_memory|                                                 v42_26|         array|
|v42_26_ce1            |  out|    1|   ap_memory|                                                 v42_26|         array|
|v42_26_we1            |  out|    1|   ap_memory|                                                 v42_26|         array|
|v42_26_d1             |  out|   32|   ap_memory|                                                 v42_26|         array|
|v42_27_address0       |  out|   11|   ap_memory|                                                 v42_27|         array|
|v42_27_ce0            |  out|    1|   ap_memory|                                                 v42_27|         array|
|v42_27_we0            |  out|    1|   ap_memory|                                                 v42_27|         array|
|v42_27_d0             |  out|   32|   ap_memory|                                                 v42_27|         array|
|v42_27_address1       |  out|   11|   ap_memory|                                                 v42_27|         array|
|v42_27_ce1            |  out|    1|   ap_memory|                                                 v42_27|         array|
|v42_27_we1            |  out|    1|   ap_memory|                                                 v42_27|         array|
|v42_27_d1             |  out|   32|   ap_memory|                                                 v42_27|         array|
|v42_28_address0       |  out|   11|   ap_memory|                                                 v42_28|         array|
|v42_28_ce0            |  out|    1|   ap_memory|                                                 v42_28|         array|
|v42_28_we0            |  out|    1|   ap_memory|                                                 v42_28|         array|
|v42_28_d0             |  out|   32|   ap_memory|                                                 v42_28|         array|
|v42_28_address1       |  out|   11|   ap_memory|                                                 v42_28|         array|
|v42_28_ce1            |  out|    1|   ap_memory|                                                 v42_28|         array|
|v42_28_we1            |  out|    1|   ap_memory|                                                 v42_28|         array|
|v42_28_d1             |  out|   32|   ap_memory|                                                 v42_28|         array|
|v42_29_address0       |  out|   11|   ap_memory|                                                 v42_29|         array|
|v42_29_ce0            |  out|    1|   ap_memory|                                                 v42_29|         array|
|v42_29_we0            |  out|    1|   ap_memory|                                                 v42_29|         array|
|v42_29_d0             |  out|   32|   ap_memory|                                                 v42_29|         array|
|v42_29_address1       |  out|   11|   ap_memory|                                                 v42_29|         array|
|v42_29_ce1            |  out|    1|   ap_memory|                                                 v42_29|         array|
|v42_29_we1            |  out|    1|   ap_memory|                                                 v42_29|         array|
|v42_29_d1             |  out|   32|   ap_memory|                                                 v42_29|         array|
|sext_ln158            |   in|   58|     ap_none|                                             sext_ln158|        scalar|
+----------------------+-----+-----+------------+-------------------------------------------------------+--------------+

