

================================================================
== Vitis HLS Report for 'read_A1_FT0_4_Pipeline_VITIS_LOOP_590_1_VITIS_LOOP_591_2'
================================================================
* Date:           Fri Jan 10 12:42:50 2025

* Version:        2023.2 (Build 4023990 on Oct 11 2023)
* Project:        kernel_nlp_slr0
* Solution:       solution (Vitis Kernel Flow Target)
* Product family: virtexuplusHBM
* Target device:  xcu55c-fsvh2892-2L-e


================================================================
== Performance Estimates
================================================================
+ Timing: 
    * Summary: 
    +--------+---------+----------+------------+
    |  Clock |  Target | Estimated| Uncertainty|
    +--------+---------+----------+------------+
    |ap_clk  |  4.55 ns|  2.439 ns|     1.23 ns|
    +--------+---------+----------+------------+

+ Latency: 
    * Summary: 
    +---------+---------+----------+----------+-----+-----+---------+
    |  Latency (cycles) |  Latency (absolute) |  Interval | Pipeline|
    |   min   |   max   |    min   |    max   | min | max |   Type  |
    +---------+---------+----------+----------+-----+-----+---------+
    |      314|      314|  1.427 us|  1.427 us|  314|  314|       no|
    +---------+---------+----------+----------+-----+-----+---------+

    + Detail: 
        * Instance: 
        N/A

        * Loop: 
        +-------------------------------------+---------+---------+----------+-----------+-----------+------+----------+
        |                                     |  Latency (cycles) | Iteration|  Initiation Interval  | Trip |          |
        |              Loop Name              |   min   |   max   |  Latency |  achieved |   target  | Count| Pipelined|
        +-------------------------------------+---------+---------+----------+-----------+-----------+------+----------+
        |- VITIS_LOOP_590_1_VITIS_LOOP_591_2  |      312|      312|         3|          2|          1|   156|       yes|
        +-------------------------------------+---------+---------+----------+-----------+-----------+------+----------+



================================================================
== Utilization Estimates
================================================================
* Summary: 
+---------------------+---------+------+---------+---------+-----+
|         Name        | BRAM_18K|  DSP |    FF   |   LUT   | URAM|
+---------------------+---------+------+---------+---------+-----+
|DSP                  |        -|     -|        -|        -|    -|
|Expression           |        -|     -|        0|      108|    -|
|FIFO                 |        -|     -|        -|        -|    -|
|Instance             |        -|     -|        -|        -|    -|
|Memory               |        -|     -|        -|        -|    -|
|Multiplexer          |        -|     -|        -|     2801|    -|
|Register             |        -|     -|      309|        -|    -|
+---------------------+---------+------+---------+---------+-----+
|Total                |        0|     0|      309|     2909|    0|
+---------------------+---------+------+---------+---------+-----+
|Available SLR        |     1344|  3008|   869120|   434560|  320|
+---------------------+---------+------+---------+---------+-----+
|Utilization SLR (%)  |        0|     0|       ~0|       ~0|    0|
+---------------------+---------+------+---------+---------+-----+
|Available            |     4032|  9024|  2607360|  1303680|  960|
+---------------------+---------+------+---------+---------+-----+
|Utilization (%)      |        0|     0|       ~0|       ~0|    0|
+---------------------+---------+------+---------+---------+-----+

+ Detail: 
    * Instance: 
    N/A

    * DSP: 
    N/A

    * Memory: 
    N/A

    * FIFO: 
    N/A

    * Expression: 
    +----------------------------------+----------+----+---+----+------------+------------+
    |           Variable Name          | Operation| DSP| FF| LUT| Bitwidth P0| Bitwidth P1|
    +----------------------------------+----------+----+---+----+------------+------------+
    |add_ln590_1_fu_2240_p2            |         +|   0|  0|  15|           8|           1|
    |add_ln590_fu_2252_p2              |         +|   0|  0|  12|           4|           1|
    |add_ln591_fu_2680_p2              |         +|   0|  0|  15|           8|           5|
    |ap_block_pp0_stage1_11001         |       and|   0|  0|   2|           1|           1|
    |ap_block_state2_pp0_stage1_iter0  |       and|   0|  0|   2|           1|           1|
    |icmp_ln590_fu_2234_p2             |      icmp|   0|  0|  15|           8|           8|
    |icmp_ln591_fu_2258_p2             |      icmp|   0|  0|  15|           8|           7|
    |or_ln598_fu_2622_p2               |        or|   0|  0|   6|           6|           1|
    |or_ln602_fu_2819_p2               |        or|   0|  0|   6|           6|           2|
    |or_ln606_fu_2876_p2               |        or|   0|  0|   6|           6|           2|
    |select_ln590_1_fu_2264_p3         |    select|   0|  0|   4|           1|           4|
    |select_ln590_fu_2272_p3           |    select|   0|  0|   8|           1|           8|
    |ap_enable_pp0                     |       xor|   0|  0|   2|           1|           2|
    +----------------------------------+----------+----+---+----+------------+------------+
    |Total                             |          |   0|  0| 108|          59|          43|
    +----------------------------------+----------+----+---+----+------------+------------+

    * Multiplexer: 
    +--------------------------------------+----+-----------+-----+-----------+
    |                 Name                 | LUT| Input Size| Bits| Total Bits|
    +--------------------------------------+----+-----------+-----+-----------+
    |A1_0_0_address0                       |  14|          3|   11|         33|
    |A1_0_0_address1                       |  14|          3|   11|         33|
    |A1_0_0_d0                             |  14|          3|   32|         96|
    |A1_0_0_d1                             |  14|          3|   32|         96|
    |A1_0_1_address0                       |  14|          3|   11|         33|
    |A1_0_1_address1                       |  14|          3|   11|         33|
    |A1_0_1_d0                             |  14|          3|   32|         96|
    |A1_0_1_d1                             |  14|          3|   32|         96|
    |A1_0_2_address0                       |  14|          3|   11|         33|
    |A1_0_2_address1                       |  14|          3|   11|         33|
    |A1_0_2_d0                             |  14|          3|   32|         96|
    |A1_0_2_d1                             |  14|          3|   32|         96|
    |A1_0_3_address0                       |  14|          3|   11|         33|
    |A1_0_3_address1                       |  14|          3|   11|         33|
    |A1_0_3_d0                             |  14|          3|   32|         96|
    |A1_0_3_d1                             |  14|          3|   32|         96|
    |A1_10_0_address0                      |  14|          3|   11|         33|
    |A1_10_0_address1                      |  14|          3|   11|         33|
    |A1_10_0_d0                            |  14|          3|   32|         96|
    |A1_10_0_d1                            |  14|          3|   32|         96|
    |A1_10_1_address0                      |  14|          3|   11|         33|
    |A1_10_1_address1                      |  14|          3|   11|         33|
    |A1_10_1_d0                            |  14|          3|   32|         96|
    |A1_10_1_d1                            |  14|          3|   32|         96|
    |A1_10_2_address0                      |  14|          3|   11|         33|
    |A1_10_2_address1                      |  14|          3|   11|         33|
    |A1_10_2_d0                            |  14|          3|   32|         96|
    |A1_10_2_d1                            |  14|          3|   32|         96|
    |A1_10_3_address0                      |  14|          3|   11|         33|
    |A1_10_3_address1                      |  14|          3|   11|         33|
    |A1_10_3_d0                            |  14|          3|   32|         96|
    |A1_10_3_d1                            |  14|          3|   32|         96|
    |A1_11_0_address0                      |  14|          3|   11|         33|
    |A1_11_0_address1                      |  14|          3|   11|         33|
    |A1_11_0_d0                            |  14|          3|   32|         96|
    |A1_11_0_d1                            |  14|          3|   32|         96|
    |A1_11_1_address0                      |  14|          3|   11|         33|
    |A1_11_1_address1                      |  14|          3|   11|         33|
    |A1_11_1_d0                            |  14|          3|   32|         96|
    |A1_11_1_d1                            |  14|          3|   32|         96|
    |A1_11_2_address0                      |  14|          3|   11|         33|
    |A1_11_2_address1                      |  14|          3|   11|         33|
    |A1_11_2_d0                            |  14|          3|   32|         96|
    |A1_11_2_d1                            |  14|          3|   32|         96|
    |A1_11_3_address0                      |  14|          3|   11|         33|
    |A1_11_3_address1                      |  14|          3|   11|         33|
    |A1_11_3_d0                            |  14|          3|   32|         96|
    |A1_11_3_d1                            |  14|          3|   32|         96|
    |A1_1_0_address0                       |  14|          3|   11|         33|
    |A1_1_0_address1                       |  14|          3|   11|         33|
    |A1_1_0_d0                             |  14|          3|   32|         96|
    |A1_1_0_d1                             |  14|          3|   32|         96|
    |A1_1_1_address0                       |  14|          3|   11|         33|
    |A1_1_1_address1                       |  14|          3|   11|         33|
    |A1_1_1_d0                             |  14|          3|   32|         96|
    |A1_1_1_d1                             |  14|          3|   32|         96|
    |A1_1_2_address0                       |  14|          3|   11|         33|
    |A1_1_2_address1                       |  14|          3|   11|         33|
    |A1_1_2_d0                             |  14|          3|   32|         96|
    |A1_1_2_d1                             |  14|          3|   32|         96|
    |A1_1_3_address0                       |  14|          3|   11|         33|
    |A1_1_3_address1                       |  14|          3|   11|         33|
    |A1_1_3_d0                             |  14|          3|   32|         96|
    |A1_1_3_d1                             |  14|          3|   32|         96|
    |A1_2_0_address0                       |  14|          3|   11|         33|
    |A1_2_0_address1                       |  14|          3|   11|         33|
    |A1_2_0_d0                             |  14|          3|   32|         96|
    |A1_2_0_d1                             |  14|          3|   32|         96|
    |A1_2_1_address0                       |  14|          3|   11|         33|
    |A1_2_1_address1                       |  14|          3|   11|         33|
    |A1_2_1_d0                             |  14|          3|   32|         96|
    |A1_2_1_d1                             |  14|          3|   32|         96|
    |A1_2_2_address0                       |  14|          3|   11|         33|
    |A1_2_2_address1                       |  14|          3|   11|         33|
    |A1_2_2_d0                             |  14|          3|   32|         96|
    |A1_2_2_d1                             |  14|          3|   32|         96|
    |A1_2_3_address0                       |  14|          3|   11|         33|
    |A1_2_3_address1                       |  14|          3|   11|         33|
    |A1_2_3_d0                             |  14|          3|   32|         96|
    |A1_2_3_d1                             |  14|          3|   32|         96|
    |A1_3_0_address0                       |  14|          3|   11|         33|
    |A1_3_0_address1                       |  14|          3|   11|         33|
    |A1_3_0_d0                             |  14|          3|   32|         96|
    |A1_3_0_d1                             |  14|          3|   32|         96|
    |A1_3_1_address0                       |  14|          3|   11|         33|
    |A1_3_1_address1                       |  14|          3|   11|         33|
    |A1_3_1_d0                             |  14|          3|   32|         96|
    |A1_3_1_d1                             |  14|          3|   32|         96|
    |A1_3_2_address0                       |  14|          3|   11|         33|
    |A1_3_2_address1                       |  14|          3|   11|         33|
    |A1_3_2_d0                             |  14|          3|   32|         96|
    |A1_3_2_d1                             |  14|          3|   32|         96|
    |A1_3_3_address0                       |  14|          3|   11|         33|
    |A1_3_3_address1                       |  14|          3|   11|         33|
    |A1_3_3_d0                             |  14|          3|   32|         96|
    |A1_3_3_d1                             |  14|          3|   32|         96|
    |A1_4_0_address0                       |  14|          3|   11|         33|
    |A1_4_0_address1                       |  14|          3|   11|         33|
    |A1_4_0_d0                             |  14|          3|   32|         96|
    |A1_4_0_d1                             |  14|          3|   32|         96|
    |A1_4_1_address0                       |  14|          3|   11|         33|
    |A1_4_1_address1                       |  14|          3|   11|         33|
    |A1_4_1_d0                             |  14|          3|   32|         96|
    |A1_4_1_d1                             |  14|          3|   32|         96|
    |A1_4_2_address0                       |  14|          3|   11|         33|
    |A1_4_2_address1                       |  14|          3|   11|         33|
    |A1_4_2_d0                             |  14|          3|   32|         96|
    |A1_4_2_d1                             |  14|          3|   32|         96|
    |A1_4_3_address0                       |  14|          3|   11|         33|
    |A1_4_3_address1                       |  14|          3|   11|         33|
    |A1_4_3_d0                             |  14|          3|   32|         96|
    |A1_4_3_d1                             |  14|          3|   32|         96|
    |A1_5_0_address0                       |  14|          3|   11|         33|
    |A1_5_0_address1                       |  14|          3|   11|         33|
    |A1_5_0_d0                             |  14|          3|   32|         96|
    |A1_5_0_d1                             |  14|          3|   32|         96|
    |A1_5_1_address0                       |  14|          3|   11|         33|
    |A1_5_1_address1                       |  14|          3|   11|         33|
    |A1_5_1_d0                             |  14|          3|   32|         96|
    |A1_5_1_d1                             |  14|          3|   32|         96|
    |A1_5_2_address0                       |  14|          3|   11|         33|
    |A1_5_2_address1                       |  14|          3|   11|         33|
    |A1_5_2_d0                             |  14|          3|   32|         96|
    |A1_5_2_d1                             |  14|          3|   32|         96|
    |A1_5_3_address0                       |  14|          3|   11|         33|
    |A1_5_3_address1                       |  14|          3|   11|         33|
    |A1_5_3_d0                             |  14|          3|   32|         96|
    |A1_5_3_d1                             |  14|          3|   32|         96|
    |A1_6_0_address0                       |  14|          3|   11|         33|
    |A1_6_0_address1                       |  14|          3|   11|         33|
    |A1_6_0_d0                             |  14|          3|   32|         96|
    |A1_6_0_d1                             |  14|          3|   32|         96|
    |A1_6_1_address0                       |  14|          3|   11|         33|
    |A1_6_1_address1                       |  14|          3|   11|         33|
    |A1_6_1_d0                             |  14|          3|   32|         96|
    |A1_6_1_d1                             |  14|          3|   32|         96|
    |A1_6_2_address0                       |  14|          3|   11|         33|
    |A1_6_2_address1                       |  14|          3|   11|         33|
    |A1_6_2_d0                             |  14|          3|   32|         96|
    |A1_6_2_d1                             |  14|          3|   32|         96|
    |A1_6_3_address0                       |  14|          3|   11|         33|
    |A1_6_3_address1                       |  14|          3|   11|         33|
    |A1_6_3_d0                             |  14|          3|   32|         96|
    |A1_6_3_d1                             |  14|          3|   32|         96|
    |A1_7_0_address0                       |  14|          3|   11|         33|
    |A1_7_0_address1                       |  14|          3|   11|         33|
    |A1_7_0_d0                             |  14|          3|   32|         96|
    |A1_7_0_d1                             |  14|          3|   32|         96|
    |A1_7_1_address0                       |  14|          3|   11|         33|
    |A1_7_1_address1                       |  14|          3|   11|         33|
    |A1_7_1_d0                             |  14|          3|   32|         96|
    |A1_7_1_d1                             |  14|          3|   32|         96|
    |A1_7_2_address0                       |  14|          3|   11|         33|
    |A1_7_2_address1                       |  14|          3|   11|         33|
    |A1_7_2_d0                             |  14|          3|   32|         96|
    |A1_7_2_d1                             |  14|          3|   32|         96|
    |A1_7_3_address0                       |  14|          3|   11|         33|
    |A1_7_3_address1                       |  14|          3|   11|         33|
    |A1_7_3_d0                             |  14|          3|   32|         96|
    |A1_7_3_d1                             |  14|          3|   32|         96|
    |A1_8_0_address0                       |  14|          3|   11|         33|
    |A1_8_0_address1                       |  14|          3|   11|         33|
    |A1_8_0_d0                             |  14|          3|   32|         96|
    |A1_8_0_d1                             |  14|          3|   32|         96|
    |A1_8_1_address0                       |  14|          3|   11|         33|
    |A1_8_1_address1                       |  14|          3|   11|         33|
    |A1_8_1_d0                             |  14|          3|   32|         96|
    |A1_8_1_d1                             |  14|          3|   32|         96|
    |A1_8_2_address0                       |  14|          3|   11|         33|
    |A1_8_2_address1                       |  14|          3|   11|         33|
    |A1_8_2_d0                             |  14|          3|   32|         96|
    |A1_8_2_d1                             |  14|          3|   32|         96|
    |A1_8_3_address0                       |  14|          3|   11|         33|
    |A1_8_3_address1                       |  14|          3|   11|         33|
    |A1_8_3_d0                             |  14|          3|   32|         96|
    |A1_8_3_d1                             |  14|          3|   32|         96|
    |A1_9_0_address0                       |  14|          3|   11|         33|
    |A1_9_0_address1                       |  14|          3|   11|         33|
    |A1_9_0_d0                             |  14|          3|   32|         96|
    |A1_9_0_d1                             |  14|          3|   32|         96|
    |A1_9_1_address0                       |  14|          3|   11|         33|
    |A1_9_1_address1                       |  14|          3|   11|         33|
    |A1_9_1_d0                             |  14|          3|   32|         96|
    |A1_9_1_d1                             |  14|          3|   32|         96|
    |A1_9_2_address0                       |  14|          3|   11|         33|
    |A1_9_2_address1                       |  14|          3|   11|         33|
    |A1_9_2_d0                             |  14|          3|   32|         96|
    |A1_9_2_d1                             |  14|          3|   32|         96|
    |A1_9_3_address0                       |  14|          3|   11|         33|
    |A1_9_3_address1                       |  14|          3|   11|         33|
    |A1_9_3_d0                             |  14|          3|   32|         96|
    |A1_9_3_d1                             |  14|          3|   32|         96|
    |ap_NS_fsm                             |  14|          3|    1|          3|
    |ap_done_int                           |   9|          2|    1|          2|
    |ap_enable_reg_pp0_iter0               |   9|          2|    1|          2|
    |ap_enable_reg_pp0_iter0_reg           |   9|          2|    1|          2|
    |ap_enable_reg_pp0_iter1               |   9|          2|    1|          2|
    |ap_sig_allocacmp_d0_load              |   9|          2|    4|          8|
    |ap_sig_allocacmp_d1_load              |   9|          2|    8|         16|
    |ap_sig_allocacmp_indvar_flatten_load  |   9|          2|    8|         16|
    |d0_fu_234                             |   9|          2|    4|          8|
    |d1_fu_230                             |   9|          2|    8|         16|
    |fifo_A1_from_off_chip_to_S1_blk_n     |   9|          2|    1|          2|
    |indvar_flatten_fu_238                 |   9|          2|    8|         16|
    +--------------------------------------+----+-----------+-----+-----------+
    |Total                                 |2801|        601| 4174|      12477|
    +--------------------------------------+----+-----------+-----+-----------+

    * Register: 
    +-----------------------------+----+----+-----+-----------+
    |             Name            | FF | LUT| Bits| Const Bits|
    +-----------------------------+----+----+-----+-----------+
    |add_ln590_1_reg_2958         |   8|   0|    8|          0|
    |ap_CS_fsm                    |   2|   0|    2|          0|
    |ap_done_reg                  |   1|   0|    1|          0|
    |ap_enable_reg_pp0_iter0_reg  |   1|   0|    1|          0|
    |ap_enable_reg_pp0_iter1      |   1|   0|    1|          0|
    |d0_fu_234                    |   4|   0|    4|          0|
    |d1_fu_230                    |   8|   0|    8|          0|
    |d1_load_reg_2963             |   8|   0|    8|          0|
    |icmp_ln590_reg_2954          |   1|   0|    1|          0|
    |icmp_ln591_reg_2968          |   1|   0|    1|          0|
    |indvar_flatten_fu_238        |   8|   0|    8|          0|
    |lshr_ln_reg_2978             |   6|   0|    6|          0|
    |select_ln590_1_reg_2973      |   4|   0|    4|          0|
    |trunc_ln593_10_reg_2999      |  32|   0|   32|          0|
    |trunc_ln593_11_reg_3004      |  32|   0|   32|          0|
    |trunc_ln593_12_reg_3009      |  32|   0|   32|          0|
    |trunc_ln593_13_reg_3014      |  32|   0|   32|          0|
    |trunc_ln593_14_reg_3019      |  32|   0|   32|          0|
    |trunc_ln593_8_reg_2984       |  32|   0|   32|          0|
    |trunc_ln593_9_reg_2989       |  32|   0|   32|          0|
    |trunc_ln593_s_reg_2994       |  32|   0|   32|          0|
    +-----------------------------+----+----+-----+-----------+
    |Total                        | 309|   0|  309|          0|
    +-----------------------------+----+----+-----+-----------+



================================================================
== Interface
================================================================
* Summary: 
+--------------------------------------------+-----+-----+------------+----------------------------------------------------------+--------------+
|                  RTL Ports                 | Dir | Bits|  Protocol  |                       Source Object                      |    C Type    |
+--------------------------------------------+-----+-----+------------+----------------------------------------------------------+--------------+
|ap_clk                                      |   in|    1|  ap_ctrl_hs|  read_A1_FT0.4_Pipeline_VITIS_LOOP_590_1_VITIS_LOOP_591_2|  return value|
|ap_rst                                      |   in|    1|  ap_ctrl_hs|  read_A1_FT0.4_Pipeline_VITIS_LOOP_590_1_VITIS_LOOP_591_2|  return value|
|ap_start                                    |   in|    1|  ap_ctrl_hs|  read_A1_FT0.4_Pipeline_VITIS_LOOP_590_1_VITIS_LOOP_591_2|  return value|
|ap_done                                     |  out|    1|  ap_ctrl_hs|  read_A1_FT0.4_Pipeline_VITIS_LOOP_590_1_VITIS_LOOP_591_2|  return value|
|ap_idle                                     |  out|    1|  ap_ctrl_hs|  read_A1_FT0.4_Pipeline_VITIS_LOOP_590_1_VITIS_LOOP_591_2|  return value|
|ap_ready                                    |  out|    1|  ap_ctrl_hs|  read_A1_FT0.4_Pipeline_VITIS_LOOP_590_1_VITIS_LOOP_591_2|  return value|
|fifo_A1_from_off_chip_to_S1_dout            |   in|  512|     ap_fifo|                               fifo_A1_from_off_chip_to_S1|       pointer|
|fifo_A1_from_off_chip_to_S1_num_data_valid  |   in|   11|     ap_fifo|                               fifo_A1_from_off_chip_to_S1|       pointer|
|fifo_A1_from_off_chip_to_S1_fifo_cap        |   in|   11|     ap_fifo|                               fifo_A1_from_off_chip_to_S1|       pointer|
|fifo_A1_from_off_chip_to_S1_empty_n         |   in|    1|     ap_fifo|                               fifo_A1_from_off_chip_to_S1|       pointer|
|fifo_A1_from_off_chip_to_S1_read            |  out|    1|     ap_fifo|                               fifo_A1_from_off_chip_to_S1|       pointer|
|A1_0_0_address0                             |  out|   11|   ap_memory|                                                    A1_0_0|         array|
|A1_0_0_ce0                                  |  out|    1|   ap_memory|                                                    A1_0_0|         array|
|A1_0_0_we0                                  |  out|    1|   ap_memory|                                                    A1_0_0|         array|
|A1_0_0_d0                                   |  out|   32|   ap_memory|                                                    A1_0_0|         array|
|A1_0_0_address1                             |  out|   11|   ap_memory|                                                    A1_0_0|         array|
|A1_0_0_ce1                                  |  out|    1|   ap_memory|                                                    A1_0_0|         array|
|A1_0_0_we1                                  |  out|    1|   ap_memory|                                                    A1_0_0|         array|
|A1_0_0_d1                                   |  out|   32|   ap_memory|                                                    A1_0_0|         array|
|A1_0_1_address0                             |  out|   11|   ap_memory|                                                    A1_0_1|         array|
|A1_0_1_ce0                                  |  out|    1|   ap_memory|                                                    A1_0_1|         array|
|A1_0_1_we0                                  |  out|    1|   ap_memory|                                                    A1_0_1|         array|
|A1_0_1_d0                                   |  out|   32|   ap_memory|                                                    A1_0_1|         array|
|A1_0_1_address1                             |  out|   11|   ap_memory|                                                    A1_0_1|         array|
|A1_0_1_ce1                                  |  out|    1|   ap_memory|                                                    A1_0_1|         array|
|A1_0_1_we1                                  |  out|    1|   ap_memory|                                                    A1_0_1|         array|
|A1_0_1_d1                                   |  out|   32|   ap_memory|                                                    A1_0_1|         array|
|A1_0_2_address0                             |  out|   11|   ap_memory|                                                    A1_0_2|         array|
|A1_0_2_ce0                                  |  out|    1|   ap_memory|                                                    A1_0_2|         array|
|A1_0_2_we0                                  |  out|    1|   ap_memory|                                                    A1_0_2|         array|
|A1_0_2_d0                                   |  out|   32|   ap_memory|                                                    A1_0_2|         array|
|A1_0_2_address1                             |  out|   11|   ap_memory|                                                    A1_0_2|         array|
|A1_0_2_ce1                                  |  out|    1|   ap_memory|                                                    A1_0_2|         array|
|A1_0_2_we1                                  |  out|    1|   ap_memory|                                                    A1_0_2|         array|
|A1_0_2_d1                                   |  out|   32|   ap_memory|                                                    A1_0_2|         array|
|A1_0_3_address0                             |  out|   11|   ap_memory|                                                    A1_0_3|         array|
|A1_0_3_ce0                                  |  out|    1|   ap_memory|                                                    A1_0_3|         array|
|A1_0_3_we0                                  |  out|    1|   ap_memory|                                                    A1_0_3|         array|
|A1_0_3_d0                                   |  out|   32|   ap_memory|                                                    A1_0_3|         array|
|A1_0_3_address1                             |  out|   11|   ap_memory|                                                    A1_0_3|         array|
|A1_0_3_ce1                                  |  out|    1|   ap_memory|                                                    A1_0_3|         array|
|A1_0_3_we1                                  |  out|    1|   ap_memory|                                                    A1_0_3|         array|
|A1_0_3_d1                                   |  out|   32|   ap_memory|                                                    A1_0_3|         array|
|A1_1_0_address0                             |  out|   11|   ap_memory|                                                    A1_1_0|         array|
|A1_1_0_ce0                                  |  out|    1|   ap_memory|                                                    A1_1_0|         array|
|A1_1_0_we0                                  |  out|    1|   ap_memory|                                                    A1_1_0|         array|
|A1_1_0_d0                                   |  out|   32|   ap_memory|                                                    A1_1_0|         array|
|A1_1_0_address1                             |  out|   11|   ap_memory|                                                    A1_1_0|         array|
|A1_1_0_ce1                                  |  out|    1|   ap_memory|                                                    A1_1_0|         array|
|A1_1_0_we1                                  |  out|    1|   ap_memory|                                                    A1_1_0|         array|
|A1_1_0_d1                                   |  out|   32|   ap_memory|                                                    A1_1_0|         array|
|A1_1_1_address0                             |  out|   11|   ap_memory|                                                    A1_1_1|         array|
|A1_1_1_ce0                                  |  out|    1|   ap_memory|                                                    A1_1_1|         array|
|A1_1_1_we0                                  |  out|    1|   ap_memory|                                                    A1_1_1|         array|
|A1_1_1_d0                                   |  out|   32|   ap_memory|                                                    A1_1_1|         array|
|A1_1_1_address1                             |  out|   11|   ap_memory|                                                    A1_1_1|         array|
|A1_1_1_ce1                                  |  out|    1|   ap_memory|                                                    A1_1_1|         array|
|A1_1_1_we1                                  |  out|    1|   ap_memory|                                                    A1_1_1|         array|
|A1_1_1_d1                                   |  out|   32|   ap_memory|                                                    A1_1_1|         array|
|A1_1_2_address0                             |  out|   11|   ap_memory|                                                    A1_1_2|         array|
|A1_1_2_ce0                                  |  out|    1|   ap_memory|                                                    A1_1_2|         array|
|A1_1_2_we0                                  |  out|    1|   ap_memory|                                                    A1_1_2|         array|
|A1_1_2_d0                                   |  out|   32|   ap_memory|                                                    A1_1_2|         array|
|A1_1_2_address1                             |  out|   11|   ap_memory|                                                    A1_1_2|         array|
|A1_1_2_ce1                                  |  out|    1|   ap_memory|                                                    A1_1_2|         array|
|A1_1_2_we1                                  |  out|    1|   ap_memory|                                                    A1_1_2|         array|
|A1_1_2_d1                                   |  out|   32|   ap_memory|                                                    A1_1_2|         array|
|A1_1_3_address0                             |  out|   11|   ap_memory|                                                    A1_1_3|         array|
|A1_1_3_ce0                                  |  out|    1|   ap_memory|                                                    A1_1_3|         array|
|A1_1_3_we0                                  |  out|    1|   ap_memory|                                                    A1_1_3|         array|
|A1_1_3_d0                                   |  out|   32|   ap_memory|                                                    A1_1_3|         array|
|A1_1_3_address1                             |  out|   11|   ap_memory|                                                    A1_1_3|         array|
|A1_1_3_ce1                                  |  out|    1|   ap_memory|                                                    A1_1_3|         array|
|A1_1_3_we1                                  |  out|    1|   ap_memory|                                                    A1_1_3|         array|
|A1_1_3_d1                                   |  out|   32|   ap_memory|                                                    A1_1_3|         array|
|A1_2_0_address0                             |  out|   11|   ap_memory|                                                    A1_2_0|         array|
|A1_2_0_ce0                                  |  out|    1|   ap_memory|                                                    A1_2_0|         array|
|A1_2_0_we0                                  |  out|    1|   ap_memory|                                                    A1_2_0|         array|
|A1_2_0_d0                                   |  out|   32|   ap_memory|                                                    A1_2_0|         array|
|A1_2_0_address1                             |  out|   11|   ap_memory|                                                    A1_2_0|         array|
|A1_2_0_ce1                                  |  out|    1|   ap_memory|                                                    A1_2_0|         array|
|A1_2_0_we1                                  |  out|    1|   ap_memory|                                                    A1_2_0|         array|
|A1_2_0_d1                                   |  out|   32|   ap_memory|                                                    A1_2_0|         array|
|A1_2_1_address0                             |  out|   11|   ap_memory|                                                    A1_2_1|         array|
|A1_2_1_ce0                                  |  out|    1|   ap_memory|                                                    A1_2_1|         array|
|A1_2_1_we0                                  |  out|    1|   ap_memory|                                                    A1_2_1|         array|
|A1_2_1_d0                                   |  out|   32|   ap_memory|                                                    A1_2_1|         array|
|A1_2_1_address1                             |  out|   11|   ap_memory|                                                    A1_2_1|         array|
|A1_2_1_ce1                                  |  out|    1|   ap_memory|                                                    A1_2_1|         array|
|A1_2_1_we1                                  |  out|    1|   ap_memory|                                                    A1_2_1|         array|
|A1_2_1_d1                                   |  out|   32|   ap_memory|                                                    A1_2_1|         array|
|A1_2_2_address0                             |  out|   11|   ap_memory|                                                    A1_2_2|         array|
|A1_2_2_ce0                                  |  out|    1|   ap_memory|                                                    A1_2_2|         array|
|A1_2_2_we0                                  |  out|    1|   ap_memory|                                                    A1_2_2|         array|
|A1_2_2_d0                                   |  out|   32|   ap_memory|                                                    A1_2_2|         array|
|A1_2_2_address1                             |  out|   11|   ap_memory|                                                    A1_2_2|         array|
|A1_2_2_ce1                                  |  out|    1|   ap_memory|                                                    A1_2_2|         array|
|A1_2_2_we1                                  |  out|    1|   ap_memory|                                                    A1_2_2|         array|
|A1_2_2_d1                                   |  out|   32|   ap_memory|                                                    A1_2_2|         array|
|A1_2_3_address0                             |  out|   11|   ap_memory|                                                    A1_2_3|         array|
|A1_2_3_ce0                                  |  out|    1|   ap_memory|                                                    A1_2_3|         array|
|A1_2_3_we0                                  |  out|    1|   ap_memory|                                                    A1_2_3|         array|
|A1_2_3_d0                                   |  out|   32|   ap_memory|                                                    A1_2_3|         array|
|A1_2_3_address1                             |  out|   11|   ap_memory|                                                    A1_2_3|         array|
|A1_2_3_ce1                                  |  out|    1|   ap_memory|                                                    A1_2_3|         array|
|A1_2_3_we1                                  |  out|    1|   ap_memory|                                                    A1_2_3|         array|
|A1_2_3_d1                                   |  out|   32|   ap_memory|                                                    A1_2_3|         array|
|A1_3_0_address0                             |  out|   11|   ap_memory|                                                    A1_3_0|         array|
|A1_3_0_ce0                                  |  out|    1|   ap_memory|                                                    A1_3_0|         array|
|A1_3_0_we0                                  |  out|    1|   ap_memory|                                                    A1_3_0|         array|
|A1_3_0_d0                                   |  out|   32|   ap_memory|                                                    A1_3_0|         array|
|A1_3_0_address1                             |  out|   11|   ap_memory|                                                    A1_3_0|         array|
|A1_3_0_ce1                                  |  out|    1|   ap_memory|                                                    A1_3_0|         array|
|A1_3_0_we1                                  |  out|    1|   ap_memory|                                                    A1_3_0|         array|
|A1_3_0_d1                                   |  out|   32|   ap_memory|                                                    A1_3_0|         array|
|A1_3_1_address0                             |  out|   11|   ap_memory|                                                    A1_3_1|         array|
|A1_3_1_ce0                                  |  out|    1|   ap_memory|                                                    A1_3_1|         array|
|A1_3_1_we0                                  |  out|    1|   ap_memory|                                                    A1_3_1|         array|
|A1_3_1_d0                                   |  out|   32|   ap_memory|                                                    A1_3_1|         array|
|A1_3_1_address1                             |  out|   11|   ap_memory|                                                    A1_3_1|         array|
|A1_3_1_ce1                                  |  out|    1|   ap_memory|                                                    A1_3_1|         array|
|A1_3_1_we1                                  |  out|    1|   ap_memory|                                                    A1_3_1|         array|
|A1_3_1_d1                                   |  out|   32|   ap_memory|                                                    A1_3_1|         array|
|A1_3_2_address0                             |  out|   11|   ap_memory|                                                    A1_3_2|         array|
|A1_3_2_ce0                                  |  out|    1|   ap_memory|                                                    A1_3_2|         array|
|A1_3_2_we0                                  |  out|    1|   ap_memory|                                                    A1_3_2|         array|
|A1_3_2_d0                                   |  out|   32|   ap_memory|                                                    A1_3_2|         array|
|A1_3_2_address1                             |  out|   11|   ap_memory|                                                    A1_3_2|         array|
|A1_3_2_ce1                                  |  out|    1|   ap_memory|                                                    A1_3_2|         array|
|A1_3_2_we1                                  |  out|    1|   ap_memory|                                                    A1_3_2|         array|
|A1_3_2_d1                                   |  out|   32|   ap_memory|                                                    A1_3_2|         array|
|A1_3_3_address0                             |  out|   11|   ap_memory|                                                    A1_3_3|         array|
|A1_3_3_ce0                                  |  out|    1|   ap_memory|                                                    A1_3_3|         array|
|A1_3_3_we0                                  |  out|    1|   ap_memory|                                                    A1_3_3|         array|
|A1_3_3_d0                                   |  out|   32|   ap_memory|                                                    A1_3_3|         array|
|A1_3_3_address1                             |  out|   11|   ap_memory|                                                    A1_3_3|         array|
|A1_3_3_ce1                                  |  out|    1|   ap_memory|                                                    A1_3_3|         array|
|A1_3_3_we1                                  |  out|    1|   ap_memory|                                                    A1_3_3|         array|
|A1_3_3_d1                                   |  out|   32|   ap_memory|                                                    A1_3_3|         array|
|A1_4_0_address0                             |  out|   11|   ap_memory|                                                    A1_4_0|         array|
|A1_4_0_ce0                                  |  out|    1|   ap_memory|                                                    A1_4_0|         array|
|A1_4_0_we0                                  |  out|    1|   ap_memory|                                                    A1_4_0|         array|
|A1_4_0_d0                                   |  out|   32|   ap_memory|                                                    A1_4_0|         array|
|A1_4_0_address1                             |  out|   11|   ap_memory|                                                    A1_4_0|         array|
|A1_4_0_ce1                                  |  out|    1|   ap_memory|                                                    A1_4_0|         array|
|A1_4_0_we1                                  |  out|    1|   ap_memory|                                                    A1_4_0|         array|
|A1_4_0_d1                                   |  out|   32|   ap_memory|                                                    A1_4_0|         array|
|A1_4_1_address0                             |  out|   11|   ap_memory|                                                    A1_4_1|         array|
|A1_4_1_ce0                                  |  out|    1|   ap_memory|                                                    A1_4_1|         array|
|A1_4_1_we0                                  |  out|    1|   ap_memory|                                                    A1_4_1|         array|
|A1_4_1_d0                                   |  out|   32|   ap_memory|                                                    A1_4_1|         array|
|A1_4_1_address1                             |  out|   11|   ap_memory|                                                    A1_4_1|         array|
|A1_4_1_ce1                                  |  out|    1|   ap_memory|                                                    A1_4_1|         array|
|A1_4_1_we1                                  |  out|    1|   ap_memory|                                                    A1_4_1|         array|
|A1_4_1_d1                                   |  out|   32|   ap_memory|                                                    A1_4_1|         array|
|A1_4_2_address0                             |  out|   11|   ap_memory|                                                    A1_4_2|         array|
|A1_4_2_ce0                                  |  out|    1|   ap_memory|                                                    A1_4_2|         array|
|A1_4_2_we0                                  |  out|    1|   ap_memory|                                                    A1_4_2|         array|
|A1_4_2_d0                                   |  out|   32|   ap_memory|                                                    A1_4_2|         array|
|A1_4_2_address1                             |  out|   11|   ap_memory|                                                    A1_4_2|         array|
|A1_4_2_ce1                                  |  out|    1|   ap_memory|                                                    A1_4_2|         array|
|A1_4_2_we1                                  |  out|    1|   ap_memory|                                                    A1_4_2|         array|
|A1_4_2_d1                                   |  out|   32|   ap_memory|                                                    A1_4_2|         array|
|A1_4_3_address0                             |  out|   11|   ap_memory|                                                    A1_4_3|         array|
|A1_4_3_ce0                                  |  out|    1|   ap_memory|                                                    A1_4_3|         array|
|A1_4_3_we0                                  |  out|    1|   ap_memory|                                                    A1_4_3|         array|
|A1_4_3_d0                                   |  out|   32|   ap_memory|                                                    A1_4_3|         array|
|A1_4_3_address1                             |  out|   11|   ap_memory|                                                    A1_4_3|         array|
|A1_4_3_ce1                                  |  out|    1|   ap_memory|                                                    A1_4_3|         array|
|A1_4_3_we1                                  |  out|    1|   ap_memory|                                                    A1_4_3|         array|
|A1_4_3_d1                                   |  out|   32|   ap_memory|                                                    A1_4_3|         array|
|A1_5_0_address0                             |  out|   11|   ap_memory|                                                    A1_5_0|         array|
|A1_5_0_ce0                                  |  out|    1|   ap_memory|                                                    A1_5_0|         array|
|A1_5_0_we0                                  |  out|    1|   ap_memory|                                                    A1_5_0|         array|
|A1_5_0_d0                                   |  out|   32|   ap_memory|                                                    A1_5_0|         array|
|A1_5_0_address1                             |  out|   11|   ap_memory|                                                    A1_5_0|         array|
|A1_5_0_ce1                                  |  out|    1|   ap_memory|                                                    A1_5_0|         array|
|A1_5_0_we1                                  |  out|    1|   ap_memory|                                                    A1_5_0|         array|
|A1_5_0_d1                                   |  out|   32|   ap_memory|                                                    A1_5_0|         array|
|A1_5_1_address0                             |  out|   11|   ap_memory|                                                    A1_5_1|         array|
|A1_5_1_ce0                                  |  out|    1|   ap_memory|                                                    A1_5_1|         array|
|A1_5_1_we0                                  |  out|    1|   ap_memory|                                                    A1_5_1|         array|
|A1_5_1_d0                                   |  out|   32|   ap_memory|                                                    A1_5_1|         array|
|A1_5_1_address1                             |  out|   11|   ap_memory|                                                    A1_5_1|         array|
|A1_5_1_ce1                                  |  out|    1|   ap_memory|                                                    A1_5_1|         array|
|A1_5_1_we1                                  |  out|    1|   ap_memory|                                                    A1_5_1|         array|
|A1_5_1_d1                                   |  out|   32|   ap_memory|                                                    A1_5_1|         array|
|A1_5_2_address0                             |  out|   11|   ap_memory|                                                    A1_5_2|         array|
|A1_5_2_ce0                                  |  out|    1|   ap_memory|                                                    A1_5_2|         array|
|A1_5_2_we0                                  |  out|    1|   ap_memory|                                                    A1_5_2|         array|
|A1_5_2_d0                                   |  out|   32|   ap_memory|                                                    A1_5_2|         array|
|A1_5_2_address1                             |  out|   11|   ap_memory|                                                    A1_5_2|         array|
|A1_5_2_ce1                                  |  out|    1|   ap_memory|                                                    A1_5_2|         array|
|A1_5_2_we1                                  |  out|    1|   ap_memory|                                                    A1_5_2|         array|
|A1_5_2_d1                                   |  out|   32|   ap_memory|                                                    A1_5_2|         array|
|A1_5_3_address0                             |  out|   11|   ap_memory|                                                    A1_5_3|         array|
|A1_5_3_ce0                                  |  out|    1|   ap_memory|                                                    A1_5_3|         array|
|A1_5_3_we0                                  |  out|    1|   ap_memory|                                                    A1_5_3|         array|
|A1_5_3_d0                                   |  out|   32|   ap_memory|                                                    A1_5_3|         array|
|A1_5_3_address1                             |  out|   11|   ap_memory|                                                    A1_5_3|         array|
|A1_5_3_ce1                                  |  out|    1|   ap_memory|                                                    A1_5_3|         array|
|A1_5_3_we1                                  |  out|    1|   ap_memory|                                                    A1_5_3|         array|
|A1_5_3_d1                                   |  out|   32|   ap_memory|                                                    A1_5_3|         array|
|A1_6_0_address0                             |  out|   11|   ap_memory|                                                    A1_6_0|         array|
|A1_6_0_ce0                                  |  out|    1|   ap_memory|                                                    A1_6_0|         array|
|A1_6_0_we0                                  |  out|    1|   ap_memory|                                                    A1_6_0|         array|
|A1_6_0_d0                                   |  out|   32|   ap_memory|                                                    A1_6_0|         array|
|A1_6_0_address1                             |  out|   11|   ap_memory|                                                    A1_6_0|         array|
|A1_6_0_ce1                                  |  out|    1|   ap_memory|                                                    A1_6_0|         array|
|A1_6_0_we1                                  |  out|    1|   ap_memory|                                                    A1_6_0|         array|
|A1_6_0_d1                                   |  out|   32|   ap_memory|                                                    A1_6_0|         array|
|A1_6_1_address0                             |  out|   11|   ap_memory|                                                    A1_6_1|         array|
|A1_6_1_ce0                                  |  out|    1|   ap_memory|                                                    A1_6_1|         array|
|A1_6_1_we0                                  |  out|    1|   ap_memory|                                                    A1_6_1|         array|
|A1_6_1_d0                                   |  out|   32|   ap_memory|                                                    A1_6_1|         array|
|A1_6_1_address1                             |  out|   11|   ap_memory|                                                    A1_6_1|         array|
|A1_6_1_ce1                                  |  out|    1|   ap_memory|                                                    A1_6_1|         array|
|A1_6_1_we1                                  |  out|    1|   ap_memory|                                                    A1_6_1|         array|
|A1_6_1_d1                                   |  out|   32|   ap_memory|                                                    A1_6_1|         array|
|A1_6_2_address0                             |  out|   11|   ap_memory|                                                    A1_6_2|         array|
|A1_6_2_ce0                                  |  out|    1|   ap_memory|                                                    A1_6_2|         array|
|A1_6_2_we0                                  |  out|    1|   ap_memory|                                                    A1_6_2|         array|
|A1_6_2_d0                                   |  out|   32|   ap_memory|                                                    A1_6_2|         array|
|A1_6_2_address1                             |  out|   11|   ap_memory|                                                    A1_6_2|         array|
|A1_6_2_ce1                                  |  out|    1|   ap_memory|                                                    A1_6_2|         array|
|A1_6_2_we1                                  |  out|    1|   ap_memory|                                                    A1_6_2|         array|
|A1_6_2_d1                                   |  out|   32|   ap_memory|                                                    A1_6_2|         array|
|A1_6_3_address0                             |  out|   11|   ap_memory|                                                    A1_6_3|         array|
|A1_6_3_ce0                                  |  out|    1|   ap_memory|                                                    A1_6_3|         array|
|A1_6_3_we0                                  |  out|    1|   ap_memory|                                                    A1_6_3|         array|
|A1_6_3_d0                                   |  out|   32|   ap_memory|                                                    A1_6_3|         array|
|A1_6_3_address1                             |  out|   11|   ap_memory|                                                    A1_6_3|         array|
|A1_6_3_ce1                                  |  out|    1|   ap_memory|                                                    A1_6_3|         array|
|A1_6_3_we1                                  |  out|    1|   ap_memory|                                                    A1_6_3|         array|
|A1_6_3_d1                                   |  out|   32|   ap_memory|                                                    A1_6_3|         array|
|A1_7_0_address0                             |  out|   11|   ap_memory|                                                    A1_7_0|         array|
|A1_7_0_ce0                                  |  out|    1|   ap_memory|                                                    A1_7_0|         array|
|A1_7_0_we0                                  |  out|    1|   ap_memory|                                                    A1_7_0|         array|
|A1_7_0_d0                                   |  out|   32|   ap_memory|                                                    A1_7_0|         array|
|A1_7_0_address1                             |  out|   11|   ap_memory|                                                    A1_7_0|         array|
|A1_7_0_ce1                                  |  out|    1|   ap_memory|                                                    A1_7_0|         array|
|A1_7_0_we1                                  |  out|    1|   ap_memory|                                                    A1_7_0|         array|
|A1_7_0_d1                                   |  out|   32|   ap_memory|                                                    A1_7_0|         array|
|A1_7_1_address0                             |  out|   11|   ap_memory|                                                    A1_7_1|         array|
|A1_7_1_ce0                                  |  out|    1|   ap_memory|                                                    A1_7_1|         array|
|A1_7_1_we0                                  |  out|    1|   ap_memory|                                                    A1_7_1|         array|
|A1_7_1_d0                                   |  out|   32|   ap_memory|                                                    A1_7_1|         array|
|A1_7_1_address1                             |  out|   11|   ap_memory|                                                    A1_7_1|         array|
|A1_7_1_ce1                                  |  out|    1|   ap_memory|                                                    A1_7_1|         array|
|A1_7_1_we1                                  |  out|    1|   ap_memory|                                                    A1_7_1|         array|
|A1_7_1_d1                                   |  out|   32|   ap_memory|                                                    A1_7_1|         array|
|A1_7_2_address0                             |  out|   11|   ap_memory|                                                    A1_7_2|         array|
|A1_7_2_ce0                                  |  out|    1|   ap_memory|                                                    A1_7_2|         array|
|A1_7_2_we0                                  |  out|    1|   ap_memory|                                                    A1_7_2|         array|
|A1_7_2_d0                                   |  out|   32|   ap_memory|                                                    A1_7_2|         array|
|A1_7_2_address1                             |  out|   11|   ap_memory|                                                    A1_7_2|         array|
|A1_7_2_ce1                                  |  out|    1|   ap_memory|                                                    A1_7_2|         array|
|A1_7_2_we1                                  |  out|    1|   ap_memory|                                                    A1_7_2|         array|
|A1_7_2_d1                                   |  out|   32|   ap_memory|                                                    A1_7_2|         array|
|A1_7_3_address0                             |  out|   11|   ap_memory|                                                    A1_7_3|         array|
|A1_7_3_ce0                                  |  out|    1|   ap_memory|                                                    A1_7_3|         array|
|A1_7_3_we0                                  |  out|    1|   ap_memory|                                                    A1_7_3|         array|
|A1_7_3_d0                                   |  out|   32|   ap_memory|                                                    A1_7_3|         array|
|A1_7_3_address1                             |  out|   11|   ap_memory|                                                    A1_7_3|         array|
|A1_7_3_ce1                                  |  out|    1|   ap_memory|                                                    A1_7_3|         array|
|A1_7_3_we1                                  |  out|    1|   ap_memory|                                                    A1_7_3|         array|
|A1_7_3_d1                                   |  out|   32|   ap_memory|                                                    A1_7_3|         array|
|A1_8_0_address0                             |  out|   11|   ap_memory|                                                    A1_8_0|         array|
|A1_8_0_ce0                                  |  out|    1|   ap_memory|                                                    A1_8_0|         array|
|A1_8_0_we0                                  |  out|    1|   ap_memory|                                                    A1_8_0|         array|
|A1_8_0_d0                                   |  out|   32|   ap_memory|                                                    A1_8_0|         array|
|A1_8_0_address1                             |  out|   11|   ap_memory|                                                    A1_8_0|         array|
|A1_8_0_ce1                                  |  out|    1|   ap_memory|                                                    A1_8_0|         array|
|A1_8_0_we1                                  |  out|    1|   ap_memory|                                                    A1_8_0|         array|
|A1_8_0_d1                                   |  out|   32|   ap_memory|                                                    A1_8_0|         array|
|A1_8_1_address0                             |  out|   11|   ap_memory|                                                    A1_8_1|         array|
|A1_8_1_ce0                                  |  out|    1|   ap_memory|                                                    A1_8_1|         array|
|A1_8_1_we0                                  |  out|    1|   ap_memory|                                                    A1_8_1|         array|
|A1_8_1_d0                                   |  out|   32|   ap_memory|                                                    A1_8_1|         array|
|A1_8_1_address1                             |  out|   11|   ap_memory|                                                    A1_8_1|         array|
|A1_8_1_ce1                                  |  out|    1|   ap_memory|                                                    A1_8_1|         array|
|A1_8_1_we1                                  |  out|    1|   ap_memory|                                                    A1_8_1|         array|
|A1_8_1_d1                                   |  out|   32|   ap_memory|                                                    A1_8_1|         array|
|A1_8_2_address0                             |  out|   11|   ap_memory|                                                    A1_8_2|         array|
|A1_8_2_ce0                                  |  out|    1|   ap_memory|                                                    A1_8_2|         array|
|A1_8_2_we0                                  |  out|    1|   ap_memory|                                                    A1_8_2|         array|
|A1_8_2_d0                                   |  out|   32|   ap_memory|                                                    A1_8_2|         array|
|A1_8_2_address1                             |  out|   11|   ap_memory|                                                    A1_8_2|         array|
|A1_8_2_ce1                                  |  out|    1|   ap_memory|                                                    A1_8_2|         array|
|A1_8_2_we1                                  |  out|    1|   ap_memory|                                                    A1_8_2|         array|
|A1_8_2_d1                                   |  out|   32|   ap_memory|                                                    A1_8_2|         array|
|A1_8_3_address0                             |  out|   11|   ap_memory|                                                    A1_8_3|         array|
|A1_8_3_ce0                                  |  out|    1|   ap_memory|                                                    A1_8_3|         array|
|A1_8_3_we0                                  |  out|    1|   ap_memory|                                                    A1_8_3|         array|
|A1_8_3_d0                                   |  out|   32|   ap_memory|                                                    A1_8_3|         array|
|A1_8_3_address1                             |  out|   11|   ap_memory|                                                    A1_8_3|         array|
|A1_8_3_ce1                                  |  out|    1|   ap_memory|                                                    A1_8_3|         array|
|A1_8_3_we1                                  |  out|    1|   ap_memory|                                                    A1_8_3|         array|
|A1_8_3_d1                                   |  out|   32|   ap_memory|                                                    A1_8_3|         array|
|A1_9_0_address0                             |  out|   11|   ap_memory|                                                    A1_9_0|         array|
|A1_9_0_ce0                                  |  out|    1|   ap_memory|                                                    A1_9_0|         array|
|A1_9_0_we0                                  |  out|    1|   ap_memory|                                                    A1_9_0|         array|
|A1_9_0_d0                                   |  out|   32|   ap_memory|                                                    A1_9_0|         array|
|A1_9_0_address1                             |  out|   11|   ap_memory|                                                    A1_9_0|         array|
|A1_9_0_ce1                                  |  out|    1|   ap_memory|                                                    A1_9_0|         array|
|A1_9_0_we1                                  |  out|    1|   ap_memory|                                                    A1_9_0|         array|
|A1_9_0_d1                                   |  out|   32|   ap_memory|                                                    A1_9_0|         array|
|A1_9_1_address0                             |  out|   11|   ap_memory|                                                    A1_9_1|         array|
|A1_9_1_ce0                                  |  out|    1|   ap_memory|                                                    A1_9_1|         array|
|A1_9_1_we0                                  |  out|    1|   ap_memory|                                                    A1_9_1|         array|
|A1_9_1_d0                                   |  out|   32|   ap_memory|                                                    A1_9_1|         array|
|A1_9_1_address1                             |  out|   11|   ap_memory|                                                    A1_9_1|         array|
|A1_9_1_ce1                                  |  out|    1|   ap_memory|                                                    A1_9_1|         array|
|A1_9_1_we1                                  |  out|    1|   ap_memory|                                                    A1_9_1|         array|
|A1_9_1_d1                                   |  out|   32|   ap_memory|                                                    A1_9_1|         array|
|A1_9_2_address0                             |  out|   11|   ap_memory|                                                    A1_9_2|         array|
|A1_9_2_ce0                                  |  out|    1|   ap_memory|                                                    A1_9_2|         array|
|A1_9_2_we0                                  |  out|    1|   ap_memory|                                                    A1_9_2|         array|
|A1_9_2_d0                                   |  out|   32|   ap_memory|                                                    A1_9_2|         array|
|A1_9_2_address1                             |  out|   11|   ap_memory|                                                    A1_9_2|         array|
|A1_9_2_ce1                                  |  out|    1|   ap_memory|                                                    A1_9_2|         array|
|A1_9_2_we1                                  |  out|    1|   ap_memory|                                                    A1_9_2|         array|
|A1_9_2_d1                                   |  out|   32|   ap_memory|                                                    A1_9_2|         array|
|A1_9_3_address0                             |  out|   11|   ap_memory|                                                    A1_9_3|         array|
|A1_9_3_ce0                                  |  out|    1|   ap_memory|                                                    A1_9_3|         array|
|A1_9_3_we0                                  |  out|    1|   ap_memory|                                                    A1_9_3|         array|
|A1_9_3_d0                                   |  out|   32|   ap_memory|                                                    A1_9_3|         array|
|A1_9_3_address1                             |  out|   11|   ap_memory|                                                    A1_9_3|         array|
|A1_9_3_ce1                                  |  out|    1|   ap_memory|                                                    A1_9_3|         array|
|A1_9_3_we1                                  |  out|    1|   ap_memory|                                                    A1_9_3|         array|
|A1_9_3_d1                                   |  out|   32|   ap_memory|                                                    A1_9_3|         array|
|A1_10_0_address0                            |  out|   11|   ap_memory|                                                   A1_10_0|         array|
|A1_10_0_ce0                                 |  out|    1|   ap_memory|                                                   A1_10_0|         array|
|A1_10_0_we0                                 |  out|    1|   ap_memory|                                                   A1_10_0|         array|
|A1_10_0_d0                                  |  out|   32|   ap_memory|                                                   A1_10_0|         array|
|A1_10_0_address1                            |  out|   11|   ap_memory|                                                   A1_10_0|         array|
|A1_10_0_ce1                                 |  out|    1|   ap_memory|                                                   A1_10_0|         array|
|A1_10_0_we1                                 |  out|    1|   ap_memory|                                                   A1_10_0|         array|
|A1_10_0_d1                                  |  out|   32|   ap_memory|                                                   A1_10_0|         array|
|A1_10_1_address0                            |  out|   11|   ap_memory|                                                   A1_10_1|         array|
|A1_10_1_ce0                                 |  out|    1|   ap_memory|                                                   A1_10_1|         array|
|A1_10_1_we0                                 |  out|    1|   ap_memory|                                                   A1_10_1|         array|
|A1_10_1_d0                                  |  out|   32|   ap_memory|                                                   A1_10_1|         array|
|A1_10_1_address1                            |  out|   11|   ap_memory|                                                   A1_10_1|         array|
|A1_10_1_ce1                                 |  out|    1|   ap_memory|                                                   A1_10_1|         array|
|A1_10_1_we1                                 |  out|    1|   ap_memory|                                                   A1_10_1|         array|
|A1_10_1_d1                                  |  out|   32|   ap_memory|                                                   A1_10_1|         array|
|A1_10_2_address0                            |  out|   11|   ap_memory|                                                   A1_10_2|         array|
|A1_10_2_ce0                                 |  out|    1|   ap_memory|                                                   A1_10_2|         array|
|A1_10_2_we0                                 |  out|    1|   ap_memory|                                                   A1_10_2|         array|
|A1_10_2_d0                                  |  out|   32|   ap_memory|                                                   A1_10_2|         array|
|A1_10_2_address1                            |  out|   11|   ap_memory|                                                   A1_10_2|         array|
|A1_10_2_ce1                                 |  out|    1|   ap_memory|                                                   A1_10_2|         array|
|A1_10_2_we1                                 |  out|    1|   ap_memory|                                                   A1_10_2|         array|
|A1_10_2_d1                                  |  out|   32|   ap_memory|                                                   A1_10_2|         array|
|A1_10_3_address0                            |  out|   11|   ap_memory|                                                   A1_10_3|         array|
|A1_10_3_ce0                                 |  out|    1|   ap_memory|                                                   A1_10_3|         array|
|A1_10_3_we0                                 |  out|    1|   ap_memory|                                                   A1_10_3|         array|
|A1_10_3_d0                                  |  out|   32|   ap_memory|                                                   A1_10_3|         array|
|A1_10_3_address1                            |  out|   11|   ap_memory|                                                   A1_10_3|         array|
|A1_10_3_ce1                                 |  out|    1|   ap_memory|                                                   A1_10_3|         array|
|A1_10_3_we1                                 |  out|    1|   ap_memory|                                                   A1_10_3|         array|
|A1_10_3_d1                                  |  out|   32|   ap_memory|                                                   A1_10_3|         array|
|A1_11_0_address0                            |  out|   11|   ap_memory|                                                   A1_11_0|         array|
|A1_11_0_ce0                                 |  out|    1|   ap_memory|                                                   A1_11_0|         array|
|A1_11_0_we0                                 |  out|    1|   ap_memory|                                                   A1_11_0|         array|
|A1_11_0_d0                                  |  out|   32|   ap_memory|                                                   A1_11_0|         array|
|A1_11_0_address1                            |  out|   11|   ap_memory|                                                   A1_11_0|         array|
|A1_11_0_ce1                                 |  out|    1|   ap_memory|                                                   A1_11_0|         array|
|A1_11_0_we1                                 |  out|    1|   ap_memory|                                                   A1_11_0|         array|
|A1_11_0_d1                                  |  out|   32|   ap_memory|                                                   A1_11_0|         array|
|A1_11_1_address0                            |  out|   11|   ap_memory|                                                   A1_11_1|         array|
|A1_11_1_ce0                                 |  out|    1|   ap_memory|                                                   A1_11_1|         array|
|A1_11_1_we0                                 |  out|    1|   ap_memory|                                                   A1_11_1|         array|
|A1_11_1_d0                                  |  out|   32|   ap_memory|                                                   A1_11_1|         array|
|A1_11_1_address1                            |  out|   11|   ap_memory|                                                   A1_11_1|         array|
|A1_11_1_ce1                                 |  out|    1|   ap_memory|                                                   A1_11_1|         array|
|A1_11_1_we1                                 |  out|    1|   ap_memory|                                                   A1_11_1|         array|
|A1_11_1_d1                                  |  out|   32|   ap_memory|                                                   A1_11_1|         array|
|A1_11_2_address0                            |  out|   11|   ap_memory|                                                   A1_11_2|         array|
|A1_11_2_ce0                                 |  out|    1|   ap_memory|                                                   A1_11_2|         array|
|A1_11_2_we0                                 |  out|    1|   ap_memory|                                                   A1_11_2|         array|
|A1_11_2_d0                                  |  out|   32|   ap_memory|                                                   A1_11_2|         array|
|A1_11_2_address1                            |  out|   11|   ap_memory|                                                   A1_11_2|         array|
|A1_11_2_ce1                                 |  out|    1|   ap_memory|                                                   A1_11_2|         array|
|A1_11_2_we1                                 |  out|    1|   ap_memory|                                                   A1_11_2|         array|
|A1_11_2_d1                                  |  out|   32|   ap_memory|                                                   A1_11_2|         array|
|A1_11_3_address0                            |  out|   11|   ap_memory|                                                   A1_11_3|         array|
|A1_11_3_ce0                                 |  out|    1|   ap_memory|                                                   A1_11_3|         array|
|A1_11_3_we0                                 |  out|    1|   ap_memory|                                                   A1_11_3|         array|
|A1_11_3_d0                                  |  out|   32|   ap_memory|                                                   A1_11_3|         array|
|A1_11_3_address1                            |  out|   11|   ap_memory|                                                   A1_11_3|         array|
|A1_11_3_ce1                                 |  out|    1|   ap_memory|                                                   A1_11_3|         array|
|A1_11_3_we1                                 |  out|    1|   ap_memory|                                                   A1_11_3|         array|
|A1_11_3_d1                                  |  out|   32|   ap_memory|                                                   A1_11_3|         array|
+--------------------------------------------+-----+-----+------------+----------------------------------------------------------+--------------+

