

================================================================
== Vitis HLS Report for 'write_C_FT0'
================================================================
* Date:           Fri Jan 10 12:43:43 2025

* Version:        2023.2 (Build 4023990 on Oct 11 2023)
* Project:        kernel_nlp_slr0
* Solution:       solution (Vitis Kernel Flow Target)
* Product family: virtexuplusHBM
* Target device:  xcu55c-fsvh2892-2L-e


================================================================
== Performance Estimates
================================================================
+ Timing: 
    * Summary: 
    +--------+---------+----------+------------+
    |  Clock |  Target | Estimated| Uncertainty|
    +--------+---------+----------+------------+
    |ap_clk  |  4.55 ns|  2.614 ns|     1.23 ns|
    +--------+---------+----------+------------+

+ Latency: 
    * Summary: 
    +---------+---------+----------+----------+-----+-----+---------+
    |  Latency (cycles) |  Latency (absolute) |  Interval | Pipeline|
    |   min   |   max   |    min   |    max   | min | max |   Type  |
    +---------+---------+----------+----------+-----+-----+---------+
    |      122|      122|  0.554 us|  0.554 us|  122|  122|       no|
    +---------+---------+----------+----------+-----+-----+---------+

    + Detail: 
        * Instance: 
        N/A

        * Loop: 
        +-------------------------------------+---------+---------+----------+-----------+-----------+------+----------+
        |                                     |  Latency (cycles) | Iteration|  Initiation Interval  | Trip |          |
        |              Loop Name              |   min   |   max   |  Latency |  achieved |   target  | Count| Pipelined|
        +-------------------------------------+---------+---------+----------+-----------+-----------+------+----------+
        |- VITIS_LOOP_743_1_VITIS_LOOP_744_2  |      120|      120|         2|          1|          1|   120|       yes|
        +-------------------------------------+---------+---------+----------+-----------+-----------+------+----------+



================================================================
== Utilization Estimates
================================================================
* Summary: 
+---------------------+---------+------+---------+---------+-----+
|         Name        | BRAM_18K|  DSP |    FF   |   LUT   | URAM|
+---------------------+---------+------+---------+---------+-----+
|DSP                  |        -|     -|        -|        -|    -|
|Expression           |        -|     -|        0|       79|    -|
|FIFO                 |        -|     -|        -|        -|    -|
|Instance             |        -|     -|        0|     2948|    -|
|Memory               |        -|     -|        -|        -|    -|
|Multiplexer          |        -|     -|        -|       81|    -|
|Register             |        -|     -|      148|        -|    -|
+---------------------+---------+------+---------+---------+-----+
|Total                |        0|     0|      148|     3108|    0|
+---------------------+---------+------+---------+---------+-----+
|Available SLR        |     1344|  3008|   869120|   434560|  320|
+---------------------+---------+------+---------+---------+-----+
|Utilization SLR (%)  |        0|     0|       ~0|       ~0|    0|
+---------------------+---------+------+---------+---------+-----+
|Available            |     4032|  9024|  2607360|  1303680|  960|
+---------------------+---------+------+---------+---------+-----+
|Utilization (%)      |        0|     0|       ~0|       ~0|    0|
+---------------------+---------+------+---------+---------+-----+

+ Detail: 
    * Instance: 
    +------------------------------+-----------------------+---------+----+---+-----+-----+
    |           Instance           |         Module        | BRAM_18K| DSP| FF| LUT | URAM|
    +------------------------------+-----------------------+---------+----+---+-----+-----+
    |sparsemux_7_4_32_1_1_U14857   |sparsemux_7_4_32_1_1   |        0|   0|  0|   14|    0|
    |sparsemux_7_4_32_1_1_U14858   |sparsemux_7_4_32_1_1   |        0|   0|  0|   14|    0|
    |sparsemux_7_4_32_1_1_U14859   |sparsemux_7_4_32_1_1   |        0|   0|  0|   14|    0|
    |sparsemux_7_4_32_1_1_U14860   |sparsemux_7_4_32_1_1   |        0|   0|  0|   14|    0|
    |sparsemux_7_4_32_1_1_U14861   |sparsemux_7_4_32_1_1   |        0|   0|  0|   14|    0|
    |sparsemux_7_4_32_1_1_U14862   |sparsemux_7_4_32_1_1   |        0|   0|  0|   14|    0|
    |sparsemux_7_4_32_1_1_U14863   |sparsemux_7_4_32_1_1   |        0|   0|  0|   14|    0|
    |sparsemux_7_4_32_1_1_U14864   |sparsemux_7_4_32_1_1   |        0|   0|  0|   14|    0|
    |sparsemux_7_4_32_1_1_U14865   |sparsemux_7_4_32_1_1   |        0|   0|  0|   14|    0|
    |sparsemux_7_4_32_1_1_U14866   |sparsemux_7_4_32_1_1   |        0|   0|  0|   14|    0|
    |sparsemux_7_4_32_1_1_U14867   |sparsemux_7_4_32_1_1   |        0|   0|  0|   14|    0|
    |sparsemux_7_4_32_1_1_U14868   |sparsemux_7_4_32_1_1   |        0|   0|  0|   14|    0|
    |sparsemux_7_4_32_1_1_U14869   |sparsemux_7_4_32_1_1   |        0|   0|  0|   14|    0|
    |sparsemux_7_4_32_1_1_U14870   |sparsemux_7_4_32_1_1   |        0|   0|  0|   14|    0|
    |sparsemux_7_4_32_1_1_U14871   |sparsemux_7_4_32_1_1   |        0|   0|  0|   14|    0|
    |sparsemux_7_4_32_1_1_U14872   |sparsemux_7_4_32_1_1   |        0|   0|  0|   14|    0|
    |sparsemux_7_4_32_1_1_U14873   |sparsemux_7_4_32_1_1   |        0|   0|  0|   14|    0|
    |sparsemux_7_4_32_1_1_U14874   |sparsemux_7_4_32_1_1   |        0|   0|  0|   14|    0|
    |sparsemux_7_4_32_1_1_U14875   |sparsemux_7_4_32_1_1   |        0|   0|  0|   14|    0|
    |sparsemux_7_4_32_1_1_U14876   |sparsemux_7_4_32_1_1   |        0|   0|  0|   14|    0|
    |sparsemux_7_4_32_1_1_U14877   |sparsemux_7_4_32_1_1   |        0|   0|  0|   14|    0|
    |sparsemux_7_4_32_1_1_U14878   |sparsemux_7_4_32_1_1   |        0|   0|  0|   14|    0|
    |sparsemux_7_4_32_1_1_U14879   |sparsemux_7_4_32_1_1   |        0|   0|  0|   14|    0|
    |sparsemux_7_4_32_1_1_U14880   |sparsemux_7_4_32_1_1   |        0|   0|  0|   14|    0|
    |sparsemux_7_4_32_1_1_U14881   |sparsemux_7_4_32_1_1   |        0|   0|  0|   14|    0|
    |sparsemux_7_4_32_1_1_U14882   |sparsemux_7_4_32_1_1   |        0|   0|  0|   14|    0|
    |sparsemux_7_4_32_1_1_U14883   |sparsemux_7_4_32_1_1   |        0|   0|  0|   14|    0|
    |sparsemux_7_4_32_1_1_U14884   |sparsemux_7_4_32_1_1   |        0|   0|  0|   14|    0|
    |sparsemux_7_4_32_1_1_U14885   |sparsemux_7_4_32_1_1   |        0|   0|  0|   14|    0|
    |sparsemux_7_4_32_1_1_U14886   |sparsemux_7_4_32_1_1   |        0|   0|  0|   14|    0|
    |sparsemux_7_4_32_1_1_U14887   |sparsemux_7_4_32_1_1   |        0|   0|  0|   14|    0|
    |sparsemux_7_4_32_1_1_U14888   |sparsemux_7_4_32_1_1   |        0|   0|  0|   14|    0|
    |sparsemux_7_4_32_1_1_U14889   |sparsemux_7_4_32_1_1   |        0|   0|  0|   14|    0|
    |sparsemux_7_4_32_1_1_U14890   |sparsemux_7_4_32_1_1   |        0|   0|  0|   14|    0|
    |sparsemux_7_4_32_1_1_U14891   |sparsemux_7_4_32_1_1   |        0|   0|  0|   14|    0|
    |sparsemux_7_4_32_1_1_U14892   |sparsemux_7_4_32_1_1   |        0|   0|  0|   14|    0|
    |sparsemux_7_4_32_1_1_U14893   |sparsemux_7_4_32_1_1   |        0|   0|  0|   14|    0|
    |sparsemux_7_4_32_1_1_U14894   |sparsemux_7_4_32_1_1   |        0|   0|  0|   14|    0|
    |sparsemux_7_4_32_1_1_U14895   |sparsemux_7_4_32_1_1   |        0|   0|  0|   14|    0|
    |sparsemux_7_4_32_1_1_U14896   |sparsemux_7_4_32_1_1   |        0|   0|  0|   14|    0|
    |sparsemux_7_4_32_1_1_U14898   |sparsemux_7_4_32_1_1   |        0|   0|  0|   14|    0|
    |sparsemux_7_4_32_1_1_U14899   |sparsemux_7_4_32_1_1   |        0|   0|  0|   14|    0|
    |sparsemux_7_4_32_1_1_U14900   |sparsemux_7_4_32_1_1   |        0|   0|  0|   14|    0|
    |sparsemux_7_4_32_1_1_U14901   |sparsemux_7_4_32_1_1   |        0|   0|  0|   14|    0|
    |sparsemux_7_4_32_1_1_U14902   |sparsemux_7_4_32_1_1   |        0|   0|  0|   14|    0|
    |sparsemux_7_4_32_1_1_U14903   |sparsemux_7_4_32_1_1   |        0|   0|  0|   14|    0|
    |sparsemux_7_4_32_1_1_U14904   |sparsemux_7_4_32_1_1   |        0|   0|  0|   14|    0|
    |sparsemux_7_4_32_1_1_U14905   |sparsemux_7_4_32_1_1   |        0|   0|  0|   14|    0|
    |sparsemux_7_4_32_1_1_U14906   |sparsemux_7_4_32_1_1   |        0|   0|  0|   14|    0|
    |sparsemux_7_4_32_1_1_U14907   |sparsemux_7_4_32_1_1   |        0|   0|  0|   14|    0|
    |sparsemux_7_4_32_1_1_U14908   |sparsemux_7_4_32_1_1   |        0|   0|  0|   14|    0|
    |sparsemux_7_4_32_1_1_U14909   |sparsemux_7_4_32_1_1   |        0|   0|  0|   14|    0|
    |sparsemux_7_4_32_1_1_U14910   |sparsemux_7_4_32_1_1   |        0|   0|  0|   14|    0|
    |sparsemux_7_4_32_1_1_U14911   |sparsemux_7_4_32_1_1   |        0|   0|  0|   14|    0|
    |sparsemux_7_4_32_1_1_U14912   |sparsemux_7_4_32_1_1   |        0|   0|  0|   14|    0|
    |sparsemux_7_4_32_1_1_U14913   |sparsemux_7_4_32_1_1   |        0|   0|  0|   14|    0|
    |sparsemux_7_4_32_1_1_U14914   |sparsemux_7_4_32_1_1   |        0|   0|  0|   14|    0|
    |sparsemux_7_4_32_1_1_U14915   |sparsemux_7_4_32_1_1   |        0|   0|  0|   14|    0|
    |sparsemux_7_4_32_1_1_U14916   |sparsemux_7_4_32_1_1   |        0|   0|  0|   14|    0|
    |sparsemux_7_4_32_1_1_U14917   |sparsemux_7_4_32_1_1   |        0|   0|  0|   14|    0|
    |sparsemux_7_4_32_1_1_U14918   |sparsemux_7_4_32_1_1   |        0|   0|  0|   14|    0|
    |sparsemux_7_4_32_1_1_U14919   |sparsemux_7_4_32_1_1   |        0|   0|  0|   14|    0|
    |sparsemux_7_4_32_1_1_U14920   |sparsemux_7_4_32_1_1   |        0|   0|  0|   14|    0|
    |sparsemux_7_4_32_1_1_U14921   |sparsemux_7_4_32_1_1   |        0|   0|  0|   14|    0|
    |sparsemux_7_4_32_1_1_U14922   |sparsemux_7_4_32_1_1   |        0|   0|  0|   14|    0|
    |sparsemux_7_4_32_1_1_U14923   |sparsemux_7_4_32_1_1   |        0|   0|  0|   14|    0|
    |sparsemux_7_4_32_1_1_U14924   |sparsemux_7_4_32_1_1   |        0|   0|  0|   14|    0|
    |sparsemux_7_4_32_1_1_U14925   |sparsemux_7_4_32_1_1   |        0|   0|  0|   14|    0|
    |sparsemux_7_4_32_1_1_U14926   |sparsemux_7_4_32_1_1   |        0|   0|  0|   14|    0|
    |sparsemux_7_4_32_1_1_U14927   |sparsemux_7_4_32_1_1   |        0|   0|  0|   14|    0|
    |sparsemux_7_4_32_1_1_U14928   |sparsemux_7_4_32_1_1   |        0|   0|  0|   14|    0|
    |sparsemux_7_4_32_1_1_U14929   |sparsemux_7_4_32_1_1   |        0|   0|  0|   14|    0|
    |sparsemux_7_4_32_1_1_U14930   |sparsemux_7_4_32_1_1   |        0|   0|  0|   14|    0|
    |sparsemux_7_4_32_1_1_U14931   |sparsemux_7_4_32_1_1   |        0|   0|  0|   14|    0|
    |sparsemux_7_4_32_1_1_U14932   |sparsemux_7_4_32_1_1   |        0|   0|  0|   14|    0|
    |sparsemux_7_4_32_1_1_U14933   |sparsemux_7_4_32_1_1   |        0|   0|  0|   14|    0|
    |sparsemux_7_4_32_1_1_U14934   |sparsemux_7_4_32_1_1   |        0|   0|  0|   14|    0|
    |sparsemux_7_4_32_1_1_U14935   |sparsemux_7_4_32_1_1   |        0|   0|  0|   14|    0|
    |sparsemux_7_4_32_1_1_U14936   |sparsemux_7_4_32_1_1   |        0|   0|  0|   14|    0|
    |sparsemux_7_4_32_1_1_U14937   |sparsemux_7_4_32_1_1   |        0|   0|  0|   14|    0|
    |sparsemux_7_4_32_1_1_U14939   |sparsemux_7_4_32_1_1   |        0|   0|  0|   14|    0|
    |sparsemux_7_4_32_1_1_U14940   |sparsemux_7_4_32_1_1   |        0|   0|  0|   14|    0|
    |sparsemux_7_4_32_1_1_U14941   |sparsemux_7_4_32_1_1   |        0|   0|  0|   14|    0|
    |sparsemux_7_4_32_1_1_U14942   |sparsemux_7_4_32_1_1   |        0|   0|  0|   14|    0|
    |sparsemux_7_4_32_1_1_U14943   |sparsemux_7_4_32_1_1   |        0|   0|  0|   14|    0|
    |sparsemux_7_4_32_1_1_U14944   |sparsemux_7_4_32_1_1   |        0|   0|  0|   14|    0|
    |sparsemux_7_4_32_1_1_U14945   |sparsemux_7_4_32_1_1   |        0|   0|  0|   14|    0|
    |sparsemux_7_4_32_1_1_U14946   |sparsemux_7_4_32_1_1   |        0|   0|  0|   14|    0|
    |sparsemux_7_4_32_1_1_U14947   |sparsemux_7_4_32_1_1   |        0|   0|  0|   14|    0|
    |sparsemux_7_4_32_1_1_U14948   |sparsemux_7_4_32_1_1   |        0|   0|  0|   14|    0|
    |sparsemux_7_4_32_1_1_U14949   |sparsemux_7_4_32_1_1   |        0|   0|  0|   14|    0|
    |sparsemux_7_4_32_1_1_U14950   |sparsemux_7_4_32_1_1   |        0|   0|  0|   14|    0|
    |sparsemux_7_4_32_1_1_U14951   |sparsemux_7_4_32_1_1   |        0|   0|  0|   14|    0|
    |sparsemux_7_4_32_1_1_U14952   |sparsemux_7_4_32_1_1   |        0|   0|  0|   14|    0|
    |sparsemux_7_4_32_1_1_U14953   |sparsemux_7_4_32_1_1   |        0|   0|  0|   14|    0|
    |sparsemux_7_4_32_1_1_U14954   |sparsemux_7_4_32_1_1   |        0|   0|  0|   14|    0|
    |sparsemux_7_4_32_1_1_U14955   |sparsemux_7_4_32_1_1   |        0|   0|  0|   14|    0|
    |sparsemux_7_4_32_1_1_U14956   |sparsemux_7_4_32_1_1   |        0|   0|  0|   14|    0|
    |sparsemux_7_4_32_1_1_U14957   |sparsemux_7_4_32_1_1   |        0|   0|  0|   14|    0|
    |sparsemux_7_4_32_1_1_U14958   |sparsemux_7_4_32_1_1   |        0|   0|  0|   14|    0|
    |sparsemux_7_4_32_1_1_U14959   |sparsemux_7_4_32_1_1   |        0|   0|  0|   14|    0|
    |sparsemux_7_4_32_1_1_U14960   |sparsemux_7_4_32_1_1   |        0|   0|  0|   14|    0|
    |sparsemux_7_4_32_1_1_U14961   |sparsemux_7_4_32_1_1   |        0|   0|  0|   14|    0|
    |sparsemux_7_4_32_1_1_U14962   |sparsemux_7_4_32_1_1   |        0|   0|  0|   14|    0|
    |sparsemux_7_4_32_1_1_U14963   |sparsemux_7_4_32_1_1   |        0|   0|  0|   14|    0|
    |sparsemux_7_4_32_1_1_U14964   |sparsemux_7_4_32_1_1   |        0|   0|  0|   14|    0|
    |sparsemux_7_4_32_1_1_U14965   |sparsemux_7_4_32_1_1   |        0|   0|  0|   14|    0|
    |sparsemux_7_4_32_1_1_U14966   |sparsemux_7_4_32_1_1   |        0|   0|  0|   14|    0|
    |sparsemux_7_4_32_1_1_U14967   |sparsemux_7_4_32_1_1   |        0|   0|  0|   14|    0|
    |sparsemux_7_4_32_1_1_U14968   |sparsemux_7_4_32_1_1   |        0|   0|  0|   14|    0|
    |sparsemux_7_4_32_1_1_U14969   |sparsemux_7_4_32_1_1   |        0|   0|  0|   14|    0|
    |sparsemux_7_4_32_1_1_U14970   |sparsemux_7_4_32_1_1   |        0|   0|  0|   14|    0|
    |sparsemux_7_4_32_1_1_U14971   |sparsemux_7_4_32_1_1   |        0|   0|  0|   14|    0|
    |sparsemux_7_4_32_1_1_U14972   |sparsemux_7_4_32_1_1   |        0|   0|  0|   14|    0|
    |sparsemux_7_4_32_1_1_U14973   |sparsemux_7_4_32_1_1   |        0|   0|  0|   14|    0|
    |sparsemux_7_4_32_1_1_U14974   |sparsemux_7_4_32_1_1   |        0|   0|  0|   14|    0|
    |sparsemux_7_4_32_1_1_U14975   |sparsemux_7_4_32_1_1   |        0|   0|  0|   14|    0|
    |sparsemux_7_4_32_1_1_U14976   |sparsemux_7_4_32_1_1   |        0|   0|  0|   14|    0|
    |sparsemux_7_4_32_1_1_U14977   |sparsemux_7_4_32_1_1   |        0|   0|  0|   14|    0|
    |sparsemux_7_4_32_1_1_U14978   |sparsemux_7_4_32_1_1   |        0|   0|  0|   14|    0|
    |sparsemux_7_4_32_1_1_U14980   |sparsemux_7_4_32_1_1   |        0|   0|  0|   14|    0|
    |sparsemux_7_4_32_1_1_U14981   |sparsemux_7_4_32_1_1   |        0|   0|  0|   14|    0|
    |sparsemux_7_4_32_1_1_U14982   |sparsemux_7_4_32_1_1   |        0|   0|  0|   14|    0|
    |sparsemux_7_4_32_1_1_U14983   |sparsemux_7_4_32_1_1   |        0|   0|  0|   14|    0|
    |sparsemux_7_4_32_1_1_U14984   |sparsemux_7_4_32_1_1   |        0|   0|  0|   14|    0|
    |sparsemux_7_4_32_1_1_U14985   |sparsemux_7_4_32_1_1   |        0|   0|  0|   14|    0|
    |sparsemux_7_4_32_1_1_U14986   |sparsemux_7_4_32_1_1   |        0|   0|  0|   14|    0|
    |sparsemux_7_4_32_1_1_U14987   |sparsemux_7_4_32_1_1   |        0|   0|  0|   14|    0|
    |sparsemux_7_4_32_1_1_U14988   |sparsemux_7_4_32_1_1   |        0|   0|  0|   14|    0|
    |sparsemux_7_4_32_1_1_U14989   |sparsemux_7_4_32_1_1   |        0|   0|  0|   14|    0|
    |sparsemux_7_4_32_1_1_U14990   |sparsemux_7_4_32_1_1   |        0|   0|  0|   14|    0|
    |sparsemux_7_4_32_1_1_U14991   |sparsemux_7_4_32_1_1   |        0|   0|  0|   14|    0|
    |sparsemux_7_4_32_1_1_U14992   |sparsemux_7_4_32_1_1   |        0|   0|  0|   14|    0|
    |sparsemux_7_4_32_1_1_U14993   |sparsemux_7_4_32_1_1   |        0|   0|  0|   14|    0|
    |sparsemux_7_4_32_1_1_U14994   |sparsemux_7_4_32_1_1   |        0|   0|  0|   14|    0|
    |sparsemux_7_4_32_1_1_U14995   |sparsemux_7_4_32_1_1   |        0|   0|  0|   14|    0|
    |sparsemux_7_4_32_1_1_U14996   |sparsemux_7_4_32_1_1   |        0|   0|  0|   14|    0|
    |sparsemux_7_4_32_1_1_U14997   |sparsemux_7_4_32_1_1   |        0|   0|  0|   14|    0|
    |sparsemux_7_4_32_1_1_U14998   |sparsemux_7_4_32_1_1   |        0|   0|  0|   14|    0|
    |sparsemux_7_4_32_1_1_U14999   |sparsemux_7_4_32_1_1   |        0|   0|  0|   14|    0|
    |sparsemux_7_4_32_1_1_U15000   |sparsemux_7_4_32_1_1   |        0|   0|  0|   14|    0|
    |sparsemux_7_4_32_1_1_U15001   |sparsemux_7_4_32_1_1   |        0|   0|  0|   14|    0|
    |sparsemux_7_4_32_1_1_U15002   |sparsemux_7_4_32_1_1   |        0|   0|  0|   14|    0|
    |sparsemux_7_4_32_1_1_U15003   |sparsemux_7_4_32_1_1   |        0|   0|  0|   14|    0|
    |sparsemux_7_4_32_1_1_U15004   |sparsemux_7_4_32_1_1   |        0|   0|  0|   14|    0|
    |sparsemux_7_4_32_1_1_U15005   |sparsemux_7_4_32_1_1   |        0|   0|  0|   14|    0|
    |sparsemux_7_4_32_1_1_U15006   |sparsemux_7_4_32_1_1   |        0|   0|  0|   14|    0|
    |sparsemux_7_4_32_1_1_U15007   |sparsemux_7_4_32_1_1   |        0|   0|  0|   14|    0|
    |sparsemux_7_4_32_1_1_U15008   |sparsemux_7_4_32_1_1   |        0|   0|  0|   14|    0|
    |sparsemux_7_4_32_1_1_U15009   |sparsemux_7_4_32_1_1   |        0|   0|  0|   14|    0|
    |sparsemux_7_4_32_1_1_U15010   |sparsemux_7_4_32_1_1   |        0|   0|  0|   14|    0|
    |sparsemux_7_4_32_1_1_U15011   |sparsemux_7_4_32_1_1   |        0|   0|  0|   14|    0|
    |sparsemux_7_4_32_1_1_U15012   |sparsemux_7_4_32_1_1   |        0|   0|  0|   14|    0|
    |sparsemux_7_4_32_1_1_U15013   |sparsemux_7_4_32_1_1   |        0|   0|  0|   14|    0|
    |sparsemux_7_4_32_1_1_U15014   |sparsemux_7_4_32_1_1   |        0|   0|  0|   14|    0|
    |sparsemux_7_4_32_1_1_U15015   |sparsemux_7_4_32_1_1   |        0|   0|  0|   14|    0|
    |sparsemux_7_4_32_1_1_U15016   |sparsemux_7_4_32_1_1   |        0|   0|  0|   14|    0|
    |sparsemux_7_4_32_1_1_U15017   |sparsemux_7_4_32_1_1   |        0|   0|  0|   14|    0|
    |sparsemux_7_4_32_1_1_U15018   |sparsemux_7_4_32_1_1   |        0|   0|  0|   14|    0|
    |sparsemux_7_4_32_1_1_U15019   |sparsemux_7_4_32_1_1   |        0|   0|  0|   14|    0|
    |sparsemux_81_6_32_1_1_U14897  |sparsemux_81_6_32_1_1  |        0|   0|  0|  177|    0|
    |sparsemux_81_6_32_1_1_U14938  |sparsemux_81_6_32_1_1  |        0|   0|  0|  177|    0|
    |sparsemux_81_6_32_1_1_U14979  |sparsemux_81_6_32_1_1  |        0|   0|  0|  177|    0|
    |sparsemux_81_6_32_1_1_U15020  |sparsemux_81_6_32_1_1  |        0|   0|  0|  177|    0|
    +------------------------------+-----------------------+---------+----+---+-----+-----+
    |Total                         |                       |        0|   0|  0| 2948|    0|
    +------------------------------+-----------------------+---------+----+---+-----+-----+

    * DSP: 
    N/A

    * Memory: 
    N/A

    * FIFO: 
    N/A

    * Expression: 
    +---------------------------+----------+----+---+----+------------+------------+
    |       Variable Name       | Operation| DSP| FF| LUT| Bitwidth P0| Bitwidth P1|
    +---------------------------+----------+----+---+----+------------+------------+
    |add_ln743_2_fu_4013_p2     |         +|   0|  0|  14|           7|           1|
    |add_ln743_fu_4025_p2       |         +|   0|  0|  13|           6|           1|
    |add_ln744_fu_7925_p2       |         +|   0|  0|  12|           4|           3|
    |ap_block_pp0_stage0_01001  |       and|   0|  0|   2|           1|           1|
    |icmp_ln743_fu_4007_p2      |      icmp|   0|  0|  14|           7|           5|
    |icmp_ln744_fu_4031_p2      |      icmp|   0|  0|  12|           4|           4|
    |select_ln743_2_fu_4045_p3  |    select|   0|  0|   6|           1|           6|
    |select_ln743_fu_4037_p3    |    select|   0|  0|   4|           1|           1|
    |ap_enable_pp0              |       xor|   0|  0|   2|           1|           2|
    +---------------------------+----------+----+---+----+------------+------------+
    |Total                      |          |   0|  0|  79|          32|          24|
    +---------------------------+----------+----+---+----+------------+------------+

    * Multiplexer: 
    +--------------------------------------+----+-----------+-----+-----------+
    |                 Name                 | LUT| Input Size| Bits| Total Bits|
    +--------------------------------------+----+-----------+-----+-----------+
    |ap_done_int                           |   9|          2|    1|          2|
    |ap_enable_reg_pp0_iter1               |   9|          2|    1|          2|
    |ap_sig_allocacmp_d0_load              |   9|          2|    6|         12|
    |ap_sig_allocacmp_d1_load              |   9|          2|    4|          8|
    |ap_sig_allocacmp_indvar_flatten_load  |   9|          2|    7|         14|
    |d0_fu_1094                            |   9|          2|    6|         12|
    |d1_fu_1090                            |   9|          2|    4|          8|
    |fifo_C_to_off_chip_blk_n              |   9|          2|    1|          2|
    |indvar_flatten_fu_1098                |   9|          2|    7|         14|
    +--------------------------------------+----+-----------+-----+-----------+
    |Total                                 |  81|         18|   37|         74|
    +--------------------------------------+----+-----------+-----+-----------+

    * Register: 
    +-------------------------+----+----+-----+-----------+
    |           Name          | FF | LUT| Bits| Const Bits|
    +-------------------------+----+----+-----+-----------+
    |ap_CS_fsm                |   1|   0|    1|          0|
    |ap_done_reg              |   1|   0|    1|          0|
    |ap_enable_reg_pp0_iter1  |   1|   0|    1|          0|
    |d0_fu_1094               |   6|   0|    6|          0|
    |d1_fu_1090               |   4|   0|    4|          0|
    |indvar_flatten_fu_1098   |   7|   0|    7|          0|
    |tmp_121_reg_8005         |  32|   0|   32|          0|
    |tmp_162_reg_8010         |  32|   0|   32|          0|
    |tmp_39_reg_7995          |  32|   0|   32|          0|
    |tmp_80_reg_8000          |  32|   0|   32|          0|
    +-------------------------+----+----+-----+-----------+
    |Total                    | 148|   0|  148|          0|
    +-------------------------+----+----+-----+-----------+



================================================================
== Interface
================================================================
* Summary: 
+-----------------------------------+-----+-----+------------+--------------------+--------------+
|             RTL Ports             | Dir | Bits|  Protocol  |    Source Object   |    C Type    |
+-----------------------------------+-----+-----+------------+--------------------+--------------+
|ap_clk                             |   in|    1|  ap_ctrl_hs|         write_C_FT0|  return value|
|ap_rst                             |   in|    1|  ap_ctrl_hs|         write_C_FT0|  return value|
|ap_start                           |   in|    1|  ap_ctrl_hs|         write_C_FT0|  return value|
|ap_done                            |  out|    1|  ap_ctrl_hs|         write_C_FT0|  return value|
|ap_idle                            |  out|    1|  ap_ctrl_hs|         write_C_FT0|  return value|
|ap_ready                           |  out|    1|  ap_ctrl_hs|         write_C_FT0|  return value|
|fifo_C_to_off_chip_din             |  out|  128|     ap_fifo|  fifo_C_to_off_chip|       pointer|
|fifo_C_to_off_chip_num_data_valid  |   in|   11|     ap_fifo|  fifo_C_to_off_chip|       pointer|
|fifo_C_to_off_chip_fifo_cap        |   in|   11|     ap_fifo|  fifo_C_to_off_chip|       pointer|
|fifo_C_to_off_chip_full_n          |   in|    1|     ap_fifo|  fifo_C_to_off_chip|       pointer|
|fifo_C_to_off_chip_write           |  out|    1|     ap_fifo|  fifo_C_to_off_chip|       pointer|
|C_0_0_val                          |   in|   32|     ap_none|           C_0_0_val|        scalar|
|C_0_1_val                          |   in|   32|     ap_none|           C_0_1_val|        scalar|
|C_0_2_val                          |   in|   32|     ap_none|           C_0_2_val|        scalar|
|C_0_3_val                          |   in|   32|     ap_none|           C_0_3_val|        scalar|
|C_0_4_val                          |   in|   32|     ap_none|           C_0_4_val|        scalar|
|C_0_5_val                          |   in|   32|     ap_none|           C_0_5_val|        scalar|
|C_0_6_val                          |   in|   32|     ap_none|           C_0_6_val|        scalar|
|C_0_7_val                          |   in|   32|     ap_none|           C_0_7_val|        scalar|
|C_0_8_val                          |   in|   32|     ap_none|           C_0_8_val|        scalar|
|C_0_9_val                          |   in|   32|     ap_none|           C_0_9_val|        scalar|
|C_0_10_val                         |   in|   32|     ap_none|          C_0_10_val|        scalar|
|C_0_11_val                         |   in|   32|     ap_none|          C_0_11_val|        scalar|
|C_1_0_val                          |   in|   32|     ap_none|           C_1_0_val|        scalar|
|C_1_1_val                          |   in|   32|     ap_none|           C_1_1_val|        scalar|
|C_1_2_val                          |   in|   32|     ap_none|           C_1_2_val|        scalar|
|C_1_3_val                          |   in|   32|     ap_none|           C_1_3_val|        scalar|
|C_1_4_val                          |   in|   32|     ap_none|           C_1_4_val|        scalar|
|C_1_5_val                          |   in|   32|     ap_none|           C_1_5_val|        scalar|
|C_1_6_val                          |   in|   32|     ap_none|           C_1_6_val|        scalar|
|C_1_7_val                          |   in|   32|     ap_none|           C_1_7_val|        scalar|
|C_1_8_val                          |   in|   32|     ap_none|           C_1_8_val|        scalar|
|C_1_9_val                          |   in|   32|     ap_none|           C_1_9_val|        scalar|
|C_1_10_val                         |   in|   32|     ap_none|          C_1_10_val|        scalar|
|C_1_11_val                         |   in|   32|     ap_none|          C_1_11_val|        scalar|
|C_2_0_val                          |   in|   32|     ap_none|           C_2_0_val|        scalar|
|C_2_1_val                          |   in|   32|     ap_none|           C_2_1_val|        scalar|
|C_2_2_val                          |   in|   32|     ap_none|           C_2_2_val|        scalar|
|C_2_3_val                          |   in|   32|     ap_none|           C_2_3_val|        scalar|
|C_2_4_val                          |   in|   32|     ap_none|           C_2_4_val|        scalar|
|C_2_5_val                          |   in|   32|     ap_none|           C_2_5_val|        scalar|
|C_2_6_val                          |   in|   32|     ap_none|           C_2_6_val|        scalar|
|C_2_7_val                          |   in|   32|     ap_none|           C_2_7_val|        scalar|
|C_2_8_val                          |   in|   32|     ap_none|           C_2_8_val|        scalar|
|C_2_9_val                          |   in|   32|     ap_none|           C_2_9_val|        scalar|
|C_2_10_val                         |   in|   32|     ap_none|          C_2_10_val|        scalar|
|C_2_11_val                         |   in|   32|     ap_none|          C_2_11_val|        scalar|
|C_3_0_val                          |   in|   32|     ap_none|           C_3_0_val|        scalar|
|C_3_1_val                          |   in|   32|     ap_none|           C_3_1_val|        scalar|
|C_3_2_val                          |   in|   32|     ap_none|           C_3_2_val|        scalar|
|C_3_3_val                          |   in|   32|     ap_none|           C_3_3_val|        scalar|
|C_3_4_val                          |   in|   32|     ap_none|           C_3_4_val|        scalar|
|C_3_5_val                          |   in|   32|     ap_none|           C_3_5_val|        scalar|
|C_3_6_val                          |   in|   32|     ap_none|           C_3_6_val|        scalar|
|C_3_7_val                          |   in|   32|     ap_none|           C_3_7_val|        scalar|
|C_3_8_val                          |   in|   32|     ap_none|           C_3_8_val|        scalar|
|C_3_9_val                          |   in|   32|     ap_none|           C_3_9_val|        scalar|
|C_3_10_val                         |   in|   32|     ap_none|          C_3_10_val|        scalar|
|C_3_11_val                         |   in|   32|     ap_none|          C_3_11_val|        scalar|
|C_4_0_val                          |   in|   32|     ap_none|           C_4_0_val|        scalar|
|C_4_1_val                          |   in|   32|     ap_none|           C_4_1_val|        scalar|
|C_4_2_val                          |   in|   32|     ap_none|           C_4_2_val|        scalar|
|C_4_3_val                          |   in|   32|     ap_none|           C_4_3_val|        scalar|
|C_4_4_val                          |   in|   32|     ap_none|           C_4_4_val|        scalar|
|C_4_5_val                          |   in|   32|     ap_none|           C_4_5_val|        scalar|
|C_4_6_val                          |   in|   32|     ap_none|           C_4_6_val|        scalar|
|C_4_7_val                          |   in|   32|     ap_none|           C_4_7_val|        scalar|
|C_4_8_val                          |   in|   32|     ap_none|           C_4_8_val|        scalar|
|C_4_9_val                          |   in|   32|     ap_none|           C_4_9_val|        scalar|
|C_4_10_val                         |   in|   32|     ap_none|          C_4_10_val|        scalar|
|C_4_11_val                         |   in|   32|     ap_none|          C_4_11_val|        scalar|
|C_5_0_val                          |   in|   32|     ap_none|           C_5_0_val|        scalar|
|C_5_1_val                          |   in|   32|     ap_none|           C_5_1_val|        scalar|
|C_5_2_val                          |   in|   32|     ap_none|           C_5_2_val|        scalar|
|C_5_3_val                          |   in|   32|     ap_none|           C_5_3_val|        scalar|
|C_5_4_val                          |   in|   32|     ap_none|           C_5_4_val|        scalar|
|C_5_5_val                          |   in|   32|     ap_none|           C_5_5_val|        scalar|
|C_5_6_val                          |   in|   32|     ap_none|           C_5_6_val|        scalar|
|C_5_7_val                          |   in|   32|     ap_none|           C_5_7_val|        scalar|
|C_5_8_val                          |   in|   32|     ap_none|           C_5_8_val|        scalar|
|C_5_9_val                          |   in|   32|     ap_none|           C_5_9_val|        scalar|
|C_5_10_val                         |   in|   32|     ap_none|          C_5_10_val|        scalar|
|C_5_11_val                         |   in|   32|     ap_none|          C_5_11_val|        scalar|
|C_6_0_val                          |   in|   32|     ap_none|           C_6_0_val|        scalar|
|C_6_1_val                          |   in|   32|     ap_none|           C_6_1_val|        scalar|
|C_6_2_val                          |   in|   32|     ap_none|           C_6_2_val|        scalar|
|C_6_3_val                          |   in|   32|     ap_none|           C_6_3_val|        scalar|
|C_6_4_val                          |   in|   32|     ap_none|           C_6_4_val|        scalar|
|C_6_5_val                          |   in|   32|     ap_none|           C_6_5_val|        scalar|
|C_6_6_val                          |   in|   32|     ap_none|           C_6_6_val|        scalar|
|C_6_7_val                          |   in|   32|     ap_none|           C_6_7_val|        scalar|
|C_6_8_val                          |   in|   32|     ap_none|           C_6_8_val|        scalar|
|C_6_9_val                          |   in|   32|     ap_none|           C_6_9_val|        scalar|
|C_6_10_val                         |   in|   32|     ap_none|          C_6_10_val|        scalar|
|C_6_11_val                         |   in|   32|     ap_none|          C_6_11_val|        scalar|
|C_7_0_val                          |   in|   32|     ap_none|           C_7_0_val|        scalar|
|C_7_1_val                          |   in|   32|     ap_none|           C_7_1_val|        scalar|
|C_7_2_val                          |   in|   32|     ap_none|           C_7_2_val|        scalar|
|C_7_3_val                          |   in|   32|     ap_none|           C_7_3_val|        scalar|
|C_7_4_val                          |   in|   32|     ap_none|           C_7_4_val|        scalar|
|C_7_5_val                          |   in|   32|     ap_none|           C_7_5_val|        scalar|
|C_7_6_val                          |   in|   32|     ap_none|           C_7_6_val|        scalar|
|C_7_7_val                          |   in|   32|     ap_none|           C_7_7_val|        scalar|
|C_7_8_val                          |   in|   32|     ap_none|           C_7_8_val|        scalar|
|C_7_9_val                          |   in|   32|     ap_none|           C_7_9_val|        scalar|
|C_7_10_val                         |   in|   32|     ap_none|          C_7_10_val|        scalar|
|C_7_11_val                         |   in|   32|     ap_none|          C_7_11_val|        scalar|
|C_8_0_val                          |   in|   32|     ap_none|           C_8_0_val|        scalar|
|C_8_1_val                          |   in|   32|     ap_none|           C_8_1_val|        scalar|
|C_8_2_val                          |   in|   32|     ap_none|           C_8_2_val|        scalar|
|C_8_3_val                          |   in|   32|     ap_none|           C_8_3_val|        scalar|
|C_8_4_val                          |   in|   32|     ap_none|           C_8_4_val|        scalar|
|C_8_5_val                          |   in|   32|     ap_none|           C_8_5_val|        scalar|
|C_8_6_val                          |   in|   32|     ap_none|           C_8_6_val|        scalar|
|C_8_7_val                          |   in|   32|     ap_none|           C_8_7_val|        scalar|
|C_8_8_val                          |   in|   32|     ap_none|           C_8_8_val|        scalar|
|C_8_9_val                          |   in|   32|     ap_none|           C_8_9_val|        scalar|
|C_8_10_val                         |   in|   32|     ap_none|          C_8_10_val|        scalar|
|C_8_11_val                         |   in|   32|     ap_none|          C_8_11_val|        scalar|
|C_9_0_val                          |   in|   32|     ap_none|           C_9_0_val|        scalar|
|C_9_1_val                          |   in|   32|     ap_none|           C_9_1_val|        scalar|
|C_9_2_val                          |   in|   32|     ap_none|           C_9_2_val|        scalar|
|C_9_3_val                          |   in|   32|     ap_none|           C_9_3_val|        scalar|
|C_9_4_val                          |   in|   32|     ap_none|           C_9_4_val|        scalar|
|C_9_5_val                          |   in|   32|     ap_none|           C_9_5_val|        scalar|
|C_9_6_val                          |   in|   32|     ap_none|           C_9_6_val|        scalar|
|C_9_7_val                          |   in|   32|     ap_none|           C_9_7_val|        scalar|
|C_9_8_val                          |   in|   32|     ap_none|           C_9_8_val|        scalar|
|C_9_9_val                          |   in|   32|     ap_none|           C_9_9_val|        scalar|
|C_9_10_val                         |   in|   32|     ap_none|          C_9_10_val|        scalar|
|C_9_11_val                         |   in|   32|     ap_none|          C_9_11_val|        scalar|
|C_10_0_val                         |   in|   32|     ap_none|          C_10_0_val|        scalar|
|C_10_1_val                         |   in|   32|     ap_none|          C_10_1_val|        scalar|
|C_10_2_val                         |   in|   32|     ap_none|          C_10_2_val|        scalar|
|C_10_3_val                         |   in|   32|     ap_none|          C_10_3_val|        scalar|
|C_10_4_val                         |   in|   32|     ap_none|          C_10_4_val|        scalar|
|C_10_5_val                         |   in|   32|     ap_none|          C_10_5_val|        scalar|
|C_10_6_val                         |   in|   32|     ap_none|          C_10_6_val|        scalar|
|C_10_7_val                         |   in|   32|     ap_none|          C_10_7_val|        scalar|
|C_10_8_val                         |   in|   32|     ap_none|          C_10_8_val|        scalar|
|C_10_9_val                         |   in|   32|     ap_none|          C_10_9_val|        scalar|
|C_10_10_val                        |   in|   32|     ap_none|         C_10_10_val|        scalar|
|C_10_11_val                        |   in|   32|     ap_none|         C_10_11_val|        scalar|
|C_11_0_val                         |   in|   32|     ap_none|          C_11_0_val|        scalar|
|C_11_1_val                         |   in|   32|     ap_none|          C_11_1_val|        scalar|
|C_11_2_val                         |   in|   32|     ap_none|          C_11_2_val|        scalar|
|C_11_3_val                         |   in|   32|     ap_none|          C_11_3_val|        scalar|
|C_11_4_val                         |   in|   32|     ap_none|          C_11_4_val|        scalar|
|C_11_5_val                         |   in|   32|     ap_none|          C_11_5_val|        scalar|
|C_11_6_val                         |   in|   32|     ap_none|          C_11_6_val|        scalar|
|C_11_7_val                         |   in|   32|     ap_none|          C_11_7_val|        scalar|
|C_11_8_val                         |   in|   32|     ap_none|          C_11_8_val|        scalar|
|C_11_9_val                         |   in|   32|     ap_none|          C_11_9_val|        scalar|
|C_11_10_val                        |   in|   32|     ap_none|         C_11_10_val|        scalar|
|C_11_11_val                        |   in|   32|     ap_none|         C_11_11_val|        scalar|
|C_12_0_val                         |   in|   32|     ap_none|          C_12_0_val|        scalar|
|C_12_1_val                         |   in|   32|     ap_none|          C_12_1_val|        scalar|
|C_12_2_val                         |   in|   32|     ap_none|          C_12_2_val|        scalar|
|C_12_3_val                         |   in|   32|     ap_none|          C_12_3_val|        scalar|
|C_12_4_val                         |   in|   32|     ap_none|          C_12_4_val|        scalar|
|C_12_5_val                         |   in|   32|     ap_none|          C_12_5_val|        scalar|
|C_12_6_val                         |   in|   32|     ap_none|          C_12_6_val|        scalar|
|C_12_7_val                         |   in|   32|     ap_none|          C_12_7_val|        scalar|
|C_12_8_val                         |   in|   32|     ap_none|          C_12_8_val|        scalar|
|C_12_9_val                         |   in|   32|     ap_none|          C_12_9_val|        scalar|
|C_12_10_val                        |   in|   32|     ap_none|         C_12_10_val|        scalar|
|C_12_11_val                        |   in|   32|     ap_none|         C_12_11_val|        scalar|
|C_13_0_val                         |   in|   32|     ap_none|          C_13_0_val|        scalar|
|C_13_1_val                         |   in|   32|     ap_none|          C_13_1_val|        scalar|
|C_13_2_val                         |   in|   32|     ap_none|          C_13_2_val|        scalar|
|C_13_3_val                         |   in|   32|     ap_none|          C_13_3_val|        scalar|
|C_13_4_val                         |   in|   32|     ap_none|          C_13_4_val|        scalar|
|C_13_5_val                         |   in|   32|     ap_none|          C_13_5_val|        scalar|
|C_13_6_val                         |   in|   32|     ap_none|          C_13_6_val|        scalar|
|C_13_7_val                         |   in|   32|     ap_none|          C_13_7_val|        scalar|
|C_13_8_val                         |   in|   32|     ap_none|          C_13_8_val|        scalar|
|C_13_9_val                         |   in|   32|     ap_none|          C_13_9_val|        scalar|
|C_13_10_val                        |   in|   32|     ap_none|         C_13_10_val|        scalar|
|C_13_11_val                        |   in|   32|     ap_none|         C_13_11_val|        scalar|
|C_14_0_val                         |   in|   32|     ap_none|          C_14_0_val|        scalar|
|C_14_1_val                         |   in|   32|     ap_none|          C_14_1_val|        scalar|
|C_14_2_val                         |   in|   32|     ap_none|          C_14_2_val|        scalar|
|C_14_3_val                         |   in|   32|     ap_none|          C_14_3_val|        scalar|
|C_14_4_val                         |   in|   32|     ap_none|          C_14_4_val|        scalar|
|C_14_5_val                         |   in|   32|     ap_none|          C_14_5_val|        scalar|
|C_14_6_val                         |   in|   32|     ap_none|          C_14_6_val|        scalar|
|C_14_7_val                         |   in|   32|     ap_none|          C_14_7_val|        scalar|
|C_14_8_val                         |   in|   32|     ap_none|          C_14_8_val|        scalar|
|C_14_9_val                         |   in|   32|     ap_none|          C_14_9_val|        scalar|
|C_14_10_val                        |   in|   32|     ap_none|         C_14_10_val|        scalar|
|C_14_11_val                        |   in|   32|     ap_none|         C_14_11_val|        scalar|
|C_15_0_val                         |   in|   32|     ap_none|          C_15_0_val|        scalar|
|C_15_1_val                         |   in|   32|     ap_none|          C_15_1_val|        scalar|
|C_15_2_val                         |   in|   32|     ap_none|          C_15_2_val|        scalar|
|C_15_3_val                         |   in|   32|     ap_none|          C_15_3_val|        scalar|
|C_15_4_val                         |   in|   32|     ap_none|          C_15_4_val|        scalar|
|C_15_5_val                         |   in|   32|     ap_none|          C_15_5_val|        scalar|
|C_15_6_val                         |   in|   32|     ap_none|          C_15_6_val|        scalar|
|C_15_7_val                         |   in|   32|     ap_none|          C_15_7_val|        scalar|
|C_15_8_val                         |   in|   32|     ap_none|          C_15_8_val|        scalar|
|C_15_9_val                         |   in|   32|     ap_none|          C_15_9_val|        scalar|
|C_15_10_val                        |   in|   32|     ap_none|         C_15_10_val|        scalar|
|C_15_11_val                        |   in|   32|     ap_none|         C_15_11_val|        scalar|
|C_16_0_val                         |   in|   32|     ap_none|          C_16_0_val|        scalar|
|C_16_1_val                         |   in|   32|     ap_none|          C_16_1_val|        scalar|
|C_16_2_val                         |   in|   32|     ap_none|          C_16_2_val|        scalar|
|C_16_3_val                         |   in|   32|     ap_none|          C_16_3_val|        scalar|
|C_16_4_val                         |   in|   32|     ap_none|          C_16_4_val|        scalar|
|C_16_5_val                         |   in|   32|     ap_none|          C_16_5_val|        scalar|
|C_16_6_val                         |   in|   32|     ap_none|          C_16_6_val|        scalar|
|C_16_7_val                         |   in|   32|     ap_none|          C_16_7_val|        scalar|
|C_16_8_val                         |   in|   32|     ap_none|          C_16_8_val|        scalar|
|C_16_9_val                         |   in|   32|     ap_none|          C_16_9_val|        scalar|
|C_16_10_val                        |   in|   32|     ap_none|         C_16_10_val|        scalar|
|C_16_11_val                        |   in|   32|     ap_none|         C_16_11_val|        scalar|
|C_17_0_val                         |   in|   32|     ap_none|          C_17_0_val|        scalar|
|C_17_1_val                         |   in|   32|     ap_none|          C_17_1_val|        scalar|
|C_17_2_val                         |   in|   32|     ap_none|          C_17_2_val|        scalar|
|C_17_3_val                         |   in|   32|     ap_none|          C_17_3_val|        scalar|
|C_17_4_val                         |   in|   32|     ap_none|          C_17_4_val|        scalar|
|C_17_5_val                         |   in|   32|     ap_none|          C_17_5_val|        scalar|
|C_17_6_val                         |   in|   32|     ap_none|          C_17_6_val|        scalar|
|C_17_7_val                         |   in|   32|     ap_none|          C_17_7_val|        scalar|
|C_17_8_val                         |   in|   32|     ap_none|          C_17_8_val|        scalar|
|C_17_9_val                         |   in|   32|     ap_none|          C_17_9_val|        scalar|
|C_17_10_val                        |   in|   32|     ap_none|         C_17_10_val|        scalar|
|C_17_11_val                        |   in|   32|     ap_none|         C_17_11_val|        scalar|
|C_18_0_val                         |   in|   32|     ap_none|          C_18_0_val|        scalar|
|C_18_1_val                         |   in|   32|     ap_none|          C_18_1_val|        scalar|
|C_18_2_val                         |   in|   32|     ap_none|          C_18_2_val|        scalar|
|C_18_3_val                         |   in|   32|     ap_none|          C_18_3_val|        scalar|
|C_18_4_val                         |   in|   32|     ap_none|          C_18_4_val|        scalar|
|C_18_5_val                         |   in|   32|     ap_none|          C_18_5_val|        scalar|
|C_18_6_val                         |   in|   32|     ap_none|          C_18_6_val|        scalar|
|C_18_7_val                         |   in|   32|     ap_none|          C_18_7_val|        scalar|
|C_18_8_val                         |   in|   32|     ap_none|          C_18_8_val|        scalar|
|C_18_9_val                         |   in|   32|     ap_none|          C_18_9_val|        scalar|
|C_18_10_val                        |   in|   32|     ap_none|         C_18_10_val|        scalar|
|C_18_11_val                        |   in|   32|     ap_none|         C_18_11_val|        scalar|
|C_19_0_val                         |   in|   32|     ap_none|          C_19_0_val|        scalar|
|C_19_1_val                         |   in|   32|     ap_none|          C_19_1_val|        scalar|
|C_19_2_val                         |   in|   32|     ap_none|          C_19_2_val|        scalar|
|C_19_3_val                         |   in|   32|     ap_none|          C_19_3_val|        scalar|
|C_19_4_val                         |   in|   32|     ap_none|          C_19_4_val|        scalar|
|C_19_5_val                         |   in|   32|     ap_none|          C_19_5_val|        scalar|
|C_19_6_val                         |   in|   32|     ap_none|          C_19_6_val|        scalar|
|C_19_7_val                         |   in|   32|     ap_none|          C_19_7_val|        scalar|
|C_19_8_val                         |   in|   32|     ap_none|          C_19_8_val|        scalar|
|C_19_9_val                         |   in|   32|     ap_none|          C_19_9_val|        scalar|
|C_19_10_val                        |   in|   32|     ap_none|         C_19_10_val|        scalar|
|C_19_11_val                        |   in|   32|     ap_none|         C_19_11_val|        scalar|
|C_20_0_val                         |   in|   32|     ap_none|          C_20_0_val|        scalar|
|C_20_1_val                         |   in|   32|     ap_none|          C_20_1_val|        scalar|
|C_20_2_val                         |   in|   32|     ap_none|          C_20_2_val|        scalar|
|C_20_3_val                         |   in|   32|     ap_none|          C_20_3_val|        scalar|
|C_20_4_val                         |   in|   32|     ap_none|          C_20_4_val|        scalar|
|C_20_5_val                         |   in|   32|     ap_none|          C_20_5_val|        scalar|
|C_20_6_val                         |   in|   32|     ap_none|          C_20_6_val|        scalar|
|C_20_7_val                         |   in|   32|     ap_none|          C_20_7_val|        scalar|
|C_20_8_val                         |   in|   32|     ap_none|          C_20_8_val|        scalar|
|C_20_9_val                         |   in|   32|     ap_none|          C_20_9_val|        scalar|
|C_20_10_val                        |   in|   32|     ap_none|         C_20_10_val|        scalar|
|C_20_11_val                        |   in|   32|     ap_none|         C_20_11_val|        scalar|
|C_21_0_val                         |   in|   32|     ap_none|          C_21_0_val|        scalar|
|C_21_1_val                         |   in|   32|     ap_none|          C_21_1_val|        scalar|
|C_21_2_val                         |   in|   32|     ap_none|          C_21_2_val|        scalar|
|C_21_3_val                         |   in|   32|     ap_none|          C_21_3_val|        scalar|
|C_21_4_val                         |   in|   32|     ap_none|          C_21_4_val|        scalar|
|C_21_5_val                         |   in|   32|     ap_none|          C_21_5_val|        scalar|
|C_21_6_val                         |   in|   32|     ap_none|          C_21_6_val|        scalar|
|C_21_7_val                         |   in|   32|     ap_none|          C_21_7_val|        scalar|
|C_21_8_val                         |   in|   32|     ap_none|          C_21_8_val|        scalar|
|C_21_9_val                         |   in|   32|     ap_none|          C_21_9_val|        scalar|
|C_21_10_val                        |   in|   32|     ap_none|         C_21_10_val|        scalar|
|C_21_11_val                        |   in|   32|     ap_none|         C_21_11_val|        scalar|
|C_22_0_val                         |   in|   32|     ap_none|          C_22_0_val|        scalar|
|C_22_1_val                         |   in|   32|     ap_none|          C_22_1_val|        scalar|
|C_22_2_val                         |   in|   32|     ap_none|          C_22_2_val|        scalar|
|C_22_3_val                         |   in|   32|     ap_none|          C_22_3_val|        scalar|
|C_22_4_val                         |   in|   32|     ap_none|          C_22_4_val|        scalar|
|C_22_5_val                         |   in|   32|     ap_none|          C_22_5_val|        scalar|
|C_22_6_val                         |   in|   32|     ap_none|          C_22_6_val|        scalar|
|C_22_7_val                         |   in|   32|     ap_none|          C_22_7_val|        scalar|
|C_22_8_val                         |   in|   32|     ap_none|          C_22_8_val|        scalar|
|C_22_9_val                         |   in|   32|     ap_none|          C_22_9_val|        scalar|
|C_22_10_val                        |   in|   32|     ap_none|         C_22_10_val|        scalar|
|C_22_11_val                        |   in|   32|     ap_none|         C_22_11_val|        scalar|
|C_23_0_val                         |   in|   32|     ap_none|          C_23_0_val|        scalar|
|C_23_1_val                         |   in|   32|     ap_none|          C_23_1_val|        scalar|
|C_23_2_val                         |   in|   32|     ap_none|          C_23_2_val|        scalar|
|C_23_3_val                         |   in|   32|     ap_none|          C_23_3_val|        scalar|
|C_23_4_val                         |   in|   32|     ap_none|          C_23_4_val|        scalar|
|C_23_5_val                         |   in|   32|     ap_none|          C_23_5_val|        scalar|
|C_23_6_val                         |   in|   32|     ap_none|          C_23_6_val|        scalar|
|C_23_7_val                         |   in|   32|     ap_none|          C_23_7_val|        scalar|
|C_23_8_val                         |   in|   32|     ap_none|          C_23_8_val|        scalar|
|C_23_9_val                         |   in|   32|     ap_none|          C_23_9_val|        scalar|
|C_23_10_val                        |   in|   32|     ap_none|         C_23_10_val|        scalar|
|C_23_11_val                        |   in|   32|     ap_none|         C_23_11_val|        scalar|
|C_24_0_val                         |   in|   32|     ap_none|          C_24_0_val|        scalar|
|C_24_1_val                         |   in|   32|     ap_none|          C_24_1_val|        scalar|
|C_24_2_val                         |   in|   32|     ap_none|          C_24_2_val|        scalar|
|C_24_3_val                         |   in|   32|     ap_none|          C_24_3_val|        scalar|
|C_24_4_val                         |   in|   32|     ap_none|          C_24_4_val|        scalar|
|C_24_5_val                         |   in|   32|     ap_none|          C_24_5_val|        scalar|
|C_24_6_val                         |   in|   32|     ap_none|          C_24_6_val|        scalar|
|C_24_7_val                         |   in|   32|     ap_none|          C_24_7_val|        scalar|
|C_24_8_val                         |   in|   32|     ap_none|          C_24_8_val|        scalar|
|C_24_9_val                         |   in|   32|     ap_none|          C_24_9_val|        scalar|
|C_24_10_val                        |   in|   32|     ap_none|         C_24_10_val|        scalar|
|C_24_11_val                        |   in|   32|     ap_none|         C_24_11_val|        scalar|
|C_25_0_val                         |   in|   32|     ap_none|          C_25_0_val|        scalar|
|C_25_1_val                         |   in|   32|     ap_none|          C_25_1_val|        scalar|
|C_25_2_val                         |   in|   32|     ap_none|          C_25_2_val|        scalar|
|C_25_3_val                         |   in|   32|     ap_none|          C_25_3_val|        scalar|
|C_25_4_val                         |   in|   32|     ap_none|          C_25_4_val|        scalar|
|C_25_5_val                         |   in|   32|     ap_none|          C_25_5_val|        scalar|
|C_25_6_val                         |   in|   32|     ap_none|          C_25_6_val|        scalar|
|C_25_7_val                         |   in|   32|     ap_none|          C_25_7_val|        scalar|
|C_25_8_val                         |   in|   32|     ap_none|          C_25_8_val|        scalar|
|C_25_9_val                         |   in|   32|     ap_none|          C_25_9_val|        scalar|
|C_25_10_val                        |   in|   32|     ap_none|         C_25_10_val|        scalar|
|C_25_11_val                        |   in|   32|     ap_none|         C_25_11_val|        scalar|
|C_26_0_val                         |   in|   32|     ap_none|          C_26_0_val|        scalar|
|C_26_1_val                         |   in|   32|     ap_none|          C_26_1_val|        scalar|
|C_26_2_val                         |   in|   32|     ap_none|          C_26_2_val|        scalar|
|C_26_3_val                         |   in|   32|     ap_none|          C_26_3_val|        scalar|
|C_26_4_val                         |   in|   32|     ap_none|          C_26_4_val|        scalar|
|C_26_5_val                         |   in|   32|     ap_none|          C_26_5_val|        scalar|
|C_26_6_val                         |   in|   32|     ap_none|          C_26_6_val|        scalar|
|C_26_7_val                         |   in|   32|     ap_none|          C_26_7_val|        scalar|
|C_26_8_val                         |   in|   32|     ap_none|          C_26_8_val|        scalar|
|C_26_9_val                         |   in|   32|     ap_none|          C_26_9_val|        scalar|
|C_26_10_val                        |   in|   32|     ap_none|         C_26_10_val|        scalar|
|C_26_11_val                        |   in|   32|     ap_none|         C_26_11_val|        scalar|
|C_27_0_val                         |   in|   32|     ap_none|          C_27_0_val|        scalar|
|C_27_1_val                         |   in|   32|     ap_none|          C_27_1_val|        scalar|
|C_27_2_val                         |   in|   32|     ap_none|          C_27_2_val|        scalar|
|C_27_3_val                         |   in|   32|     ap_none|          C_27_3_val|        scalar|
|C_27_4_val                         |   in|   32|     ap_none|          C_27_4_val|        scalar|
|C_27_5_val                         |   in|   32|     ap_none|          C_27_5_val|        scalar|
|C_27_6_val                         |   in|   32|     ap_none|          C_27_6_val|        scalar|
|C_27_7_val                         |   in|   32|     ap_none|          C_27_7_val|        scalar|
|C_27_8_val                         |   in|   32|     ap_none|          C_27_8_val|        scalar|
|C_27_9_val                         |   in|   32|     ap_none|          C_27_9_val|        scalar|
|C_27_10_val                        |   in|   32|     ap_none|         C_27_10_val|        scalar|
|C_27_11_val                        |   in|   32|     ap_none|         C_27_11_val|        scalar|
|C_28_0_val                         |   in|   32|     ap_none|          C_28_0_val|        scalar|
|C_28_1_val                         |   in|   32|     ap_none|          C_28_1_val|        scalar|
|C_28_2_val                         |   in|   32|     ap_none|          C_28_2_val|        scalar|
|C_28_3_val                         |   in|   32|     ap_none|          C_28_3_val|        scalar|
|C_28_4_val                         |   in|   32|     ap_none|          C_28_4_val|        scalar|
|C_28_5_val                         |   in|   32|     ap_none|          C_28_5_val|        scalar|
|C_28_6_val                         |   in|   32|     ap_none|          C_28_6_val|        scalar|
|C_28_7_val                         |   in|   32|     ap_none|          C_28_7_val|        scalar|
|C_28_8_val                         |   in|   32|     ap_none|          C_28_8_val|        scalar|
|C_28_9_val                         |   in|   32|     ap_none|          C_28_9_val|        scalar|
|C_28_10_val                        |   in|   32|     ap_none|         C_28_10_val|        scalar|
|C_28_11_val                        |   in|   32|     ap_none|         C_28_11_val|        scalar|
|C_29_0_val                         |   in|   32|     ap_none|          C_29_0_val|        scalar|
|C_29_1_val                         |   in|   32|     ap_none|          C_29_1_val|        scalar|
|C_29_2_val                         |   in|   32|     ap_none|          C_29_2_val|        scalar|
|C_29_3_val                         |   in|   32|     ap_none|          C_29_3_val|        scalar|
|C_29_4_val                         |   in|   32|     ap_none|          C_29_4_val|        scalar|
|C_29_5_val                         |   in|   32|     ap_none|          C_29_5_val|        scalar|
|C_29_6_val                         |   in|   32|     ap_none|          C_29_6_val|        scalar|
|C_29_7_val                         |   in|   32|     ap_none|          C_29_7_val|        scalar|
|C_29_8_val                         |   in|   32|     ap_none|          C_29_8_val|        scalar|
|C_29_9_val                         |   in|   32|     ap_none|          C_29_9_val|        scalar|
|C_29_10_val                        |   in|   32|     ap_none|         C_29_10_val|        scalar|
|C_29_11_val                        |   in|   32|     ap_none|         C_29_11_val|        scalar|
|C_30_0_val                         |   in|   32|     ap_none|          C_30_0_val|        scalar|
|C_30_1_val                         |   in|   32|     ap_none|          C_30_1_val|        scalar|
|C_30_2_val                         |   in|   32|     ap_none|          C_30_2_val|        scalar|
|C_30_3_val                         |   in|   32|     ap_none|          C_30_3_val|        scalar|
|C_30_4_val                         |   in|   32|     ap_none|          C_30_4_val|        scalar|
|C_30_5_val                         |   in|   32|     ap_none|          C_30_5_val|        scalar|
|C_30_6_val                         |   in|   32|     ap_none|          C_30_6_val|        scalar|
|C_30_7_val                         |   in|   32|     ap_none|          C_30_7_val|        scalar|
|C_30_8_val                         |   in|   32|     ap_none|          C_30_8_val|        scalar|
|C_30_9_val                         |   in|   32|     ap_none|          C_30_9_val|        scalar|
|C_30_10_val                        |   in|   32|     ap_none|         C_30_10_val|        scalar|
|C_30_11_val                        |   in|   32|     ap_none|         C_30_11_val|        scalar|
|C_31_0_val                         |   in|   32|     ap_none|          C_31_0_val|        scalar|
|C_31_1_val                         |   in|   32|     ap_none|          C_31_1_val|        scalar|
|C_31_2_val                         |   in|   32|     ap_none|          C_31_2_val|        scalar|
|C_31_3_val                         |   in|   32|     ap_none|          C_31_3_val|        scalar|
|C_31_4_val                         |   in|   32|     ap_none|          C_31_4_val|        scalar|
|C_31_5_val                         |   in|   32|     ap_none|          C_31_5_val|        scalar|
|C_31_6_val                         |   in|   32|     ap_none|          C_31_6_val|        scalar|
|C_31_7_val                         |   in|   32|     ap_none|          C_31_7_val|        scalar|
|C_31_8_val                         |   in|   32|     ap_none|          C_31_8_val|        scalar|
|C_31_9_val                         |   in|   32|     ap_none|          C_31_9_val|        scalar|
|C_31_10_val                        |   in|   32|     ap_none|         C_31_10_val|        scalar|
|C_31_11_val                        |   in|   32|     ap_none|         C_31_11_val|        scalar|
|C_32_0_val                         |   in|   32|     ap_none|          C_32_0_val|        scalar|
|C_32_1_val                         |   in|   32|     ap_none|          C_32_1_val|        scalar|
|C_32_2_val                         |   in|   32|     ap_none|          C_32_2_val|        scalar|
|C_32_3_val                         |   in|   32|     ap_none|          C_32_3_val|        scalar|
|C_32_4_val                         |   in|   32|     ap_none|          C_32_4_val|        scalar|
|C_32_5_val                         |   in|   32|     ap_none|          C_32_5_val|        scalar|
|C_32_6_val                         |   in|   32|     ap_none|          C_32_6_val|        scalar|
|C_32_7_val                         |   in|   32|     ap_none|          C_32_7_val|        scalar|
|C_32_8_val                         |   in|   32|     ap_none|          C_32_8_val|        scalar|
|C_32_9_val                         |   in|   32|     ap_none|          C_32_9_val|        scalar|
|C_32_10_val                        |   in|   32|     ap_none|         C_32_10_val|        scalar|
|C_32_11_val                        |   in|   32|     ap_none|         C_32_11_val|        scalar|
|C_33_0_val                         |   in|   32|     ap_none|          C_33_0_val|        scalar|
|C_33_1_val                         |   in|   32|     ap_none|          C_33_1_val|        scalar|
|C_33_2_val                         |   in|   32|     ap_none|          C_33_2_val|        scalar|
|C_33_3_val                         |   in|   32|     ap_none|          C_33_3_val|        scalar|
|C_33_4_val                         |   in|   32|     ap_none|          C_33_4_val|        scalar|
|C_33_5_val                         |   in|   32|     ap_none|          C_33_5_val|        scalar|
|C_33_6_val                         |   in|   32|     ap_none|          C_33_6_val|        scalar|
|C_33_7_val                         |   in|   32|     ap_none|          C_33_7_val|        scalar|
|C_33_8_val                         |   in|   32|     ap_none|          C_33_8_val|        scalar|
|C_33_9_val                         |   in|   32|     ap_none|          C_33_9_val|        scalar|
|C_33_10_val                        |   in|   32|     ap_none|         C_33_10_val|        scalar|
|C_33_11_val                        |   in|   32|     ap_none|         C_33_11_val|        scalar|
|C_34_0_val                         |   in|   32|     ap_none|          C_34_0_val|        scalar|
|C_34_1_val                         |   in|   32|     ap_none|          C_34_1_val|        scalar|
|C_34_2_val                         |   in|   32|     ap_none|          C_34_2_val|        scalar|
|C_34_3_val                         |   in|   32|     ap_none|          C_34_3_val|        scalar|
|C_34_4_val                         |   in|   32|     ap_none|          C_34_4_val|        scalar|
|C_34_5_val                         |   in|   32|     ap_none|          C_34_5_val|        scalar|
|C_34_6_val                         |   in|   32|     ap_none|          C_34_6_val|        scalar|
|C_34_7_val                         |   in|   32|     ap_none|          C_34_7_val|        scalar|
|C_34_8_val                         |   in|   32|     ap_none|          C_34_8_val|        scalar|
|C_34_9_val                         |   in|   32|     ap_none|          C_34_9_val|        scalar|
|C_34_10_val                        |   in|   32|     ap_none|         C_34_10_val|        scalar|
|C_34_11_val                        |   in|   32|     ap_none|         C_34_11_val|        scalar|
|C_35_0_val                         |   in|   32|     ap_none|          C_35_0_val|        scalar|
|C_35_1_val                         |   in|   32|     ap_none|          C_35_1_val|        scalar|
|C_35_2_val                         |   in|   32|     ap_none|          C_35_2_val|        scalar|
|C_35_3_val                         |   in|   32|     ap_none|          C_35_3_val|        scalar|
|C_35_4_val                         |   in|   32|     ap_none|          C_35_4_val|        scalar|
|C_35_5_val                         |   in|   32|     ap_none|          C_35_5_val|        scalar|
|C_35_6_val                         |   in|   32|     ap_none|          C_35_6_val|        scalar|
|C_35_7_val                         |   in|   32|     ap_none|          C_35_7_val|        scalar|
|C_35_8_val                         |   in|   32|     ap_none|          C_35_8_val|        scalar|
|C_35_9_val                         |   in|   32|     ap_none|          C_35_9_val|        scalar|
|C_35_10_val                        |   in|   32|     ap_none|         C_35_10_val|        scalar|
|C_35_11_val                        |   in|   32|     ap_none|         C_35_11_val|        scalar|
|C_36_0_val                         |   in|   32|     ap_none|          C_36_0_val|        scalar|
|C_36_1_val                         |   in|   32|     ap_none|          C_36_1_val|        scalar|
|C_36_2_val                         |   in|   32|     ap_none|          C_36_2_val|        scalar|
|C_36_3_val                         |   in|   32|     ap_none|          C_36_3_val|        scalar|
|C_36_4_val                         |   in|   32|     ap_none|          C_36_4_val|        scalar|
|C_36_5_val                         |   in|   32|     ap_none|          C_36_5_val|        scalar|
|C_36_6_val                         |   in|   32|     ap_none|          C_36_6_val|        scalar|
|C_36_7_val                         |   in|   32|     ap_none|          C_36_7_val|        scalar|
|C_36_8_val                         |   in|   32|     ap_none|          C_36_8_val|        scalar|
|C_36_9_val                         |   in|   32|     ap_none|          C_36_9_val|        scalar|
|C_36_10_val                        |   in|   32|     ap_none|         C_36_10_val|        scalar|
|C_36_11_val                        |   in|   32|     ap_none|         C_36_11_val|        scalar|
|C_37_0_val                         |   in|   32|     ap_none|          C_37_0_val|        scalar|
|C_37_1_val                         |   in|   32|     ap_none|          C_37_1_val|        scalar|
|C_37_2_val                         |   in|   32|     ap_none|          C_37_2_val|        scalar|
|C_37_3_val                         |   in|   32|     ap_none|          C_37_3_val|        scalar|
|C_37_4_val                         |   in|   32|     ap_none|          C_37_4_val|        scalar|
|C_37_5_val                         |   in|   32|     ap_none|          C_37_5_val|        scalar|
|C_37_6_val                         |   in|   32|     ap_none|          C_37_6_val|        scalar|
|C_37_7_val                         |   in|   32|     ap_none|          C_37_7_val|        scalar|
|C_37_8_val                         |   in|   32|     ap_none|          C_37_8_val|        scalar|
|C_37_9_val                         |   in|   32|     ap_none|          C_37_9_val|        scalar|
|C_37_10_val                        |   in|   32|     ap_none|         C_37_10_val|        scalar|
|C_37_11_val                        |   in|   32|     ap_none|         C_37_11_val|        scalar|
|C_38_0_val                         |   in|   32|     ap_none|          C_38_0_val|        scalar|
|C_38_1_val                         |   in|   32|     ap_none|          C_38_1_val|        scalar|
|C_38_2_val                         |   in|   32|     ap_none|          C_38_2_val|        scalar|
|C_38_3_val                         |   in|   32|     ap_none|          C_38_3_val|        scalar|
|C_38_4_val                         |   in|   32|     ap_none|          C_38_4_val|        scalar|
|C_38_5_val                         |   in|   32|     ap_none|          C_38_5_val|        scalar|
|C_38_6_val                         |   in|   32|     ap_none|          C_38_6_val|        scalar|
|C_38_7_val                         |   in|   32|     ap_none|          C_38_7_val|        scalar|
|C_38_8_val                         |   in|   32|     ap_none|          C_38_8_val|        scalar|
|C_38_9_val                         |   in|   32|     ap_none|          C_38_9_val|        scalar|
|C_38_10_val                        |   in|   32|     ap_none|         C_38_10_val|        scalar|
|C_38_11_val                        |   in|   32|     ap_none|         C_38_11_val|        scalar|
|C_39_0_val                         |   in|   32|     ap_none|          C_39_0_val|        scalar|
|C_39_1_val                         |   in|   32|     ap_none|          C_39_1_val|        scalar|
|C_39_2_val                         |   in|   32|     ap_none|          C_39_2_val|        scalar|
|C_39_3_val                         |   in|   32|     ap_none|          C_39_3_val|        scalar|
|C_39_4_val                         |   in|   32|     ap_none|          C_39_4_val|        scalar|
|C_39_5_val                         |   in|   32|     ap_none|          C_39_5_val|        scalar|
|C_39_6_val                         |   in|   32|     ap_none|          C_39_6_val|        scalar|
|C_39_7_val                         |   in|   32|     ap_none|          C_39_7_val|        scalar|
|C_39_8_val                         |   in|   32|     ap_none|          C_39_8_val|        scalar|
|C_39_9_val                         |   in|   32|     ap_none|          C_39_9_val|        scalar|
|C_39_10_val                        |   in|   32|     ap_none|         C_39_10_val|        scalar|
|C_39_11_val                        |   in|   32|     ap_none|         C_39_11_val|        scalar|
+-----------------------------------+-----+-----+------------+--------------------+--------------+

